#
# A fatal error has been detected by the Java Runtime Environment:
#
#  SIGSEGV (0xb) at pc=0x00007f236bdfda6f, pid=4364, tid=139790492976896
#
# JRE version: OpenJDK Runtime Environment (7.0_51) (build 1.7.0_51-b00)
# Java VM: OpenJDK 64-Bit Server VM (24.45-b08 mixed mode linux-amd64 compressed oops)
# Problematic frame:
# C  [libconvex_hull.so+0xa6f]  adentro+0xda
#
# Failed to write core dump. Core dumps have been disabled. To enable core dumping, try "ulimit -c unlimited" before starting Java again
#
# If you would like to submit a bug report, please include
# instructions on how to reproduce the bug and visit:
#   http://icedtea.classpath.org/bugzilla
# The crash happened outside the Java Virtual Machine in native code.
# See problematic frame for where to report the bug.
#

---------------  T H R E A D  ---------------

Current thread (0x00007f237c00a800):  JavaThread "main" [_thread_in_native, id=4389, stack(0x00007f23828d4000,0x00007f2382ad5000)]

siginfo:si_signo=SIGSEGV: si_errno=0, si_code=1 (SEGV_MAPERR), si_addr=0x0000000000000000

Registers:
RAX=0x0000000000000000, RBX=0x00000000d79ca640, RCX=0x0000000000000007, RDX=0x0000000000000005
RSP=0x00007f2382ad1c00, RBP=0x00007f2382ad1c50, RSI=0x00000000fffffffd, RDI=0x00007f237c479e00
R8 =0x00000000ffffffff, R9 =0x0000000000000000, R10=0x0000000000000022, R11=0x0000000000000000
R12=0x0000000000000000, R13=0x00000000d79ca640, R14=0x00007f2382ad1da0, R15=0x00007f237c00a800
RIP=0x00007f236bdfda6f, EFLAGS=0x0000000000010213, CSGSFS=0x0000000000000033, ERR=0x0000000000000004
  TRAPNO=0x000000000000000e

Top of Stack: (sp=0x00007f2382ad1c00)
0x00007f2382ad1c00:   00007f237c4798b0 00007f237c44c150
0x00007f2382ad1c10:   00007f237c44c150 0000000300000001
0x00007f2382ad1c20:   00007f237c486690 00007f237c479e20
0x00007f2382ad1c30:   00007f237c479e20 0000000000000000
0x00007f2382ad1c40:   00007f237c479850 00007f237c479e00
0x00007f2382ad1c50:   00007f2382ad1cb0 00007f236bdfe083
0x00007f2382ad1c60:   00007f2382ad1ce8 00007f237c479d50
0x00007f2382ad1c70:   00000000f79e5ac0 00000000f6626290
0x00007f2382ad1c80:   00007f237c44c150 00007f237c440150
0x00007f2382ad1c90:   00007f237c480cd0 00007f237c479e00
0x00007f2382ad1ca0:   00007f237c479e20 00007f237c4798b0
0x00007f2382ad1cb0:   00007f237c428c10 00007f2370dbdcd9
0x00007f2382ad1cc0:   00000000d6be4180 00000000d79ca640
0x00007f2382ad1cd0:   00007f2382ad1d58 00007f2379012738
0x00007f2382ad1ce0:   00007f2382ad1d08 00007f2382ad1d78
0x00007f2382ad1cf0:   00007f2379006233 00000000f6488800
0x00007f2382ad1d00:   00000000f61e65c0 00000000f79e5ac0
0x00007f2382ad1d10:   00000000f6626290 00007f2382ad1d18
0x00007f2382ad1d20:   0000000000000000 00007f2382ad1da0
0x00007f2382ad1d30:   00000000d79d2b68 0000000000000000
0x00007f2382ad1d40:   00000000d79ca640 0000000000000000
0x00007f2382ad1d50:   00007f2382ad1d78 00007f2382ad1de8
0x00007f2382ad1d60:   00007f2379006175 00000000e10c4548
0x00007f2382ad1d70:   00007f237900ecd7 00007f237c479d50
0x00007f2382ad1d80:   00007f2379006233 00007f236bdfdfb0
0x00007f2382ad1d90:   00007f2382ad1df0 00007f237c428c10
0x00007f2382ad1da0:   00007f2379006233 00007f2382ad1da8
0x00007f2382ad1db0:   00000000d7ac74a7 00007f2382ad1e20
0x00007f2382ad1dc0:   00000000d7ad3700 0000000000000000
0x00007f2382ad1dd0:   00000000d7ac74e8 00007f2382ad1d78
0x00007f2382ad1de0:   00007f2382ad1df8 00007f2382ad1e70
0x00007f2382ad1df0:   00007f2379006175 00007f237c479d50 

Instructions: (pc=0x00007f236bdfda6f)
0x00007f236bdfda4f:   10 48 89 45 d0 48 8b 45 d0 48 8b 40 10 48 89 45
0x00007f236bdfda5f:   e8 48 8b 45 d0 48 8b 00 48 89 45 d8 48 8b 45 e8
0x00007f236bdfda6f:   48 8b 00 48 89 45 e0 83 45 cc 01 48 8b 45 b8 8b
0x00007f236bdfda7f:   40 10 3b 45 cc 7f 98 e9 cc 00 00 00 c7 45 cc 01 

Register to memory mapping:

RAX=0x0000000000000000 is an unknown value
RBX=0x00000000d79ca640 is an oop
{method} 
 - klass: {other class}
RCX=0x0000000000000007 is an unknown value
RDX=0x0000000000000005 is an unknown value
RSP=0x00007f2382ad1c00 is pointing into the stack for thread: 0x00007f237c00a800
RBP=0x00007f2382ad1c50 is pointing into the stack for thread: 0x00007f237c00a800
RSI=0x00000000fffffffd is an unallocated location in the heap
RDI=0x00007f237c479e00 is an unknown value
R8 =0x00000000ffffffff is an unallocated location in the heap
R9 =0x0000000000000000 is an unknown value
R10=0x0000000000000022 is an unknown value
R11=0x0000000000000000 is an unknown value
R12=0x0000000000000000 is an unknown value
R13=0x00000000d79ca640 is an oop
{method} 
 - klass: {other class}
R14=0x00007f2382ad1da0 is pointing into the stack for thread: 0x00007f237c00a800
R15=0x00007f237c00a800 is a thread


Stack: [0x00007f23828d4000,0x00007f2382ad5000],  sp=0x00007f2382ad1c00,  free space=2039k
Native frames: (J=compiled Java code, j=interpreted, Vv=VM code, C=native code)
C  [libconvex_hull.so+0xa6f]  adentro+0xda
C  [libconvex_hull.so+0x1083]  convex_hull+0xd3

Java frames: (J=compiled Java code, j=interpreted, Vv=VM code)
j  com.kenai.jffi.Foreign.invokeL1(JJJ)J+0
j  com.kenai.jffi.Invoker.invokeL1(Lcom/kenai/jffi/CallContext;JJ)J+7
j  org.jruby.ext.ffi.jffi.NativeInvoker$ffi$1.call(Lorg/jruby/runtime/ThreadContext;Lorg/jruby/runtime/builtin/IRubyObject;Lorg/jruby/RubyModule;Ljava/lang/String;Lorg/jruby/runtime/builtin/IRubyObject;)Lorg/jruby/runtime/builtin/IRubyObject;+76
j  org.jruby.ext.ffi.jffi.JITNativeInvoker.call(Lorg/jruby/runtime/ThreadContext;Lorg/jruby/runtime/builtin/IRubyObject;Lorg/jruby/RubyModule;Ljava/lang/String;[Lorg/jruby/runtime/builtin/IRubyObject;)Lorg/jruby/runtime/builtin/IRubyObject;+92
j  org.jruby.ext.ffi.jffi.NativeInvoker.call(Lorg/jruby/runtime/ThreadContext;Lorg/jruby/runtime/builtin/IRubyObject;Lorg/jruby/RubyModule;Ljava/lang/String;[Lorg/jruby/runtime/builtin/IRubyObject;Lorg/jruby/runtime/Block;)Lorg/jruby/runtime/builtin/IRubyObject;+36
j  org.jruby.ext.ffi.jffi.DefaultMethod.call(Lorg/jruby/runtime/ThreadContext;Lorg/jruby/runtime/builtin/IRubyObject;Lorg/jruby/RubyModule;Ljava/lang/String;[Lorg/jruby/runtime/builtin/IRubyObject;Lorg/jruby/runtime/Block;)Lorg/jruby/runtime/builtin/IRubyObject;+13
j  org.jruby.internal.runtime.methods.DynamicMethod.call(Lorg/jruby/runtime/ThreadContext;Lorg/jruby/runtime/builtin/IRubyObject;Lorg/jruby/RubyModule;Ljava/lang/String;Lorg/jruby/runtime/builtin/IRubyObject;Lorg/jruby/runtime/Block;)Lorg/jruby/runtime/builtin/IRubyObject;+17
j  org.jruby.internal.runtime.methods.DynamicMethod.call(Lorg/jruby/runtime/ThreadContext;Lorg/jruby/runtime/builtin/IRubyObject;Lorg/jruby/RubyModule;Ljava/lang/String;Lorg/jruby/runtime/builtin/IRubyObject;)Lorg/jruby/runtime/builtin/IRubyObject;+11
j  org.jruby.runtime.callsite.CachingCallSite.cacheAndCall(Lorg/jruby/runtime/builtin/IRubyObject;Lorg/jruby/RubyClass;Lorg/jruby/runtime/ThreadContext;Lorg/jruby/runtime/builtin/IRubyObject;Lorg/jruby/runtime/builtin/IRubyObject;)Lorg/jruby/runtime/builtin/IRubyObject;+57
J  org.jruby.runtime.callsite.CachingCallSite.call(Lorg/jruby/runtime/ThreadContext;Lorg/jruby/runtime/builtin/IRubyObject;Lorg/jruby/runtime/builtin/IRubyObject;Lorg/jruby/runtime/builtin/IRubyObject;)Lorg/jruby/runtime/builtin/IRubyObject;
j  org.jruby.ast.CallOneArgNode.interpret(Lorg/jruby/Ruby;Lorg/jruby/runtime/ThreadContext;Lorg/jruby/runtime/builtin/IRubyObject;Lorg/jruby/runtime/Block;)Lorg/jruby/runtime/builtin/IRubyObject;+30
j  org.jruby.ast.LocalAsgnNode.interpret(Lorg/jruby/Ruby;Lorg/jruby/runtime/ThreadContext;Lorg/jruby/runtime/builtin/IRubyObject;Lorg/jruby/runtime/Block;)Lorg/jruby/runtime/builtin/IRubyObject;+30
J  org.jruby.ast.BlockNode.interpret(Lorg/jruby/Ruby;Lorg/jruby/runtime/ThreadContext;Lorg/jruby/runtime/builtin/IRubyObject;Lorg/jruby/runtime/Block;)Lorg/jruby/runtime/builtin/IRubyObject;
j  org.jruby.evaluator.ASTInterpreter.INTERPRET_METHOD(Lorg/jruby/Ruby;Lorg/jruby/runtime/ThreadContext;Ljava/lang/String;ILorg/jruby/RubyModule;Lorg/jruby/ast/Node;Ljava/lang/String;Lorg/jruby/runtime/builtin/IRubyObject;Lorg/jruby/runtime/Block;Z)Lorg/jruby/runtime/builtin/IRubyObject;+30
j  org.jruby.internal.runtime.methods.InterpretedMethod.call(Lorg/jruby/runtime/ThreadContext;Lorg/jruby/runtime/builtin/IRubyObject;Lorg/jruby/RubyModule;Ljava/lang/String;)Lorg/jruby/runtime/builtin/IRubyObject;+80
j  org.jruby.internal.runtime.methods.DefaultMethod.call(Lorg/jruby/runtime/ThreadContext;Lorg/jruby/runtime/builtin/IRubyObject;Lorg/jruby/RubyModule;Ljava/lang/String;)Lorg/jruby/runtime/builtin/IRubyObject;+20
j  org.jruby.runtime.callsite.CachingCallSite.cacheAndCall(Lorg/jruby/runtime/builtin/IRubyObject;Lorg/jruby/RubyClass;Lorg/jruby/runtime/ThreadContext;Lorg/jruby/runtime/builtin/IRubyObject;)Lorg/jruby/runtime/builtin/IRubyObject;+53
j  org.jruby.runtime.callsite.CachingCallSite.call(Lorg/jruby/runtime/ThreadContext;Lorg/jruby/runtime/builtin/IRubyObject;Lorg/jruby/runtime/builtin/IRubyObject;)Lorg/jruby/runtime/builtin/IRubyObject;+46
j  org.jruby.ast.CallNoArgNode.interpret(Lorg/jruby/Ruby;Lorg/jruby/runtime/ThreadContext;Lorg/jruby/runtime/builtin/IRubyObject;Lorg/jruby/runtime/Block;)Lorg/jruby/runtime/builtin/IRubyObject;+18
j  org.jruby.ast.FCallTwoArgNode.interpret(Lorg/jruby/Ruby;Lorg/jruby/runtime/ThreadContext;Lorg/jruby/runtime/builtin/IRubyObject;Lorg/jruby/runtime/Block;)Lorg/jruby/runtime/builtin/IRubyObject;+28
J  org.jruby.ast.BlockNode.interpret(Lorg/jruby/Ruby;Lorg/jruby/runtime/ThreadContext;Lorg/jruby/runtime/builtin/IRubyObject;Lorg/jruby/runtime/Block;)Lorg/jruby/runtime/builtin/IRubyObject;
j  org.jruby.evaluator.ASTInterpreter.INTERPRET_METHOD(Lorg/jruby/Ruby;Lorg/jruby/runtime/ThreadContext;Ljava/lang/String;ILorg/jruby/RubyModule;Lorg/jruby/ast/Node;Ljava/lang/String;Lorg/jruby/runtime/builtin/IRubyObject;Lorg/jruby/runtime/Block;Z)Lorg/jruby/runtime/builtin/IRubyObject;+30
j  org.jruby.internal.runtime.methods.InterpretedMethod.call(Lorg/jruby/runtime/ThreadContext;Lorg/jruby/runtime/builtin/IRubyObject;Lorg/jruby/RubyModule;Ljava/lang/String;)Lorg/jruby/runtime/builtin/IRubyObject;+80
j  org.jruby.internal.runtime.methods.DefaultMethod.call(Lorg/jruby/runtime/ThreadContext;Lorg/jruby/runtime/builtin/IRubyObject;Lorg/jruby/RubyModule;Ljava/lang/String;)Lorg/jruby/runtime/builtin/IRubyObject;+20
j  org.jruby.runtime.callsite.CachingCallSite.cacheAndCall(Lorg/jruby/runtime/builtin/IRubyObject;Lorg/jruby/RubyClass;Lorg/jruby/runtime/ThreadContext;Lorg/jruby/runtime/builtin/IRubyObject;)Lorg/jruby/runtime/builtin/IRubyObject;+53
j  org.jruby.runtime.callsite.CachingCallSite.call(Lorg/jruby/runtime/ThreadContext;Lorg/jruby/runtime/builtin/IRubyObject;Lorg/jruby/runtime/builtin/IRubyObject;)Lorg/jruby/runtime/builtin/IRubyObject;+46
j  Makefile.method__2$RUBY$test(LMakefile;Lorg/jruby/runtime/ThreadContext;Lorg/jruby/runtime/builtin/IRubyObject;Lorg/jruby/runtime/Block;)Lorg/jruby/runtime/builtin/IRubyObject;+130
j  Makefile$method__2$RUBY$test.call(Lorg/jruby/runtime/ThreadContext;Lorg/jruby/runtime/builtin/IRubyObject;Lorg/jruby/RubyModule;Ljava/lang/String;Lorg/jruby/runtime/Block;)Lorg/jruby/runtime/builtin/IRubyObject;+17
j  org.jruby.RubyClass.finvoke(Lorg/jruby/runtime/ThreadContext;Lorg/jruby/runtime/builtin/IRubyObject;Ljava/lang/String;Lorg/jruby/runtime/Block;)Lorg/jruby/runtime/builtin/IRubyObject;+41
j  org.jruby.RubyBasicObject.send19(Lorg/jruby/runtime/ThreadContext;Lorg/jruby/runtime/builtin/IRubyObject;Lorg/jruby/runtime/Block;)Lorg/jruby/runtime/builtin/IRubyObject;+15
j  org.jruby.RubyKernel.send19(Lorg/jruby/runtime/ThreadContext;Lorg/jruby/runtime/builtin/IRubyObject;Lorg/jruby/runtime/builtin/IRubyObject;Lorg/jruby/runtime/Block;)Lorg/jruby/runtime/builtin/IRubyObject;+7
j  org.jruby.RubyKernel$INVOKER$s$send19.call(Lorg/jruby/runtime/ThreadContext;Lorg/jruby/runtime/builtin/IRubyObject;Lorg/jruby/RubyModule;Ljava/lang/String;Lorg/jruby/runtime/builtin/IRubyObject;Lorg/jruby/runtime/Block;)Lorg/jruby/runtime/builtin/IRubyObject;+6
j  org.jruby.internal.runtime.methods.JavaMethod$JavaMethodOneOrNBlock.call(Lorg/jruby/runtime/ThreadContext;Lorg/jruby/runtime/builtin/IRubyObject;Lorg/jruby/RubyModule;Ljava/lang/String;Lorg/jruby/runtime/builtin/IRubyObject;)Lorg/jruby/runtime/builtin/IRubyObject;+11
j  org.jruby.runtime.callsite.CachingCallSite.call(Lorg/jruby/runtime/ThreadContext;Lorg/jruby/runtime/builtin/IRubyObject;Lorg/jruby/runtime/builtin/IRubyObject;Lorg/jruby/runtime/builtin/IRubyObject;)Lorg/jruby/runtime/builtin/IRubyObject;+38
j  Makefile.block_6$RUBY$__file__(LMakefile;Lorg/jruby/runtime/ThreadContext;Lorg/jruby/runtime/builtin/IRubyObject;[Lorg/jruby/runtime/builtin/IRubyObject;Lorg/jruby/runtime/Block;)Lorg/jruby/runtime/builtin/IRubyObject;+46
j  Makefile$block_6$RUBY$__file__.call(Lorg/jruby/runtime/ThreadContext;Lorg/jruby/runtime/builtin/IRubyObject;[Lorg/jruby/runtime/builtin/IRubyObject;Lorg/jruby/runtime/Block;)Lorg/jruby/runtime/builtin/IRubyObject;+9
j  org.jruby.runtime.CompiledBlock19.yield(Lorg/jruby/runtime/ThreadContext;Lorg/jruby/runtime/builtin/IRubyObject;Lorg/jruby/runtime/Binding;Lorg/jruby/runtime/Block$Type;)Lorg/jruby/runtime/builtin/IRubyObject;+52
j  org.jruby.runtime.Block.yield(Lorg/jruby/runtime/ThreadContext;Lorg/jruby/runtime/builtin/IRubyObject;)Lorg/jruby/runtime/builtin/IRubyObject;+14
j  org.jruby.RubyArray.eachCommon(Lorg/jruby/runtime/ThreadContext;Lorg/jruby/runtime/Block;)Lorg/jruby/runtime/builtin/IRubyObject;+41
j  org.jruby.RubyArray.each(Lorg/jruby/runtime/ThreadContext;Lorg/jruby/runtime/Block;)Lorg/jruby/runtime/builtin/IRubyObject;+10
j  org.jruby.RubyArray$INVOKER$i$0$0$each.call(Lorg/jruby/runtime/ThreadContext;Lorg/jruby/runtime/builtin/IRubyObject;Lorg/jruby/RubyModule;Ljava/lang/String;Lorg/jruby/runtime/Block;)Lorg/jruby/runtime/builtin/IRubyObject;+7
j  org.jruby.runtime.callsite.CachingCallSite.cacheAndCall(Lorg/jruby/runtime/builtin/IRubyObject;Lorg/jruby/RubyClass;Lorg/jruby/runtime/Block;Lorg/jruby/runtime/ThreadContext;Lorg/jruby/runtime/builtin/IRubyObject;)Lorg/jruby/runtime/builtin/IRubyObject;+57
j  org.jruby.runtime.callsite.CachingCallSite.callBlock(Lorg/jruby/runtime/ThreadContext;Lorg/jruby/runtime/builtin/IRubyObject;Lorg/jruby/runtime/builtin/IRubyObject;Lorg/jruby/runtime/Block;)Lorg/jruby/runtime/builtin/IRubyObject;+50
j  org.jruby.runtime.callsite.CachingCallSite.callIter(Lorg/jruby/runtime/ThreadContext;Lorg/jruby/runtime/builtin/IRubyObject;Lorg/jruby/runtime/builtin/IRubyObject;Lorg/jruby/runtime/Block;)Lorg/jruby/runtime/builtin/IRubyObject;+6
j  Makefile.__file__(LMakefile;Lorg/jruby/runtime/ThreadContext;Lorg/jruby/runtime/builtin/IRubyObject;[Lorg/jruby/runtime/builtin/IRubyObject;Lorg/jruby/runtime/Block;)Lorg/jruby/runtime/builtin/IRubyObject;+859
j  Makefile.load(Lorg/jruby/runtime/ThreadContext;Lorg/jruby/runtime/builtin/IRubyObject;Z)Lorg/jruby/runtime/builtin/IRubyObject;+22
j  org.jruby.Ruby.runScript(Lorg/jruby/ast/executable/Script;Z)Lorg/jruby/runtime/builtin/IRubyObject;+12
j  org.jruby.Ruby.runScript(Lorg/jruby/ast/executable/Script;)Lorg/jruby/runtime/builtin/IRubyObject;+3
j  org.jruby.Ruby.runNormally(Lorg/jruby/ast/Node;)Lorg/jruby/runtime/builtin/IRubyObject;+73
j  org.jruby.Ruby.runFromMain(Ljava/io/InputStream;Ljava/lang/String;)V+320
j  org.jruby.Main.doRunFromMain(Lorg/jruby/Ruby;Ljava/io/InputStream;Ljava/lang/String;)Lorg/jruby/Main$Status;+12
j  org.jruby.Main.internalRun()Lorg/jruby/Main$Status;+234
j  org.jruby.Main.run([Ljava/lang/String;)Lorg/jruby/Main$Status;+9
j  org.jruby.Main.main([Ljava/lang/String;)V+35
v  ~StubRoutines::call_stub

---------------  P R O C E S S  ---------------

Java Threads: ( => current thread )
  0x00007f237c458000 JavaThread "JRubyJIT-2" daemon [_thread_blocked, id=4472, stack(0x00007f23709b4000,0x00007f2370bb5000)]
  0x00007f237c456800 JavaThread "process reaper" daemon [_thread_blocked, id=4405, stack(0x00007f23800be000,0x00007f23800f7000)]
  0x00007f237c43e800 JavaThread "JRubyJIT-1" daemon [_thread_blocked, id=4402, stack(0x00007f2370bb5000,0x00007f2370db6000)]
  0x00007f237c0ad000 JavaThread "Service Thread" daemon [_thread_blocked, id=4400, stack(0x00007f237282e000,0x00007f2372a2f000)]
  0x00007f237c0aa800 JavaThread "C2 CompilerThread1" daemon [_thread_in_native, id=4399, stack(0x00007f2372a2f000,0x00007f2372b30000)]
  0x00007f237c0a7800 JavaThread "C2 CompilerThread0" daemon [_thread_in_native, id=4398, stack(0x00007f23780fe000,0x00007f23781ff000)]
  0x00007f237c0a5800 JavaThread "Signal Dispatcher" daemon [_thread_blocked, id=4397, stack(0x00007f23781ff000,0x00007f2378400000)]
  0x00007f237c082800 JavaThread "Finalizer" daemon [_thread_blocked, id=4396, stack(0x00007f23787fa000,0x00007f23789fb000)]
  0x00007f237c080800 JavaThread "Reference Handler" daemon [_thread_blocked, id=4395, stack(0x00007f23789fb000,0x00007f2378bfc000)]
=>0x00007f237c00a800 JavaThread "main" [_thread_in_native, id=4389, stack(0x00007f23828d4000,0x00007f2382ad5000)]

Other Threads:
  0x00007f237c07c800 VMThread [stack: 0x00007f2378bfc000,0x00007f2378cfd000] [id=4394]
  0x00007f237c0b7800 WatcherThread [stack: 0x00007f237272d000,0x00007f237282e000] [id=4401]

VM state:not at safepoint (normal execution)

VM Mutex/Monitor currently owned by a thread: None

Heap
 PSYoungGen      total 33280K, used 16146K [0x00000000f5900000, 0x00000000f7c00000, 0x0000000100000000)
  eden space 30720K, 44% used [0x00000000f5900000,0x00000000f66473b8,0x00000000f7700000)
  from space 2560K, 99% used [0x00000000f7980000,0x00000000f7bfd528,0x00000000f7c00000)
  to   space 2560K, 0% used [0x00000000f7700000,0x00000000f7700000,0x00000000f7980000)
 ParOldGen       total 39936K, used 5201K [0x00000000e0c00000, 0x00000000e3300000, 0x00000000f5900000)
  object space 39936K, 13% used [0x00000000e0c00000,0x00000000e1114430,0x00000000e3300000)
 PSPermGen       total 25600K, used 25433K [0x00000000d6600000, 0x00000000d7f00000, 0x00000000e0c00000)
  object space 25600K, 99% used [0x00000000d6600000,0x00000000d7ed6478,0x00000000d7f00000)

Card table byte_map: [0x00007f23816fa000,0x00007f2381848000] byte_map_base: 0x00007f2381047000

Polling page: 0x00007f2384ee2000

Code Cache  [0x00007f2379000000, 0x00007f2379270000, 0x00007f237c000000)
 total_blobs=836 nmethods=357 adapters=433 free_code_cache=47555Kb largest_free_block=48662912

Compilation events (10 events):
Event: 3,407 Thread 0x00007f237c0aa800  357             org.jruby.RubyBasicObject::isNil (15 bytes)
Event: 3,407 Thread 0x00007f237c0aa800 nmethod 357 0x00007f237918a250 code [0x00007f237918a380, 0x00007f237918a3d8]
Event: 3,408 Thread 0x00007f237c0a7800  358             org.jruby.ast.ArgsNode::getBlock (5 bytes)
Event: 3,409 Thread 0x00007f237c0a7800 nmethod 358 0x00007f237918a050 code [0x00007f237918a180, 0x00007f237918a1d8]
Event: 3,412 Thread 0x00007f237c0aa800  359             org.jruby.runtime.ThreadContext::pollThreadEvents (9 bytes)
Event: 3,414 Thread 0x00007f237c0a7800  360             org.jruby.ext.ffi.MemoryIO::address (5 bytes)
Event: 3,414 Thread 0x00007f237c0a7800 nmethod 360 0x00007f2379189e50 code [0x00007f2379189f80, 0x00007f2379189fd8]
Event: 3,414 Thread 0x00007f237c0a7800  361             org.jruby.ext.ffi.jffi.DataConverters$MappedDataConverter::toNative (10 bytes)
Event: 3,415 Thread 0x00007f237c0aa800 nmethod 359 0x00007f2379189ad0 code [0x00007f2379189c20, 0x00007f2379189d18]
Event: 3,415 Thread 0x00007f237c0aa800  362             org.jruby.ext.ffi.MappedType::toNative (22 bytes)

GC Heap History (4 events):
Event: 1,361 GC heap before
{Heap before GC invocations=1 (full 0):
 PSYoungGen      total 17920K, used 15360K [0x00000000f5900000, 0x00000000f6d00000, 0x0000000100000000)
  eden space 15360K, 100% used [0x00000000f5900000,0x00000000f6800000,0x00000000f6800000)
  from space 2560K, 0% used [0x00000000f6a80000,0x00000000f6a80000,0x00000000f6d00000)
  to   space 2560K, 0% used [0x00000000f6800000,0x00000000f6800000,0x00000000f6a80000)
 ParOldGen       total 39936K, used 0K [0x00000000e0c00000, 0x00000000e3300000, 0x00000000f5900000)
  object space 39936K, 0% used [0x00000000e0c00000,0x00000000e0c00000,0x00000000e3300000)
 PSPermGen       total 21504K, used 19066K [0x00000000d6600000, 0x00000000d7b00000, 0x00000000e0c00000)
  object space 21504K, 88% used [0x00000000d6600000,0x00000000d789eba0,0x00000000d7b00000)
Event: 1,381 GC heap after
Heap after GC invocations=1 (full 0):
 PSYoungGen      total 17920K, used 2549K [0x00000000f5900000, 0x00000000f7c00000, 0x0000000100000000)
  eden space 15360K, 0% used [0x00000000f5900000,0x00000000f5900000,0x00000000f6800000)
  from space 2560K, 99% used [0x00000000f6800000,0x00000000f6a7d4b8,0x00000000f6a80000)
  to   space 2560K, 0% used [0x00000000f7980000,0x00000000f7980000,0x00000000f7c00000)
 ParOldGen       total 39936K, used 3288K [0x00000000e0c00000, 0x00000000e3300000, 0x00000000f5900000)
  object space 39936K, 8% used [0x00000000e0c00000,0x00000000e0f360e8,0x00000000e3300000)
 PSPermGen       total 21504K, used 19066K [0x00000000d6600000, 0x00000000d7b00000, 0x00000000e0c00000)
  object space 21504K, 88% used [0x00000000d6600000,0x00000000d789eba0,0x00000000d7b00000)
}
Event: 2,485 GC heap before
{Heap before GC invocations=2 (full 0):
 PSYoungGen      total 17920K, used 17909K [0x00000000f5900000, 0x00000000f7c00000, 0x0000000100000000)
  eden space 15360K, 100% used [0x00000000f5900000,0x00000000f6800000,0x00000000f6800000)
  from space 2560K, 99% used [0x00000000f6800000,0x00000000f6a7d4b8,0x00000000f6a80000)
  to   space 2560K, 0% used [0x00000000f7980000,0x00000000f7980000,0x00000000f7c00000)
 ParOldGen       total 39936K, used 3288K [0x00000000e0c00000, 0x00000000e3300000, 0x00000000f5900000)
  object space 39936K, 8% used [0x00000000e0c00000,0x00000000e0f360e8,0x00000000e3300000)
 PSPermGen       total 23552K, used 23549K [0x00000000d6600000, 0x00000000d7d00000, 0x00000000e0c00000)
  object space 23552K, 99% used [0x00000000d6600000,0x00000000d7cff4f0,0x00000000d7d00000)
Event: 2,505 GC heap after
Heap after GC invocations=2 (full 0):
 PSYoungGen      total 33280K, used 2549K [0x00000000f5900000, 0x00000000f7c00000, 0x0000000100000000)
  eden space 30720K, 0% used [0x00000000f5900000,0x00000000f5900000,0x00000000f7700000)
  from space 2560K, 99% used [0x00000000f7980000,0x00000000f7bfd528,0x00000000f7c00000)
  to   space 2560K, 0% used [0x00000000f7700000,0x00000000f7700000,0x00000000f7980000)
 ParOldGen       total 39936K, used 5201K [0x00000000e0c00000, 0x00000000e3300000, 0x00000000f5900000)
  object space 39936K, 13% used [0x00000000e0c00000,0x00000000e1114430,0x00000000e3300000)
 PSPermGen       total 23552K, used 23549K [0x00000000d6600000, 0x00000000d7d00000, 0x00000000e0c00000)
  object space 23552K, 99% used [0x00000000d6600000,0x00000000d7cff4f0,0x00000000d7d00000)
}

Deoptimization events (10 events):
Event: 3,260 Thread 0x00007f237c00a800 Uncommon trap: reason=class_check action=maybe_recompile pc=0x00007f2379184604 method=org.joni.Matcher.searchInterruptible(III)I @ 810
Event: 3,266 Thread 0x00007f237c00a800 Uncommon trap: reason=class_check action=maybe_recompile pc=0x00007f2379184604 method=org.joni.Matcher.searchInterruptible(III)I @ 810
Event: 3,367 Thread 0x00007f237c00a800 Uncommon trap: reason=class_check action=maybe_recompile pc=0x00007f2379187dd8 method=org.jruby.runtime.callsite.CachingCallSite.call(Lorg/jruby/runtime/ThreadContext;Lorg/jruby/runtime/builtin/IRubyObject;Lorg/jruby/runtime/builtin/IRubyObject;Lorg/jruby
Event: 3,376 Thread 0x00007f237c00a800 Uncommon trap: reason=bimorphic action=maybe_recompile pc=0x00007f2379189008 method=org.jruby.runtime.scope.OneVarDynamicScope.getValue(II)Lorg/jruby/runtime/builtin/IRubyObject; @ 12
Event: 3,376 Thread 0x00007f237c00a800 Uncommon trap: reason=bimorphic action=maybe_recompile pc=0x00007f2379189008 method=org.jruby.runtime.scope.OneVarDynamicScope.getValue(II)Lorg/jruby/runtime/builtin/IRubyObject; @ 12
Event: 3,376 Thread 0x00007f237c00a800 Uncommon trap: reason=bimorphic action=maybe_recompile pc=0x00007f2379189008 method=org.jruby.runtime.scope.OneVarDynamicScope.getValue(II)Lorg/jruby/runtime/builtin/IRubyObject; @ 12
Event: 3,376 Thread 0x00007f237c00a800 Uncommon trap: reason=bimorphic action=maybe_recompile pc=0x00007f2379189008 method=org.jruby.runtime.scope.OneVarDynamicScope.getValue(II)Lorg/jruby/runtime/builtin/IRubyObject; @ 12
Event: 3,387 Thread 0x00007f237c00a800 Uncommon trap: reason=class_check action=maybe_recompile pc=0x00007f2379187dd8 method=org.jruby.runtime.callsite.CachingCallSite.call(Lorg/jruby/runtime/ThreadContext;Lorg/jruby/runtime/builtin/IRubyObject;Lorg/jruby/runtime/builtin/IRubyObject;Lorg/jruby
Event: 3,387 Thread 0x00007f237c00a800 Uncommon trap: reason=class_check action=maybe_recompile pc=0x00007f2379187dd8 method=org.jruby.runtime.callsite.CachingCallSite.call(Lorg/jruby/runtime/ThreadContext;Lorg/jruby/runtime/builtin/IRubyObject;Lorg/jruby/runtime/builtin/IRubyObject;Lorg/jruby
Event: 3,416 Thread 0x00007f237c00a800 Uncommon trap: reason=class_check action=maybe_recompile pc=0x00007f2379187dd8 method=org.jruby.runtime.callsite.CachingCallSite.call(Lorg/jruby/runtime/ThreadContext;Lorg/jruby/runtime/builtin/IRubyObject;Lorg/jruby/runtime/builtin/IRubyObject;Lorg/jruby

Internal exceptions (10 events):
Event: 3,015 Thread 0x00007f237c43e800 Threw 0x00000000f62afad8 at /build/buildd/openjdk-7-7u51-2.4.4/build/openjdk/hotspot/src/share/vm/prims/jvm.cpp:1244
Event: 3,016 Thread 0x00007f237c43e800 Threw 0x00000000f62b0b48 at /build/buildd/openjdk-7-7u51-2.4.4/build/openjdk/hotspot/src/share/vm/prims/jvm.cpp:1244
Event: 3,204 Thread 0x00007f237c458000 Threw 0x00000000f62888f8 at /build/buildd/openjdk-7-7u51-2.4.4/build/openjdk/hotspot/src/share/vm/prims/jvm.cpp:1244
Event: 3,204 Thread 0x00007f237c458000 Threw 0x00000000f6289998 at /build/buildd/openjdk-7-7u51-2.4.4/build/openjdk/hotspot/src/share/vm/prims/jvm.cpp:1244
Event: 3,258 Thread 0x00007f237c43e800 Threw 0x00000000f62f01b0 at /build/buildd/openjdk-7-7u51-2.4.4/build/openjdk/hotspot/src/share/vm/prims/jvm.cpp:1244
Event: 3,258 Thread 0x00007f237c43e800 Threw 0x00000000f62f12b0 at /build/buildd/openjdk-7-7u51-2.4.4/build/openjdk/hotspot/src/share/vm/prims/jvm.cpp:1244
Event: 3,263 Thread 0x00007f237c43e800 Threw 0x00000000f64ba678 at /build/buildd/openjdk-7-7u51-2.4.4/build/openjdk/hotspot/src/share/vm/prims/jvm.cpp:1244
Event: 3,263 Thread 0x00007f237c43e800 Threw 0x00000000f64bb820 at /build/buildd/openjdk-7-7u51-2.4.4/build/openjdk/hotspot/src/share/vm/prims/jvm.cpp:1244
Event: 3,266 Thread 0x00007f237c458000 Threw 0x00000000f64e7a00 at /build/buildd/openjdk-7-7u51-2.4.4/build/openjdk/hotspot/src/share/vm/prims/jvm.cpp:1244
Event: 3,266 Thread 0x00007f237c458000 Threw 0x00000000f64e8b00 at /build/buildd/openjdk-7-7u51-2.4.4/build/openjdk/hotspot/src/share/vm/prims/jvm.cpp:1244

Events (10 events):
Event: 3,376 Thread 0x00007f237c00a800 DEOPT UNPACKING pc=0x00007f2379039045 sp=0x00007f2382ad1760 mode 2
Event: 3,387 Thread 0x00007f237c00a800 Uncommon trap: trap_request=0xffffffde fr.pc=0x00007f2379187dd8
Event: 3,387 Thread 0x00007f237c00a800 DEOPT PACKING pc=0x00007f2379187dd8 sp=0x00007f2382ad2720
Event: 3,387 Thread 0x00007f237c00a800 DEOPT UNPACKING pc=0x00007f2379039045 sp=0x00007f2382ad26e8 mode 2
Event: 3,387 Thread 0x00007f237c00a800 Uncommon trap: trap_request=0xffffffde fr.pc=0x00007f2379187dd8
Event: 3,387 Thread 0x00007f237c00a800 DEOPT PACKING pc=0x00007f2379187dd8 sp=0x00007f2382ad2720
Event: 3,387 Thread 0x00007f237c00a800 DEOPT UNPACKING pc=0x00007f2379039045 sp=0x00007f2382ad26e8 mode 2
Event: 3,416 Thread 0x00007f237c00a800 Uncommon trap: trap_request=0xffffffde fr.pc=0x00007f2379187dd8
Event: 3,416 Thread 0x00007f237c00a800 DEOPT PACKING pc=0x00007f2379187dd8 sp=0x00007f2382ad2720
Event: 3,416 Thread 0x00007f237c00a800 DEOPT UNPACKING pc=0x00007f2379039045 sp=0x00007f2382ad26e8 mode 2


Dynamic libraries:
00400000-00401000 r-xp 00000000 08:05 12322450                           /usr/lib/jvm/java-7-openjdk-amd64/jre/bin/java
00600000-00601000 r--p 00000000 08:05 12322450                           /usr/lib/jvm/java-7-openjdk-amd64/jre/bin/java
00601000-00602000 rw-p 00001000 08:05 12322450                           /usr/lib/jvm/java-7-openjdk-amd64/jre/bin/java
01a25000-01a46000 rw-p 00000000 00:00 0                                  [heap]
d6600000-d7f00000 rw-p 00000000 00:00 0 
d7f00000-e0c00000 rw-p 00000000 00:00 0 
e0c00000-e3300000 rw-p 00000000 00:00 0 
e3300000-f5900000 rw-p 00000000 00:00 0 
f5900000-f7c00000 rw-p 00000000 00:00 0 
f7c00000-100000000 rw-p 00000000 00:00 0 
7f2324000000-7f2324021000 rw-p 00000000 00:00 0 
7f2324021000-7f2328000000 ---p 00000000 00:00 0 
7f232c000000-7f232c021000 rw-p 00000000 00:00 0 
7f232c021000-7f2330000000 ---p 00000000 00:00 0 
7f2330000000-7f2330021000 rw-p 00000000 00:00 0 
7f2330021000-7f2334000000 ---p 00000000 00:00 0 
7f2334000000-7f2334027000 rw-p 00000000 00:00 0 
7f2334027000-7f2338000000 ---p 00000000 00:00 0 
7f2338000000-7f2338021000 rw-p 00000000 00:00 0 
7f2338021000-7f233c000000 ---p 00000000 00:00 0 
7f233c000000-7f233c021000 rw-p 00000000 00:00 0 
7f233c021000-7f2340000000 ---p 00000000 00:00 0 
7f2340000000-7f2340021000 rw-p 00000000 00:00 0 
7f2340021000-7f2344000000 ---p 00000000 00:00 0 
7f2344000000-7f2344e8c000 rw-p 00000000 00:00 0 
7f2344e8c000-7f2348000000 ---p 00000000 00:00 0 
7f2348000000-7f2348bfe000 rw-p 00000000 00:00 0 
7f2348bfe000-7f234c000000 ---p 00000000 00:00 0 
7f234c000000-7f234c021000 rw-p 00000000 00:00 0 
7f234c021000-7f2350000000 ---p 00000000 00:00 0 
7f2350000000-7f2350021000 rw-p 00000000 00:00 0 
7f2350021000-7f2354000000 ---p 00000000 00:00 0 
7f2354000000-7f2354021000 rw-p 00000000 00:00 0 
7f2354021000-7f2358000000 ---p 00000000 00:00 0 
7f2358000000-7f2358021000 rw-p 00000000 00:00 0 
7f2358021000-7f235c000000 ---p 00000000 00:00 0 
7f235c000000-7f235c021000 rw-p 00000000 00:00 0 
7f235c021000-7f2360000000 ---p 00000000 00:00 0 
7f2364000000-7f2364021000 rw-p 00000000 00:00 0 
7f2364021000-7f2368000000 ---p 00000000 00:00 0 
7f236bdfd000-7f236bdff000 r-xp 00000000 08:05 16777779                   /home/luis/practica01/src/lib/libconvex_hull.so
7f236bdff000-7f236bffe000 ---p 00002000 08:05 16777779                   /home/luis/practica01/src/lib/libconvex_hull.so
7f236bffe000-7f236bfff000 r--p 00001000 08:05 16777779                   /home/luis/practica01/src/lib/libconvex_hull.so
7f236bfff000-7f236c000000 rw-p 00002000 08:05 16777779                   /home/luis/practica01/src/lib/libconvex_hull.so
7f236c000000-7f236c021000 rw-p 00000000 00:00 0 
7f236c021000-7f2370000000 ---p 00000000 00:00 0 
7f23701ad000-7f23701af000 r-xp 00000000 08:05 16777738                   /home/luis/practica01/src/lib/libdouble_linked_list.so
7f23701af000-7f23703ae000 ---p 00002000 08:05 16777738                   /home/luis/practica01/src/lib/libdouble_linked_list.so
7f23703ae000-7f23703af000 r--p 00001000 08:05 16777738                   /home/luis/practica01/src/lib/libdouble_linked_list.so
7f23703af000-7f23703b0000 rw-p 00002000 08:05 16777738                   /home/luis/practica01/src/lib/libdouble_linked_list.so
7f23703b0000-7f23703b1000 r-xp 00000000 08:05 16777737                   /home/luis/practica01/src/lib/lib2d_points.so
7f23703b1000-7f23705b0000 ---p 00001000 08:05 16777737                   /home/luis/practica01/src/lib/lib2d_points.so
7f23705b0000-7f23705b1000 r--p 00000000 08:05 16777737                   /home/luis/practica01/src/lib/lib2d_points.so
7f23705b1000-7f23705b2000 rw-p 00001000 08:05 16777737                   /home/luis/practica01/src/lib/lib2d_points.so
7f23705b2000-7f23705b5000 ---p 00000000 00:00 0 
7f23705b5000-7f23707b3000 rw-p 00000000 00:00 0 
7f23707b3000-7f23707b6000 ---p 00000000 00:00 0 
7f23707b6000-7f23709b4000 rw-p 00000000 00:00 0 
7f23709b4000-7f23709b7000 ---p 00000000 00:00 0 
7f23709b7000-7f2370bb5000 rw-p 00000000 00:00 0                          [stack:4472]
7f2370bb5000-7f2370bb8000 ---p 00000000 00:00 0 
7f2370bb8000-7f2370db6000 rw-p 00000000 00:00 0                          [stack:4402]
7f2370db6000-7f2370dc8000 r-xp 00000000 08:05 16253453                   /home/luis/.rbenv/versions/jruby-1.7.10/lib/jni/x86_64-Linux/libjffi-1.2.so
7f2370dc8000-7f2370fc7000 ---p 00012000 08:05 16253453                   /home/luis/.rbenv/versions/jruby-1.7.10/lib/jni/x86_64-Linux/libjffi-1.2.so
7f2370fc7000-7f2370fc8000 rw-p 00011000 08:05 16253453                   /home/luis/.rbenv/versions/jruby-1.7.10/lib/jni/x86_64-Linux/libjffi-1.2.so
7f2370fc8000-7f2370fd8000 r-xp 00000000 08:05 12322344                   /usr/lib/jvm/java-7-openjdk-amd64/jre/lib/amd64/libnio.so
7f2370fd8000-7f23711d8000 ---p 00010000 08:05 12322344                   /usr/lib/jvm/java-7-openjdk-amd64/jre/lib/amd64/libnio.so
7f23711d8000-7f23711d9000 r--p 00010000 08:05 12322344                   /usr/lib/jvm/java-7-openjdk-amd64/jre/lib/amd64/libnio.so
7f23711d9000-7f23711da000 rw-p 00011000 08:05 12322344                   /usr/lib/jvm/java-7-openjdk-amd64/jre/lib/amd64/libnio.so
7f23711da000-7f2371217000 r-xp 00000000 08:05 9834371                    /lib/x86_64-linux-gnu/libpcre.so.3.13.1
7f2371217000-7f2371417000 ---p 0003d000 08:05 9834371                    /lib/x86_64-linux-gnu/libpcre.so.3.13.1
7f2371417000-7f2371418000 r--p 0003d000 08:05 9834371                    /lib/x86_64-linux-gnu/libpcre.so.3.13.1
7f2371418000-7f2371419000 rw-p 0003e000 08:05 9834371                    /lib/x86_64-linux-gnu/libpcre.so.3.13.1
7f2371419000-7f2371420000 r-xp 00000000 08:05 12196946                   /usr/lib/x86_64-linux-gnu/libffi.so.6.0.1
7f2371420000-7f237161f000 ---p 00007000 08:05 12196946                   /usr/lib/x86_64-linux-gnu/libffi.so.6.0.1
7f237161f000-7f2371620000 r--p 00006000 08:05 12196946                   /usr/lib/x86_64-linux-gnu/libffi.so.6.0.1
7f2371620000-7f2371621000 rw-p 00007000 08:05 12196946                   /usr/lib/x86_64-linux-gnu/libffi.so.6.0.1
7f2371621000-7f2371637000 r-xp 00000000 08:05 9834394                    /lib/x86_64-linux-gnu/libresolv-2.17.so
7f2371637000-7f2371837000 ---p 00016000 08:05 9834394                    /lib/x86_64-linux-gnu/libresolv-2.17.so
7f2371837000-7f2371838000 r--p 00016000 08:05 9834394                    /lib/x86_64-linux-gnu/libresolv-2.17.so
7f2371838000-7f2371839000 rw-p 00017000 08:05 9834394                    /lib/x86_64-linux-gnu/libresolv-2.17.so
7f2371839000-7f237183b000 rw-p 00000000 00:00 0 
7f237183b000-7f237185a000 r-xp 00000000 08:05 9834398                    /lib/x86_64-linux-gnu/libselinux.so.1
7f237185a000-7f2371a5a000 ---p 0001f000 08:05 9834398                    /lib/x86_64-linux-gnu/libselinux.so.1
7f2371a5a000-7f2371a5b000 r--p 0001f000 08:05 9834398                    /lib/x86_64-linux-gnu/libselinux.so.1
7f2371a5b000-7f2371a5c000 rw-p 00020000 08:05 9834398                    /lib/x86_64-linux-gnu/libselinux.so.1
7f2371a5c000-7f2371a5d000 rw-p 00000000 00:00 0 
7f2371a5d000-7f2371a60000 r-xp 00000000 08:05 12190134                   /usr/lib/x86_64-linux-gnu/libgmodule-2.0.so.0.3800.1
7f2371a60000-7f2371c5f000 ---p 00003000 08:05 12190134                   /usr/lib/x86_64-linux-gnu/libgmodule-2.0.so.0.3800.1
7f2371c5f000-7f2371c60000 r--p 00002000 08:05 12190134                   /usr/lib/x86_64-linux-gnu/libgmodule-2.0.so.0.3800.1
7f2371c60000-7f2371c61000 rw-p 00003000 08:05 12190134                   /usr/lib/x86_64-linux-gnu/libgmodule-2.0.so.0.3800.1
7f2371c61000-7f2371d5f000 r-xp 00000000 08:05 9834386                    /lib/x86_64-linux-gnu/libglib-2.0.so.0.3800.1
7f2371d5f000-7f2371f5f000 ---p 000fe000 08:05 9834386                    /lib/x86_64-linux-gnu/libglib-2.0.so.0.3800.1
7f2371f5f000-7f2371f60000 r--p 000fe000 08:05 9834386                    /lib/x86_64-linux-gnu/libglib-2.0.so.0.3800.1
7f2371f60000-7f2371f61000 rw-p 000ff000 08:05 9834386                    /lib/x86_64-linux-gnu/libglib-2.0.so.0.3800.1
7f2371f61000-7f2371f62000 rw-p 00000000 00:00 0 
7f2371f62000-7f2371fb1000 r-xp 00000000 08:05 12190125                   /usr/lib/x86_64-linux-gnu/libgobject-2.0.so.0.3800.1
7f2371fb1000-7f23721b1000 ---p 0004f000 08:05 12190125                   /usr/lib/x86_64-linux-gnu/libgobject-2.0.so.0.3800.1
7f23721b1000-7f23721b2000 r--p 0004f000 08:05 12190125                   /usr/lib/x86_64-linux-gnu/libgobject-2.0.so.0.3800.1
7f23721b2000-7f23721b3000 rw-p 00050000 08:05 12190125                   /usr/lib/x86_64-linux-gnu/libgobject-2.0.so.0.3800.1
7f23721b3000-7f237230f000 r-xp 00000000 08:05 12190099                   /usr/lib/x86_64-linux-gnu/libgio-2.0.so.0.3800.1
7f237230f000-7f237250e000 ---p 0015c000 08:05 12190099                   /usr/lib/x86_64-linux-gnu/libgio-2.0.so.0.3800.1
7f237250e000-7f2372512000 r--p 0015b000 08:05 12190099                   /usr/lib/x86_64-linux-gnu/libgio-2.0.so.0.3800.1
7f2372512000-7f2372514000 rw-p 0015f000 08:05 12190099                   /usr/lib/x86_64-linux-gnu/libgio-2.0.so.0.3800.1
7f2372514000-7f2372516000 rw-p 00000000 00:00 0 
7f2372516000-7f237252c000 r-xp 00000000 08:05 12322132                   /usr/lib/jvm/java-7-openjdk-amd64/jre/lib/amd64/libnet.so
7f237252c000-7f237272b000 ---p 00016000 08:05 12322132                   /usr/lib/jvm/java-7-openjdk-amd64/jre/lib/amd64/libnet.so
7f237272b000-7f237272c000 r--p 00015000 08:05 12322132                   /usr/lib/jvm/java-7-openjdk-amd64/jre/lib/amd64/libnet.so
7f237272c000-7f237272d000 rw-p 00016000 08:05 12322132                   /usr/lib/jvm/java-7-openjdk-amd64/jre/lib/amd64/libnet.so
7f237272d000-7f237272e000 ---p 00000000 00:00 0 
7f237272e000-7f237282e000 rw-p 00000000 00:00 0                          [stack:4401]
7f237282e000-7f2372831000 ---p 00000000 00:00 0 
7f2372831000-7f2372a2f000 rw-p 00000000 00:00 0                          [stack:4400]
7f2372a2f000-7f2372a32000 ---p 00000000 00:00 0 
7f2372a32000-7f2374000000 rw-p 00000000 00:00 0                          [stack:4399]
7f2374000000-7f2374021000 rw-p 00000000 00:00 0 
7f2374021000-7f2378000000 ---p 00000000 00:00 0 
7f23780fe000-7f2378101000 ---p 00000000 00:00 0 
7f2378101000-7f23781ff000 rw-p 00000000 00:00 0                          [stack:4398]
7f23781ff000-7f2378202000 ---p 00000000 00:00 0 
7f2378202000-7f2378400000 rw-p 00000000 00:00 0                          [stack:4397]
7f2378400000-7f23787fa000 r--p 00000000 08:05 12195384                   /usr/lib/locale/locale-archive
7f23787fa000-7f23787fd000 ---p 00000000 00:00 0 
7f23787fd000-7f23789fb000 rw-p 00000000 00:00 0                          [stack:4396]
7f23789fb000-7f23789fe000 ---p 00000000 00:00 0 
7f23789fe000-7f2378bfc000 rw-p 00000000 00:00 0                          [stack:4395]
7f2378bfc000-7f2378bfd000 ---p 00000000 00:00 0 
7f2378bfd000-7f2379000000 rw-p 00000000 00:00 0                          [stack:4394]
7f2379000000-7f2379270000 rwxp 00000000 00:00 0 
7f2379270000-7f237c48f000 rw-p 00000000 00:00 0 
7f237c48f000-7f2380000000 ---p 00000000 00:00 0 
7f23800be000-7f23800c1000 ---p 00000000 00:00 0 
7f23800c1000-7f2380dd1000 rw-p 00000000 00:00 0                          [stack:4405]
7f2380dd1000-7f2380eba000 r--s 00bb9000 08:05 16253440                   /home/luis/.rbenv/versions/jruby-1.7.10/lib/jruby.jar
7f2380eba000-7f2380f02000 rw-p 00000000 00:00 0 
7f2380f02000-7f23810b0000 r--s 01cf4000 08:05 12322430                   /usr/lib/jvm/java-7-openjdk-amd64/jre/lib/rt.jar
7f23810b0000-7f23812f6000 rw-p 00000000 00:00 0 
7f23812f6000-7f23812f7000 ---p 00000000 00:00 0 
7f23812f7000-7f23813f7000 rw-p 00000000 00:00 0                          [stack:4393]
7f23813f7000-7f23813f8000 ---p 00000000 00:00 0 
7f23813f8000-7f23814f8000 rw-p 00000000 00:00 0                          [stack:4392]
7f23814f8000-7f23814f9000 ---p 00000000 00:00 0 
7f23814f9000-7f23815f9000 rw-p 00000000 00:00 0                          [stack:4391]
7f23815f9000-7f23815fa000 ---p 00000000 00:00 0 
7f23815fa000-7f2381707000 rw-p 00000000 00:00 0                          [stack:4390]
7f2381707000-7f238174d000 rw-p 00000000 00:00 0 
7f238174d000-7f2381761000 rw-p 00000000 00:00 0 
7f2381761000-7f23817f3000 rw-p 00000000 00:00 0 
7f23817f3000-7f2381805000 rw-p 00000000 00:00 0 
7f2381805000-7f2381847000 rw-p 00000000 00:00 0 
7f2381847000-7f2381848000 rw-p 00000000 00:00 0 
7f2381848000-7f2381850000 r-xp 00000000 08:05 12322081                   /usr/lib/jvm/java-7-openjdk-amd64/jre/lib/amd64/libzip.so
7f2381850000-7f2381a4f000 ---p 00008000 08:05 12322081                   /usr/lib/jvm/java-7-openjdk-amd64/jre/lib/amd64/libzip.so
7f2381a4f000-7f2381a50000 r--p 00007000 08:05 12322081                   /usr/lib/jvm/java-7-openjdk-amd64/jre/lib/amd64/libzip.so
7f2381a50000-7f2381a51000 rw-p 00008000 08:05 12322081                   /usr/lib/jvm/java-7-openjdk-amd64/jre/lib/amd64/libzip.so
7f2381a51000-7f2381a5d000 r-xp 00000000 08:05 9834349                    /lib/x86_64-linux-gnu/libnss_files-2.17.so
7f2381a5d000-7f2381c5c000 ---p 0000c000 08:05 9834349                    /lib/x86_64-linux-gnu/libnss_files-2.17.so
7f2381c5c000-7f2381c5d000 r--p 0000b000 08:05 9834349                    /lib/x86_64-linux-gnu/libnss_files-2.17.so
7f2381c5d000-7f2381c5e000 rw-p 0000c000 08:05 9834349                    /lib/x86_64-linux-gnu/libnss_files-2.17.so
7f2381c5e000-7f2381c69000 r-xp 00000000 08:05 9834353                    /lib/x86_64-linux-gnu/libnss_nis-2.17.so
7f2381c69000-7f2381e68000 ---p 0000b000 08:05 9834353                    /lib/x86_64-linux-gnu/libnss_nis-2.17.so
7f2381e68000-7f2381e69000 r--p 0000a000 08:05 9834353                    /lib/x86_64-linux-gnu/libnss_nis-2.17.so
7f2381e69000-7f2381e6a000 rw-p 0000b000 08:05 9834353                    /lib/x86_64-linux-gnu/libnss_nis-2.17.so
7f2381e6a000-7f2381e81000 r-xp 00000000 08:05 9834343                    /lib/x86_64-linux-gnu/libnsl-2.17.so
7f2381e81000-7f2382080000 ---p 00017000 08:05 9834343                    /lib/x86_64-linux-gnu/libnsl-2.17.so
7f2382080000-7f2382081000 r--p 00016000 08:05 9834343                    /lib/x86_64-linux-gnu/libnsl-2.17.so
7f2382081000-7f2382082000 rw-p 00017000 08:05 9834343                    /lib/x86_64-linux-gnu/libnsl-2.17.so
7f2382082000-7f2382084000 rw-p 00000000 00:00 0 
7f2382084000-7f238208c000 r-xp 00000000 08:05 9834345                    /lib/x86_64-linux-gnu/libnss_compat-2.17.so
7f238208c000-7f238228b000 ---p 00008000 08:05 9834345                    /lib/x86_64-linux-gnu/libnss_compat-2.17.so
7f238228b000-7f238228c000 r--p 00007000 08:05 9834345                    /lib/x86_64-linux-gnu/libnss_compat-2.17.so
7f238228c000-7f238228d000 rw-p 00008000 08:05 9834345                    /lib/x86_64-linux-gnu/libnss_compat-2.17.so
7f238228d000-7f23822b8000 r-xp 00000000 08:05 12322007                   /usr/lib/jvm/java-7-openjdk-amd64/jre/lib/amd64/libjava.so
7f23822b8000-7f23824b7000 ---p 0002b000 08:05 12322007                   /usr/lib/jvm/java-7-openjdk-amd64/jre/lib/amd64/libjava.so
7f23824b7000-7f23824b8000 r--p 0002a000 08:05 12322007                   /usr/lib/jvm/java-7-openjdk-amd64/jre/lib/amd64/libjava.so
7f23824b8000-7f23824ba000 rw-p 0002b000 08:05 12322007                   /usr/lib/jvm/java-7-openjdk-amd64/jre/lib/amd64/libjava.so
7f23824ba000-7f23824ca000 r-xp 00000000 08:05 12322321                   /usr/lib/jvm/java-7-openjdk-amd64/jre/lib/amd64/libverify.so
7f23824ca000-7f23826c9000 ---p 00010000 08:05 12322321                   /usr/lib/jvm/java-7-openjdk-amd64/jre/lib/amd64/libverify.so
7f23826c9000-7f23826cb000 r--p 0000f000 08:05 12322321                   /usr/lib/jvm/java-7-openjdk-amd64/jre/lib/amd64/libverify.so
7f23826cb000-7f23826cc000 rw-p 00011000 08:05 12322321                   /usr/lib/jvm/java-7-openjdk-amd64/jre/lib/amd64/libverify.so
7f23826cc000-7f23826d3000 r-xp 00000000 08:05 9834396                    /lib/x86_64-linux-gnu/librt-2.17.so
7f23826d3000-7f23828d2000 ---p 00007000 08:05 9834396                    /lib/x86_64-linux-gnu/librt-2.17.so
7f23828d2000-7f23828d3000 r--p 00006000 08:05 9834396                    /lib/x86_64-linux-gnu/librt-2.17.so
7f23828d3000-7f23828d4000 rw-p 00007000 08:05 9834396                    /lib/x86_64-linux-gnu/librt-2.17.so
7f23828d4000-7f23828d7000 ---p 00000000 00:00 0 
7f23828d7000-7f2382ad5000 rw-p 00000000 00:00 0                          [stack:4389]
7f2382ad5000-7f2382aea000 r-xp 00000000 08:05 9830413                    /lib/x86_64-linux-gnu/libgcc_s.so.1
7f2382aea000-7f2382ce9000 ---p 00015000 08:05 9830413                    /lib/x86_64-linux-gnu/libgcc_s.so.1
7f2382ce9000-7f2382cea000 r--p 00014000 08:05 9830413                    /lib/x86_64-linux-gnu/libgcc_s.so.1
7f2382cea000-7f2382ceb000 rw-p 00015000 08:05 9830413                    /lib/x86_64-linux-gnu/libgcc_s.so.1
7f2382ceb000-7f2382dee000 r-xp 00000000 08:05 9834324                    /lib/x86_64-linux-gnu/libm-2.17.so
7f2382dee000-7f2382fed000 ---p 00103000 08:05 9834324                    /lib/x86_64-linux-gnu/libm-2.17.so
7f2382fed000-7f2382fee000 r--p 00102000 08:05 9834324                    /lib/x86_64-linux-gnu/libm-2.17.so
7f2382fee000-7f2382fef000 rw-p 00103000 08:05 9834324                    /lib/x86_64-linux-gnu/libm-2.17.so
7f2382fef000-7f23830d5000 r-xp 00000000 08:05 12190887                   /usr/lib/x86_64-linux-gnu/libstdc++.so.6.0.18
7f23830d5000-7f23832d4000 ---p 000e6000 08:05 12190887                   /usr/lib/x86_64-linux-gnu/libstdc++.so.6.0.18
7f23832d4000-7f23832dc000 r--p 000e5000 08:05 12190887                   /usr/lib/x86_64-linux-gnu/libstdc++.so.6.0.18
7f23832dc000-7f23832de000 rw-p 000ed000 08:05 12190887                   /usr/lib/x86_64-linux-gnu/libstdc++.so.6.0.18
7f23832de000-7f23832f3000 rw-p 00000000 00:00 0 
7f23832f3000-7f2383dd2000 r-xp 00000000 08:05 12322340                   /usr/lib/jvm/java-7-openjdk-amd64/jre/lib/amd64/server/libjvm.so
7f2383dd2000-7f2383fd1000 ---p 00adf000 08:05 12322340                   /usr/lib/jvm/java-7-openjdk-amd64/jre/lib/amd64/server/libjvm.so
7f2383fd1000-7f2384063000 r--p 00ade000 08:05 12322340                   /usr/lib/jvm/java-7-openjdk-amd64/jre/lib/amd64/server/libjvm.so
7f2384063000-7f2384086000 rw-p 00b70000 08:05 12322340                   /usr/lib/jvm/java-7-openjdk-amd64/jre/lib/amd64/server/libjvm.so
7f2384086000-7f23840b3000 rw-p 00000000 00:00 0 
7f23840b3000-7f23840cb000 r-xp 00000000 08:05 9834431                    /lib/x86_64-linux-gnu/libz.so.1.2.8
7f23840cb000-7f23842ca000 ---p 00018000 08:05 9834431                    /lib/x86_64-linux-gnu/libz.so.1.2.8
7f23842ca000-7f23842cb000 r--p 00017000 08:05 9834431                    /lib/x86_64-linux-gnu/libz.so.1.2.8
7f23842cb000-7f23842cc000 rw-p 00018000 08:05 9834431                    /lib/x86_64-linux-gnu/libz.so.1.2.8
7f23842cc000-7f23842e3000 r-xp 00000000 08:05 9834388                    /lib/x86_64-linux-gnu/libpthread-2.17.so
7f23842e3000-7f23844e3000 ---p 00017000 08:05 9834388                    /lib/x86_64-linux-gnu/libpthread-2.17.so
7f23844e3000-7f23844e4000 r--p 00017000 08:05 9834388                    /lib/x86_64-linux-gnu/libpthread-2.17.so
7f23844e4000-7f23844e5000 rw-p 00018000 08:05 9834388                    /lib/x86_64-linux-gnu/libpthread-2.17.so
7f23844e5000-7f23844e9000 rw-p 00000000 00:00 0 
7f23844e9000-7f23844ec000 r-xp 00000000 08:05 9834288                    /lib/x86_64-linux-gnu/libdl-2.17.so
7f23844ec000-7f23846eb000 ---p 00003000 08:05 9834288                    /lib/x86_64-linux-gnu/libdl-2.17.so
7f23846eb000-7f23846ec000 r--p 00002000 08:05 9834288                    /lib/x86_64-linux-gnu/libdl-2.17.so
7f23846ec000-7f23846ed000 rw-p 00003000 08:05 9834288                    /lib/x86_64-linux-gnu/libdl-2.17.so
7f23846ed000-7f23848aa000 r-xp 00000000 08:05 9834273                    /lib/x86_64-linux-gnu/libc-2.17.so
7f23848aa000-7f2384aaa000 ---p 001bd000 08:05 9834273                    /lib/x86_64-linux-gnu/libc-2.17.so
7f2384aaa000-7f2384aae000 r--p 001bd000 08:05 9834273                    /lib/x86_64-linux-gnu/libc-2.17.so
7f2384aae000-7f2384ab0000 rw-p 001c1000 08:05 9834273                    /lib/x86_64-linux-gnu/libc-2.17.so
7f2384ab0000-7f2384ab5000 rw-p 00000000 00:00 0 
7f2384ab5000-7f2384ac2000 r-xp 00000000 08:05 12322347                   /usr/lib/jvm/java-7-openjdk-amd64/jre/lib/amd64/jli/libjli.so
7f2384ac2000-7f2384cc1000 ---p 0000d000 08:05 12322347                   /usr/lib/jvm/java-7-openjdk-amd64/jre/lib/amd64/jli/libjli.so
7f2384cc1000-7f2384cc2000 r--p 0000c000 08:05 12322347                   /usr/lib/jvm/java-7-openjdk-amd64/jre/lib/amd64/jli/libjli.so
7f2384cc2000-7f2384cc3000 rw-p 0000d000 08:05 12322347                   /usr/lib/jvm/java-7-openjdk-amd64/jre/lib/amd64/jli/libjli.so
7f2384cc3000-7f2384ce6000 r-xp 00000000 08:05 9834249                    /lib/x86_64-linux-gnu/ld-2.17.so
7f2384ceb000-7f2384cec000 rw-p 00000000 00:00 0 
7f2384cec000-7f2384ced000 r-xp 00000000 00:00 0 
7f2384ced000-7f2384cf4000 r--s 00000000 08:05 12588976                   /usr/lib/x86_64-linux-gnu/gconv/gconv-modules.cache
7f2384cf4000-7f2384cf9000 r--s 0004c000 08:05 12322352                   /usr/lib/jvm/java-7-openjdk-amd64/jre/lib/jsse.jar
7f2384cf9000-7f2384cfc000 r--s 00032000 08:05 12322366                   /usr/lib/jvm/java-7-openjdk-amd64/jre/lib/ext/sunjce_provider.jar
7f2384cfc000-7f2384cff000 r--s 0000f000 08:05 12322362                   /usr/lib/jvm/java-7-openjdk-amd64/jre/lib/ext/pulse-java.jar
7f2384cff000-7f2384d1a000 rw-p 00000000 00:00 0 
7f2384d1a000-7f2384d60000 rw-p 00000000 00:00 0 
7f2384d60000-7f2384d74000 rw-p 00000000 00:00 0 
7f2384d74000-7f2384e07000 rw-p 00000000 00:00 0 
7f2384e07000-7f2384e11000 rw-p 00000000 00:00 0 
7f2384e11000-7f2384ec7000 rw-p 00000000 00:00 0 
7f2384ec7000-7f2384ecc000 rw-p 00000000 00:00 0 
7f2384ecc000-7f2384ece000 r--s 00006000 08:05 12717881                   /usr/share/java/java-atk-wrapper.jar
7f2384ece000-7f2384ed2000 r--s 00085000 08:05 12322360                   /usr/lib/jvm/java-7-openjdk-amd64/jre/lib/ext/localedata.jar
7f2384ed2000-7f2384ed6000 r--s 0003b000 08:05 12322372                   /usr/lib/jvm/java-7-openjdk-amd64/jre/lib/ext/sunpkcs11.jar
7f2384ed6000-7f2384ed7000 r--s 00002000 08:05 12322370                   /usr/lib/jvm/java-7-openjdk-amd64/jre/lib/ext/dnsns.jar
7f2384ed7000-7f2384ed9000 r--s 00012000 08:05 12322364                   /usr/lib/jvm/java-7-openjdk-amd64/jre/lib/ext/zipfs.jar
7f2384ed9000-7f2384ee1000 rw-s 00000000 08:05 7340076                    /tmp/hsperfdata_luis/4364
7f2384ee1000-7f2384ee2000 rw-p 00000000 00:00 0 
7f2384ee2000-7f2384ee3000 r--p 00000000 00:00 0 
7f2384ee3000-7f2384ee5000 rw-p 00000000 00:00 0 
7f2384ee5000-7f2384ee6000 r--p 00022000 08:05 9834249                    /lib/x86_64-linux-gnu/ld-2.17.so
7f2384ee6000-7f2384ee8000 rw-p 00023000 08:05 9834249                    /lib/x86_64-linux-gnu/ld-2.17.so
7fff855c9000-7fff855ea000 rw-p 00000000 00:00 0                          [stack]
7fff855fe000-7fff85600000 r-xp 00000000 00:00 0                          [vdso]
ffffffffff600000-ffffffffff601000 r-xp 00000000 00:00 0                  [vsyscall]

VM Arguments:
jvm_args: -Djdk.home= -Djruby.home=/home/luis/.rbenv/versions/jruby-1.7.10 -Djruby.script=jruby -Djruby.shell=/bin/sh -Djffi.boot.library.path=/home/luis/.rbenv/versions/jruby-1.7.10/lib/jni:/home/luis/.rbenv/versions/jruby-1.7.10/lib/jni/arm-Linux:/home/luis/.rbenv/versions/jruby-1.7.10/lib/jni/x86_64-Linux:/home/luis/.rbenv/versions/jruby-1.7.10/lib/jni/i386-Linux -Xmx500m -Xss2048k -Xbootclasspath/a:/home/luis/.rbenv/versions/jruby-1.7.10/lib/jruby.jar 
java_command: org/jruby/Main Makefile.rb clean compile test
Launcher Type: SUN_STANDARD

Environment Variables:
PATH=/home/luis/.rbenv/versions/jruby-1.7.10/bin:/home/luis/.rbenv/libexec:/home/luis/.rbenv/plugins/ruby-build/bin:/home/luis/.rbenv/shims:~/.rbenv/bin:~/.rbenv/bin:/usr/local/sbin:/usr/local/bin:/usr/sbin:/usr/bin:/sbin:/bin:/usr/games:/usr/local/games
USERNAME=luis
SHELL=/bin/bash
DISPLAY=:0

Signal Handlers:
SIGSEGV: [libjvm.so+0x916ea0], sa_mask[0]=0x7ffbfeff, sa_flags=0x10000004
SIGBUS: [libjvm.so+0x916ea0], sa_mask[0]=0x7ffbfeff, sa_flags=0x10000004
SIGFPE: [libjvm.so+0x794800], sa_mask[0]=0x7ffbfeff, sa_flags=0x10000004
SIGPIPE: [libjvm.so+0x794800], sa_mask[0]=0x7ffbfeff, sa_flags=0x10000004
SIGXFSZ: [libjvm.so+0x794800], sa_mask[0]=0x7ffbfeff, sa_flags=0x10000004
SIGILL: [libjvm.so+0x794800], sa_mask[0]=0x7ffbfeff, sa_flags=0x10000004
SIGUSR1: SIG_DFL, sa_mask[0]=0x00000000, sa_flags=0x00000000
SIGUSR2: [libjvm.so+0x7946a0], sa_mask[0]=0x00000000, sa_flags=0x10000004
SIGHUP: [libjvm.so+0x794880], sa_mask[0]=0x7ffbfeff, sa_flags=0x10000004
SIGINT: [libjvm.so+0x794880], sa_mask[0]=0x7ffbfeff, sa_flags=0x10000004
SIGTERM: [libjvm.so+0x794880], sa_mask[0]=0x7ffbfeff, sa_flags=0x10000004
SIGQUIT: [libjvm.so+0x794880], sa_mask[0]=0x7ffbfeff, sa_flags=0x10000004


---------------  S Y S T E M  ---------------

OS:LinuxMint 16 (petra)
uname:Linux 3.11.0-12-generic #19-Ubuntu SMP Wed Oct 9 16:20:46 UTC 2013 x86_64
libc:glibc 2.17 NPTL 2.17 
rlimit: STACK 8192k, CORE 0k, NPROC 29806, NOFILE 4096, AS infinity
load average:0,67 0,44 0,33

/proc/meminfo:
MemTotal:        3844532 kB
MemFree:         1767728 kB
Buffers:          141408 kB
Cached:          1046748 kB
SwapCached:            0 kB
Active:          1032292 kB
Inactive:         885396 kB
Active(anon):     730540 kB
Inactive(anon):   136952 kB
Active(file):     301752 kB
Inactive(file):   748444 kB
Unevictable:           0 kB
Mlocked:               0 kB
SwapTotal:       3987452 kB
SwapFree:        3987452 kB
Dirty:              1864 kB
Writeback:             0 kB
AnonPages:        729680 kB
Mapped:           152068 kB
Shmem:            137964 kB
Slab:              92956 kB
SReclaimable:      70532 kB
SUnreclaim:        22424 kB
KernelStack:        3168 kB
PageTables:        19252 kB
NFS_Unstable:          0 kB
Bounce:                0 kB
WritebackTmp:          0 kB
CommitLimit:     5909716 kB
Committed_AS:    2894796 kB
VmallocTotal:   34359738367 kB
VmallocUsed:      348004 kB
VmallocChunk:   34359386120 kB
HardwareCorrupted:     0 kB
AnonHugePages:         0 kB
HugePages_Total:       0
HugePages_Free:        0
HugePages_Rsvd:        0
HugePages_Surp:        0
Hugepagesize:       2048 kB
DirectMap4k:       50420 kB
DirectMap2M:     3938304 kB


CPU:total 4 (2 cores per cpu, 2 threads per core) family 6 model 37 stepping 5, cmov, cx8, fxsr, mmx, sse, sse2, sse3, ssse3, sse4.1, sse4.2, popcnt, ht, tsc, tscinvbit

/proc/cpuinfo:
processor	: 0
vendor_id	: GenuineIntel
cpu family	: 6
model		: 37
model name	: Intel(R) Core(TM) i5 CPU       M 460  @ 2.53GHz
stepping	: 5
microcode	: 0x2
cpu MHz		: 2534.000
cache size	: 3072 KB
physical id	: 0
siblings	: 4
core id		: 0
cpu cores	: 2
apicid		: 0
initial apicid	: 0
fpu		: yes
fpu_exception	: yes
cpuid level	: 11
wp		: yes
flags		: fpu vme de pse tsc msr pae mce cx8 apic sep mtrr pge mca cmov pat pse36 clflush dts acpi mmx fxsr sse sse2 ss ht tm pbe syscall nx rdtscp lm constant_tsc arch_perfmon pebs bts rep_good nopl xtopology nonstop_tsc aperfmperf pni dtes64 monitor ds_cpl vmx est tm2 ssse3 cx16 xtpr pdcm pcid sse4_1 sse4_2 popcnt lahf_lm ida arat dtherm tpr_shadow vnmi flexpriority ept vpid
bogomips	: 5066.80
clflush size	: 64
cache_alignment	: 64
address sizes	: 36 bits physical, 48 bits virtual
power management:

processor	: 1
vendor_id	: GenuineIntel
cpu family	: 6
model		: 37
model name	: Intel(R) Core(TM) i5 CPU       M 460  @ 2.53GHz
stepping	: 5
microcode	: 0x2
cpu MHz		: 2534.000
cache size	: 3072 KB
physical id	: 0
siblings	: 4
core id		: 0
cpu cores	: 2
apicid		: 1
initial apicid	: 1
fpu		: yes
fpu_exception	: yes
cpuid level	: 11
wp		: yes
flags		: fpu vme de pse tsc msr pae mce cx8 apic sep mtrr pge mca cmov pat pse36 clflush dts acpi mmx fxsr sse sse2 ss ht tm pbe syscall nx rdtscp lm constant_tsc arch_perfmon pebs bts rep_good nopl xtopology nonstop_tsc aperfmperf pni dtes64 monitor ds_cpl vmx est tm2 ssse3 cx16 xtpr pdcm pcid sse4_1 sse4_2 popcnt lahf_lm ida arat dtherm tpr_shadow vnmi flexpriority ept vpid
bogomips	: 5066.80
clflush size	: 64
cache_alignment	: 64
address sizes	: 36 bits physical, 48 bits virtual
power management:

processor	: 2
vendor_id	: GenuineIntel
cpu family	: 6
model		: 37
model name	: Intel(R) Core(TM) i5 CPU       M 460  @ 2.53GHz
stepping	: 5
microcode	: 0x2
cpu MHz		: 1199.000
cache size	: 3072 KB
physical id	: 0
siblings	: 4
core id		: 2
cpu cores	: 2
apicid		: 4
initial apicid	: 4
fpu		: yes
fpu_exception	: yes
cpuid level	: 11
wp		: yes
flags		: fpu vme de pse tsc msr pae mce cx8 apic sep mtrr pge mca cmov pat pse36 clflush dts acpi mmx fxsr sse sse2 ss ht tm pbe syscall nx rdtscp lm constant_tsc arch_perfmon pebs bts rep_good nopl xtopology nonstop_tsc aperfmperf pni dtes64 monitor ds_cpl vmx est tm2 ssse3 cx16 xtpr pdcm pcid sse4_1 sse4_2 popcnt lahf_lm ida arat dtherm tpr_shadow vnmi flexpriority ept vpid
bogomips	: 5066.80
clflush size	: 64
cache_alignment	: 64
address sizes	: 36 bits physical, 48 bits virtual
power management:

processor	: 3
vendor_id	: GenuineIntel
cpu family	: 6
model		: 37
model name	: Intel(R) Core(TM) i5 CPU       M 460  @ 2.53GHz
stepping	: 5
microcode	: 0x2
cpu MHz		: 2534.000
cache size	: 3072 KB
physical id	: 0
siblings	: 4
core id		: 2
cpu cores	: 2
apicid		: 5
initial apicid	: 5
fpu		: yes
fpu_exception	: yes
cpuid level	: 11
wp		: yes
flags		: fpu vme de pse tsc msr pae mce cx8 apic sep mtrr pge mca cmov pat pse36 clflush dts acpi mmx fxsr sse sse2 ss ht tm pbe syscall nx rdtscp lm constant_tsc arch_perfmon pebs bts rep_good nopl xtopology nonstop_tsc aperfmperf pni dtes64 monitor ds_cpl vmx est tm2 ssse3 cx16 xtpr pdcm pcid sse4_1 sse4_2 popcnt lahf_lm ida arat dtherm tpr_shadow vnmi flexpriority ept vpid
bogomips	: 5066.80
clflush size	: 64
cache_alignment	: 64
address sizes	: 36 bits physical, 48 bits virtual
power management:



Memory: 4k page, physical 3844532k(1767728k free), swap 3987452k(3987452k free)

vm_info: OpenJDK 64-Bit Server VM (24.45-b08) for linux-amd64 JRE (1.7.0_51-b00), built on Jan 15 2014 22:02:57 by "buildd" with gcc 4.8.1

time: Sat Apr  5 21:43:12 2014
elapsed time: 3 seconds

