#
# A fatal error has been detected by the Java Runtime Environment:
#
#  SIGSEGV (0xb) at pc=0x00007f670f1f55a7, pid=13552, tid=140080992581376
#
# JRE version: OpenJDK Runtime Environment (7.0_51) (build 1.7.0_51-b00)
# Java VM: OpenJDK 64-Bit Server VM (24.45-b08 mixed mode linux-amd64 compressed oops)
# Problematic frame:
# C  [libconvex_hull.so+0x15a7]  imprime_lista+0x2e
#
# Failed to write core dump. Core dumps have been disabled. To enable core dumping, try "ulimit -c unlimited" before starting Java again
#
# If you would like to submit a bug report, please include
# instructions on how to reproduce the bug and visit:
#   http://icedtea.classpath.org/bugzilla
# The crash happened outside the Java Virtual Machine in native code.
# See problematic frame for where to report the bug.
#

---------------  T H R E A D  ---------------

Current thread (0x00007f672000a800):  JavaThread "main" [_thread_in_native, id=13577, stack(0x00007f6725ad7000,0x00007f6725cd8000)]

siginfo:si_signo=SIGSEGV: si_errno=0, si_code=1 (SEGV_MAPERR), si_addr=0x0000000000000000

Registers:
RAX=0x0000000000000000, RBX=0x00000000d79ca640, RCX=0x0000000000000023, RDX=0x0000000000000000
RSP=0x00007f6725cd4e40, RBP=0x00007f6725cd4e70, RSI=0x0000000000000000, RDI=0x00007f6725cd4910
R8 =0x00007f6727cb06a0, R9 =0x00007f672793e134, R10=0x0000000000000000, R11=0x0000000000000000
R12=0x0000000000000000, R13=0x00000000d79ca640, R14=0x00007f6725cd5008, R15=0x00007f672000a800
RIP=0x00007f670f1f55a7, EFLAGS=0x0000000000010293, CSGSFS=0x0000000000000033, ERR=0x0000000000000004
  TRAPNO=0x000000000000000e

Top of Stack: (sp=0x00007f6725cd4e40)
0x00007f6725cd4e40:   00007f67204b5cc0 00007f67204b5c40
0x00007f6725cd4e50:   00007f67204b5d00 0000000300000001
0x00007f6725cd4e60:   0000050efffff595 0000000000000000
0x00007f6725cd4e70:   00007f6725cd4f20 00007f670f1f58c5
0x00007f6725cd4e80:   00000000d7e47a88 00007f67204bad90
0x00007f6725cd4e90:   00000000d7e47620 00007f67204bfa10
0x00007f6725cd4ea0:   00007f67204b5c40 00000000e11d53e8
0x00007f6725cd4eb0:   00007f671d196194 00000000f77eac70
0x00007f6725cd4ec0:   00000000e123ad18 00000000f78eb6c8
0x00007f6725cd4ed0:   00000000e1126a70 00000000e1176250
0x00007f6725cd4ee0:   00007f67204b5c00 00007f67204b5c60
0x00007f6725cd4ef0:   00007f67204bfa30 00007f67204b5c80
0x00007f6725cd4f00:   00007f67204bf9f0 00007f67204b5ca0
0x00007f6725cd4f10:   00007f6725cd4f10 00000000d6aa2219
0x00007f6725cd4f20:   00007f672046a880 00007f67140bdcd9
0x00007f6725cd4f30:   0000000000000000 00000000d79ca640
0x00007f6725cd4f40:   00007f6725cd4fc0 00007f671d012738
0x00007f6725cd4f50:   00007f6725cd4fe0 00007f671d006233
0x00007f6725cd4f60:   00000000e118ed08 00007f671d006233
0x00007f6725cd4f70:   00000000f77eac70 00000000e123ad18
0x00007f6725cd4f80:   00007f6725cd4f80 0000000000000000
0x00007f6725cd4f90:   00007f6725cd5008 00000000d79d2b68
0x00007f6725cd4fa0:   0000000000000000 00000000d79ca640
0x00007f6725cd4fb0:   0000000000000000 00007f6725cd4fe0
0x00007f6725cd4fc0:   00007f6725cd5050 00007f671d006175
0x00007f6725cd4fd0:   00000000e107fa20 00007f671d00ecd7
0x00007f6725cd4fe0:   00007f67204bad90 00007f671d006233
0x00007f6725cd4ff0:   00007f670f1f56c6 00007f671d006233
0x00007f6725cd5000:   00007f672046a880 00007f671d006233
0x00007f6725cd5010:   00007f6725cd5010 00000000d7ac74a7
0x00007f6725cd5020:   00007f6725cd5088 00000000d7ad3700
0x00007f6725cd5030:   0000000000000000 00000000d7ac74e8 

Instructions: (pc=0x00007f670f1f55a7)
0x00007f670f1f5587:   45 d8 48 8b 00 48 89 45 f8 48 8b 45 d8 8b 40 10
0x00007f670f1f5597:   89 45 ec c7 45 e8 00 00 00 00 eb 4b 48 8b 45 f8
0x00007f670f1f55a7:   48 8b 00 8b 00 89 45 f0 48 8b 45 f8 48 8b 00 8b
0x00007f670f1f55b7:   40 04 89 45 f4 8b 75 f4 8b 4d f0 8b 55 e8 8b 45 

Register to memory mapping:

RAX=0x0000000000000000 is an unknown value
RBX=0x00000000d79ca640 is an oop
{method} 
 - klass: {other class}
RCX=0x0000000000000023 is an unknown value
RDX=0x0000000000000000 is an unknown value
RSP=0x00007f6725cd4e40 is pointing into the stack for thread: 0x00007f672000a800
RBP=0x00007f6725cd4e70 is pointing into the stack for thread: 0x00007f672000a800
RSI=0x0000000000000000 is an unknown value
RDI=0x00007f6725cd4910 is pointing into the stack for thread: 0x00007f672000a800
R8 =0x00007f6727cb06a0: _IO_file_jumps+0 in /lib/x86_64-linux-gnu/libc.so.6 at 0x00007f67278f0000
R9 =0x00007f672793e134: _IO_vfprintf+0x49b4 in /lib/x86_64-linux-gnu/libc.so.6 at 0x00007f67278f0000
R10=0x0000000000000000 is an unknown value
R11=0x0000000000000000 is an unknown value
R12=0x0000000000000000 is an unknown value
R13=0x00000000d79ca640 is an oop
{method} 
 - klass: {other class}
R14=0x00007f6725cd5008 is pointing into the stack for thread: 0x00007f672000a800
R15=0x00007f672000a800 is a thread


Stack: [0x00007f6725ad7000,0x00007f6725cd8000],  sp=0x00007f6725cd4e40,  free space=2039k
Native frames: (J=compiled Java code, j=interpreted, Vv=VM code, C=native code)
C  [libconvex_hull.so+0x15a7]  imprime_lista+0x2e
C  [libconvex_hull.so+0x18c5]  convex_hull+0x1ff

Java frames: (J=compiled Java code, j=interpreted, Vv=VM code)
j  com.kenai.jffi.Foreign.invokeL1(JJJ)J+0
j  com.kenai.jffi.Invoker.invokeL1(Lcom/kenai/jffi/CallContext;JJ)J+7
j  org.jruby.ext.ffi.jffi.NativeInvoker$ffi$1.call(Lorg/jruby/runtime/ThreadContext;Lorg/jruby/runtime/builtin/IRubyObject;Lorg/jruby/RubyModule;Ljava/lang/String;Lorg/jruby/runtime/builtin/IRubyObject;)Lorg/jruby/runtime/builtin/IRubyObject;+76
j  org.jruby.runtime.callsite.CachingCallSite.cacheAndCall(Lorg/jruby/runtime/builtin/IRubyObject;Lorg/jruby/RubyClass;Lorg/jruby/runtime/ThreadContext;Lorg/jruby/runtime/builtin/IRubyObject;Lorg/jruby/runtime/builtin/IRubyObject;)Lorg/jruby/runtime/builtin/IRubyObject;+57
J  org.jruby.runtime.callsite.CachingCallSite.call(Lorg/jruby/runtime/ThreadContext;Lorg/jruby/runtime/builtin/IRubyObject;Lorg/jruby/runtime/builtin/IRubyObject;Lorg/jruby/runtime/builtin/IRubyObject;)Lorg/jruby/runtime/builtin/IRubyObject;
J  org.jruby.ast.CallOneArgNode.interpret(Lorg/jruby/Ruby;Lorg/jruby/runtime/ThreadContext;Lorg/jruby/runtime/builtin/IRubyObject;Lorg/jruby/runtime/Block;)Lorg/jruby/runtime/builtin/IRubyObject;
j  org.jruby.ast.LocalAsgnNode.interpret(Lorg/jruby/Ruby;Lorg/jruby/runtime/ThreadContext;Lorg/jruby/runtime/builtin/IRubyObject;Lorg/jruby/runtime/Block;)Lorg/jruby/runtime/builtin/IRubyObject;+30
J  org.jruby.ast.BlockNode.interpret(Lorg/jruby/Ruby;Lorg/jruby/runtime/ThreadContext;Lorg/jruby/runtime/builtin/IRubyObject;Lorg/jruby/runtime/Block;)Lorg/jruby/runtime/builtin/IRubyObject;
j  org.jruby.evaluator.ASTInterpreter.INTERPRET_METHOD(Lorg/jruby/Ruby;Lorg/jruby/runtime/ThreadContext;Ljava/lang/String;ILorg/jruby/RubyModule;Lorg/jruby/ast/Node;Ljava/lang/String;Lorg/jruby/runtime/builtin/IRubyObject;Lorg/jruby/runtime/Block;Z)Lorg/jruby/runtime/builtin/IRubyObject;+30
j  org.jruby.internal.runtime.methods.InterpretedMethod.call(Lorg/jruby/runtime/ThreadContext;Lorg/jruby/runtime/builtin/IRubyObject;Lorg/jruby/RubyModule;Ljava/lang/String;)Lorg/jruby/runtime/builtin/IRubyObject;+80
j  org.jruby.internal.runtime.methods.DefaultMethod.call(Lorg/jruby/runtime/ThreadContext;Lorg/jruby/runtime/builtin/IRubyObject;Lorg/jruby/RubyModule;Ljava/lang/String;)Lorg/jruby/runtime/builtin/IRubyObject;+20
j  org.jruby.runtime.callsite.CachingCallSite.cacheAndCall(Lorg/jruby/runtime/builtin/IRubyObject;Lorg/jruby/RubyClass;Lorg/jruby/runtime/ThreadContext;Lorg/jruby/runtime/builtin/IRubyObject;)Lorg/jruby/runtime/builtin/IRubyObject;+53
j  org.jruby.runtime.callsite.CachingCallSite.call(Lorg/jruby/runtime/ThreadContext;Lorg/jruby/runtime/builtin/IRubyObject;Lorg/jruby/runtime/builtin/IRubyObject;)Lorg/jruby/runtime/builtin/IRubyObject;+46
j  org.jruby.ast.CallNoArgNode.interpret(Lorg/jruby/Ruby;Lorg/jruby/runtime/ThreadContext;Lorg/jruby/runtime/builtin/IRubyObject;Lorg/jruby/runtime/Block;)Lorg/jruby/runtime/builtin/IRubyObject;+18
j  org.jruby.ast.FCallTwoArgNode.interpret(Lorg/jruby/Ruby;Lorg/jruby/runtime/ThreadContext;Lorg/jruby/runtime/builtin/IRubyObject;Lorg/jruby/runtime/Block;)Lorg/jruby/runtime/builtin/IRubyObject;+28
J  org.jruby.ast.NewlineNode.interpret(Lorg/jruby/Ruby;Lorg/jruby/runtime/ThreadContext;Lorg/jruby/runtime/builtin/IRubyObject;Lorg/jruby/runtime/Block;)Lorg/jruby/runtime/builtin/IRubyObject;
j  org.jruby.ast.BlockNode.interpret(Lorg/jruby/Ruby;Lorg/jruby/runtime/ThreadContext;Lorg/jruby/runtime/builtin/IRubyObject;Lorg/jruby/runtime/Block;)Lorg/jruby/runtime/builtin/IRubyObject;+33
j  org.jruby.evaluator.ASTInterpreter.INTERPRET_METHOD(Lorg/jruby/Ruby;Lorg/jruby/runtime/ThreadContext;Ljava/lang/String;ILorg/jruby/RubyModule;Lorg/jruby/ast/Node;Ljava/lang/String;Lorg/jruby/runtime/builtin/IRubyObject;Lorg/jruby/runtime/Block;Z)Lorg/jruby/runtime/builtin/IRubyObject;+30
j  org.jruby.internal.runtime.methods.InterpretedMethod.call(Lorg/jruby/runtime/ThreadContext;Lorg/jruby/runtime/builtin/IRubyObject;Lorg/jruby/RubyModule;Ljava/lang/String;)Lorg/jruby/runtime/builtin/IRubyObject;+80
j  org.jruby.internal.runtime.methods.DefaultMethod.call(Lorg/jruby/runtime/ThreadContext;Lorg/jruby/runtime/builtin/IRubyObject;Lorg/jruby/RubyModule;Ljava/lang/String;)Lorg/jruby/runtime/builtin/IRubyObject;+20
j  org.jruby.runtime.callsite.CachingCallSite.cacheAndCall(Lorg/jruby/runtime/builtin/IRubyObject;Lorg/jruby/RubyClass;Lorg/jruby/runtime/ThreadContext;Lorg/jruby/runtime/builtin/IRubyObject;)Lorg/jruby/runtime/builtin/IRubyObject;+53
j  org.jruby.runtime.callsite.CachingCallSite.call(Lorg/jruby/runtime/ThreadContext;Lorg/jruby/runtime/builtin/IRubyObject;Lorg/jruby/runtime/builtin/IRubyObject;)Lorg/jruby/runtime/builtin/IRubyObject;+46
j  Makefile.method__2$RUBY$test(LMakefile;Lorg/jruby/runtime/ThreadContext;Lorg/jruby/runtime/builtin/IRubyObject;Lorg/jruby/runtime/Block;)Lorg/jruby/runtime/builtin/IRubyObject;+130
j  Makefile$method__2$RUBY$test.call(Lorg/jruby/runtime/ThreadContext;Lorg/jruby/runtime/builtin/IRubyObject;Lorg/jruby/RubyModule;Ljava/lang/String;Lorg/jruby/runtime/Block;)Lorg/jruby/runtime/builtin/IRubyObject;+17
j  org.jruby.RubyClass.finvoke(Lorg/jruby/runtime/ThreadContext;Lorg/jruby/runtime/builtin/IRubyObject;Ljava/lang/String;Lorg/jruby/runtime/Block;)Lorg/jruby/runtime/builtin/IRubyObject;+41
j  org.jruby.RubyBasicObject.send19(Lorg/jruby/runtime/ThreadContext;Lorg/jruby/runtime/builtin/IRubyObject;Lorg/jruby/runtime/Block;)Lorg/jruby/runtime/builtin/IRubyObject;+15
j  org.jruby.RubyKernel.send19(Lorg/jruby/runtime/ThreadContext;Lorg/jruby/runtime/builtin/IRubyObject;Lorg/jruby/runtime/builtin/IRubyObject;Lorg/jruby/runtime/Block;)Lorg/jruby/runtime/builtin/IRubyObject;+7
j  org.jruby.RubyKernel$INVOKER$s$send19.call(Lorg/jruby/runtime/ThreadContext;Lorg/jruby/runtime/builtin/IRubyObject;Lorg/jruby/RubyModule;Ljava/lang/String;Lorg/jruby/runtime/builtin/IRubyObject;Lorg/jruby/runtime/Block;)Lorg/jruby/runtime/builtin/IRubyObject;+6
j  org.jruby.internal.runtime.methods.JavaMethod$JavaMethodOneOrNBlock.call(Lorg/jruby/runtime/ThreadContext;Lorg/jruby/runtime/builtin/IRubyObject;Lorg/jruby/RubyModule;Ljava/lang/String;Lorg/jruby/runtime/builtin/IRubyObject;)Lorg/jruby/runtime/builtin/IRubyObject;+11
j  org.jruby.runtime.callsite.CachingCallSite.call(Lorg/jruby/runtime/ThreadContext;Lorg/jruby/runtime/builtin/IRubyObject;Lorg/jruby/runtime/builtin/IRubyObject;Lorg/jruby/runtime/builtin/IRubyObject;)Lorg/jruby/runtime/builtin/IRubyObject;+38
j  Makefile.block_6$RUBY$__file__(LMakefile;Lorg/jruby/runtime/ThreadContext;Lorg/jruby/runtime/builtin/IRubyObject;[Lorg/jruby/runtime/builtin/IRubyObject;Lorg/jruby/runtime/Block;)Lorg/jruby/runtime/builtin/IRubyObject;+46
j  Makefile$block_6$RUBY$__file__.call(Lorg/jruby/runtime/ThreadContext;Lorg/jruby/runtime/builtin/IRubyObject;[Lorg/jruby/runtime/builtin/IRubyObject;Lorg/jruby/runtime/Block;)Lorg/jruby/runtime/builtin/IRubyObject;+9
j  org.jruby.runtime.CompiledBlock19.yield(Lorg/jruby/runtime/ThreadContext;Lorg/jruby/runtime/builtin/IRubyObject;Lorg/jruby/runtime/Binding;Lorg/jruby/runtime/Block$Type;)Lorg/jruby/runtime/builtin/IRubyObject;+52
j  org.jruby.runtime.Block.yield(Lorg/jruby/runtime/ThreadContext;Lorg/jruby/runtime/builtin/IRubyObject;)Lorg/jruby/runtime/builtin/IRubyObject;+14
j  org.jruby.RubyArray.eachCommon(Lorg/jruby/runtime/ThreadContext;Lorg/jruby/runtime/Block;)Lorg/jruby/runtime/builtin/IRubyObject;+41
j  org.jruby.RubyArray.each(Lorg/jruby/runtime/ThreadContext;Lorg/jruby/runtime/Block;)Lorg/jruby/runtime/builtin/IRubyObject;+10
j  org.jruby.RubyArray$INVOKER$i$0$0$each.call(Lorg/jruby/runtime/ThreadContext;Lorg/jruby/runtime/builtin/IRubyObject;Lorg/jruby/RubyModule;Ljava/lang/String;Lorg/jruby/runtime/Block;)Lorg/jruby/runtime/builtin/IRubyObject;+7
j  org.jruby.runtime.callsite.CachingCallSite.cacheAndCall(Lorg/jruby/runtime/builtin/IRubyObject;Lorg/jruby/RubyClass;Lorg/jruby/runtime/Block;Lorg/jruby/runtime/ThreadContext;Lorg/jruby/runtime/builtin/IRubyObject;)Lorg/jruby/runtime/builtin/IRubyObject;+57
j  org.jruby.runtime.callsite.CachingCallSite.callBlock(Lorg/jruby/runtime/ThreadContext;Lorg/jruby/runtime/builtin/IRubyObject;Lorg/jruby/runtime/builtin/IRubyObject;Lorg/jruby/runtime/Block;)Lorg/jruby/runtime/builtin/IRubyObject;+50
j  org.jruby.runtime.callsite.CachingCallSite.callIter(Lorg/jruby/runtime/ThreadContext;Lorg/jruby/runtime/builtin/IRubyObject;Lorg/jruby/runtime/builtin/IRubyObject;Lorg/jruby/runtime/Block;)Lorg/jruby/runtime/builtin/IRubyObject;+6
j  Makefile.__file__(LMakefile;Lorg/jruby/runtime/ThreadContext;Lorg/jruby/runtime/builtin/IRubyObject;[Lorg/jruby/runtime/builtin/IRubyObject;Lorg/jruby/runtime/Block;)Lorg/jruby/runtime/builtin/IRubyObject;+859
j  Makefile.load(Lorg/jruby/runtime/ThreadContext;Lorg/jruby/runtime/builtin/IRubyObject;Z)Lorg/jruby/runtime/builtin/IRubyObject;+22
j  org.jruby.Ruby.runScript(Lorg/jruby/ast/executable/Script;Z)Lorg/jruby/runtime/builtin/IRubyObject;+12
j  org.jruby.Ruby.runScript(Lorg/jruby/ast/executable/Script;)Lorg/jruby/runtime/builtin/IRubyObject;+3
j  org.jruby.Ruby.runNormally(Lorg/jruby/ast/Node;)Lorg/jruby/runtime/builtin/IRubyObject;+73
j  org.jruby.Ruby.runFromMain(Ljava/io/InputStream;Ljava/lang/String;)V+320
j  org.jruby.Main.doRunFromMain(Lorg/jruby/Ruby;Ljava/io/InputStream;Ljava/lang/String;)Lorg/jruby/Main$Status;+12
j  org.jruby.Main.internalRun()Lorg/jruby/Main$Status;+234
j  org.jruby.Main.run([Ljava/lang/String;)Lorg/jruby/Main$Status;+9
j  org.jruby.Main.main([Ljava/lang/String;)V+35
v  ~StubRoutines::call_stub

---------------  P R O C E S S  ---------------

Java Threads: ( => current thread )
  0x00007f672048d000 JavaThread "JRubyJIT-2" daemon [_thread_blocked, id=13660, stack(0x00007f670f7fc000,0x00007f670f9fd000)]
  0x00007f672048b000 JavaThread "process reaper" daemon [_thread_blocked, id=13593, stack(0x00007f671c0af000,0x00007f671c0e8000)]
  0x00007f6720471000 JavaThread "JRubyJIT-1" daemon [_thread_blocked, id=13590, stack(0x00007f670fdff000,0x00007f6710000000)]
  0x00007f67200ad000 JavaThread "Service Thread" daemon [_thread_blocked, id=13588, stack(0x00007f6715b2e000,0x00007f6715d2f000)]
  0x00007f67200aa800 JavaThread "C2 CompilerThread1" daemon [_thread_in_native, id=13587, stack(0x00007f6715d2f000,0x00007f6715e30000)]
  0x00007f67200a7800 JavaThread "C2 CompilerThread0" daemon [_thread_in_native, id=13586, stack(0x00007f6715e30000,0x00007f6715f31000)]
  0x00007f67200a5800 JavaThread "Signal Dispatcher" daemon [_thread_blocked, id=13585, stack(0x00007f6715f31000,0x00007f6716132000)]
  0x00007f6720082800 JavaThread "Finalizer" daemon [_thread_blocked, id=13584, stack(0x00007f671652c000,0x00007f671672d000)]
  0x00007f6720080800 JavaThread "Reference Handler" daemon [_thread_blocked, id=13583, stack(0x00007f671672d000,0x00007f671692e000)]
=>0x00007f672000a800 JavaThread "main" [_thread_in_native, id=13577, stack(0x00007f6725ad7000,0x00007f6725cd8000)]

Other Threads:
  0x00007f672007c800 VMThread [stack: 0x00007f671692e000,0x00007f6716a2f000] [id=13582]
  0x00007f67200b7800 WatcherThread [stack: 0x00007f6715a2d000,0x00007f6715b2e000] [id=13589]

VM state:not at safepoint (normal execution)

VM Mutex/Monitor currently owned by a thread: None

Heap
 PSYoungGen      total 33280K, used 16035K [0x00000000f5900000, 0x00000000f9a00000, 0x0000000100000000)
  eden space 30720K, 43% used [0x00000000f5900000,0x00000000f662b938,0x00000000f7700000)
  from space 2560K, 99% used [0x00000000f7700000,0x00000000f797d528,0x00000000f7980000)
  to   space 2560K, 0% used [0x00000000f9780000,0x00000000f9780000,0x00000000f9a00000)
 ParOldGen       total 39936K, used 7649K [0x00000000e0c00000, 0x00000000e3300000, 0x00000000f5900000)
  object space 39936K, 19% used [0x00000000e0c00000,0x00000000e1378560,0x00000000e3300000)
 PSPermGen       total 25600K, used 25469K [0x00000000d6600000, 0x00000000d7f00000, 0x00000000e0c00000)
  object space 25600K, 99% used [0x00000000d6600000,0x00000000d7edf510,0x00000000d7f00000)

Card table byte_map: [0x00007f67248fd000,0x00007f6724a4b000] byte_map_base: 0x00007f672424a000

Polling page: 0x00007f67280e5000

Code Cache  [0x00007f671d000000, 0x00007f671d270000, 0x00007f6720000000)
 total_blobs=949 nmethods=470 adapters=433 free_code_cache=47328Kb largest_free_block=48434752

Compilation events (10 events):
Event: 3,821 Thread 0x00007f67200aa800 nmethod 472 0x00007f671d1cd190 code [0x00007f671d1cd300, 0x00007f671d1cd598]
Event: 3,821 Thread 0x00007f67200aa800  475             org.jruby.runtime.callsite.CachingCallSite::call (62 bytes)
Event: 3,821 Thread 0x00007f67200a7800 nmethod 474 0x00007f671d1c0510 code [0x00007f671d1c0660, 0x00007f671d1c06f8]
Event: 3,821 Thread 0x00007f67200a7800  476             org.jruby.ast.executable.AbstractScript::getCallSite1 (10 bytes)
Event: 3,824 Thread 0x00007f67200a7800 nmethod 476 0x00007f671d1cced0 code [0x00007f671d1cd020, 0x00007f671d1cd0b8]
Event: 3,824 Thread 0x00007f67200a7800  477             org.jruby.ast.executable.AbstractScript::getCallSite4 (10 bytes)
Event: 3,824 Thread 0x00007f67200a7800 nmethod 477 0x00007f671d1ccc10 code [0x00007f671d1ccd60, 0x00007f671d1ccdf8]
Event: 3,824 Thread 0x00007f67200a7800  478             org.jruby.RubyFixnum::zero (9 bytes)
Event: 3,825 Thread 0x00007f67200a7800 nmethod 478 0x00007f671d1cc950 code [0x00007f671d1ccaa0, 0x00007f671d1ccb38]
Event: 3,825 Thread 0x00007f67200a7800  479             org.jruby.ast.FCallThreeArgNode::interpret (47 bytes)

GC Heap History (6 events):
Event: 1,386 GC heap before
{Heap before GC invocations=1 (full 0):
 PSYoungGen      total 17920K, used 15360K [0x00000000f5900000, 0x00000000f6d00000, 0x0000000100000000)
  eden space 15360K, 100% used [0x00000000f5900000,0x00000000f6800000,0x00000000f6800000)
  from space 2560K, 0% used [0x00000000f6a80000,0x00000000f6a80000,0x00000000f6d00000)
  to   space 2560K, 0% used [0x00000000f6800000,0x00000000f6800000,0x00000000f6a80000)
 ParOldGen       total 39936K, used 0K [0x00000000e0c00000, 0x00000000e3300000, 0x00000000f5900000)
  object space 39936K, 0% used [0x00000000e0c00000,0x00000000e0c00000,0x00000000e3300000)
 PSPermGen       total 21504K, used 19066K [0x00000000d6600000, 0x00000000d7b00000, 0x00000000e0c00000)
  object space 21504K, 88% used [0x00000000d6600000,0x00000000d789eba0,0x00000000d7b00000)
Event: 1,403 GC heap after
Heap after GC invocations=1 (full 0):
 PSYoungGen      total 17920K, used 2549K [0x00000000f5900000, 0x00000000f7c00000, 0x0000000100000000)
  eden space 15360K, 0% used [0x00000000f5900000,0x00000000f5900000,0x00000000f6800000)
  from space 2560K, 99% used [0x00000000f6800000,0x00000000f6a7d4d8,0x00000000f6a80000)
  to   space 2560K, 0% used [0x00000000f7980000,0x00000000f7980000,0x00000000f7c00000)
 ParOldGen       total 39936K, used 3276K [0x00000000e0c00000, 0x00000000e3300000, 0x00000000f5900000)
  object space 39936K, 8% used [0x00000000e0c00000,0x00000000e0f330d8,0x00000000e3300000)
 PSPermGen       total 21504K, used 19066K [0x00000000d6600000, 0x00000000d7b00000, 0x00000000e0c00000)
  object space 21504K, 88% used [0x00000000d6600000,0x00000000d789eba0,0x00000000d7b00000)
}
Event: 2,607 GC heap before
{Heap before GC invocations=2 (full 0):
 PSYoungGen      total 17920K, used 17909K [0x00000000f5900000, 0x00000000f7c00000, 0x0000000100000000)
  eden space 15360K, 100% used [0x00000000f5900000,0x00000000f6800000,0x00000000f6800000)
  from space 2560K, 99% used [0x00000000f6800000,0x00000000f6a7d4d8,0x00000000f6a80000)
  to   space 2560K, 0% used [0x00000000f7980000,0x00000000f7980000,0x00000000f7c00000)
 ParOldGen       total 39936K, used 3276K [0x00000000e0c00000, 0x00000000e3300000, 0x00000000f5900000)
  object space 39936K, 8% used [0x00000000e0c00000,0x00000000e0f330d8,0x00000000e3300000)
 PSPermGen       total 23552K, used 23548K [0x00000000d6600000, 0x00000000d7d00000, 0x00000000e0c00000)
  object space 23552K, 99% used [0x00000000d6600000,0x00000000d7cff350,0x00000000d7d00000)
Event: 2,627 GC heap after
Heap after GC invocations=2 (full 0):
 PSYoungGen      total 33280K, used 2549K [0x00000000f5900000, 0x00000000f7c00000, 0x0000000100000000)
  eden space 30720K, 0% used [0x00000000f5900000,0x00000000f5900000,0x00000000f7700000)
  from space 2560K, 99% used [0x00000000f7980000,0x00000000f7bfd528,0x00000000f7c00000)
  to   space 2560K, 0% used [0x00000000f7700000,0x00000000f7700000,0x00000000f7980000)
 ParOldGen       total 39936K, used 5201K [0x00000000e0c00000, 0x00000000e3300000, 0x00000000f5900000)
  object space 39936K, 13% used [0x00000000e0c00000,0x00000000e1114430,0x00000000e3300000)
 PSPermGen       total 23552K, used 23548K [0x00000000d6600000, 0x00000000d7d00000, 0x00000000e0c00000)
  object space 23552K, 99% used [0x00000000d6600000,0x00000000d7cff350,0x00000000d7d00000)
}
Event: 3,881 GC heap before
{Heap before GC invocations=3 (full 0):
 PSYoungGen      total 33280K, used 33269K [0x00000000f5900000, 0x00000000f7c00000, 0x0000000100000000)
  eden space 30720K, 100% used [0x00000000f5900000,0x00000000f7700000,0x00000000f7700000)
  from space 2560K, 99% used [0x00000000f7980000,0x00000000f7bfd528,0x00000000f7c00000)
  to   space 2560K, 0% used [0x00000000f7700000,0x00000000f7700000,0x00000000f7980000)
 ParOldGen       total 39936K, used 5201K [0x00000000e0c00000, 0x00000000e3300000, 0x00000000f5900000)
  object space 39936K, 13% used [0x00000000e0c00000,0x00000000e1114430,0x00000000e3300000)
 PSPermGen       total 25600K, used 25469K [0x00000000d6600000, 0x00000000d7f00000, 0x00000000e0c00000)
  object space 25600K, 99% used [0x00000000d6600000,0x00000000d7edf4f0,0x00000000d7f00000)
Event: 3,896 GC heap after
Heap after GC invocations=3 (full 0):
 PSYoungGen      total 33280K, used 2549K [0x00000000f5900000, 0x00000000f9a00000, 0x0000000100000000)
  eden space 30720K, 0% used [0x00000000f5900000,0x00000000f5900000,0x00000000f7700000)
  from space 2560K, 99% used [0x00000000f7700000,0x00000000f797d528,0x00000000f7980000)
  to   space 2560K, 0% used [0x00000000f9780000,0x00000000f9780000,0x00000000f9a00000)
 ParOldGen       total 39936K, used 7649K [0x00000000e0c00000, 0x00000000e3300000, 0x00000000f5900000)
  object space 39936K, 19% used [0x00000000e0c00000,0x00000000e1378560,0x00000000e3300000)
 PSPermGen       total 25600K, used 25469K [0x00000000d6600000, 0x00000000d7f00000, 0x00000000e0c00000)
  object space 25600K, 99% used [0x00000000d6600000,0x00000000d7edf4f0,0x00000000d7f00000)
}

Deoptimization events (10 events):
Event: 2,437 Thread 0x00007f672048f000 Uncommon trap: reason=null_check action=make_not_entrant pc=0x00007f671d12dbec method=org.jruby.internal.runtime.ThreadService.getCurrentContext()Lorg/jruby/runtime/ThreadContext; @ 15
Event: 2,437 Thread 0x00007f672048d000 Uncommon trap: reason=null_check action=make_not_entrant pc=0x00007f671d12dbec method=org.jruby.internal.runtime.ThreadService.getCurrentContext()Lorg/jruby/runtime/ThreadContext; @ 15
Event: 3,092 Thread 0x00007f672000a800 Uncommon trap: reason=unreached action=reinterpret pc=0x00007f671d0940b4 method=java.util.concurrent.locks.AbstractQueuedSynchronizer.release(I)Z @ 14
Event: 3,092 Thread 0x00007f6720471000 Uncommon trap: reason=unreached action=reinterpret pc=0x00007f671d13140c method=java.util.concurrent.locks.AbstractQueuedSynchronizer.release(I)Z @ 14
Event: 3,115 Thread 0x00007f672000a800 Uncommon trap: reason=unreached action=reinterpret pc=0x00007f671d12b368 method=org.jruby.parser.ParserSupport.checkExpression(Lorg/jruby/ast/Node;)Z @ 3
Event: 3,474 Thread 0x00007f672000a800 Uncommon trap: reason=class_check action=maybe_recompile pc=0x00007f671d1703f8 method=org.jruby.RubyArray.compare(Lorg/jruby/runtime/ThreadContext;Lorg/jruby/runtime/invokedynamic/MethodNames;Lorg/jruby/runtime/builtin/IRubyObject;)Lorg/jruby/RubyBoolean;
Event: 3,474 Thread 0x00007f672000a800 Uncommon trap: reason=class_check action=maybe_recompile pc=0x00007f671d1703f8 method=org.jruby.RubyArray.compare(Lorg/jruby/runtime/ThreadContext;Lorg/jruby/runtime/invokedynamic/MethodNames;Lorg/jruby/runtime/builtin/IRubyObject;)Lorg/jruby/RubyBoolean;
Event: 3,474 Thread 0x00007f672000a800 Uncommon trap: reason=class_check action=maybe_recompile pc=0x00007f671d1703f8 method=org.jruby.RubyArray.compare(Lorg/jruby/runtime/ThreadContext;Lorg/jruby/runtime/invokedynamic/MethodNames;Lorg/jruby/runtime/builtin/IRubyObject;)Lorg/jruby/RubyBoolean;
Event: 3,474 Thread 0x00007f672000a800 Uncommon trap: reason=class_check action=maybe_recompile pc=0x00007f671d1703f8 method=org.jruby.RubyArray.compare(Lorg/jruby/runtime/ThreadContext;Lorg/jruby/runtime/invokedynamic/MethodNames;Lorg/jruby/runtime/builtin/IRubyObject;)Lorg/jruby/RubyBoolean;
Event: 3,775 Thread 0x00007f672000a800 Uncommon trap: reason=unreached action=reinterpret pc=0x00007f671d1b0890 method=java.util.HashSet.add(Ljava/lang/Object;)Z @ 11

Internal exceptions (10 events):
Event: 3,266 Thread 0x00007f672048d000 Threw 0x00000000f61088a8 at /build/buildd/openjdk-7-7u51-2.4.4/build/openjdk/hotspot/src/share/vm/prims/jvm.cpp:1244
Event: 3,266 Thread 0x00007f672048d000 Threw 0x00000000f6109948 at /build/buildd/openjdk-7-7u51-2.4.4/build/openjdk/hotspot/src/share/vm/prims/jvm.cpp:1244
Event: 3,309 Thread 0x00007f6720471000 Threw 0x00000000f61567c8 at /build/buildd/openjdk-7-7u51-2.4.4/build/openjdk/hotspot/src/share/vm/prims/jvm.cpp:1244
Event: 3,309 Thread 0x00007f6720471000 Threw 0x00000000f61578c8 at /build/buildd/openjdk-7-7u51-2.4.4/build/openjdk/hotspot/src/share/vm/prims/jvm.cpp:1244
Event: 3,312 Thread 0x00007f672048d000 Threw 0x00000000f63173b8 at /build/buildd/openjdk-7-7u51-2.4.4/build/openjdk/hotspot/src/share/vm/prims/jvm.cpp:1244
Event: 3,312 Thread 0x00007f672048d000 Threw 0x00000000f63184b8 at /build/buildd/openjdk-7-7u51-2.4.4/build/openjdk/hotspot/src/share/vm/prims/jvm.cpp:1244
Event: 3,320 Thread 0x00007f672048d000 Threw 0x00000000f63681d0 at /build/buildd/openjdk-7-7u51-2.4.4/build/openjdk/hotspot/src/share/vm/prims/jvm.cpp:1244
Event: 3,321 Thread 0x00007f672048d000 Threw 0x00000000f6369378 at /build/buildd/openjdk-7-7u51-2.4.4/build/openjdk/hotspot/src/share/vm/prims/jvm.cpp:1244
Event: 3,483 Thread 0x00007f6720471000 Threw 0x00000000f6358190 at /build/buildd/openjdk-7-7u51-2.4.4/build/openjdk/hotspot/src/share/vm/prims/jvm.cpp:1244
Event: 3,483 Thread 0x00007f6720471000 Threw 0x00000000f64d4588 at /build/buildd/openjdk-7-7u51-2.4.4/build/openjdk/hotspot/src/share/vm/prims/jvm.cpp:1244

Events (10 events):
Event: 3,474 Thread 0x00007f672000a800 Uncommon trap: trap_request=0xffffffde fr.pc=0x00007f671d1703f8
Event: 3,474 Thread 0x00007f672000a800 DEOPT PACKING pc=0x00007f671d1703f8 sp=0x00007f6725cd4e70
Event: 3,474 Thread 0x00007f672000a800 DEOPT UNPACKING pc=0x00007f671d039045 sp=0x00007f6725cd4e48 mode 2
Event: 3,483 loading class 0x00007f66d800ee30
Event: 3,483 loading class 0x00007f66d800ee30 done
Event: 3,774 Thread 0x00007f672000a800 Uncommon trap: trap_request=0xffffffad fr.pc=0x00007f671d1b0890
Event: 3,775 Thread 0x00007f672000a800 DEOPT PACKING pc=0x00007f671d1b0890 sp=0x00007f6725cd3b60
Event: 3,775 Thread 0x00007f672000a800 DEOPT UNPACKING pc=0x00007f671d039045 sp=0x00007f6725cd3b18 mode 2
Event: 3,880 Executing VM operation: ParallelGCFailedAllocation
Event: 3,896 Executing VM operation: ParallelGCFailedAllocation done


Dynamic libraries:
00400000-00401000 r-xp 00000000 08:05 12322450                           /usr/lib/jvm/java-7-openjdk-amd64/jre/bin/java
00600000-00601000 r--p 00000000 08:05 12322450                           /usr/lib/jvm/java-7-openjdk-amd64/jre/bin/java
00601000-00602000 rw-p 00001000 08:05 12322450                           /usr/lib/jvm/java-7-openjdk-amd64/jre/bin/java
02463000-02484000 rw-p 00000000 00:00 0                                  [heap]
d6600000-d7f00000 rw-p 00000000 00:00 0 
d7f00000-e0c00000 rw-p 00000000 00:00 0 
e0c00000-e3300000 rw-p 00000000 00:00 0 
e3300000-f5900000 rw-p 00000000 00:00 0 
f5900000-f9a00000 rw-p 00000000 00:00 0 
f9a00000-100000000 rw-p 00000000 00:00 0 
7f66c8000000-7f66c8021000 rw-p 00000000 00:00 0 
7f66c8021000-7f66cc000000 ---p 00000000 00:00 0 
7f66d0000000-7f66d0021000 rw-p 00000000 00:00 0 
7f66d0021000-7f66d4000000 ---p 00000000 00:00 0 
7f66d4000000-7f66d4021000 rw-p 00000000 00:00 0 
7f66d4021000-7f66d8000000 ---p 00000000 00:00 0 
7f66d8000000-7f66d8027000 rw-p 00000000 00:00 0 
7f66d8027000-7f66dc000000 ---p 00000000 00:00 0 
7f66dc000000-7f66dc021000 rw-p 00000000 00:00 0 
7f66dc021000-7f66e0000000 ---p 00000000 00:00 0 
7f66e0000000-7f66e0021000 rw-p 00000000 00:00 0 
7f66e0021000-7f66e4000000 ---p 00000000 00:00 0 
7f66e4000000-7f66e4021000 rw-p 00000000 00:00 0 
7f66e4021000-7f66e8000000 ---p 00000000 00:00 0 
7f66e8000000-7f66e8d97000 rw-p 00000000 00:00 0 
7f66e8d97000-7f66ec000000 ---p 00000000 00:00 0 
7f66ec000000-7f66ecd93000 rw-p 00000000 00:00 0 
7f66ecd93000-7f66f0000000 ---p 00000000 00:00 0 
7f66f0000000-7f66f0021000 rw-p 00000000 00:00 0 
7f66f0021000-7f66f4000000 ---p 00000000 00:00 0 
7f66f4000000-7f66f4021000 rw-p 00000000 00:00 0 
7f66f4021000-7f66f8000000 ---p 00000000 00:00 0 
7f66f8000000-7f66f8021000 rw-p 00000000 00:00 0 
7f66f8021000-7f66fc000000 ---p 00000000 00:00 0 
7f66fc000000-7f66fc021000 rw-p 00000000 00:00 0 
7f66fc021000-7f6700000000 ---p 00000000 00:00 0 
7f6700000000-7f6700021000 rw-p 00000000 00:00 0 
7f6700021000-7f6704000000 ---p 00000000 00:00 0 
7f6708000000-7f6708021000 rw-p 00000000 00:00 0 
7f6708021000-7f670c000000 ---p 00000000 00:00 0 
7f670f1f4000-7f670f1f6000 r-xp 00000000 08:05 16777925                   /home/luis/practica01/src/lib/libconvex_hull.so
7f670f1f6000-7f670f3f5000 ---p 00002000 08:05 16777925                   /home/luis/practica01/src/lib/libconvex_hull.so
7f670f3f5000-7f670f3f6000 r--p 00001000 08:05 16777925                   /home/luis/practica01/src/lib/libconvex_hull.so
7f670f3f6000-7f670f3f7000 rw-p 00002000 08:05 16777925                   /home/luis/practica01/src/lib/libconvex_hull.so
7f670f3f7000-7f670f3f9000 r-xp 00000000 08:05 16777919                   /home/luis/practica01/src/lib/libdouble_linked_list.so
7f670f3f9000-7f670f5f8000 ---p 00002000 08:05 16777919                   /home/luis/practica01/src/lib/libdouble_linked_list.so
7f670f5f8000-7f670f5f9000 r--p 00001000 08:05 16777919                   /home/luis/practica01/src/lib/libdouble_linked_list.so
7f670f5f9000-7f670f5fa000 rw-p 00002000 08:05 16777919                   /home/luis/practica01/src/lib/libdouble_linked_list.so
7f670f5fa000-7f670f5fb000 r-xp 00000000 08:05 16777854                   /home/luis/practica01/src/lib/lib2d_points.so
7f670f5fb000-7f670f7fa000 ---p 00001000 08:05 16777854                   /home/luis/practica01/src/lib/lib2d_points.so
7f670f7fa000-7f670f7fb000 r--p 00000000 08:05 16777854                   /home/luis/practica01/src/lib/lib2d_points.so
7f670f7fb000-7f670f7fc000 rw-p 00001000 08:05 16777854                   /home/luis/practica01/src/lib/lib2d_points.so
7f670f7fc000-7f670f7ff000 ---p 00000000 00:00 0 
7f670f7ff000-7f670f9fd000 rw-p 00000000 00:00 0                          [stack:13660]
7f670f9fd000-7f670fa00000 ---p 00000000 00:00 0 
7f670fa00000-7f670fbfe000 rw-p 00000000 00:00 0 
7f670fbfe000-7f670fc01000 ---p 00000000 00:00 0 
7f670fc01000-7f670fdff000 rw-p 00000000 00:00 0 
7f670fdff000-7f670fe02000 ---p 00000000 00:00 0 
7f670fe02000-7f6710000000 rw-p 00000000 00:00 0                          [stack:13590]
7f6710000000-7f6710021000 rw-p 00000000 00:00 0 
7f6710021000-7f6714000000 ---p 00000000 00:00 0 
7f67140b6000-7f67140c8000 r-xp 00000000 08:05 16253453                   /home/luis/.rbenv/versions/jruby-1.7.10/lib/jni/x86_64-Linux/libjffi-1.2.so
7f67140c8000-7f67142c7000 ---p 00012000 08:05 16253453                   /home/luis/.rbenv/versions/jruby-1.7.10/lib/jni/x86_64-Linux/libjffi-1.2.so
7f67142c7000-7f67142c8000 rw-p 00011000 08:05 16253453                   /home/luis/.rbenv/versions/jruby-1.7.10/lib/jni/x86_64-Linux/libjffi-1.2.so
7f67142c8000-7f67142d8000 r-xp 00000000 08:05 12322344                   /usr/lib/jvm/java-7-openjdk-amd64/jre/lib/amd64/libnio.so
7f67142d8000-7f67144d8000 ---p 00010000 08:05 12322344                   /usr/lib/jvm/java-7-openjdk-amd64/jre/lib/amd64/libnio.so
7f67144d8000-7f67144d9000 r--p 00010000 08:05 12322344                   /usr/lib/jvm/java-7-openjdk-amd64/jre/lib/amd64/libnio.so
7f67144d9000-7f67144da000 rw-p 00011000 08:05 12322344                   /usr/lib/jvm/java-7-openjdk-amd64/jre/lib/amd64/libnio.so
7f67144da000-7f6714517000 r-xp 00000000 08:05 9834371                    /lib/x86_64-linux-gnu/libpcre.so.3.13.1
7f6714517000-7f6714717000 ---p 0003d000 08:05 9834371                    /lib/x86_64-linux-gnu/libpcre.so.3.13.1
7f6714717000-7f6714718000 r--p 0003d000 08:05 9834371                    /lib/x86_64-linux-gnu/libpcre.so.3.13.1
7f6714718000-7f6714719000 rw-p 0003e000 08:05 9834371                    /lib/x86_64-linux-gnu/libpcre.so.3.13.1
7f6714719000-7f6714720000 r-xp 00000000 08:05 12196946                   /usr/lib/x86_64-linux-gnu/libffi.so.6.0.1
7f6714720000-7f671491f000 ---p 00007000 08:05 12196946                   /usr/lib/x86_64-linux-gnu/libffi.so.6.0.1
7f671491f000-7f6714920000 r--p 00006000 08:05 12196946                   /usr/lib/x86_64-linux-gnu/libffi.so.6.0.1
7f6714920000-7f6714921000 rw-p 00007000 08:05 12196946                   /usr/lib/x86_64-linux-gnu/libffi.so.6.0.1
7f6714921000-7f6714937000 r-xp 00000000 08:05 9834394                    /lib/x86_64-linux-gnu/libresolv-2.17.so
7f6714937000-7f6714b37000 ---p 00016000 08:05 9834394                    /lib/x86_64-linux-gnu/libresolv-2.17.so
7f6714b37000-7f6714b38000 r--p 00016000 08:05 9834394                    /lib/x86_64-linux-gnu/libresolv-2.17.so
7f6714b38000-7f6714b39000 rw-p 00017000 08:05 9834394                    /lib/x86_64-linux-gnu/libresolv-2.17.so
7f6714b39000-7f6714b3b000 rw-p 00000000 00:00 0 
7f6714b3b000-7f6714b5a000 r-xp 00000000 08:05 9834398                    /lib/x86_64-linux-gnu/libselinux.so.1
7f6714b5a000-7f6714d5a000 ---p 0001f000 08:05 9834398                    /lib/x86_64-linux-gnu/libselinux.so.1
7f6714d5a000-7f6714d5b000 r--p 0001f000 08:05 9834398                    /lib/x86_64-linux-gnu/libselinux.so.1
7f6714d5b000-7f6714d5c000 rw-p 00020000 08:05 9834398                    /lib/x86_64-linux-gnu/libselinux.so.1
7f6714d5c000-7f6714d5d000 rw-p 00000000 00:00 0 
7f6714d5d000-7f6714d60000 r-xp 00000000 08:05 12190134                   /usr/lib/x86_64-linux-gnu/libgmodule-2.0.so.0.3800.1
7f6714d60000-7f6714f5f000 ---p 00003000 08:05 12190134                   /usr/lib/x86_64-linux-gnu/libgmodule-2.0.so.0.3800.1
7f6714f5f000-7f6714f60000 r--p 00002000 08:05 12190134                   /usr/lib/x86_64-linux-gnu/libgmodule-2.0.so.0.3800.1
7f6714f60000-7f6714f61000 rw-p 00003000 08:05 12190134                   /usr/lib/x86_64-linux-gnu/libgmodule-2.0.so.0.3800.1
7f6714f61000-7f671505f000 r-xp 00000000 08:05 9834386                    /lib/x86_64-linux-gnu/libglib-2.0.so.0.3800.1
7f671505f000-7f671525f000 ---p 000fe000 08:05 9834386                    /lib/x86_64-linux-gnu/libglib-2.0.so.0.3800.1
7f671525f000-7f6715260000 r--p 000fe000 08:05 9834386                    /lib/x86_64-linux-gnu/libglib-2.0.so.0.3800.1
7f6715260000-7f6715261000 rw-p 000ff000 08:05 9834386                    /lib/x86_64-linux-gnu/libglib-2.0.so.0.3800.1
7f6715261000-7f6715262000 rw-p 00000000 00:00 0 
7f6715262000-7f67152b1000 r-xp 00000000 08:05 12190125                   /usr/lib/x86_64-linux-gnu/libgobject-2.0.so.0.3800.1
7f67152b1000-7f67154b1000 ---p 0004f000 08:05 12190125                   /usr/lib/x86_64-linux-gnu/libgobject-2.0.so.0.3800.1
7f67154b1000-7f67154b2000 r--p 0004f000 08:05 12190125                   /usr/lib/x86_64-linux-gnu/libgobject-2.0.so.0.3800.1
7f67154b2000-7f67154b3000 rw-p 00050000 08:05 12190125                   /usr/lib/x86_64-linux-gnu/libgobject-2.0.so.0.3800.1
7f67154b3000-7f671560f000 r-xp 00000000 08:05 12190099                   /usr/lib/x86_64-linux-gnu/libgio-2.0.so.0.3800.1
7f671560f000-7f671580e000 ---p 0015c000 08:05 12190099                   /usr/lib/x86_64-linux-gnu/libgio-2.0.so.0.3800.1
7f671580e000-7f6715812000 r--p 0015b000 08:05 12190099                   /usr/lib/x86_64-linux-gnu/libgio-2.0.so.0.3800.1
7f6715812000-7f6715814000 rw-p 0015f000 08:05 12190099                   /usr/lib/x86_64-linux-gnu/libgio-2.0.so.0.3800.1
7f6715814000-7f6715816000 rw-p 00000000 00:00 0 
7f6715816000-7f671582c000 r-xp 00000000 08:05 12322132                   /usr/lib/jvm/java-7-openjdk-amd64/jre/lib/amd64/libnet.so
7f671582c000-7f6715a2b000 ---p 00016000 08:05 12322132                   /usr/lib/jvm/java-7-openjdk-amd64/jre/lib/amd64/libnet.so
7f6715a2b000-7f6715a2c000 r--p 00015000 08:05 12322132                   /usr/lib/jvm/java-7-openjdk-amd64/jre/lib/amd64/libnet.so
7f6715a2c000-7f6715a2d000 rw-p 00016000 08:05 12322132                   /usr/lib/jvm/java-7-openjdk-amd64/jre/lib/amd64/libnet.so
7f6715a2d000-7f6715a2e000 ---p 00000000 00:00 0 
7f6715a2e000-7f6715b2e000 rw-p 00000000 00:00 0                          [stack:13589]
7f6715b2e000-7f6715b31000 ---p 00000000 00:00 0 
7f6715b31000-7f6715d2f000 rw-p 00000000 00:00 0                          [stack:13588]
7f6715d2f000-7f6715d32000 ---p 00000000 00:00 0 
7f6715d32000-7f6715e30000 rw-p 00000000 00:00 0                          [stack:13587]
7f6715e30000-7f6715e33000 ---p 00000000 00:00 0 
7f6715e33000-7f6715f31000 rw-p 00000000 00:00 0                          [stack:13586]
7f6715f31000-7f6715f34000 ---p 00000000 00:00 0 
7f6715f34000-7f6716132000 rw-p 00000000 00:00 0                          [stack:13585]
7f6716132000-7f671652c000 r--p 00000000 08:05 12195384                   /usr/lib/locale/locale-archive
7f671652c000-7f671652f000 ---p 00000000 00:00 0 
7f671652f000-7f671672d000 rw-p 00000000 00:00 0                          [stack:13584]
7f671672d000-7f6716730000 ---p 00000000 00:00 0 
7f6716730000-7f671692e000 rw-p 00000000 00:00 0                          [stack:13583]
7f671692e000-7f671692f000 ---p 00000000 00:00 0 
7f671692f000-7f6718000000 rw-p 00000000 00:00 0                          [stack:13582]
7f6718000000-7f6718021000 rw-p 00000000 00:00 0 
7f6718021000-7f671c000000 ---p 00000000 00:00 0 
7f671c0af000-7f671c0b2000 ---p 00000000 00:00 0 
7f671c0b2000-7f671cf17000 rw-p 00000000 00:00 0                          [stack:13593]
7f671cf17000-7f671d000000 r--s 00bb9000 08:05 16253440                   /home/luis/.rbenv/versions/jruby-1.7.10/lib/jruby.jar
7f671d000000-7f671d270000 rwxp 00000000 00:00 0 
7f671d270000-7f67204c9000 rw-p 00000000 00:00 0 
7f67204c9000-7f6724000000 ---p 00000000 00:00 0 
7f6724010000-7f6724105000 rw-p 00000000 00:00 0 
7f6724105000-7f67242b3000 r--s 01cf4000 08:05 12322430                   /usr/lib/jvm/java-7-openjdk-amd64/jre/lib/rt.jar
7f67242b3000-7f67244f9000 rw-p 00000000 00:00 0 
7f67244f9000-7f67244fa000 ---p 00000000 00:00 0 
7f67244fa000-7f67245fa000 rw-p 00000000 00:00 0                          [stack:13581]
7f67245fa000-7f67245fb000 ---p 00000000 00:00 0 
7f67245fb000-7f67246fb000 rw-p 00000000 00:00 0                          [stack:13580]
7f67246fb000-7f67246fc000 ---p 00000000 00:00 0 
7f67246fc000-7f67247fc000 rw-p 00000000 00:00 0                          [stack:13579]
7f67247fc000-7f67247fd000 ---p 00000000 00:00 0 
7f67247fd000-7f672490a000 rw-p 00000000 00:00 0                          [stack:13578]
7f672490a000-7f6724950000 rw-p 00000000 00:00 0 
7f6724950000-7f6724964000 rw-p 00000000 00:00 0 
7f6724964000-7f67249f6000 rw-p 00000000 00:00 0 
7f67249f6000-7f6724a17000 rw-p 00000000 00:00 0 
7f6724a17000-7f6724a4a000 rw-p 00000000 00:00 0 
7f6724a4a000-7f6724a4b000 rw-p 00000000 00:00 0 
7f6724a4b000-7f6724a53000 r-xp 00000000 08:05 12322081                   /usr/lib/jvm/java-7-openjdk-amd64/jre/lib/amd64/libzip.so
7f6724a53000-7f6724c52000 ---p 00008000 08:05 12322081                   /usr/lib/jvm/java-7-openjdk-amd64/jre/lib/amd64/libzip.so
7f6724c52000-7f6724c53000 r--p 00007000 08:05 12322081                   /usr/lib/jvm/java-7-openjdk-amd64/jre/lib/amd64/libzip.so
7f6724c53000-7f6724c54000 rw-p 00008000 08:05 12322081                   /usr/lib/jvm/java-7-openjdk-amd64/jre/lib/amd64/libzip.so
7f6724c54000-7f6724c60000 r-xp 00000000 08:05 9834349                    /lib/x86_64-linux-gnu/libnss_files-2.17.so
7f6724c60000-7f6724e5f000 ---p 0000c000 08:05 9834349                    /lib/x86_64-linux-gnu/libnss_files-2.17.so
7f6724e5f000-7f6724e60000 r--p 0000b000 08:05 9834349                    /lib/x86_64-linux-gnu/libnss_files-2.17.so
7f6724e60000-7f6724e61000 rw-p 0000c000 08:05 9834349                    /lib/x86_64-linux-gnu/libnss_files-2.17.so
7f6724e61000-7f6724e6c000 r-xp 00000000 08:05 9834353                    /lib/x86_64-linux-gnu/libnss_nis-2.17.so
7f6724e6c000-7f672506b000 ---p 0000b000 08:05 9834353                    /lib/x86_64-linux-gnu/libnss_nis-2.17.so
7f672506b000-7f672506c000 r--p 0000a000 08:05 9834353                    /lib/x86_64-linux-gnu/libnss_nis-2.17.so
7f672506c000-7f672506d000 rw-p 0000b000 08:05 9834353                    /lib/x86_64-linux-gnu/libnss_nis-2.17.so
7f672506d000-7f6725084000 r-xp 00000000 08:05 9834343                    /lib/x86_64-linux-gnu/libnsl-2.17.so
7f6725084000-7f6725283000 ---p 00017000 08:05 9834343                    /lib/x86_64-linux-gnu/libnsl-2.17.so
7f6725283000-7f6725284000 r--p 00016000 08:05 9834343                    /lib/x86_64-linux-gnu/libnsl-2.17.so
7f6725284000-7f6725285000 rw-p 00017000 08:05 9834343                    /lib/x86_64-linux-gnu/libnsl-2.17.so
7f6725285000-7f6725287000 rw-p 00000000 00:00 0 
7f6725287000-7f672528f000 r-xp 00000000 08:05 9834345                    /lib/x86_64-linux-gnu/libnss_compat-2.17.so
7f672528f000-7f672548e000 ---p 00008000 08:05 9834345                    /lib/x86_64-linux-gnu/libnss_compat-2.17.so
7f672548e000-7f672548f000 r--p 00007000 08:05 9834345                    /lib/x86_64-linux-gnu/libnss_compat-2.17.so
7f672548f000-7f6725490000 rw-p 00008000 08:05 9834345                    /lib/x86_64-linux-gnu/libnss_compat-2.17.so
7f6725490000-7f67254bb000 r-xp 00000000 08:05 12322007                   /usr/lib/jvm/java-7-openjdk-amd64/jre/lib/amd64/libjava.so
7f67254bb000-7f67256ba000 ---p 0002b000 08:05 12322007                   /usr/lib/jvm/java-7-openjdk-amd64/jre/lib/amd64/libjava.so
7f67256ba000-7f67256bb000 r--p 0002a000 08:05 12322007                   /usr/lib/jvm/java-7-openjdk-amd64/jre/lib/amd64/libjava.so
7f67256bb000-7f67256bd000 rw-p 0002b000 08:05 12322007                   /usr/lib/jvm/java-7-openjdk-amd64/jre/lib/amd64/libjava.so
7f67256bd000-7f67256cd000 r-xp 00000000 08:05 12322321                   /usr/lib/jvm/java-7-openjdk-amd64/jre/lib/amd64/libverify.so
7f67256cd000-7f67258cc000 ---p 00010000 08:05 12322321                   /usr/lib/jvm/java-7-openjdk-amd64/jre/lib/amd64/libverify.so
7f67258cc000-7f67258ce000 r--p 0000f000 08:05 12322321                   /usr/lib/jvm/java-7-openjdk-amd64/jre/lib/amd64/libverify.so
7f67258ce000-7f67258cf000 rw-p 00011000 08:05 12322321                   /usr/lib/jvm/java-7-openjdk-amd64/jre/lib/amd64/libverify.so
7f67258cf000-7f67258d6000 r-xp 00000000 08:05 9834396                    /lib/x86_64-linux-gnu/librt-2.17.so
7f67258d6000-7f6725ad5000 ---p 00007000 08:05 9834396                    /lib/x86_64-linux-gnu/librt-2.17.so
7f6725ad5000-7f6725ad6000 r--p 00006000 08:05 9834396                    /lib/x86_64-linux-gnu/librt-2.17.so
7f6725ad6000-7f6725ad7000 rw-p 00007000 08:05 9834396                    /lib/x86_64-linux-gnu/librt-2.17.so
7f6725ad7000-7f6725ada000 ---p 00000000 00:00 0 
7f6725ada000-7f6725cd8000 rw-p 00000000 00:00 0                          [stack:13577]
7f6725cd8000-7f6725ced000 r-xp 00000000 08:05 9830413                    /lib/x86_64-linux-gnu/libgcc_s.so.1
7f6725ced000-7f6725eec000 ---p 00015000 08:05 9830413                    /lib/x86_64-linux-gnu/libgcc_s.so.1
7f6725eec000-7f6725eed000 r--p 00014000 08:05 9830413                    /lib/x86_64-linux-gnu/libgcc_s.so.1
7f6725eed000-7f6725eee000 rw-p 00015000 08:05 9830413                    /lib/x86_64-linux-gnu/libgcc_s.so.1
7f6725eee000-7f6725ff1000 r-xp 00000000 08:05 9834324                    /lib/x86_64-linux-gnu/libm-2.17.so
7f6725ff1000-7f67261f0000 ---p 00103000 08:05 9834324                    /lib/x86_64-linux-gnu/libm-2.17.so
7f67261f0000-7f67261f1000 r--p 00102000 08:05 9834324                    /lib/x86_64-linux-gnu/libm-2.17.so
7f67261f1000-7f67261f2000 rw-p 00103000 08:05 9834324                    /lib/x86_64-linux-gnu/libm-2.17.so
7f67261f2000-7f67262d8000 r-xp 00000000 08:05 12190887                   /usr/lib/x86_64-linux-gnu/libstdc++.so.6.0.18
7f67262d8000-7f67264d7000 ---p 000e6000 08:05 12190887                   /usr/lib/x86_64-linux-gnu/libstdc++.so.6.0.18
7f67264d7000-7f67264df000 r--p 000e5000 08:05 12190887                   /usr/lib/x86_64-linux-gnu/libstdc++.so.6.0.18
7f67264df000-7f67264e1000 rw-p 000ed000 08:05 12190887                   /usr/lib/x86_64-linux-gnu/libstdc++.so.6.0.18
7f67264e1000-7f67264f6000 rw-p 00000000 00:00 0 
7f67264f6000-7f6726fd5000 r-xp 00000000 08:05 12322340                   /usr/lib/jvm/java-7-openjdk-amd64/jre/lib/amd64/server/libjvm.so
7f6726fd5000-7f67271d4000 ---p 00adf000 08:05 12322340                   /usr/lib/jvm/java-7-openjdk-amd64/jre/lib/amd64/server/libjvm.so
7f67271d4000-7f6727266000 r--p 00ade000 08:05 12322340                   /usr/lib/jvm/java-7-openjdk-amd64/jre/lib/amd64/server/libjvm.so
7f6727266000-7f6727289000 rw-p 00b70000 08:05 12322340                   /usr/lib/jvm/java-7-openjdk-amd64/jre/lib/amd64/server/libjvm.so
7f6727289000-7f67272b6000 rw-p 00000000 00:00 0 
7f67272b6000-7f67272ce000 r-xp 00000000 08:05 9834431                    /lib/x86_64-linux-gnu/libz.so.1.2.8
7f67272ce000-7f67274cd000 ---p 00018000 08:05 9834431                    /lib/x86_64-linux-gnu/libz.so.1.2.8
7f67274cd000-7f67274ce000 r--p 00017000 08:05 9834431                    /lib/x86_64-linux-gnu/libz.so.1.2.8
7f67274ce000-7f67274cf000 rw-p 00018000 08:05 9834431                    /lib/x86_64-linux-gnu/libz.so.1.2.8
7f67274cf000-7f67274e6000 r-xp 00000000 08:05 9834388                    /lib/x86_64-linux-gnu/libpthread-2.17.so
7f67274e6000-7f67276e6000 ---p 00017000 08:05 9834388                    /lib/x86_64-linux-gnu/libpthread-2.17.so
7f67276e6000-7f67276e7000 r--p 00017000 08:05 9834388                    /lib/x86_64-linux-gnu/libpthread-2.17.so
7f67276e7000-7f67276e8000 rw-p 00018000 08:05 9834388                    /lib/x86_64-linux-gnu/libpthread-2.17.so
7f67276e8000-7f67276ec000 rw-p 00000000 00:00 0 
7f67276ec000-7f67276ef000 r-xp 00000000 08:05 9834288                    /lib/x86_64-linux-gnu/libdl-2.17.so
7f67276ef000-7f67278ee000 ---p 00003000 08:05 9834288                    /lib/x86_64-linux-gnu/libdl-2.17.so
7f67278ee000-7f67278ef000 r--p 00002000 08:05 9834288                    /lib/x86_64-linux-gnu/libdl-2.17.so
7f67278ef000-7f67278f0000 rw-p 00003000 08:05 9834288                    /lib/x86_64-linux-gnu/libdl-2.17.so
7f67278f0000-7f6727aad000 r-xp 00000000 08:05 9834273                    /lib/x86_64-linux-gnu/libc-2.17.so
7f6727aad000-7f6727cad000 ---p 001bd000 08:05 9834273                    /lib/x86_64-linux-gnu/libc-2.17.so
7f6727cad000-7f6727cb1000 r--p 001bd000 08:05 9834273                    /lib/x86_64-linux-gnu/libc-2.17.so
7f6727cb1000-7f6727cb3000 rw-p 001c1000 08:05 9834273                    /lib/x86_64-linux-gnu/libc-2.17.so
7f6727cb3000-7f6727cb8000 rw-p 00000000 00:00 0 
7f6727cb8000-7f6727cc5000 r-xp 00000000 08:05 12322347                   /usr/lib/jvm/java-7-openjdk-amd64/jre/lib/amd64/jli/libjli.so
7f6727cc5000-7f6727ec4000 ---p 0000d000 08:05 12322347                   /usr/lib/jvm/java-7-openjdk-amd64/jre/lib/amd64/jli/libjli.so
7f6727ec4000-7f6727ec5000 r--p 0000c000 08:05 12322347                   /usr/lib/jvm/java-7-openjdk-amd64/jre/lib/amd64/jli/libjli.so
7f6727ec5000-7f6727ec6000 rw-p 0000d000 08:05 12322347                   /usr/lib/jvm/java-7-openjdk-amd64/jre/lib/amd64/jli/libjli.so
7f6727ec6000-7f6727ee9000 r-xp 00000000 08:05 9834249                    /lib/x86_64-linux-gnu/ld-2.17.so
7f6727eee000-7f6727eef000 rw-p 00000000 00:00 0 
7f6727eef000-7f6727ef0000 r-xp 00000000 00:00 0 
7f6727ef0000-7f6727ef7000 r--s 00000000 08:05 12588976                   /usr/lib/x86_64-linux-gnu/gconv/gconv-modules.cache
7f6727ef7000-7f6727efc000 r--s 0004c000 08:05 12322352                   /usr/lib/jvm/java-7-openjdk-amd64/jre/lib/jsse.jar
7f6727efc000-7f6727eff000 r--s 00032000 08:05 12322366                   /usr/lib/jvm/java-7-openjdk-amd64/jre/lib/ext/sunjce_provider.jar
7f6727eff000-7f6727f02000 r--s 0000f000 08:05 12322362                   /usr/lib/jvm/java-7-openjdk-amd64/jre/lib/ext/pulse-java.jar
7f6727f02000-7f6727f1d000 rw-p 00000000 00:00 0 
7f6727f1d000-7f6727f63000 rw-p 00000000 00:00 0 
7f6727f63000-7f6727f77000 rw-p 00000000 00:00 0 
7f6727f77000-7f672800a000 rw-p 00000000 00:00 0 
7f672800a000-7f6728014000 rw-p 00000000 00:00 0 
7f6728014000-7f67280ca000 rw-p 00000000 00:00 0 
7f67280ca000-7f67280cf000 rw-p 00000000 00:00 0 
7f67280cf000-7f67280d1000 r--s 00006000 08:05 12717881                   /usr/share/java/java-atk-wrapper.jar
7f67280d1000-7f67280d5000 r--s 00085000 08:05 12322360                   /usr/lib/jvm/java-7-openjdk-amd64/jre/lib/ext/localedata.jar
7f67280d5000-7f67280d9000 r--s 0003b000 08:05 12322372                   /usr/lib/jvm/java-7-openjdk-amd64/jre/lib/ext/sunpkcs11.jar
7f67280d9000-7f67280da000 r--s 00002000 08:05 12322370                   /usr/lib/jvm/java-7-openjdk-amd64/jre/lib/ext/dnsns.jar
7f67280da000-7f67280dc000 r--s 00012000 08:05 12322364                   /usr/lib/jvm/java-7-openjdk-amd64/jre/lib/ext/zipfs.jar
7f67280dc000-7f67280e4000 rw-s 00000000 08:05 7340084                    /tmp/hsperfdata_luis/13552
7f67280e4000-7f67280e5000 rw-p 00000000 00:00 0 
7f67280e5000-7f67280e6000 r--p 00000000 00:00 0 
7f67280e6000-7f67280e8000 rw-p 00000000 00:00 0 
7f67280e8000-7f67280e9000 r--p 00022000 08:05 9834249                    /lib/x86_64-linux-gnu/ld-2.17.so
7f67280e9000-7f67280eb000 rw-p 00023000 08:05 9834249                    /lib/x86_64-linux-gnu/ld-2.17.so
7fff61c11000-7fff61c32000 rw-p 00000000 00:00 0                          [stack]
7fff61d2b000-7fff61d2d000 r-xp 00000000 00:00 0                          [vdso]
ffffffffff600000-ffffffffff601000 r-xp 00000000 00:00 0                  [vsyscall]

VM Arguments:
jvm_args: -Djdk.home= -Djruby.home=/home/luis/.rbenv/versions/jruby-1.7.10 -Djruby.script=jruby -Djruby.shell=/bin/sh -Djffi.boot.library.path=/home/luis/.rbenv/versions/jruby-1.7.10/lib/jni:/home/luis/.rbenv/versions/jruby-1.7.10/lib/jni/arm-Linux:/home/luis/.rbenv/versions/jruby-1.7.10/lib/jni/x86_64-Linux:/home/luis/.rbenv/versions/jruby-1.7.10/lib/jni/i386-Linux -Xmx500m -Xss2048k -Xbootclasspath/a:/home/luis/.rbenv/versions/jruby-1.7.10/lib/jruby.jar 
java_command: org/jruby/Main Makefile.rb clean compile test
Launcher Type: SUN_STANDARD

Environment Variables:
PATH=/home/luis/.rbenv/versions/jruby-1.7.10/bin:/home/luis/.rbenv/libexec:/home/luis/.rbenv/plugins/ruby-build/bin:/home/luis/.rbenv/shims:~/.rbenv/bin:~/.rbenv/bin:/usr/local/sbin:/usr/local/bin:/usr/sbin:/usr/bin:/sbin:/bin:/usr/games:/usr/local/games
USERNAME=luis
SHELL=/bin/bash
DISPLAY=:0

Signal Handlers:
SIGSEGV: [libjvm.so+0x916ea0], sa_mask[0]=0x7ffbfeff, sa_flags=0x10000004
SIGBUS: [libjvm.so+0x916ea0], sa_mask[0]=0x7ffbfeff, sa_flags=0x10000004
SIGFPE: [libjvm.so+0x794800], sa_mask[0]=0x7ffbfeff, sa_flags=0x10000004
SIGPIPE: [libjvm.so+0x794800], sa_mask[0]=0x7ffbfeff, sa_flags=0x10000004
SIGXFSZ: [libjvm.so+0x794800], sa_mask[0]=0x7ffbfeff, sa_flags=0x10000004
SIGILL: [libjvm.so+0x794800], sa_mask[0]=0x7ffbfeff, sa_flags=0x10000004
SIGUSR1: SIG_DFL, sa_mask[0]=0x00000000, sa_flags=0x00000000
SIGUSR2: [libjvm.so+0x7946a0], sa_mask[0]=0x00000000, sa_flags=0x10000004
SIGHUP: [libjvm.so+0x794880], sa_mask[0]=0x7ffbfeff, sa_flags=0x10000004
SIGINT: [libjvm.so+0x794880], sa_mask[0]=0x7ffbfeff, sa_flags=0x10000004
SIGTERM: [libjvm.so+0x794880], sa_mask[0]=0x7ffbfeff, sa_flags=0x10000004
SIGQUIT: [libjvm.so+0x794880], sa_mask[0]=0x7ffbfeff, sa_flags=0x10000004


---------------  S Y S T E M  ---------------

OS:LinuxMint 16 (petra)
uname:Linux 3.11.0-12-generic #19-Ubuntu SMP Wed Oct 9 16:20:46 UTC 2013 x86_64
libc:glibc 2.17 NPTL 2.17 
rlimit: STACK 8192k, CORE 0k, NPROC 29806, NOFILE 4096, AS infinity
load average:0,27 0,45 0,55

/proc/meminfo:
MemTotal:        3844532 kB
MemFree:         2479640 kB
Buffers:            7104 kB
Cached:           490992 kB
SwapCached:            8 kB
Active:           733952 kB
Inactive:         508880 kB
Active(anon):     567940 kB
Inactive(anon):   344784 kB
Active(file):     166012 kB
Inactive(file):   164096 kB
Unevictable:           0 kB
Mlocked:               0 kB
SwapTotal:       3987452 kB
SwapFree:        3987164 kB
Dirty:               580 kB
Writeback:             0 kB
AnonPages:        744960 kB
Mapped:           129988 kB
Shmem:            167988 kB
Slab:              56996 kB
SReclaimable:      34364 kB
SUnreclaim:        22632 kB
KernelStack:        3208 kB
PageTables:        18564 kB
NFS_Unstable:          0 kB
Bounce:                0 kB
WritebackTmp:          0 kB
CommitLimit:     5909716 kB
Committed_AS:    2580532 kB
VmallocTotal:   34359738367 kB
VmallocUsed:      348004 kB
VmallocChunk:   34359386120 kB
HardwareCorrupted:     0 kB
AnonHugePages:         0 kB
HugePages_Total:       0
HugePages_Free:        0
HugePages_Rsvd:        0
HugePages_Surp:        0
Hugepagesize:       2048 kB
DirectMap4k:       64756 kB
DirectMap2M:     3923968 kB


CPU:total 4 (2 cores per cpu, 2 threads per core) family 6 model 37 stepping 5, cmov, cx8, fxsr, mmx, sse, sse2, sse3, ssse3, sse4.1, sse4.2, popcnt, ht, tsc, tscinvbit

/proc/cpuinfo:
processor	: 0
vendor_id	: GenuineIntel
cpu family	: 6
model		: 37
model name	: Intel(R) Core(TM) i5 CPU       M 460  @ 2.53GHz
stepping	: 5
microcode	: 0x2
cpu MHz		: 2534.000
cache size	: 3072 KB
physical id	: 0
siblings	: 4
core id		: 0
cpu cores	: 2
apicid		: 0
initial apicid	: 0
fpu		: yes
fpu_exception	: yes
cpuid level	: 11
wp		: yes
flags		: fpu vme de pse tsc msr pae mce cx8 apic sep mtrr pge mca cmov pat pse36 clflush dts acpi mmx fxsr sse sse2 ss ht tm pbe syscall nx rdtscp lm constant_tsc arch_perfmon pebs bts rep_good nopl xtopology nonstop_tsc aperfmperf pni dtes64 monitor ds_cpl vmx est tm2 ssse3 cx16 xtpr pdcm pcid sse4_1 sse4_2 popcnt lahf_lm ida arat dtherm tpr_shadow vnmi flexpriority ept vpid
bogomips	: 5067.10
clflush size	: 64
cache_alignment	: 64
address sizes	: 36 bits physical, 48 bits virtual
power management:

processor	: 1
vendor_id	: GenuineIntel
cpu family	: 6
model		: 37
model name	: Intel(R) Core(TM) i5 CPU       M 460  @ 2.53GHz
stepping	: 5
microcode	: 0x2
cpu MHz		: 2534.000
cache size	: 3072 KB
physical id	: 0
siblings	: 4
core id		: 0
cpu cores	: 2
apicid		: 1
initial apicid	: 1
fpu		: yes
fpu_exception	: yes
cpuid level	: 11
wp		: yes
flags		: fpu vme de pse tsc msr pae mce cx8 apic sep mtrr pge mca cmov pat pse36 clflush dts acpi mmx fxsr sse sse2 ss ht tm pbe syscall nx rdtscp lm constant_tsc arch_perfmon pebs bts rep_good nopl xtopology nonstop_tsc aperfmperf pni dtes64 monitor ds_cpl vmx est tm2 ssse3 cx16 xtpr pdcm pcid sse4_1 sse4_2 popcnt lahf_lm ida arat dtherm tpr_shadow vnmi flexpriority ept vpid
bogomips	: 5067.10
clflush size	: 64
cache_alignment	: 64
address sizes	: 36 bits physical, 48 bits virtual
power management:

processor	: 2
vendor_id	: GenuineIntel
cpu family	: 6
model		: 37
model name	: Intel(R) Core(TM) i5 CPU       M 460  @ 2.53GHz
stepping	: 5
microcode	: 0x2
cpu MHz		: 1199.000
cache size	: 3072 KB
physical id	: 0
siblings	: 4
core id		: 2
cpu cores	: 2
apicid		: 4
initial apicid	: 4
fpu		: yes
fpu_exception	: yes
cpuid level	: 11
wp		: yes
flags		: fpu vme de pse tsc msr pae mce cx8 apic sep mtrr pge mca cmov pat pse36 clflush dts acpi mmx fxsr sse sse2 ss ht tm pbe syscall nx rdtscp lm constant_tsc arch_perfmon pebs bts rep_good nopl xtopology nonstop_tsc aperfmperf pni dtes64 monitor ds_cpl vmx est tm2 ssse3 cx16 xtpr pdcm pcid sse4_1 sse4_2 popcnt lahf_lm ida arat dtherm tpr_shadow vnmi flexpriority ept vpid
bogomips	: 5067.10
clflush size	: 64
cache_alignment	: 64
address sizes	: 36 bits physical, 48 bits virtual
power management:

processor	: 3
vendor_id	: GenuineIntel
cpu family	: 6
model		: 37
model name	: Intel(R) Core(TM) i5 CPU       M 460  @ 2.53GHz
stepping	: 5
microcode	: 0x2
cpu MHz		: 2534.000
cache size	: 3072 KB
physical id	: 0
siblings	: 4
core id		: 2
cpu cores	: 2
apicid		: 5
initial apicid	: 5
fpu		: yes
fpu_exception	: yes
cpuid level	: 11
wp		: yes
flags		: fpu vme de pse tsc msr pae mce cx8 apic sep mtrr pge mca cmov pat pse36 clflush dts acpi mmx fxsr sse sse2 ss ht tm pbe syscall nx rdtscp lm constant_tsc arch_perfmon pebs bts rep_good nopl xtopology nonstop_tsc aperfmperf pni dtes64 monitor ds_cpl vmx est tm2 ssse3 cx16 xtpr pdcm pcid sse4_1 sse4_2 popcnt lahf_lm ida arat dtherm tpr_shadow vnmi flexpriority ept vpid
bogomips	: 5067.10
clflush size	: 64
cache_alignment	: 64
address sizes	: 36 bits physical, 48 bits virtual
power management:



Memory: 4k page, physical 3844532k(2479640k free), swap 3987452k(3987164k free)

vm_info: OpenJDK 64-Bit Server VM (24.45-b08) for linux-amd64 JRE (1.7.0_51-b00), built on Jan 15 2014 22:02:57 by "buildd" with gcc 4.8.1

time: Mon Apr  7 00:47:58 2014
elapsed time: 4 seconds

