#
# A fatal error has been detected by the Java Runtime Environment:
#
#  SIGSEGV (0xb) at pc=0x00007f8c9ab91e70, pid=7255, tid=140242248402688
#
# JRE version: OpenJDK Runtime Environment (7.0_51) (build 1.7.0_51-b00)
# Java VM: OpenJDK 64-Bit Server VM (24.45-b08 mixed mode linux-amd64 compressed oops)
# Problematic frame:
# C  [libconvex_hull.so+0xe70]  insertion+0x128
#
# Failed to write core dump. Core dumps have been disabled. To enable core dumping, try "ulimit -c unlimited" before starting Java again
#
# If you would like to submit a bug report, please include
# instructions on how to reproduce the bug and visit:
#   http://icedtea.classpath.org/bugzilla
# The crash happened outside the Java Virtual Machine in native code.
# See problematic frame for where to report the bug.
#

---------------  T H R E A D  ---------------

Current thread (0x00007f8cac00a800):  JavaThread "main" [_thread_in_native, id=7280, stack(0x00007f8cb1460000,0x00007f8cb1661000)]

siginfo:si_signo=SIGSEGV: si_errno=0, si_code=1 (SEGV_MAPERR), si_addr=0x0000000000000010

Registers:
RAX=0x0000000000000000, RBX=0x00000000d79ca6a0, RCX=0x00007f8cac000020, RDX=0x00007f8cac4cdb10
RSP=0x00007f8cb165dec0, RBP=0x00007f8cb165df10, RSI=0x0000000000000040, RDI=0x0000000000000000
R8 =0x00007f8cb36396a0, R9 =0x0000000000000018, R10=0x0000000000000002, R11=0x00007f8cac000078
R12=0x0000000000000000, R13=0x00000000d79ca6a0, R14=0x00007f8cb165e078, R15=0x00007f8cac00a800
RIP=0x00007f8c9ab91e70, EFLAGS=0x0000000000010202, CSGSFS=0x0000000000000033, ERR=0x0000000000000006
  TRAPNO=0x000000000000000e

Top of Stack: (sp=0x00007f8cb165dec0)
0x00007f8cb165dec0:   00007f8cac4cfb10 00007f8cac4ce190
0x00007f8cb165ded0:   00007f8c00000001 00007f8cac4ce1d0
0x00007f8cb165dee0:   00007f8cac4ce1b0 00007f8cac4cfb10
0x00007f8cb165def0:   00007f8cac4cdaf0 0000000000000000
0x00007f8cb165df00:   00007f8cac4cdb10 00007f8cac4c9240
0x00007f8cb165df10:   00007f8cb165df90 00007f8c9ab9221d
0x00007f8cb165df20:   00000000d7e477e8 00007f8cac4905b0
0x00007f8cb165df30:   00007f8cb165df48 0000000eb165dfc0
0x00007f8cb165df40:   fffff29cfffffcce 00007f8cac4ce190
0x00007f8cb165df50:   00007f8cac4cfb30 00007f8cac4ce130
0x00007f8cb165df60:   00007f8cac4ce0f0 00007f8cac4cfb50
0x00007f8cb165df70:   00007f8cac4cfb10 00000000f60b54c0
0x00007f8cb165df80:   00007f8cb165df80 00000000d6be0c20
0x00007f8cb165df90:   00007f8cac488c00 00007f8c9b9a4cd9
0x00007f8cb165dfa0:   00000000d7ecfb50 00000000d79ca6a0
0x00007f8cb165dfb0:   00007f8cb165e030 00007f8ca9012738
0x00007f8cb165dfc0:   00007f8cb165e050 00007f8ca9006233
0x00007f8cb165dfd0:   00000000f633c3e8 00000000f60b43d8
0x00007f8cb165dfe0:   00000000f7a2e728 00000000f64896e0
0x00007f8cb165dff0:   00007f8cb165dff0 0000000000000000
0x00007f8cb165e000:   00007f8cb165e078 00000000d79d2bc8
0x00007f8cb165e010:   0000000000000000 00000000d79ca6a0
0x00007f8cb165e020:   0000000000000000 00007f8cb165e050
0x00007f8cb165e030:   00007f8cb165e0c0 00007f8ca9006175
0x00007f8cb165e040:   00000000e10da8f8 00007f8ca900ecd7
0x00007f8cb165e050:   00007f8cac4905b0 00000000d7d613d8
0x00007f8cb165e060:   00007f8c9ab92117 00007f8cb165e080
0x00007f8cb165e070:   00007f8cac488c00 00007f8ca9006233
0x00007f8cb165e080:   00007f8cb165e080 00000000d7ac7507
0x00007f8cb165e090:   00007f8cb165e0f8 00000000d7ad3760
0x00007f8cb165e0a0:   0000000000000000 00000000d7ac7548
0x00007f8cb165e0b0:   00007f8cb165e050 00007f8cb165e0d0 

Instructions: (pc=0x00007f8c9ab91e70)
0x00007f8c9ab91e50:   48 89 50 10 48 8b 45 d0 48 8b 55 f0 48 89 50 08
0x00007f8c9ab91e60:   48 8b 45 e0 48 c7 40 08 00 00 00 00 48 8b 45 e8
0x00007f8c9ab91e70:   48 c7 40 10 00 00 00 00 48 8b 45 e0 48 89 c7 e8
0x00007f8c9ab91e80:   cc fa ff ff 89 45 c4 e8 e4 fa ff ff 48 89 45 f8 

Register to memory mapping:

RAX=0x0000000000000000 is an unknown value
RBX=0x00000000d79ca6a0 is an oop
{method} 
 - klass: {other class}
RCX=0x00007f8cac000020 is an unknown value
RDX=0x00007f8cac4cdb10 is an unknown value
RSP=0x00007f8cb165dec0 is pointing into the stack for thread: 0x00007f8cac00a800
RBP=0x00007f8cb165df10 is pointing into the stack for thread: 0x00007f8cac00a800
RSI=0x0000000000000040 is an unknown value
RDI=0x0000000000000000 is an unknown value
R8 =0x00007f8cb36396a0: _IO_file_jumps+0 in /lib/x86_64-linux-gnu/libc.so.6 at 0x00007f8cb3279000
R9 =0x0000000000000018 is an unknown value
R10=0x0000000000000002 is an unknown value
R11=0x00007f8cac000078 is an unknown value
R12=0x0000000000000000 is an unknown value
R13=0x00000000d79ca6a0 is an oop
{method} 
 - klass: {other class}
R14=0x00007f8cb165e078 is pointing into the stack for thread: 0x00007f8cac00a800
R15=0x00007f8cac00a800 is a thread


Stack: [0x00007f8cb1460000,0x00007f8cb1661000],  sp=0x00007f8cb165dec0,  free space=2039k
Native frames: (J=compiled Java code, j=interpreted, Vv=VM code, C=native code)
C  [libconvex_hull.so+0xe70]  insertion+0x128
C  [libconvex_hull.so+0x121d]  convex_hull+0x106

Java frames: (J=compiled Java code, j=interpreted, Vv=VM code)
j  com.kenai.jffi.Foreign.invokeL1(JJJ)J+0
j  com.kenai.jffi.Invoker.invokeL1(Lcom/kenai/jffi/CallContext;JJ)J+7
j  org.jruby.ext.ffi.jffi.NativeInvoker$ffi$2.call(Lorg/jruby/runtime/ThreadContext;Lorg/jruby/runtime/builtin/IRubyObject;Lorg/jruby/RubyModule;Ljava/lang/String;Lorg/jruby/runtime/builtin/IRubyObject;)Lorg/jruby/runtime/builtin/IRubyObject;+76
j  org.jruby.runtime.callsite.CachingCallSite.cacheAndCall(Lorg/jruby/runtime/builtin/IRubyObject;Lorg/jruby/RubyClass;Lorg/jruby/runtime/ThreadContext;Lorg/jruby/runtime/builtin/IRubyObject;Lorg/jruby/runtime/builtin/IRubyObject;)Lorg/jruby/runtime/builtin/IRubyObject;+57
J  org.jruby.runtime.callsite.CachingCallSite.call(Lorg/jruby/runtime/ThreadContext;Lorg/jruby/runtime/builtin/IRubyObject;Lorg/jruby/runtime/builtin/IRubyObject;Lorg/jruby/runtime/builtin/IRubyObject;)Lorg/jruby/runtime/builtin/IRubyObject;
J  org.jruby.ast.CallOneArgNode.interpret(Lorg/jruby/Ruby;Lorg/jruby/runtime/ThreadContext;Lorg/jruby/runtime/builtin/IRubyObject;Lorg/jruby/runtime/Block;)Lorg/jruby/runtime/builtin/IRubyObject;
j  org.jruby.ast.LocalAsgnNode.interpret(Lorg/jruby/Ruby;Lorg/jruby/runtime/ThreadContext;Lorg/jruby/runtime/builtin/IRubyObject;Lorg/jruby/runtime/Block;)Lorg/jruby/runtime/builtin/IRubyObject;+30
J  org.jruby.ast.BlockNode.interpret(Lorg/jruby/Ruby;Lorg/jruby/runtime/ThreadContext;Lorg/jruby/runtime/builtin/IRubyObject;Lorg/jruby/runtime/Block;)Lorg/jruby/runtime/builtin/IRubyObject;
j  org.jruby.evaluator.ASTInterpreter.INTERPRET_METHOD(Lorg/jruby/Ruby;Lorg/jruby/runtime/ThreadContext;Ljava/lang/String;ILorg/jruby/RubyModule;Lorg/jruby/ast/Node;Ljava/lang/String;Lorg/jruby/runtime/builtin/IRubyObject;Lorg/jruby/runtime/Block;Z)Lorg/jruby/runtime/builtin/IRubyObject;+30
j  org.jruby.internal.runtime.methods.InterpretedMethod.call(Lorg/jruby/runtime/ThreadContext;Lorg/jruby/runtime/builtin/IRubyObject;Lorg/jruby/RubyModule;Ljava/lang/String;)Lorg/jruby/runtime/builtin/IRubyObject;+80
j  org.jruby.internal.runtime.methods.DefaultMethod.call(Lorg/jruby/runtime/ThreadContext;Lorg/jruby/runtime/builtin/IRubyObject;Lorg/jruby/RubyModule;Ljava/lang/String;)Lorg/jruby/runtime/builtin/IRubyObject;+20
j  org.jruby.runtime.callsite.CachingCallSite.cacheAndCall(Lorg/jruby/runtime/builtin/IRubyObject;Lorg/jruby/RubyClass;Lorg/jruby/runtime/ThreadContext;Lorg/jruby/runtime/builtin/IRubyObject;)Lorg/jruby/runtime/builtin/IRubyObject;+53
j  org.jruby.runtime.callsite.CachingCallSite.call(Lorg/jruby/runtime/ThreadContext;Lorg/jruby/runtime/builtin/IRubyObject;Lorg/jruby/runtime/builtin/IRubyObject;)Lorg/jruby/runtime/builtin/IRubyObject;+46
j  org.jruby.ast.CallNoArgNode.interpret(Lorg/jruby/Ruby;Lorg/jruby/runtime/ThreadContext;Lorg/jruby/runtime/builtin/IRubyObject;Lorg/jruby/runtime/Block;)Lorg/jruby/runtime/builtin/IRubyObject;+18
j  org.jruby.ast.FCallTwoArgNode.interpret(Lorg/jruby/Ruby;Lorg/jruby/runtime/ThreadContext;Lorg/jruby/runtime/builtin/IRubyObject;Lorg/jruby/runtime/Block;)Lorg/jruby/runtime/builtin/IRubyObject;+28
J  org.jruby.ast.BlockNode.interpret(Lorg/jruby/Ruby;Lorg/jruby/runtime/ThreadContext;Lorg/jruby/runtime/builtin/IRubyObject;Lorg/jruby/runtime/Block;)Lorg/jruby/runtime/builtin/IRubyObject;
j  org.jruby.evaluator.ASTInterpreter.INTERPRET_METHOD(Lorg/jruby/Ruby;Lorg/jruby/runtime/ThreadContext;Ljava/lang/String;ILorg/jruby/RubyModule;Lorg/jruby/ast/Node;Ljava/lang/String;Lorg/jruby/runtime/builtin/IRubyObject;Lorg/jruby/runtime/Block;Z)Lorg/jruby/runtime/builtin/IRubyObject;+30
j  org.jruby.internal.runtime.methods.InterpretedMethod.call(Lorg/jruby/runtime/ThreadContext;Lorg/jruby/runtime/builtin/IRubyObject;Lorg/jruby/RubyModule;Ljava/lang/String;)Lorg/jruby/runtime/builtin/IRubyObject;+80
j  org.jruby.internal.runtime.methods.DefaultMethod.call(Lorg/jruby/runtime/ThreadContext;Lorg/jruby/runtime/builtin/IRubyObject;Lorg/jruby/RubyModule;Ljava/lang/String;)Lorg/jruby/runtime/builtin/IRubyObject;+20
j  org.jruby.runtime.callsite.CachingCallSite.cacheAndCall(Lorg/jruby/runtime/builtin/IRubyObject;Lorg/jruby/RubyClass;Lorg/jruby/runtime/ThreadContext;Lorg/jruby/runtime/builtin/IRubyObject;)Lorg/jruby/runtime/builtin/IRubyObject;+53
j  org.jruby.runtime.callsite.CachingCallSite.call(Lorg/jruby/runtime/ThreadContext;Lorg/jruby/runtime/builtin/IRubyObject;Lorg/jruby/runtime/builtin/IRubyObject;)Lorg/jruby/runtime/builtin/IRubyObject;+46
j  Makefile.method__2$RUBY$test(LMakefile;Lorg/jruby/runtime/ThreadContext;Lorg/jruby/runtime/builtin/IRubyObject;Lorg/jruby/runtime/Block;)Lorg/jruby/runtime/builtin/IRubyObject;+130
j  Makefile$method__2$RUBY$test.call(Lorg/jruby/runtime/ThreadContext;Lorg/jruby/runtime/builtin/IRubyObject;Lorg/jruby/RubyModule;Ljava/lang/String;Lorg/jruby/runtime/Block;)Lorg/jruby/runtime/builtin/IRubyObject;+17
j  org.jruby.RubyClass.finvoke(Lorg/jruby/runtime/ThreadContext;Lorg/jruby/runtime/builtin/IRubyObject;Ljava/lang/String;Lorg/jruby/runtime/Block;)Lorg/jruby/runtime/builtin/IRubyObject;+41
j  org.jruby.RubyBasicObject.send19(Lorg/jruby/runtime/ThreadContext;Lorg/jruby/runtime/builtin/IRubyObject;Lorg/jruby/runtime/Block;)Lorg/jruby/runtime/builtin/IRubyObject;+15
j  org.jruby.RubyKernel.send19(Lorg/jruby/runtime/ThreadContext;Lorg/jruby/runtime/builtin/IRubyObject;Lorg/jruby/runtime/builtin/IRubyObject;Lorg/jruby/runtime/Block;)Lorg/jruby/runtime/builtin/IRubyObject;+7
j  org.jruby.RubyKernel$INVOKER$s$send19.call(Lorg/jruby/runtime/ThreadContext;Lorg/jruby/runtime/builtin/IRubyObject;Lorg/jruby/RubyModule;Ljava/lang/String;Lorg/jruby/runtime/builtin/IRubyObject;Lorg/jruby/runtime/Block;)Lorg/jruby/runtime/builtin/IRubyObject;+6
j  org.jruby.internal.runtime.methods.JavaMethod$JavaMethodOneOrNBlock.call(Lorg/jruby/runtime/ThreadContext;Lorg/jruby/runtime/builtin/IRubyObject;Lorg/jruby/RubyModule;Ljava/lang/String;Lorg/jruby/runtime/builtin/IRubyObject;)Lorg/jruby/runtime/builtin/IRubyObject;+11
j  org.jruby.runtime.callsite.CachingCallSite.call(Lorg/jruby/runtime/ThreadContext;Lorg/jruby/runtime/builtin/IRubyObject;Lorg/jruby/runtime/builtin/IRubyObject;Lorg/jruby/runtime/builtin/IRubyObject;)Lorg/jruby/runtime/builtin/IRubyObject;+38
j  Makefile.block_6$RUBY$__file__(LMakefile;Lorg/jruby/runtime/ThreadContext;Lorg/jruby/runtime/builtin/IRubyObject;[Lorg/jruby/runtime/builtin/IRubyObject;Lorg/jruby/runtime/Block;)Lorg/jruby/runtime/builtin/IRubyObject;+46
j  Makefile$block_6$RUBY$__file__.call(Lorg/jruby/runtime/ThreadContext;Lorg/jruby/runtime/builtin/IRubyObject;[Lorg/jruby/runtime/builtin/IRubyObject;Lorg/jruby/runtime/Block;)Lorg/jruby/runtime/builtin/IRubyObject;+9
j  org.jruby.runtime.CompiledBlock19.yield(Lorg/jruby/runtime/ThreadContext;Lorg/jruby/runtime/builtin/IRubyObject;Lorg/jruby/runtime/Binding;Lorg/jruby/runtime/Block$Type;)Lorg/jruby/runtime/builtin/IRubyObject;+52
j  org.jruby.runtime.Block.yield(Lorg/jruby/runtime/ThreadContext;Lorg/jruby/runtime/builtin/IRubyObject;)Lorg/jruby/runtime/builtin/IRubyObject;+14
j  org.jruby.RubyArray.eachCommon(Lorg/jruby/runtime/ThreadContext;Lorg/jruby/runtime/Block;)Lorg/jruby/runtime/builtin/IRubyObject;+41
j  org.jruby.RubyArray.each(Lorg/jruby/runtime/ThreadContext;Lorg/jruby/runtime/Block;)Lorg/jruby/runtime/builtin/IRubyObject;+10
j  org.jruby.RubyArray$INVOKER$i$0$0$each.call(Lorg/jruby/runtime/ThreadContext;Lorg/jruby/runtime/builtin/IRubyObject;Lorg/jruby/RubyModule;Ljava/lang/String;Lorg/jruby/runtime/Block;)Lorg/jruby/runtime/builtin/IRubyObject;+7
j  org.jruby.runtime.callsite.CachingCallSite.cacheAndCall(Lorg/jruby/runtime/builtin/IRubyObject;Lorg/jruby/RubyClass;Lorg/jruby/runtime/Block;Lorg/jruby/runtime/ThreadContext;Lorg/jruby/runtime/builtin/IRubyObject;)Lorg/jruby/runtime/builtin/IRubyObject;+57
j  org.jruby.runtime.callsite.CachingCallSite.callBlock(Lorg/jruby/runtime/ThreadContext;Lorg/jruby/runtime/builtin/IRubyObject;Lorg/jruby/runtime/builtin/IRubyObject;Lorg/jruby/runtime/Block;)Lorg/jruby/runtime/builtin/IRubyObject;+50
j  org.jruby.runtime.callsite.CachingCallSite.callIter(Lorg/jruby/runtime/ThreadContext;Lorg/jruby/runtime/builtin/IRubyObject;Lorg/jruby/runtime/builtin/IRubyObject;Lorg/jruby/runtime/Block;)Lorg/jruby/runtime/builtin/IRubyObject;+6
j  Makefile.__file__(LMakefile;Lorg/jruby/runtime/ThreadContext;Lorg/jruby/runtime/builtin/IRubyObject;[Lorg/jruby/runtime/builtin/IRubyObject;Lorg/jruby/runtime/Block;)Lorg/jruby/runtime/builtin/IRubyObject;+859
j  Makefile.load(Lorg/jruby/runtime/ThreadContext;Lorg/jruby/runtime/builtin/IRubyObject;Z)Lorg/jruby/runtime/builtin/IRubyObject;+22
j  org.jruby.Ruby.runScript(Lorg/jruby/ast/executable/Script;Z)Lorg/jruby/runtime/builtin/IRubyObject;+12
j  org.jruby.Ruby.runScript(Lorg/jruby/ast/executable/Script;)Lorg/jruby/runtime/builtin/IRubyObject;+3
j  org.jruby.Ruby.runNormally(Lorg/jruby/ast/Node;)Lorg/jruby/runtime/builtin/IRubyObject;+73
j  org.jruby.Ruby.runFromMain(Ljava/io/InputStream;Ljava/lang/String;)V+320
j  org.jruby.Main.doRunFromMain(Lorg/jruby/Ruby;Ljava/io/InputStream;Ljava/lang/String;)Lorg/jruby/Main$Status;+12
j  org.jruby.Main.internalRun()Lorg/jruby/Main$Status;+234
j  org.jruby.Main.run([Ljava/lang/String;)Lorg/jruby/Main$Status;+9
j  org.jruby.Main.main([Ljava/lang/String;)V+35
v  ~StubRoutines::call_stub

---------------  P R O C E S S  ---------------

Java Threads: ( => current thread )
  0x00007f8cac4a4000 JavaThread "JRubyJIT-2" daemon [_thread_blocked, id=7363, stack(0x00007f8c9b199000,0x00007f8c9b39a000)]
  0x00007f8cac4a2000 JavaThread "process reaper" daemon [_thread_blocked, id=7295, stack(0x00007f8ca804d000,0x00007f8ca8086000)]
  0x00007f8cac48e800 JavaThread "JRubyJIT-1" daemon [_thread_blocked, id=7293, stack(0x00007f8c9b79c000,0x00007f8c9b99d000)]
  0x00007f8cac0ad000 JavaThread "Service Thread" daemon [_thread_blocked, id=7291, stack(0x00007f8ca1528000,0x00007f8ca1729000)]
  0x00007f8cac0aa800 JavaThread "C2 CompilerThread1" daemon [_thread_blocked, id=7290, stack(0x00007f8ca1729000,0x00007f8ca182a000)]
  0x00007f8cac0a7800 JavaThread "C2 CompilerThread0" daemon [_thread_in_native, id=7289, stack(0x00007f8ca182a000,0x00007f8ca192b000)]
  0x00007f8cac0a5800 JavaThread "Signal Dispatcher" daemon [_thread_blocked, id=7288, stack(0x00007f8ca192b000,0x00007f8ca1b2c000)]
  0x00007f8cac082800 JavaThread "Finalizer" daemon [_thread_blocked, id=7287, stack(0x00007f8ca1f26000,0x00007f8ca2127000)]
  0x00007f8cac080800 JavaThread "Reference Handler" daemon [_thread_blocked, id=7286, stack(0x00007f8ca2127000,0x00007f8ca2328000)]
=>0x00007f8cac00a800 JavaThread "main" [_thread_in_native, id=7280, stack(0x00007f8cb1460000,0x00007f8cb1661000)]

Other Threads:
  0x00007f8cac07c800 VMThread [stack: 0x00007f8ca2328000,0x00007f8ca2429000] [id=7285]
  0x00007f8cac0bf800 WatcherThread [stack: 0x00007f8ca1427000,0x00007f8ca1528000] [id=7292]

VM state:not at safepoint (normal execution)

VM Mutex/Monitor currently owned by a thread: None

Heap
 PSYoungGen      total 33280K, used 16375K [0x00000000f5900000, 0x00000000f7c00000, 0x0000000100000000)
  eden space 30720K, 45% used [0x00000000f5900000,0x00000000f6684a50,0x00000000f7700000)
  from space 2560K, 98% used [0x00000000f7980000,0x00000000f7bf9518,0x00000000f7c00000)
  to   space 2560K, 0% used [0x00000000f7700000,0x00000000f7700000,0x00000000f7980000)
 ParOldGen       total 39936K, used 5284K [0x00000000e0c00000, 0x00000000e3300000, 0x00000000f5900000)
  object space 39936K, 13% used [0x00000000e0c00000,0x00000000e11293a0,0x00000000e3300000)
 PSPermGen       total 25600K, used 25452K [0x00000000d6600000, 0x00000000d7f00000, 0x00000000e0c00000)
  object space 25600K, 99% used [0x00000000d6600000,0x00000000d7edb300,0x00000000d7f00000)

Card table byte_map: [0x00007f8cb0286000,0x00007f8cb03d4000] byte_map_base: 0x00007f8cafbd3000

Polling page: 0x00007f8cb3a6e000

Code Cache  [0x00007f8ca9000000, 0x00007f8ca9270000, 0x00007f8cac000000)
 total_blobs=845 nmethods=366 adapters=433 free_code_cache=47530Kb largest_free_block=48636928

Compilation events (10 events):
Event: 3,697 Thread 0x00007f8cac0a7800 nmethod 369 0x00007f8ca918fa10 code [0x00007f8ca918fb40, 0x00007f8ca918fb98]
Event: 3,697 Thread 0x00007f8cac0a7800  370             org.jruby.runtime.Helpers::getMethodCached (41 bytes)
Event: 3,699 Thread 0x00007f8cac0a7800 nmethod 370 0x00007f8ca9180890 code [0x00007f8ca9180a00, 0x00007f8ca9180b58]
Event: 3,699 Thread 0x00007f8cac0a7800  371             org.jruby.ast.executable.RuntimeCache::getMethod (32 bytes)
Event: 3,699 Thread 0x00007f8cac0aa800 nmethod 367 0x00007f8ca91802d0 code [0x00007f8ca9180440, 0x00007f8ca9180608]
Event: 3,699 Thread 0x00007f8cac0aa800  372             org.jruby.ast.executable.RuntimeCache::getCacheEntry (7 bytes)
Event: 3,700 Thread 0x00007f8cac0aa800 nmethod 372 0x00007f8ca9182d10 code [0x00007f8ca9182e60, 0x00007f8ca9182ef8]
Event: 3,700 Thread 0x00007f8cac0aa800  373             org.jruby.runtime.Helpers::invokedynamic (37 bytes)
Event: 3,701 Thread 0x00007f8cac0a7800 nmethod 371 0x00007f8ca9182910 code [0x00007f8ca9182a60, 0x00007f8ca9182b68]
Event: 3,702 Thread 0x00007f8cac0a7800  374             org.jruby.RubyArray::compare (140 bytes)

GC Heap History (4 events):
Event: 1,392 GC heap before
{Heap before GC invocations=1 (full 0):
 PSYoungGen      total 17920K, used 15360K [0x00000000f5900000, 0x00000000f6d00000, 0x0000000100000000)
  eden space 15360K, 100% used [0x00000000f5900000,0x00000000f6800000,0x00000000f6800000)
  from space 2560K, 0% used [0x00000000f6a80000,0x00000000f6a80000,0x00000000f6d00000)
  to   space 2560K, 0% used [0x00000000f6800000,0x00000000f6800000,0x00000000f6a80000)
 ParOldGen       total 39936K, used 0K [0x00000000e0c00000, 0x00000000e3300000, 0x00000000f5900000)
  object space 39936K, 0% used [0x00000000e0c00000,0x00000000e0c00000,0x00000000e3300000)
 PSPermGen       total 21504K, used 19066K [0x00000000d6600000, 0x00000000d7b00000, 0x00000000e0c00000)
  object space 21504K, 88% used [0x00000000d6600000,0x00000000d789eba0,0x00000000d7b00000)
Event: 1,417 GC heap after
Heap after GC invocations=1 (full 0):
 PSYoungGen      total 17920K, used 2533K [0x00000000f5900000, 0x00000000f7c00000, 0x0000000100000000)
  eden space 15360K, 0% used [0x00000000f5900000,0x00000000f5900000,0x00000000f6800000)
  from space 2560K, 98% used [0x00000000f6800000,0x00000000f6a794c8,0x00000000f6a80000)
  to   space 2560K, 0% used [0x00000000f7980000,0x00000000f7980000,0x00000000f7c00000)
 ParOldGen       total 39936K, used 3300K [0x00000000e0c00000, 0x00000000e3300000, 0x00000000f5900000)
  object space 39936K, 8% used [0x00000000e0c00000,0x00000000e0f39028,0x00000000e3300000)
 PSPermGen       total 21504K, used 19066K [0x00000000d6600000, 0x00000000d7b00000, 0x00000000e0c00000)
  object space 21504K, 88% used [0x00000000d6600000,0x00000000d789eba0,0x00000000d7b00000)
}
Event: 2,665 GC heap before
{Heap before GC invocations=2 (full 0):
 PSYoungGen      total 17920K, used 17893K [0x00000000f5900000, 0x00000000f7c00000, 0x0000000100000000)
  eden space 15360K, 100% used [0x00000000f5900000,0x00000000f6800000,0x00000000f6800000)
  from space 2560K, 98% used [0x00000000f6800000,0x00000000f6a794c8,0x00000000f6a80000)
  to   space 2560K, 0% used [0x00000000f7980000,0x00000000f7980000,0x00000000f7c00000)
 ParOldGen       total 39936K, used 3300K [0x00000000e0c00000, 0x00000000e3300000, 0x00000000f5900000)
  object space 39936K, 8% used [0x00000000e0c00000,0x00000000e0f39028,0x00000000e3300000)
 PSPermGen       total 23552K, used 23549K [0x00000000d6600000, 0x00000000d7d00000, 0x00000000e0c00000)
  object space 23552K, 99% used [0x00000000d6600000,0x00000000d7cff460,0x00000000d7d00000)
Event: 2,696 GC heap after
Heap after GC invocations=2 (full 0):
 PSYoungGen      total 33280K, used 2533K [0x00000000f5900000, 0x00000000f7c00000, 0x0000000100000000)
  eden space 30720K, 0% used [0x00000000f5900000,0x00000000f5900000,0x00000000f7700000)
  from space 2560K, 98% used [0x00000000f7980000,0x00000000f7bf9518,0x00000000f7c00000)
  to   space 2560K, 0% used [0x00000000f7700000,0x00000000f7700000,0x00000000f7980000)
 ParOldGen       total 39936K, used 5284K [0x00000000e0c00000, 0x00000000e3300000, 0x00000000f5900000)
  object space 39936K, 13% used [0x00000000e0c00000,0x00000000e11293a0,0x00000000e3300000)
 PSPermGen       total 23552K, used 23549K [0x00000000d6600000, 0x00000000d7d00000, 0x00000000e0c00000)
  object space 23552K, 99% used [0x00000000d6600000,0x00000000d7cff460,0x00000000d7d00000)
}

Deoptimization events (10 events):
Event: 3,188 Thread 0x00007f8cac00a800 Uncommon trap: reason=unreached action=reinterpret pc=0x00007f8ca9143b34 method=java.util.concurrent.locks.AbstractQueuedSynchronizer.release(I)Z @ 14
Event: 3,188 Thread 0x00007f8cac48e800 Uncommon trap: reason=unreached action=reinterpret pc=0x00007f8ca9145c0c method=java.util.concurrent.locks.AbstractQueuedSynchronizer.release(I)Z @ 14
Event: 3,212 Thread 0x00007f8cac00a800 Uncommon trap: reason=unreached action=reinterpret pc=0x00007f8ca91135e8 method=org.jruby.parser.ParserSupport.checkExpression(Lorg/jruby/ast/Node;)Z @ 3
Event: 3,392 Thread 0x00007f8cac00a800 Uncommon trap: reason=class_check action=maybe_recompile pc=0x00007f8ca917bb84 method=org.joni.Matcher.searchInterruptible(III)I @ 810
Event: 3,439 Thread 0x00007f8cac00a800 Uncommon trap: reason=class_check action=maybe_recompile pc=0x00007f8ca917bb84 method=org.joni.Matcher.searchInterruptible(III)I @ 810
Event: 3,444 Thread 0x00007f8cac00a800 Uncommon trap: reason=class_check action=maybe_recompile pc=0x00007f8ca917bb84 method=org.joni.Matcher.searchInterruptible(III)I @ 810
Event: 3,534 Thread 0x00007f8cac00a800 Uncommon trap: reason=class_check action=maybe_recompile pc=0x00007f8ca916c7b8 method=org.jruby.RubyArray.compare(Lorg/jruby/runtime/ThreadContext;Lorg/jruby/runtime/invokedynamic/MethodNames;Lorg/jruby/runtime/builtin/IRubyObject;)Lorg/jruby/RubyBoolean;
Event: 3,534 Thread 0x00007f8cac00a800 Uncommon trap: reason=class_check action=maybe_recompile pc=0x00007f8ca916c7b8 method=org.jruby.RubyArray.compare(Lorg/jruby/runtime/ThreadContext;Lorg/jruby/runtime/invokedynamic/MethodNames;Lorg/jruby/runtime/builtin/IRubyObject;)Lorg/jruby/RubyBoolean;
Event: 3,534 Thread 0x00007f8cac00a800 Uncommon trap: reason=class_check action=maybe_recompile pc=0x00007f8ca916c7b8 method=org.jruby.RubyArray.compare(Lorg/jruby/runtime/ThreadContext;Lorg/jruby/runtime/invokedynamic/MethodNames;Lorg/jruby/runtime/builtin/IRubyObject;)Lorg/jruby/RubyBoolean;
Event: 3,534 Thread 0x00007f8cac00a800 Uncommon trap: reason=class_check action=maybe_recompile pc=0x00007f8ca916c7b8 method=org.jruby.RubyArray.compare(Lorg/jruby/runtime/ThreadContext;Lorg/jruby/runtime/invokedynamic/MethodNames;Lorg/jruby/runtime/builtin/IRubyObject;)Lorg/jruby/RubyBoolean;

Internal exceptions (10 events):
Event: 3,376 Thread 0x00007f8cac4a4000 Threw 0x00000000f615a8b0 at /build/buildd/openjdk-7-7u51-2.4.4/build/openjdk/hotspot/src/share/vm/prims/jvm.cpp:1244
Event: 3,376 Thread 0x00007f8cac4a4000 Threw 0x00000000f615b950 at /build/buildd/openjdk-7-7u51-2.4.4/build/openjdk/hotspot/src/share/vm/prims/jvm.cpp:1244
Event: 3,429 Thread 0x00007f8cac48e800 Threw 0x00000000f61a87d0 at /build/buildd/openjdk-7-7u51-2.4.4/build/openjdk/hotspot/src/share/vm/prims/jvm.cpp:1244
Event: 3,429 Thread 0x00007f8cac48e800 Threw 0x00000000f61a98d0 at /build/buildd/openjdk-7-7u51-2.4.4/build/openjdk/hotspot/src/share/vm/prims/jvm.cpp:1244
Event: 3,433 Thread 0x00007f8cac48e800 Threw 0x00000000f63a9ec0 at /build/buildd/openjdk-7-7u51-2.4.4/build/openjdk/hotspot/src/share/vm/prims/jvm.cpp:1244
Event: 3,433 Thread 0x00007f8cac48e800 Threw 0x00000000f63ab068 at /build/buildd/openjdk-7-7u51-2.4.4/build/openjdk/hotspot/src/share/vm/prims/jvm.cpp:1244
Event: 3,433 Thread 0x00007f8cac4a4000 Threw 0x00000000f636d580 at /build/buildd/openjdk-7-7u51-2.4.4/build/openjdk/hotspot/src/share/vm/prims/jvm.cpp:1244
Event: 3,433 Thread 0x00007f8cac4a4000 Threw 0x00000000f636e680 at /build/buildd/openjdk-7-7u51-2.4.4/build/openjdk/hotspot/src/share/vm/prims/jvm.cpp:1244
Event: 3,543 Thread 0x00007f8cac48e800 Threw 0x00000000f651fe18 at /build/buildd/openjdk-7-7u51-2.4.4/build/openjdk/hotspot/src/share/vm/prims/jvm.cpp:1244
Event: 3,544 Thread 0x00007f8cac48e800 Threw 0x00000000f65210b8 at /build/buildd/openjdk-7-7u51-2.4.4/build/openjdk/hotspot/src/share/vm/prims/jvm.cpp:1244

Events (10 events):
Event: 3,534 Thread 0x00007f8cac00a800 DEOPT PACKING pc=0x00007f8ca916c7b8 sp=0x00007f8cb165da30
Event: 3,534 Thread 0x00007f8cac00a800 DEOPT UNPACKING pc=0x00007f8ca9039045 sp=0x00007f8cb165da08 mode 2
Event: 3,534 Thread 0x00007f8cac00a800 Uncommon trap: trap_request=0xffffffde fr.pc=0x00007f8ca916c7b8
Event: 3,534 Thread 0x00007f8cac00a800 DEOPT PACKING pc=0x00007f8ca916c7b8 sp=0x00007f8cb165da30
Event: 3,534 Thread 0x00007f8cac00a800 DEOPT UNPACKING pc=0x00007f8ca9039045 sp=0x00007f8cb165da08 mode 2
Event: 3,534 Thread 0x00007f8cac00a800 Uncommon trap: trap_request=0xffffffde fr.pc=0x00007f8ca916c7b8
Event: 3,534 Thread 0x00007f8cac00a800 DEOPT PACKING pc=0x00007f8ca916c7b8 sp=0x00007f8cb165dee0
Event: 3,534 Thread 0x00007f8cac00a800 DEOPT UNPACKING pc=0x00007f8ca9039045 sp=0x00007f8cb165deb8 mode 2
Event: 3,543 loading class 0x00007f8c70011120
Event: 3,543 loading class 0x00007f8c70011120 done


Dynamic libraries:
00400000-00401000 r-xp 00000000 08:05 12322450                           /usr/lib/jvm/java-7-openjdk-amd64/jre/bin/java
00600000-00601000 r--p 00000000 08:05 12322450                           /usr/lib/jvm/java-7-openjdk-amd64/jre/bin/java
00601000-00602000 rw-p 00001000 08:05 12322450                           /usr/lib/jvm/java-7-openjdk-amd64/jre/bin/java
013ca000-013eb000 rw-p 00000000 00:00 0                                  [heap]
d6600000-d7f00000 rw-p 00000000 00:00 0 
d7f00000-e0c00000 rw-p 00000000 00:00 0 
e0c00000-e3300000 rw-p 00000000 00:00 0 
e3300000-f5900000 rw-p 00000000 00:00 0 
f5900000-f7c00000 rw-p 00000000 00:00 0 
f7c00000-100000000 rw-p 00000000 00:00 0 
7f8c5c000000-7f8c5c021000 rw-p 00000000 00:00 0 
7f8c5c021000-7f8c60000000 ---p 00000000 00:00 0 
7f8c60000000-7f8c60021000 rw-p 00000000 00:00 0 
7f8c60021000-7f8c64000000 ---p 00000000 00:00 0 
7f8c64000000-7f8c64021000 rw-p 00000000 00:00 0 
7f8c64021000-7f8c68000000 ---p 00000000 00:00 0 
7f8c68000000-7f8c68021000 rw-p 00000000 00:00 0 
7f8c68021000-7f8c6c000000 ---p 00000000 00:00 0 
7f8c6c000000-7f8c6c021000 rw-p 00000000 00:00 0 
7f8c6c021000-7f8c70000000 ---p 00000000 00:00 0 
7f8c70000000-7f8c70027000 rw-p 00000000 00:00 0 
7f8c70027000-7f8c74000000 ---p 00000000 00:00 0 
7f8c74000000-7f8c74db9000 rw-p 00000000 00:00 0 
7f8c74db9000-7f8c78000000 ---p 00000000 00:00 0 
7f8c78000000-7f8c78021000 rw-p 00000000 00:00 0 
7f8c78021000-7f8c7c000000 ---p 00000000 00:00 0 
7f8c7c000000-7f8c7c021000 rw-p 00000000 00:00 0 
7f8c7c021000-7f8c80000000 ---p 00000000 00:00 0 
7f8c80000000-7f8c80f64000 rw-p 00000000 00:00 0 
7f8c80f64000-7f8c84000000 ---p 00000000 00:00 0 
7f8c84000000-7f8c84021000 rw-p 00000000 00:00 0 
7f8c84021000-7f8c88000000 ---p 00000000 00:00 0 
7f8c88000000-7f8c88021000 rw-p 00000000 00:00 0 
7f8c88021000-7f8c8c000000 ---p 00000000 00:00 0 
7f8c8c000000-7f8c8c021000 rw-p 00000000 00:00 0 
7f8c8c021000-7f8c90000000 ---p 00000000 00:00 0 
7f8c90000000-7f8c90021000 rw-p 00000000 00:00 0 
7f8c90021000-7f8c94000000 ---p 00000000 00:00 0 
7f8c94000000-7f8c94021000 rw-p 00000000 00:00 0 
7f8c94021000-7f8c98000000 ---p 00000000 00:00 0 
7f8c9ab91000-7f8c9ab93000 r-xp 00000000 08:05 16777738                   /home/luis/practica01/src/lib/libconvex_hull.so
7f8c9ab93000-7f8c9ad92000 ---p 00002000 08:05 16777738                   /home/luis/practica01/src/lib/libconvex_hull.so
7f8c9ad92000-7f8c9ad93000 r--p 00001000 08:05 16777738                   /home/luis/practica01/src/lib/libconvex_hull.so
7f8c9ad93000-7f8c9ad94000 rw-p 00002000 08:05 16777738                   /home/luis/practica01/src/lib/libconvex_hull.so
7f8c9ad94000-7f8c9ad96000 r-xp 00000000 08:05 16777737                   /home/luis/practica01/src/lib/libdouble_linked_list.so
7f8c9ad96000-7f8c9af95000 ---p 00002000 08:05 16777737                   /home/luis/practica01/src/lib/libdouble_linked_list.so
7f8c9af95000-7f8c9af96000 r--p 00001000 08:05 16777737                   /home/luis/practica01/src/lib/libdouble_linked_list.so
7f8c9af96000-7f8c9af97000 rw-p 00002000 08:05 16777737                   /home/luis/practica01/src/lib/libdouble_linked_list.so
7f8c9af97000-7f8c9af98000 r-xp 00000000 08:05 16777736                   /home/luis/practica01/src/lib/lib2d_points.so
7f8c9af98000-7f8c9b197000 ---p 00001000 08:05 16777736                   /home/luis/practica01/src/lib/lib2d_points.so
7f8c9b197000-7f8c9b198000 r--p 00000000 08:05 16777736                   /home/luis/practica01/src/lib/lib2d_points.so
7f8c9b198000-7f8c9b199000 rw-p 00001000 08:05 16777736                   /home/luis/practica01/src/lib/lib2d_points.so
7f8c9b199000-7f8c9b19c000 ---p 00000000 00:00 0 
7f8c9b19c000-7f8c9b39a000 rw-p 00000000 00:00 0                          [stack:7363]
7f8c9b39a000-7f8c9b39d000 ---p 00000000 00:00 0 
7f8c9b39d000-7f8c9b59b000 rw-p 00000000 00:00 0 
7f8c9b59b000-7f8c9b59e000 ---p 00000000 00:00 0 
7f8c9b59e000-7f8c9b79c000 rw-p 00000000 00:00 0 
7f8c9b79c000-7f8c9b79f000 ---p 00000000 00:00 0 
7f8c9b79f000-7f8c9b99d000 rw-p 00000000 00:00 0                          [stack:7293]
7f8c9b99d000-7f8c9b9af000 r-xp 00000000 08:05 16253453                   /home/luis/.rbenv/versions/jruby-1.7.10/lib/jni/x86_64-Linux/libjffi-1.2.so
7f8c9b9af000-7f8c9bbae000 ---p 00012000 08:05 16253453                   /home/luis/.rbenv/versions/jruby-1.7.10/lib/jni/x86_64-Linux/libjffi-1.2.so
7f8c9bbae000-7f8c9bbaf000 rw-p 00011000 08:05 16253453                   /home/luis/.rbenv/versions/jruby-1.7.10/lib/jni/x86_64-Linux/libjffi-1.2.so
7f8c9bbaf000-7f8c9bbbf000 r-xp 00000000 08:05 12322344                   /usr/lib/jvm/java-7-openjdk-amd64/jre/lib/amd64/libnio.so
7f8c9bbbf000-7f8c9bdbf000 ---p 00010000 08:05 12322344                   /usr/lib/jvm/java-7-openjdk-amd64/jre/lib/amd64/libnio.so
7f8c9bdbf000-7f8c9bdc0000 r--p 00010000 08:05 12322344                   /usr/lib/jvm/java-7-openjdk-amd64/jre/lib/amd64/libnio.so
7f8c9bdc0000-7f8c9bdc1000 rw-p 00011000 08:05 12322344                   /usr/lib/jvm/java-7-openjdk-amd64/jre/lib/amd64/libnio.so
7f8c9bdc1000-7f8c9bdfe000 r-xp 00000000 08:05 9834371                    /lib/x86_64-linux-gnu/libpcre.so.3.13.1
7f8c9bdfe000-7f8c9bffe000 ---p 0003d000 08:05 9834371                    /lib/x86_64-linux-gnu/libpcre.so.3.13.1
7f8c9bffe000-7f8c9bfff000 r--p 0003d000 08:05 9834371                    /lib/x86_64-linux-gnu/libpcre.so.3.13.1
7f8c9bfff000-7f8c9c000000 rw-p 0003e000 08:05 9834371                    /lib/x86_64-linux-gnu/libpcre.so.3.13.1
7f8c9c000000-7f8c9c021000 rw-p 00000000 00:00 0 
7f8c9c021000-7f8ca0000000 ---p 00000000 00:00 0 
7f8ca0113000-7f8ca011a000 r-xp 00000000 08:05 12196946                   /usr/lib/x86_64-linux-gnu/libffi.so.6.0.1
7f8ca011a000-7f8ca0319000 ---p 00007000 08:05 12196946                   /usr/lib/x86_64-linux-gnu/libffi.so.6.0.1
7f8ca0319000-7f8ca031a000 r--p 00006000 08:05 12196946                   /usr/lib/x86_64-linux-gnu/libffi.so.6.0.1
7f8ca031a000-7f8ca031b000 rw-p 00007000 08:05 12196946                   /usr/lib/x86_64-linux-gnu/libffi.so.6.0.1
7f8ca031b000-7f8ca0331000 r-xp 00000000 08:05 9834394                    /lib/x86_64-linux-gnu/libresolv-2.17.so
7f8ca0331000-7f8ca0531000 ---p 00016000 08:05 9834394                    /lib/x86_64-linux-gnu/libresolv-2.17.so
7f8ca0531000-7f8ca0532000 r--p 00016000 08:05 9834394                    /lib/x86_64-linux-gnu/libresolv-2.17.so
7f8ca0532000-7f8ca0533000 rw-p 00017000 08:05 9834394                    /lib/x86_64-linux-gnu/libresolv-2.17.so
7f8ca0533000-7f8ca0535000 rw-p 00000000 00:00 0 
7f8ca0535000-7f8ca0554000 r-xp 00000000 08:05 9834398                    /lib/x86_64-linux-gnu/libselinux.so.1
7f8ca0554000-7f8ca0754000 ---p 0001f000 08:05 9834398                    /lib/x86_64-linux-gnu/libselinux.so.1
7f8ca0754000-7f8ca0755000 r--p 0001f000 08:05 9834398                    /lib/x86_64-linux-gnu/libselinux.so.1
7f8ca0755000-7f8ca0756000 rw-p 00020000 08:05 9834398                    /lib/x86_64-linux-gnu/libselinux.so.1
7f8ca0756000-7f8ca0757000 rw-p 00000000 00:00 0 
7f8ca0757000-7f8ca075a000 r-xp 00000000 08:05 12190134                   /usr/lib/x86_64-linux-gnu/libgmodule-2.0.so.0.3800.1
7f8ca075a000-7f8ca0959000 ---p 00003000 08:05 12190134                   /usr/lib/x86_64-linux-gnu/libgmodule-2.0.so.0.3800.1
7f8ca0959000-7f8ca095a000 r--p 00002000 08:05 12190134                   /usr/lib/x86_64-linux-gnu/libgmodule-2.0.so.0.3800.1
7f8ca095a000-7f8ca095b000 rw-p 00003000 08:05 12190134                   /usr/lib/x86_64-linux-gnu/libgmodule-2.0.so.0.3800.1
7f8ca095b000-7f8ca0a59000 r-xp 00000000 08:05 9834386                    /lib/x86_64-linux-gnu/libglib-2.0.so.0.3800.1
7f8ca0a59000-7f8ca0c59000 ---p 000fe000 08:05 9834386                    /lib/x86_64-linux-gnu/libglib-2.0.so.0.3800.1
7f8ca0c59000-7f8ca0c5a000 r--p 000fe000 08:05 9834386                    /lib/x86_64-linux-gnu/libglib-2.0.so.0.3800.1
7f8ca0c5a000-7f8ca0c5b000 rw-p 000ff000 08:05 9834386                    /lib/x86_64-linux-gnu/libglib-2.0.so.0.3800.1
7f8ca0c5b000-7f8ca0c5c000 rw-p 00000000 00:00 0 
7f8ca0c5c000-7f8ca0cab000 r-xp 00000000 08:05 12190125                   /usr/lib/x86_64-linux-gnu/libgobject-2.0.so.0.3800.1
7f8ca0cab000-7f8ca0eab000 ---p 0004f000 08:05 12190125                   /usr/lib/x86_64-linux-gnu/libgobject-2.0.so.0.3800.1
7f8ca0eab000-7f8ca0eac000 r--p 0004f000 08:05 12190125                   /usr/lib/x86_64-linux-gnu/libgobject-2.0.so.0.3800.1
7f8ca0eac000-7f8ca0ead000 rw-p 00050000 08:05 12190125                   /usr/lib/x86_64-linux-gnu/libgobject-2.0.so.0.3800.1
7f8ca0ead000-7f8ca1009000 r-xp 00000000 08:05 12190099                   /usr/lib/x86_64-linux-gnu/libgio-2.0.so.0.3800.1
7f8ca1009000-7f8ca1208000 ---p 0015c000 08:05 12190099                   /usr/lib/x86_64-linux-gnu/libgio-2.0.so.0.3800.1
7f8ca1208000-7f8ca120c000 r--p 0015b000 08:05 12190099                   /usr/lib/x86_64-linux-gnu/libgio-2.0.so.0.3800.1
7f8ca120c000-7f8ca120e000 rw-p 0015f000 08:05 12190099                   /usr/lib/x86_64-linux-gnu/libgio-2.0.so.0.3800.1
7f8ca120e000-7f8ca1210000 rw-p 00000000 00:00 0 
7f8ca1210000-7f8ca1226000 r-xp 00000000 08:05 12322132                   /usr/lib/jvm/java-7-openjdk-amd64/jre/lib/amd64/libnet.so
7f8ca1226000-7f8ca1425000 ---p 00016000 08:05 12322132                   /usr/lib/jvm/java-7-openjdk-amd64/jre/lib/amd64/libnet.so
7f8ca1425000-7f8ca1426000 r--p 00015000 08:05 12322132                   /usr/lib/jvm/java-7-openjdk-amd64/jre/lib/amd64/libnet.so
7f8ca1426000-7f8ca1427000 rw-p 00016000 08:05 12322132                   /usr/lib/jvm/java-7-openjdk-amd64/jre/lib/amd64/libnet.so
7f8ca1427000-7f8ca1428000 ---p 00000000 00:00 0 
7f8ca1428000-7f8ca1528000 rw-p 00000000 00:00 0                          [stack:7292]
7f8ca1528000-7f8ca152b000 ---p 00000000 00:00 0 
7f8ca152b000-7f8ca1729000 rw-p 00000000 00:00 0                          [stack:7291]
7f8ca1729000-7f8ca172c000 ---p 00000000 00:00 0 
7f8ca172c000-7f8ca182a000 rw-p 00000000 00:00 0                          [stack:7290]
7f8ca182a000-7f8ca182d000 ---p 00000000 00:00 0 
7f8ca182d000-7f8ca192b000 rw-p 00000000 00:00 0                          [stack:7289]
7f8ca192b000-7f8ca192e000 ---p 00000000 00:00 0 
7f8ca192e000-7f8ca1b2c000 rw-p 00000000 00:00 0                          [stack:7288]
7f8ca1b2c000-7f8ca1f26000 r--p 00000000 08:05 12195384                   /usr/lib/locale/locale-archive
7f8ca1f26000-7f8ca1f29000 ---p 00000000 00:00 0 
7f8ca1f29000-7f8ca2127000 rw-p 00000000 00:00 0                          [stack:7287]
7f8ca2127000-7f8ca212a000 ---p 00000000 00:00 0 
7f8ca212a000-7f8ca2328000 rw-p 00000000 00:00 0                          [stack:7286]
7f8ca2328000-7f8ca2329000 ---p 00000000 00:00 0 
7f8ca2329000-7f8ca4000000 rw-p 00000000 00:00 0                          [stack:7285]
7f8ca4000000-7f8ca4021000 rw-p 00000000 00:00 0 
7f8ca4021000-7f8ca8000000 ---p 00000000 00:00 0 
7f8ca804d000-7f8ca8050000 ---p 00000000 00:00 0 
7f8ca8050000-7f8ca895c000 rw-p 00000000 00:00 0                          [stack:7295]
7f8ca895c000-7f8ca8a45000 r--s 00bb9000 08:05 16253440                   /home/luis/.rbenv/versions/jruby-1.7.10/lib/jruby.jar
7f8ca8a45000-7f8ca8a8d000 rw-p 00000000 00:00 0 
7f8ca8a8d000-7f8ca8c3b000 r--s 01cf4000 08:05 12322430                   /usr/lib/jvm/java-7-openjdk-amd64/jre/lib/rt.jar
7f8ca8c3b000-7f8ca8dfe000 rw-p 00000000 00:00 0 
7f8ca8dfe000-7f8ca8dff000 ---p 00000000 00:00 0 
7f8ca8dff000-7f8ca8eff000 rw-p 00000000 00:00 0                          [stack:7284]
7f8ca8eff000-7f8ca8f00000 ---p 00000000 00:00 0 
7f8ca8f00000-7f8ca9000000 rw-p 00000000 00:00 0                          [stack:7283]
7f8ca9000000-7f8ca9270000 rwxp 00000000 00:00 0 
7f8ca9270000-7f8cac4dc000 rw-p 00000000 00:00 0 
7f8cac4dc000-7f8cb0000000 ---p 00000000 00:00 0 
7f8cb0001000-7f8cb0084000 rw-p 00000000 00:00 0 
7f8cb0084000-7f8cb0085000 ---p 00000000 00:00 0 
7f8cb0085000-7f8cb0185000 rw-p 00000000 00:00 0                          [stack:7282]
7f8cb0185000-7f8cb0186000 ---p 00000000 00:00 0 
7f8cb0186000-7f8cb0293000 rw-p 00000000 00:00 0                          [stack:7281]
7f8cb0293000-7f8cb02d9000 rw-p 00000000 00:00 0 
7f8cb02d9000-7f8cb02ed000 rw-p 00000000 00:00 0 
7f8cb02ed000-7f8cb037f000 rw-p 00000000 00:00 0 
7f8cb037f000-7f8cb0391000 rw-p 00000000 00:00 0 
7f8cb0391000-7f8cb03d3000 rw-p 00000000 00:00 0 
7f8cb03d3000-7f8cb03d4000 rw-p 00000000 00:00 0 
7f8cb03d4000-7f8cb03dc000 r-xp 00000000 08:05 12322081                   /usr/lib/jvm/java-7-openjdk-amd64/jre/lib/amd64/libzip.so
7f8cb03dc000-7f8cb05db000 ---p 00008000 08:05 12322081                   /usr/lib/jvm/java-7-openjdk-amd64/jre/lib/amd64/libzip.so
7f8cb05db000-7f8cb05dc000 r--p 00007000 08:05 12322081                   /usr/lib/jvm/java-7-openjdk-amd64/jre/lib/amd64/libzip.so
7f8cb05dc000-7f8cb05dd000 rw-p 00008000 08:05 12322081                   /usr/lib/jvm/java-7-openjdk-amd64/jre/lib/amd64/libzip.so
7f8cb05dd000-7f8cb05e9000 r-xp 00000000 08:05 9834349                    /lib/x86_64-linux-gnu/libnss_files-2.17.so
7f8cb05e9000-7f8cb07e8000 ---p 0000c000 08:05 9834349                    /lib/x86_64-linux-gnu/libnss_files-2.17.so
7f8cb07e8000-7f8cb07e9000 r--p 0000b000 08:05 9834349                    /lib/x86_64-linux-gnu/libnss_files-2.17.so
7f8cb07e9000-7f8cb07ea000 rw-p 0000c000 08:05 9834349                    /lib/x86_64-linux-gnu/libnss_files-2.17.so
7f8cb07ea000-7f8cb07f5000 r-xp 00000000 08:05 9834353                    /lib/x86_64-linux-gnu/libnss_nis-2.17.so
7f8cb07f5000-7f8cb09f4000 ---p 0000b000 08:05 9834353                    /lib/x86_64-linux-gnu/libnss_nis-2.17.so
7f8cb09f4000-7f8cb09f5000 r--p 0000a000 08:05 9834353                    /lib/x86_64-linux-gnu/libnss_nis-2.17.so
7f8cb09f5000-7f8cb09f6000 rw-p 0000b000 08:05 9834353                    /lib/x86_64-linux-gnu/libnss_nis-2.17.so
7f8cb09f6000-7f8cb0a0d000 r-xp 00000000 08:05 9834343                    /lib/x86_64-linux-gnu/libnsl-2.17.so
7f8cb0a0d000-7f8cb0c0c000 ---p 00017000 08:05 9834343                    /lib/x86_64-linux-gnu/libnsl-2.17.so
7f8cb0c0c000-7f8cb0c0d000 r--p 00016000 08:05 9834343                    /lib/x86_64-linux-gnu/libnsl-2.17.so
7f8cb0c0d000-7f8cb0c0e000 rw-p 00017000 08:05 9834343                    /lib/x86_64-linux-gnu/libnsl-2.17.so
7f8cb0c0e000-7f8cb0c10000 rw-p 00000000 00:00 0 
7f8cb0c10000-7f8cb0c18000 r-xp 00000000 08:05 9834345                    /lib/x86_64-linux-gnu/libnss_compat-2.17.so
7f8cb0c18000-7f8cb0e17000 ---p 00008000 08:05 9834345                    /lib/x86_64-linux-gnu/libnss_compat-2.17.so
7f8cb0e17000-7f8cb0e18000 r--p 00007000 08:05 9834345                    /lib/x86_64-linux-gnu/libnss_compat-2.17.so
7f8cb0e18000-7f8cb0e19000 rw-p 00008000 08:05 9834345                    /lib/x86_64-linux-gnu/libnss_compat-2.17.so
7f8cb0e19000-7f8cb0e44000 r-xp 00000000 08:05 12322007                   /usr/lib/jvm/java-7-openjdk-amd64/jre/lib/amd64/libjava.so
7f8cb0e44000-7f8cb1043000 ---p 0002b000 08:05 12322007                   /usr/lib/jvm/java-7-openjdk-amd64/jre/lib/amd64/libjava.so
7f8cb1043000-7f8cb1044000 r--p 0002a000 08:05 12322007                   /usr/lib/jvm/java-7-openjdk-amd64/jre/lib/amd64/libjava.so
7f8cb1044000-7f8cb1046000 rw-p 0002b000 08:05 12322007                   /usr/lib/jvm/java-7-openjdk-amd64/jre/lib/amd64/libjava.so
7f8cb1046000-7f8cb1056000 r-xp 00000000 08:05 12322321                   /usr/lib/jvm/java-7-openjdk-amd64/jre/lib/amd64/libverify.so
7f8cb1056000-7f8cb1255000 ---p 00010000 08:05 12322321                   /usr/lib/jvm/java-7-openjdk-amd64/jre/lib/amd64/libverify.so
7f8cb1255000-7f8cb1257000 r--p 0000f000 08:05 12322321                   /usr/lib/jvm/java-7-openjdk-amd64/jre/lib/amd64/libverify.so
7f8cb1257000-7f8cb1258000 rw-p 00011000 08:05 12322321                   /usr/lib/jvm/java-7-openjdk-amd64/jre/lib/amd64/libverify.so
7f8cb1258000-7f8cb125f000 r-xp 00000000 08:05 9834396                    /lib/x86_64-linux-gnu/librt-2.17.so
7f8cb125f000-7f8cb145e000 ---p 00007000 08:05 9834396                    /lib/x86_64-linux-gnu/librt-2.17.so
7f8cb145e000-7f8cb145f000 r--p 00006000 08:05 9834396                    /lib/x86_64-linux-gnu/librt-2.17.so
7f8cb145f000-7f8cb1460000 rw-p 00007000 08:05 9834396                    /lib/x86_64-linux-gnu/librt-2.17.so
7f8cb1460000-7f8cb1463000 ---p 00000000 00:00 0 
7f8cb1463000-7f8cb1661000 rw-p 00000000 00:00 0                          [stack:7280]
7f8cb1661000-7f8cb1676000 r-xp 00000000 08:05 9830413                    /lib/x86_64-linux-gnu/libgcc_s.so.1
7f8cb1676000-7f8cb1875000 ---p 00015000 08:05 9830413                    /lib/x86_64-linux-gnu/libgcc_s.so.1
7f8cb1875000-7f8cb1876000 r--p 00014000 08:05 9830413                    /lib/x86_64-linux-gnu/libgcc_s.so.1
7f8cb1876000-7f8cb1877000 rw-p 00015000 08:05 9830413                    /lib/x86_64-linux-gnu/libgcc_s.so.1
7f8cb1877000-7f8cb197a000 r-xp 00000000 08:05 9834324                    /lib/x86_64-linux-gnu/libm-2.17.so
7f8cb197a000-7f8cb1b79000 ---p 00103000 08:05 9834324                    /lib/x86_64-linux-gnu/libm-2.17.so
7f8cb1b79000-7f8cb1b7a000 r--p 00102000 08:05 9834324                    /lib/x86_64-linux-gnu/libm-2.17.so
7f8cb1b7a000-7f8cb1b7b000 rw-p 00103000 08:05 9834324                    /lib/x86_64-linux-gnu/libm-2.17.so
7f8cb1b7b000-7f8cb1c61000 r-xp 00000000 08:05 12190887                   /usr/lib/x86_64-linux-gnu/libstdc++.so.6.0.18
7f8cb1c61000-7f8cb1e60000 ---p 000e6000 08:05 12190887                   /usr/lib/x86_64-linux-gnu/libstdc++.so.6.0.18
7f8cb1e60000-7f8cb1e68000 r--p 000e5000 08:05 12190887                   /usr/lib/x86_64-linux-gnu/libstdc++.so.6.0.18
7f8cb1e68000-7f8cb1e6a000 rw-p 000ed000 08:05 12190887                   /usr/lib/x86_64-linux-gnu/libstdc++.so.6.0.18
7f8cb1e6a000-7f8cb1e7f000 rw-p 00000000 00:00 0 
7f8cb1e7f000-7f8cb295e000 r-xp 00000000 08:05 12322340                   /usr/lib/jvm/java-7-openjdk-amd64/jre/lib/amd64/server/libjvm.so
7f8cb295e000-7f8cb2b5d000 ---p 00adf000 08:05 12322340                   /usr/lib/jvm/java-7-openjdk-amd64/jre/lib/amd64/server/libjvm.so
7f8cb2b5d000-7f8cb2bef000 r--p 00ade000 08:05 12322340                   /usr/lib/jvm/java-7-openjdk-amd64/jre/lib/amd64/server/libjvm.so
7f8cb2bef000-7f8cb2c12000 rw-p 00b70000 08:05 12322340                   /usr/lib/jvm/java-7-openjdk-amd64/jre/lib/amd64/server/libjvm.so
7f8cb2c12000-7f8cb2c3f000 rw-p 00000000 00:00 0 
7f8cb2c3f000-7f8cb2c57000 r-xp 00000000 08:05 9834431                    /lib/x86_64-linux-gnu/libz.so.1.2.8
7f8cb2c57000-7f8cb2e56000 ---p 00018000 08:05 9834431                    /lib/x86_64-linux-gnu/libz.so.1.2.8
7f8cb2e56000-7f8cb2e57000 r--p 00017000 08:05 9834431                    /lib/x86_64-linux-gnu/libz.so.1.2.8
7f8cb2e57000-7f8cb2e58000 rw-p 00018000 08:05 9834431                    /lib/x86_64-linux-gnu/libz.so.1.2.8
7f8cb2e58000-7f8cb2e6f000 r-xp 00000000 08:05 9834388                    /lib/x86_64-linux-gnu/libpthread-2.17.so
7f8cb2e6f000-7f8cb306f000 ---p 00017000 08:05 9834388                    /lib/x86_64-linux-gnu/libpthread-2.17.so
7f8cb306f000-7f8cb3070000 r--p 00017000 08:05 9834388                    /lib/x86_64-linux-gnu/libpthread-2.17.so
7f8cb3070000-7f8cb3071000 rw-p 00018000 08:05 9834388                    /lib/x86_64-linux-gnu/libpthread-2.17.so
7f8cb3071000-7f8cb3075000 rw-p 00000000 00:00 0 
7f8cb3075000-7f8cb3078000 r-xp 00000000 08:05 9834288                    /lib/x86_64-linux-gnu/libdl-2.17.so
7f8cb3078000-7f8cb3277000 ---p 00003000 08:05 9834288                    /lib/x86_64-linux-gnu/libdl-2.17.so
7f8cb3277000-7f8cb3278000 r--p 00002000 08:05 9834288                    /lib/x86_64-linux-gnu/libdl-2.17.so
7f8cb3278000-7f8cb3279000 rw-p 00003000 08:05 9834288                    /lib/x86_64-linux-gnu/libdl-2.17.so
7f8cb3279000-7f8cb3436000 r-xp 00000000 08:05 9834273                    /lib/x86_64-linux-gnu/libc-2.17.so
7f8cb3436000-7f8cb3636000 ---p 001bd000 08:05 9834273                    /lib/x86_64-linux-gnu/libc-2.17.so
7f8cb3636000-7f8cb363a000 r--p 001bd000 08:05 9834273                    /lib/x86_64-linux-gnu/libc-2.17.so
7f8cb363a000-7f8cb363c000 rw-p 001c1000 08:05 9834273                    /lib/x86_64-linux-gnu/libc-2.17.so
7f8cb363c000-7f8cb3641000 rw-p 00000000 00:00 0 
7f8cb3641000-7f8cb364e000 r-xp 00000000 08:05 12322347                   /usr/lib/jvm/java-7-openjdk-amd64/jre/lib/amd64/jli/libjli.so
7f8cb364e000-7f8cb384d000 ---p 0000d000 08:05 12322347                   /usr/lib/jvm/java-7-openjdk-amd64/jre/lib/amd64/jli/libjli.so
7f8cb384d000-7f8cb384e000 r--p 0000c000 08:05 12322347                   /usr/lib/jvm/java-7-openjdk-amd64/jre/lib/amd64/jli/libjli.so
7f8cb384e000-7f8cb384f000 rw-p 0000d000 08:05 12322347                   /usr/lib/jvm/java-7-openjdk-amd64/jre/lib/amd64/jli/libjli.so
7f8cb384f000-7f8cb3872000 r-xp 00000000 08:05 9834249                    /lib/x86_64-linux-gnu/ld-2.17.so
7f8cb3877000-7f8cb3878000 rw-p 00000000 00:00 0 
7f8cb3878000-7f8cb3879000 r-xp 00000000 00:00 0 
7f8cb3879000-7f8cb3880000 r--s 00000000 08:05 12588976                   /usr/lib/x86_64-linux-gnu/gconv/gconv-modules.cache
7f8cb3880000-7f8cb3885000 r--s 0004c000 08:05 12322352                   /usr/lib/jvm/java-7-openjdk-amd64/jre/lib/jsse.jar
7f8cb3885000-7f8cb3888000 r--s 00032000 08:05 12322366                   /usr/lib/jvm/java-7-openjdk-amd64/jre/lib/ext/sunjce_provider.jar
7f8cb3888000-7f8cb388b000 r--s 0000f000 08:05 12322362                   /usr/lib/jvm/java-7-openjdk-amd64/jre/lib/ext/pulse-java.jar
7f8cb388b000-7f8cb38a6000 rw-p 00000000 00:00 0 
7f8cb38a6000-7f8cb38ec000 rw-p 00000000 00:00 0 
7f8cb38ec000-7f8cb3900000 rw-p 00000000 00:00 0 
7f8cb3900000-7f8cb3993000 rw-p 00000000 00:00 0 
7f8cb3993000-7f8cb399d000 rw-p 00000000 00:00 0 
7f8cb399d000-7f8cb3a53000 rw-p 00000000 00:00 0 
7f8cb3a53000-7f8cb3a58000 rw-p 00000000 00:00 0 
7f8cb3a58000-7f8cb3a5a000 r--s 00006000 08:05 12717881                   /usr/share/java/java-atk-wrapper.jar
7f8cb3a5a000-7f8cb3a5e000 r--s 00085000 08:05 12322360                   /usr/lib/jvm/java-7-openjdk-amd64/jre/lib/ext/localedata.jar
7f8cb3a5e000-7f8cb3a62000 r--s 0003b000 08:05 12322372                   /usr/lib/jvm/java-7-openjdk-amd64/jre/lib/ext/sunpkcs11.jar
7f8cb3a62000-7f8cb3a63000 r--s 00002000 08:05 12322370                   /usr/lib/jvm/java-7-openjdk-amd64/jre/lib/ext/dnsns.jar
7f8cb3a63000-7f8cb3a65000 r--s 00012000 08:05 12322364                   /usr/lib/jvm/java-7-openjdk-amd64/jre/lib/ext/zipfs.jar
7f8cb3a65000-7f8cb3a6d000 rw-s 00000000 08:05 7340054                    /tmp/hsperfdata_luis/7255
7f8cb3a6d000-7f8cb3a6e000 rw-p 00000000 00:00 0 
7f8cb3a6e000-7f8cb3a6f000 r--p 00000000 00:00 0 
7f8cb3a6f000-7f8cb3a71000 rw-p 00000000 00:00 0 
7f8cb3a71000-7f8cb3a72000 r--p 00022000 08:05 9834249                    /lib/x86_64-linux-gnu/ld-2.17.so
7f8cb3a72000-7f8cb3a74000 rw-p 00023000 08:05 9834249                    /lib/x86_64-linux-gnu/ld-2.17.so
7fff96b23000-7fff96b44000 rw-p 00000000 00:00 0                          [stack]
7fff96bfe000-7fff96c00000 r-xp 00000000 00:00 0                          [vdso]
ffffffffff600000-ffffffffff601000 r-xp 00000000 00:00 0                  [vsyscall]

VM Arguments:
jvm_args: -Djdk.home= -Djruby.home=/home/luis/.rbenv/versions/jruby-1.7.10 -Djruby.script=jruby -Djruby.shell=/bin/sh -Djffi.boot.library.path=/home/luis/.rbenv/versions/jruby-1.7.10/lib/jni:/home/luis/.rbenv/versions/jruby-1.7.10/lib/jni/arm-Linux:/home/luis/.rbenv/versions/jruby-1.7.10/lib/jni/x86_64-Linux:/home/luis/.rbenv/versions/jruby-1.7.10/lib/jni/i386-Linux -Xmx500m -Xss2048k -Xbootclasspath/a:/home/luis/.rbenv/versions/jruby-1.7.10/lib/jruby.jar 
java_command: org/jruby/Main Makefile.rb clean compile test
Launcher Type: SUN_STANDARD

Environment Variables:
PATH=/home/luis/.rbenv/versions/jruby-1.7.10/bin:/home/luis/.rbenv/libexec:/home/luis/.rbenv/plugins/ruby-build/bin:/home/luis/.rbenv/shims:~/.rbenv/bin:~/.rbenv/bin:/usr/local/sbin:/usr/local/bin:/usr/sbin:/usr/bin:/sbin:/bin:/usr/games:/usr/local/games
USERNAME=luis
SHELL=/bin/bash
DISPLAY=:0

Signal Handlers:
SIGSEGV: [libjvm.so+0x916ea0], sa_mask[0]=0x7ffbfeff, sa_flags=0x10000004
SIGBUS: [libjvm.so+0x916ea0], sa_mask[0]=0x7ffbfeff, sa_flags=0x10000004
SIGFPE: [libjvm.so+0x794800], sa_mask[0]=0x7ffbfeff, sa_flags=0x10000004
SIGPIPE: [libjvm.so+0x794800], sa_mask[0]=0x7ffbfeff, sa_flags=0x10000004
SIGXFSZ: [libjvm.so+0x794800], sa_mask[0]=0x7ffbfeff, sa_flags=0x10000004
SIGILL: [libjvm.so+0x794800], sa_mask[0]=0x7ffbfeff, sa_flags=0x10000004
SIGUSR1: SIG_DFL, sa_mask[0]=0x00000000, sa_flags=0x00000000
SIGUSR2: [libjvm.so+0x7946a0], sa_mask[0]=0x00000000, sa_flags=0x10000004
SIGHUP: [libjvm.so+0x794880], sa_mask[0]=0x7ffbfeff, sa_flags=0x10000004
SIGINT: [libjvm.so+0x794880], sa_mask[0]=0x7ffbfeff, sa_flags=0x10000004
SIGTERM: [libjvm.so+0x794880], sa_mask[0]=0x7ffbfeff, sa_flags=0x10000004
SIGQUIT: [libjvm.so+0x794880], sa_mask[0]=0x7ffbfeff, sa_flags=0x10000004


---------------  S Y S T E M  ---------------

OS:LinuxMint 16 (petra)
uname:Linux 3.11.0-12-generic #19-Ubuntu SMP Wed Oct 9 16:20:46 UTC 2013 x86_64
libc:glibc 2.17 NPTL 2.17 
rlimit: STACK 8192k, CORE 0k, NPROC 29806, NOFILE 4096, AS infinity
load average:1,26 0,97 0,74

/proc/meminfo:
MemTotal:        3844532 kB
MemFree:         1796300 kB
Buffers:          112332 kB
Cached:          1020708 kB
SwapCached:            0 kB
Active:          1101668 kB
Inactive:         792584 kB
Active(anon):     762216 kB
Inactive(anon):   157840 kB
Active(file):     339452 kB
Inactive(file):   634744 kB
Unevictable:           0 kB
Mlocked:               0 kB
SwapTotal:       3987452 kB
SwapFree:        3987452 kB
Dirty:               220 kB
Writeback:             0 kB
AnonPages:        761268 kB
Mapped:           143636 kB
Shmem:            158848 kB
Slab:              89932 kB
SReclaimable:      67332 kB
SUnreclaim:        22600 kB
KernelStack:        3152 kB
PageTables:        17736 kB
NFS_Unstable:          0 kB
Bounce:                0 kB
WritebackTmp:          0 kB
CommitLimit:     5909716 kB
Committed_AS:    2435016 kB
VmallocTotal:   34359738367 kB
VmallocUsed:      348004 kB
VmallocChunk:   34359386076 kB
HardwareCorrupted:     0 kB
AnonHugePages:         0 kB
HugePages_Total:       0
HugePages_Free:        0
HugePages_Rsvd:        0
HugePages_Surp:        0
Hugepagesize:       2048 kB
DirectMap4k:       56564 kB
DirectMap2M:     3932160 kB


CPU:total 4 (2 cores per cpu, 2 threads per core) family 6 model 37 stepping 5, cmov, cx8, fxsr, mmx, sse, sse2, sse3, ssse3, sse4.1, sse4.2, popcnt, ht, tsc, tscinvbit

/proc/cpuinfo:
processor	: 0
vendor_id	: GenuineIntel
cpu family	: 6
model		: 37
model name	: Intel(R) Core(TM) i5 CPU       M 460  @ 2.53GHz
stepping	: 5
microcode	: 0x2
cpu MHz		: 1199.000
cache size	: 3072 KB
physical id	: 0
siblings	: 4
core id		: 0
cpu cores	: 2
apicid		: 0
initial apicid	: 0
fpu		: yes
fpu_exception	: yes
cpuid level	: 11
wp		: yes
flags		: fpu vme de pse tsc msr pae mce cx8 apic sep mtrr pge mca cmov pat pse36 clflush dts acpi mmx fxsr sse sse2 ss ht tm pbe syscall nx rdtscp lm constant_tsc arch_perfmon pebs bts rep_good nopl xtopology nonstop_tsc aperfmperf pni dtes64 monitor ds_cpl vmx est tm2 ssse3 cx16 xtpr pdcm pcid sse4_1 sse4_2 popcnt lahf_lm ida arat dtherm tpr_shadow vnmi flexpriority ept vpid
bogomips	: 5067.06
clflush size	: 64
cache_alignment	: 64
address sizes	: 36 bits physical, 48 bits virtual
power management:

processor	: 1
vendor_id	: GenuineIntel
cpu family	: 6
model		: 37
model name	: Intel(R) Core(TM) i5 CPU       M 460  @ 2.53GHz
stepping	: 5
microcode	: 0x2
cpu MHz		: 2534.000
cache size	: 3072 KB
physical id	: 0
siblings	: 4
core id		: 0
cpu cores	: 2
apicid		: 1
initial apicid	: 1
fpu		: yes
fpu_exception	: yes
cpuid level	: 11
wp		: yes
flags		: fpu vme de pse tsc msr pae mce cx8 apic sep mtrr pge mca cmov pat pse36 clflush dts acpi mmx fxsr sse sse2 ss ht tm pbe syscall nx rdtscp lm constant_tsc arch_perfmon pebs bts rep_good nopl xtopology nonstop_tsc aperfmperf pni dtes64 monitor ds_cpl vmx est tm2 ssse3 cx16 xtpr pdcm pcid sse4_1 sse4_2 popcnt lahf_lm ida arat dtherm tpr_shadow vnmi flexpriority ept vpid
bogomips	: 5067.06
clflush size	: 64
cache_alignment	: 64
address sizes	: 36 bits physical, 48 bits virtual
power management:

processor	: 2
vendor_id	: GenuineIntel
cpu family	: 6
model		: 37
model name	: Intel(R) Core(TM) i5 CPU       M 460  @ 2.53GHz
stepping	: 5
microcode	: 0x2
cpu MHz		: 2534.000
cache size	: 3072 KB
physical id	: 0
siblings	: 4
core id		: 2
cpu cores	: 2
apicid		: 4
initial apicid	: 4
fpu		: yes
fpu_exception	: yes
cpuid level	: 11
wp		: yes
flags		: fpu vme de pse tsc msr pae mce cx8 apic sep mtrr pge mca cmov pat pse36 clflush dts acpi mmx fxsr sse sse2 ss ht tm pbe syscall nx rdtscp lm constant_tsc arch_perfmon pebs bts rep_good nopl xtopology nonstop_tsc aperfmperf pni dtes64 monitor ds_cpl vmx est tm2 ssse3 cx16 xtpr pdcm pcid sse4_1 sse4_2 popcnt lahf_lm ida arat dtherm tpr_shadow vnmi flexpriority ept vpid
bogomips	: 5067.06
clflush size	: 64
cache_alignment	: 64
address sizes	: 36 bits physical, 48 bits virtual
power management:

processor	: 3
vendor_id	: GenuineIntel
cpu family	: 6
model		: 37
model name	: Intel(R) Core(TM) i5 CPU       M 460  @ 2.53GHz
stepping	: 5
microcode	: 0x2
cpu MHz		: 2534.000
cache size	: 3072 KB
physical id	: 0
siblings	: 4
core id		: 2
cpu cores	: 2
apicid		: 5
initial apicid	: 5
fpu		: yes
fpu_exception	: yes
cpuid level	: 11
wp		: yes
flags		: fpu vme de pse tsc msr pae mce cx8 apic sep mtrr pge mca cmov pat pse36 clflush dts acpi mmx fxsr sse sse2 ss ht tm pbe syscall nx rdtscp lm constant_tsc arch_perfmon pebs bts rep_good nopl xtopology nonstop_tsc aperfmperf pni dtes64 monitor ds_cpl vmx est tm2 ssse3 cx16 xtpr pdcm pcid sse4_1 sse4_2 popcnt lahf_lm ida arat dtherm tpr_shadow vnmi flexpriority ept vpid
bogomips	: 5067.06
clflush size	: 64
cache_alignment	: 64
address sizes	: 36 bits physical, 48 bits virtual
power management:



Memory: 4k page, physical 3844532k(1796300k free), swap 3987452k(3987452k free)

vm_info: OpenJDK 64-Bit Server VM (24.45-b08) for linux-amd64 JRE (1.7.0_51-b00), built on Jan 15 2014 22:02:57 by "buildd" with gcc 4.8.1

time: Sun Mar  9 18:15:50 2014
elapsed time: 3 seconds

