#
# A fatal error has been detected by the Java Runtime Environment:
#
#  SIGSEGV (0xb) at pc=0x00007fa1033f5ce0, pid=7921, tid=140329900803840
#
# JRE version: OpenJDK Runtime Environment (7.0_51) (build 1.7.0_51-b00)
# Java VM: OpenJDK 64-Bit Server VM (24.45-b08 mixed mode linux-amd64 compressed oops)
# Problematic frame:
# C  [libconvex_hull.so+0xce0]  puente_inferior+0x4a
#
# Failed to write core dump. Core dumps have been disabled. To enable core dumping, try "ulimit -c unlimited" before starting Java again
#
# If you would like to submit a bug report, please include
# instructions on how to reproduce the bug and visit:
#   http://icedtea.classpath.org/bugzilla
# The crash happened outside the Java Virtual Machine in native code.
# See problematic frame for where to report the bug.
#

---------------  T H R E A D  ---------------

Current thread (0x00007fa11400a800):  JavaThread "main" [_thread_in_native, id=7946, stack(0x00007fa119c38000,0x00007fa119e39000)]

siginfo:si_signo=SIGSEGV: si_errno=0, si_code=1 (SEGV_MAPERR), si_addr=0x0000000000000000

Registers:
RAX=0x0000000000000000, RBX=0x00000000d79ca6a0, RCX=0xffffffffffffffff, RDX=0x00007fa1144e3800
RSP=0x00007fa119e35e00, RBP=0x00007fa119e35e40, RSI=0x00007fa1144e3800, RDI=0x00007fa1144e8e10
R8 =0x726f697265707573, R9 =0x20616c2061206174, R10=0x6472656975717a69, R11=0x0000000000000000
R12=0x0000000000000000, R13=0x00000000d79ca6a0, R14=0x00007fa119e36008, R15=0x00007fa11400a800
RIP=0x00007fa1033f5ce0, EFLAGS=0x0000000000010293, CSGSFS=0x0000000000000033, ERR=0x0000000000000004
  TRAPNO=0x000000000000000e

Top of Stack: (sp=0x00007fa119e35e00)
0x00007fa119e35e00:   00007fa1144e3800 00007fa1144e8e10
0x00007fa119e35e10:   00007fa11be13280 000000010000001a
0x00007fa119e35e20:   00007fa100000003 0000000000000000
0x00007fa119e35e30:   00007fa1144e8df0 00007fa119e35ea0
0x00007fa119e35e40:   00007fa119e35ea0 00007fa1033f5dde
0x00007fa119e35e50:   00007fa1144e3800 00007fa1144e8e10
0x00007fa119e35e60:   0000000200000001 00007fa1144e8bb0
0x00007fa119e35e70:   00007fa1144e8b90 00007fa1144e8bf0
0x00007fa119e35e80:   00007fa1144e8bd0 00007fa1144e8bf0
0x00007fa119e35e90:   00007fa1144e8c10 00007fa1144e8c30
0x00007fa119e35ea0:   00007fa119e35f20 00007fa1033f6265
0x00007fa119e35eb0:   00007fa111180694 00007fa1144ed160
0x00007fa119e35ec0:   00000000f6672840 0000000cf61ca270
0x00007fa119e35ed0:   00001322fffff04c 00007fa1144e8e10
0x00007fa119e35ee0:   00007fa1144e3820 00007fa1144e8d50
0x00007fa119e35ef0:   00007fa1144e0b30 00007fa1144e0af0
0x00007fa119e35f00:   00007fa1144e3800 00000000f64a0c50
0x00007fa119e35f10:   00007fa119e35f10 00000000d6aa2219
0x00007fa119e35f20:   00007fa1144a0750 00007fa1082bfcd9
0x00007fa119e35f30:   0000000000000000 00000000d79ca6a0
0x00007fa119e35f40:   00007fa119e35fc0 00007fa111012738
0x00007fa119e35f50:   00007fa119e35fe0 00007fa111006233
0x00007fa119e35f60:   00000000f64a0c50 00007fa111006233
0x00007fa119e35f70:   00000000f7a1c1c0 00000000f6672840
0x00007fa119e35f80:   00007fa119e35f80 0000000000000000
0x00007fa119e35f90:   00007fa119e36008 00000000d79d2bc8
0x00007fa119e35fa0:   0000000000000000 00000000d79ca6a0
0x00007fa119e35fb0:   0000000000000000 00007fa119e35fe0
0x00007fa119e35fc0:   00007fa119e36050 00007fa111006175
0x00007fa119e35fd0:   00000000e10a5e40 00007fa11100ecd7
0x00007fa119e35fe0:   00007fa1144ed160 00007fa111006233
0x00007fa119e35ff0:   00007fa1033f615f 00007fa111006233 

Instructions: (pc=0x00007fa1033f5ce0)
0x00007fa1033f5cc0:   00 00 00 eb 58 48 8b 45 e8 48 8b 00 48 89 45 f0
0x00007fa1033f5cd0:   48 8b 45 e8 48 8b 40 08 48 89 45 e8 48 8b 45 e8
0x00007fa1033f5ce0:   48 8b 00 48 89 45 f8 48 8b 55 f8 48 8b 4d f0 48
0x00007fa1033f5cf0:   8b 45 c0 48 89 ce 48 89 c7 e8 82 fc ff ff 89 45 

Register to memory mapping:

RAX=0x0000000000000000 is an unknown value
RBX=0x00000000d79ca6a0 is an oop
{method} 
 - klass: {other class}
RCX=0xffffffffffffffff is an unknown value
RDX=0x00007fa1144e3800 is an unknown value
RSP=0x00007fa119e35e00 is pointing into the stack for thread: 0x00007fa11400a800
RBP=0x00007fa119e35e40 is pointing into the stack for thread: 0x00007fa11400a800
RSI=0x00007fa1144e3800 is an unknown value
RDI=0x00007fa1144e8e10 is an unknown value
R8 =0x726f697265707573 is an unknown value
R9 =0x20616c2061206174 is an unknown value
R10=0x6472656975717a69 is an unknown value
R11=0x0000000000000000 is an unknown value
R12=0x0000000000000000 is an unknown value
R13=0x00000000d79ca6a0 is an oop
{method} 
 - klass: {other class}
R14=0x00007fa119e36008 is pointing into the stack for thread: 0x00007fa11400a800
R15=0x00007fa11400a800 is a thread


Stack: [0x00007fa119c38000,0x00007fa119e39000],  sp=0x00007fa119e35e00,  free space=2039k
Native frames: (J=compiled Java code, j=interpreted, Vv=VM code, C=native code)
C  [libconvex_hull.so+0xce0]  puente_inferior+0x4a
C  [libconvex_hull.so+0xdde]  insertion+0x7e
C  [libconvex_hull.so+0x1265]  convex_hull+0x106

Java frames: (J=compiled Java code, j=interpreted, Vv=VM code)
j  com.kenai.jffi.Foreign.invokeL1(JJJ)J+0
j  com.kenai.jffi.Invoker.invokeL1(Lcom/kenai/jffi/CallContext;JJ)J+7
j  org.jruby.ext.ffi.jffi.NativeInvoker$ffi$1.call(Lorg/jruby/runtime/ThreadContext;Lorg/jruby/runtime/builtin/IRubyObject;Lorg/jruby/RubyModule;Ljava/lang/String;Lorg/jruby/runtime/builtin/IRubyObject;)Lorg/jruby/runtime/builtin/IRubyObject;+76
j  org.jruby.runtime.callsite.CachingCallSite.cacheAndCall(Lorg/jruby/runtime/builtin/IRubyObject;Lorg/jruby/RubyClass;Lorg/jruby/runtime/ThreadContext;Lorg/jruby/runtime/builtin/IRubyObject;Lorg/jruby/runtime/builtin/IRubyObject;)Lorg/jruby/runtime/builtin/IRubyObject;+57
J  org.jruby.runtime.callsite.CachingCallSite.call(Lorg/jruby/runtime/ThreadContext;Lorg/jruby/runtime/builtin/IRubyObject;Lorg/jruby/runtime/builtin/IRubyObject;Lorg/jruby/runtime/builtin/IRubyObject;)Lorg/jruby/runtime/builtin/IRubyObject;
J  org.jruby.ast.CallOneArgNode.interpret(Lorg/jruby/Ruby;Lorg/jruby/runtime/ThreadContext;Lorg/jruby/runtime/builtin/IRubyObject;Lorg/jruby/runtime/Block;)Lorg/jruby/runtime/builtin/IRubyObject;
j  org.jruby.ast.LocalAsgnNode.interpret(Lorg/jruby/Ruby;Lorg/jruby/runtime/ThreadContext;Lorg/jruby/runtime/builtin/IRubyObject;Lorg/jruby/runtime/Block;)Lorg/jruby/runtime/builtin/IRubyObject;+30
J  org.jruby.ast.BlockNode.interpret(Lorg/jruby/Ruby;Lorg/jruby/runtime/ThreadContext;Lorg/jruby/runtime/builtin/IRubyObject;Lorg/jruby/runtime/Block;)Lorg/jruby/runtime/builtin/IRubyObject;
j  org.jruby.evaluator.ASTInterpreter.INTERPRET_METHOD(Lorg/jruby/Ruby;Lorg/jruby/runtime/ThreadContext;Ljava/lang/String;ILorg/jruby/RubyModule;Lorg/jruby/ast/Node;Ljava/lang/String;Lorg/jruby/runtime/builtin/IRubyObject;Lorg/jruby/runtime/Block;Z)Lorg/jruby/runtime/builtin/IRubyObject;+30
j  org.jruby.internal.runtime.methods.InterpretedMethod.call(Lorg/jruby/runtime/ThreadContext;Lorg/jruby/runtime/builtin/IRubyObject;Lorg/jruby/RubyModule;Ljava/lang/String;)Lorg/jruby/runtime/builtin/IRubyObject;+80
j  org.jruby.internal.runtime.methods.DefaultMethod.call(Lorg/jruby/runtime/ThreadContext;Lorg/jruby/runtime/builtin/IRubyObject;Lorg/jruby/RubyModule;Ljava/lang/String;)Lorg/jruby/runtime/builtin/IRubyObject;+20
j  org.jruby.runtime.callsite.CachingCallSite.cacheAndCall(Lorg/jruby/runtime/builtin/IRubyObject;Lorg/jruby/RubyClass;Lorg/jruby/runtime/ThreadContext;Lorg/jruby/runtime/builtin/IRubyObject;)Lorg/jruby/runtime/builtin/IRubyObject;+53
j  org.jruby.runtime.callsite.CachingCallSite.call(Lorg/jruby/runtime/ThreadContext;Lorg/jruby/runtime/builtin/IRubyObject;Lorg/jruby/runtime/builtin/IRubyObject;)Lorg/jruby/runtime/builtin/IRubyObject;+46
j  org.jruby.ast.CallNoArgNode.interpret(Lorg/jruby/Ruby;Lorg/jruby/runtime/ThreadContext;Lorg/jruby/runtime/builtin/IRubyObject;Lorg/jruby/runtime/Block;)Lorg/jruby/runtime/builtin/IRubyObject;+18
j  org.jruby.ast.FCallTwoArgNode.interpret(Lorg/jruby/Ruby;Lorg/jruby/runtime/ThreadContext;Lorg/jruby/runtime/builtin/IRubyObject;Lorg/jruby/runtime/Block;)Lorg/jruby/runtime/builtin/IRubyObject;+28
J  org.jruby.ast.NewlineNode.interpret(Lorg/jruby/Ruby;Lorg/jruby/runtime/ThreadContext;Lorg/jruby/runtime/builtin/IRubyObject;Lorg/jruby/runtime/Block;)Lorg/jruby/runtime/builtin/IRubyObject;
j  org.jruby.ast.BlockNode.interpret(Lorg/jruby/Ruby;Lorg/jruby/runtime/ThreadContext;Lorg/jruby/runtime/builtin/IRubyObject;Lorg/jruby/runtime/Block;)Lorg/jruby/runtime/builtin/IRubyObject;+33
j  org.jruby.evaluator.ASTInterpreter.INTERPRET_METHOD(Lorg/jruby/Ruby;Lorg/jruby/runtime/ThreadContext;Ljava/lang/String;ILorg/jruby/RubyModule;Lorg/jruby/ast/Node;Ljava/lang/String;Lorg/jruby/runtime/builtin/IRubyObject;Lorg/jruby/runtime/Block;Z)Lorg/jruby/runtime/builtin/IRubyObject;+30
j  org.jruby.internal.runtime.methods.InterpretedMethod.call(Lorg/jruby/runtime/ThreadContext;Lorg/jruby/runtime/builtin/IRubyObject;Lorg/jruby/RubyModule;Ljava/lang/String;)Lorg/jruby/runtime/builtin/IRubyObject;+80
j  org.jruby.internal.runtime.methods.DefaultMethod.call(Lorg/jruby/runtime/ThreadContext;Lorg/jruby/runtime/builtin/IRubyObject;Lorg/jruby/RubyModule;Ljava/lang/String;)Lorg/jruby/runtime/builtin/IRubyObject;+20
j  org.jruby.runtime.callsite.CachingCallSite.cacheAndCall(Lorg/jruby/runtime/builtin/IRubyObject;Lorg/jruby/RubyClass;Lorg/jruby/runtime/ThreadContext;Lorg/jruby/runtime/builtin/IRubyObject;)Lorg/jruby/runtime/builtin/IRubyObject;+53
j  org.jruby.runtime.callsite.CachingCallSite.call(Lorg/jruby/runtime/ThreadContext;Lorg/jruby/runtime/builtin/IRubyObject;Lorg/jruby/runtime/builtin/IRubyObject;)Lorg/jruby/runtime/builtin/IRubyObject;+46
j  Makefile.method__2$RUBY$test(LMakefile;Lorg/jruby/runtime/ThreadContext;Lorg/jruby/runtime/builtin/IRubyObject;Lorg/jruby/runtime/Block;)Lorg/jruby/runtime/builtin/IRubyObject;+130
j  Makefile$method__2$RUBY$test.call(Lorg/jruby/runtime/ThreadContext;Lorg/jruby/runtime/builtin/IRubyObject;Lorg/jruby/RubyModule;Ljava/lang/String;Lorg/jruby/runtime/Block;)Lorg/jruby/runtime/builtin/IRubyObject;+17
j  org.jruby.RubyClass.finvoke(Lorg/jruby/runtime/ThreadContext;Lorg/jruby/runtime/builtin/IRubyObject;Ljava/lang/String;Lorg/jruby/runtime/Block;)Lorg/jruby/runtime/builtin/IRubyObject;+41
j  org.jruby.RubyBasicObject.send19(Lorg/jruby/runtime/ThreadContext;Lorg/jruby/runtime/builtin/IRubyObject;Lorg/jruby/runtime/Block;)Lorg/jruby/runtime/builtin/IRubyObject;+15
j  org.jruby.RubyKernel.send19(Lorg/jruby/runtime/ThreadContext;Lorg/jruby/runtime/builtin/IRubyObject;Lorg/jruby/runtime/builtin/IRubyObject;Lorg/jruby/runtime/Block;)Lorg/jruby/runtime/builtin/IRubyObject;+7
j  org.jruby.RubyKernel$INVOKER$s$send19.call(Lorg/jruby/runtime/ThreadContext;Lorg/jruby/runtime/builtin/IRubyObject;Lorg/jruby/RubyModule;Ljava/lang/String;Lorg/jruby/runtime/builtin/IRubyObject;Lorg/jruby/runtime/Block;)Lorg/jruby/runtime/builtin/IRubyObject;+6
j  org.jruby.internal.runtime.methods.JavaMethod$JavaMethodOneOrNBlock.call(Lorg/jruby/runtime/ThreadContext;Lorg/jruby/runtime/builtin/IRubyObject;Lorg/jruby/RubyModule;Ljava/lang/String;Lorg/jruby/runtime/builtin/IRubyObject;)Lorg/jruby/runtime/builtin/IRubyObject;+11
j  org.jruby.runtime.callsite.CachingCallSite.call(Lorg/jruby/runtime/ThreadContext;Lorg/jruby/runtime/builtin/IRubyObject;Lorg/jruby/runtime/builtin/IRubyObject;Lorg/jruby/runtime/builtin/IRubyObject;)Lorg/jruby/runtime/builtin/IRubyObject;+38
j  Makefile.block_6$RUBY$__file__(LMakefile;Lorg/jruby/runtime/ThreadContext;Lorg/jruby/runtime/builtin/IRubyObject;[Lorg/jruby/runtime/builtin/IRubyObject;Lorg/jruby/runtime/Block;)Lorg/jruby/runtime/builtin/IRubyObject;+46
j  Makefile$block_6$RUBY$__file__.call(Lorg/jruby/runtime/ThreadContext;Lorg/jruby/runtime/builtin/IRubyObject;[Lorg/jruby/runtime/builtin/IRubyObject;Lorg/jruby/runtime/Block;)Lorg/jruby/runtime/builtin/IRubyObject;+9
j  org.jruby.runtime.CompiledBlock19.yield(Lorg/jruby/runtime/ThreadContext;Lorg/jruby/runtime/builtin/IRubyObject;Lorg/jruby/runtime/Binding;Lorg/jruby/runtime/Block$Type;)Lorg/jruby/runtime/builtin/IRubyObject;+52
j  org.jruby.runtime.Block.yield(Lorg/jruby/runtime/ThreadContext;Lorg/jruby/runtime/builtin/IRubyObject;)Lorg/jruby/runtime/builtin/IRubyObject;+14
j  org.jruby.RubyArray.eachCommon(Lorg/jruby/runtime/ThreadContext;Lorg/jruby/runtime/Block;)Lorg/jruby/runtime/builtin/IRubyObject;+41
j  org.jruby.RubyArray.each(Lorg/jruby/runtime/ThreadContext;Lorg/jruby/runtime/Block;)Lorg/jruby/runtime/builtin/IRubyObject;+10
j  org.jruby.RubyArray$INVOKER$i$0$0$each.call(Lorg/jruby/runtime/ThreadContext;Lorg/jruby/runtime/builtin/IRubyObject;Lorg/jruby/RubyModule;Ljava/lang/String;Lorg/jruby/runtime/Block;)Lorg/jruby/runtime/builtin/IRubyObject;+7
j  org.jruby.runtime.callsite.CachingCallSite.cacheAndCall(Lorg/jruby/runtime/builtin/IRubyObject;Lorg/jruby/RubyClass;Lorg/jruby/runtime/Block;Lorg/jruby/runtime/ThreadContext;Lorg/jruby/runtime/builtin/IRubyObject;)Lorg/jruby/runtime/builtin/IRubyObject;+57
j  org.jruby.runtime.callsite.CachingCallSite.callBlock(Lorg/jruby/runtime/ThreadContext;Lorg/jruby/runtime/builtin/IRubyObject;Lorg/jruby/runtime/builtin/IRubyObject;Lorg/jruby/runtime/Block;)Lorg/jruby/runtime/builtin/IRubyObject;+50
j  org.jruby.runtime.callsite.CachingCallSite.callIter(Lorg/jruby/runtime/ThreadContext;Lorg/jruby/runtime/builtin/IRubyObject;Lorg/jruby/runtime/builtin/IRubyObject;Lorg/jruby/runtime/Block;)Lorg/jruby/runtime/builtin/IRubyObject;+6
j  Makefile.__file__(LMakefile;Lorg/jruby/runtime/ThreadContext;Lorg/jruby/runtime/builtin/IRubyObject;[Lorg/jruby/runtime/builtin/IRubyObject;Lorg/jruby/runtime/Block;)Lorg/jruby/runtime/builtin/IRubyObject;+859
j  Makefile.load(Lorg/jruby/runtime/ThreadContext;Lorg/jruby/runtime/builtin/IRubyObject;Z)Lorg/jruby/runtime/builtin/IRubyObject;+22
j  org.jruby.Ruby.runScript(Lorg/jruby/ast/executable/Script;Z)Lorg/jruby/runtime/builtin/IRubyObject;+12
j  org.jruby.Ruby.runScript(Lorg/jruby/ast/executable/Script;)Lorg/jruby/runtime/builtin/IRubyObject;+3
j  org.jruby.Ruby.runNormally(Lorg/jruby/ast/Node;)Lorg/jruby/runtime/builtin/IRubyObject;+73
j  org.jruby.Ruby.runFromMain(Ljava/io/InputStream;Ljava/lang/String;)V+320
j  org.jruby.Main.doRunFromMain(Lorg/jruby/Ruby;Ljava/io/InputStream;Ljava/lang/String;)Lorg/jruby/Main$Status;+12
j  org.jruby.Main.internalRun()Lorg/jruby/Main$Status;+234
j  org.jruby.Main.run([Ljava/lang/String;)Lorg/jruby/Main$Status;+9
j  org.jruby.Main.main([Ljava/lang/String;)V+35
v  ~StubRoutines::call_stub

---------------  P R O C E S S  ---------------

Java Threads: ( => current thread )
  0x00007fa1144bb800 JavaThread "JRubyJIT-2" daemon [_thread_blocked, id=8029, stack(0x00007fa103bfe000,0x00007fa103dff000)]
  0x00007fa1144b9800 JavaThread "process reaper" daemon [_thread_blocked, id=7962, stack(0x00007fa110013000,0x00007fa11004c000)]
  0x00007fa1144a6000 JavaThread "JRubyJIT-1" daemon [_thread_blocked, id=7959, stack(0x00007fa1080b7000,0x00007fa1082b8000)]
  0x00007fa1140ad000 JavaThread "Service Thread" daemon [_thread_blocked, id=7957, stack(0x00007fa109d30000,0x00007fa109f31000)]
  0x00007fa1140aa800 JavaThread "C2 CompilerThread1" daemon [_thread_blocked, id=7956, stack(0x00007fa109f31000,0x00007fa10a032000)]
  0x00007fa1140a7800 JavaThread "C2 CompilerThread0" daemon [_thread_blocked, id=7955, stack(0x00007fa10a032000,0x00007fa10a133000)]
  0x00007fa1140a5800 JavaThread "Signal Dispatcher" daemon [_thread_blocked, id=7954, stack(0x00007fa10a133000,0x00007fa10a334000)]
  0x00007fa114082800 JavaThread "Finalizer" daemon [_thread_blocked, id=7953, stack(0x00007fa10a72e000,0x00007fa10a92f000)]
  0x00007fa114080800 JavaThread "Reference Handler" daemon [_thread_blocked, id=7952, stack(0x00007fa10a92f000,0x00007fa10ab30000)]
=>0x00007fa11400a800 JavaThread "main" [_thread_in_native, id=7946, stack(0x00007fa119c38000,0x00007fa119e39000)]

Other Threads:
  0x00007fa11407c800 VMThread [stack: 0x00007fa11004c000,0x00007fa11014d000] [id=7951]
  0x00007fa1140b7800 WatcherThread [stack: 0x00007fa109c2f000,0x00007fa109d30000] [id=7958]

VM state:not at safepoint (normal execution)

VM Mutex/Monitor currently owned by a thread: None

Heap
 PSYoungGen      total 33280K, used 18104K [0x00000000f5900000, 0x00000000f7c00000, 0x0000000100000000)
  eden space 30720K, 50% used [0x00000000f5900000,0x00000000f6830c48,0x00000000f7700000)
  from space 2560K, 99% used [0x00000000f7980000,0x00000000f7bfd528,0x00000000f7c00000)
  to   space 2560K, 0% used [0x00000000f7700000,0x00000000f7700000,0x00000000f7980000)
 ParOldGen       total 39936K, used 5170K [0x00000000e0c00000, 0x00000000e3300000, 0x00000000f5900000)
  object space 39936K, 12% used [0x00000000e0c00000,0x00000000e110ca40,0x00000000e3300000)
 PSPermGen       total 25600K, used 25453K [0x00000000d6600000, 0x00000000d7f00000, 0x00000000e0c00000)
  object space 25600K, 99% used [0x00000000d6600000,0x00000000d7edb790,0x00000000d7f00000)

Card table byte_map: [0x00007fa118a5e000,0x00007fa118bac000] byte_map_base: 0x00007fa1183ab000

Polling page: 0x00007fa11c246000

Code Cache  [0x00007fa111000000, 0x00007fa111270000, 0x00007fa114000000)
 total_blobs=848 nmethods=369 adapters=433 free_code_cache=47524Kb largest_free_block=48615104

Compilation events (10 events):
Event: 3,739 Thread 0x00007fa1140a7800 nmethod 370 0x00007fa11118e990 code [0x00007fa11118eae0, 0x00007fa11118ec08]
Event: 3,742 Thread 0x00007fa1140aa800  372             org.jruby.runtime.Frame::getVisibility (5 bytes)
Event: 3,742 Thread 0x00007fa1140aa800 nmethod 372 0x00007fa111198450 code [0x00007fa111198580, 0x00007fa1111985d8]
Event: 3,747 Thread 0x00007fa1140a7800  373             org.jruby.RubyFixnum::getLongValue (5 bytes)
Event: 3,748 Thread 0x00007fa1140a7800 nmethod 373 0x00007fa111198250 code [0x00007fa111198380, 0x00007fa1111983d8]
Event: 3,751 Thread 0x00007fa1140aa800  374             org.jruby.RubyArray$INVOKER$i$aref19::call (10 bytes)
Event: 3,751 Thread 0x00007fa1140a7800  375             org.jruby.RubyArray::aref19 (27 bytes)
Event: 3,754 Thread 0x00007fa1140aa800 nmethod 374 0x00007fa1111949d0 code [0x00007fa111194b40, 0x00007fa111194cd8]
Event: 3,754 Thread 0x00007fa1140aa800  376             org.jruby.RubyArray::entry (26 bytes)
Event: 3,754 Thread 0x00007fa1140a7800 nmethod 375 0x00007fa111147e50 code [0x00007fa111147fc0, 0x00007fa111148118]

GC Heap History (4 events):
Event: 1,423 GC heap before
{Heap before GC invocations=1 (full 0):
 PSYoungGen      total 17920K, used 15360K [0x00000000f5900000, 0x00000000f6d00000, 0x0000000100000000)
  eden space 15360K, 100% used [0x00000000f5900000,0x00000000f6800000,0x00000000f6800000)
  from space 2560K, 0% used [0x00000000f6a80000,0x00000000f6a80000,0x00000000f6d00000)
  to   space 2560K, 0% used [0x00000000f6800000,0x00000000f6800000,0x00000000f6a80000)
 ParOldGen       total 39936K, used 0K [0x00000000e0c00000, 0x00000000e3300000, 0x00000000f5900000)
  object space 39936K, 0% used [0x00000000e0c00000,0x00000000e0c00000,0x00000000e3300000)
 PSPermGen       total 21504K, used 19066K [0x00000000d6600000, 0x00000000d7b00000, 0x00000000e0c00000)
  object space 21504K, 88% used [0x00000000d6600000,0x00000000d789eba0,0x00000000d7b00000)
Event: 1,443 GC heap after
Heap after GC invocations=1 (full 0):
 PSYoungGen      total 17920K, used 2547K [0x00000000f5900000, 0x00000000f7c00000, 0x0000000100000000)
  eden space 15360K, 0% used [0x00000000f5900000,0x00000000f5900000,0x00000000f6800000)
  from space 2560K, 99% used [0x00000000f6800000,0x00000000f6a7ce08,0x00000000f6a80000)
  to   space 2560K, 0% used [0x00000000f7980000,0x00000000f7980000,0x00000000f7c00000)
 ParOldGen       total 39936K, used 3277K [0x00000000e0c00000, 0x00000000e3300000, 0x00000000f5900000)
  object space 39936K, 8% used [0x00000000e0c00000,0x00000000e0f336c8,0x00000000e3300000)
 PSPermGen       total 21504K, used 19066K [0x00000000d6600000, 0x00000000d7b00000, 0x00000000e0c00000)
  object space 21504K, 88% used [0x00000000d6600000,0x00000000d789eba0,0x00000000d7b00000)
}
Event: 2,803 GC heap before
{Heap before GC invocations=2 (full 0):
 PSYoungGen      total 17920K, used 17907K [0x00000000f5900000, 0x00000000f7c00000, 0x0000000100000000)
  eden space 15360K, 100% used [0x00000000f5900000,0x00000000f6800000,0x00000000f6800000)
  from space 2560K, 99% used [0x00000000f6800000,0x00000000f6a7ce08,0x00000000f6a80000)
  to   space 2560K, 0% used [0x00000000f7980000,0x00000000f7980000,0x00000000f7c00000)
 ParOldGen       total 39936K, used 3277K [0x00000000e0c00000, 0x00000000e3300000, 0x00000000f5900000)
  object space 39936K, 8% used [0x00000000e0c00000,0x00000000e0f336c8,0x00000000e3300000)
 PSPermGen       total 23552K, used 23551K [0x00000000d6600000, 0x00000000d7d00000, 0x00000000e0c00000)
  object space 23552K, 99% used [0x00000000d6600000,0x00000000d7cffed8,0x00000000d7d00000)
Event: 2,821 GC heap after
Heap after GC invocations=2 (full 0):
 PSYoungGen      total 33280K, used 2549K [0x00000000f5900000, 0x00000000f7c00000, 0x0000000100000000)
  eden space 30720K, 0% used [0x00000000f5900000,0x00000000f5900000,0x00000000f7700000)
  from space 2560K, 99% used [0x00000000f7980000,0x00000000f7bfd528,0x00000000f7c00000)
  to   space 2560K, 0% used [0x00000000f7700000,0x00000000f7700000,0x00000000f7980000)
 ParOldGen       total 39936K, used 5170K [0x00000000e0c00000, 0x00000000e3300000, 0x00000000f5900000)
  object space 39936K, 12% used [0x00000000e0c00000,0x00000000e110ca40,0x00000000e3300000)
 PSPermGen       total 23552K, used 23551K [0x00000000d6600000, 0x00000000d7d00000, 0x00000000e0c00000)
  object space 23552K, 99% used [0x00000000d6600000,0x00000000d7cffed8,0x00000000d7d00000)
}

Deoptimization events (10 events):
Event: 3,479 Thread 0x00007fa11400a800 Uncommon trap: reason=class_check action=maybe_recompile pc=0x00007fa11117dd44 method=org.joni.Matcher.searchInterruptible(III)I @ 810
Event: 3,485 Thread 0x00007fa11400a800 Uncommon trap: reason=class_check action=maybe_recompile pc=0x00007fa11117dd44 method=org.joni.Matcher.searchInterruptible(III)I @ 810
Event: 3,612 Thread 0x00007fa11400a800 Uncommon trap: reason=bimorphic action=maybe_recompile pc=0x00007fa111181c08 method=org.jruby.runtime.scope.OneVarDynamicScope.getValue(II)Lorg/jruby/runtime/builtin/IRubyObject; @ 12
Event: 3,612 Thread 0x00007fa11400a800 Uncommon trap: reason=bimorphic action=maybe_recompile pc=0x00007fa111181c08 method=org.jruby.runtime.scope.OneVarDynamicScope.getValue(II)Lorg/jruby/runtime/builtin/IRubyObject; @ 12
Event: 3,612 Thread 0x00007fa11400a800 Uncommon trap: reason=bimorphic action=maybe_recompile pc=0x00007fa111181c08 method=org.jruby.runtime.scope.OneVarDynamicScope.getValue(II)Lorg/jruby/runtime/builtin/IRubyObject; @ 12
Event: 3,612 Thread 0x00007fa11400a800 Uncommon trap: reason=bimorphic action=maybe_recompile pc=0x00007fa111181c08 method=org.jruby.runtime.scope.OneVarDynamicScope.getValue(II)Lorg/jruby/runtime/builtin/IRubyObject; @ 12
Event: 3,665 Thread 0x00007fa11400a800 Uncommon trap: reason=class_check action=maybe_recompile pc=0x00007fa11116ea38 method=org.jruby.RubyArray.compare(Lorg/jruby/runtime/ThreadContext;Lorg/jruby/runtime/invokedynamic/MethodNames;Lorg/jruby/runtime/builtin/IRubyObject;)Lorg/jruby/RubyBoolean;
Event: 3,665 Thread 0x00007fa11400a800 Uncommon trap: reason=class_check action=maybe_recompile pc=0x00007fa11116ea38 method=org.jruby.RubyArray.compare(Lorg/jruby/runtime/ThreadContext;Lorg/jruby/runtime/invokedynamic/MethodNames;Lorg/jruby/runtime/builtin/IRubyObject;)Lorg/jruby/RubyBoolean;
Event: 3,665 Thread 0x00007fa11400a800 Uncommon trap: reason=class_check action=maybe_recompile pc=0x00007fa11116ea38 method=org.jruby.RubyArray.compare(Lorg/jruby/runtime/ThreadContext;Lorg/jruby/runtime/invokedynamic/MethodNames;Lorg/jruby/runtime/builtin/IRubyObject;)Lorg/jruby/RubyBoolean;
Event: 3,666 Thread 0x00007fa11400a800 Uncommon trap: reason=class_check action=maybe_recompile pc=0x00007fa11116ea38 method=org.jruby.RubyArray.compare(Lorg/jruby/runtime/ThreadContext;Lorg/jruby/runtime/invokedynamic/MethodNames;Lorg/jruby/runtime/builtin/IRubyObject;)Lorg/jruby/RubyBoolean;

Internal exceptions (10 events):
Event: 3,424 Thread 0x00007fa1144bb800 Threw 0x00000000f62e1da8 at /build/buildd/openjdk-7-7u51-2.4.4/build/openjdk/hotspot/src/share/vm/prims/jvm.cpp:1244
Event: 3,424 Thread 0x00007fa1144bb800 Threw 0x00000000f62e2e48 at /build/buildd/openjdk-7-7u51-2.4.4/build/openjdk/hotspot/src/share/vm/prims/jvm.cpp:1244
Event: 3,477 Thread 0x00007fa1144a6000 Threw 0x00000000f6349660 at /build/buildd/openjdk-7-7u51-2.4.4/build/openjdk/hotspot/src/share/vm/prims/jvm.cpp:1244
Event: 3,477 Thread 0x00007fa1144a6000 Threw 0x00000000f634a760 at /build/buildd/openjdk-7-7u51-2.4.4/build/openjdk/hotspot/src/share/vm/prims/jvm.cpp:1244
Event: 3,479 Thread 0x00007fa1144bb800 Threw 0x00000000f651bcb8 at /build/buildd/openjdk-7-7u51-2.4.4/build/openjdk/hotspot/src/share/vm/prims/jvm.cpp:1244
Event: 3,479 Thread 0x00007fa1144bb800 Threw 0x00000000f651cdb8 at /build/buildd/openjdk-7-7u51-2.4.4/build/openjdk/hotspot/src/share/vm/prims/jvm.cpp:1244
Event: 3,488 Thread 0x00007fa1144bb800 Threw 0x00000000f6544820 at /build/buildd/openjdk-7-7u51-2.4.4/build/openjdk/hotspot/src/share/vm/prims/jvm.cpp:1244
Event: 3,488 Thread 0x00007fa1144bb800 Threw 0x00000000f65459c8 at /build/buildd/openjdk-7-7u51-2.4.4/build/openjdk/hotspot/src/share/vm/prims/jvm.cpp:1244
Event: 3,673 Thread 0x00007fa1144a6000 Threw 0x00000000f651a780 at /build/buildd/openjdk-7-7u51-2.4.4/build/openjdk/hotspot/src/share/vm/prims/jvm.cpp:1244
Event: 3,673 Thread 0x00007fa1144a6000 Threw 0x00000000f66cbdc8 at /build/buildd/openjdk-7-7u51-2.4.4/build/openjdk/hotspot/src/share/vm/prims/jvm.cpp:1244

Events (10 events):
Event: 3,665 Thread 0x00007fa11400a800 DEOPT PACKING pc=0x00007fa11116ea38 sp=0x00007fa119e359c0
Event: 3,665 Thread 0x00007fa11400a800 DEOPT UNPACKING pc=0x00007fa111039045 sp=0x00007fa119e35998 mode 2
Event: 3,665 Thread 0x00007fa11400a800 Uncommon trap: trap_request=0xffffffde fr.pc=0x00007fa11116ea38
Event: 3,666 Thread 0x00007fa11400a800 DEOPT PACKING pc=0x00007fa11116ea38 sp=0x00007fa119e359c0
Event: 3,666 Thread 0x00007fa11400a800 DEOPT UNPACKING pc=0x00007fa111039045 sp=0x00007fa119e35998 mode 2
Event: 3,666 Thread 0x00007fa11400a800 Uncommon trap: trap_request=0xffffffde fr.pc=0x00007fa11116ea38
Event: 3,666 Thread 0x00007fa11400a800 DEOPT PACKING pc=0x00007fa11116ea38 sp=0x00007fa119e35e70
Event: 3,666 Thread 0x00007fa11400a800 DEOPT UNPACKING pc=0x00007fa111039045 sp=0x00007fa119e35e48 mode 2
Event: 3,673 loading class 0x00007fa0cc010d00
Event: 3,673 loading class 0x00007fa0cc010d00 done


Dynamic libraries:
00400000-00401000 r-xp 00000000 08:05 12322450                           /usr/lib/jvm/java-7-openjdk-amd64/jre/bin/java
00600000-00601000 r--p 00000000 08:05 12322450                           /usr/lib/jvm/java-7-openjdk-amd64/jre/bin/java
00601000-00602000 rw-p 00001000 08:05 12322450                           /usr/lib/jvm/java-7-openjdk-amd64/jre/bin/java
00773000-00794000 rw-p 00000000 00:00 0                                  [heap]
d6600000-d7f00000 rw-p 00000000 00:00 0 
d7f00000-e0c00000 rw-p 00000000 00:00 0 
e0c00000-e3300000 rw-p 00000000 00:00 0 
e3300000-f5900000 rw-p 00000000 00:00 0 
f5900000-f7c00000 rw-p 00000000 00:00 0 
f7c00000-100000000 rw-p 00000000 00:00 0 
7fa0bc000000-7fa0bc021000 rw-p 00000000 00:00 0 
7fa0bc021000-7fa0c0000000 ---p 00000000 00:00 0 
7fa0c4000000-7fa0c4021000 rw-p 00000000 00:00 0 
7fa0c4021000-7fa0c8000000 ---p 00000000 00:00 0 
7fa0c8000000-7fa0c8021000 rw-p 00000000 00:00 0 
7fa0c8021000-7fa0cc000000 ---p 00000000 00:00 0 
7fa0cc000000-7fa0cc027000 rw-p 00000000 00:00 0 
7fa0cc027000-7fa0d0000000 ---p 00000000 00:00 0 
7fa0d0000000-7fa0d0021000 rw-p 00000000 00:00 0 
7fa0d0021000-7fa0d4000000 ---p 00000000 00:00 0 
7fa0d4000000-7fa0d4021000 rw-p 00000000 00:00 0 
7fa0d4021000-7fa0d8000000 ---p 00000000 00:00 0 
7fa0d8000000-7fa0d8021000 rw-p 00000000 00:00 0 
7fa0d8021000-7fa0dc000000 ---p 00000000 00:00 0 
7fa0dc000000-7fa0dcf4d000 rw-p 00000000 00:00 0 
7fa0dcf4d000-7fa0e0000000 ---p 00000000 00:00 0 
7fa0e0000000-7fa0e0dfe000 rw-p 00000000 00:00 0 
7fa0e0dfe000-7fa0e4000000 ---p 00000000 00:00 0 
7fa0e4000000-7fa0e4021000 rw-p 00000000 00:00 0 
7fa0e4021000-7fa0e8000000 ---p 00000000 00:00 0 
7fa0e8000000-7fa0e8021000 rw-p 00000000 00:00 0 
7fa0e8021000-7fa0ec000000 ---p 00000000 00:00 0 
7fa0ec000000-7fa0ec021000 rw-p 00000000 00:00 0 
7fa0ec021000-7fa0f0000000 ---p 00000000 00:00 0 
7fa0f0000000-7fa0f0021000 rw-p 00000000 00:00 0 
7fa0f0021000-7fa0f4000000 ---p 00000000 00:00 0 
7fa0f4000000-7fa0f4021000 rw-p 00000000 00:00 0 
7fa0f4021000-7fa0f8000000 ---p 00000000 00:00 0 
7fa0fc000000-7fa0fc021000 rw-p 00000000 00:00 0 
7fa0fc021000-7fa100000000 ---p 00000000 00:00 0 
7fa1033f5000-7fa1033f7000 r-xp 00000000 08:05 16777738                   /home/luis/practica01/src/lib/libconvex_hull.so
7fa1033f7000-7fa1035f6000 ---p 00002000 08:05 16777738                   /home/luis/practica01/src/lib/libconvex_hull.so
7fa1035f6000-7fa1035f7000 r--p 00001000 08:05 16777738                   /home/luis/practica01/src/lib/libconvex_hull.so
7fa1035f7000-7fa1035f8000 rw-p 00002000 08:05 16777738                   /home/luis/practica01/src/lib/libconvex_hull.so
7fa1035f8000-7fa1035fa000 r-xp 00000000 08:05 16777737                   /home/luis/practica01/src/lib/libdouble_linked_list.so
7fa1035fa000-7fa1037f9000 ---p 00002000 08:05 16777737                   /home/luis/practica01/src/lib/libdouble_linked_list.so
7fa1037f9000-7fa1037fa000 r--p 00001000 08:05 16777737                   /home/luis/practica01/src/lib/libdouble_linked_list.so
7fa1037fa000-7fa1037fb000 rw-p 00002000 08:05 16777737                   /home/luis/practica01/src/lib/libdouble_linked_list.so
7fa1037fb000-7fa1037fc000 r-xp 00000000 08:05 16777736                   /home/luis/practica01/src/lib/lib2d_points.so
7fa1037fc000-7fa1039fb000 ---p 00001000 08:05 16777736                   /home/luis/practica01/src/lib/lib2d_points.so
7fa1039fb000-7fa1039fc000 r--p 00000000 08:05 16777736                   /home/luis/practica01/src/lib/lib2d_points.so
7fa1039fc000-7fa1039fd000 rw-p 00001000 08:05 16777736                   /home/luis/practica01/src/lib/lib2d_points.so
7fa1039fd000-7fa103a00000 ---p 00000000 00:00 0 
7fa103a00000-7fa103bfe000 rw-p 00000000 00:00 0 
7fa103bfe000-7fa103c01000 ---p 00000000 00:00 0 
7fa103c01000-7fa103dff000 rw-p 00000000 00:00 0                          [stack:8029]
7fa103dff000-7fa103e02000 ---p 00000000 00:00 0 
7fa103e02000-7fa104000000 rw-p 00000000 00:00 0 
7fa104000000-7fa104021000 rw-p 00000000 00:00 0 
7fa104021000-7fa108000000 ---p 00000000 00:00 0 
7fa1080b7000-7fa1080ba000 ---p 00000000 00:00 0 
7fa1080ba000-7fa1082b8000 rw-p 00000000 00:00 0                          [stack:7959]
7fa1082b8000-7fa1082ca000 r-xp 00000000 08:05 16253453                   /home/luis/.rbenv/versions/jruby-1.7.10/lib/jni/x86_64-Linux/libjffi-1.2.so
7fa1082ca000-7fa1084c9000 ---p 00012000 08:05 16253453                   /home/luis/.rbenv/versions/jruby-1.7.10/lib/jni/x86_64-Linux/libjffi-1.2.so
7fa1084c9000-7fa1084ca000 rw-p 00011000 08:05 16253453                   /home/luis/.rbenv/versions/jruby-1.7.10/lib/jni/x86_64-Linux/libjffi-1.2.so
7fa1084ca000-7fa1084da000 r-xp 00000000 08:05 12322344                   /usr/lib/jvm/java-7-openjdk-amd64/jre/lib/amd64/libnio.so
7fa1084da000-7fa1086da000 ---p 00010000 08:05 12322344                   /usr/lib/jvm/java-7-openjdk-amd64/jre/lib/amd64/libnio.so
7fa1086da000-7fa1086db000 r--p 00010000 08:05 12322344                   /usr/lib/jvm/java-7-openjdk-amd64/jre/lib/amd64/libnio.so
7fa1086db000-7fa1086dc000 rw-p 00011000 08:05 12322344                   /usr/lib/jvm/java-7-openjdk-amd64/jre/lib/amd64/libnio.so
7fa1086dc000-7fa108719000 r-xp 00000000 08:05 9834371                    /lib/x86_64-linux-gnu/libpcre.so.3.13.1
7fa108719000-7fa108919000 ---p 0003d000 08:05 9834371                    /lib/x86_64-linux-gnu/libpcre.so.3.13.1
7fa108919000-7fa10891a000 r--p 0003d000 08:05 9834371                    /lib/x86_64-linux-gnu/libpcre.so.3.13.1
7fa10891a000-7fa10891b000 rw-p 0003e000 08:05 9834371                    /lib/x86_64-linux-gnu/libpcre.so.3.13.1
7fa10891b000-7fa108922000 r-xp 00000000 08:05 12196946                   /usr/lib/x86_64-linux-gnu/libffi.so.6.0.1
7fa108922000-7fa108b21000 ---p 00007000 08:05 12196946                   /usr/lib/x86_64-linux-gnu/libffi.so.6.0.1
7fa108b21000-7fa108b22000 r--p 00006000 08:05 12196946                   /usr/lib/x86_64-linux-gnu/libffi.so.6.0.1
7fa108b22000-7fa108b23000 rw-p 00007000 08:05 12196946                   /usr/lib/x86_64-linux-gnu/libffi.so.6.0.1
7fa108b23000-7fa108b39000 r-xp 00000000 08:05 9834394                    /lib/x86_64-linux-gnu/libresolv-2.17.so
7fa108b39000-7fa108d39000 ---p 00016000 08:05 9834394                    /lib/x86_64-linux-gnu/libresolv-2.17.so
7fa108d39000-7fa108d3a000 r--p 00016000 08:05 9834394                    /lib/x86_64-linux-gnu/libresolv-2.17.so
7fa108d3a000-7fa108d3b000 rw-p 00017000 08:05 9834394                    /lib/x86_64-linux-gnu/libresolv-2.17.so
7fa108d3b000-7fa108d3d000 rw-p 00000000 00:00 0 
7fa108d3d000-7fa108d5c000 r-xp 00000000 08:05 9834398                    /lib/x86_64-linux-gnu/libselinux.so.1
7fa108d5c000-7fa108f5c000 ---p 0001f000 08:05 9834398                    /lib/x86_64-linux-gnu/libselinux.so.1
7fa108f5c000-7fa108f5d000 r--p 0001f000 08:05 9834398                    /lib/x86_64-linux-gnu/libselinux.so.1
7fa108f5d000-7fa108f5e000 rw-p 00020000 08:05 9834398                    /lib/x86_64-linux-gnu/libselinux.so.1
7fa108f5e000-7fa108f5f000 rw-p 00000000 00:00 0 
7fa108f5f000-7fa108f62000 r-xp 00000000 08:05 12190134                   /usr/lib/x86_64-linux-gnu/libgmodule-2.0.so.0.3800.1
7fa108f62000-7fa109161000 ---p 00003000 08:05 12190134                   /usr/lib/x86_64-linux-gnu/libgmodule-2.0.so.0.3800.1
7fa109161000-7fa109162000 r--p 00002000 08:05 12190134                   /usr/lib/x86_64-linux-gnu/libgmodule-2.0.so.0.3800.1
7fa109162000-7fa109163000 rw-p 00003000 08:05 12190134                   /usr/lib/x86_64-linux-gnu/libgmodule-2.0.so.0.3800.1
7fa109163000-7fa109261000 r-xp 00000000 08:05 9834386                    /lib/x86_64-linux-gnu/libglib-2.0.so.0.3800.1
7fa109261000-7fa109461000 ---p 000fe000 08:05 9834386                    /lib/x86_64-linux-gnu/libglib-2.0.so.0.3800.1
7fa109461000-7fa109462000 r--p 000fe000 08:05 9834386                    /lib/x86_64-linux-gnu/libglib-2.0.so.0.3800.1
7fa109462000-7fa109463000 rw-p 000ff000 08:05 9834386                    /lib/x86_64-linux-gnu/libglib-2.0.so.0.3800.1
7fa109463000-7fa109464000 rw-p 00000000 00:00 0 
7fa109464000-7fa1094b3000 r-xp 00000000 08:05 12190125                   /usr/lib/x86_64-linux-gnu/libgobject-2.0.so.0.3800.1
7fa1094b3000-7fa1096b3000 ---p 0004f000 08:05 12190125                   /usr/lib/x86_64-linux-gnu/libgobject-2.0.so.0.3800.1
7fa1096b3000-7fa1096b4000 r--p 0004f000 08:05 12190125                   /usr/lib/x86_64-linux-gnu/libgobject-2.0.so.0.3800.1
7fa1096b4000-7fa1096b5000 rw-p 00050000 08:05 12190125                   /usr/lib/x86_64-linux-gnu/libgobject-2.0.so.0.3800.1
7fa1096b5000-7fa109811000 r-xp 00000000 08:05 12190099                   /usr/lib/x86_64-linux-gnu/libgio-2.0.so.0.3800.1
7fa109811000-7fa109a10000 ---p 0015c000 08:05 12190099                   /usr/lib/x86_64-linux-gnu/libgio-2.0.so.0.3800.1
7fa109a10000-7fa109a14000 r--p 0015b000 08:05 12190099                   /usr/lib/x86_64-linux-gnu/libgio-2.0.so.0.3800.1
7fa109a14000-7fa109a16000 rw-p 0015f000 08:05 12190099                   /usr/lib/x86_64-linux-gnu/libgio-2.0.so.0.3800.1
7fa109a16000-7fa109a18000 rw-p 00000000 00:00 0 
7fa109a18000-7fa109a2e000 r-xp 00000000 08:05 12322132                   /usr/lib/jvm/java-7-openjdk-amd64/jre/lib/amd64/libnet.so
7fa109a2e000-7fa109c2d000 ---p 00016000 08:05 12322132                   /usr/lib/jvm/java-7-openjdk-amd64/jre/lib/amd64/libnet.so
7fa109c2d000-7fa109c2e000 r--p 00015000 08:05 12322132                   /usr/lib/jvm/java-7-openjdk-amd64/jre/lib/amd64/libnet.so
7fa109c2e000-7fa109c2f000 rw-p 00016000 08:05 12322132                   /usr/lib/jvm/java-7-openjdk-amd64/jre/lib/amd64/libnet.so
7fa109c2f000-7fa109c30000 ---p 00000000 00:00 0 
7fa109c30000-7fa109d30000 rw-p 00000000 00:00 0                          [stack:7958]
7fa109d30000-7fa109d33000 ---p 00000000 00:00 0 
7fa109d33000-7fa109f31000 rw-p 00000000 00:00 0                          [stack:7957]
7fa109f31000-7fa109f34000 ---p 00000000 00:00 0 
7fa109f34000-7fa10a032000 rw-p 00000000 00:00 0                          [stack:7956]
7fa10a032000-7fa10a035000 ---p 00000000 00:00 0 
7fa10a035000-7fa10a133000 rw-p 00000000 00:00 0                          [stack:7955]
7fa10a133000-7fa10a136000 ---p 00000000 00:00 0 
7fa10a136000-7fa10a334000 rw-p 00000000 00:00 0                          [stack:7954]
7fa10a334000-7fa10a72e000 r--p 00000000 08:05 12195384                   /usr/lib/locale/locale-archive
7fa10a72e000-7fa10a731000 ---p 00000000 00:00 0 
7fa10a731000-7fa10a92f000 rw-p 00000000 00:00 0                          [stack:7953]
7fa10a92f000-7fa10a932000 ---p 00000000 00:00 0 
7fa10a932000-7fa10c000000 rw-p 00000000 00:00 0                          [stack:7952]
7fa10c000000-7fa10c021000 rw-p 00000000 00:00 0 
7fa10c021000-7fa110000000 ---p 00000000 00:00 0 
7fa110013000-7fa110016000 ---p 00000000 00:00 0 
7fa110016000-7fa11004c000 rw-p 00000000 00:00 0                          [stack:7962]
7fa11004c000-7fa11004d000 ---p 00000000 00:00 0 
7fa11004d000-7fa111000000 rw-p 00000000 00:00 0                          [stack:7951]
7fa111000000-7fa111270000 rwxp 00000000 00:00 0 
7fa111270000-7fa1144f7000 rw-p 00000000 00:00 0 
7fa1144f7000-7fa118000000 ---p 00000000 00:00 0 
7fa11800b000-7fa118135000 rw-p 00000000 00:00 0 
7fa118135000-7fa11821e000 r--s 00bb9000 08:05 16253440                   /home/luis/.rbenv/versions/jruby-1.7.10/lib/jruby.jar
7fa11821e000-7fa118266000 rw-p 00000000 00:00 0 
7fa118266000-7fa118414000 r--s 01cf4000 08:05 12322430                   /usr/lib/jvm/java-7-openjdk-amd64/jre/lib/rt.jar
7fa118414000-7fa11865a000 rw-p 00000000 00:00 0 
7fa11865a000-7fa11865b000 ---p 00000000 00:00 0 
7fa11865b000-7fa11875b000 rw-p 00000000 00:00 0                          [stack:7950]
7fa11875b000-7fa11875c000 ---p 00000000 00:00 0 
7fa11875c000-7fa11885c000 rw-p 00000000 00:00 0                          [stack:7949]
7fa11885c000-7fa11885d000 ---p 00000000 00:00 0 
7fa11885d000-7fa11895d000 rw-p 00000000 00:00 0                          [stack:7948]
7fa11895d000-7fa11895e000 ---p 00000000 00:00 0 
7fa11895e000-7fa118a6b000 rw-p 00000000 00:00 0                          [stack:7947]
7fa118a6b000-7fa118ab1000 rw-p 00000000 00:00 0 
7fa118ab1000-7fa118ac5000 rw-p 00000000 00:00 0 
7fa118ac5000-7fa118b57000 rw-p 00000000 00:00 0 
7fa118b57000-7fa118b69000 rw-p 00000000 00:00 0 
7fa118b69000-7fa118bab000 rw-p 00000000 00:00 0 
7fa118bab000-7fa118bac000 rw-p 00000000 00:00 0 
7fa118bac000-7fa118bb4000 r-xp 00000000 08:05 12322081                   /usr/lib/jvm/java-7-openjdk-amd64/jre/lib/amd64/libzip.so
7fa118bb4000-7fa118db3000 ---p 00008000 08:05 12322081                   /usr/lib/jvm/java-7-openjdk-amd64/jre/lib/amd64/libzip.so
7fa118db3000-7fa118db4000 r--p 00007000 08:05 12322081                   /usr/lib/jvm/java-7-openjdk-amd64/jre/lib/amd64/libzip.so
7fa118db4000-7fa118db5000 rw-p 00008000 08:05 12322081                   /usr/lib/jvm/java-7-openjdk-amd64/jre/lib/amd64/libzip.so
7fa118db5000-7fa118dc1000 r-xp 00000000 08:05 9834349                    /lib/x86_64-linux-gnu/libnss_files-2.17.so
7fa118dc1000-7fa118fc0000 ---p 0000c000 08:05 9834349                    /lib/x86_64-linux-gnu/libnss_files-2.17.so
7fa118fc0000-7fa118fc1000 r--p 0000b000 08:05 9834349                    /lib/x86_64-linux-gnu/libnss_files-2.17.so
7fa118fc1000-7fa118fc2000 rw-p 0000c000 08:05 9834349                    /lib/x86_64-linux-gnu/libnss_files-2.17.so
7fa118fc2000-7fa118fcd000 r-xp 00000000 08:05 9834353                    /lib/x86_64-linux-gnu/libnss_nis-2.17.so
7fa118fcd000-7fa1191cc000 ---p 0000b000 08:05 9834353                    /lib/x86_64-linux-gnu/libnss_nis-2.17.so
7fa1191cc000-7fa1191cd000 r--p 0000a000 08:05 9834353                    /lib/x86_64-linux-gnu/libnss_nis-2.17.so
7fa1191cd000-7fa1191ce000 rw-p 0000b000 08:05 9834353                    /lib/x86_64-linux-gnu/libnss_nis-2.17.so
7fa1191ce000-7fa1191e5000 r-xp 00000000 08:05 9834343                    /lib/x86_64-linux-gnu/libnsl-2.17.so
7fa1191e5000-7fa1193e4000 ---p 00017000 08:05 9834343                    /lib/x86_64-linux-gnu/libnsl-2.17.so
7fa1193e4000-7fa1193e5000 r--p 00016000 08:05 9834343                    /lib/x86_64-linux-gnu/libnsl-2.17.so
7fa1193e5000-7fa1193e6000 rw-p 00017000 08:05 9834343                    /lib/x86_64-linux-gnu/libnsl-2.17.so
7fa1193e6000-7fa1193e8000 rw-p 00000000 00:00 0 
7fa1193e8000-7fa1193f0000 r-xp 00000000 08:05 9834345                    /lib/x86_64-linux-gnu/libnss_compat-2.17.so
7fa1193f0000-7fa1195ef000 ---p 00008000 08:05 9834345                    /lib/x86_64-linux-gnu/libnss_compat-2.17.so
7fa1195ef000-7fa1195f0000 r--p 00007000 08:05 9834345                    /lib/x86_64-linux-gnu/libnss_compat-2.17.so
7fa1195f0000-7fa1195f1000 rw-p 00008000 08:05 9834345                    /lib/x86_64-linux-gnu/libnss_compat-2.17.so
7fa1195f1000-7fa11961c000 r-xp 00000000 08:05 12322007                   /usr/lib/jvm/java-7-openjdk-amd64/jre/lib/amd64/libjava.so
7fa11961c000-7fa11981b000 ---p 0002b000 08:05 12322007                   /usr/lib/jvm/java-7-openjdk-amd64/jre/lib/amd64/libjava.so
7fa11981b000-7fa11981c000 r--p 0002a000 08:05 12322007                   /usr/lib/jvm/java-7-openjdk-amd64/jre/lib/amd64/libjava.so
7fa11981c000-7fa11981e000 rw-p 0002b000 08:05 12322007                   /usr/lib/jvm/java-7-openjdk-amd64/jre/lib/amd64/libjava.so
7fa11981e000-7fa11982e000 r-xp 00000000 08:05 12322321                   /usr/lib/jvm/java-7-openjdk-amd64/jre/lib/amd64/libverify.so
7fa11982e000-7fa119a2d000 ---p 00010000 08:05 12322321                   /usr/lib/jvm/java-7-openjdk-amd64/jre/lib/amd64/libverify.so
7fa119a2d000-7fa119a2f000 r--p 0000f000 08:05 12322321                   /usr/lib/jvm/java-7-openjdk-amd64/jre/lib/amd64/libverify.so
7fa119a2f000-7fa119a30000 rw-p 00011000 08:05 12322321                   /usr/lib/jvm/java-7-openjdk-amd64/jre/lib/amd64/libverify.so
7fa119a30000-7fa119a37000 r-xp 00000000 08:05 9834396                    /lib/x86_64-linux-gnu/librt-2.17.so
7fa119a37000-7fa119c36000 ---p 00007000 08:05 9834396                    /lib/x86_64-linux-gnu/librt-2.17.so
7fa119c36000-7fa119c37000 r--p 00006000 08:05 9834396                    /lib/x86_64-linux-gnu/librt-2.17.so
7fa119c37000-7fa119c38000 rw-p 00007000 08:05 9834396                    /lib/x86_64-linux-gnu/librt-2.17.so
7fa119c38000-7fa119c3b000 ---p 00000000 00:00 0 
7fa119c3b000-7fa119e39000 rw-p 00000000 00:00 0                          [stack:7946]
7fa119e39000-7fa119e4e000 r-xp 00000000 08:05 9830413                    /lib/x86_64-linux-gnu/libgcc_s.so.1
7fa119e4e000-7fa11a04d000 ---p 00015000 08:05 9830413                    /lib/x86_64-linux-gnu/libgcc_s.so.1
7fa11a04d000-7fa11a04e000 r--p 00014000 08:05 9830413                    /lib/x86_64-linux-gnu/libgcc_s.so.1
7fa11a04e000-7fa11a04f000 rw-p 00015000 08:05 9830413                    /lib/x86_64-linux-gnu/libgcc_s.so.1
7fa11a04f000-7fa11a152000 r-xp 00000000 08:05 9834324                    /lib/x86_64-linux-gnu/libm-2.17.so
7fa11a152000-7fa11a351000 ---p 00103000 08:05 9834324                    /lib/x86_64-linux-gnu/libm-2.17.so
7fa11a351000-7fa11a352000 r--p 00102000 08:05 9834324                    /lib/x86_64-linux-gnu/libm-2.17.so
7fa11a352000-7fa11a353000 rw-p 00103000 08:05 9834324                    /lib/x86_64-linux-gnu/libm-2.17.so
7fa11a353000-7fa11a439000 r-xp 00000000 08:05 12190887                   /usr/lib/x86_64-linux-gnu/libstdc++.so.6.0.18
7fa11a439000-7fa11a638000 ---p 000e6000 08:05 12190887                   /usr/lib/x86_64-linux-gnu/libstdc++.so.6.0.18
7fa11a638000-7fa11a640000 r--p 000e5000 08:05 12190887                   /usr/lib/x86_64-linux-gnu/libstdc++.so.6.0.18
7fa11a640000-7fa11a642000 rw-p 000ed000 08:05 12190887                   /usr/lib/x86_64-linux-gnu/libstdc++.so.6.0.18
7fa11a642000-7fa11a657000 rw-p 00000000 00:00 0 
7fa11a657000-7fa11b136000 r-xp 00000000 08:05 12322340                   /usr/lib/jvm/java-7-openjdk-amd64/jre/lib/amd64/server/libjvm.so
7fa11b136000-7fa11b335000 ---p 00adf000 08:05 12322340                   /usr/lib/jvm/java-7-openjdk-amd64/jre/lib/amd64/server/libjvm.so
7fa11b335000-7fa11b3c7000 r--p 00ade000 08:05 12322340                   /usr/lib/jvm/java-7-openjdk-amd64/jre/lib/amd64/server/libjvm.so
7fa11b3c7000-7fa11b3ea000 rw-p 00b70000 08:05 12322340                   /usr/lib/jvm/java-7-openjdk-amd64/jre/lib/amd64/server/libjvm.so
7fa11b3ea000-7fa11b417000 rw-p 00000000 00:00 0 
7fa11b417000-7fa11b42f000 r-xp 00000000 08:05 9834431                    /lib/x86_64-linux-gnu/libz.so.1.2.8
7fa11b42f000-7fa11b62e000 ---p 00018000 08:05 9834431                    /lib/x86_64-linux-gnu/libz.so.1.2.8
7fa11b62e000-7fa11b62f000 r--p 00017000 08:05 9834431                    /lib/x86_64-linux-gnu/libz.so.1.2.8
7fa11b62f000-7fa11b630000 rw-p 00018000 08:05 9834431                    /lib/x86_64-linux-gnu/libz.so.1.2.8
7fa11b630000-7fa11b647000 r-xp 00000000 08:05 9834388                    /lib/x86_64-linux-gnu/libpthread-2.17.so
7fa11b647000-7fa11b847000 ---p 00017000 08:05 9834388                    /lib/x86_64-linux-gnu/libpthread-2.17.so
7fa11b847000-7fa11b848000 r--p 00017000 08:05 9834388                    /lib/x86_64-linux-gnu/libpthread-2.17.so
7fa11b848000-7fa11b849000 rw-p 00018000 08:05 9834388                    /lib/x86_64-linux-gnu/libpthread-2.17.so
7fa11b849000-7fa11b84d000 rw-p 00000000 00:00 0 
7fa11b84d000-7fa11b850000 r-xp 00000000 08:05 9834288                    /lib/x86_64-linux-gnu/libdl-2.17.so
7fa11b850000-7fa11ba4f000 ---p 00003000 08:05 9834288                    /lib/x86_64-linux-gnu/libdl-2.17.so
7fa11ba4f000-7fa11ba50000 r--p 00002000 08:05 9834288                    /lib/x86_64-linux-gnu/libdl-2.17.so
7fa11ba50000-7fa11ba51000 rw-p 00003000 08:05 9834288                    /lib/x86_64-linux-gnu/libdl-2.17.so
7fa11ba51000-7fa11bc0e000 r-xp 00000000 08:05 9834273                    /lib/x86_64-linux-gnu/libc-2.17.so
7fa11bc0e000-7fa11be0e000 ---p 001bd000 08:05 9834273                    /lib/x86_64-linux-gnu/libc-2.17.so
7fa11be0e000-7fa11be12000 r--p 001bd000 08:05 9834273                    /lib/x86_64-linux-gnu/libc-2.17.so
7fa11be12000-7fa11be14000 rw-p 001c1000 08:05 9834273                    /lib/x86_64-linux-gnu/libc-2.17.so
7fa11be14000-7fa11be19000 rw-p 00000000 00:00 0 
7fa11be19000-7fa11be26000 r-xp 00000000 08:05 12322347                   /usr/lib/jvm/java-7-openjdk-amd64/jre/lib/amd64/jli/libjli.so
7fa11be26000-7fa11c025000 ---p 0000d000 08:05 12322347                   /usr/lib/jvm/java-7-openjdk-amd64/jre/lib/amd64/jli/libjli.so
7fa11c025000-7fa11c026000 r--p 0000c000 08:05 12322347                   /usr/lib/jvm/java-7-openjdk-amd64/jre/lib/amd64/jli/libjli.so
7fa11c026000-7fa11c027000 rw-p 0000d000 08:05 12322347                   /usr/lib/jvm/java-7-openjdk-amd64/jre/lib/amd64/jli/libjli.so
7fa11c027000-7fa11c04a000 r-xp 00000000 08:05 9834249                    /lib/x86_64-linux-gnu/ld-2.17.so
7fa11c04f000-7fa11c050000 rw-p 00000000 00:00 0 
7fa11c050000-7fa11c051000 r-xp 00000000 00:00 0 
7fa11c051000-7fa11c058000 r--s 00000000 08:05 12588976                   /usr/lib/x86_64-linux-gnu/gconv/gconv-modules.cache
7fa11c058000-7fa11c05d000 r--s 0004c000 08:05 12322352                   /usr/lib/jvm/java-7-openjdk-amd64/jre/lib/jsse.jar
7fa11c05d000-7fa11c060000 r--s 00032000 08:05 12322366                   /usr/lib/jvm/java-7-openjdk-amd64/jre/lib/ext/sunjce_provider.jar
7fa11c060000-7fa11c063000 r--s 0000f000 08:05 12322362                   /usr/lib/jvm/java-7-openjdk-amd64/jre/lib/ext/pulse-java.jar
7fa11c063000-7fa11c07e000 rw-p 00000000 00:00 0 
7fa11c07e000-7fa11c0c4000 rw-p 00000000 00:00 0 
7fa11c0c4000-7fa11c0d8000 rw-p 00000000 00:00 0 
7fa11c0d8000-7fa11c16b000 rw-p 00000000 00:00 0 
7fa11c16b000-7fa11c175000 rw-p 00000000 00:00 0 
7fa11c175000-7fa11c22b000 rw-p 00000000 00:00 0 
7fa11c22b000-7fa11c230000 rw-p 00000000 00:00 0 
7fa11c230000-7fa11c232000 r--s 00006000 08:05 12717881                   /usr/share/java/java-atk-wrapper.jar
7fa11c232000-7fa11c236000 r--s 00085000 08:05 12322360                   /usr/lib/jvm/java-7-openjdk-amd64/jre/lib/ext/localedata.jar
7fa11c236000-7fa11c23a000 r--s 0003b000 08:05 12322372                   /usr/lib/jvm/java-7-openjdk-amd64/jre/lib/ext/sunpkcs11.jar
7fa11c23a000-7fa11c23b000 r--s 00002000 08:05 12322370                   /usr/lib/jvm/java-7-openjdk-amd64/jre/lib/ext/dnsns.jar
7fa11c23b000-7fa11c23d000 r--s 00012000 08:05 12322364                   /usr/lib/jvm/java-7-openjdk-amd64/jre/lib/ext/zipfs.jar
7fa11c23d000-7fa11c245000 rw-s 00000000 08:05 7340054                    /tmp/hsperfdata_luis/7921
7fa11c245000-7fa11c246000 rw-p 00000000 00:00 0 
7fa11c246000-7fa11c247000 r--p 00000000 00:00 0 
7fa11c247000-7fa11c249000 rw-p 00000000 00:00 0 
7fa11c249000-7fa11c24a000 r--p 00022000 08:05 9834249                    /lib/x86_64-linux-gnu/ld-2.17.so
7fa11c24a000-7fa11c24c000 rw-p 00023000 08:05 9834249                    /lib/x86_64-linux-gnu/ld-2.17.so
7fff83d20000-7fff83d41000 rw-p 00000000 00:00 0                          [stack]
7fff83ddf000-7fff83de1000 r-xp 00000000 00:00 0                          [vdso]
ffffffffff600000-ffffffffff601000 r-xp 00000000 00:00 0                  [vsyscall]

VM Arguments:
jvm_args: -Djdk.home= -Djruby.home=/home/luis/.rbenv/versions/jruby-1.7.10 -Djruby.script=jruby -Djruby.shell=/bin/sh -Djffi.boot.library.path=/home/luis/.rbenv/versions/jruby-1.7.10/lib/jni:/home/luis/.rbenv/versions/jruby-1.7.10/lib/jni/arm-Linux:/home/luis/.rbenv/versions/jruby-1.7.10/lib/jni/x86_64-Linux:/home/luis/.rbenv/versions/jruby-1.7.10/lib/jni/i386-Linux -Xmx500m -Xss2048k -Xbootclasspath/a:/home/luis/.rbenv/versions/jruby-1.7.10/lib/jruby.jar 
java_command: org/jruby/Main Makefile.rb clean compile test
Launcher Type: SUN_STANDARD

Environment Variables:
PATH=/home/luis/.rbenv/versions/jruby-1.7.10/bin:/home/luis/.rbenv/libexec:/home/luis/.rbenv/plugins/ruby-build/bin:/home/luis/.rbenv/shims:~/.rbenv/bin:~/.rbenv/bin:/usr/local/sbin:/usr/local/bin:/usr/sbin:/usr/bin:/sbin:/bin:/usr/games:/usr/local/games
USERNAME=luis
SHELL=/bin/bash
DISPLAY=:0

Signal Handlers:
SIGSEGV: [libjvm.so+0x916ea0], sa_mask[0]=0x7ffbfeff, sa_flags=0x10000004
SIGBUS: [libjvm.so+0x916ea0], sa_mask[0]=0x7ffbfeff, sa_flags=0x10000004
SIGFPE: [libjvm.so+0x794800], sa_mask[0]=0x7ffbfeff, sa_flags=0x10000004
SIGPIPE: [libjvm.so+0x794800], sa_mask[0]=0x7ffbfeff, sa_flags=0x10000004
SIGXFSZ: [libjvm.so+0x794800], sa_mask[0]=0x7ffbfeff, sa_flags=0x10000004
SIGILL: [libjvm.so+0x794800], sa_mask[0]=0x7ffbfeff, sa_flags=0x10000004
SIGUSR1: SIG_DFL, sa_mask[0]=0x00000000, sa_flags=0x00000000
SIGUSR2: [libjvm.so+0x7946a0], sa_mask[0]=0x00000000, sa_flags=0x10000004
SIGHUP: [libjvm.so+0x794880], sa_mask[0]=0x7ffbfeff, sa_flags=0x10000004
SIGINT: [libjvm.so+0x794880], sa_mask[0]=0x7ffbfeff, sa_flags=0x10000004
SIGTERM: [libjvm.so+0x794880], sa_mask[0]=0x7ffbfeff, sa_flags=0x10000004
SIGQUIT: [libjvm.so+0x794880], sa_mask[0]=0x7ffbfeff, sa_flags=0x10000004


---------------  S Y S T E M  ---------------

OS:LinuxMint 16 (petra)
uname:Linux 3.11.0-12-generic #19-Ubuntu SMP Wed Oct 9 16:20:46 UTC 2013 x86_64
libc:glibc 2.17 NPTL 2.17 
rlimit: STACK 8192k, CORE 0k, NPROC 29806, NOFILE 4096, AS infinity
load average:0,75 0,85 0,83

/proc/meminfo:
MemTotal:        3844532 kB
MemFree:         1752520 kB
Buffers:          113624 kB
Cached:          1041340 kB
SwapCached:            0 kB
Active:          1124200 kB
Inactive:         812532 kB
Active(anon):     782992 kB
Inactive(anon):   153256 kB
Active(file):     341208 kB
Inactive(file):   659276 kB
Unevictable:           0 kB
Mlocked:               0 kB
SwapTotal:       3987452 kB
SwapFree:        3987452 kB
Dirty:                92 kB
Writeback:             0 kB
AnonPages:        782388 kB
Mapped:           141752 kB
Shmem:            154264 kB
Slab:              90708 kB
SReclaimable:      68100 kB
SUnreclaim:        22608 kB
KernelStack:        3184 kB
PageTables:        17920 kB
NFS_Unstable:          0 kB
Bounce:                0 kB
WritebackTmp:          0 kB
CommitLimit:     5909716 kB
Committed_AS:    2429424 kB
VmallocTotal:   34359738367 kB
VmallocUsed:      348004 kB
VmallocChunk:   34359386076 kB
HardwareCorrupted:     0 kB
AnonHugePages:         0 kB
HugePages_Total:       0
HugePages_Free:        0
HugePages_Rsvd:        0
HugePages_Surp:        0
Hugepagesize:       2048 kB
DirectMap4k:       56564 kB
DirectMap2M:     3932160 kB


CPU:total 4 (2 cores per cpu, 2 threads per core) family 6 model 37 stepping 5, cmov, cx8, fxsr, mmx, sse, sse2, sse3, ssse3, sse4.1, sse4.2, popcnt, ht, tsc, tscinvbit

/proc/cpuinfo:
processor	: 0
vendor_id	: GenuineIntel
cpu family	: 6
model		: 37
model name	: Intel(R) Core(TM) i5 CPU       M 460  @ 2.53GHz
stepping	: 5
microcode	: 0x2
cpu MHz		: 2534.000
cache size	: 3072 KB
physical id	: 0
siblings	: 4
core id		: 0
cpu cores	: 2
apicid		: 0
initial apicid	: 0
fpu		: yes
fpu_exception	: yes
cpuid level	: 11
wp		: yes
flags		: fpu vme de pse tsc msr pae mce cx8 apic sep mtrr pge mca cmov pat pse36 clflush dts acpi mmx fxsr sse sse2 ss ht tm pbe syscall nx rdtscp lm constant_tsc arch_perfmon pebs bts rep_good nopl xtopology nonstop_tsc aperfmperf pni dtes64 monitor ds_cpl vmx est tm2 ssse3 cx16 xtpr pdcm pcid sse4_1 sse4_2 popcnt lahf_lm ida arat dtherm tpr_shadow vnmi flexpriority ept vpid
bogomips	: 5067.06
clflush size	: 64
cache_alignment	: 64
address sizes	: 36 bits physical, 48 bits virtual
power management:

processor	: 1
vendor_id	: GenuineIntel
cpu family	: 6
model		: 37
model name	: Intel(R) Core(TM) i5 CPU       M 460  @ 2.53GHz
stepping	: 5
microcode	: 0x2
cpu MHz		: 1199.000
cache size	: 3072 KB
physical id	: 0
siblings	: 4
core id		: 0
cpu cores	: 2
apicid		: 1
initial apicid	: 1
fpu		: yes
fpu_exception	: yes
cpuid level	: 11
wp		: yes
flags		: fpu vme de pse tsc msr pae mce cx8 apic sep mtrr pge mca cmov pat pse36 clflush dts acpi mmx fxsr sse sse2 ss ht tm pbe syscall nx rdtscp lm constant_tsc arch_perfmon pebs bts rep_good nopl xtopology nonstop_tsc aperfmperf pni dtes64 monitor ds_cpl vmx est tm2 ssse3 cx16 xtpr pdcm pcid sse4_1 sse4_2 popcnt lahf_lm ida arat dtherm tpr_shadow vnmi flexpriority ept vpid
bogomips	: 5067.06
clflush size	: 64
cache_alignment	: 64
address sizes	: 36 bits physical, 48 bits virtual
power management:

processor	: 2
vendor_id	: GenuineIntel
cpu family	: 6
model		: 37
model name	: Intel(R) Core(TM) i5 CPU       M 460  @ 2.53GHz
stepping	: 5
microcode	: 0x2
cpu MHz		: 1199.000
cache size	: 3072 KB
physical id	: 0
siblings	: 4
core id		: 2
cpu cores	: 2
apicid		: 4
initial apicid	: 4
fpu		: yes
fpu_exception	: yes
cpuid level	: 11
wp		: yes
flags		: fpu vme de pse tsc msr pae mce cx8 apic sep mtrr pge mca cmov pat pse36 clflush dts acpi mmx fxsr sse sse2 ss ht tm pbe syscall nx rdtscp lm constant_tsc arch_perfmon pebs bts rep_good nopl xtopology nonstop_tsc aperfmperf pni dtes64 monitor ds_cpl vmx est tm2 ssse3 cx16 xtpr pdcm pcid sse4_1 sse4_2 popcnt lahf_lm ida arat dtherm tpr_shadow vnmi flexpriority ept vpid
bogomips	: 5067.06
clflush size	: 64
cache_alignment	: 64
address sizes	: 36 bits physical, 48 bits virtual
power management:

processor	: 3
vendor_id	: GenuineIntel
cpu family	: 6
model		: 37
model name	: Intel(R) Core(TM) i5 CPU       M 460  @ 2.53GHz
stepping	: 5
microcode	: 0x2
cpu MHz		: 2534.000
cache size	: 3072 KB
physical id	: 0
siblings	: 4
core id		: 2
cpu cores	: 2
apicid		: 5
initial apicid	: 5
fpu		: yes
fpu_exception	: yes
cpuid level	: 11
wp		: yes
flags		: fpu vme de pse tsc msr pae mce cx8 apic sep mtrr pge mca cmov pat pse36 clflush dts acpi mmx fxsr sse sse2 ss ht tm pbe syscall nx rdtscp lm constant_tsc arch_perfmon pebs bts rep_good nopl xtopology nonstop_tsc aperfmperf pni dtes64 monitor ds_cpl vmx est tm2 ssse3 cx16 xtpr pdcm pcid sse4_1 sse4_2 popcnt lahf_lm ida arat dtherm tpr_shadow vnmi flexpriority ept vpid
bogomips	: 5067.06
clflush size	: 64
cache_alignment	: 64
address sizes	: 36 bits physical, 48 bits virtual
power management:



Memory: 4k page, physical 3844532k(1752520k free), swap 3987452k(3987452k free)

vm_info: OpenJDK 64-Bit Server VM (24.45-b08) for linux-amd64 JRE (1.7.0_51-b00), built on Jan 15 2014 22:02:57 by "buildd" with gcc 4.8.1

time: Sun Mar  9 18:27:11 2014
elapsed time: 3 seconds

