#
# A fatal error has been detected by the Java Runtime Environment:
#
#  SIGSEGV (0xb) at pc=0x00007f36e25a4d84, pid=12239, tid=139874083264256
#
# JRE version: OpenJDK Runtime Environment (7.0_51) (build 1.7.0_51-b00)
# Java VM: OpenJDK 64-Bit Server VM (24.45-b08 mixed mode linux-amd64 compressed oops)
# Problematic frame:
# C  [libconvex_hull.so+0xd84]  puente_superior+0xdd
#
# Failed to write core dump. Core dumps have been disabled. To enable core dumping, try "ulimit -c unlimited" before starting Java again
#
# If you would like to submit a bug report, please include
# instructions on how to reproduce the bug and visit:
#   http://icedtea.classpath.org/bugzilla
# The crash happened outside the Java Virtual Machine in native code.
# See problematic frame for where to report the bug.
#

---------------  T H R E A D  ---------------

Current thread (0x00007f36f400a800):  JavaThread "main" [_thread_in_native, id=12264, stack(0x00007f36f8ebd000,0x00007f36f90be000)]

siginfo:si_signo=SIGSEGV: si_errno=0, si_code=1 (SEGV_MAPERR), si_addr=0x0000000000000000

Registers:
RAX=0x0000000000000000, RBX=0x00000000d79ca7e0, RCX=0x00000000ffffef2d, RDX=0x00000000ff20e1bc
RSP=0x00007f36f90badc0, RBP=0x00007f36f90bae00, RSI=0x00000000ffffed96, RDI=0x00007f36f44621e0
R8 =0x00007f36f445c420, R9 =0x0000000000000018, R10=0x0000000000000002, R11=0x00007f36f4000078
R12=0x0000000000000000, R13=0x00000000d79ca7e0, R14=0x00007f36f90bb078, R15=0x00007f36f400a800
RIP=0x00007f36e25a4d84, EFLAGS=0x0000000000010297, CSGSFS=0x0000000000000033, ERR=0x0000000000000004
  TRAPNO=0x000000000000000e

Top of Stack: (sp=0x00007f36f90badc0)
0x00007f36f90badc0:   00007f36f44621e0 00007f36f4461f10
0x00007f36f90badd0:   0000000600000005 0000000000000001
0x00007f36f90bade0:   00007f36f4461280 00007f36f445c6f0
0x00007f36f90badf0:   00007f36f445f7b0 00007f36f445c6f0
0x00007f36f90bae00:   00007f36f90baef0 00007f36e25a4fb4
0x00007f36f90bae10:   00007f36f44621e0 00007f36f4461f10
0x00007f36f90bae20:   0000007c00000077 0000000100000000
0x00007f36f90bae30:   0000000000000001 00007f3600000001
0x00007f36f90bae40:   0000000300000000 00007f36f4000020
0x00007f36f90bae50:   0000000000000008 0000000000000000
0x00007f36f90bae60:   00000000d79ca7e0 00007f36f90bb078
0x00007f36f90bae70:   00007f36f400a800 00007f36fad594d0
0x00007f36f90bae80:   00007f36f445d460 00000000d79ca7e0
0x00007f36f90bae90:   00007f36f90baec0 00007f36e29aa900
0x00007f36f90baea0:   0000000000000000 000004fafffffcdd
0x00007f36f90baeb0:   00007f36f4461f10 00007f36f44621e0
0x00007f36f90baec0:   00007f36f90baef0 00007f36e29aa982
0x00007f36f90baed0:   00007f36f445c430 00007f36f4461c90
0x00007f36f90baee0:   00007f36f445a1a0 00007f36f44621e0
0x00007f36f90baef0:   00007f36f90baf90 00007f36e25a587a
0x00007f36f90baf00:   00000000d7e47908 00007f36f4462330
0x00007f36f90baf10:   00007f36f4461cb0 00007f36f4461f10
0x00007f36f90baf20:   00007f36f0f6e754 00000000f7a1bd78
0x00007f36f90baf30:   00000000f65d8310 00000000f61a9c28
0x00007f36f90baf40:   00000000f61e6758 00000000f644bdb0
0x00007f36f90baf50:   00000000f7aabd50 00007f36f4461ea0
0x00007f36f90baf60:   00007f36f445f7b0 00007f36f445f420
0x00007f36f90baf70:   00007f36f445f7d0 00007f36f4461e10
0x00007f36f90baf80:   00007f36f4461280 00007f36f44621e0
0x00007f36f90baf90:   00007f36f4411d40 00007f36e3568cd9
0x00007f36f90bafa0:   0000000000000000 00000000d79ca7e0
0x00007f36f90bafb0:   00007f36f90bb030 00007f36f0e09738 

Instructions: (pc=0x00007f36e25a4d84)
0x00007f36e25a4d64:   45 e0 48 8b 00 48 89 45 e8 48 8b 45 e0 48 8b 40
0x00007f36e25a4d74:   08 48 8b 00 48 89 45 f0 48 8b 45 e0 48 8b 40 10
0x00007f36e25a4d84:   48 8b 00 48 89 45 f8 48 8b 55 f0 48 8b 4d e8 48
0x00007f36e25a4d94:   8b 45 c0 48 89 ce 48 89 c7 e8 3e fc ff ff 89 45 

Register to memory mapping:

RAX=0x0000000000000000 is an unknown value
RBX=0x00000000d79ca7e0 is an oop
{method} 
 - klass: {other class}
RCX=0x00000000ffffef2d is an unallocated location in the heap
RDX=0x00000000ff20e1bc is an unallocated location in the heap
RSP=0x00007f36f90badc0 is pointing into the stack for thread: 0x00007f36f400a800
RBP=0x00007f36f90bae00 is pointing into the stack for thread: 0x00007f36f400a800
RSI=0x00000000ffffed96 is an unallocated location in the heap
RDI=0x00007f36f44621e0 is an unknown value
R8 =0x00007f36f445c420 is an unknown value
R9 =0x0000000000000018 is an unknown value
R10=0x0000000000000002 is an unknown value
R11=0x00007f36f4000078 is an unknown value
R12=0x0000000000000000 is an unknown value
R13=0x00000000d79ca7e0 is an oop
{method} 
 - klass: {other class}
R14=0x00007f36f90bb078 is pointing into the stack for thread: 0x00007f36f400a800
R15=0x00007f36f400a800 is a thread


Stack: [0x00007f36f8ebd000,0x00007f36f90be000],  sp=0x00007f36f90badc0,  free space=2039k
Native frames: (J=compiled Java code, j=interpreted, Vv=VM code, C=native code)
C  [libconvex_hull.so+0xd84]  puente_superior+0xdd
C  [libconvex_hull.so+0xfb4]  insertion+0x5e
C  [libconvex_hull.so+0x187a]  convex_hull+0x1f4

Java frames: (J=compiled Java code, j=interpreted, Vv=VM code)
j  com.kenai.jffi.Foreign.invokeL1(JJJ)J+0
j  com.kenai.jffi.Invoker.invokeL1(Lcom/kenai/jffi/CallContext;JJ)J+7
j  org.jruby.ext.ffi.jffi.NativeInvoker$ffi$1.call(Lorg/jruby/runtime/ThreadContext;Lorg/jruby/runtime/builtin/IRubyObject;Lorg/jruby/RubyModule;Ljava/lang/String;Lorg/jruby/runtime/builtin/IRubyObject;)Lorg/jruby/runtime/builtin/IRubyObject;+76
j  org.jruby.runtime.callsite.CachingCallSite.cacheAndCall(Lorg/jruby/runtime/builtin/IRubyObject;Lorg/jruby/RubyClass;Lorg/jruby/runtime/ThreadContext;Lorg/jruby/runtime/builtin/IRubyObject;Lorg/jruby/runtime/builtin/IRubyObject;)Lorg/jruby/runtime/builtin/IRubyObject;+57
J  org.jruby.runtime.callsite.CachingCallSite.call(Lorg/jruby/runtime/ThreadContext;Lorg/jruby/runtime/builtin/IRubyObject;Lorg/jruby/runtime/builtin/IRubyObject;Lorg/jruby/runtime/builtin/IRubyObject;)Lorg/jruby/runtime/builtin/IRubyObject;
J  org.jruby.ast.CallOneArgNode.interpret(Lorg/jruby/Ruby;Lorg/jruby/runtime/ThreadContext;Lorg/jruby/runtime/builtin/IRubyObject;Lorg/jruby/runtime/Block;)Lorg/jruby/runtime/builtin/IRubyObject;
j  org.jruby.ast.LocalAsgnNode.interpret(Lorg/jruby/Ruby;Lorg/jruby/runtime/ThreadContext;Lorg/jruby/runtime/builtin/IRubyObject;Lorg/jruby/runtime/Block;)Lorg/jruby/runtime/builtin/IRubyObject;+30
J  org.jruby.ast.BlockNode.interpret(Lorg/jruby/Ruby;Lorg/jruby/runtime/ThreadContext;Lorg/jruby/runtime/builtin/IRubyObject;Lorg/jruby/runtime/Block;)Lorg/jruby/runtime/builtin/IRubyObject;
j  org.jruby.evaluator.ASTInterpreter.INTERPRET_METHOD(Lorg/jruby/Ruby;Lorg/jruby/runtime/ThreadContext;Ljava/lang/String;ILorg/jruby/RubyModule;Lorg/jruby/ast/Node;Ljava/lang/String;Lorg/jruby/runtime/builtin/IRubyObject;Lorg/jruby/runtime/Block;Z)Lorg/jruby/runtime/builtin/IRubyObject;+30
j  org.jruby.internal.runtime.methods.InterpretedMethod.call(Lorg/jruby/runtime/ThreadContext;Lorg/jruby/runtime/builtin/IRubyObject;Lorg/jruby/RubyModule;Ljava/lang/String;)Lorg/jruby/runtime/builtin/IRubyObject;+80
j  org.jruby.internal.runtime.methods.DefaultMethod.call(Lorg/jruby/runtime/ThreadContext;Lorg/jruby/runtime/builtin/IRubyObject;Lorg/jruby/RubyModule;Ljava/lang/String;)Lorg/jruby/runtime/builtin/IRubyObject;+20
j  org.jruby.runtime.callsite.CachingCallSite.cacheAndCall(Lorg/jruby/runtime/builtin/IRubyObject;Lorg/jruby/RubyClass;Lorg/jruby/runtime/ThreadContext;Lorg/jruby/runtime/builtin/IRubyObject;)Lorg/jruby/runtime/builtin/IRubyObject;+53
j  org.jruby.runtime.callsite.CachingCallSite.call(Lorg/jruby/runtime/ThreadContext;Lorg/jruby/runtime/builtin/IRubyObject;Lorg/jruby/runtime/builtin/IRubyObject;)Lorg/jruby/runtime/builtin/IRubyObject;+46
j  org.jruby.ast.CallNoArgNode.interpret(Lorg/jruby/Ruby;Lorg/jruby/runtime/ThreadContext;Lorg/jruby/runtime/builtin/IRubyObject;Lorg/jruby/runtime/Block;)Lorg/jruby/runtime/builtin/IRubyObject;+18
j  org.jruby.ast.FCallTwoArgNode.interpret(Lorg/jruby/Ruby;Lorg/jruby/runtime/ThreadContext;Lorg/jruby/runtime/builtin/IRubyObject;Lorg/jruby/runtime/Block;)Lorg/jruby/runtime/builtin/IRubyObject;+28
J  org.jruby.ast.BlockNode.interpret(Lorg/jruby/Ruby;Lorg/jruby/runtime/ThreadContext;Lorg/jruby/runtime/builtin/IRubyObject;Lorg/jruby/runtime/Block;)Lorg/jruby/runtime/builtin/IRubyObject;
j  org.jruby.evaluator.ASTInterpreter.INTERPRET_METHOD(Lorg/jruby/Ruby;Lorg/jruby/runtime/ThreadContext;Ljava/lang/String;ILorg/jruby/RubyModule;Lorg/jruby/ast/Node;Ljava/lang/String;Lorg/jruby/runtime/builtin/IRubyObject;Lorg/jruby/runtime/Block;Z)Lorg/jruby/runtime/builtin/IRubyObject;+30
j  org.jruby.internal.runtime.methods.InterpretedMethod.call(Lorg/jruby/runtime/ThreadContext;Lorg/jruby/runtime/builtin/IRubyObject;Lorg/jruby/RubyModule;Ljava/lang/String;)Lorg/jruby/runtime/builtin/IRubyObject;+80
j  org.jruby.internal.runtime.methods.DefaultMethod.call(Lorg/jruby/runtime/ThreadContext;Lorg/jruby/runtime/builtin/IRubyObject;Lorg/jruby/RubyModule;Ljava/lang/String;)Lorg/jruby/runtime/builtin/IRubyObject;+20
j  org.jruby.runtime.callsite.CachingCallSite.cacheAndCall(Lorg/jruby/runtime/builtin/IRubyObject;Lorg/jruby/RubyClass;Lorg/jruby/runtime/ThreadContext;Lorg/jruby/runtime/builtin/IRubyObject;)Lorg/jruby/runtime/builtin/IRubyObject;+53
j  org.jruby.runtime.callsite.CachingCallSite.call(Lorg/jruby/runtime/ThreadContext;Lorg/jruby/runtime/builtin/IRubyObject;Lorg/jruby/runtime/builtin/IRubyObject;)Lorg/jruby/runtime/builtin/IRubyObject;+46
j  Makefile.method__2$RUBY$test(LMakefile;Lorg/jruby/runtime/ThreadContext;Lorg/jruby/runtime/builtin/IRubyObject;Lorg/jruby/runtime/Block;)Lorg/jruby/runtime/builtin/IRubyObject;+130
j  Makefile$method__2$RUBY$test.call(Lorg/jruby/runtime/ThreadContext;Lorg/jruby/runtime/builtin/IRubyObject;Lorg/jruby/RubyModule;Ljava/lang/String;Lorg/jruby/runtime/Block;)Lorg/jruby/runtime/builtin/IRubyObject;+17
j  org.jruby.RubyClass.finvoke(Lorg/jruby/runtime/ThreadContext;Lorg/jruby/runtime/builtin/IRubyObject;Ljava/lang/String;Lorg/jruby/runtime/Block;)Lorg/jruby/runtime/builtin/IRubyObject;+41
j  org.jruby.RubyBasicObject.send19(Lorg/jruby/runtime/ThreadContext;Lorg/jruby/runtime/builtin/IRubyObject;Lorg/jruby/runtime/Block;)Lorg/jruby/runtime/builtin/IRubyObject;+15
j  org.jruby.RubyKernel.send19(Lorg/jruby/runtime/ThreadContext;Lorg/jruby/runtime/builtin/IRubyObject;Lorg/jruby/runtime/builtin/IRubyObject;Lorg/jruby/runtime/Block;)Lorg/jruby/runtime/builtin/IRubyObject;+7
j  org.jruby.RubyKernel$INVOKER$s$send19.call(Lorg/jruby/runtime/ThreadContext;Lorg/jruby/runtime/builtin/IRubyObject;Lorg/jruby/RubyModule;Ljava/lang/String;Lorg/jruby/runtime/builtin/IRubyObject;Lorg/jruby/runtime/Block;)Lorg/jruby/runtime/builtin/IRubyObject;+6
j  org.jruby.internal.runtime.methods.JavaMethod$JavaMethodOneOrNBlock.call(Lorg/jruby/runtime/ThreadContext;Lorg/jruby/runtime/builtin/IRubyObject;Lorg/jruby/RubyModule;Ljava/lang/String;Lorg/jruby/runtime/builtin/IRubyObject;)Lorg/jruby/runtime/builtin/IRubyObject;+11
j  org.jruby.runtime.callsite.CachingCallSite.call(Lorg/jruby/runtime/ThreadContext;Lorg/jruby/runtime/builtin/IRubyObject;Lorg/jruby/runtime/builtin/IRubyObject;Lorg/jruby/runtime/builtin/IRubyObject;)Lorg/jruby/runtime/builtin/IRubyObject;+38
j  Makefile.block_6$RUBY$__file__(LMakefile;Lorg/jruby/runtime/ThreadContext;Lorg/jruby/runtime/builtin/IRubyObject;[Lorg/jruby/runtime/builtin/IRubyObject;Lorg/jruby/runtime/Block;)Lorg/jruby/runtime/builtin/IRubyObject;+46
j  Makefile$block_6$RUBY$__file__.call(Lorg/jruby/runtime/ThreadContext;Lorg/jruby/runtime/builtin/IRubyObject;[Lorg/jruby/runtime/builtin/IRubyObject;Lorg/jruby/runtime/Block;)Lorg/jruby/runtime/builtin/IRubyObject;+9
j  org.jruby.runtime.CompiledBlock19.yield(Lorg/jruby/runtime/ThreadContext;Lorg/jruby/runtime/builtin/IRubyObject;Lorg/jruby/runtime/Binding;Lorg/jruby/runtime/Block$Type;)Lorg/jruby/runtime/builtin/IRubyObject;+52
j  org.jruby.runtime.Block.yield(Lorg/jruby/runtime/ThreadContext;Lorg/jruby/runtime/builtin/IRubyObject;)Lorg/jruby/runtime/builtin/IRubyObject;+14
j  org.jruby.RubyArray.eachCommon(Lorg/jruby/runtime/ThreadContext;Lorg/jruby/runtime/Block;)Lorg/jruby/runtime/builtin/IRubyObject;+41
j  org.jruby.RubyArray.each(Lorg/jruby/runtime/ThreadContext;Lorg/jruby/runtime/Block;)Lorg/jruby/runtime/builtin/IRubyObject;+10
j  org.jruby.RubyArray$INVOKER$i$0$0$each.call(Lorg/jruby/runtime/ThreadContext;Lorg/jruby/runtime/builtin/IRubyObject;Lorg/jruby/RubyModule;Ljava/lang/String;Lorg/jruby/runtime/Block;)Lorg/jruby/runtime/builtin/IRubyObject;+7
j  org.jruby.runtime.callsite.CachingCallSite.cacheAndCall(Lorg/jruby/runtime/builtin/IRubyObject;Lorg/jruby/RubyClass;Lorg/jruby/runtime/Block;Lorg/jruby/runtime/ThreadContext;Lorg/jruby/runtime/builtin/IRubyObject;)Lorg/jruby/runtime/builtin/IRubyObject;+57
j  org.jruby.runtime.callsite.CachingCallSite.callBlock(Lorg/jruby/runtime/ThreadContext;Lorg/jruby/runtime/builtin/IRubyObject;Lorg/jruby/runtime/builtin/IRubyObject;Lorg/jruby/runtime/Block;)Lorg/jruby/runtime/builtin/IRubyObject;+50
j  org.jruby.runtime.callsite.CachingCallSite.callIter(Lorg/jruby/runtime/ThreadContext;Lorg/jruby/runtime/builtin/IRubyObject;Lorg/jruby/runtime/builtin/IRubyObject;Lorg/jruby/runtime/Block;)Lorg/jruby/runtime/builtin/IRubyObject;+6
j  Makefile.__file__(LMakefile;Lorg/jruby/runtime/ThreadContext;Lorg/jruby/runtime/builtin/IRubyObject;[Lorg/jruby/runtime/builtin/IRubyObject;Lorg/jruby/runtime/Block;)Lorg/jruby/runtime/builtin/IRubyObject;+859
j  Makefile.load(Lorg/jruby/runtime/ThreadContext;Lorg/jruby/runtime/builtin/IRubyObject;Z)Lorg/jruby/runtime/builtin/IRubyObject;+22
j  org.jruby.Ruby.runScript(Lorg/jruby/ast/executable/Script;Z)Lorg/jruby/runtime/builtin/IRubyObject;+12
j  org.jruby.Ruby.runScript(Lorg/jruby/ast/executable/Script;)Lorg/jruby/runtime/builtin/IRubyObject;+3
j  org.jruby.Ruby.runNormally(Lorg/jruby/ast/Node;)Lorg/jruby/runtime/builtin/IRubyObject;+73
j  org.jruby.Ruby.runFromMain(Ljava/io/InputStream;Ljava/lang/String;)V+320
j  org.jruby.Main.doRunFromMain(Lorg/jruby/Ruby;Ljava/io/InputStream;Ljava/lang/String;)Lorg/jruby/Main$Status;+12
j  org.jruby.Main.internalRun()Lorg/jruby/Main$Status;+234
j  org.jruby.Main.run([Ljava/lang/String;)Lorg/jruby/Main$Status;+9
j  org.jruby.Main.main([Ljava/lang/String;)V+35
v  ~StubRoutines::call_stub

---------------  P R O C E S S  ---------------

Java Threads: ( => current thread )
  0x00007f36f4434800 JavaThread "JRubyJIT-2" daemon [_thread_blocked, id=12347, stack(0x00007f36e2f25000,0x00007f36e3126000)]
  0x00007f36f4433000 JavaThread "process reaper" daemon [_thread_blocked, id=12279, stack(0x00007f36e3327000,0x00007f36e3360000)]
  0x00007f36f43e0800 JavaThread "JRubyJIT-1" daemon [_thread_blocked, id=12277, stack(0x00007f36e3360000,0x00007f36e3561000)]
  0x00007f36f40ad000 JavaThread "Service Thread" daemon [_thread_blocked, id=12275, stack(0x00007f36e8fe1000,0x00007f36e91e2000)]
  0x00007f36f40aa800 JavaThread "C2 CompilerThread1" daemon [_thread_in_native, id=12274, stack(0x00007f36e91e2000,0x00007f36e92e3000)]
  0x00007f36f40a7800 JavaThread "C2 CompilerThread0" daemon [_thread_in_native, id=12273, stack(0x00007f36e92e3000,0x00007f36e93e4000)]
  0x00007f36f40a5800 JavaThread "Signal Dispatcher" daemon [_thread_blocked, id=12272, stack(0x00007f36e93e4000,0x00007f36e95e5000)]
  0x00007f36f4082800 JavaThread "Finalizer" daemon [_thread_blocked, id=12271, stack(0x00007f36e99df000,0x00007f36e9be0000)]
  0x00007f36f4080800 JavaThread "Reference Handler" daemon [_thread_blocked, id=12270, stack(0x00007f36e9be0000,0x00007f36e9de1000)]
=>0x00007f36f400a800 JavaThread "main" [_thread_in_native, id=12264, stack(0x00007f36f8ebd000,0x00007f36f90be000)]

Other Threads:
  0x00007f36f407c800 VMThread [stack: 0x00007f36e9de1000,0x00007f36e9ee2000] [id=12269]
  0x00007f36f40b7800 WatcherThread [stack: 0x00007f36e8ee0000,0x00007f36e8fe1000] [id=12276]

VM state:not at safepoint (normal execution)

VM Mutex/Monitor currently owned by a thread: None

Heap
 PSYoungGen      total 33280K, used 24167K [0x00000000f5900000, 0x00000000f7c00000, 0x0000000100000000)
  eden space 30720K, 70% used [0x00000000f5900000,0x00000000f6e1ca80,0x00000000f7700000)
  from space 2560K, 99% used [0x00000000f7980000,0x00000000f7bfd528,0x00000000f7c00000)
  to   space 2560K, 0% used [0x00000000f7700000,0x00000000f7700000,0x00000000f7980000)
 ParOldGen       total 39936K, used 5240K [0x00000000e0c00000, 0x00000000e3300000, 0x00000000f5900000)
  object space 39936K, 13% used [0x00000000e0c00000,0x00000000e111e360,0x00000000e3300000)
 PSPermGen       total 25600K, used 25471K [0x00000000d6600000, 0x00000000d7f00000, 0x00000000e0c00000)
  object space 25600K, 99% used [0x00000000d6600000,0x00000000d7edfca0,0x00000000d7f00000)

Card table byte_map: [0x00007f36f0ca9000,0x00007f36f0df7000] byte_map_base: 0x00007f36f05f6000

Polling page: 0x00007f36fb4cb000

Code Cache  [0x00007f36f0df7000, 0x00007f36f1067000, 0x00007f36f3df7000)
 total_blobs=943 nmethods=464 adapters=433 free_code_cache=47426Kb largest_free_block=48514304

Compilation events (10 events):
Event: 3,584 Thread 0x00007f36f40a7800 nmethod 458 0x00007f36f0f9c2d0 code [0x00007f36f0f9c420, 0x00007f36f0f9c4c8]
Event: 3,584 Thread 0x00007f36f40a7800  459             org.jruby.runtime.callsite.EqCallSite::call (67 bytes)
Event: 3,602 Thread 0x00007f36f40a7800 nmethod 459 0x00007f36f0fa0c50 code [0x00007f36f0fa0e20, 0x00007f36f0fa1328]
Event: 3,602 Thread 0x00007f36f40a7800  460             org.jruby.RubyBasicObject::op_equal_19 (23 bytes)
Event: 3,603 Thread 0x00007f36f40a7800 nmethod 460 0x00007f36f0fa2050 code [0x00007f36f0fa21a0, 0x00007f36f0fa2238]
Event: 3,603 Thread 0x00007f36f40a7800  461             org.jruby.RubyBasicObject$INVOKER$i$1$0$op_equal_19::call (11 bytes)
Event: 3,604 Thread 0x00007f36f40a7800 nmethod 461 0x00007f36f0fa3590 code [0x00007f36f0fa3700, 0x00007f36f0fa3878]
Event: 3,604 Thread 0x00007f36f40a7800  462             org.jruby.runtime.callsite.EqCallSite::call (66 bytes)
Event: 3,609 Thread 0x00007f36f40a7800 nmethod 462 0x00007f36f0fa2950 code [0x00007f36f0fa2b00, 0x00007f36f0fa2e88]
Event: 3,609 Thread 0x00007f36f40a7800  463             org.jruby.runtime.callsite.CachingCallSite::call (17 bytes)

GC Heap History (4 events):
Event: 1,350 GC heap before
{Heap before GC invocations=1 (full 0):
 PSYoungGen      total 17920K, used 15360K [0x00000000f5900000, 0x00000000f6d00000, 0x0000000100000000)
  eden space 15360K, 100% used [0x00000000f5900000,0x00000000f6800000,0x00000000f6800000)
  from space 2560K, 0% used [0x00000000f6a80000,0x00000000f6a80000,0x00000000f6d00000)
  to   space 2560K, 0% used [0x00000000f6800000,0x00000000f6800000,0x00000000f6a80000)
 ParOldGen       total 39936K, used 0K [0x00000000e0c00000, 0x00000000e3300000, 0x00000000f5900000)
  object space 39936K, 0% used [0x00000000e0c00000,0x00000000e0c00000,0x00000000e3300000)
 PSPermGen       total 21504K, used 19066K [0x00000000d6600000, 0x00000000d7b00000, 0x00000000e0c00000)
  object space 21504K, 88% used [0x00000000d6600000,0x00000000d789eba0,0x00000000d7b00000)
Event: 1,365 GC heap after
Heap after GC invocations=1 (full 0):
 PSYoungGen      total 17920K, used 2549K [0x00000000f5900000, 0x00000000f7c00000, 0x0000000100000000)
  eden space 15360K, 0% used [0x00000000f5900000,0x00000000f5900000,0x00000000f6800000)
  from space 2560K, 99% used [0x00000000f6800000,0x00000000f6a7d4b8,0x00000000f6a80000)
  to   space 2560K, 0% used [0x00000000f7980000,0x00000000f7980000,0x00000000f7c00000)
 ParOldGen       total 39936K, used 3288K [0x00000000e0c00000, 0x00000000e3300000, 0x00000000f5900000)
  object space 39936K, 8% used [0x00000000e0c00000,0x00000000e0f36018,0x00000000e3300000)
 PSPermGen       total 21504K, used 19066K [0x00000000d6600000, 0x00000000d7b00000, 0x00000000e0c00000)
  object space 21504K, 88% used [0x00000000d6600000,0x00000000d789eba0,0x00000000d7b00000)
}
Event: 2,479 GC heap before
{Heap before GC invocations=2 (full 0):
 PSYoungGen      total 17920K, used 17909K [0x00000000f5900000, 0x00000000f7c00000, 0x0000000100000000)
  eden space 15360K, 100% used [0x00000000f5900000,0x00000000f6800000,0x00000000f6800000)
  from space 2560K, 99% used [0x00000000f6800000,0x00000000f6a7d4b8,0x00000000f6a80000)
  to   space 2560K, 0% used [0x00000000f7980000,0x00000000f7980000,0x00000000f7c00000)
 ParOldGen       total 39936K, used 3288K [0x00000000e0c00000, 0x00000000e3300000, 0x00000000f5900000)
  object space 39936K, 8% used [0x00000000e0c00000,0x00000000e0f36018,0x00000000e3300000)
 PSPermGen       total 23552K, used 23549K [0x00000000d6600000, 0x00000000d7d00000, 0x00000000e0c00000)
  object space 23552K, 99% used [0x00000000d6600000,0x00000000d7cff5b8,0x00000000d7d00000)
Event: 2,508 GC heap after
Heap after GC invocations=2 (full 0):
 PSYoungGen      total 33280K, used 2549K [0x00000000f5900000, 0x00000000f7c00000, 0x0000000100000000)
  eden space 30720K, 0% used [0x00000000f5900000,0x00000000f5900000,0x00000000f7700000)
  from space 2560K, 99% used [0x00000000f7980000,0x00000000f7bfd528,0x00000000f7c00000)
  to   space 2560K, 0% used [0x00000000f7700000,0x00000000f7700000,0x00000000f7980000)
 ParOldGen       total 39936K, used 5240K [0x00000000e0c00000, 0x00000000e3300000, 0x00000000f5900000)
  object space 39936K, 13% used [0x00000000e0c00000,0x00000000e111e360,0x00000000e3300000)
 PSPermGen       total 23552K, used 23549K [0x00000000d6600000, 0x00000000d7d00000, 0x00000000e0c00000)
  object space 23552K, 99% used [0x00000000d6600000,0x00000000d7cff5b8,0x00000000d7d00000)
}

Deoptimization events (10 events):
Event: 2,958 Thread 0x00007f36f43e0800 Uncommon trap: reason=unreached action=reinterpret pc=0x00007f36f0f3518c method=java.util.concurrent.locks.AbstractQueuedSynchronizer.release(I)Z @ 14
Event: 2,983 Thread 0x00007f36f400a800 Uncommon trap: reason=unreached action=reinterpret pc=0x00007f36f0f1bc68 method=org.jruby.parser.ParserSupport.checkExpression(Lorg/jruby/ast/Node;)Z @ 3
Event: 3,144 Thread 0x00007f36f400a800 Uncommon trap: reason=class_check action=maybe_recompile pc=0x00007f36f0f6a144 method=org.joni.Matcher.searchInterruptible(III)I @ 810
Event: 3,181 Thread 0x00007f36f400a800 Uncommon trap: reason=class_check action=maybe_recompile pc=0x00007f36f0f6a144 method=org.joni.Matcher.searchInterruptible(III)I @ 810
Event: 3,187 Thread 0x00007f36f400a800 Uncommon trap: reason=class_check action=maybe_recompile pc=0x00007f36f0f6a144 method=org.joni.Matcher.searchInterruptible(III)I @ 810
Event: 3,286 Thread 0x00007f36f400a800 Uncommon trap: reason=class_check action=maybe_recompile pc=0x00007f36f0f5d5f8 method=org.jruby.RubyArray.compare(Lorg/jruby/runtime/ThreadContext;Lorg/jruby/runtime/invokedynamic/MethodNames;Lorg/jruby/runtime/builtin/IRubyObject;)Lorg/jruby/RubyBoolean;
Event: 3,286 Thread 0x00007f36f400a800 Uncommon trap: reason=class_check action=maybe_recompile pc=0x00007f36f0f5d5f8 method=org.jruby.RubyArray.compare(Lorg/jruby/runtime/ThreadContext;Lorg/jruby/runtime/invokedynamic/MethodNames;Lorg/jruby/runtime/builtin/IRubyObject;)Lorg/jruby/RubyBoolean;
Event: 3,286 Thread 0x00007f36f400a800 Uncommon trap: reason=class_check action=maybe_recompile pc=0x00007f36f0f5d5f8 method=org.jruby.RubyArray.compare(Lorg/jruby/runtime/ThreadContext;Lorg/jruby/runtime/invokedynamic/MethodNames;Lorg/jruby/runtime/builtin/IRubyObject;)Lorg/jruby/RubyBoolean;
Event: 3,286 Thread 0x00007f36f400a800 Uncommon trap: reason=class_check action=maybe_recompile pc=0x00007f36f0f5d5f8 method=org.jruby.RubyArray.compare(Lorg/jruby/runtime/ThreadContext;Lorg/jruby/runtime/invokedynamic/MethodNames;Lorg/jruby/runtime/builtin/IRubyObject;)Lorg/jruby/RubyBoolean;
Event: 3,592 Thread 0x00007f36f400a800 Uncommon trap: reason=unreached action=reinterpret pc=0x00007f36f0f99dd0 method=java.util.HashSet.add(Ljava/lang/Object;)Z @ 11

Internal exceptions (10 events):
Event: 3,131 Thread 0x00007f36f4434800 Threw 0x00000000f6288920 at /build/buildd/openjdk-7-7u51-2.4.4/build/openjdk/hotspot/src/share/vm/prims/jvm.cpp:1244
Event: 3,131 Thread 0x00007f36f4434800 Threw 0x00000000f62899c0 at /build/buildd/openjdk-7-7u51-2.4.4/build/openjdk/hotspot/src/share/vm/prims/jvm.cpp:1244
Event: 3,179 Thread 0x00007f36f4434800 Threw 0x00000000f64978b8 at /build/buildd/openjdk-7-7u51-2.4.4/build/openjdk/hotspot/src/share/vm/prims/jvm.cpp:1244
Event: 3,179 Thread 0x00007f36f4434800 Threw 0x00000000f64989b8 at /build/buildd/openjdk-7-7u51-2.4.4/build/openjdk/hotspot/src/share/vm/prims/jvm.cpp:1244
Event: 3,179 Thread 0x00007f36f43e0800 Threw 0x00000000f62f01d8 at /build/buildd/openjdk-7-7u51-2.4.4/build/openjdk/hotspot/src/share/vm/prims/jvm.cpp:1244
Event: 3,180 Thread 0x00007f36f43e0800 Threw 0x00000000f62f12d8 at /build/buildd/openjdk-7-7u51-2.4.4/build/openjdk/hotspot/src/share/vm/prims/jvm.cpp:1244
Event: 3,183 Thread 0x00007f36f43e0800 Threw 0x00000000f6507538 at /build/buildd/openjdk-7-7u51-2.4.4/build/openjdk/hotspot/src/share/vm/prims/jvm.cpp:1244
Event: 3,183 Thread 0x00007f36f43e0800 Threw 0x00000000f65086e0 at /build/buildd/openjdk-7-7u51-2.4.4/build/openjdk/hotspot/src/share/vm/prims/jvm.cpp:1244
Event: 3,293 Thread 0x00007f36f4434800 Threw 0x00000000f64c47f0 at /build/buildd/openjdk-7-7u51-2.4.4/build/openjdk/hotspot/src/share/vm/prims/jvm.cpp:1244
Event: 3,293 Thread 0x00007f36f4434800 Threw 0x00000000f64c5a90 at /build/buildd/openjdk-7-7u51-2.4.4/build/openjdk/hotspot/src/share/vm/prims/jvm.cpp:1244

Events (10 events):
Event: 3,286 Thread 0x00007f36f400a800 DEOPT PACKING pc=0x00007f36f0f5d5f8 sp=0x00007f36f90baa30
Event: 3,286 Thread 0x00007f36f400a800 DEOPT UNPACKING pc=0x00007f36f0e30045 sp=0x00007f36f90baa08 mode 2
Event: 3,286 Thread 0x00007f36f400a800 Uncommon trap: trap_request=0xffffffde fr.pc=0x00007f36f0f5d5f8
Event: 3,286 Thread 0x00007f36f400a800 DEOPT PACKING pc=0x00007f36f0f5d5f8 sp=0x00007f36f90baee0
Event: 3,286 Thread 0x00007f36f400a800 DEOPT UNPACKING pc=0x00007f36f0e30045 sp=0x00007f36f90baeb8 mode 2
Event: 3,293 loading class 0x00007f36a4001140
Event: 3,293 loading class 0x00007f36a4001140 done
Event: 3,592 Thread 0x00007f36f400a800 Uncommon trap: trap_request=0xffffffad fr.pc=0x00007f36f0f99dd0
Event: 3,592 Thread 0x00007f36f400a800 DEOPT PACKING pc=0x00007f36f0f99dd0 sp=0x00007f36f90b9bc0
Event: 3,592 Thread 0x00007f36f400a800 DEOPT UNPACKING pc=0x00007f36f0e30045 sp=0x00007f36f90b9b78 mode 2


Dynamic libraries:
00400000-00401000 r-xp 00000000 08:05 12322450                           /usr/lib/jvm/java-7-openjdk-amd64/jre/bin/java
00600000-00601000 r--p 00000000 08:05 12322450                           /usr/lib/jvm/java-7-openjdk-amd64/jre/bin/java
00601000-00602000 rw-p 00001000 08:05 12322450                           /usr/lib/jvm/java-7-openjdk-amd64/jre/bin/java
00726000-00747000 rw-p 00000000 00:00 0                                  [heap]
d6600000-d7f00000 rw-p 00000000 00:00 0 
d7f00000-e0c00000 rw-p 00000000 00:00 0 
e0c00000-e3300000 rw-p 00000000 00:00 0 
e3300000-f5900000 rw-p 00000000 00:00 0 
f5900000-f7c00000 rw-p 00000000 00:00 0 
f7c00000-100000000 rw-p 00000000 00:00 0 
7f36a4000000-7f36a4021000 rw-p 00000000 00:00 0 
7f36a4021000-7f36a8000000 ---p 00000000 00:00 0 
7f36a8000000-7f36a8021000 rw-p 00000000 00:00 0 
7f36a8021000-7f36ac000000 ---p 00000000 00:00 0 
7f36ac000000-7f36ac021000 rw-p 00000000 00:00 0 
7f36ac021000-7f36b0000000 ---p 00000000 00:00 0 
7f36b0000000-7f36b0021000 rw-p 00000000 00:00 0 
7f36b0021000-7f36b4000000 ---p 00000000 00:00 0 
7f36b4000000-7f36b4021000 rw-p 00000000 00:00 0 
7f36b4021000-7f36b8000000 ---p 00000000 00:00 0 
7f36b8000000-7f36b8027000 rw-p 00000000 00:00 0 
7f36b8027000-7f36bc000000 ---p 00000000 00:00 0 
7f36bc000000-7f36bca7b000 rw-p 00000000 00:00 0 
7f36bca7b000-7f36c0000000 ---p 00000000 00:00 0 
7f36c0000000-7f36c0021000 rw-p 00000000 00:00 0 
7f36c0021000-7f36c4000000 ---p 00000000 00:00 0 
7f36c4000000-7f36c4021000 rw-p 00000000 00:00 0 
7f36c4021000-7f36c8000000 ---p 00000000 00:00 0 
7f36c8000000-7f36c8ef5000 rw-p 00000000 00:00 0 
7f36c8ef5000-7f36cc000000 ---p 00000000 00:00 0 
7f36cc000000-7f36cc021000 rw-p 00000000 00:00 0 
7f36cc021000-7f36d0000000 ---p 00000000 00:00 0 
7f36d0000000-7f36d0021000 rw-p 00000000 00:00 0 
7f36d0021000-7f36d4000000 ---p 00000000 00:00 0 
7f36d4000000-7f36d4021000 rw-p 00000000 00:00 0 
7f36d4021000-7f36d8000000 ---p 00000000 00:00 0 
7f36d8000000-7f36d8021000 rw-p 00000000 00:00 0 
7f36d8021000-7f36dc000000 ---p 00000000 00:00 0 
7f36dc000000-7f36dc021000 rw-p 00000000 00:00 0 
7f36dc021000-7f36e0000000 ---p 00000000 00:00 0 
7f36e25a4000-7f36e25a6000 r-xp 00000000 08:05 16778100                   /home/luis/practica01/src/lib/libconvex_hull.so
7f36e25a6000-7f36e27a5000 ---p 00002000 08:05 16778100                   /home/luis/practica01/src/lib/libconvex_hull.so
7f36e27a5000-7f36e27a6000 r--p 00001000 08:05 16778100                   /home/luis/practica01/src/lib/libconvex_hull.so
7f36e27a6000-7f36e27a7000 rw-p 00002000 08:05 16778100                   /home/luis/practica01/src/lib/libconvex_hull.so
7f36e27a7000-7f36e27a9000 r-xp 00000000 08:05 16777919                   /home/luis/practica01/src/lib/libdouble_linked_list.so
7f36e27a9000-7f36e29a8000 ---p 00002000 08:05 16777919                   /home/luis/practica01/src/lib/libdouble_linked_list.so
7f36e29a8000-7f36e29a9000 r--p 00001000 08:05 16777919                   /home/luis/practica01/src/lib/libdouble_linked_list.so
7f36e29a9000-7f36e29aa000 rw-p 00002000 08:05 16777919                   /home/luis/practica01/src/lib/libdouble_linked_list.so
7f36e29aa000-7f36e29ab000 r-xp 00000000 08:05 16777820                   /home/luis/practica01/src/lib/lib2d_points.so
7f36e29ab000-7f36e2baa000 ---p 00001000 08:05 16777820                   /home/luis/practica01/src/lib/lib2d_points.so
7f36e2baa000-7f36e2bab000 r--p 00000000 08:05 16777820                   /home/luis/practica01/src/lib/lib2d_points.so
7f36e2bab000-7f36e2bac000 rw-p 00001000 08:05 16777820                   /home/luis/practica01/src/lib/lib2d_points.so
7f36e2bac000-7f36e2baf000 ---p 00000000 00:00 0 
7f36e2baf000-7f36e2dad000 rw-p 00000000 00:00 0 
7f36e2f25000-7f36e2f28000 ---p 00000000 00:00 0 
7f36e2f28000-7f36e3126000 rw-p 00000000 00:00 0                          [stack:12347]
7f36e3126000-7f36e3129000 ---p 00000000 00:00 0 
7f36e3129000-7f36e3327000 rw-p 00000000 00:00 0 
7f36e3327000-7f36e332a000 ---p 00000000 00:00 0 
7f36e332a000-7f36e3360000 rw-p 00000000 00:00 0                          [stack:12279]
7f36e3360000-7f36e3363000 ---p 00000000 00:00 0 
7f36e3363000-7f36e3561000 rw-p 00000000 00:00 0                          [stack:12277]
7f36e3561000-7f36e3573000 r-xp 00000000 08:05 16253453                   /home/luis/.rbenv/versions/jruby-1.7.10/lib/jni/x86_64-Linux/libjffi-1.2.so
7f36e3573000-7f36e3772000 ---p 00012000 08:05 16253453                   /home/luis/.rbenv/versions/jruby-1.7.10/lib/jni/x86_64-Linux/libjffi-1.2.so
7f36e3772000-7f36e3773000 rw-p 00011000 08:05 16253453                   /home/luis/.rbenv/versions/jruby-1.7.10/lib/jni/x86_64-Linux/libjffi-1.2.so
7f36e3773000-7f36e3783000 r-xp 00000000 08:05 12322344                   /usr/lib/jvm/java-7-openjdk-amd64/jre/lib/amd64/libnio.so
7f36e3783000-7f36e3983000 ---p 00010000 08:05 12322344                   /usr/lib/jvm/java-7-openjdk-amd64/jre/lib/amd64/libnio.so
7f36e3983000-7f36e3984000 r--p 00010000 08:05 12322344                   /usr/lib/jvm/java-7-openjdk-amd64/jre/lib/amd64/libnio.so
7f36e3984000-7f36e3985000 rw-p 00011000 08:05 12322344                   /usr/lib/jvm/java-7-openjdk-amd64/jre/lib/amd64/libnio.so
7f36e3985000-7f36e39c2000 r-xp 00000000 08:05 9834371                    /lib/x86_64-linux-gnu/libpcre.so.3.13.1
7f36e39c2000-7f36e3bc2000 ---p 0003d000 08:05 9834371                    /lib/x86_64-linux-gnu/libpcre.so.3.13.1
7f36e3bc2000-7f36e3bc3000 r--p 0003d000 08:05 9834371                    /lib/x86_64-linux-gnu/libpcre.so.3.13.1
7f36e3bc3000-7f36e3bc4000 rw-p 0003e000 08:05 9834371                    /lib/x86_64-linux-gnu/libpcre.so.3.13.1
7f36e3bc4000-7f36e3bda000 r-xp 00000000 08:05 9834394                    /lib/x86_64-linux-gnu/libresolv-2.17.so
7f36e3bda000-7f36e3dda000 ---p 00016000 08:05 9834394                    /lib/x86_64-linux-gnu/libresolv-2.17.so
7f36e3dda000-7f36e3ddb000 r--p 00016000 08:05 9834394                    /lib/x86_64-linux-gnu/libresolv-2.17.so
7f36e3ddb000-7f36e3ddc000 rw-p 00017000 08:05 9834394                    /lib/x86_64-linux-gnu/libresolv-2.17.so
7f36e3ddc000-7f36e3dde000 rw-p 00000000 00:00 0 
7f36e3dde000-7f36e3dfd000 r-xp 00000000 08:05 9834398                    /lib/x86_64-linux-gnu/libselinux.so.1
7f36e3dfd000-7f36e3ffd000 ---p 0001f000 08:05 9834398                    /lib/x86_64-linux-gnu/libselinux.so.1
7f36e3ffd000-7f36e3ffe000 r--p 0001f000 08:05 9834398                    /lib/x86_64-linux-gnu/libselinux.so.1
7f36e3ffe000-7f36e3fff000 rw-p 00020000 08:05 9834398                    /lib/x86_64-linux-gnu/libselinux.so.1
7f36e3fff000-7f36e4000000 rw-p 00000000 00:00 0 
7f36e4000000-7f36e4021000 rw-p 00000000 00:00 0 
7f36e4021000-7f36e8000000 ---p 00000000 00:00 0 
7f36e8008000-7f36e800f000 r-xp 00000000 08:05 12196946                   /usr/lib/x86_64-linux-gnu/libffi.so.6.0.1
7f36e800f000-7f36e820e000 ---p 00007000 08:05 12196946                   /usr/lib/x86_64-linux-gnu/libffi.so.6.0.1
7f36e820e000-7f36e820f000 r--p 00006000 08:05 12196946                   /usr/lib/x86_64-linux-gnu/libffi.so.6.0.1
7f36e820f000-7f36e8210000 rw-p 00007000 08:05 12196946                   /usr/lib/x86_64-linux-gnu/libffi.so.6.0.1
7f36e8210000-7f36e8213000 r-xp 00000000 08:05 12190134                   /usr/lib/x86_64-linux-gnu/libgmodule-2.0.so.0.3800.1
7f36e8213000-7f36e8412000 ---p 00003000 08:05 12190134                   /usr/lib/x86_64-linux-gnu/libgmodule-2.0.so.0.3800.1
7f36e8412000-7f36e8413000 r--p 00002000 08:05 12190134                   /usr/lib/x86_64-linux-gnu/libgmodule-2.0.so.0.3800.1
7f36e8413000-7f36e8414000 rw-p 00003000 08:05 12190134                   /usr/lib/x86_64-linux-gnu/libgmodule-2.0.so.0.3800.1
7f36e8414000-7f36e8512000 r-xp 00000000 08:05 9834386                    /lib/x86_64-linux-gnu/libglib-2.0.so.0.3800.1
7f36e8512000-7f36e8712000 ---p 000fe000 08:05 9834386                    /lib/x86_64-linux-gnu/libglib-2.0.so.0.3800.1
7f36e8712000-7f36e8713000 r--p 000fe000 08:05 9834386                    /lib/x86_64-linux-gnu/libglib-2.0.so.0.3800.1
7f36e8713000-7f36e8714000 rw-p 000ff000 08:05 9834386                    /lib/x86_64-linux-gnu/libglib-2.0.so.0.3800.1
7f36e8714000-7f36e8715000 rw-p 00000000 00:00 0 
7f36e8715000-7f36e8764000 r-xp 00000000 08:05 12190125                   /usr/lib/x86_64-linux-gnu/libgobject-2.0.so.0.3800.1
7f36e8764000-7f36e8964000 ---p 0004f000 08:05 12190125                   /usr/lib/x86_64-linux-gnu/libgobject-2.0.so.0.3800.1
7f36e8964000-7f36e8965000 r--p 0004f000 08:05 12190125                   /usr/lib/x86_64-linux-gnu/libgobject-2.0.so.0.3800.1
7f36e8965000-7f36e8966000 rw-p 00050000 08:05 12190125                   /usr/lib/x86_64-linux-gnu/libgobject-2.0.so.0.3800.1
7f36e8966000-7f36e8ac2000 r-xp 00000000 08:05 12190099                   /usr/lib/x86_64-linux-gnu/libgio-2.0.so.0.3800.1
7f36e8ac2000-7f36e8cc1000 ---p 0015c000 08:05 12190099                   /usr/lib/x86_64-linux-gnu/libgio-2.0.so.0.3800.1
7f36e8cc1000-7f36e8cc5000 r--p 0015b000 08:05 12190099                   /usr/lib/x86_64-linux-gnu/libgio-2.0.so.0.3800.1
7f36e8cc5000-7f36e8cc7000 rw-p 0015f000 08:05 12190099                   /usr/lib/x86_64-linux-gnu/libgio-2.0.so.0.3800.1
7f36e8cc7000-7f36e8cc9000 rw-p 00000000 00:00 0 
7f36e8cc9000-7f36e8cdf000 r-xp 00000000 08:05 12322132                   /usr/lib/jvm/java-7-openjdk-amd64/jre/lib/amd64/libnet.so
7f36e8cdf000-7f36e8ede000 ---p 00016000 08:05 12322132                   /usr/lib/jvm/java-7-openjdk-amd64/jre/lib/amd64/libnet.so
7f36e8ede000-7f36e8edf000 r--p 00015000 08:05 12322132                   /usr/lib/jvm/java-7-openjdk-amd64/jre/lib/amd64/libnet.so
7f36e8edf000-7f36e8ee0000 rw-p 00016000 08:05 12322132                   /usr/lib/jvm/java-7-openjdk-amd64/jre/lib/amd64/libnet.so
7f36e8ee0000-7f36e8ee1000 ---p 00000000 00:00 0 
7f36e8ee1000-7f36e8fe1000 rw-p 00000000 00:00 0                          [stack:12276]
7f36e8fe1000-7f36e8fe4000 ---p 00000000 00:00 0 
7f36e8fe4000-7f36e91e2000 rw-p 00000000 00:00 0                          [stack:12275]
7f36e91e2000-7f36e91e5000 ---p 00000000 00:00 0 
7f36e91e5000-7f36e92e3000 rw-p 00000000 00:00 0                          [stack:12274]
7f36e92e3000-7f36e92e6000 ---p 00000000 00:00 0 
7f36e92e6000-7f36e93e4000 rw-p 00000000 00:00 0                          [stack:12273]
7f36e93e4000-7f36e93e7000 ---p 00000000 00:00 0 
7f36e93e7000-7f36e95e5000 rw-p 00000000 00:00 0                          [stack:12272]
7f36e95e5000-7f36e99df000 r--p 00000000 08:05 12195384                   /usr/lib/locale/locale-archive
7f36e99df000-7f36e99e2000 ---p 00000000 00:00 0 
7f36e99e2000-7f36e9be0000 rw-p 00000000 00:00 0                          [stack:12271]
7f36e9be0000-7f36e9be3000 ---p 00000000 00:00 0 
7f36e9be3000-7f36e9de1000 rw-p 00000000 00:00 0                          [stack:12270]
7f36e9de1000-7f36e9de2000 ---p 00000000 00:00 0 
7f36e9de2000-7f36ec000000 rw-p 00000000 00:00 0                          [stack:12269]
7f36ec000000-7f36ec021000 rw-p 00000000 00:00 0 
7f36ec021000-7f36f0000000 ---p 00000000 00:00 0 
7f36f0019000-7f36f03a8000 rw-p 00000000 00:00 0 
7f36f03a8000-7f36f0491000 r--s 00bb9000 08:05 16253440                   /home/luis/.rbenv/versions/jruby-1.7.10/lib/jruby.jar
7f36f0491000-7f36f04d9000 rw-p 00000000 00:00 0 
7f36f04d9000-7f36f0687000 r--s 01cf4000 08:05 12322430                   /usr/lib/jvm/java-7-openjdk-amd64/jre/lib/rt.jar
7f36f0687000-7f36f08a5000 rw-p 00000000 00:00 0 
7f36f08a5000-7f36f08a6000 ---p 00000000 00:00 0 
7f36f08a6000-7f36f09a6000 rw-p 00000000 00:00 0                          [stack:12268]
7f36f09a6000-7f36f09a7000 ---p 00000000 00:00 0 
7f36f09a7000-7f36f0aa7000 rw-p 00000000 00:00 0                          [stack:12267]
7f36f0aa7000-7f36f0aa8000 ---p 00000000 00:00 0 
7f36f0aa8000-7f36f0ba8000 rw-p 00000000 00:00 0                          [stack:12266]
7f36f0ba8000-7f36f0ba9000 ---p 00000000 00:00 0 
7f36f0ba9000-7f36f0cb6000 rw-p 00000000 00:00 0                          [stack:12265]
7f36f0cb6000-7f36f0cfc000 rw-p 00000000 00:00 0 
7f36f0cfc000-7f36f0d10000 rw-p 00000000 00:00 0 
7f36f0d10000-7f36f0da2000 rw-p 00000000 00:00 0 
7f36f0da2000-7f36f0db4000 rw-p 00000000 00:00 0 
7f36f0db4000-7f36f0df6000 rw-p 00000000 00:00 0 
7f36f0df6000-7f36f0df7000 rw-p 00000000 00:00 0 
7f36f0df7000-7f36f1067000 rwxp 00000000 00:00 0 
7f36f1067000-7f36f3df7000 rw-p 00000000 00:00 0 
7f36f3df7000-7f36f3dff000 r-xp 00000000 08:05 12322081                   /usr/lib/jvm/java-7-openjdk-amd64/jre/lib/amd64/libzip.so
7f36f3dff000-7f36f3ffe000 ---p 00008000 08:05 12322081                   /usr/lib/jvm/java-7-openjdk-amd64/jre/lib/amd64/libzip.so
7f36f3ffe000-7f36f3fff000 r--p 00007000 08:05 12322081                   /usr/lib/jvm/java-7-openjdk-amd64/jre/lib/amd64/libzip.so
7f36f3fff000-7f36f4000000 rw-p 00008000 08:05 12322081                   /usr/lib/jvm/java-7-openjdk-amd64/jre/lib/amd64/libzip.so
7f36f4000000-7f36f446c000 rw-p 00000000 00:00 0 
7f36f446c000-7f36f8000000 ---p 00000000 00:00 0 
7f36f8012000-7f36f803a000 rw-p 00000000 00:00 0 
7f36f803a000-7f36f8046000 r-xp 00000000 08:05 9834349                    /lib/x86_64-linux-gnu/libnss_files-2.17.so
7f36f8046000-7f36f8245000 ---p 0000c000 08:05 9834349                    /lib/x86_64-linux-gnu/libnss_files-2.17.so
7f36f8245000-7f36f8246000 r--p 0000b000 08:05 9834349                    /lib/x86_64-linux-gnu/libnss_files-2.17.so
7f36f8246000-7f36f8247000 rw-p 0000c000 08:05 9834349                    /lib/x86_64-linux-gnu/libnss_files-2.17.so
7f36f8247000-7f36f8252000 r-xp 00000000 08:05 9834353                    /lib/x86_64-linux-gnu/libnss_nis-2.17.so
7f36f8252000-7f36f8451000 ---p 0000b000 08:05 9834353                    /lib/x86_64-linux-gnu/libnss_nis-2.17.so
7f36f8451000-7f36f8452000 r--p 0000a000 08:05 9834353                    /lib/x86_64-linux-gnu/libnss_nis-2.17.so
7f36f8452000-7f36f8453000 rw-p 0000b000 08:05 9834353                    /lib/x86_64-linux-gnu/libnss_nis-2.17.so
7f36f8453000-7f36f846a000 r-xp 00000000 08:05 9834343                    /lib/x86_64-linux-gnu/libnsl-2.17.so
7f36f846a000-7f36f8669000 ---p 00017000 08:05 9834343                    /lib/x86_64-linux-gnu/libnsl-2.17.so
7f36f8669000-7f36f866a000 r--p 00016000 08:05 9834343                    /lib/x86_64-linux-gnu/libnsl-2.17.so
7f36f866a000-7f36f866b000 rw-p 00017000 08:05 9834343                    /lib/x86_64-linux-gnu/libnsl-2.17.so
7f36f866b000-7f36f866d000 rw-p 00000000 00:00 0 
7f36f866d000-7f36f8675000 r-xp 00000000 08:05 9834345                    /lib/x86_64-linux-gnu/libnss_compat-2.17.so
7f36f8675000-7f36f8874000 ---p 00008000 08:05 9834345                    /lib/x86_64-linux-gnu/libnss_compat-2.17.so
7f36f8874000-7f36f8875000 r--p 00007000 08:05 9834345                    /lib/x86_64-linux-gnu/libnss_compat-2.17.so
7f36f8875000-7f36f8876000 rw-p 00008000 08:05 9834345                    /lib/x86_64-linux-gnu/libnss_compat-2.17.so
7f36f8876000-7f36f88a1000 r-xp 00000000 08:05 12322007                   /usr/lib/jvm/java-7-openjdk-amd64/jre/lib/amd64/libjava.so
7f36f88a1000-7f36f8aa0000 ---p 0002b000 08:05 12322007                   /usr/lib/jvm/java-7-openjdk-amd64/jre/lib/amd64/libjava.so
7f36f8aa0000-7f36f8aa1000 r--p 0002a000 08:05 12322007                   /usr/lib/jvm/java-7-openjdk-amd64/jre/lib/amd64/libjava.so
7f36f8aa1000-7f36f8aa3000 rw-p 0002b000 08:05 12322007                   /usr/lib/jvm/java-7-openjdk-amd64/jre/lib/amd64/libjava.so
7f36f8aa3000-7f36f8ab3000 r-xp 00000000 08:05 12322321                   /usr/lib/jvm/java-7-openjdk-amd64/jre/lib/amd64/libverify.so
7f36f8ab3000-7f36f8cb2000 ---p 00010000 08:05 12322321                   /usr/lib/jvm/java-7-openjdk-amd64/jre/lib/amd64/libverify.so
7f36f8cb2000-7f36f8cb4000 r--p 0000f000 08:05 12322321                   /usr/lib/jvm/java-7-openjdk-amd64/jre/lib/amd64/libverify.so
7f36f8cb4000-7f36f8cb5000 rw-p 00011000 08:05 12322321                   /usr/lib/jvm/java-7-openjdk-amd64/jre/lib/amd64/libverify.so
7f36f8cb5000-7f36f8cbc000 r-xp 00000000 08:05 9834396                    /lib/x86_64-linux-gnu/librt-2.17.so
7f36f8cbc000-7f36f8ebb000 ---p 00007000 08:05 9834396                    /lib/x86_64-linux-gnu/librt-2.17.so
7f36f8ebb000-7f36f8ebc000 r--p 00006000 08:05 9834396                    /lib/x86_64-linux-gnu/librt-2.17.so
7f36f8ebc000-7f36f8ebd000 rw-p 00007000 08:05 9834396                    /lib/x86_64-linux-gnu/librt-2.17.so
7f36f8ebd000-7f36f8ec0000 ---p 00000000 00:00 0 
7f36f8ec0000-7f36f90be000 rw-p 00000000 00:00 0                          [stack:12264]
7f36f90be000-7f36f90d3000 r-xp 00000000 08:05 9830413                    /lib/x86_64-linux-gnu/libgcc_s.so.1
7f36f90d3000-7f36f92d2000 ---p 00015000 08:05 9830413                    /lib/x86_64-linux-gnu/libgcc_s.so.1
7f36f92d2000-7f36f92d3000 r--p 00014000 08:05 9830413                    /lib/x86_64-linux-gnu/libgcc_s.so.1
7f36f92d3000-7f36f92d4000 rw-p 00015000 08:05 9830413                    /lib/x86_64-linux-gnu/libgcc_s.so.1
7f36f92d4000-7f36f93d7000 r-xp 00000000 08:05 9834324                    /lib/x86_64-linux-gnu/libm-2.17.so
7f36f93d7000-7f36f95d6000 ---p 00103000 08:05 9834324                    /lib/x86_64-linux-gnu/libm-2.17.so
7f36f95d6000-7f36f95d7000 r--p 00102000 08:05 9834324                    /lib/x86_64-linux-gnu/libm-2.17.so
7f36f95d7000-7f36f95d8000 rw-p 00103000 08:05 9834324                    /lib/x86_64-linux-gnu/libm-2.17.so
7f36f95d8000-7f36f96be000 r-xp 00000000 08:05 12190887                   /usr/lib/x86_64-linux-gnu/libstdc++.so.6.0.18
7f36f96be000-7f36f98bd000 ---p 000e6000 08:05 12190887                   /usr/lib/x86_64-linux-gnu/libstdc++.so.6.0.18
7f36f98bd000-7f36f98c5000 r--p 000e5000 08:05 12190887                   /usr/lib/x86_64-linux-gnu/libstdc++.so.6.0.18
7f36f98c5000-7f36f98c7000 rw-p 000ed000 08:05 12190887                   /usr/lib/x86_64-linux-gnu/libstdc++.so.6.0.18
7f36f98c7000-7f36f98dc000 rw-p 00000000 00:00 0 
7f36f98dc000-7f36fa3bb000 r-xp 00000000 08:05 12322340                   /usr/lib/jvm/java-7-openjdk-amd64/jre/lib/amd64/server/libjvm.so
7f36fa3bb000-7f36fa5ba000 ---p 00adf000 08:05 12322340                   /usr/lib/jvm/java-7-openjdk-amd64/jre/lib/amd64/server/libjvm.so
7f36fa5ba000-7f36fa64c000 r--p 00ade000 08:05 12322340                   /usr/lib/jvm/java-7-openjdk-amd64/jre/lib/amd64/server/libjvm.so
7f36fa64c000-7f36fa66f000 rw-p 00b70000 08:05 12322340                   /usr/lib/jvm/java-7-openjdk-amd64/jre/lib/amd64/server/libjvm.so
7f36fa66f000-7f36fa69c000 rw-p 00000000 00:00 0 
7f36fa69c000-7f36fa6b4000 r-xp 00000000 08:05 9834431                    /lib/x86_64-linux-gnu/libz.so.1.2.8
7f36fa6b4000-7f36fa8b3000 ---p 00018000 08:05 9834431                    /lib/x86_64-linux-gnu/libz.so.1.2.8
7f36fa8b3000-7f36fa8b4000 r--p 00017000 08:05 9834431                    /lib/x86_64-linux-gnu/libz.so.1.2.8
7f36fa8b4000-7f36fa8b5000 rw-p 00018000 08:05 9834431                    /lib/x86_64-linux-gnu/libz.so.1.2.8
7f36fa8b5000-7f36fa8cc000 r-xp 00000000 08:05 9834388                    /lib/x86_64-linux-gnu/libpthread-2.17.so
7f36fa8cc000-7f36faacc000 ---p 00017000 08:05 9834388                    /lib/x86_64-linux-gnu/libpthread-2.17.so
7f36faacc000-7f36faacd000 r--p 00017000 08:05 9834388                    /lib/x86_64-linux-gnu/libpthread-2.17.so
7f36faacd000-7f36faace000 rw-p 00018000 08:05 9834388                    /lib/x86_64-linux-gnu/libpthread-2.17.so
7f36faace000-7f36faad2000 rw-p 00000000 00:00 0 
7f36faad2000-7f36faad5000 r-xp 00000000 08:05 9834288                    /lib/x86_64-linux-gnu/libdl-2.17.so
7f36faad5000-7f36facd4000 ---p 00003000 08:05 9834288                    /lib/x86_64-linux-gnu/libdl-2.17.so
7f36facd4000-7f36facd5000 r--p 00002000 08:05 9834288                    /lib/x86_64-linux-gnu/libdl-2.17.so
7f36facd5000-7f36facd6000 rw-p 00003000 08:05 9834288                    /lib/x86_64-linux-gnu/libdl-2.17.so
7f36facd6000-7f36fae93000 r-xp 00000000 08:05 9834273                    /lib/x86_64-linux-gnu/libc-2.17.so
7f36fae93000-7f36fb093000 ---p 001bd000 08:05 9834273                    /lib/x86_64-linux-gnu/libc-2.17.so
7f36fb093000-7f36fb097000 r--p 001bd000 08:05 9834273                    /lib/x86_64-linux-gnu/libc-2.17.so
7f36fb097000-7f36fb099000 rw-p 001c1000 08:05 9834273                    /lib/x86_64-linux-gnu/libc-2.17.so
7f36fb099000-7f36fb09e000 rw-p 00000000 00:00 0 
7f36fb09e000-7f36fb0ab000 r-xp 00000000 08:05 12322347                   /usr/lib/jvm/java-7-openjdk-amd64/jre/lib/amd64/jli/libjli.so
7f36fb0ab000-7f36fb2aa000 ---p 0000d000 08:05 12322347                   /usr/lib/jvm/java-7-openjdk-amd64/jre/lib/amd64/jli/libjli.so
7f36fb2aa000-7f36fb2ab000 r--p 0000c000 08:05 12322347                   /usr/lib/jvm/java-7-openjdk-amd64/jre/lib/amd64/jli/libjli.so
7f36fb2ab000-7f36fb2ac000 rw-p 0000d000 08:05 12322347                   /usr/lib/jvm/java-7-openjdk-amd64/jre/lib/amd64/jli/libjli.so
7f36fb2ac000-7f36fb2cf000 r-xp 00000000 08:05 9834249                    /lib/x86_64-linux-gnu/ld-2.17.so
7f36fb2d4000-7f36fb2d5000 rw-p 00000000 00:00 0 
7f36fb2d5000-7f36fb2d6000 r-xp 00000000 00:00 0 
7f36fb2d6000-7f36fb2dd000 r--s 00000000 08:05 12588976                   /usr/lib/x86_64-linux-gnu/gconv/gconv-modules.cache
7f36fb2dd000-7f36fb2e2000 r--s 0004c000 08:05 12322352                   /usr/lib/jvm/java-7-openjdk-amd64/jre/lib/jsse.jar
7f36fb2e2000-7f36fb2e5000 r--s 00032000 08:05 12322366                   /usr/lib/jvm/java-7-openjdk-amd64/jre/lib/ext/sunjce_provider.jar
7f36fb2e5000-7f36fb2e8000 r--s 0000f000 08:05 12322362                   /usr/lib/jvm/java-7-openjdk-amd64/jre/lib/ext/pulse-java.jar
7f36fb2e8000-7f36fb303000 rw-p 00000000 00:00 0 
7f36fb303000-7f36fb349000 rw-p 00000000 00:00 0 
7f36fb349000-7f36fb35d000 rw-p 00000000 00:00 0 
7f36fb35d000-7f36fb3f0000 rw-p 00000000 00:00 0 
7f36fb3f0000-7f36fb3fa000 rw-p 00000000 00:00 0 
7f36fb3fa000-7f36fb4b0000 rw-p 00000000 00:00 0 
7f36fb4b0000-7f36fb4b5000 rw-p 00000000 00:00 0 
7f36fb4b5000-7f36fb4b7000 r--s 00006000 08:05 12717881                   /usr/share/java/java-atk-wrapper.jar
7f36fb4b7000-7f36fb4bb000 r--s 00085000 08:05 12322360                   /usr/lib/jvm/java-7-openjdk-amd64/jre/lib/ext/localedata.jar
7f36fb4bb000-7f36fb4bf000 r--s 0003b000 08:05 12322372                   /usr/lib/jvm/java-7-openjdk-amd64/jre/lib/ext/sunpkcs11.jar
7f36fb4bf000-7f36fb4c0000 r--s 00002000 08:05 12322370                   /usr/lib/jvm/java-7-openjdk-amd64/jre/lib/ext/dnsns.jar
7f36fb4c0000-7f36fb4c2000 r--s 00012000 08:05 12322364                   /usr/lib/jvm/java-7-openjdk-amd64/jre/lib/ext/zipfs.jar
7f36fb4c2000-7f36fb4ca000 rw-s 00000000 08:05 7340084                    /tmp/hsperfdata_luis/12239
7f36fb4ca000-7f36fb4cb000 rw-p 00000000 00:00 0 
7f36fb4cb000-7f36fb4cc000 r--p 00000000 00:00 0 
7f36fb4cc000-7f36fb4ce000 rw-p 00000000 00:00 0 
7f36fb4ce000-7f36fb4cf000 r--p 00022000 08:05 9834249                    /lib/x86_64-linux-gnu/ld-2.17.so
7f36fb4cf000-7f36fb4d1000 rw-p 00023000 08:05 9834249                    /lib/x86_64-linux-gnu/ld-2.17.so
7fffccc0b000-7fffccc2c000 rw-p 00000000 00:00 0                          [stack]
7fffcccea000-7fffcccec000 r-xp 00000000 00:00 0                          [vdso]
ffffffffff600000-ffffffffff601000 r-xp 00000000 00:00 0                  [vsyscall]

VM Arguments:
jvm_args: -Djdk.home= -Djruby.home=/home/luis/.rbenv/versions/jruby-1.7.10 -Djruby.script=jruby -Djruby.shell=/bin/sh -Djffi.boot.library.path=/home/luis/.rbenv/versions/jruby-1.7.10/lib/jni:/home/luis/.rbenv/versions/jruby-1.7.10/lib/jni/arm-Linux:/home/luis/.rbenv/versions/jruby-1.7.10/lib/jni/x86_64-Linux:/home/luis/.rbenv/versions/jruby-1.7.10/lib/jni/i386-Linux -Xmx500m -Xss2048k -Xbootclasspath/a:/home/luis/.rbenv/versions/jruby-1.7.10/lib/jruby.jar 
java_command: org/jruby/Main Makefile.rb clean compile test
Launcher Type: SUN_STANDARD

Environment Variables:
PATH=/home/luis/.rbenv/versions/jruby-1.7.10/bin:/home/luis/.rbenv/libexec:/home/luis/.rbenv/plugins/ruby-build/bin:/home/luis/.rbenv/shims:~/.rbenv/bin:~/.rbenv/bin:/usr/local/sbin:/usr/local/bin:/usr/sbin:/usr/bin:/sbin:/bin:/usr/games:/usr/local/games
USERNAME=luis
SHELL=/bin/bash
DISPLAY=:0

Signal Handlers:
SIGSEGV: [libjvm.so+0x916ea0], sa_mask[0]=0x7ffbfeff, sa_flags=0x10000004
SIGBUS: [libjvm.so+0x916ea0], sa_mask[0]=0x7ffbfeff, sa_flags=0x10000004
SIGFPE: [libjvm.so+0x794800], sa_mask[0]=0x7ffbfeff, sa_flags=0x10000004
SIGPIPE: [libjvm.so+0x794800], sa_mask[0]=0x7ffbfeff, sa_flags=0x10000004
SIGXFSZ: [libjvm.so+0x794800], sa_mask[0]=0x7ffbfeff, sa_flags=0x10000004
SIGILL: [libjvm.so+0x794800], sa_mask[0]=0x7ffbfeff, sa_flags=0x10000004
SIGUSR1: SIG_DFL, sa_mask[0]=0x00000000, sa_flags=0x00000000
SIGUSR2: [libjvm.so+0x7946a0], sa_mask[0]=0x00000000, sa_flags=0x10000004
SIGHUP: [libjvm.so+0x794880], sa_mask[0]=0x7ffbfeff, sa_flags=0x10000004
SIGINT: [libjvm.so+0x794880], sa_mask[0]=0x7ffbfeff, sa_flags=0x10000004
SIGTERM: [libjvm.so+0x794880], sa_mask[0]=0x7ffbfeff, sa_flags=0x10000004
SIGQUIT: [libjvm.so+0x794880], sa_mask[0]=0x7ffbfeff, sa_flags=0x10000004


---------------  S Y S T E M  ---------------

OS:LinuxMint 16 (petra)
uname:Linux 3.11.0-12-generic #19-Ubuntu SMP Wed Oct 9 16:20:46 UTC 2013 x86_64
libc:glibc 2.17 NPTL 2.17 
rlimit: STACK 8192k, CORE 0k, NPROC 29806, NOFILE 4096, AS infinity
load average:1,25 0,81 0,63

/proc/meminfo:
MemTotal:        3844532 kB
MemFree:         2718840 kB
Buffers:            1836 kB
Cached:           311436 kB
SwapCached:            8 kB
Active:           580780 kB
Inactive:         423288 kB
Active(anon):     513992 kB
Inactive(anon):   341416 kB
Active(file):      66788 kB
Inactive(file):    81872 kB
Unevictable:           0 kB
Mlocked:               0 kB
SwapTotal:       3987452 kB
SwapFree:        3987164 kB
Dirty:               300 kB
Writeback:             0 kB
AnonPages:        690992 kB
Mapped:           126444 kB
Shmem:            164416 kB
Slab:              55808 kB
SReclaimable:      33120 kB
SUnreclaim:        22688 kB
KernelStack:        3200 kB
PageTables:        18860 kB
NFS_Unstable:          0 kB
Bounce:                0 kB
WritebackTmp:          0 kB
CommitLimit:     5909716 kB
Committed_AS:    2525684 kB
VmallocTotal:   34359738367 kB
VmallocUsed:      348004 kB
VmallocChunk:   34359386120 kB
HardwareCorrupted:     0 kB
AnonHugePages:         0 kB
HugePages_Total:       0
HugePages_Free:        0
HugePages_Rsvd:        0
HugePages_Surp:        0
Hugepagesize:       2048 kB
DirectMap4k:       64756 kB
DirectMap2M:     3923968 kB


CPU:total 4 (2 cores per cpu, 2 threads per core) family 6 model 37 stepping 5, cmov, cx8, fxsr, mmx, sse, sse2, sse3, ssse3, sse4.1, sse4.2, popcnt, ht, tsc, tscinvbit

/proc/cpuinfo:
processor	: 0
vendor_id	: GenuineIntel
cpu family	: 6
model		: 37
model name	: Intel(R) Core(TM) i5 CPU       M 460  @ 2.53GHz
stepping	: 5
microcode	: 0x2
cpu MHz		: 2534.000
cache size	: 3072 KB
physical id	: 0
siblings	: 4
core id		: 0
cpu cores	: 2
apicid		: 0
initial apicid	: 0
fpu		: yes
fpu_exception	: yes
cpuid level	: 11
wp		: yes
flags		: fpu vme de pse tsc msr pae mce cx8 apic sep mtrr pge mca cmov pat pse36 clflush dts acpi mmx fxsr sse sse2 ss ht tm pbe syscall nx rdtscp lm constant_tsc arch_perfmon pebs bts rep_good nopl xtopology nonstop_tsc aperfmperf pni dtes64 monitor ds_cpl vmx est tm2 ssse3 cx16 xtpr pdcm pcid sse4_1 sse4_2 popcnt lahf_lm ida arat dtherm tpr_shadow vnmi flexpriority ept vpid
bogomips	: 5067.10
clflush size	: 64
cache_alignment	: 64
address sizes	: 36 bits physical, 48 bits virtual
power management:

processor	: 1
vendor_id	: GenuineIntel
cpu family	: 6
model		: 37
model name	: Intel(R) Core(TM) i5 CPU       M 460  @ 2.53GHz
stepping	: 5
microcode	: 0x2
cpu MHz		: 1199.000
cache size	: 3072 KB
physical id	: 0
siblings	: 4
core id		: 0
cpu cores	: 2
apicid		: 1
initial apicid	: 1
fpu		: yes
fpu_exception	: yes
cpuid level	: 11
wp		: yes
flags		: fpu vme de pse tsc msr pae mce cx8 apic sep mtrr pge mca cmov pat pse36 clflush dts acpi mmx fxsr sse sse2 ss ht tm pbe syscall nx rdtscp lm constant_tsc arch_perfmon pebs bts rep_good nopl xtopology nonstop_tsc aperfmperf pni dtes64 monitor ds_cpl vmx est tm2 ssse3 cx16 xtpr pdcm pcid sse4_1 sse4_2 popcnt lahf_lm ida arat dtherm tpr_shadow vnmi flexpriority ept vpid
bogomips	: 5067.10
clflush size	: 64
cache_alignment	: 64
address sizes	: 36 bits physical, 48 bits virtual
power management:

processor	: 2
vendor_id	: GenuineIntel
cpu family	: 6
model		: 37
model name	: Intel(R) Core(TM) i5 CPU       M 460  @ 2.53GHz
stepping	: 5
microcode	: 0x2
cpu MHz		: 2534.000
cache size	: 3072 KB
physical id	: 0
siblings	: 4
core id		: 2
cpu cores	: 2
apicid		: 4
initial apicid	: 4
fpu		: yes
fpu_exception	: yes
cpuid level	: 11
wp		: yes
flags		: fpu vme de pse tsc msr pae mce cx8 apic sep mtrr pge mca cmov pat pse36 clflush dts acpi mmx fxsr sse sse2 ss ht tm pbe syscall nx rdtscp lm constant_tsc arch_perfmon pebs bts rep_good nopl xtopology nonstop_tsc aperfmperf pni dtes64 monitor ds_cpl vmx est tm2 ssse3 cx16 xtpr pdcm pcid sse4_1 sse4_2 popcnt lahf_lm ida arat dtherm tpr_shadow vnmi flexpriority ept vpid
bogomips	: 5067.10
clflush size	: 64
cache_alignment	: 64
address sizes	: 36 bits physical, 48 bits virtual
power management:

processor	: 3
vendor_id	: GenuineIntel
cpu family	: 6
model		: 37
model name	: Intel(R) Core(TM) i5 CPU       M 460  @ 2.53GHz
stepping	: 5
microcode	: 0x2
cpu MHz		: 2534.000
cache size	: 3072 KB
physical id	: 0
siblings	: 4
core id		: 2
cpu cores	: 2
apicid		: 5
initial apicid	: 5
fpu		: yes
fpu_exception	: yes
cpuid level	: 11
wp		: yes
flags		: fpu vme de pse tsc msr pae mce cx8 apic sep mtrr pge mca cmov pat pse36 clflush dts acpi mmx fxsr sse sse2 ss ht tm pbe syscall nx rdtscp lm constant_tsc arch_perfmon pebs bts rep_good nopl xtopology nonstop_tsc aperfmperf pni dtes64 monitor ds_cpl vmx est tm2 ssse3 cx16 xtpr pdcm pcid sse4_1 sse4_2 popcnt lahf_lm ida arat dtherm tpr_shadow vnmi flexpriority ept vpid
bogomips	: 5067.10
clflush size	: 64
cache_alignment	: 64
address sizes	: 36 bits physical, 48 bits virtual
power management:



Memory: 4k page, physical 3844532k(2718840k free), swap 3987452k(3987164k free)

vm_info: OpenJDK 64-Bit Server VM (24.45-b08) for linux-amd64 JRE (1.7.0_51-b00), built on Jan 15 2014 22:02:57 by "buildd" with gcc 4.8.1

time: Mon Apr  7 00:36:34 2014
elapsed time: 3 seconds

