#
# A fatal error has been detected by the Java Runtime Environment:
#
#  SIGSEGV (0xb) at pc=0x00007ffbf2b91a78, pid=3508, tid=140721137309440
#
# JRE version: OpenJDK Runtime Environment (7.0_51) (build 1.7.0_51-b00)
# Java VM: OpenJDK 64-Bit Server VM (24.45-b08 mixed mode linux-amd64 compressed oops)
# Problematic frame:
# C  [libconvex_hull.so+0xa78]  adentro+0xe3
#
# Failed to write core dump. Core dumps have been disabled. To enable core dumping, try "ulimit -c unlimited" before starting Java again
#
# If you would like to submit a bug report, please include
# instructions on how to reproduce the bug and visit:
#   http://icedtea.classpath.org/bugzilla
# The crash happened outside the Java Virtual Machine in native code.
# See problematic frame for where to report the bug.
#

---------------  T H R E A D  ---------------

Current thread (0x00007ffc2c00a800):  JavaThread "main" [_thread_in_native, id=3533, stack(0x00007ffc3146d000,0x00007ffc3166e000)]

siginfo:si_signo=SIGSEGV: si_errno=0, si_code=1 (SEGV_MAPERR), si_addr=0x0000000000000000

Registers:
RAX=0x0000000000000000, RBX=0x00000000d79ca960, RCX=0x0000000000000007, RDX=0x0000000000000005
RSP=0x00007ffc3166ab90, RBP=0x00007ffc3166abe0, RSI=0x00000000fffffffd, RDI=0x00007ffc2c4754b0
R8 =0x00000000ffffffff, R9 =0x0000000000000000, R10=0x0000000000000022, R11=0x0000000000000246
R12=0x0000000000000000, R13=0x00000000d79ca960, R14=0x00007ffc3166ad30, R15=0x00007ffc2c00a800
RIP=0x00007ffbf2b91a78, EFLAGS=0x0000000000010213, CSGSFS=0x0000000000000033, ERR=0x0000000000000004
  TRAPNO=0x000000000000000e

Top of Stack: (sp=0x00007ffc3166ab90)
0x00007ffc3166ab90:   00007ffc2c475470 00007ffc2c475510
0x00007ffc3166aba0:   00007ffc2c475510 0000000100000003
0x00007ffc3166abb0:   00007ffc2c4753f0 00007ffc2c475490
0x00007ffc3166abc0:   00007ffc2c475490 0000000000000000
0x00007ffc3166abd0:   00007ffc2c475410 00007ffc2c4754b0
0x00007ffc3166abe0:   00007ffc3166ac40 00007ffbf2b920e3
0x00007ffc3166abf0:   00007ffc3166ac78 00007ffc2c476a40
0x00007ffc3166ac00:   00000000f79f0570 00000000f6492470
0x00007ffc3166ac10:   00007ffc2c475510 00007ffc2c4754f0
0x00007ffc3166ac20:   00007ffc2c4754d0 00007ffc2c4754b0
0x00007ffc3166ac30:   00007ffc2c475490 00007ffc2c475470
0x00007ffc3166ac40:   00007ffc2c409cf0 00007ffbf39a4cd9
0x00007ffc3166ac50:   00000000d6be4180 00000000d79ca960
0x00007ffc3166ac60:   00007ffc3166ace8 00007ffc29012738
0x00007ffc3166ac70:   00007ffc3166ac98 00007ffc3166ad08
0x00007ffc3166ac80:   00007ffc29006233 00000000f633c568
0x00007ffc3166ac90:   00000000f60b44e8 00000000f79f0570
0x00007ffc3166aca0:   00000000f6492470 00007ffc3166aca8
0x00007ffc3166acb0:   0000000000000000 00007ffc3166ad30
0x00007ffc3166acc0:   00000000d79d2e88 0000000000000000
0x00007ffc3166acd0:   00000000d79ca960 0000000000000000
0x00007ffc3166ace0:   00007ffc3166ad08 00007ffc3166ad78
0x00007ffc3166acf0:   00007ffc29006175 00000000e10ec660
0x00007ffc3166ad00:   00007ffc2900ecd7 00007ffc2c476a40
0x00007ffc3166ad10:   00000000d7d614b0 00007ffbf2b92010
0x00007ffc3166ad20:   00007ffc3166ad38 00007ffc2c409cf0
0x00007ffc3166ad30:   00007ffc29006233 00007ffc3166ad38
0x00007ffc3166ad40:   00000000d7ac77c7 00007ffc3166adb0
0x00007ffc3166ad50:   00000000d7ad3a20 0000000000000000
0x00007ffc3166ad60:   00000000d7ac7808 00007ffc3166ad08
0x00007ffc3166ad70:   00007ffc3166ad88 00007ffc3166ae00
0x00007ffc3166ad80:   00007ffc29006175 00007ffc2c476a40 

Instructions: (pc=0x00007ffbf2b91a78)
0x00007ffbf2b91a58:   10 48 89 45 d0 48 8b 45 d0 48 8b 40 10 48 89 45
0x00007ffbf2b91a68:   e8 48 8b 45 d0 48 8b 00 48 89 45 d8 48 8b 45 e8
0x00007ffbf2b91a78:   48 8b 00 48 89 45 e0 83 45 c8 01 48 8b 45 b8 8b
0x00007ffbf2b91a88:   40 10 3b 45 c8 7f 98 48 8b 45 b8 48 8b 40 08 48 

Register to memory mapping:

RAX=0x0000000000000000 is an unknown value
RBX=0x00000000d79ca960 is an oop
{method} 
 - klass: {other class}
RCX=0x0000000000000007 is an unknown value
RDX=0x0000000000000005 is an unknown value
RSP=0x00007ffc3166ab90 is pointing into the stack for thread: 0x00007ffc2c00a800
RBP=0x00007ffc3166abe0 is pointing into the stack for thread: 0x00007ffc2c00a800
RSI=0x00000000fffffffd is an unallocated location in the heap
RDI=0x00007ffc2c4754b0 is an unknown value
R8 =0x00000000ffffffff is an unallocated location in the heap
R9 =0x0000000000000000 is an unknown value
R10=0x0000000000000022 is an unknown value
R11=0x0000000000000246 is an unknown value
R12=0x0000000000000000 is an unknown value
R13=0x00000000d79ca960 is an oop
{method} 
 - klass: {other class}
R14=0x00007ffc3166ad30 is pointing into the stack for thread: 0x00007ffc2c00a800
R15=0x00007ffc2c00a800 is a thread


Stack: [0x00007ffc3146d000,0x00007ffc3166e000],  sp=0x00007ffc3166ab90,  free space=2038k
Native frames: (J=compiled Java code, j=interpreted, Vv=VM code, C=native code)
C  [libconvex_hull.so+0xa78]  adentro+0xe3
C  [libconvex_hull.so+0x10e3]  convex_hull+0xd3

Java frames: (J=compiled Java code, j=interpreted, Vv=VM code)
j  com.kenai.jffi.Foreign.invokeL1(JJJ)J+0
j  com.kenai.jffi.Invoker.invokeL1(Lcom/kenai/jffi/CallContext;JJ)J+7
j  org.jruby.ext.ffi.jffi.NativeInvoker$ffi$1.call(Lorg/jruby/runtime/ThreadContext;Lorg/jruby/runtime/builtin/IRubyObject;Lorg/jruby/RubyModule;Ljava/lang/String;Lorg/jruby/runtime/builtin/IRubyObject;)Lorg/jruby/runtime/builtin/IRubyObject;+76
j  org.jruby.ext.ffi.jffi.JITNativeInvoker.call(Lorg/jruby/runtime/ThreadContext;Lorg/jruby/runtime/builtin/IRubyObject;Lorg/jruby/RubyModule;Ljava/lang/String;[Lorg/jruby/runtime/builtin/IRubyObject;)Lorg/jruby/runtime/builtin/IRubyObject;+92
j  org.jruby.ext.ffi.jffi.NativeInvoker.call(Lorg/jruby/runtime/ThreadContext;Lorg/jruby/runtime/builtin/IRubyObject;Lorg/jruby/RubyModule;Ljava/lang/String;[Lorg/jruby/runtime/builtin/IRubyObject;Lorg/jruby/runtime/Block;)Lorg/jruby/runtime/builtin/IRubyObject;+36
j  org.jruby.ext.ffi.jffi.DefaultMethod.call(Lorg/jruby/runtime/ThreadContext;Lorg/jruby/runtime/builtin/IRubyObject;Lorg/jruby/RubyModule;Ljava/lang/String;[Lorg/jruby/runtime/builtin/IRubyObject;Lorg/jruby/runtime/Block;)Lorg/jruby/runtime/builtin/IRubyObject;+13
j  org.jruby.internal.runtime.methods.DynamicMethod.call(Lorg/jruby/runtime/ThreadContext;Lorg/jruby/runtime/builtin/IRubyObject;Lorg/jruby/RubyModule;Ljava/lang/String;Lorg/jruby/runtime/builtin/IRubyObject;Lorg/jruby/runtime/Block;)Lorg/jruby/runtime/builtin/IRubyObject;+17
j  org.jruby.internal.runtime.methods.DynamicMethod.call(Lorg/jruby/runtime/ThreadContext;Lorg/jruby/runtime/builtin/IRubyObject;Lorg/jruby/RubyModule;Ljava/lang/String;Lorg/jruby/runtime/builtin/IRubyObject;)Lorg/jruby/runtime/builtin/IRubyObject;+11
j  org.jruby.runtime.callsite.CachingCallSite.cacheAndCall(Lorg/jruby/runtime/builtin/IRubyObject;Lorg/jruby/RubyClass;Lorg/jruby/runtime/ThreadContext;Lorg/jruby/runtime/builtin/IRubyObject;Lorg/jruby/runtime/builtin/IRubyObject;)Lorg/jruby/runtime/builtin/IRubyObject;+57
J  org.jruby.runtime.callsite.CachingCallSite.call(Lorg/jruby/runtime/ThreadContext;Lorg/jruby/runtime/builtin/IRubyObject;Lorg/jruby/runtime/builtin/IRubyObject;Lorg/jruby/runtime/builtin/IRubyObject;)Lorg/jruby/runtime/builtin/IRubyObject;
j  org.jruby.ast.CallOneArgNode.interpret(Lorg/jruby/Ruby;Lorg/jruby/runtime/ThreadContext;Lorg/jruby/runtime/builtin/IRubyObject;Lorg/jruby/runtime/Block;)Lorg/jruby/runtime/builtin/IRubyObject;+30
j  org.jruby.ast.LocalAsgnNode.interpret(Lorg/jruby/Ruby;Lorg/jruby/runtime/ThreadContext;Lorg/jruby/runtime/builtin/IRubyObject;Lorg/jruby/runtime/Block;)Lorg/jruby/runtime/builtin/IRubyObject;+30
J  org.jruby.ast.BlockNode.interpret(Lorg/jruby/Ruby;Lorg/jruby/runtime/ThreadContext;Lorg/jruby/runtime/builtin/IRubyObject;Lorg/jruby/runtime/Block;)Lorg/jruby/runtime/builtin/IRubyObject;
j  org.jruby.evaluator.ASTInterpreter.INTERPRET_METHOD(Lorg/jruby/Ruby;Lorg/jruby/runtime/ThreadContext;Ljava/lang/String;ILorg/jruby/RubyModule;Lorg/jruby/ast/Node;Ljava/lang/String;Lorg/jruby/runtime/builtin/IRubyObject;Lorg/jruby/runtime/Block;Z)Lorg/jruby/runtime/builtin/IRubyObject;+30
j  org.jruby.internal.runtime.methods.InterpretedMethod.call(Lorg/jruby/runtime/ThreadContext;Lorg/jruby/runtime/builtin/IRubyObject;Lorg/jruby/RubyModule;Ljava/lang/String;)Lorg/jruby/runtime/builtin/IRubyObject;+80
j  org.jruby.internal.runtime.methods.DefaultMethod.call(Lorg/jruby/runtime/ThreadContext;Lorg/jruby/runtime/builtin/IRubyObject;Lorg/jruby/RubyModule;Ljava/lang/String;)Lorg/jruby/runtime/builtin/IRubyObject;+20
j  org.jruby.runtime.callsite.CachingCallSite.cacheAndCall(Lorg/jruby/runtime/builtin/IRubyObject;Lorg/jruby/RubyClass;Lorg/jruby/runtime/ThreadContext;Lorg/jruby/runtime/builtin/IRubyObject;)Lorg/jruby/runtime/builtin/IRubyObject;+53
j  org.jruby.runtime.callsite.CachingCallSite.call(Lorg/jruby/runtime/ThreadContext;Lorg/jruby/runtime/builtin/IRubyObject;Lorg/jruby/runtime/builtin/IRubyObject;)Lorg/jruby/runtime/builtin/IRubyObject;+46
j  org.jruby.ast.CallNoArgNode.interpret(Lorg/jruby/Ruby;Lorg/jruby/runtime/ThreadContext;Lorg/jruby/runtime/builtin/IRubyObject;Lorg/jruby/runtime/Block;)Lorg/jruby/runtime/builtin/IRubyObject;+18
j  org.jruby.ast.FCallTwoArgNode.interpret(Lorg/jruby/Ruby;Lorg/jruby/runtime/ThreadContext;Lorg/jruby/runtime/builtin/IRubyObject;Lorg/jruby/runtime/Block;)Lorg/jruby/runtime/builtin/IRubyObject;+28
J  org.jruby.ast.NewlineNode.interpret(Lorg/jruby/Ruby;Lorg/jruby/runtime/ThreadContext;Lorg/jruby/runtime/builtin/IRubyObject;Lorg/jruby/runtime/Block;)Lorg/jruby/runtime/builtin/IRubyObject;
j  org.jruby.ast.BlockNode.interpret(Lorg/jruby/Ruby;Lorg/jruby/runtime/ThreadContext;Lorg/jruby/runtime/builtin/IRubyObject;Lorg/jruby/runtime/Block;)Lorg/jruby/runtime/builtin/IRubyObject;+33
j  org.jruby.evaluator.ASTInterpreter.INTERPRET_METHOD(Lorg/jruby/Ruby;Lorg/jruby/runtime/ThreadContext;Ljava/lang/String;ILorg/jruby/RubyModule;Lorg/jruby/ast/Node;Ljava/lang/String;Lorg/jruby/runtime/builtin/IRubyObject;Lorg/jruby/runtime/Block;Z)Lorg/jruby/runtime/builtin/IRubyObject;+30
j  org.jruby.internal.runtime.methods.InterpretedMethod.call(Lorg/jruby/runtime/ThreadContext;Lorg/jruby/runtime/builtin/IRubyObject;Lorg/jruby/RubyModule;Ljava/lang/String;)Lorg/jruby/runtime/builtin/IRubyObject;+80
j  org.jruby.internal.runtime.methods.DefaultMethod.call(Lorg/jruby/runtime/ThreadContext;Lorg/jruby/runtime/builtin/IRubyObject;Lorg/jruby/RubyModule;Ljava/lang/String;)Lorg/jruby/runtime/builtin/IRubyObject;+20
j  org.jruby.runtime.callsite.CachingCallSite.cacheAndCall(Lorg/jruby/runtime/builtin/IRubyObject;Lorg/jruby/RubyClass;Lorg/jruby/runtime/ThreadContext;Lorg/jruby/runtime/builtin/IRubyObject;)Lorg/jruby/runtime/builtin/IRubyObject;+53
j  org.jruby.runtime.callsite.CachingCallSite.call(Lorg/jruby/runtime/ThreadContext;Lorg/jruby/runtime/builtin/IRubyObject;Lorg/jruby/runtime/builtin/IRubyObject;)Lorg/jruby/runtime/builtin/IRubyObject;+46
j  Makefile.method__2$RUBY$test(LMakefile;Lorg/jruby/runtime/ThreadContext;Lorg/jruby/runtime/builtin/IRubyObject;Lorg/jruby/runtime/Block;)Lorg/jruby/runtime/builtin/IRubyObject;+130
j  Makefile$method__2$RUBY$test.call(Lorg/jruby/runtime/ThreadContext;Lorg/jruby/runtime/builtin/IRubyObject;Lorg/jruby/RubyModule;Ljava/lang/String;Lorg/jruby/runtime/Block;)Lorg/jruby/runtime/builtin/IRubyObject;+17
j  org.jruby.RubyClass.finvoke(Lorg/jruby/runtime/ThreadContext;Lorg/jruby/runtime/builtin/IRubyObject;Ljava/lang/String;Lorg/jruby/runtime/Block;)Lorg/jruby/runtime/builtin/IRubyObject;+41
j  org.jruby.RubyBasicObject.send19(Lorg/jruby/runtime/ThreadContext;Lorg/jruby/runtime/builtin/IRubyObject;Lorg/jruby/runtime/Block;)Lorg/jruby/runtime/builtin/IRubyObject;+15
j  org.jruby.RubyKernel.send19(Lorg/jruby/runtime/ThreadContext;Lorg/jruby/runtime/builtin/IRubyObject;Lorg/jruby/runtime/builtin/IRubyObject;Lorg/jruby/runtime/Block;)Lorg/jruby/runtime/builtin/IRubyObject;+7
j  org.jruby.RubyKernel$INVOKER$s$send19.call(Lorg/jruby/runtime/ThreadContext;Lorg/jruby/runtime/builtin/IRubyObject;Lorg/jruby/RubyModule;Ljava/lang/String;Lorg/jruby/runtime/builtin/IRubyObject;Lorg/jruby/runtime/Block;)Lorg/jruby/runtime/builtin/IRubyObject;+6
j  org.jruby.internal.runtime.methods.JavaMethod$JavaMethodOneOrNBlock.call(Lorg/jruby/runtime/ThreadContext;Lorg/jruby/runtime/builtin/IRubyObject;Lorg/jruby/RubyModule;Ljava/lang/String;Lorg/jruby/runtime/builtin/IRubyObject;)Lorg/jruby/runtime/builtin/IRubyObject;+11
j  org.jruby.runtime.callsite.CachingCallSite.call(Lorg/jruby/runtime/ThreadContext;Lorg/jruby/runtime/builtin/IRubyObject;Lorg/jruby/runtime/builtin/IRubyObject;Lorg/jruby/runtime/builtin/IRubyObject;)Lorg/jruby/runtime/builtin/IRubyObject;+38
j  Makefile.block_6$RUBY$__file__(LMakefile;Lorg/jruby/runtime/ThreadContext;Lorg/jruby/runtime/builtin/IRubyObject;[Lorg/jruby/runtime/builtin/IRubyObject;Lorg/jruby/runtime/Block;)Lorg/jruby/runtime/builtin/IRubyObject;+46
j  Makefile$block_6$RUBY$__file__.call(Lorg/jruby/runtime/ThreadContext;Lorg/jruby/runtime/builtin/IRubyObject;[Lorg/jruby/runtime/builtin/IRubyObject;Lorg/jruby/runtime/Block;)Lorg/jruby/runtime/builtin/IRubyObject;+9
j  org.jruby.runtime.CompiledBlock19.yield(Lorg/jruby/runtime/ThreadContext;Lorg/jruby/runtime/builtin/IRubyObject;Lorg/jruby/runtime/Binding;Lorg/jruby/runtime/Block$Type;)Lorg/jruby/runtime/builtin/IRubyObject;+52
j  org.jruby.runtime.Block.yield(Lorg/jruby/runtime/ThreadContext;Lorg/jruby/runtime/builtin/IRubyObject;)Lorg/jruby/runtime/builtin/IRubyObject;+14
j  org.jruby.RubyArray.eachCommon(Lorg/jruby/runtime/ThreadContext;Lorg/jruby/runtime/Block;)Lorg/jruby/runtime/builtin/IRubyObject;+41
j  org.jruby.RubyArray.each(Lorg/jruby/runtime/ThreadContext;Lorg/jruby/runtime/Block;)Lorg/jruby/runtime/builtin/IRubyObject;+10
j  org.jruby.RubyArray$INVOKER$i$0$0$each.call(Lorg/jruby/runtime/ThreadContext;Lorg/jruby/runtime/builtin/IRubyObject;Lorg/jruby/RubyModule;Ljava/lang/String;Lorg/jruby/runtime/Block;)Lorg/jruby/runtime/builtin/IRubyObject;+7
j  org.jruby.runtime.callsite.CachingCallSite.cacheAndCall(Lorg/jruby/runtime/builtin/IRubyObject;Lorg/jruby/RubyClass;Lorg/jruby/runtime/Block;Lorg/jruby/runtime/ThreadContext;Lorg/jruby/runtime/builtin/IRubyObject;)Lorg/jruby/runtime/builtin/IRubyObject;+57
j  org.jruby.runtime.callsite.CachingCallSite.callBlock(Lorg/jruby/runtime/ThreadContext;Lorg/jruby/runtime/builtin/IRubyObject;Lorg/jruby/runtime/builtin/IRubyObject;Lorg/jruby/runtime/Block;)Lorg/jruby/runtime/builtin/IRubyObject;+50
j  org.jruby.runtime.callsite.CachingCallSite.callIter(Lorg/jruby/runtime/ThreadContext;Lorg/jruby/runtime/builtin/IRubyObject;Lorg/jruby/runtime/builtin/IRubyObject;Lorg/jruby/runtime/Block;)Lorg/jruby/runtime/builtin/IRubyObject;+6
j  Makefile.__file__(LMakefile;Lorg/jruby/runtime/ThreadContext;Lorg/jruby/runtime/builtin/IRubyObject;[Lorg/jruby/runtime/builtin/IRubyObject;Lorg/jruby/runtime/Block;)Lorg/jruby/runtime/builtin/IRubyObject;+859
j  Makefile.load(Lorg/jruby/runtime/ThreadContext;Lorg/jruby/runtime/builtin/IRubyObject;Z)Lorg/jruby/runtime/builtin/IRubyObject;+22
j  org.jruby.Ruby.runScript(Lorg/jruby/ast/executable/Script;Z)Lorg/jruby/runtime/builtin/IRubyObject;+12
j  org.jruby.Ruby.runScript(Lorg/jruby/ast/executable/Script;)Lorg/jruby/runtime/builtin/IRubyObject;+3
j  org.jruby.Ruby.runNormally(Lorg/jruby/ast/Node;)Lorg/jruby/runtime/builtin/IRubyObject;+73
j  org.jruby.Ruby.runFromMain(Ljava/io/InputStream;Ljava/lang/String;)V+320
j  org.jruby.Main.doRunFromMain(Lorg/jruby/Ruby;Ljava/io/InputStream;Ljava/lang/String;)Lorg/jruby/Main$Status;+12
j  org.jruby.Main.internalRun()Lorg/jruby/Main$Status;+234
j  org.jruby.Main.run([Ljava/lang/String;)Lorg/jruby/Main$Status;+9
j  org.jruby.Main.main([Ljava/lang/String;)V+35
v  ~StubRoutines::call_stub

---------------  P R O C E S S  ---------------

Java Threads: ( => current thread )
  0x00007ffc2c44a800 JavaThread "JRubyJIT-2" daemon [_thread_blocked, id=3616, stack(0x00007ffbf339a000,0x00007ffbf359b000)]
  0x00007ffc2c448800 JavaThread "process reaper" daemon [_thread_blocked, id=3549, stack(0x00007ffc2804d000,0x00007ffc28086000)]
  0x00007ffc2c420800 JavaThread "JRubyJIT-1" daemon [_thread_blocked, id=3546, stack(0x00007ffbf379c000,0x00007ffbf399d000)]
  0x00007ffc2c0ad000 JavaThread "Service Thread" daemon [_thread_blocked, id=3544, stack(0x00007ffc19528000,0x00007ffc19729000)]
  0x00007ffc2c0aa800 JavaThread "C2 CompilerThread1" daemon [_thread_blocked, id=3543, stack(0x00007ffc19729000,0x00007ffc1982a000)]
  0x00007ffc2c0a7800 JavaThread "C2 CompilerThread0" daemon [_thread_blocked, id=3542, stack(0x00007ffc1982a000,0x00007ffc1992b000)]
  0x00007ffc2c0a5800 JavaThread "Signal Dispatcher" daemon [_thread_blocked, id=3541, stack(0x00007ffc1992b000,0x00007ffc19b2c000)]
  0x00007ffc2c082800 JavaThread "Finalizer" daemon [_thread_blocked, id=3540, stack(0x00007ffc19f26000,0x00007ffc1a127000)]
  0x00007ffc2c080800 JavaThread "Reference Handler" daemon [_thread_blocked, id=3539, stack(0x00007ffc1a127000,0x00007ffc1a328000)]
=>0x00007ffc2c00a800 JavaThread "main" [_thread_in_native, id=3533, stack(0x00007ffc3146d000,0x00007ffc3166e000)]

Other Threads:
  0x00007ffc2c07c800 VMThread [stack: 0x00007ffc1a328000,0x00007ffc1a429000] [id=3538]
  0x00007ffc2c0b7800 WatcherThread [stack: 0x00007ffc19427000,0x00007ffc19528000] [id=3545]

VM state:not at safepoint (normal execution)

VM Mutex/Monitor currently owned by a thread: None

Heap
 PSYoungGen      total 33280K, used 14451K [0x00000000f5900000, 0x00000000f7c00000, 0x0000000100000000)
  eden space 30720K, 38% used [0x00000000f5900000,0x00000000f649f780,0x00000000f7700000)
  from space 2560K, 99% used [0x00000000f7980000,0x00000000f7bfd528,0x00000000f7c00000)
  to   space 2560K, 0% used [0x00000000f7700000,0x00000000f7700000,0x00000000f7980000)
 ParOldGen       total 39936K, used 5363K [0x00000000e0c00000, 0x00000000e3300000, 0x00000000f5900000)
  object space 39936K, 13% used [0x00000000e0c00000,0x00000000e113cef8,0x00000000e3300000)
 PSPermGen       total 25600K, used 25426K [0x00000000d6600000, 0x00000000d7f00000, 0x00000000e0c00000)
  object space 25600K, 99% used [0x00000000d6600000,0x00000000d7ed4890,0x00000000d7f00000)

Card table byte_map: [0x00007ffc30293000,0x00007ffc303e1000] byte_map_base: 0x00007ffc2fbe0000

Polling page: 0x00007ffc33a7b000

Code Cache  [0x00007ffc29000000, 0x00007ffc29270000, 0x00007ffc2c000000)
 total_blobs=818 nmethods=339 adapters=433 free_code_cache=47593Kb largest_free_block=48703360

Compilation events (10 events):
Event: 3,269 Thread 0x00007ffc2c0aa800 nmethod 335 0x00007ffc2917e8d0 code [0x00007ffc2917ebc0, 0x00007ffc2917f708]
Event: 3,295 Thread 0x00007ffc2c0a7800  342             org.jruby.runtime.Frame::setVisibility (6 bytes)
Event: 3,295 Thread 0x00007ffc2c0a7800 nmethod 342 0x00007ffc2917e6d0 code [0x00007ffc2917e800, 0x00007ffc2917e878]
Event: 3,298 Thread 0x00007ffc2c0aa800  343             org.jruby.ast.LocalVarNode::getIndex (8 bytes)
Event: 3,298 Thread 0x00007ffc2c0a7800  344             org.jruby.ast.LocalVarNode::getDepth (8 bytes)
Event: 3,298 Thread 0x00007ffc2c0aa800 nmethod 343 0x00007ffc29180890 code [0x00007ffc291809c0, 0x00007ffc29180a18]
Event: 3,298 Thread 0x00007ffc2c0a7800 nmethod 344 0x00007ffc29180650 code [0x00007ffc29180780, 0x00007ffc291807d8]
Event: 3,298 Thread 0x00007ffc2c0aa800  345             org.jruby.ast.LocalVarNode::interpret (32 bytes)
Event: 3,299 Thread 0x00007ffc2c0a7800  346             org.jruby.runtime.callsite.CachingCallSite::call (58 bytes)
Event: 3,300 Thread 0x00007ffc2c0aa800 nmethod 345 0x00007ffc2917e310 code [0x00007ffc2917e460, 0x00007ffc2917e558]

GC Heap History (4 events):
Event: 1,339 GC heap before
{Heap before GC invocations=1 (full 0):
 PSYoungGen      total 17920K, used 15360K [0x00000000f5900000, 0x00000000f6d00000, 0x0000000100000000)
  eden space 15360K, 100% used [0x00000000f5900000,0x00000000f6800000,0x00000000f6800000)
  from space 2560K, 0% used [0x00000000f6a80000,0x00000000f6a80000,0x00000000f6d00000)
  to   space 2560K, 0% used [0x00000000f6800000,0x00000000f6800000,0x00000000f6a80000)
 ParOldGen       total 39936K, used 0K [0x00000000e0c00000, 0x00000000e3300000, 0x00000000f5900000)
  object space 39936K, 0% used [0x00000000e0c00000,0x00000000e0c00000,0x00000000e3300000)
 PSPermGen       total 21504K, used 19066K [0x00000000d6600000, 0x00000000d7b00000, 0x00000000e0c00000)
  object space 21504K, 88% used [0x00000000d6600000,0x00000000d789eba0,0x00000000d7b00000)
Event: 1,354 GC heap after
Heap after GC invocations=1 (full 0):
 PSYoungGen      total 17920K, used 2549K [0x00000000f5900000, 0x00000000f7c00000, 0x0000000100000000)
  eden space 15360K, 0% used [0x00000000f5900000,0x00000000f5900000,0x00000000f6800000)
  from space 2560K, 99% used [0x00000000f6800000,0x00000000f6a7d4b8,0x00000000f6a80000)
  to   space 2560K, 0% used [0x00000000f7980000,0x00000000f7980000,0x00000000f7c00000)
 ParOldGen       total 39936K, used 3296K [0x00000000e0c00000, 0x00000000e3300000, 0x00000000f5900000)
  object space 39936K, 8% used [0x00000000e0c00000,0x00000000e0f38100,0x00000000e3300000)
 PSPermGen       total 21504K, used 19066K [0x00000000d6600000, 0x00000000d7b00000, 0x00000000e0c00000)
  object space 21504K, 88% used [0x00000000d6600000,0x00000000d789eba0,0x00000000d7b00000)
}
Event: 2,420 GC heap before
{Heap before GC invocations=2 (full 0):
 PSYoungGen      total 17920K, used 17909K [0x00000000f5900000, 0x00000000f7c00000, 0x0000000100000000)
  eden space 15360K, 100% used [0x00000000f5900000,0x00000000f6800000,0x00000000f6800000)
  from space 2560K, 99% used [0x00000000f6800000,0x00000000f6a7d4b8,0x00000000f6a80000)
  to   space 2560K, 0% used [0x00000000f7980000,0x00000000f7980000,0x00000000f7c00000)
 ParOldGen       total 39936K, used 3296K [0x00000000e0c00000, 0x00000000e3300000, 0x00000000f5900000)
  object space 39936K, 8% used [0x00000000e0c00000,0x00000000e0f38100,0x00000000e3300000)
 PSPermGen       total 23552K, used 23549K [0x00000000d6600000, 0x00000000d7d00000, 0x00000000e0c00000)
  object space 23552K, 99% used [0x00000000d6600000,0x00000000d7cff670,0x00000000d7d00000)
Event: 2,441 GC heap after
Heap after GC invocations=2 (full 0):
 PSYoungGen      total 33280K, used 2549K [0x00000000f5900000, 0x00000000f7c00000, 0x0000000100000000)
  eden space 30720K, 0% used [0x00000000f5900000,0x00000000f5900000,0x00000000f7700000)
  from space 2560K, 99% used [0x00000000f7980000,0x00000000f7bfd528,0x00000000f7c00000)
  to   space 2560K, 0% used [0x00000000f7700000,0x00000000f7700000,0x00000000f7980000)
 ParOldGen       total 39936K, used 5363K [0x00000000e0c00000, 0x00000000e3300000, 0x00000000f5900000)
  object space 39936K, 13% used [0x00000000e0c00000,0x00000000e113cef8,0x00000000e3300000)
 PSPermGen       total 23552K, used 23549K [0x00000000d6600000, 0x00000000d7d00000, 0x00000000e0c00000)
  object space 23552K, 99% used [0x00000000d6600000,0x00000000d7cff670,0x00000000d7d00000)
}

Deoptimization events (10 events):
Event: 2,285 Thread 0x00007ffc2c00a800 Uncommon trap: reason=class_check action=maybe_recompile pc=0x00007ffc290942b4 method=java.util.concurrent.ConcurrentHashMap$Segment.put(Ljava/lang/Object;ILjava/lang/Object;Z)Ljava/lang/Object; @ 77
Event: 2,298 Thread 0x00007ffc2c00a800 Uncommon trap: reason=class_check action=maybe_recompile pc=0x00007ffc290942b4 method=java.util.concurrent.ConcurrentHashMap$Segment.put(Ljava/lang/Object;ILjava/lang/Object;Z)Ljava/lang/Object; @ 77
Event: 2,312 Thread 0x00007ffc2c44a800 Uncommon trap: reason=null_check action=make_not_entrant pc=0x00007ffc2912306c method=org.jruby.internal.runtime.ThreadService.getCurrentContext()Lorg/jruby/runtime/ThreadContext; @ 15
Event: 2,925 Thread 0x00007ffc2c00a800 Uncommon trap: reason=unreached action=reinterpret pc=0x00007ffc29146c74 method=java.util.concurrent.locks.AbstractQueuedSynchronizer.release(I)Z @ 14
Event: 2,925 Thread 0x00007ffc2c420800 Uncommon trap: reason=unreached action=reinterpret pc=0x00007ffc29146fcc method=java.util.concurrent.locks.AbstractQueuedSynchronizer.release(I)Z @ 14
Event: 2,948 Thread 0x00007ffc2c00a800 Uncommon trap: reason=unreached action=reinterpret pc=0x00007ffc2911ffe8 method=org.jruby.parser.ParserSupport.checkExpression(Lorg/jruby/ast/Node;)Z @ 3
Event: 3,278 Thread 0x00007ffc2c00a800 Uncommon trap: reason=bimorphic action=maybe_recompile pc=0x00007ffc29180308 method=org.jruby.runtime.scope.OneVarDynamicScope.getValue(II)Lorg/jruby/runtime/builtin/IRubyObject; @ 12
Event: 3,278 Thread 0x00007ffc2c00a800 Uncommon trap: reason=bimorphic action=maybe_recompile pc=0x00007ffc29180308 method=org.jruby.runtime.scope.OneVarDynamicScope.getValue(II)Lorg/jruby/runtime/builtin/IRubyObject; @ 12
Event: 3,278 Thread 0x00007ffc2c00a800 Uncommon trap: reason=bimorphic action=maybe_recompile pc=0x00007ffc29180308 method=org.jruby.runtime.scope.OneVarDynamicScope.getValue(II)Lorg/jruby/runtime/builtin/IRubyObject; @ 12
Event: 3,278 Thread 0x00007ffc2c00a800 Uncommon trap: reason=bimorphic action=maybe_recompile pc=0x00007ffc29180308 method=org.jruby.runtime.scope.OneVarDynamicScope.getValue(II)Lorg/jruby/runtime/builtin/IRubyObject; @ 12

Internal exceptions (10 events):
Event: 2,926 Thread 0x00007ffc2c420800 Threw 0x00000000f6168058 at /build/buildd/openjdk-7-7u51-2.4.4/build/openjdk/hotspot/src/share/vm/prims/jvm.cpp:1244
Event: 2,926 Thread 0x00007ffc2c420800 Threw 0x00000000f61690c8 at /build/buildd/openjdk-7-7u51-2.4.4/build/openjdk/hotspot/src/share/vm/prims/jvm.cpp:1244
Event: 3,132 Thread 0x00007ffc2c44a800 Threw 0x00000000f615a810 at /build/buildd/openjdk-7-7u51-2.4.4/build/openjdk/hotspot/src/share/vm/prims/jvm.cpp:1244
Event: 3,132 Thread 0x00007ffc2c44a800 Threw 0x00000000f615b8b0 at /build/buildd/openjdk-7-7u51-2.4.4/build/openjdk/hotspot/src/share/vm/prims/jvm.cpp:1244
Event: 3,191 Thread 0x00007ffc2c420800 Threw 0x00000000f61a8730 at /build/buildd/openjdk-7-7u51-2.4.4/build/openjdk/hotspot/src/share/vm/prims/jvm.cpp:1244
Event: 3,191 Thread 0x00007ffc2c44a800 Threw 0x00000000f636c3a8 at /build/buildd/openjdk-7-7u51-2.4.4/build/openjdk/hotspot/src/share/vm/prims/jvm.cpp:1244
Event: 3,191 Thread 0x00007ffc2c44a800 Threw 0x00000000f636d4a8 at /build/buildd/openjdk-7-7u51-2.4.4/build/openjdk/hotspot/src/share/vm/prims/jvm.cpp:1244
Event: 3,191 Thread 0x00007ffc2c420800 Threw 0x00000000f61a9830 at /build/buildd/openjdk-7-7u51-2.4.4/build/openjdk/hotspot/src/share/vm/prims/jvm.cpp:1244
Event: 3,195 Thread 0x00007ffc2c44a800 Threw 0x00000000f63bd2b8 at /build/buildd/openjdk-7-7u51-2.4.4/build/openjdk/hotspot/src/share/vm/prims/jvm.cpp:1244
Event: 3,195 Thread 0x00007ffc2c44a800 Threw 0x00000000f63be460 at /build/buildd/openjdk-7-7u51-2.4.4/build/openjdk/hotspot/src/share/vm/prims/jvm.cpp:1244

Events (10 events):
Event: 3,278 Thread 0x00007ffc2c00a800 DEOPT UNPACKING pc=0x00007ffc29039045 sp=0x00007ffc3166a6d8 mode 2
Event: 3,278 Thread 0x00007ffc2c00a800 Uncommon trap: trap_request=0xffffffc6 fr.pc=0x00007ffc29180308
Event: 3,278 Thread 0x00007ffc2c00a800 DEOPT PACKING pc=0x00007ffc29180308 sp=0x00007ffc3166a720
Event: 3,278 Thread 0x00007ffc2c00a800 DEOPT UNPACKING pc=0x00007ffc29039045 sp=0x00007ffc3166a6d8 mode 2
Event: 3,278 Thread 0x00007ffc2c00a800 Uncommon trap: trap_request=0xffffffc6 fr.pc=0x00007ffc29180308
Event: 3,278 Thread 0x00007ffc2c00a800 DEOPT PACKING pc=0x00007ffc29180308 sp=0x00007ffc3166a720
Event: 3,278 Thread 0x00007ffc2c00a800 DEOPT UNPACKING pc=0x00007ffc29039045 sp=0x00007ffc3166a6d8 mode 2
Event: 3,278 Thread 0x00007ffc2c00a800 Uncommon trap: trap_request=0xffffffc6 fr.pc=0x00007ffc29180308
Event: 3,278 Thread 0x00007ffc2c00a800 DEOPT PACKING pc=0x00007ffc29180308 sp=0x00007ffc3166a720
Event: 3,278 Thread 0x00007ffc2c00a800 DEOPT UNPACKING pc=0x00007ffc29039045 sp=0x00007ffc3166a6d8 mode 2


Dynamic libraries:
00400000-00401000 r-xp 00000000 08:05 12322450                           /usr/lib/jvm/java-7-openjdk-amd64/jre/bin/java
00600000-00601000 r--p 00000000 08:05 12322450                           /usr/lib/jvm/java-7-openjdk-amd64/jre/bin/java
00601000-00602000 rw-p 00001000 08:05 12322450                           /usr/lib/jvm/java-7-openjdk-amd64/jre/bin/java
0065d000-0067e000 rw-p 00000000 00:00 0                                  [heap]
d6600000-d7f00000 rw-p 00000000 00:00 0 
d7f00000-e0c00000 rw-p 00000000 00:00 0 
e0c00000-e3300000 rw-p 00000000 00:00 0 
e3300000-f5900000 rw-p 00000000 00:00 0 
f5900000-f7c00000 rw-p 00000000 00:00 0 
f7c00000-100000000 rw-p 00000000 00:00 0 
7ffbdc000000-7ffbdc021000 rw-p 00000000 00:00 0 
7ffbdc021000-7ffbe0000000 ---p 00000000 00:00 0 
7ffbe0000000-7ffbe0021000 rw-p 00000000 00:00 0 
7ffbe0021000-7ffbe4000000 ---p 00000000 00:00 0 
7ffbe4000000-7ffbe4021000 rw-p 00000000 00:00 0 
7ffbe4021000-7ffbe8000000 ---p 00000000 00:00 0 
7ffbe8000000-7ffbe8021000 rw-p 00000000 00:00 0 
7ffbe8021000-7ffbec000000 ---p 00000000 00:00 0 
7ffbec000000-7ffbec027000 rw-p 00000000 00:00 0 
7ffbec027000-7ffbf0000000 ---p 00000000 00:00 0 
7ffbf2b91000-7ffbf2b93000 r-xp 00000000 08:05 16777784                   /home/luis/practica01/src/lib/libconvex_hull.so
7ffbf2b93000-7ffbf2d92000 ---p 00002000 08:05 16777784                   /home/luis/practica01/src/lib/libconvex_hull.so
7ffbf2d92000-7ffbf2d93000 r--p 00001000 08:05 16777784                   /home/luis/practica01/src/lib/libconvex_hull.so
7ffbf2d93000-7ffbf2d94000 rw-p 00002000 08:05 16777784                   /home/luis/practica01/src/lib/libconvex_hull.so
7ffbf2d94000-7ffbf2d96000 r-xp 00000000 08:05 16777738                   /home/luis/practica01/src/lib/libdouble_linked_list.so
7ffbf2d96000-7ffbf2f95000 ---p 00002000 08:05 16777738                   /home/luis/practica01/src/lib/libdouble_linked_list.so
7ffbf2f95000-7ffbf2f96000 r--p 00001000 08:05 16777738                   /home/luis/practica01/src/lib/libdouble_linked_list.so
7ffbf2f96000-7ffbf2f97000 rw-p 00002000 08:05 16777738                   /home/luis/practica01/src/lib/libdouble_linked_list.so
7ffbf2f97000-7ffbf2f98000 r-xp 00000000 08:05 16777737                   /home/luis/practica01/src/lib/lib2d_points.so
7ffbf2f98000-7ffbf3197000 ---p 00001000 08:05 16777737                   /home/luis/practica01/src/lib/lib2d_points.so
7ffbf3197000-7ffbf3198000 r--p 00000000 08:05 16777737                   /home/luis/practica01/src/lib/lib2d_points.so
7ffbf3198000-7ffbf3199000 rw-p 00001000 08:05 16777737                   /home/luis/practica01/src/lib/lib2d_points.so
7ffbf3199000-7ffbf319c000 ---p 00000000 00:00 0 
7ffbf319c000-7ffbf339a000 rw-p 00000000 00:00 0 
7ffbf339a000-7ffbf339d000 ---p 00000000 00:00 0 
7ffbf339d000-7ffbf359b000 rw-p 00000000 00:00 0                          [stack:3616]
7ffbf359b000-7ffbf359e000 ---p 00000000 00:00 0 
7ffbf359e000-7ffbf379c000 rw-p 00000000 00:00 0 
7ffbf379c000-7ffbf379f000 ---p 00000000 00:00 0 
7ffbf379f000-7ffbf399d000 rw-p 00000000 00:00 0                          [stack:3546]
7ffbf399d000-7ffbf39af000 r-xp 00000000 08:05 16253453                   /home/luis/.rbenv/versions/jruby-1.7.10/lib/jni/x86_64-Linux/libjffi-1.2.so
7ffbf39af000-7ffbf3bae000 ---p 00012000 08:05 16253453                   /home/luis/.rbenv/versions/jruby-1.7.10/lib/jni/x86_64-Linux/libjffi-1.2.so
7ffbf3bae000-7ffbf3baf000 rw-p 00011000 08:05 16253453                   /home/luis/.rbenv/versions/jruby-1.7.10/lib/jni/x86_64-Linux/libjffi-1.2.so
7ffbf3baf000-7ffbf3bbf000 r-xp 00000000 08:05 12322344                   /usr/lib/jvm/java-7-openjdk-amd64/jre/lib/amd64/libnio.so
7ffbf3bbf000-7ffbf3dbf000 ---p 00010000 08:05 12322344                   /usr/lib/jvm/java-7-openjdk-amd64/jre/lib/amd64/libnio.so
7ffbf3dbf000-7ffbf3dc0000 r--p 00010000 08:05 12322344                   /usr/lib/jvm/java-7-openjdk-amd64/jre/lib/amd64/libnio.so
7ffbf3dc0000-7ffbf3dc1000 rw-p 00011000 08:05 12322344                   /usr/lib/jvm/java-7-openjdk-amd64/jre/lib/amd64/libnio.so
7ffbf3dc1000-7ffbf3dfe000 r-xp 00000000 08:05 9834371                    /lib/x86_64-linux-gnu/libpcre.so.3.13.1
7ffbf3dfe000-7ffbf3ffe000 ---p 0003d000 08:05 9834371                    /lib/x86_64-linux-gnu/libpcre.so.3.13.1
7ffbf3ffe000-7ffbf3fff000 r--p 0003d000 08:05 9834371                    /lib/x86_64-linux-gnu/libpcre.so.3.13.1
7ffbf3fff000-7ffbf4000000 rw-p 0003e000 08:05 9834371                    /lib/x86_64-linux-gnu/libpcre.so.3.13.1
7ffbf4000000-7ffbf4021000 rw-p 00000000 00:00 0 
7ffbf4021000-7ffbf8000000 ---p 00000000 00:00 0 
7ffbf8000000-7ffbf8021000 rw-p 00000000 00:00 0 
7ffbf8021000-7ffbfc000000 ---p 00000000 00:00 0 
7ffbfc000000-7ffbfcc19000 rw-p 00000000 00:00 0 
7ffbfcc19000-7ffc00000000 ---p 00000000 00:00 0 
7ffc00000000-7ffc00e06000 rw-p 00000000 00:00 0 
7ffc00e06000-7ffc04000000 ---p 00000000 00:00 0 
7ffc04000000-7ffc04021000 rw-p 00000000 00:00 0 
7ffc04021000-7ffc08000000 ---p 00000000 00:00 0 
7ffc08000000-7ffc08021000 rw-p 00000000 00:00 0 
7ffc08021000-7ffc0c000000 ---p 00000000 00:00 0 
7ffc0c000000-7ffc0c021000 rw-p 00000000 00:00 0 
7ffc0c021000-7ffc10000000 ---p 00000000 00:00 0 
7ffc10000000-7ffc10021000 rw-p 00000000 00:00 0 
7ffc10021000-7ffc14000000 ---p 00000000 00:00 0 
7ffc14000000-7ffc14021000 rw-p 00000000 00:00 0 
7ffc14021000-7ffc18000000 ---p 00000000 00:00 0 
7ffc18113000-7ffc1811a000 r-xp 00000000 08:05 12196946                   /usr/lib/x86_64-linux-gnu/libffi.so.6.0.1
7ffc1811a000-7ffc18319000 ---p 00007000 08:05 12196946                   /usr/lib/x86_64-linux-gnu/libffi.so.6.0.1
7ffc18319000-7ffc1831a000 r--p 00006000 08:05 12196946                   /usr/lib/x86_64-linux-gnu/libffi.so.6.0.1
7ffc1831a000-7ffc1831b000 rw-p 00007000 08:05 12196946                   /usr/lib/x86_64-linux-gnu/libffi.so.6.0.1
7ffc1831b000-7ffc18331000 r-xp 00000000 08:05 9834394                    /lib/x86_64-linux-gnu/libresolv-2.17.so
7ffc18331000-7ffc18531000 ---p 00016000 08:05 9834394                    /lib/x86_64-linux-gnu/libresolv-2.17.so
7ffc18531000-7ffc18532000 r--p 00016000 08:05 9834394                    /lib/x86_64-linux-gnu/libresolv-2.17.so
7ffc18532000-7ffc18533000 rw-p 00017000 08:05 9834394                    /lib/x86_64-linux-gnu/libresolv-2.17.so
7ffc18533000-7ffc18535000 rw-p 00000000 00:00 0 
7ffc18535000-7ffc18554000 r-xp 00000000 08:05 9834398                    /lib/x86_64-linux-gnu/libselinux.so.1
7ffc18554000-7ffc18754000 ---p 0001f000 08:05 9834398                    /lib/x86_64-linux-gnu/libselinux.so.1
7ffc18754000-7ffc18755000 r--p 0001f000 08:05 9834398                    /lib/x86_64-linux-gnu/libselinux.so.1
7ffc18755000-7ffc18756000 rw-p 00020000 08:05 9834398                    /lib/x86_64-linux-gnu/libselinux.so.1
7ffc18756000-7ffc18757000 rw-p 00000000 00:00 0 
7ffc18757000-7ffc1875a000 r-xp 00000000 08:05 12190134                   /usr/lib/x86_64-linux-gnu/libgmodule-2.0.so.0.3800.1
7ffc1875a000-7ffc18959000 ---p 00003000 08:05 12190134                   /usr/lib/x86_64-linux-gnu/libgmodule-2.0.so.0.3800.1
7ffc18959000-7ffc1895a000 r--p 00002000 08:05 12190134                   /usr/lib/x86_64-linux-gnu/libgmodule-2.0.so.0.3800.1
7ffc1895a000-7ffc1895b000 rw-p 00003000 08:05 12190134                   /usr/lib/x86_64-linux-gnu/libgmodule-2.0.so.0.3800.1
7ffc1895b000-7ffc18a59000 r-xp 00000000 08:05 9834386                    /lib/x86_64-linux-gnu/libglib-2.0.so.0.3800.1
7ffc18a59000-7ffc18c59000 ---p 000fe000 08:05 9834386                    /lib/x86_64-linux-gnu/libglib-2.0.so.0.3800.1
7ffc18c59000-7ffc18c5a000 r--p 000fe000 08:05 9834386                    /lib/x86_64-linux-gnu/libglib-2.0.so.0.3800.1
7ffc18c5a000-7ffc18c5b000 rw-p 000ff000 08:05 9834386                    /lib/x86_64-linux-gnu/libglib-2.0.so.0.3800.1
7ffc18c5b000-7ffc18c5c000 rw-p 00000000 00:00 0 
7ffc18c5c000-7ffc18cab000 r-xp 00000000 08:05 12190125                   /usr/lib/x86_64-linux-gnu/libgobject-2.0.so.0.3800.1
7ffc18cab000-7ffc18eab000 ---p 0004f000 08:05 12190125                   /usr/lib/x86_64-linux-gnu/libgobject-2.0.so.0.3800.1
7ffc18eab000-7ffc18eac000 r--p 0004f000 08:05 12190125                   /usr/lib/x86_64-linux-gnu/libgobject-2.0.so.0.3800.1
7ffc18eac000-7ffc18ead000 rw-p 00050000 08:05 12190125                   /usr/lib/x86_64-linux-gnu/libgobject-2.0.so.0.3800.1
7ffc18ead000-7ffc19009000 r-xp 00000000 08:05 12190099                   /usr/lib/x86_64-linux-gnu/libgio-2.0.so.0.3800.1
7ffc19009000-7ffc19208000 ---p 0015c000 08:05 12190099                   /usr/lib/x86_64-linux-gnu/libgio-2.0.so.0.3800.1
7ffc19208000-7ffc1920c000 r--p 0015b000 08:05 12190099                   /usr/lib/x86_64-linux-gnu/libgio-2.0.so.0.3800.1
7ffc1920c000-7ffc1920e000 rw-p 0015f000 08:05 12190099                   /usr/lib/x86_64-linux-gnu/libgio-2.0.so.0.3800.1
7ffc1920e000-7ffc19210000 rw-p 00000000 00:00 0 
7ffc19210000-7ffc19226000 r-xp 00000000 08:05 12322132                   /usr/lib/jvm/java-7-openjdk-amd64/jre/lib/amd64/libnet.so
7ffc19226000-7ffc19425000 ---p 00016000 08:05 12322132                   /usr/lib/jvm/java-7-openjdk-amd64/jre/lib/amd64/libnet.so
7ffc19425000-7ffc19426000 r--p 00015000 08:05 12322132                   /usr/lib/jvm/java-7-openjdk-amd64/jre/lib/amd64/libnet.so
7ffc19426000-7ffc19427000 rw-p 00016000 08:05 12322132                   /usr/lib/jvm/java-7-openjdk-amd64/jre/lib/amd64/libnet.so
7ffc19427000-7ffc19428000 ---p 00000000 00:00 0 
7ffc19428000-7ffc19528000 rw-p 00000000 00:00 0                          [stack:3545]
7ffc19528000-7ffc1952b000 ---p 00000000 00:00 0 
7ffc1952b000-7ffc19729000 rw-p 00000000 00:00 0                          [stack:3544]
7ffc19729000-7ffc1972c000 ---p 00000000 00:00 0 
7ffc1972c000-7ffc1982a000 rw-p 00000000 00:00 0                          [stack:3543]
7ffc1982a000-7ffc1982d000 ---p 00000000 00:00 0 
7ffc1982d000-7ffc1992b000 rw-p 00000000 00:00 0                          [stack:3542]
7ffc1992b000-7ffc1992e000 ---p 00000000 00:00 0 
7ffc1992e000-7ffc19b2c000 rw-p 00000000 00:00 0                          [stack:3541]
7ffc19b2c000-7ffc19f26000 r--p 00000000 08:05 12195384                   /usr/lib/locale/locale-archive
7ffc19f26000-7ffc19f29000 ---p 00000000 00:00 0 
7ffc19f29000-7ffc1a127000 rw-p 00000000 00:00 0                          [stack:3540]
7ffc1a127000-7ffc1a12a000 ---p 00000000 00:00 0 
7ffc1a12a000-7ffc1a328000 rw-p 00000000 00:00 0                          [stack:3539]
7ffc1a328000-7ffc1a329000 ---p 00000000 00:00 0 
7ffc1a329000-7ffc1c000000 rw-p 00000000 00:00 0                          [stack:3538]
7ffc1c000000-7ffc1c021000 rw-p 00000000 00:00 0 
7ffc1c021000-7ffc20000000 ---p 00000000 00:00 0 
7ffc20000000-7ffc20021000 rw-p 00000000 00:00 0 
7ffc20021000-7ffc24000000 ---p 00000000 00:00 0 
7ffc24000000-7ffc24021000 rw-p 00000000 00:00 0 
7ffc24021000-7ffc28000000 ---p 00000000 00:00 0 
7ffc2804d000-7ffc28050000 ---p 00000000 00:00 0 
7ffc28050000-7ffc2895c000 rw-p 00000000 00:00 0                          [stack:3549]
7ffc2895c000-7ffc28a45000 r--s 00bb9000 08:05 16253440                   /home/luis/.rbenv/versions/jruby-1.7.10/lib/jruby.jar
7ffc28a45000-7ffc28a8d000 rw-p 00000000 00:00 0 
7ffc28a8d000-7ffc28c3b000 r--s 01cf4000 08:05 12322430                   /usr/lib/jvm/java-7-openjdk-amd64/jre/lib/rt.jar
7ffc28c3b000-7ffc28dfe000 rw-p 00000000 00:00 0 
7ffc28dfe000-7ffc28dff000 ---p 00000000 00:00 0 
7ffc28dff000-7ffc28eff000 rw-p 00000000 00:00 0                          [stack:3537]
7ffc28eff000-7ffc28f00000 ---p 00000000 00:00 0 
7ffc28f00000-7ffc29000000 rw-p 00000000 00:00 0                          [stack:3536]
7ffc29000000-7ffc29270000 rwxp 00000000 00:00 0 
7ffc29270000-7ffc2c482000 rw-p 00000000 00:00 0 
7ffc2c482000-7ffc30000000 ---p 00000000 00:00 0 
7ffc3000e000-7ffc30091000 rw-p 00000000 00:00 0 
7ffc30091000-7ffc30092000 ---p 00000000 00:00 0 
7ffc30092000-7ffc30192000 rw-p 00000000 00:00 0                          [stack:3535]
7ffc30192000-7ffc30193000 ---p 00000000 00:00 0 
7ffc30193000-7ffc302a0000 rw-p 00000000 00:00 0                          [stack:3534]
7ffc302a0000-7ffc302e6000 rw-p 00000000 00:00 0 
7ffc302e6000-7ffc302fa000 rw-p 00000000 00:00 0 
7ffc302fa000-7ffc3038c000 rw-p 00000000 00:00 0 
7ffc3038c000-7ffc3039e000 rw-p 00000000 00:00 0 
7ffc3039e000-7ffc303e0000 rw-p 00000000 00:00 0 
7ffc303e0000-7ffc303e1000 rw-p 00000000 00:00 0 
7ffc303e1000-7ffc303e9000 r-xp 00000000 08:05 12322081                   /usr/lib/jvm/java-7-openjdk-amd64/jre/lib/amd64/libzip.so
7ffc303e9000-7ffc305e8000 ---p 00008000 08:05 12322081                   /usr/lib/jvm/java-7-openjdk-amd64/jre/lib/amd64/libzip.so
7ffc305e8000-7ffc305e9000 r--p 00007000 08:05 12322081                   /usr/lib/jvm/java-7-openjdk-amd64/jre/lib/amd64/libzip.so
7ffc305e9000-7ffc305ea000 rw-p 00008000 08:05 12322081                   /usr/lib/jvm/java-7-openjdk-amd64/jre/lib/amd64/libzip.so
7ffc305ea000-7ffc305f6000 r-xp 00000000 08:05 9834349                    /lib/x86_64-linux-gnu/libnss_files-2.17.so
7ffc305f6000-7ffc307f5000 ---p 0000c000 08:05 9834349                    /lib/x86_64-linux-gnu/libnss_files-2.17.so
7ffc307f5000-7ffc307f6000 r--p 0000b000 08:05 9834349                    /lib/x86_64-linux-gnu/libnss_files-2.17.so
7ffc307f6000-7ffc307f7000 rw-p 0000c000 08:05 9834349                    /lib/x86_64-linux-gnu/libnss_files-2.17.so
7ffc307f7000-7ffc30802000 r-xp 00000000 08:05 9834353                    /lib/x86_64-linux-gnu/libnss_nis-2.17.so
7ffc30802000-7ffc30a01000 ---p 0000b000 08:05 9834353                    /lib/x86_64-linux-gnu/libnss_nis-2.17.so
7ffc30a01000-7ffc30a02000 r--p 0000a000 08:05 9834353                    /lib/x86_64-linux-gnu/libnss_nis-2.17.so
7ffc30a02000-7ffc30a03000 rw-p 0000b000 08:05 9834353                    /lib/x86_64-linux-gnu/libnss_nis-2.17.so
7ffc30a03000-7ffc30a1a000 r-xp 00000000 08:05 9834343                    /lib/x86_64-linux-gnu/libnsl-2.17.so
7ffc30a1a000-7ffc30c19000 ---p 00017000 08:05 9834343                    /lib/x86_64-linux-gnu/libnsl-2.17.so
7ffc30c19000-7ffc30c1a000 r--p 00016000 08:05 9834343                    /lib/x86_64-linux-gnu/libnsl-2.17.so
7ffc30c1a000-7ffc30c1b000 rw-p 00017000 08:05 9834343                    /lib/x86_64-linux-gnu/libnsl-2.17.so
7ffc30c1b000-7ffc30c1d000 rw-p 00000000 00:00 0 
7ffc30c1d000-7ffc30c25000 r-xp 00000000 08:05 9834345                    /lib/x86_64-linux-gnu/libnss_compat-2.17.so
7ffc30c25000-7ffc30e24000 ---p 00008000 08:05 9834345                    /lib/x86_64-linux-gnu/libnss_compat-2.17.so
7ffc30e24000-7ffc30e25000 r--p 00007000 08:05 9834345                    /lib/x86_64-linux-gnu/libnss_compat-2.17.so
7ffc30e25000-7ffc30e26000 rw-p 00008000 08:05 9834345                    /lib/x86_64-linux-gnu/libnss_compat-2.17.so
7ffc30e26000-7ffc30e51000 r-xp 00000000 08:05 12322007                   /usr/lib/jvm/java-7-openjdk-amd64/jre/lib/amd64/libjava.so
7ffc30e51000-7ffc31050000 ---p 0002b000 08:05 12322007                   /usr/lib/jvm/java-7-openjdk-amd64/jre/lib/amd64/libjava.so
7ffc31050000-7ffc31051000 r--p 0002a000 08:05 12322007                   /usr/lib/jvm/java-7-openjdk-amd64/jre/lib/amd64/libjava.so
7ffc31051000-7ffc31053000 rw-p 0002b000 08:05 12322007                   /usr/lib/jvm/java-7-openjdk-amd64/jre/lib/amd64/libjava.so
7ffc31053000-7ffc31063000 r-xp 00000000 08:05 12322321                   /usr/lib/jvm/java-7-openjdk-amd64/jre/lib/amd64/libverify.so
7ffc31063000-7ffc31262000 ---p 00010000 08:05 12322321                   /usr/lib/jvm/java-7-openjdk-amd64/jre/lib/amd64/libverify.so
7ffc31262000-7ffc31264000 r--p 0000f000 08:05 12322321                   /usr/lib/jvm/java-7-openjdk-amd64/jre/lib/amd64/libverify.so
7ffc31264000-7ffc31265000 rw-p 00011000 08:05 12322321                   /usr/lib/jvm/java-7-openjdk-amd64/jre/lib/amd64/libverify.so
7ffc31265000-7ffc3126c000 r-xp 00000000 08:05 9834396                    /lib/x86_64-linux-gnu/librt-2.17.so
7ffc3126c000-7ffc3146b000 ---p 00007000 08:05 9834396                    /lib/x86_64-linux-gnu/librt-2.17.so
7ffc3146b000-7ffc3146c000 r--p 00006000 08:05 9834396                    /lib/x86_64-linux-gnu/librt-2.17.so
7ffc3146c000-7ffc3146d000 rw-p 00007000 08:05 9834396                    /lib/x86_64-linux-gnu/librt-2.17.so
7ffc3146d000-7ffc31470000 ---p 00000000 00:00 0 
7ffc31470000-7ffc3166e000 rw-p 00000000 00:00 0                          [stack:3533]
7ffc3166e000-7ffc31683000 r-xp 00000000 08:05 9830413                    /lib/x86_64-linux-gnu/libgcc_s.so.1
7ffc31683000-7ffc31882000 ---p 00015000 08:05 9830413                    /lib/x86_64-linux-gnu/libgcc_s.so.1
7ffc31882000-7ffc31883000 r--p 00014000 08:05 9830413                    /lib/x86_64-linux-gnu/libgcc_s.so.1
7ffc31883000-7ffc31884000 rw-p 00015000 08:05 9830413                    /lib/x86_64-linux-gnu/libgcc_s.so.1
7ffc31884000-7ffc31987000 r-xp 00000000 08:05 9834324                    /lib/x86_64-linux-gnu/libm-2.17.so
7ffc31987000-7ffc31b86000 ---p 00103000 08:05 9834324                    /lib/x86_64-linux-gnu/libm-2.17.so
7ffc31b86000-7ffc31b87000 r--p 00102000 08:05 9834324                    /lib/x86_64-linux-gnu/libm-2.17.so
7ffc31b87000-7ffc31b88000 rw-p 00103000 08:05 9834324                    /lib/x86_64-linux-gnu/libm-2.17.so
7ffc31b88000-7ffc31c6e000 r-xp 00000000 08:05 12190887                   /usr/lib/x86_64-linux-gnu/libstdc++.so.6.0.18
7ffc31c6e000-7ffc31e6d000 ---p 000e6000 08:05 12190887                   /usr/lib/x86_64-linux-gnu/libstdc++.so.6.0.18
7ffc31e6d000-7ffc31e75000 r--p 000e5000 08:05 12190887                   /usr/lib/x86_64-linux-gnu/libstdc++.so.6.0.18
7ffc31e75000-7ffc31e77000 rw-p 000ed000 08:05 12190887                   /usr/lib/x86_64-linux-gnu/libstdc++.so.6.0.18
7ffc31e77000-7ffc31e8c000 rw-p 00000000 00:00 0 
7ffc31e8c000-7ffc3296b000 r-xp 00000000 08:05 12322340                   /usr/lib/jvm/java-7-openjdk-amd64/jre/lib/amd64/server/libjvm.so
7ffc3296b000-7ffc32b6a000 ---p 00adf000 08:05 12322340                   /usr/lib/jvm/java-7-openjdk-amd64/jre/lib/amd64/server/libjvm.so
7ffc32b6a000-7ffc32bfc000 r--p 00ade000 08:05 12322340                   /usr/lib/jvm/java-7-openjdk-amd64/jre/lib/amd64/server/libjvm.so
7ffc32bfc000-7ffc32c1f000 rw-p 00b70000 08:05 12322340                   /usr/lib/jvm/java-7-openjdk-amd64/jre/lib/amd64/server/libjvm.so
7ffc32c1f000-7ffc32c4c000 rw-p 00000000 00:00 0 
7ffc32c4c000-7ffc32c64000 r-xp 00000000 08:05 9834431                    /lib/x86_64-linux-gnu/libz.so.1.2.8
7ffc32c64000-7ffc32e63000 ---p 00018000 08:05 9834431                    /lib/x86_64-linux-gnu/libz.so.1.2.8
7ffc32e63000-7ffc32e64000 r--p 00017000 08:05 9834431                    /lib/x86_64-linux-gnu/libz.so.1.2.8
7ffc32e64000-7ffc32e65000 rw-p 00018000 08:05 9834431                    /lib/x86_64-linux-gnu/libz.so.1.2.8
7ffc32e65000-7ffc32e7c000 r-xp 00000000 08:05 9834388                    /lib/x86_64-linux-gnu/libpthread-2.17.so
7ffc32e7c000-7ffc3307c000 ---p 00017000 08:05 9834388                    /lib/x86_64-linux-gnu/libpthread-2.17.so
7ffc3307c000-7ffc3307d000 r--p 00017000 08:05 9834388                    /lib/x86_64-linux-gnu/libpthread-2.17.so
7ffc3307d000-7ffc3307e000 rw-p 00018000 08:05 9834388                    /lib/x86_64-linux-gnu/libpthread-2.17.so
7ffc3307e000-7ffc33082000 rw-p 00000000 00:00 0 
7ffc33082000-7ffc33085000 r-xp 00000000 08:05 9834288                    /lib/x86_64-linux-gnu/libdl-2.17.so
7ffc33085000-7ffc33284000 ---p 00003000 08:05 9834288                    /lib/x86_64-linux-gnu/libdl-2.17.so
7ffc33284000-7ffc33285000 r--p 00002000 08:05 9834288                    /lib/x86_64-linux-gnu/libdl-2.17.so
7ffc33285000-7ffc33286000 rw-p 00003000 08:05 9834288                    /lib/x86_64-linux-gnu/libdl-2.17.so
7ffc33286000-7ffc33443000 r-xp 00000000 08:05 9834273                    /lib/x86_64-linux-gnu/libc-2.17.so
7ffc33443000-7ffc33643000 ---p 001bd000 08:05 9834273                    /lib/x86_64-linux-gnu/libc-2.17.so
7ffc33643000-7ffc33647000 r--p 001bd000 08:05 9834273                    /lib/x86_64-linux-gnu/libc-2.17.so
7ffc33647000-7ffc33649000 rw-p 001c1000 08:05 9834273                    /lib/x86_64-linux-gnu/libc-2.17.so
7ffc33649000-7ffc3364e000 rw-p 00000000 00:00 0 
7ffc3364e000-7ffc3365b000 r-xp 00000000 08:05 12322347                   /usr/lib/jvm/java-7-openjdk-amd64/jre/lib/amd64/jli/libjli.so
7ffc3365b000-7ffc3385a000 ---p 0000d000 08:05 12322347                   /usr/lib/jvm/java-7-openjdk-amd64/jre/lib/amd64/jli/libjli.so
7ffc3385a000-7ffc3385b000 r--p 0000c000 08:05 12322347                   /usr/lib/jvm/java-7-openjdk-amd64/jre/lib/amd64/jli/libjli.so
7ffc3385b000-7ffc3385c000 rw-p 0000d000 08:05 12322347                   /usr/lib/jvm/java-7-openjdk-amd64/jre/lib/amd64/jli/libjli.so
7ffc3385c000-7ffc3387f000 r-xp 00000000 08:05 9834249                    /lib/x86_64-linux-gnu/ld-2.17.so
7ffc33884000-7ffc33885000 rw-p 00000000 00:00 0 
7ffc33885000-7ffc33886000 r-xp 00000000 00:00 0 
7ffc33886000-7ffc3388d000 r--s 00000000 08:05 12588976                   /usr/lib/x86_64-linux-gnu/gconv/gconv-modules.cache
7ffc3388d000-7ffc33892000 r--s 0004c000 08:05 12322352                   /usr/lib/jvm/java-7-openjdk-amd64/jre/lib/jsse.jar
7ffc33892000-7ffc33895000 r--s 00032000 08:05 12322366                   /usr/lib/jvm/java-7-openjdk-amd64/jre/lib/ext/sunjce_provider.jar
7ffc33895000-7ffc33898000 r--s 0000f000 08:05 12322362                   /usr/lib/jvm/java-7-openjdk-amd64/jre/lib/ext/pulse-java.jar
7ffc33898000-7ffc338b3000 rw-p 00000000 00:00 0 
7ffc338b3000-7ffc338f9000 rw-p 00000000 00:00 0 
7ffc338f9000-7ffc3390d000 rw-p 00000000 00:00 0 
7ffc3390d000-7ffc339a0000 rw-p 00000000 00:00 0 
7ffc339a0000-7ffc339aa000 rw-p 00000000 00:00 0 
7ffc339aa000-7ffc33a60000 rw-p 00000000 00:00 0 
7ffc33a60000-7ffc33a65000 rw-p 00000000 00:00 0 
7ffc33a65000-7ffc33a67000 r--s 00006000 08:05 12717881                   /usr/share/java/java-atk-wrapper.jar
7ffc33a67000-7ffc33a6b000 r--s 00085000 08:05 12322360                   /usr/lib/jvm/java-7-openjdk-amd64/jre/lib/ext/localedata.jar
7ffc33a6b000-7ffc33a6f000 r--s 0003b000 08:05 12322372                   /usr/lib/jvm/java-7-openjdk-amd64/jre/lib/ext/sunpkcs11.jar
7ffc33a6f000-7ffc33a70000 r--s 00002000 08:05 12322370                   /usr/lib/jvm/java-7-openjdk-amd64/jre/lib/ext/dnsns.jar
7ffc33a70000-7ffc33a72000 r--s 00012000 08:05 12322364                   /usr/lib/jvm/java-7-openjdk-amd64/jre/lib/ext/zipfs.jar
7ffc33a72000-7ffc33a7a000 rw-s 00000000 08:05 7340076                    /tmp/hsperfdata_luis/3508
7ffc33a7a000-7ffc33a7b000 rw-p 00000000 00:00 0 
7ffc33a7b000-7ffc33a7c000 r--p 00000000 00:00 0 
7ffc33a7c000-7ffc33a7e000 rw-p 00000000 00:00 0 
7ffc33a7e000-7ffc33a7f000 r--p 00022000 08:05 9834249                    /lib/x86_64-linux-gnu/ld-2.17.so
7ffc33a7f000-7ffc33a81000 rw-p 00023000 08:05 9834249                    /lib/x86_64-linux-gnu/ld-2.17.so
7fff4e852000-7fff4e873000 rw-p 00000000 00:00 0                          [stack]
7fff4e88f000-7fff4e891000 r-xp 00000000 00:00 0                          [vdso]
ffffffffff600000-ffffffffff601000 r-xp 00000000 00:00 0                  [vsyscall]

VM Arguments:
jvm_args: -Djdk.home= -Djruby.home=/home/luis/.rbenv/versions/jruby-1.7.10 -Djruby.script=jruby -Djruby.shell=/bin/sh -Djffi.boot.library.path=/home/luis/.rbenv/versions/jruby-1.7.10/lib/jni:/home/luis/.rbenv/versions/jruby-1.7.10/lib/jni/arm-Linux:/home/luis/.rbenv/versions/jruby-1.7.10/lib/jni/x86_64-Linux:/home/luis/.rbenv/versions/jruby-1.7.10/lib/jni/i386-Linux -Xmx500m -Xss2048k -Xbootclasspath/a:/home/luis/.rbenv/versions/jruby-1.7.10/lib/jruby.jar 
java_command: org/jruby/Main Makefile.rb clean compile test
Launcher Type: SUN_STANDARD

Environment Variables:
PATH=/home/luis/.rbenv/versions/jruby-1.7.10/bin:/home/luis/.rbenv/libexec:/home/luis/.rbenv/plugins/ruby-build/bin:/home/luis/.rbenv/shims:~/.rbenv/bin:~/.rbenv/bin:/usr/local/sbin:/usr/local/bin:/usr/sbin:/usr/bin:/sbin:/bin:/usr/games:/usr/local/games
USERNAME=luis
SHELL=/bin/bash
DISPLAY=:0

Signal Handlers:
SIGSEGV: [libjvm.so+0x916ea0], sa_mask[0]=0x7ffbfeff, sa_flags=0x10000004
SIGBUS: [libjvm.so+0x916ea0], sa_mask[0]=0x7ffbfeff, sa_flags=0x10000004
SIGFPE: [libjvm.so+0x794800], sa_mask[0]=0x7ffbfeff, sa_flags=0x10000004
SIGPIPE: [libjvm.so+0x794800], sa_mask[0]=0x7ffbfeff, sa_flags=0x10000004
SIGXFSZ: [libjvm.so+0x794800], sa_mask[0]=0x7ffbfeff, sa_flags=0x10000004
SIGILL: [libjvm.so+0x794800], sa_mask[0]=0x7ffbfeff, sa_flags=0x10000004
SIGUSR1: SIG_DFL, sa_mask[0]=0x00000000, sa_flags=0x00000000
SIGUSR2: [libjvm.so+0x7946a0], sa_mask[0]=0x00000000, sa_flags=0x10000004
SIGHUP: [libjvm.so+0x794880], sa_mask[0]=0x7ffbfeff, sa_flags=0x10000004
SIGINT: [libjvm.so+0x794880], sa_mask[0]=0x7ffbfeff, sa_flags=0x10000004
SIGTERM: [libjvm.so+0x794880], sa_mask[0]=0x7ffbfeff, sa_flags=0x10000004
SIGQUIT: [libjvm.so+0x794880], sa_mask[0]=0x7ffbfeff, sa_flags=0x10000004


---------------  S Y S T E M  ---------------

OS:LinuxMint 16 (petra)
uname:Linux 3.11.0-12-generic #19-Ubuntu SMP Wed Oct 9 16:20:46 UTC 2013 x86_64
libc:glibc 2.17 NPTL 2.17 
rlimit: STACK 8192k, CORE 0k, NPROC 29806, NOFILE 4096, AS infinity
load average:0,52 0,47 0,46

/proc/meminfo:
MemTotal:        3844532 kB
MemFree:         1810752 kB
Buffers:          136844 kB
Cached:          1051364 kB
SwapCached:            0 kB
Active:           967276 kB
Inactive:         908744 kB
Active(anon):     688820 kB
Inactive(anon):   142236 kB
Active(file):     278456 kB
Inactive(file):   766508 kB
Unevictable:           0 kB
Mlocked:               0 kB
SwapTotal:       3987452 kB
SwapFree:        3987452 kB
Dirty:              3012 kB
Writeback:             0 kB
AnonPages:        687968 kB
Mapped:           143408 kB
Shmem:            143248 kB
Slab:              92436 kB
SReclaimable:      70196 kB
SUnreclaim:        22240 kB
KernelStack:        3184 kB
PageTables:        19472 kB
NFS_Unstable:          0 kB
Bounce:                0 kB
WritebackTmp:          0 kB
CommitLimit:     5909716 kB
Committed_AS:    2846224 kB
VmallocTotal:   34359738367 kB
VmallocUsed:      348004 kB
VmallocChunk:   34359386120 kB
HardwareCorrupted:     0 kB
AnonHugePages:         0 kB
HugePages_Total:       0
HugePages_Free:        0
HugePages_Rsvd:        0
HugePages_Surp:        0
Hugepagesize:       2048 kB
DirectMap4k:       50420 kB
DirectMap2M:     3938304 kB


CPU:total 4 (2 cores per cpu, 2 threads per core) family 6 model 37 stepping 5, cmov, cx8, fxsr, mmx, sse, sse2, sse3, ssse3, sse4.1, sse4.2, popcnt, ht, tsc, tscinvbit

/proc/cpuinfo:
processor	: 0
vendor_id	: GenuineIntel
cpu family	: 6
model		: 37
model name	: Intel(R) Core(TM) i5 CPU       M 460  @ 2.53GHz
stepping	: 5
microcode	: 0x2
cpu MHz		: 1199.000
cache size	: 3072 KB
physical id	: 0
siblings	: 4
core id		: 0
cpu cores	: 2
apicid		: 0
initial apicid	: 0
fpu		: yes
fpu_exception	: yes
cpuid level	: 11
wp		: yes
flags		: fpu vme de pse tsc msr pae mce cx8 apic sep mtrr pge mca cmov pat pse36 clflush dts acpi mmx fxsr sse sse2 ss ht tm pbe syscall nx rdtscp lm constant_tsc arch_perfmon pebs bts rep_good nopl xtopology nonstop_tsc aperfmperf pni dtes64 monitor ds_cpl vmx est tm2 ssse3 cx16 xtpr pdcm pcid sse4_1 sse4_2 popcnt lahf_lm ida arat dtherm tpr_shadow vnmi flexpriority ept vpid
bogomips	: 5066.80
clflush size	: 64
cache_alignment	: 64
address sizes	: 36 bits physical, 48 bits virtual
power management:

processor	: 1
vendor_id	: GenuineIntel
cpu family	: 6
model		: 37
model name	: Intel(R) Core(TM) i5 CPU       M 460  @ 2.53GHz
stepping	: 5
microcode	: 0x2
cpu MHz		: 2534.000
cache size	: 3072 KB
physical id	: 0
siblings	: 4
core id		: 0
cpu cores	: 2
apicid		: 1
initial apicid	: 1
fpu		: yes
fpu_exception	: yes
cpuid level	: 11
wp		: yes
flags		: fpu vme de pse tsc msr pae mce cx8 apic sep mtrr pge mca cmov pat pse36 clflush dts acpi mmx fxsr sse sse2 ss ht tm pbe syscall nx rdtscp lm constant_tsc arch_perfmon pebs bts rep_good nopl xtopology nonstop_tsc aperfmperf pni dtes64 monitor ds_cpl vmx est tm2 ssse3 cx16 xtpr pdcm pcid sse4_1 sse4_2 popcnt lahf_lm ida arat dtherm tpr_shadow vnmi flexpriority ept vpid
bogomips	: 5066.80
clflush size	: 64
cache_alignment	: 64
address sizes	: 36 bits physical, 48 bits virtual
power management:

processor	: 2
vendor_id	: GenuineIntel
cpu family	: 6
model		: 37
model name	: Intel(R) Core(TM) i5 CPU       M 460  @ 2.53GHz
stepping	: 5
microcode	: 0x2
cpu MHz		: 1199.000
cache size	: 3072 KB
physical id	: 0
siblings	: 4
core id		: 2
cpu cores	: 2
apicid		: 4
initial apicid	: 4
fpu		: yes
fpu_exception	: yes
cpuid level	: 11
wp		: yes
flags		: fpu vme de pse tsc msr pae mce cx8 apic sep mtrr pge mca cmov pat pse36 clflush dts acpi mmx fxsr sse sse2 ss ht tm pbe syscall nx rdtscp lm constant_tsc arch_perfmon pebs bts rep_good nopl xtopology nonstop_tsc aperfmperf pni dtes64 monitor ds_cpl vmx est tm2 ssse3 cx16 xtpr pdcm pcid sse4_1 sse4_2 popcnt lahf_lm ida arat dtherm tpr_shadow vnmi flexpriority ept vpid
bogomips	: 5066.80
clflush size	: 64
cache_alignment	: 64
address sizes	: 36 bits physical, 48 bits virtual
power management:

processor	: 3
vendor_id	: GenuineIntel
cpu family	: 6
model		: 37
model name	: Intel(R) Core(TM) i5 CPU       M 460  @ 2.53GHz
stepping	: 5
microcode	: 0x2
cpu MHz		: 1199.000
cache size	: 3072 KB
physical id	: 0
siblings	: 4
core id		: 2
cpu cores	: 2
apicid		: 5
initial apicid	: 5
fpu		: yes
fpu_exception	: yes
cpuid level	: 11
wp		: yes
flags		: fpu vme de pse tsc msr pae mce cx8 apic sep mtrr pge mca cmov pat pse36 clflush dts acpi mmx fxsr sse sse2 ss ht tm pbe syscall nx rdtscp lm constant_tsc arch_perfmon pebs bts rep_good nopl xtopology nonstop_tsc aperfmperf pni dtes64 monitor ds_cpl vmx est tm2 ssse3 cx16 xtpr pdcm pcid sse4_1 sse4_2 popcnt lahf_lm ida arat dtherm tpr_shadow vnmi flexpriority ept vpid
bogomips	: 5066.80
clflush size	: 64
cache_alignment	: 64
address sizes	: 36 bits physical, 48 bits virtual
power management:



Memory: 4k page, physical 3844532k(1810752k free), swap 3987452k(3987452k free)

vm_info: OpenJDK 64-Bit Server VM (24.45-b08) for linux-amd64 JRE (1.7.0_51-b00), built on Jan 15 2014 22:02:57 by "buildd" with gcc 4.8.1

time: Sat Apr  5 20:59:32 2014
elapsed time: 3 seconds

