#
# A fatal error has been detected by the Java Runtime Environment:
#
#  SIGSEGV (0xb) at pc=0x00007f2aed47cc74, pid=2627, tid=139822657861376
#
# JRE version: OpenJDK Runtime Environment (7.0_51) (build 1.7.0_51-b00)
# Java VM: OpenJDK 64-Bit Server VM (24.45-b08 mixed mode linux-amd64 compressed oops)
# Problematic frame:
# C  [libdouble_linked_list.so+0xc74]  empty_list+0x13
#
# Failed to write core dump. Core dumps have been disabled. To enable core dumping, try "ulimit -c unlimited" before starting Java again
#
# If you would like to submit a bug report, please include
# instructions on how to reproduce the bug and visit:
#   http://icedtea.classpath.org/bugzilla
# The crash happened outside the Java Virtual Machine in native code.
# See problematic frame for where to report the bug.
#

---------------  T H R E A D  ---------------

Current thread (0x00007f2af800a800):  JavaThread "main" [_thread_in_native, id=2652, stack(0x00007f2affba7000,0x00007f2affda8000)]

siginfo:si_signo=SIGSEGV: si_errno=0, si_code=1 (SEGV_MAPERR), si_addr=0x0000000000000011

Registers:
RAX=0x0000000000000001, RBX=0x00000000d79ca6a0, RCX=0x00007f2aed47d02a, RDX=0x00007f2af84c8cb0
RSP=0x00007f2affda4980, RBP=0x00007f2affda4980, RSI=0x00007f2affda4a50, RDI=0x0000000000000001
R8 =0x0000000000000001, R9 =0x00000000f6190620, R10=0x00007f2af501270c, R11=0x00007f2b00df1340
R12=0x0000000000000000, R13=0x00000000d79ca6a0, R14=0x00007f2affda4a88, R15=0x00007f2af800a800
RIP=0x00007f2aed47cc74, EFLAGS=0x0000000000010202, CSGSFS=0x0000000000000033, ERR=0x0000000000000004
  TRAPNO=0x000000000000000e

Top of Stack: (sp=0x00007f2affda4980)
0x00007f2affda4980:   00007f2affda49a0 00007f2aed47d042
0x00007f2affda4990:   00007f2affda49e8 0000000000000001
0x00007f2affda49a0:   00007f2af84c8cb0 00007f2aee08ccd9
0x00007f2affda49b0:   00000000d6c4f0df 00000000d79ca6a0
0x00007f2affda49c0:   00007f2affda4a40 00007f2af5012738
0x00007f2affda49d0:   00007f2affda4a60 00007f2af5006233
0x00007f2affda49e0:   00007f2affda4a00 00007f2af5006233
0x00007f2affda49f0:   00000000f79fe090 00000000f661e5c0
0x00007f2affda4a00:   00007f2affda4a00 0000000000000000
0x00007f2affda4a10:   00007f2affda4a88 00000000d79d2bc8
0x00007f2affda4a20:   0000000000000000 00000000d79ca6a0
0x00007f2affda4a30:   0000000000000000 00007f2affda4a60
0x00007f2affda4a40:   00007f2affda4ad0 00007f2af5006175
0x00007f2affda4a50:   00000000e10ced78 00007f2af500ecd7
0x00007f2affda4a60:   0000000000000001 00000000d7d61318
0x00007f2affda4a70:   00007f2aed47d02a 00007f2affda4a90
0x00007f2affda4a80:   00007f2af84c8cb0 00007f2af5006233
0x00007f2affda4a90:   00007f2affda4a90 00000000d7ac7507
0x00007f2affda4aa0:   00007f2affda4b08 00000000d7ad3760
0x00007f2affda4ab0:   0000000000000000 00000000d7ac7548
0x00007f2affda4ac0:   00007f2affda4a60 00007f2affda4ae0
0x00007f2affda4ad0:   00007f2affda4b58 00007f2af5006175
0x00007f2affda4ae0:   0000000000000001 00000000f661e5a0
0x00007f2affda4af0:   00007f2aed47d02a 00000000f79c7318
0x00007f2affda4b00:   00000000e0fa3360 00000000e10d1d40
0x00007f2affda4b10:   00000000f7a8e1d0 00007f2affda4b18
0x00007f2affda4b20:   00000000d7ed16ec 00007f2affda4ba0
0x00007f2affda4b30:   00000000d7ed1b48 0000000000000000
0x00007f2affda4b40:   00000000d7ed1710 00007f2affda4ae0
0x00007f2affda4b50:   00007f2affda4bb0 00007f2affda4c88
0x00007f2affda4b60:   00007f2af517a060 00000000f661e5a0
0x00007f2affda4b70:   0000000000000000 00000000f661e570 

Instructions: (pc=0x00007f2aed47cc74)
0x00007f2aed47cc54:   8b 45 f8 48 89 c7 e8 71 fd ff ff c9 c3 55 48 89
0x00007f2aed47cc64:   e5 48 89 7d f8 48 83 7d f8 00 74 11 48 8b 45 f8
0x00007f2aed47cc74:   8b 40 10 85 c0 0f 94 c0 0f b6 c0 eb 0b 48 83 7d
0x00007f2aed47cc84:   f8 00 0f 94 c0 0f b6 c0 5d c3 55 48 89 e5 48 83 

Register to memory mapping:

RAX=0x0000000000000001 is an unknown value
RBX=0x00000000d79ca6a0 is an oop
{method} 
 - klass: {other class}
RCX=0x00007f2aed47d02a: pick_front+0 in lib/libdouble_linked_list.so at 0x00007f2aed47c000
RDX=0x00007f2af84c8cb0 is an unknown value
RSP=0x00007f2affda4980 is pointing into the stack for thread: 0x00007f2af800a800
RBP=0x00007f2affda4980 is pointing into the stack for thread: 0x00007f2af800a800
RSI=0x00007f2affda4a50 is pointing into the stack for thread: 0x00007f2af800a800
RDI=0x0000000000000001 is an unknown value
R8 =0x0000000000000001 is an unknown value
R9 =0x00000000f6190620 is an oop
java.lang.String 
 - klass: 'java/lang/String'
R10=0x00007f2af501270c is at code_begin+620 in an Interpreter codelet
method entry point (kind = native)  [0x00007f2af50124a0, 0x00007f2af5012d00]  2144 bytes
R11=0x00007f2b00df1340: <offset 0x82b340> in /usr/lib/jvm/java-7-openjdk-amd64/jre/lib/amd64/server/libjvm.so at 0x00007f2b005c6000
R12=0x0000000000000000 is an unknown value
R13=0x00000000d79ca6a0 is an oop
{method} 
 - klass: {other class}
R14=0x00007f2affda4a88 is pointing into the stack for thread: 0x00007f2af800a800
R15=0x00007f2af800a800 is a thread


Stack: [0x00007f2affba7000,0x00007f2affda8000],  sp=0x00007f2affda4980,  free space=2038k
Native frames: (J=compiled Java code, j=interpreted, Vv=VM code, C=native code)
C  [libdouble_linked_list.so+0xc74]  empty_list+0x13
C  [libdouble_linked_list.so+0x1042]  pick_front+0x18

Java frames: (J=compiled Java code, j=interpreted, Vv=VM code)
j  com.kenai.jffi.Foreign.invokeL1(JJJ)J+0
j  com.kenai.jffi.Invoker.invokeL1(Lcom/kenai/jffi/CallContext;JJ)J+7
j  org.jruby.ext.ffi.jffi.NativeInvoker$ffi$1.call(Lorg/jruby/runtime/ThreadContext;Lorg/jruby/runtime/builtin/IRubyObject;Lorg/jruby/RubyModule;Ljava/lang/String;Lorg/jruby/runtime/builtin/IRubyObject;)Lorg/jruby/runtime/builtin/IRubyObject;+76
J  org.jruby.runtime.callsite.CachingCallSite.call(Lorg/jruby/runtime/ThreadContext;Lorg/jruby/runtime/builtin/IRubyObject;Lorg/jruby/runtime/builtin/IRubyObject;Lorg/jruby/runtime/builtin/IRubyObject;)Lorg/jruby/runtime/builtin/IRubyObject;
j  org.jruby.ast.FCallOneArgNode.interpret(Lorg/jruby/Ruby;Lorg/jruby/runtime/ThreadContext;Lorg/jruby/runtime/builtin/IRubyObject;Lorg/jruby/runtime/Block;)Lorg/jruby/runtime/builtin/IRubyObject;+19
j  org.jruby.ast.CallNoArgNode.interpret(Lorg/jruby/Ruby;Lorg/jruby/runtime/ThreadContext;Lorg/jruby/runtime/builtin/IRubyObject;Lorg/jruby/runtime/Block;)Lorg/jruby/runtime/builtin/IRubyObject;+15
j  org.jruby.ast.CallNoArgNode.interpret(Lorg/jruby/Ruby;Lorg/jruby/runtime/ThreadContext;Lorg/jruby/runtime/builtin/IRubyObject;Lorg/jruby/runtime/Block;)Lorg/jruby/runtime/builtin/IRubyObject;+15
j  org.jruby.ast.WhileNode.interpret(Lorg/jruby/Ruby;Lorg/jruby/runtime/ThreadContext;Lorg/jruby/runtime/builtin/IRubyObject;Lorg/jruby/runtime/Block;)Lorg/jruby/runtime/builtin/IRubyObject;+23
J  org.jruby.ast.BlockNode.interpret(Lorg/jruby/Ruby;Lorg/jruby/runtime/ThreadContext;Lorg/jruby/runtime/builtin/IRubyObject;Lorg/jruby/runtime/Block;)Lorg/jruby/runtime/builtin/IRubyObject;
j  org.jruby.evaluator.ASTInterpreter.INTERPRET_METHOD(Lorg/jruby/Ruby;Lorg/jruby/runtime/ThreadContext;Ljava/lang/String;ILorg/jruby/RubyModule;Lorg/jruby/ast/Node;Ljava/lang/String;Lorg/jruby/runtime/builtin/IRubyObject;Lorg/jruby/runtime/Block;Z)Lorg/jruby/runtime/builtin/IRubyObject;+30
j  org.jruby.internal.runtime.methods.InterpretedMethod.call(Lorg/jruby/runtime/ThreadContext;Lorg/jruby/runtime/builtin/IRubyObject;Lorg/jruby/RubyModule;Ljava/lang/String;Lorg/jruby/runtime/builtin/IRubyObject;)Lorg/jruby/runtime/builtin/IRubyObject;+82
j  org.jruby.internal.runtime.methods.DefaultMethod.call(Lorg/jruby/runtime/ThreadContext;Lorg/jruby/runtime/builtin/IRubyObject;Lorg/jruby/RubyModule;Ljava/lang/String;Lorg/jruby/runtime/builtin/IRubyObject;)Lorg/jruby/runtime/builtin/IRubyObject;+22
j  org.jruby.runtime.callsite.CachingCallSite.cacheAndCall(Lorg/jruby/runtime/builtin/IRubyObject;Lorg/jruby/RubyClass;Lorg/jruby/runtime/ThreadContext;Lorg/jruby/runtime/builtin/IRubyObject;Lorg/jruby/runtime/builtin/IRubyObject;)Lorg/jruby/runtime/builtin/IRubyObject;+57
J  org.jruby.runtime.callsite.CachingCallSite.call(Lorg/jruby/runtime/ThreadContext;Lorg/jruby/runtime/builtin/IRubyObject;Lorg/jruby/runtime/builtin/IRubyObject;Lorg/jruby/runtime/builtin/IRubyObject;)Lorg/jruby/runtime/builtin/IRubyObject;
j  org.jruby.ast.CallOneArgNode.interpret(Lorg/jruby/Ruby;Lorg/jruby/runtime/ThreadContext;Lorg/jruby/runtime/builtin/IRubyObject;Lorg/jruby/runtime/Block;)Lorg/jruby/runtime/builtin/IRubyObject;+30
j  org.jruby.ast.LocalAsgnNode.interpret(Lorg/jruby/Ruby;Lorg/jruby/runtime/ThreadContext;Lorg/jruby/runtime/builtin/IRubyObject;Lorg/jruby/runtime/Block;)Lorg/jruby/runtime/builtin/IRubyObject;+30
J  org.jruby.ast.BlockNode.interpret(Lorg/jruby/Ruby;Lorg/jruby/runtime/ThreadContext;Lorg/jruby/runtime/builtin/IRubyObject;Lorg/jruby/runtime/Block;)Lorg/jruby/runtime/builtin/IRubyObject;
j  org.jruby.evaluator.ASTInterpreter.INTERPRET_METHOD(Lorg/jruby/Ruby;Lorg/jruby/runtime/ThreadContext;Ljava/lang/String;ILorg/jruby/RubyModule;Lorg/jruby/ast/Node;Ljava/lang/String;Lorg/jruby/runtime/builtin/IRubyObject;Lorg/jruby/runtime/Block;Z)Lorg/jruby/runtime/builtin/IRubyObject;+30
j  org.jruby.internal.runtime.methods.InterpretedMethod.call(Lorg/jruby/runtime/ThreadContext;Lorg/jruby/runtime/builtin/IRubyObject;Lorg/jruby/RubyModule;Ljava/lang/String;)Lorg/jruby/runtime/builtin/IRubyObject;+80
j  org.jruby.internal.runtime.methods.DefaultMethod.call(Lorg/jruby/runtime/ThreadContext;Lorg/jruby/runtime/builtin/IRubyObject;Lorg/jruby/RubyModule;Ljava/lang/String;)Lorg/jruby/runtime/builtin/IRubyObject;+20
j  org.jruby.runtime.callsite.CachingCallSite.cacheAndCall(Lorg/jruby/runtime/builtin/IRubyObject;Lorg/jruby/RubyClass;Lorg/jruby/runtime/ThreadContext;Lorg/jruby/runtime/builtin/IRubyObject;)Lorg/jruby/runtime/builtin/IRubyObject;+53
j  org.jruby.runtime.callsite.CachingCallSite.call(Lorg/jruby/runtime/ThreadContext;Lorg/jruby/runtime/builtin/IRubyObject;Lorg/jruby/runtime/builtin/IRubyObject;)Lorg/jruby/runtime/builtin/IRubyObject;+46
j  org.jruby.ast.CallNoArgNode.interpret(Lorg/jruby/Ruby;Lorg/jruby/runtime/ThreadContext;Lorg/jruby/runtime/builtin/IRubyObject;Lorg/jruby/runtime/Block;)Lorg/jruby/runtime/builtin/IRubyObject;+18
j  org.jruby.ast.FCallTwoArgNode.interpret(Lorg/jruby/Ruby;Lorg/jruby/runtime/ThreadContext;Lorg/jruby/runtime/builtin/IRubyObject;Lorg/jruby/runtime/Block;)Lorg/jruby/runtime/builtin/IRubyObject;+28
J  org.jruby.ast.NewlineNode.interpret(Lorg/jruby/Ruby;Lorg/jruby/runtime/ThreadContext;Lorg/jruby/runtime/builtin/IRubyObject;Lorg/jruby/runtime/Block;)Lorg/jruby/runtime/builtin/IRubyObject;
j  org.jruby.ast.BlockNode.interpret(Lorg/jruby/Ruby;Lorg/jruby/runtime/ThreadContext;Lorg/jruby/runtime/builtin/IRubyObject;Lorg/jruby/runtime/Block;)Lorg/jruby/runtime/builtin/IRubyObject;+33
j  org.jruby.evaluator.ASTInterpreter.INTERPRET_METHOD(Lorg/jruby/Ruby;Lorg/jruby/runtime/ThreadContext;Ljava/lang/String;ILorg/jruby/RubyModule;Lorg/jruby/ast/Node;Ljava/lang/String;Lorg/jruby/runtime/builtin/IRubyObject;Lorg/jruby/runtime/Block;Z)Lorg/jruby/runtime/builtin/IRubyObject;+30
j  org.jruby.internal.runtime.methods.InterpretedMethod.call(Lorg/jruby/runtime/ThreadContext;Lorg/jruby/runtime/builtin/IRubyObject;Lorg/jruby/RubyModule;Ljava/lang/String;)Lorg/jruby/runtime/builtin/IRubyObject;+80
j  org.jruby.internal.runtime.methods.DefaultMethod.call(Lorg/jruby/runtime/ThreadContext;Lorg/jruby/runtime/builtin/IRubyObject;Lorg/jruby/RubyModule;Ljava/lang/String;)Lorg/jruby/runtime/builtin/IRubyObject;+20
j  org.jruby.runtime.callsite.CachingCallSite.cacheAndCall(Lorg/jruby/runtime/builtin/IRubyObject;Lorg/jruby/RubyClass;Lorg/jruby/runtime/ThreadContext;Lorg/jruby/runtime/builtin/IRubyObject;)Lorg/jruby/runtime/builtin/IRubyObject;+53
j  org.jruby.runtime.callsite.CachingCallSite.call(Lorg/jruby/runtime/ThreadContext;Lorg/jruby/runtime/builtin/IRubyObject;Lorg/jruby/runtime/builtin/IRubyObject;)Lorg/jruby/runtime/builtin/IRubyObject;+46
j  Makefile.method__2$RUBY$test(LMakefile;Lorg/jruby/runtime/ThreadContext;Lorg/jruby/runtime/builtin/IRubyObject;Lorg/jruby/runtime/Block;)Lorg/jruby/runtime/builtin/IRubyObject;+130
j  Makefile$method__2$RUBY$test.call(Lorg/jruby/runtime/ThreadContext;Lorg/jruby/runtime/builtin/IRubyObject;Lorg/jruby/RubyModule;Ljava/lang/String;Lorg/jruby/runtime/Block;)Lorg/jruby/runtime/builtin/IRubyObject;+17
j  org.jruby.RubyClass.finvoke(Lorg/jruby/runtime/ThreadContext;Lorg/jruby/runtime/builtin/IRubyObject;Ljava/lang/String;Lorg/jruby/runtime/Block;)Lorg/jruby/runtime/builtin/IRubyObject;+41
j  org.jruby.RubyBasicObject.send19(Lorg/jruby/runtime/ThreadContext;Lorg/jruby/runtime/builtin/IRubyObject;Lorg/jruby/runtime/Block;)Lorg/jruby/runtime/builtin/IRubyObject;+15
j  org.jruby.RubyKernel.send19(Lorg/jruby/runtime/ThreadContext;Lorg/jruby/runtime/builtin/IRubyObject;Lorg/jruby/runtime/builtin/IRubyObject;Lorg/jruby/runtime/Block;)Lorg/jruby/runtime/builtin/IRubyObject;+7
j  org.jruby.RubyKernel$INVOKER$s$send19.call(Lorg/jruby/runtime/ThreadContext;Lorg/jruby/runtime/builtin/IRubyObject;Lorg/jruby/RubyModule;Ljava/lang/String;Lorg/jruby/runtime/builtin/IRubyObject;Lorg/jruby/runtime/Block;)Lorg/jruby/runtime/builtin/IRubyObject;+6
j  org.jruby.internal.runtime.methods.JavaMethod$JavaMethodOneOrNBlock.call(Lorg/jruby/runtime/ThreadContext;Lorg/jruby/runtime/builtin/IRubyObject;Lorg/jruby/RubyModule;Ljava/lang/String;Lorg/jruby/runtime/builtin/IRubyObject;)Lorg/jruby/runtime/builtin/IRubyObject;+11
j  org.jruby.runtime.callsite.CachingCallSite.call(Lorg/jruby/runtime/ThreadContext;Lorg/jruby/runtime/builtin/IRubyObject;Lorg/jruby/runtime/builtin/IRubyObject;Lorg/jruby/runtime/builtin/IRubyObject;)Lorg/jruby/runtime/builtin/IRubyObject;+38
j  Makefile.block_6$RUBY$__file__(LMakefile;Lorg/jruby/runtime/ThreadContext;Lorg/jruby/runtime/builtin/IRubyObject;[Lorg/jruby/runtime/builtin/IRubyObject;Lorg/jruby/runtime/Block;)Lorg/jruby/runtime/builtin/IRubyObject;+46
j  Makefile$block_6$RUBY$__file__.call(Lorg/jruby/runtime/ThreadContext;Lorg/jruby/runtime/builtin/IRubyObject;[Lorg/jruby/runtime/builtin/IRubyObject;Lorg/jruby/runtime/Block;)Lorg/jruby/runtime/builtin/IRubyObject;+9
j  org.jruby.runtime.CompiledBlock19.yield(Lorg/jruby/runtime/ThreadContext;Lorg/jruby/runtime/builtin/IRubyObject;Lorg/jruby/runtime/Binding;Lorg/jruby/runtime/Block$Type;)Lorg/jruby/runtime/builtin/IRubyObject;+52
j  org.jruby.runtime.Block.yield(Lorg/jruby/runtime/ThreadContext;Lorg/jruby/runtime/builtin/IRubyObject;)Lorg/jruby/runtime/builtin/IRubyObject;+14
j  org.jruby.RubyArray.eachCommon(Lorg/jruby/runtime/ThreadContext;Lorg/jruby/runtime/Block;)Lorg/jruby/runtime/builtin/IRubyObject;+41
j  org.jruby.RubyArray.each(Lorg/jruby/runtime/ThreadContext;Lorg/jruby/runtime/Block;)Lorg/jruby/runtime/builtin/IRubyObject;+10
j  org.jruby.RubyArray$INVOKER$i$0$0$each.call(Lorg/jruby/runtime/ThreadContext;Lorg/jruby/runtime/builtin/IRubyObject;Lorg/jruby/RubyModule;Ljava/lang/String;Lorg/jruby/runtime/Block;)Lorg/jruby/runtime/builtin/IRubyObject;+7
j  org.jruby.runtime.callsite.CachingCallSite.cacheAndCall(Lorg/jruby/runtime/builtin/IRubyObject;Lorg/jruby/RubyClass;Lorg/jruby/runtime/Block;Lorg/jruby/runtime/ThreadContext;Lorg/jruby/runtime/builtin/IRubyObject;)Lorg/jruby/runtime/builtin/IRubyObject;+57
j  org.jruby.runtime.callsite.CachingCallSite.callBlock(Lorg/jruby/runtime/ThreadContext;Lorg/jruby/runtime/builtin/IRubyObject;Lorg/jruby/runtime/builtin/IRubyObject;Lorg/jruby/runtime/Block;)Lorg/jruby/runtime/builtin/IRubyObject;+50
j  org.jruby.runtime.callsite.CachingCallSite.callIter(Lorg/jruby/runtime/ThreadContext;Lorg/jruby/runtime/builtin/IRubyObject;Lorg/jruby/runtime/builtin/IRubyObject;Lorg/jruby/runtime/Block;)Lorg/jruby/runtime/builtin/IRubyObject;+6
j  Makefile.__file__(LMakefile;Lorg/jruby/runtime/ThreadContext;Lorg/jruby/runtime/builtin/IRubyObject;[Lorg/jruby/runtime/builtin/IRubyObject;Lorg/jruby/runtime/Block;)Lorg/jruby/runtime/builtin/IRubyObject;+859
j  Makefile.load(Lorg/jruby/runtime/ThreadContext;Lorg/jruby/runtime/builtin/IRubyObject;Z)Lorg/jruby/runtime/builtin/IRubyObject;+22
j  org.jruby.Ruby.runScript(Lorg/jruby/ast/executable/Script;Z)Lorg/jruby/runtime/builtin/IRubyObject;+12
j  org.jruby.Ruby.runScript(Lorg/jruby/ast/executable/Script;)Lorg/jruby/runtime/builtin/IRubyObject;+3
j  org.jruby.Ruby.runNormally(Lorg/jruby/ast/Node;)Lorg/jruby/runtime/builtin/IRubyObject;+73
j  org.jruby.Ruby.runFromMain(Ljava/io/InputStream;Ljava/lang/String;)V+320
j  org.jruby.Main.doRunFromMain(Lorg/jruby/Ruby;Ljava/io/InputStream;Ljava/lang/String;)Lorg/jruby/Main$Status;+12
j  org.jruby.Main.internalRun()Lorg/jruby/Main$Status;+234
j  org.jruby.Main.run([Ljava/lang/String;)Lorg/jruby/Main$Status;+9
j  org.jruby.Main.main([Ljava/lang/String;)V+35
v  ~StubRoutines::call_stub

---------------  P R O C E S S  ---------------

Java Threads: ( => current thread )
  0x00007f2af84e4800 JavaThread "JRubyJIT-2" daemon [_thread_blocked, id=2735, stack(0x00007f2aed881000,0x00007f2aeda82000)]
  0x00007f2af84e1000 JavaThread "process reaper" daemon [_thread_blocked, id=2668, stack(0x00007f2afc0c3000,0x00007f2afc0fc000)]
  0x00007f2af8400800 JavaThread "JRubyJIT-1" daemon [_thread_blocked, id=2665, stack(0x00007f2aede84000,0x00007f2aee085000)]
  0x00007f2af80ad000 JavaThread "Service Thread" daemon [_thread_blocked, id=2663, stack(0x00007f2aefafd000,0x00007f2aefcfe000)]
  0x00007f2af80aa800 JavaThread "C2 CompilerThread1" daemon [_thread_blocked, id=2662, stack(0x00007f2aefcfe000,0x00007f2aefdff000)]
  0x00007f2af80a7800 JavaThread "C2 CompilerThread0" daemon [_thread_blocked, id=2661, stack(0x00007f2af40fd000,0x00007f2af41fe000)]
  0x00007f2af80a5800 JavaThread "Signal Dispatcher" daemon [_thread_blocked, id=2660, stack(0x00007f2aefdff000,0x00007f2af0000000)]
  0x00007f2af8082800 JavaThread "Finalizer" daemon [_thread_blocked, id=2659, stack(0x00007f2af45f8000,0x00007f2af47f9000)]
  0x00007f2af8080800 JavaThread "Reference Handler" daemon [_thread_blocked, id=2658, stack(0x00007f2af47f9000,0x00007f2af49fa000)]
=>0x00007f2af800a800 JavaThread "main" [_thread_in_native, id=2652, stack(0x00007f2affba7000,0x00007f2affda8000)]

Other Threads:
  0x00007f2af807c800 VMThread [stack: 0x00007f2af49fa000,0x00007f2af4afb000] [id=2657]
  0x00007f2af80b7800 WatcherThread [stack: 0x00007f2aef9fc000,0x00007f2aefafd000] [id=2664]

VM state:not at safepoint (normal execution)

VM Mutex/Monitor currently owned by a thread: None

Heap
 PSYoungGen      total 33280K, used 16339K [0x00000000f5900000, 0x00000000f7c00000, 0x0000000100000000)
  eden space 30720K, 44% used [0x00000000f5900000,0x00000000f6677a70,0x00000000f7700000)
  from space 2560K, 99% used [0x00000000f7980000,0x00000000f7bfd528,0x00000000f7c00000)
  to   space 2560K, 0% used [0x00000000f7700000,0x00000000f7700000,0x00000000f7980000)
 ParOldGen       total 39936K, used 5244K [0x00000000e0c00000, 0x00000000e3300000, 0x00000000f5900000)
  object space 39936K, 13% used [0x00000000e0c00000,0x00000000e111f3a0,0x00000000e3300000)
 PSPermGen       total 25600K, used 25434K [0x00000000d6600000, 0x00000000d7f00000, 0x00000000e0c00000)
  object space 25600K, 99% used [0x00000000d6600000,0x00000000d7ed69a8,0x00000000d7f00000)

Card table byte_map: [0x00007f2afe9cd000,0x00007f2afeb1b000] byte_map_base: 0x00007f2afe31a000

Polling page: 0x00007f2b021b5000

Code Cache  [0x00007f2af5000000, 0x00007f2af5270000, 0x00007f2af8000000)
 total_blobs=818 nmethods=339 adapters=433 free_code_cache=47617Kb largest_free_block=48709696

Compilation events (10 events):
Event: 3,005 Thread 0x00007f2af80a7800  342             org.jruby.runtime.Frame::setVisibility (6 bytes)
Event: 3,006 Thread 0x00007f2af80a7800 nmethod 342 0x00007f2af5179610 code [0x00007f2af5179740, 0x00007f2af51797b8]
Event: 3,017 Thread 0x00007f2af80aa800  343             org.jruby.ast.LocalVarNode::getIndex (8 bytes)
Event: 3,017 Thread 0x00007f2af80a7800  344             org.jruby.ast.LocalVarNode::getDepth (8 bytes)
Event: 3,017 Thread 0x00007f2af80a7800 nmethod 344 0x00007f2af5179410 code [0x00007f2af5179540, 0x00007f2af5179598]
Event: 3,017 Thread 0x00007f2af80aa800 nmethod 343 0x00007f2af5121b50 code [0x00007f2af5121c80, 0x00007f2af5121cd8]
Event: 3,017 Thread 0x00007f2af80aa800  345             org.jruby.runtime.callsite.CachingCallSite::call (58 bytes)
Event: 3,019 Thread 0x00007f2af80a7800  346             org.jruby.ast.LocalVarNode::interpret (32 bytes)
Event: 3,020 Thread 0x00007f2af80a7800 nmethod 346 0x00007f2af5121790 code [0x00007f2af51218e0, 0x00007f2af51219d8]
Event: 3,024 Thread 0x00007f2af80aa800 nmethod 345 0x00007f2af5120e50 code [0x00007f2af5120fe0, 0x00007f2af51212f8]

GC Heap History (4 events):
Event: 1,244 GC heap before
{Heap before GC invocations=1 (full 0):
 PSYoungGen      total 17920K, used 15360K [0x00000000f5900000, 0x00000000f6d00000, 0x0000000100000000)
  eden space 15360K, 100% used [0x00000000f5900000,0x00000000f6800000,0x00000000f6800000)
  from space 2560K, 0% used [0x00000000f6a80000,0x00000000f6a80000,0x00000000f6d00000)
  to   space 2560K, 0% used [0x00000000f6800000,0x00000000f6800000,0x00000000f6a80000)
 ParOldGen       total 39936K, used 0K [0x00000000e0c00000, 0x00000000e3300000, 0x00000000f5900000)
  object space 39936K, 0% used [0x00000000e0c00000,0x00000000e0c00000,0x00000000e3300000)
 PSPermGen       total 21504K, used 19066K [0x00000000d6600000, 0x00000000d7b00000, 0x00000000e0c00000)
  object space 21504K, 88% used [0x00000000d6600000,0x00000000d789eba0,0x00000000d7b00000)
Event: 1,257 GC heap after
Heap after GC invocations=1 (full 0):
 PSYoungGen      total 17920K, used 2549K [0x00000000f5900000, 0x00000000f7c00000, 0x0000000100000000)
  eden space 15360K, 0% used [0x00000000f5900000,0x00000000f5900000,0x00000000f6800000)
  from space 2560K, 99% used [0x00000000f6800000,0x00000000f6a7d4b8,0x00000000f6a80000)
  to   space 2560K, 0% used [0x00000000f7980000,0x00000000f7980000,0x00000000f7c00000)
 ParOldGen       total 39936K, used 3284K [0x00000000e0c00000, 0x00000000e3300000, 0x00000000f5900000)
  object space 39936K, 8% used [0x00000000e0c00000,0x00000000e0f35018,0x00000000e3300000)
 PSPermGen       total 21504K, used 19066K [0x00000000d6600000, 0x00000000d7b00000, 0x00000000e0c00000)
  object space 21504K, 88% used [0x00000000d6600000,0x00000000d789eba0,0x00000000d7b00000)
}
Event: 2,291 GC heap before
{Heap before GC invocations=2 (full 0):
 PSYoungGen      total 17920K, used 17909K [0x00000000f5900000, 0x00000000f7c00000, 0x0000000100000000)
  eden space 15360K, 100% used [0x00000000f5900000,0x00000000f6800000,0x00000000f6800000)
  from space 2560K, 99% used [0x00000000f6800000,0x00000000f6a7d4b8,0x00000000f6a80000)
  to   space 2560K, 0% used [0x00000000f7980000,0x00000000f7980000,0x00000000f7c00000)
 ParOldGen       total 39936K, used 3284K [0x00000000e0c00000, 0x00000000e3300000, 0x00000000f5900000)
  object space 39936K, 8% used [0x00000000e0c00000,0x00000000e0f35018,0x00000000e3300000)
 PSPermGen       total 23552K, used 23551K [0x00000000d6600000, 0x00000000d7d00000, 0x00000000e0c00000)
  object space 23552K, 99% used [0x00000000d6600000,0x00000000d7cffc68,0x00000000d7d00000)
Event: 2,308 GC heap after
Heap after GC invocations=2 (full 0):
 PSYoungGen      total 33280K, used 2549K [0x00000000f5900000, 0x00000000f7c00000, 0x0000000100000000)
  eden space 30720K, 0% used [0x00000000f5900000,0x00000000f5900000,0x00000000f7700000)
  from space 2560K, 99% used [0x00000000f7980000,0x00000000f7bfd528,0x00000000f7c00000)
  to   space 2560K, 0% used [0x00000000f7700000,0x00000000f7700000,0x00000000f7980000)
 ParOldGen       total 39936K, used 5244K [0x00000000e0c00000, 0x00000000e3300000, 0x00000000f5900000)
  object space 39936K, 13% used [0x00000000e0c00000,0x00000000e111f3a0,0x00000000e3300000)
 PSPermGen       total 23552K, used 23551K [0x00000000d6600000, 0x00000000d7d00000, 0x00000000e0c00000)
  object space 23552K, 99% used [0x00000000d6600000,0x00000000d7cffc68,0x00000000d7d00000)
}

Deoptimization events (10 events):
Event: 2,111 Thread 0x00007f2af800a800 Uncommon trap: reason=class_check action=maybe_recompile pc=0x00007f2af50978b4 method=java.util.concurrent.ConcurrentHashMap$Segment.put(Ljava/lang/Object;ILjava/lang/Object;Z)Ljava/lang/Object; @ 77
Event: 2,130 Thread 0x00007f2af84e3000 Uncommon trap: reason=null_check action=make_not_entrant pc=0x00007f2af5126cac method=org.jruby.internal.runtime.ThreadService.getCurrentContext()Lorg/jruby/runtime/ThreadContext; @ 15
Event: 2,731 Thread 0x00007f2af800a800 Uncommon trap: reason=unreached action=reinterpret pc=0x00007f2af5091734 method=java.util.concurrent.locks.AbstractQueuedSynchronizer.release(I)Z @ 14
Event: 2,731 Thread 0x00007f2af8400800 Uncommon trap: reason=unreached action=reinterpret pc=0x00007f2af50926cc method=java.util.concurrent.locks.AbstractQueuedSynchronizer.release(I)Z @ 14
Event: 2,753 Thread 0x00007f2af800a800 Uncommon trap: reason=unreached action=reinterpret pc=0x00007f2af5127f68 method=org.jruby.parser.ParserSupport.checkExpression(Lorg/jruby/ast/Node;)Z @ 3
Event: 2,919 Thread 0x00007f2af800a800 Uncommon trap: reason=class_check action=maybe_recompile pc=0x00007f2af5176e44 method=org.joni.Matcher.searchInterruptible(III)I @ 810
Event: 3,009 Thread 0x00007f2af800a800 Uncommon trap: reason=bimorphic action=maybe_recompile pc=0x00007f2af5179b08 method=org.jruby.runtime.scope.OneVarDynamicScope.getValue(II)Lorg/jruby/runtime/builtin/IRubyObject; @ 12
Event: 3,010 Thread 0x00007f2af800a800 Uncommon trap: reason=bimorphic action=maybe_recompile pc=0x00007f2af5179b08 method=org.jruby.runtime.scope.OneVarDynamicScope.getValue(II)Lorg/jruby/runtime/builtin/IRubyObject; @ 12
Event: 3,010 Thread 0x00007f2af800a800 Uncommon trap: reason=bimorphic action=maybe_recompile pc=0x00007f2af5179b08 method=org.jruby.runtime.scope.OneVarDynamicScope.getValue(II)Lorg/jruby/runtime/builtin/IRubyObject; @ 12
Event: 3,010 Thread 0x00007f2af800a800 Uncommon trap: reason=bimorphic action=maybe_recompile pc=0x00007f2af5179b08 method=org.jruby.runtime.scope.OneVarDynamicScope.getValue(II)Lorg/jruby/runtime/builtin/IRubyObject; @ 12

Internal exceptions (10 events):
Event: 2,732 Thread 0x00007f2af8400800 Threw 0x00000000f62b5700 at /build/buildd/openjdk-7-7u51-2.4.4/build/openjdk/hotspot/src/share/vm/prims/jvm.cpp:1244
Event: 2,732 Thread 0x00007f2af8400800 Threw 0x00000000f62b6770 at /build/buildd/openjdk-7-7u51-2.4.4/build/openjdk/hotspot/src/share/vm/prims/jvm.cpp:1244
Event: 2,875 Thread 0x00007f2af84e4800 Threw 0x00000000f628e520 at /build/buildd/openjdk-7-7u51-2.4.4/build/openjdk/hotspot/src/share/vm/prims/jvm.cpp:1244
Event: 2,875 Thread 0x00007f2af84e4800 Threw 0x00000000f628f5c0 at /build/buildd/openjdk-7-7u51-2.4.4/build/openjdk/hotspot/src/share/vm/prims/jvm.cpp:1244
Event: 2,911 Thread 0x00007f2af84e4800 Threw 0x00000000f64a0248 at /build/buildd/openjdk-7-7u51-2.4.4/build/openjdk/hotspot/src/share/vm/prims/jvm.cpp:1244
Event: 2,911 Thread 0x00007f2af84e4800 Threw 0x00000000f64a1348 at /build/buildd/openjdk-7-7u51-2.4.4/build/openjdk/hotspot/src/share/vm/prims/jvm.cpp:1244
Event: 2,914 Thread 0x00007f2af84e4800 Threw 0x00000000f64c8db0 at /build/buildd/openjdk-7-7u51-2.4.4/build/openjdk/hotspot/src/share/vm/prims/jvm.cpp:1244
Event: 2,915 Thread 0x00007f2af84e4800 Threw 0x00000000f64c9f58 at /build/buildd/openjdk-7-7u51-2.4.4/build/openjdk/hotspot/src/share/vm/prims/jvm.cpp:1244
Event: 2,918 Thread 0x00007f2af8400800 Threw 0x00000000f62f5dd8 at /build/buildd/openjdk-7-7u51-2.4.4/build/openjdk/hotspot/src/share/vm/prims/jvm.cpp:1244
Event: 2,918 Thread 0x00007f2af8400800 Threw 0x00000000f62f6ed8 at /build/buildd/openjdk-7-7u51-2.4.4/build/openjdk/hotspot/src/share/vm/prims/jvm.cpp:1244

Events (10 events):
Event: 3,009 Thread 0x00007f2af800a800 DEOPT UNPACKING pc=0x00007f2af5039045 sp=0x00007f2affda46d8 mode 2
Event: 3,010 Thread 0x00007f2af800a800 Uncommon trap: trap_request=0xffffffc6 fr.pc=0x00007f2af5179b08
Event: 3,010 Thread 0x00007f2af800a800 DEOPT PACKING pc=0x00007f2af5179b08 sp=0x00007f2affda4720
Event: 3,010 Thread 0x00007f2af800a800 DEOPT UNPACKING pc=0x00007f2af5039045 sp=0x00007f2affda46d8 mode 2
Event: 3,010 Thread 0x00007f2af800a800 Uncommon trap: trap_request=0xffffffc6 fr.pc=0x00007f2af5179b08
Event: 3,010 Thread 0x00007f2af800a800 DEOPT PACKING pc=0x00007f2af5179b08 sp=0x00007f2affda4720
Event: 3,010 Thread 0x00007f2af800a800 DEOPT UNPACKING pc=0x00007f2af5039045 sp=0x00007f2affda46d8 mode 2
Event: 3,010 Thread 0x00007f2af800a800 Uncommon trap: trap_request=0xffffffc6 fr.pc=0x00007f2af5179b08
Event: 3,010 Thread 0x00007f2af800a800 DEOPT PACKING pc=0x00007f2af5179b08 sp=0x00007f2affda4720
Event: 3,010 Thread 0x00007f2af800a800 DEOPT UNPACKING pc=0x00007f2af5039045 sp=0x00007f2affda46d8 mode 2


Dynamic libraries:
00400000-00401000 r-xp 00000000 08:05 12322450                           /usr/lib/jvm/java-7-openjdk-amd64/jre/bin/java
00600000-00601000 r--p 00000000 08:05 12322450                           /usr/lib/jvm/java-7-openjdk-amd64/jre/bin/java
00601000-00602000 rw-p 00001000 08:05 12322450                           /usr/lib/jvm/java-7-openjdk-amd64/jre/bin/java
01229000-0124a000 rw-p 00000000 00:00 0                                  [heap]
d6600000-d7f00000 rw-p 00000000 00:00 0 
d7f00000-e0c00000 rw-p 00000000 00:00 0 
e0c00000-e3300000 rw-p 00000000 00:00 0 
e3300000-f5900000 rw-p 00000000 00:00 0 
f5900000-f7c00000 rw-p 00000000 00:00 0 
f7c00000-100000000 rw-p 00000000 00:00 0 
7f2aa8000000-7f2aa8021000 rw-p 00000000 00:00 0 
7f2aa8021000-7f2aac000000 ---p 00000000 00:00 0 
7f2aac000000-7f2aac021000 rw-p 00000000 00:00 0 
7f2aac021000-7f2ab0000000 ---p 00000000 00:00 0 
7f2ab0000000-7f2ab0021000 rw-p 00000000 00:00 0 
7f2ab0021000-7f2ab4000000 ---p 00000000 00:00 0 
7f2ab4000000-7f2ab4021000 rw-p 00000000 00:00 0 
7f2ab4021000-7f2ab8000000 ---p 00000000 00:00 0 
7f2ab8000000-7f2ab8021000 rw-p 00000000 00:00 0 
7f2ab8021000-7f2abc000000 ---p 00000000 00:00 0 
7f2abc000000-7f2abc027000 rw-p 00000000 00:00 0 
7f2abc027000-7f2ac0000000 ---p 00000000 00:00 0 
7f2ac0000000-7f2ac0d7a000 rw-p 00000000 00:00 0 
7f2ac0d7a000-7f2ac4000000 ---p 00000000 00:00 0 
7f2ac4000000-7f2ac4021000 rw-p 00000000 00:00 0 
7f2ac4021000-7f2ac8000000 ---p 00000000 00:00 0 
7f2ac8000000-7f2ac8021000 rw-p 00000000 00:00 0 
7f2ac8021000-7f2acc000000 ---p 00000000 00:00 0 
7f2acc000000-7f2accb7c000 rw-p 00000000 00:00 0 
7f2accb7c000-7f2ad0000000 ---p 00000000 00:00 0 
7f2ad0000000-7f2ad0021000 rw-p 00000000 00:00 0 
7f2ad0021000-7f2ad4000000 ---p 00000000 00:00 0 
7f2ad4000000-7f2ad4021000 rw-p 00000000 00:00 0 
7f2ad4021000-7f2ad8000000 ---p 00000000 00:00 0 
7f2ad8000000-7f2ad8021000 rw-p 00000000 00:00 0 
7f2ad8021000-7f2adc000000 ---p 00000000 00:00 0 
7f2adc000000-7f2adc021000 rw-p 00000000 00:00 0 
7f2adc021000-7f2ae0000000 ---p 00000000 00:00 0 
7f2ae0000000-7f2ae0021000 rw-p 00000000 00:00 0 
7f2ae0021000-7f2ae4000000 ---p 00000000 00:00 0 
7f2ae8000000-7f2ae8021000 rw-p 00000000 00:00 0 
7f2ae8021000-7f2aec000000 ---p 00000000 00:00 0 
7f2aed279000-7f2aed27b000 r-xp 00000000 08:05 16778162                   /home/luis/practica01/src/lib/libconvex_hull.so
7f2aed27b000-7f2aed47a000 ---p 00002000 08:05 16778162                   /home/luis/practica01/src/lib/libconvex_hull.so
7f2aed47a000-7f2aed47b000 r--p 00001000 08:05 16778162                   /home/luis/practica01/src/lib/libconvex_hull.so
7f2aed47b000-7f2aed47c000 rw-p 00002000 08:05 16778162                   /home/luis/practica01/src/lib/libconvex_hull.so
7f2aed47c000-7f2aed47e000 r-xp 00000000 08:05 16777925                   /home/luis/practica01/src/lib/libdouble_linked_list.so
7f2aed47e000-7f2aed67d000 ---p 00002000 08:05 16777925                   /home/luis/practica01/src/lib/libdouble_linked_list.so
7f2aed67d000-7f2aed67e000 r--p 00001000 08:05 16777925                   /home/luis/practica01/src/lib/libdouble_linked_list.so
7f2aed67e000-7f2aed67f000 rw-p 00002000 08:05 16777925                   /home/luis/practica01/src/lib/libdouble_linked_list.so
7f2aed67f000-7f2aed680000 r-xp 00000000 08:05 16777919                   /home/luis/practica01/src/lib/lib2d_points.so
7f2aed680000-7f2aed87f000 ---p 00001000 08:05 16777919                   /home/luis/practica01/src/lib/lib2d_points.so
7f2aed87f000-7f2aed880000 r--p 00000000 08:05 16777919                   /home/luis/practica01/src/lib/lib2d_points.so
7f2aed880000-7f2aed881000 rw-p 00001000 08:05 16777919                   /home/luis/practica01/src/lib/lib2d_points.so
7f2aed881000-7f2aed884000 ---p 00000000 00:00 0 
7f2aed884000-7f2aeda82000 rw-p 00000000 00:00 0                          [stack:2735]
7f2aeda82000-7f2aeda85000 ---p 00000000 00:00 0 
7f2aeda85000-7f2aedc83000 rw-p 00000000 00:00 0 
7f2aedc83000-7f2aedc86000 ---p 00000000 00:00 0 
7f2aedc86000-7f2aede84000 rw-p 00000000 00:00 0 
7f2aede84000-7f2aede87000 ---p 00000000 00:00 0 
7f2aede87000-7f2aee085000 rw-p 00000000 00:00 0                          [stack:2665]
7f2aee085000-7f2aee097000 r-xp 00000000 08:05 16253453                   /home/luis/.rbenv/versions/jruby-1.7.10/lib/jni/x86_64-Linux/libjffi-1.2.so
7f2aee097000-7f2aee296000 ---p 00012000 08:05 16253453                   /home/luis/.rbenv/versions/jruby-1.7.10/lib/jni/x86_64-Linux/libjffi-1.2.so
7f2aee296000-7f2aee297000 rw-p 00011000 08:05 16253453                   /home/luis/.rbenv/versions/jruby-1.7.10/lib/jni/x86_64-Linux/libjffi-1.2.so
7f2aee297000-7f2aee2a7000 r-xp 00000000 08:05 12322344                   /usr/lib/jvm/java-7-openjdk-amd64/jre/lib/amd64/libnio.so
7f2aee2a7000-7f2aee4a7000 ---p 00010000 08:05 12322344                   /usr/lib/jvm/java-7-openjdk-amd64/jre/lib/amd64/libnio.so
7f2aee4a7000-7f2aee4a8000 r--p 00010000 08:05 12322344                   /usr/lib/jvm/java-7-openjdk-amd64/jre/lib/amd64/libnio.so
7f2aee4a8000-7f2aee4a9000 rw-p 00011000 08:05 12322344                   /usr/lib/jvm/java-7-openjdk-amd64/jre/lib/amd64/libnio.so
7f2aee4a9000-7f2aee4e6000 r-xp 00000000 08:05 9834371                    /lib/x86_64-linux-gnu/libpcre.so.3.13.1
7f2aee4e6000-7f2aee6e6000 ---p 0003d000 08:05 9834371                    /lib/x86_64-linux-gnu/libpcre.so.3.13.1
7f2aee6e6000-7f2aee6e7000 r--p 0003d000 08:05 9834371                    /lib/x86_64-linux-gnu/libpcre.so.3.13.1
7f2aee6e7000-7f2aee6e8000 rw-p 0003e000 08:05 9834371                    /lib/x86_64-linux-gnu/libpcre.so.3.13.1
7f2aee6e8000-7f2aee6ef000 r-xp 00000000 08:05 12196946                   /usr/lib/x86_64-linux-gnu/libffi.so.6.0.1
7f2aee6ef000-7f2aee8ee000 ---p 00007000 08:05 12196946                   /usr/lib/x86_64-linux-gnu/libffi.so.6.0.1
7f2aee8ee000-7f2aee8ef000 r--p 00006000 08:05 12196946                   /usr/lib/x86_64-linux-gnu/libffi.so.6.0.1
7f2aee8ef000-7f2aee8f0000 rw-p 00007000 08:05 12196946                   /usr/lib/x86_64-linux-gnu/libffi.so.6.0.1
7f2aee8f0000-7f2aee906000 r-xp 00000000 08:05 9834394                    /lib/x86_64-linux-gnu/libresolv-2.17.so
7f2aee906000-7f2aeeb06000 ---p 00016000 08:05 9834394                    /lib/x86_64-linux-gnu/libresolv-2.17.so
7f2aeeb06000-7f2aeeb07000 r--p 00016000 08:05 9834394                    /lib/x86_64-linux-gnu/libresolv-2.17.so
7f2aeeb07000-7f2aeeb08000 rw-p 00017000 08:05 9834394                    /lib/x86_64-linux-gnu/libresolv-2.17.so
7f2aeeb08000-7f2aeeb0a000 rw-p 00000000 00:00 0 
7f2aeeb0a000-7f2aeeb29000 r-xp 00000000 08:05 9834398                    /lib/x86_64-linux-gnu/libselinux.so.1
7f2aeeb29000-7f2aeed29000 ---p 0001f000 08:05 9834398                    /lib/x86_64-linux-gnu/libselinux.so.1
7f2aeed29000-7f2aeed2a000 r--p 0001f000 08:05 9834398                    /lib/x86_64-linux-gnu/libselinux.so.1
7f2aeed2a000-7f2aeed2b000 rw-p 00020000 08:05 9834398                    /lib/x86_64-linux-gnu/libselinux.so.1
7f2aeed2b000-7f2aeed2c000 rw-p 00000000 00:00 0 
7f2aeed2c000-7f2aeed2f000 r-xp 00000000 08:05 12190134                   /usr/lib/x86_64-linux-gnu/libgmodule-2.0.so.0.3800.1
7f2aeed2f000-7f2aeef2e000 ---p 00003000 08:05 12190134                   /usr/lib/x86_64-linux-gnu/libgmodule-2.0.so.0.3800.1
7f2aeef2e000-7f2aeef2f000 r--p 00002000 08:05 12190134                   /usr/lib/x86_64-linux-gnu/libgmodule-2.0.so.0.3800.1
7f2aeef2f000-7f2aeef30000 rw-p 00003000 08:05 12190134                   /usr/lib/x86_64-linux-gnu/libgmodule-2.0.so.0.3800.1
7f2aeef30000-7f2aef02e000 r-xp 00000000 08:05 9834386                    /lib/x86_64-linux-gnu/libglib-2.0.so.0.3800.1
7f2aef02e000-7f2aef22e000 ---p 000fe000 08:05 9834386                    /lib/x86_64-linux-gnu/libglib-2.0.so.0.3800.1
7f2aef22e000-7f2aef22f000 r--p 000fe000 08:05 9834386                    /lib/x86_64-linux-gnu/libglib-2.0.so.0.3800.1
7f2aef22f000-7f2aef230000 rw-p 000ff000 08:05 9834386                    /lib/x86_64-linux-gnu/libglib-2.0.so.0.3800.1
7f2aef230000-7f2aef231000 rw-p 00000000 00:00 0 
7f2aef231000-7f2aef280000 r-xp 00000000 08:05 12190125                   /usr/lib/x86_64-linux-gnu/libgobject-2.0.so.0.3800.1
7f2aef280000-7f2aef480000 ---p 0004f000 08:05 12190125                   /usr/lib/x86_64-linux-gnu/libgobject-2.0.so.0.3800.1
7f2aef480000-7f2aef481000 r--p 0004f000 08:05 12190125                   /usr/lib/x86_64-linux-gnu/libgobject-2.0.so.0.3800.1
7f2aef481000-7f2aef482000 rw-p 00050000 08:05 12190125                   /usr/lib/x86_64-linux-gnu/libgobject-2.0.so.0.3800.1
7f2aef482000-7f2aef5de000 r-xp 00000000 08:05 12190099                   /usr/lib/x86_64-linux-gnu/libgio-2.0.so.0.3800.1
7f2aef5de000-7f2aef7dd000 ---p 0015c000 08:05 12190099                   /usr/lib/x86_64-linux-gnu/libgio-2.0.so.0.3800.1
7f2aef7dd000-7f2aef7e1000 r--p 0015b000 08:05 12190099                   /usr/lib/x86_64-linux-gnu/libgio-2.0.so.0.3800.1
7f2aef7e1000-7f2aef7e3000 rw-p 0015f000 08:05 12190099                   /usr/lib/x86_64-linux-gnu/libgio-2.0.so.0.3800.1
7f2aef7e3000-7f2aef7e5000 rw-p 00000000 00:00 0 
7f2aef7e5000-7f2aef7fb000 r-xp 00000000 08:05 12322132                   /usr/lib/jvm/java-7-openjdk-amd64/jre/lib/amd64/libnet.so
7f2aef7fb000-7f2aef9fa000 ---p 00016000 08:05 12322132                   /usr/lib/jvm/java-7-openjdk-amd64/jre/lib/amd64/libnet.so
7f2aef9fa000-7f2aef9fb000 r--p 00015000 08:05 12322132                   /usr/lib/jvm/java-7-openjdk-amd64/jre/lib/amd64/libnet.so
7f2aef9fb000-7f2aef9fc000 rw-p 00016000 08:05 12322132                   /usr/lib/jvm/java-7-openjdk-amd64/jre/lib/amd64/libnet.so
7f2aef9fc000-7f2aef9fd000 ---p 00000000 00:00 0 
7f2aef9fd000-7f2aefafd000 rw-p 00000000 00:00 0                          [stack:2664]
7f2aefafd000-7f2aefb00000 ---p 00000000 00:00 0 
7f2aefb00000-7f2aefcfe000 rw-p 00000000 00:00 0                          [stack:2663]
7f2aefcfe000-7f2aefd01000 ---p 00000000 00:00 0 
7f2aefd01000-7f2aefdff000 rw-p 00000000 00:00 0                          [stack:2662]
7f2aefdff000-7f2aefe02000 ---p 00000000 00:00 0 
7f2aefe02000-7f2af0000000 rw-p 00000000 00:00 0                          [stack:2660]
7f2af0000000-7f2af0021000 rw-p 00000000 00:00 0 
7f2af0021000-7f2af4000000 ---p 00000000 00:00 0 
7f2af40fd000-7f2af4100000 ---p 00000000 00:00 0 
7f2af4100000-7f2af41fe000 rw-p 00000000 00:00 0                          [stack:2661]
7f2af41fe000-7f2af45f8000 r--p 00000000 08:05 12195384                   /usr/lib/locale/locale-archive
7f2af45f8000-7f2af45fb000 ---p 00000000 00:00 0 
7f2af45fb000-7f2af47f9000 rw-p 00000000 00:00 0                          [stack:2659]
7f2af47f9000-7f2af47fc000 ---p 00000000 00:00 0 
7f2af47fc000-7f2af49fa000 rw-p 00000000 00:00 0                          [stack:2658]
7f2af49fa000-7f2af49fb000 ---p 00000000 00:00 0 
7f2af49fb000-7f2af5000000 rw-p 00000000 00:00 0                          [stack:2657]
7f2af5000000-7f2af5270000 rwxp 00000000 00:00 0 
7f2af5270000-7f2af8519000 rw-p 00000000 00:00 0 
7f2af8519000-7f2afc000000 ---p 00000000 00:00 0 
7f2afc0c3000-7f2afc0c6000 ---p 00000000 00:00 0 
7f2afc0c6000-7f2afcbd4000 rw-p 00000000 00:00 0                          [stack:2668]
7f2afcbd4000-7f2afccbd000 r--s 00bb9000 08:05 16253440                   /home/luis/.rbenv/versions/jruby-1.7.10/lib/jruby.jar
7f2afccbd000-7f2afcd05000 rw-p 00000000 00:00 0 
7f2afcd05000-7f2afceb3000 r--s 01cf4000 08:05 12322430                   /usr/lib/jvm/java-7-openjdk-amd64/jre/lib/rt.jar
7f2afceb3000-7f2afe5c9000 rw-p 00000000 00:00 0 
7f2afe5c9000-7f2afe5ca000 ---p 00000000 00:00 0 
7f2afe5ca000-7f2afe6ca000 rw-p 00000000 00:00 0                          [stack:2656]
7f2afe6ca000-7f2afe6cb000 ---p 00000000 00:00 0 
7f2afe6cb000-7f2afe7cb000 rw-p 00000000 00:00 0                          [stack:2655]
7f2afe7cb000-7f2afe7cc000 ---p 00000000 00:00 0 
7f2afe7cc000-7f2afe8cc000 rw-p 00000000 00:00 0                          [stack:2654]
7f2afe8cc000-7f2afe8cd000 ---p 00000000 00:00 0 
7f2afe8cd000-7f2afe9da000 rw-p 00000000 00:00 0                          [stack:2653]
7f2afe9da000-7f2afea20000 rw-p 00000000 00:00 0 
7f2afea20000-7f2afea34000 rw-p 00000000 00:00 0 
7f2afea34000-7f2afeac6000 rw-p 00000000 00:00 0 
7f2afeac6000-7f2afead8000 rw-p 00000000 00:00 0 
7f2afead8000-7f2afeb1a000 rw-p 00000000 00:00 0 
7f2afeb1a000-7f2afeb1b000 rw-p 00000000 00:00 0 
7f2afeb1b000-7f2afeb23000 r-xp 00000000 08:05 12322081                   /usr/lib/jvm/java-7-openjdk-amd64/jre/lib/amd64/libzip.so
7f2afeb23000-7f2afed22000 ---p 00008000 08:05 12322081                   /usr/lib/jvm/java-7-openjdk-amd64/jre/lib/amd64/libzip.so
7f2afed22000-7f2afed23000 r--p 00007000 08:05 12322081                   /usr/lib/jvm/java-7-openjdk-amd64/jre/lib/amd64/libzip.so
7f2afed23000-7f2afed24000 rw-p 00008000 08:05 12322081                   /usr/lib/jvm/java-7-openjdk-amd64/jre/lib/amd64/libzip.so
7f2afed24000-7f2afed30000 r-xp 00000000 08:05 9834349                    /lib/x86_64-linux-gnu/libnss_files-2.17.so
7f2afed30000-7f2afef2f000 ---p 0000c000 08:05 9834349                    /lib/x86_64-linux-gnu/libnss_files-2.17.so
7f2afef2f000-7f2afef30000 r--p 0000b000 08:05 9834349                    /lib/x86_64-linux-gnu/libnss_files-2.17.so
7f2afef30000-7f2afef31000 rw-p 0000c000 08:05 9834349                    /lib/x86_64-linux-gnu/libnss_files-2.17.so
7f2afef31000-7f2afef3c000 r-xp 00000000 08:05 9834353                    /lib/x86_64-linux-gnu/libnss_nis-2.17.so
7f2afef3c000-7f2aff13b000 ---p 0000b000 08:05 9834353                    /lib/x86_64-linux-gnu/libnss_nis-2.17.so
7f2aff13b000-7f2aff13c000 r--p 0000a000 08:05 9834353                    /lib/x86_64-linux-gnu/libnss_nis-2.17.so
7f2aff13c000-7f2aff13d000 rw-p 0000b000 08:05 9834353                    /lib/x86_64-linux-gnu/libnss_nis-2.17.so
7f2aff13d000-7f2aff154000 r-xp 00000000 08:05 9834343                    /lib/x86_64-linux-gnu/libnsl-2.17.so
7f2aff154000-7f2aff353000 ---p 00017000 08:05 9834343                    /lib/x86_64-linux-gnu/libnsl-2.17.so
7f2aff353000-7f2aff354000 r--p 00016000 08:05 9834343                    /lib/x86_64-linux-gnu/libnsl-2.17.so
7f2aff354000-7f2aff355000 rw-p 00017000 08:05 9834343                    /lib/x86_64-linux-gnu/libnsl-2.17.so
7f2aff355000-7f2aff357000 rw-p 00000000 00:00 0 
7f2aff357000-7f2aff35f000 r-xp 00000000 08:05 9834345                    /lib/x86_64-linux-gnu/libnss_compat-2.17.so
7f2aff35f000-7f2aff55e000 ---p 00008000 08:05 9834345                    /lib/x86_64-linux-gnu/libnss_compat-2.17.so
7f2aff55e000-7f2aff55f000 r--p 00007000 08:05 9834345                    /lib/x86_64-linux-gnu/libnss_compat-2.17.so
7f2aff55f000-7f2aff560000 rw-p 00008000 08:05 9834345                    /lib/x86_64-linux-gnu/libnss_compat-2.17.so
7f2aff560000-7f2aff58b000 r-xp 00000000 08:05 12322007                   /usr/lib/jvm/java-7-openjdk-amd64/jre/lib/amd64/libjava.so
7f2aff58b000-7f2aff78a000 ---p 0002b000 08:05 12322007                   /usr/lib/jvm/java-7-openjdk-amd64/jre/lib/amd64/libjava.so
7f2aff78a000-7f2aff78b000 r--p 0002a000 08:05 12322007                   /usr/lib/jvm/java-7-openjdk-amd64/jre/lib/amd64/libjava.so
7f2aff78b000-7f2aff78d000 rw-p 0002b000 08:05 12322007                   /usr/lib/jvm/java-7-openjdk-amd64/jre/lib/amd64/libjava.so
7f2aff78d000-7f2aff79d000 r-xp 00000000 08:05 12322321                   /usr/lib/jvm/java-7-openjdk-amd64/jre/lib/amd64/libverify.so
7f2aff79d000-7f2aff99c000 ---p 00010000 08:05 12322321                   /usr/lib/jvm/java-7-openjdk-amd64/jre/lib/amd64/libverify.so
7f2aff99c000-7f2aff99e000 r--p 0000f000 08:05 12322321                   /usr/lib/jvm/java-7-openjdk-amd64/jre/lib/amd64/libverify.so
7f2aff99e000-7f2aff99f000 rw-p 00011000 08:05 12322321                   /usr/lib/jvm/java-7-openjdk-amd64/jre/lib/amd64/libverify.so
7f2aff99f000-7f2aff9a6000 r-xp 00000000 08:05 9834396                    /lib/x86_64-linux-gnu/librt-2.17.so
7f2aff9a6000-7f2affba5000 ---p 00007000 08:05 9834396                    /lib/x86_64-linux-gnu/librt-2.17.so
7f2affba5000-7f2affba6000 r--p 00006000 08:05 9834396                    /lib/x86_64-linux-gnu/librt-2.17.so
7f2affba6000-7f2affba7000 rw-p 00007000 08:05 9834396                    /lib/x86_64-linux-gnu/librt-2.17.so
7f2affba7000-7f2affbaa000 ---p 00000000 00:00 0 
7f2affbaa000-7f2affda8000 rw-p 00000000 00:00 0                          [stack:2652]
7f2affda8000-7f2affdbd000 r-xp 00000000 08:05 9830413                    /lib/x86_64-linux-gnu/libgcc_s.so.1
7f2affdbd000-7f2afffbc000 ---p 00015000 08:05 9830413                    /lib/x86_64-linux-gnu/libgcc_s.so.1
7f2afffbc000-7f2afffbd000 r--p 00014000 08:05 9830413                    /lib/x86_64-linux-gnu/libgcc_s.so.1
7f2afffbd000-7f2afffbe000 rw-p 00015000 08:05 9830413                    /lib/x86_64-linux-gnu/libgcc_s.so.1
7f2afffbe000-7f2b000c1000 r-xp 00000000 08:05 9834324                    /lib/x86_64-linux-gnu/libm-2.17.so
7f2b000c1000-7f2b002c0000 ---p 00103000 08:05 9834324                    /lib/x86_64-linux-gnu/libm-2.17.so
7f2b002c0000-7f2b002c1000 r--p 00102000 08:05 9834324                    /lib/x86_64-linux-gnu/libm-2.17.so
7f2b002c1000-7f2b002c2000 rw-p 00103000 08:05 9834324                    /lib/x86_64-linux-gnu/libm-2.17.so
7f2b002c2000-7f2b003a8000 r-xp 00000000 08:05 12190887                   /usr/lib/x86_64-linux-gnu/libstdc++.so.6.0.18
7f2b003a8000-7f2b005a7000 ---p 000e6000 08:05 12190887                   /usr/lib/x86_64-linux-gnu/libstdc++.so.6.0.18
7f2b005a7000-7f2b005af000 r--p 000e5000 08:05 12190887                   /usr/lib/x86_64-linux-gnu/libstdc++.so.6.0.18
7f2b005af000-7f2b005b1000 rw-p 000ed000 08:05 12190887                   /usr/lib/x86_64-linux-gnu/libstdc++.so.6.0.18
7f2b005b1000-7f2b005c6000 rw-p 00000000 00:00 0 
7f2b005c6000-7f2b010a5000 r-xp 00000000 08:05 12322340                   /usr/lib/jvm/java-7-openjdk-amd64/jre/lib/amd64/server/libjvm.so
7f2b010a5000-7f2b012a4000 ---p 00adf000 08:05 12322340                   /usr/lib/jvm/java-7-openjdk-amd64/jre/lib/amd64/server/libjvm.so
7f2b012a4000-7f2b01336000 r--p 00ade000 08:05 12322340                   /usr/lib/jvm/java-7-openjdk-amd64/jre/lib/amd64/server/libjvm.so
7f2b01336000-7f2b01359000 rw-p 00b70000 08:05 12322340                   /usr/lib/jvm/java-7-openjdk-amd64/jre/lib/amd64/server/libjvm.so
7f2b01359000-7f2b01386000 rw-p 00000000 00:00 0 
7f2b01386000-7f2b0139e000 r-xp 00000000 08:05 9834431                    /lib/x86_64-linux-gnu/libz.so.1.2.8
7f2b0139e000-7f2b0159d000 ---p 00018000 08:05 9834431                    /lib/x86_64-linux-gnu/libz.so.1.2.8
7f2b0159d000-7f2b0159e000 r--p 00017000 08:05 9834431                    /lib/x86_64-linux-gnu/libz.so.1.2.8
7f2b0159e000-7f2b0159f000 rw-p 00018000 08:05 9834431                    /lib/x86_64-linux-gnu/libz.so.1.2.8
7f2b0159f000-7f2b015b6000 r-xp 00000000 08:05 9834388                    /lib/x86_64-linux-gnu/libpthread-2.17.so
7f2b015b6000-7f2b017b6000 ---p 00017000 08:05 9834388                    /lib/x86_64-linux-gnu/libpthread-2.17.so
7f2b017b6000-7f2b017b7000 r--p 00017000 08:05 9834388                    /lib/x86_64-linux-gnu/libpthread-2.17.so
7f2b017b7000-7f2b017b8000 rw-p 00018000 08:05 9834388                    /lib/x86_64-linux-gnu/libpthread-2.17.so
7f2b017b8000-7f2b017bc000 rw-p 00000000 00:00 0 
7f2b017bc000-7f2b017bf000 r-xp 00000000 08:05 9834288                    /lib/x86_64-linux-gnu/libdl-2.17.so
7f2b017bf000-7f2b019be000 ---p 00003000 08:05 9834288                    /lib/x86_64-linux-gnu/libdl-2.17.so
7f2b019be000-7f2b019bf000 r--p 00002000 08:05 9834288                    /lib/x86_64-linux-gnu/libdl-2.17.so
7f2b019bf000-7f2b019c0000 rw-p 00003000 08:05 9834288                    /lib/x86_64-linux-gnu/libdl-2.17.so
7f2b019c0000-7f2b01b7d000 r-xp 00000000 08:05 9834273                    /lib/x86_64-linux-gnu/libc-2.17.so
7f2b01b7d000-7f2b01d7d000 ---p 001bd000 08:05 9834273                    /lib/x86_64-linux-gnu/libc-2.17.so
7f2b01d7d000-7f2b01d81000 r--p 001bd000 08:05 9834273                    /lib/x86_64-linux-gnu/libc-2.17.so
7f2b01d81000-7f2b01d83000 rw-p 001c1000 08:05 9834273                    /lib/x86_64-linux-gnu/libc-2.17.so
7f2b01d83000-7f2b01d88000 rw-p 00000000 00:00 0 
7f2b01d88000-7f2b01d95000 r-xp 00000000 08:05 12322347                   /usr/lib/jvm/java-7-openjdk-amd64/jre/lib/amd64/jli/libjli.so
7f2b01d95000-7f2b01f94000 ---p 0000d000 08:05 12322347                   /usr/lib/jvm/java-7-openjdk-amd64/jre/lib/amd64/jli/libjli.so
7f2b01f94000-7f2b01f95000 r--p 0000c000 08:05 12322347                   /usr/lib/jvm/java-7-openjdk-amd64/jre/lib/amd64/jli/libjli.so
7f2b01f95000-7f2b01f96000 rw-p 0000d000 08:05 12322347                   /usr/lib/jvm/java-7-openjdk-amd64/jre/lib/amd64/jli/libjli.so
7f2b01f96000-7f2b01fb9000 r-xp 00000000 08:05 9834249                    /lib/x86_64-linux-gnu/ld-2.17.so
7f2b01fbe000-7f2b01fbf000 rw-p 00000000 00:00 0 
7f2b01fbf000-7f2b01fc0000 r-xp 00000000 00:00 0 
7f2b01fc0000-7f2b01fc7000 r--s 00000000 08:05 12588976                   /usr/lib/x86_64-linux-gnu/gconv/gconv-modules.cache
7f2b01fc7000-7f2b01fcc000 r--s 0004c000 08:05 12322352                   /usr/lib/jvm/java-7-openjdk-amd64/jre/lib/jsse.jar
7f2b01fcc000-7f2b01fcf000 r--s 00032000 08:05 12322366                   /usr/lib/jvm/java-7-openjdk-amd64/jre/lib/ext/sunjce_provider.jar
7f2b01fcf000-7f2b01fd2000 r--s 0000f000 08:05 12322362                   /usr/lib/jvm/java-7-openjdk-amd64/jre/lib/ext/pulse-java.jar
7f2b01fd2000-7f2b01fed000 rw-p 00000000 00:00 0 
7f2b01fed000-7f2b02033000 rw-p 00000000 00:00 0 
7f2b02033000-7f2b02047000 rw-p 00000000 00:00 0 
7f2b02047000-7f2b020da000 rw-p 00000000 00:00 0 
7f2b020da000-7f2b020e4000 rw-p 00000000 00:00 0 
7f2b020e4000-7f2b0219a000 rw-p 00000000 00:00 0 
7f2b0219a000-7f2b0219f000 rw-p 00000000 00:00 0 
7f2b0219f000-7f2b021a1000 r--s 00006000 08:05 12717881                   /usr/share/java/java-atk-wrapper.jar
7f2b021a1000-7f2b021a5000 r--s 00085000 08:05 12322360                   /usr/lib/jvm/java-7-openjdk-amd64/jre/lib/ext/localedata.jar
7f2b021a5000-7f2b021a9000 r--s 0003b000 08:05 12322372                   /usr/lib/jvm/java-7-openjdk-amd64/jre/lib/ext/sunpkcs11.jar
7f2b021a9000-7f2b021aa000 r--s 00002000 08:05 12322370                   /usr/lib/jvm/java-7-openjdk-amd64/jre/lib/ext/dnsns.jar
7f2b021aa000-7f2b021ac000 r--s 00012000 08:05 12322364                   /usr/lib/jvm/java-7-openjdk-amd64/jre/lib/ext/zipfs.jar
7f2b021ac000-7f2b021b4000 rw-s 00000000 08:05 7340068                    /tmp/hsperfdata_luis/2627
7f2b021b4000-7f2b021b5000 rw-p 00000000 00:00 0 
7f2b021b5000-7f2b021b6000 r--p 00000000 00:00 0 
7f2b021b6000-7f2b021b8000 rw-p 00000000 00:00 0 
7f2b021b8000-7f2b021b9000 r--p 00022000 08:05 9834249                    /lib/x86_64-linux-gnu/ld-2.17.so
7f2b021b9000-7f2b021bb000 rw-p 00023000 08:05 9834249                    /lib/x86_64-linux-gnu/ld-2.17.so
7ffff1943000-7ffff1964000 rw-p 00000000 00:00 0                          [stack]
7ffff197a000-7ffff197c000 r-xp 00000000 00:00 0                          [vdso]
ffffffffff600000-ffffffffff601000 r-xp 00000000 00:00 0                  [vsyscall]

VM Arguments:
jvm_args: -Djdk.home= -Djruby.home=/home/luis/.rbenv/versions/jruby-1.7.10 -Djruby.script=jruby -Djruby.shell=/bin/sh -Djffi.boot.library.path=/home/luis/.rbenv/versions/jruby-1.7.10/lib/jni:/home/luis/.rbenv/versions/jruby-1.7.10/lib/jni/arm-Linux:/home/luis/.rbenv/versions/jruby-1.7.10/lib/jni/x86_64-Linux:/home/luis/.rbenv/versions/jruby-1.7.10/lib/jni/i386-Linux -Xmx500m -Xss2048k -Xbootclasspath/a:/home/luis/.rbenv/versions/jruby-1.7.10/lib/jruby.jar 
java_command: org/jruby/Main Makefile.rb clean compile test
Launcher Type: SUN_STANDARD

Environment Variables:
PATH=/home/luis/.rbenv/versions/jruby-1.7.10/bin:/home/luis/.rbenv/libexec:/home/luis/.rbenv/plugins/ruby-build/bin:/home/luis/.rbenv/shims:~/.rbenv/bin:~/.rbenv/bin:/usr/local/sbin:/usr/local/bin:/usr/sbin:/usr/bin:/sbin:/bin:/usr/games:/usr/local/games
USERNAME=luis
SHELL=/bin/bash
DISPLAY=:0

Signal Handlers:
SIGSEGV: [libjvm.so+0x916ea0], sa_mask[0]=0x7ffbfeff, sa_flags=0x10000004
SIGBUS: [libjvm.so+0x916ea0], sa_mask[0]=0x7ffbfeff, sa_flags=0x10000004
SIGFPE: [libjvm.so+0x794800], sa_mask[0]=0x7ffbfeff, sa_flags=0x10000004
SIGPIPE: [libjvm.so+0x794800], sa_mask[0]=0x7ffbfeff, sa_flags=0x10000004
SIGXFSZ: [libjvm.so+0x794800], sa_mask[0]=0x7ffbfeff, sa_flags=0x10000004
SIGILL: [libjvm.so+0x794800], sa_mask[0]=0x7ffbfeff, sa_flags=0x10000004
SIGUSR1: SIG_DFL, sa_mask[0]=0x00000000, sa_flags=0x00000000
SIGUSR2: [libjvm.so+0x7946a0], sa_mask[0]=0x00000000, sa_flags=0x10000004
SIGHUP: [libjvm.so+0x794880], sa_mask[0]=0x7ffbfeff, sa_flags=0x10000004
SIGINT: [libjvm.so+0x794880], sa_mask[0]=0x7ffbfeff, sa_flags=0x10000004
SIGTERM: [libjvm.so+0x794880], sa_mask[0]=0x7ffbfeff, sa_flags=0x10000004
SIGQUIT: [libjvm.so+0x794880], sa_mask[0]=0x7ffbfeff, sa_flags=0x10000004


---------------  S Y S T E M  ---------------

OS:LinuxMint 16 (petra)
uname:Linux 3.11.0-12-generic #19-Ubuntu SMP Wed Oct 9 16:20:46 UTC 2013 x86_64
libc:glibc 2.17 NPTL 2.17 
rlimit: STACK 8192k, CORE 0k, NPROC 29806, NOFILE 4096, AS infinity
load average:0,25 0,21 0,13

/proc/meminfo:
MemTotal:        3844532 kB
MemFree:         2898316 kB
Buffers:           52768 kB
Cached:           511248 kB
SwapCached:            0 kB
Active:           438220 kB
Inactive:         401112 kB
Active(anon):     276224 kB
Inactive(anon):   110520 kB
Active(file):     161996 kB
Inactive(file):   290592 kB
Unevictable:           0 kB
Mlocked:               0 kB
SwapTotal:       3987452 kB
SwapFree:        3987452 kB
Dirty:               164 kB
Writeback:             0 kB
AnonPages:        275452 kB
Mapped:            83280 kB
Shmem:            111432 kB
Slab:              46380 kB
SReclaimable:      26876 kB
SUnreclaim:        19504 kB
KernelStack:        2712 kB
PageTables:        14396 kB
NFS_Unstable:          0 kB
Bounce:                0 kB
WritebackTmp:          0 kB
CommitLimit:     5909716 kB
Committed_AS:    1473856 kB
VmallocTotal:   34359738367 kB
VmallocUsed:      348004 kB
VmallocChunk:   34359386120 kB
HardwareCorrupted:     0 kB
AnonHugePages:         0 kB
HugePages_Total:       0
HugePages_Free:        0
HugePages_Rsvd:        0
HugePages_Surp:        0
Hugepagesize:       2048 kB
DirectMap4k:       58612 kB
DirectMap2M:     3930112 kB


CPU:total 4 (2 cores per cpu, 2 threads per core) family 6 model 37 stepping 5, cmov, cx8, fxsr, mmx, sse, sse2, sse3, ssse3, sse4.1, sse4.2, popcnt, ht, tsc, tscinvbit

/proc/cpuinfo:
processor	: 0
vendor_id	: GenuineIntel
cpu family	: 6
model		: 37
model name	: Intel(R) Core(TM) i5 CPU       M 460  @ 2.53GHz
stepping	: 5
microcode	: 0x2
cpu MHz		: 1199.000
cache size	: 3072 KB
physical id	: 0
siblings	: 4
core id		: 0
cpu cores	: 2
apicid		: 0
initial apicid	: 0
fpu		: yes
fpu_exception	: yes
cpuid level	: 11
wp		: yes
flags		: fpu vme de pse tsc msr pae mce cx8 apic sep mtrr pge mca cmov pat pse36 clflush dts acpi mmx fxsr sse sse2 ss ht tm pbe syscall nx rdtscp lm constant_tsc arch_perfmon pebs bts rep_good nopl xtopology nonstop_tsc aperfmperf pni dtes64 monitor ds_cpl vmx est tm2 ssse3 cx16 xtpr pdcm pcid sse4_1 sse4_2 popcnt lahf_lm ida arat dtherm tpr_shadow vnmi flexpriority ept vpid
bogomips	: 5066.78
clflush size	: 64
cache_alignment	: 64
address sizes	: 36 bits physical, 48 bits virtual
power management:

processor	: 1
vendor_id	: GenuineIntel
cpu family	: 6
model		: 37
model name	: Intel(R) Core(TM) i5 CPU       M 460  @ 2.53GHz
stepping	: 5
microcode	: 0x2
cpu MHz		: 2534.000
cache size	: 3072 KB
physical id	: 0
siblings	: 4
core id		: 0
cpu cores	: 2
apicid		: 1
initial apicid	: 1
fpu		: yes
fpu_exception	: yes
cpuid level	: 11
wp		: yes
flags		: fpu vme de pse tsc msr pae mce cx8 apic sep mtrr pge mca cmov pat pse36 clflush dts acpi mmx fxsr sse sse2 ss ht tm pbe syscall nx rdtscp lm constant_tsc arch_perfmon pebs bts rep_good nopl xtopology nonstop_tsc aperfmperf pni dtes64 monitor ds_cpl vmx est tm2 ssse3 cx16 xtpr pdcm pcid sse4_1 sse4_2 popcnt lahf_lm ida arat dtherm tpr_shadow vnmi flexpriority ept vpid
bogomips	: 5066.78
clflush size	: 64
cache_alignment	: 64
address sizes	: 36 bits physical, 48 bits virtual
power management:

processor	: 2
vendor_id	: GenuineIntel
cpu family	: 6
model		: 37
model name	: Intel(R) Core(TM) i5 CPU       M 460  @ 2.53GHz
stepping	: 5
microcode	: 0x2
cpu MHz		: 1199.000
cache size	: 3072 KB
physical id	: 0
siblings	: 4
core id		: 2
cpu cores	: 2
apicid		: 4
initial apicid	: 4
fpu		: yes
fpu_exception	: yes
cpuid level	: 11
wp		: yes
flags		: fpu vme de pse tsc msr pae mce cx8 apic sep mtrr pge mca cmov pat pse36 clflush dts acpi mmx fxsr sse sse2 ss ht tm pbe syscall nx rdtscp lm constant_tsc arch_perfmon pebs bts rep_good nopl xtopology nonstop_tsc aperfmperf pni dtes64 monitor ds_cpl vmx est tm2 ssse3 cx16 xtpr pdcm pcid sse4_1 sse4_2 popcnt lahf_lm ida arat dtherm tpr_shadow vnmi flexpriority ept vpid
bogomips	: 5066.78
clflush size	: 64
cache_alignment	: 64
address sizes	: 36 bits physical, 48 bits virtual
power management:

processor	: 3
vendor_id	: GenuineIntel
cpu family	: 6
model		: 37
model name	: Intel(R) Core(TM) i5 CPU       M 460  @ 2.53GHz
stepping	: 5
microcode	: 0x2
cpu MHz		: 1199.000
cache size	: 3072 KB
physical id	: 0
siblings	: 4
core id		: 2
cpu cores	: 2
apicid		: 5
initial apicid	: 5
fpu		: yes
fpu_exception	: yes
cpuid level	: 11
wp		: yes
flags		: fpu vme de pse tsc msr pae mce cx8 apic sep mtrr pge mca cmov pat pse36 clflush dts acpi mmx fxsr sse sse2 ss ht tm pbe syscall nx rdtscp lm constant_tsc arch_perfmon pebs bts rep_good nopl xtopology nonstop_tsc aperfmperf pni dtes64 monitor ds_cpl vmx est tm2 ssse3 cx16 xtpr pdcm pcid sse4_1 sse4_2 popcnt lahf_lm ida arat dtherm tpr_shadow vnmi flexpriority ept vpid
bogomips	: 5066.78
clflush size	: 64
cache_alignment	: 64
address sizes	: 36 bits physical, 48 bits virtual
power management:



Memory: 4k page, physical 3844532k(2898316k free), swap 3987452k(3987452k free)

vm_info: OpenJDK 64-Bit Server VM (24.45-b08) for linux-amd64 JRE (1.7.0_51-b00), built on Jan 15 2014 22:02:57 by "buildd" with gcc 4.8.1

time: Mon Apr  7 10:28:59 2014
elapsed time: 3 seconds

