#
# A fatal error has been detected by the Java Runtime Environment:
#
#  SIGSEGV (0xb) at pc=0x00007ff709a9554b, pid=7920, tid=140699308173056
#
# JRE version: OpenJDK Runtime Environment (7.0_51) (build 1.7.0_51-b00)
# Java VM: OpenJDK 64-Bit Server VM (24.45-b08 mixed mode linux-amd64 compressed oops)
# Problematic frame:
# C  [libconvex_hull.so+0x154b]  imprime_lista+0x2e
#
# Failed to write core dump. Core dumps have been disabled. To enable core dumping, try "ulimit -c unlimited" before starting Java again
#
# If you would like to submit a bug report, please include
# instructions on how to reproduce the bug and visit:
#   http://icedtea.classpath.org/bugzilla
# The crash happened outside the Java Virtual Machine in native code.
# See problematic frame for where to report the bug.
#

---------------  T H R E A D  ---------------

Current thread (0x00007ff71800a800):  JavaThread "main" [_thread_in_native, id=7945, stack(0x00007ff71c28a000,0x00007ff71c48b000)]

siginfo:si_signo=SIGSEGV: si_errno=0, si_code=1 (SEGV_MAPERR), si_addr=0x0000000000000000

Registers:
RAX=0x0000000000000000, RBX=0x00000000d79ca6a0, RCX=0x0000000000000023, RDX=0x0000000000000000
RSP=0x00007ff71c487ee0, RBP=0x00007ff71c487f10, RSI=0x0000000000000000, RDI=0x00007ff71c4879b0
R8 =0x00007ff71e4636a0, R9 =0x00007ff71e0f1134, R10=0x0000000000000000, R11=0x0000000000000000
R12=0x0000000000000000, R13=0x00000000d79ca6a0, R14=0x00007ff71c488078, R15=0x00007ff71800a800
RIP=0x00007ff709a9554b, EFLAGS=0x0000000000010293, CSGSFS=0x0000000000000033, ERR=0x0000000000000004
  TRAPNO=0x000000000000000e

Top of Stack: (sp=0x00007ff71c487ee0)
0x00007ff71c487ee0:   00007ff718542970 00007ff7185428f0
0x00007ff71c487ef0:   00007ff7185429b0 0000000300000001
0x00007ff71c487f00:   00000d3cfffff7b5 0000000000000000
0x00007ff71c487f10:   00007ff71c487f90 00007ff709a9579d
0x00007ff71c487f20:   00000000d7e478c8 00007ff718542d80
0x00007ff71c487f30:   00007ff71c487f48 00007ff71c487fc0
0x00007ff71c487f40:   00007ff718549df0 00007ff7185428f0
0x00007ff71c487f50:   00007ff7185428b0 00007ff718542910
0x00007ff71c487f60:   00007ff718542870 00007ff718542930
0x00007ff71c487f70:   00007ff718549dd0 00007ff718542950
0x00007ff71c487f80:   00007ff71c487f80 00000000d6be0c20
0x00007ff71c487f90:   00007ff7185003a0 00007ff70a8a7cd9
0x00007ff71c487fa0:   00000000d7ecf700 00000000d79ca6a0
0x00007ff71c487fb0:   00007ff71c488030 00007ff71418e738
0x00007ff71c487fc0:   00007ff71c488050 00007ff714182233
0x00007ff71c487fd0:   00000000f64a85a8 00000000f62069b8
0x00007ff71c487fe0:   00000000f7a2f260 00000000f6660130
0x00007ff71c487ff0:   00007ff71c487ff0 0000000000000000
0x00007ff71c488000:   00007ff71c488078 00000000d79d2bc8
0x00007ff71c488010:   0000000000000000 00000000d79ca6a0
0x00007ff71c488020:   0000000000000000 00007ff71c488050
0x00007ff71c488030:   00007ff71c4880c0 00007ff714182175
0x00007ff71c488040:   00000000e10c5550 00007ff71418acd7
0x00007ff71c488050:   00007ff718542d80 00007ff714182233
0x00007ff71c488060:   00007ff709a9566a 00007ff714182233
0x00007ff71c488070:   00007ff7185003a0 00007ff714182233
0x00007ff71c488080:   00007ff71c488080 00000000d7ac7507
0x00007ff71c488090:   00007ff71c4880f8 00000000d7ad3760
0x00007ff71c4880a0:   0000000000000000 00000000d7ac7548
0x00007ff71c4880b0:   00007ff71c488050 00007ff71c4880d0
0x00007ff71c4880c0:   00007ff71c488148 00007ff714182175
0x00007ff71c4880d0:   00007ff718542d80 00000000f6660110 

Instructions: (pc=0x00007ff709a9554b)
0x00007ff709a9552b:   45 d8 48 8b 00 48 89 45 f8 48 8b 45 d8 8b 40 10
0x00007ff709a9553b:   89 45 ec c7 45 e8 00 00 00 00 eb 4b 48 8b 45 f8
0x00007ff709a9554b:   48 8b 00 8b 00 89 45 f0 48 8b 45 f8 48 8b 00 8b
0x00007ff709a9555b:   40 04 89 45 f4 8b 75 f4 8b 4d f0 8b 55 e8 8b 45 

Register to memory mapping:

RAX=0x0000000000000000 is an unknown value
RBX=0x00000000d79ca6a0 is an oop
{method} 
 - klass: {other class}
RCX=0x0000000000000023 is an unknown value
RDX=0x0000000000000000 is an unknown value
RSP=0x00007ff71c487ee0 is pointing into the stack for thread: 0x00007ff71800a800
RBP=0x00007ff71c487f10 is pointing into the stack for thread: 0x00007ff71800a800
RSI=0x0000000000000000 is an unknown value
RDI=0x00007ff71c4879b0 is pointing into the stack for thread: 0x00007ff71800a800
R8 =0x00007ff71e4636a0: _IO_file_jumps+0 in /lib/x86_64-linux-gnu/libc.so.6 at 0x00007ff71e0a3000
R9 =0x00007ff71e0f1134: _IO_vfprintf+0x49b4 in /lib/x86_64-linux-gnu/libc.so.6 at 0x00007ff71e0a3000
R10=0x0000000000000000 is an unknown value
R11=0x0000000000000000 is an unknown value
R12=0x0000000000000000 is an unknown value
R13=0x00000000d79ca6a0 is an oop
{method} 
 - klass: {other class}
R14=0x00007ff71c488078 is pointing into the stack for thread: 0x00007ff71800a800
R15=0x00007ff71800a800 is a thread


Stack: [0x00007ff71c28a000,0x00007ff71c48b000],  sp=0x00007ff71c487ee0,  free space=2039k
Native frames: (J=compiled Java code, j=interpreted, Vv=VM code, C=native code)
C  [libconvex_hull.so+0x154b]  imprime_lista+0x2e
C  [libconvex_hull.so+0x179d]  convex_hull+0x133

Java frames: (J=compiled Java code, j=interpreted, Vv=VM code)
j  com.kenai.jffi.Foreign.invokeL1(JJJ)J+0
j  com.kenai.jffi.Invoker.invokeL1(Lcom/kenai/jffi/CallContext;JJ)J+7
j  org.jruby.ext.ffi.jffi.NativeInvoker$ffi$1.call(Lorg/jruby/runtime/ThreadContext;Lorg/jruby/runtime/builtin/IRubyObject;Lorg/jruby/RubyModule;Ljava/lang/String;Lorg/jruby/runtime/builtin/IRubyObject;)Lorg/jruby/runtime/builtin/IRubyObject;+76
j  org.jruby.runtime.callsite.CachingCallSite.cacheAndCall(Lorg/jruby/runtime/builtin/IRubyObject;Lorg/jruby/RubyClass;Lorg/jruby/runtime/ThreadContext;Lorg/jruby/runtime/builtin/IRubyObject;Lorg/jruby/runtime/builtin/IRubyObject;)Lorg/jruby/runtime/builtin/IRubyObject;+57
J  org.jruby.runtime.callsite.CachingCallSite.call(Lorg/jruby/runtime/ThreadContext;Lorg/jruby/runtime/builtin/IRubyObject;Lorg/jruby/runtime/builtin/IRubyObject;Lorg/jruby/runtime/builtin/IRubyObject;)Lorg/jruby/runtime/builtin/IRubyObject;
J  org.jruby.ast.CallOneArgNode.interpret(Lorg/jruby/Ruby;Lorg/jruby/runtime/ThreadContext;Lorg/jruby/runtime/builtin/IRubyObject;Lorg/jruby/runtime/Block;)Lorg/jruby/runtime/builtin/IRubyObject;
j  org.jruby.ast.LocalAsgnNode.interpret(Lorg/jruby/Ruby;Lorg/jruby/runtime/ThreadContext;Lorg/jruby/runtime/builtin/IRubyObject;Lorg/jruby/runtime/Block;)Lorg/jruby/runtime/builtin/IRubyObject;+30
J  org.jruby.ast.BlockNode.interpret(Lorg/jruby/Ruby;Lorg/jruby/runtime/ThreadContext;Lorg/jruby/runtime/builtin/IRubyObject;Lorg/jruby/runtime/Block;)Lorg/jruby/runtime/builtin/IRubyObject;
j  org.jruby.evaluator.ASTInterpreter.INTERPRET_METHOD(Lorg/jruby/Ruby;Lorg/jruby/runtime/ThreadContext;Ljava/lang/String;ILorg/jruby/RubyModule;Lorg/jruby/ast/Node;Ljava/lang/String;Lorg/jruby/runtime/builtin/IRubyObject;Lorg/jruby/runtime/Block;Z)Lorg/jruby/runtime/builtin/IRubyObject;+30
j  org.jruby.internal.runtime.methods.InterpretedMethod.call(Lorg/jruby/runtime/ThreadContext;Lorg/jruby/runtime/builtin/IRubyObject;Lorg/jruby/RubyModule;Ljava/lang/String;)Lorg/jruby/runtime/builtin/IRubyObject;+80
j  org.jruby.internal.runtime.methods.DefaultMethod.call(Lorg/jruby/runtime/ThreadContext;Lorg/jruby/runtime/builtin/IRubyObject;Lorg/jruby/RubyModule;Ljava/lang/String;)Lorg/jruby/runtime/builtin/IRubyObject;+20
j  org.jruby.runtime.callsite.CachingCallSite.cacheAndCall(Lorg/jruby/runtime/builtin/IRubyObject;Lorg/jruby/RubyClass;Lorg/jruby/runtime/ThreadContext;Lorg/jruby/runtime/builtin/IRubyObject;)Lorg/jruby/runtime/builtin/IRubyObject;+53
j  org.jruby.runtime.callsite.CachingCallSite.call(Lorg/jruby/runtime/ThreadContext;Lorg/jruby/runtime/builtin/IRubyObject;Lorg/jruby/runtime/builtin/IRubyObject;)Lorg/jruby/runtime/builtin/IRubyObject;+46
j  org.jruby.ast.CallNoArgNode.interpret(Lorg/jruby/Ruby;Lorg/jruby/runtime/ThreadContext;Lorg/jruby/runtime/builtin/IRubyObject;Lorg/jruby/runtime/Block;)Lorg/jruby/runtime/builtin/IRubyObject;+18
j  org.jruby.ast.FCallTwoArgNode.interpret(Lorg/jruby/Ruby;Lorg/jruby/runtime/ThreadContext;Lorg/jruby/runtime/builtin/IRubyObject;Lorg/jruby/runtime/Block;)Lorg/jruby/runtime/builtin/IRubyObject;+28
J  org.jruby.ast.BlockNode.interpret(Lorg/jruby/Ruby;Lorg/jruby/runtime/ThreadContext;Lorg/jruby/runtime/builtin/IRubyObject;Lorg/jruby/runtime/Block;)Lorg/jruby/runtime/builtin/IRubyObject;
j  org.jruby.evaluator.ASTInterpreter.INTERPRET_METHOD(Lorg/jruby/Ruby;Lorg/jruby/runtime/ThreadContext;Ljava/lang/String;ILorg/jruby/RubyModule;Lorg/jruby/ast/Node;Ljava/lang/String;Lorg/jruby/runtime/builtin/IRubyObject;Lorg/jruby/runtime/Block;Z)Lorg/jruby/runtime/builtin/IRubyObject;+30
j  org.jruby.internal.runtime.methods.InterpretedMethod.call(Lorg/jruby/runtime/ThreadContext;Lorg/jruby/runtime/builtin/IRubyObject;Lorg/jruby/RubyModule;Ljava/lang/String;)Lorg/jruby/runtime/builtin/IRubyObject;+80
j  org.jruby.internal.runtime.methods.DefaultMethod.call(Lorg/jruby/runtime/ThreadContext;Lorg/jruby/runtime/builtin/IRubyObject;Lorg/jruby/RubyModule;Ljava/lang/String;)Lorg/jruby/runtime/builtin/IRubyObject;+20
j  org.jruby.runtime.callsite.CachingCallSite.cacheAndCall(Lorg/jruby/runtime/builtin/IRubyObject;Lorg/jruby/RubyClass;Lorg/jruby/runtime/ThreadContext;Lorg/jruby/runtime/builtin/IRubyObject;)Lorg/jruby/runtime/builtin/IRubyObject;+53
j  org.jruby.runtime.callsite.CachingCallSite.call(Lorg/jruby/runtime/ThreadContext;Lorg/jruby/runtime/builtin/IRubyObject;Lorg/jruby/runtime/builtin/IRubyObject;)Lorg/jruby/runtime/builtin/IRubyObject;+46
j  Makefile.method__2$RUBY$test(LMakefile;Lorg/jruby/runtime/ThreadContext;Lorg/jruby/runtime/builtin/IRubyObject;Lorg/jruby/runtime/Block;)Lorg/jruby/runtime/builtin/IRubyObject;+130
j  Makefile$method__2$RUBY$test.call(Lorg/jruby/runtime/ThreadContext;Lorg/jruby/runtime/builtin/IRubyObject;Lorg/jruby/RubyModule;Ljava/lang/String;Lorg/jruby/runtime/Block;)Lorg/jruby/runtime/builtin/IRubyObject;+17
j  org.jruby.RubyClass.finvoke(Lorg/jruby/runtime/ThreadContext;Lorg/jruby/runtime/builtin/IRubyObject;Ljava/lang/String;Lorg/jruby/runtime/Block;)Lorg/jruby/runtime/builtin/IRubyObject;+41
j  org.jruby.RubyBasicObject.send19(Lorg/jruby/runtime/ThreadContext;Lorg/jruby/runtime/builtin/IRubyObject;Lorg/jruby/runtime/Block;)Lorg/jruby/runtime/builtin/IRubyObject;+15
j  org.jruby.RubyKernel.send19(Lorg/jruby/runtime/ThreadContext;Lorg/jruby/runtime/builtin/IRubyObject;Lorg/jruby/runtime/builtin/IRubyObject;Lorg/jruby/runtime/Block;)Lorg/jruby/runtime/builtin/IRubyObject;+7
j  org.jruby.RubyKernel$INVOKER$s$send19.call(Lorg/jruby/runtime/ThreadContext;Lorg/jruby/runtime/builtin/IRubyObject;Lorg/jruby/RubyModule;Ljava/lang/String;Lorg/jruby/runtime/builtin/IRubyObject;Lorg/jruby/runtime/Block;)Lorg/jruby/runtime/builtin/IRubyObject;+6
j  org.jruby.internal.runtime.methods.JavaMethod$JavaMethodOneOrNBlock.call(Lorg/jruby/runtime/ThreadContext;Lorg/jruby/runtime/builtin/IRubyObject;Lorg/jruby/RubyModule;Ljava/lang/String;Lorg/jruby/runtime/builtin/IRubyObject;)Lorg/jruby/runtime/builtin/IRubyObject;+11
j  org.jruby.runtime.callsite.CachingCallSite.call(Lorg/jruby/runtime/ThreadContext;Lorg/jruby/runtime/builtin/IRubyObject;Lorg/jruby/runtime/builtin/IRubyObject;Lorg/jruby/runtime/builtin/IRubyObject;)Lorg/jruby/runtime/builtin/IRubyObject;+38
j  Makefile.block_6$RUBY$__file__(LMakefile;Lorg/jruby/runtime/ThreadContext;Lorg/jruby/runtime/builtin/IRubyObject;[Lorg/jruby/runtime/builtin/IRubyObject;Lorg/jruby/runtime/Block;)Lorg/jruby/runtime/builtin/IRubyObject;+46
j  Makefile$block_6$RUBY$__file__.call(Lorg/jruby/runtime/ThreadContext;Lorg/jruby/runtime/builtin/IRubyObject;[Lorg/jruby/runtime/builtin/IRubyObject;Lorg/jruby/runtime/Block;)Lorg/jruby/runtime/builtin/IRubyObject;+9
j  org.jruby.runtime.CompiledBlock19.yield(Lorg/jruby/runtime/ThreadContext;Lorg/jruby/runtime/builtin/IRubyObject;Lorg/jruby/runtime/Binding;Lorg/jruby/runtime/Block$Type;)Lorg/jruby/runtime/builtin/IRubyObject;+52
j  org.jruby.runtime.Block.yield(Lorg/jruby/runtime/ThreadContext;Lorg/jruby/runtime/builtin/IRubyObject;)Lorg/jruby/runtime/builtin/IRubyObject;+14
j  org.jruby.RubyArray.eachCommon(Lorg/jruby/runtime/ThreadContext;Lorg/jruby/runtime/Block;)Lorg/jruby/runtime/builtin/IRubyObject;+41
j  org.jruby.RubyArray.each(Lorg/jruby/runtime/ThreadContext;Lorg/jruby/runtime/Block;)Lorg/jruby/runtime/builtin/IRubyObject;+10
j  org.jruby.RubyArray$INVOKER$i$0$0$each.call(Lorg/jruby/runtime/ThreadContext;Lorg/jruby/runtime/builtin/IRubyObject;Lorg/jruby/RubyModule;Ljava/lang/String;Lorg/jruby/runtime/Block;)Lorg/jruby/runtime/builtin/IRubyObject;+7
j  org.jruby.runtime.callsite.CachingCallSite.cacheAndCall(Lorg/jruby/runtime/builtin/IRubyObject;Lorg/jruby/RubyClass;Lorg/jruby/runtime/Block;Lorg/jruby/runtime/ThreadContext;Lorg/jruby/runtime/builtin/IRubyObject;)Lorg/jruby/runtime/builtin/IRubyObject;+57
j  org.jruby.runtime.callsite.CachingCallSite.callBlock(Lorg/jruby/runtime/ThreadContext;Lorg/jruby/runtime/builtin/IRubyObject;Lorg/jruby/runtime/builtin/IRubyObject;Lorg/jruby/runtime/Block;)Lorg/jruby/runtime/builtin/IRubyObject;+50
j  org.jruby.runtime.callsite.CachingCallSite.callIter(Lorg/jruby/runtime/ThreadContext;Lorg/jruby/runtime/builtin/IRubyObject;Lorg/jruby/runtime/builtin/IRubyObject;Lorg/jruby/runtime/Block;)Lorg/jruby/runtime/builtin/IRubyObject;+6
j  Makefile.__file__(LMakefile;Lorg/jruby/runtime/ThreadContext;Lorg/jruby/runtime/builtin/IRubyObject;[Lorg/jruby/runtime/builtin/IRubyObject;Lorg/jruby/runtime/Block;)Lorg/jruby/runtime/builtin/IRubyObject;+859
j  Makefile.load(Lorg/jruby/runtime/ThreadContext;Lorg/jruby/runtime/builtin/IRubyObject;Z)Lorg/jruby/runtime/builtin/IRubyObject;+22
j  org.jruby.Ruby.runScript(Lorg/jruby/ast/executable/Script;Z)Lorg/jruby/runtime/builtin/IRubyObject;+12
j  org.jruby.Ruby.runScript(Lorg/jruby/ast/executable/Script;)Lorg/jruby/runtime/builtin/IRubyObject;+3
j  org.jruby.Ruby.runNormally(Lorg/jruby/ast/Node;)Lorg/jruby/runtime/builtin/IRubyObject;+73
j  org.jruby.Ruby.runFromMain(Ljava/io/InputStream;Ljava/lang/String;)V+320
j  org.jruby.Main.doRunFromMain(Lorg/jruby/Ruby;Ljava/io/InputStream;Ljava/lang/String;)Lorg/jruby/Main$Status;+12
j  org.jruby.Main.internalRun()Lorg/jruby/Main$Status;+234
j  org.jruby.Main.run([Ljava/lang/String;)Lorg/jruby/Main$Status;+9
j  org.jruby.Main.main([Ljava/lang/String;)V+35
v  ~StubRoutines::call_stub

---------------  P R O C E S S  ---------------

Java Threads: ( => current thread )
  0x00007ff71851d000 JavaThread "JRubyJIT-2" daemon [_thread_blocked, id=8028, stack(0x00007ff70a49e000,0x00007ff70a69f000)]
  0x00007ff71851b000 JavaThread "process reaper" daemon [_thread_blocked, id=7961, stack(0x00007ff710076000,0x00007ff7100af000)]
  0x00007ff718506000 JavaThread "JRubyJIT-1" daemon [_thread_blocked, id=7958, stack(0x00007ff70a69f000,0x00007ff70a8a0000)]
  0x00007ff7180ad000 JavaThread "Service Thread" daemon [_thread_blocked, id=7956, stack(0x00007ff7103c7000,0x00007ff7105c8000)]
  0x00007ff7180aa800 JavaThread "C2 CompilerThread1" daemon [_thread_blocked, id=7955, stack(0x00007ff7105c8000,0x00007ff7106c9000)]
  0x00007ff7180a7800 JavaThread "C2 CompilerThread0" daemon [_thread_in_vm, id=7954, stack(0x00007ff7106c9000,0x00007ff7107ca000)]
  0x00007ff7180a5800 JavaThread "Signal Dispatcher" daemon [_thread_blocked, id=7953, stack(0x00007ff7107ca000,0x00007ff7109cb000)]
  0x00007ff718082800 JavaThread "Finalizer" daemon [_thread_blocked, id=7952, stack(0x00007ff710dc5000,0x00007ff710fc6000)]
  0x00007ff718080800 JavaThread "Reference Handler" daemon [_thread_blocked, id=7951, stack(0x00007ff710fc6000,0x00007ff7111c7000)]
=>0x00007ff71800a800 JavaThread "main" [_thread_in_native, id=7945, stack(0x00007ff71c28a000,0x00007ff71c48b000)]

Other Threads:
  0x00007ff71807c800 VMThread [stack: 0x00007ff7111c7000,0x00007ff7112c8000] [id=7950]
  0x00007ff7180b7800 WatcherThread [stack: 0x00007ff7102c6000,0x00007ff7103c7000] [id=7957]

VM state:not at safepoint (normal execution)

VM Mutex/Monitor currently owned by a thread:  ([mutex/lock_event])
[0x00007ff718007880] Compile_lock - owner thread: 0x00007ff7180a7800
[0x00007ff718007980] MethodCompileQueue_lock - owner thread: 0x00007ff7180a7800

Heap
 PSYoungGen      total 33280K, used 27435K [0x00000000f5900000, 0x00000000f7c00000, 0x0000000100000000)
  eden space 30720K, 81% used [0x00000000f5900000,0x00000000f714d9f8,0x00000000f7700000)
  from space 2560K, 99% used [0x00000000f7980000,0x00000000f7bfd528,0x00000000f7c00000)
  to   space 2560K, 0% used [0x00000000f7700000,0x00000000f7700000,0x00000000f7980000)
 ParOldGen       total 39936K, used 5268K [0x00000000e0c00000, 0x00000000e3300000, 0x00000000f5900000)
  object space 39936K, 13% used [0x00000000e0c00000,0x00000000e1125398,0x00000000e3300000)
 PSPermGen       total 25600K, used 25475K [0x00000000d6600000, 0x00000000d7f00000, 0x00000000e0c00000)
  object space 25600K, 99% used [0x00000000d6600000,0x00000000d7ee0f48,0x00000000d7f00000)

Card table byte_map: [0x00007ff71402e000,0x00007ff71417c000] byte_map_base: 0x00007ff71397b000

Polling page: 0x00007ff71e898000

Code Cache  [0x00007ff71417c000, 0x00007ff7143ec000, 0x00007ff71717c000)
 total_blobs=940 nmethods=459 adapters=433 free_code_cache=47354Kb largest_free_block=48457984

Compilation events (10 events):
Event: 3,482 Thread 0x00007ff7180aa800 nmethod 463 0x00007ff71433ff50 code [0x00007ff7143400e0, 0x00007ff7143404a8]
Event: 3,482 Thread 0x00007ff7180aa800  464             org.jruby.internal.runtime.methods.JittedMethod::getArity (5 bytes)
Event: 3,482 Thread 0x00007ff7180aa800 nmethod 464 0x00007ff714334bd0 code [0x00007ff714334d00, 0x00007ff714334d58]
Event: 3,482 Thread 0x00007ff7180aa800  465             org.jruby.internal.runtime.methods.JittedMethod::post (9 bytes)
Event: 3,485 Thread 0x00007ff7180aa800 nmethod 465 0x00007ff714337d10 code [0x00007ff714337e80, 0x00007ff7143380c8]
Event: 3,485 Thread 0x00007ff7180aa800  466             org.jruby.internal.runtime.methods.CallConfiguration$3::pre (11 bytes)
Event: 3,487 Thread 0x00007ff7180aa800 nmethod 466 0x00007ff71433f7d0 code [0x00007ff71433f940, 0x00007ff71433fb98]
Event: 3,487 Thread 0x00007ff7180aa800  467             org.jruby.internal.runtime.methods.CallConfiguration$3::post (5 bytes)
Event: 3,489 Thread 0x00007ff7180aa800 nmethod 467 0x00007ff71433f190 code [0x00007ff71433f300, 0x00007ff71433f528]
Event: 3,489 Thread 0x00007ff7180aa800  468             org.jruby.runtime.callsite.CachingCallSite::call (62 bytes)

GC Heap History (4 events):
Event: 1,231 GC heap before
{Heap before GC invocations=1 (full 0):
 PSYoungGen      total 17920K, used 15360K [0x00000000f5900000, 0x00000000f6d00000, 0x0000000100000000)
  eden space 15360K, 100% used [0x00000000f5900000,0x00000000f6800000,0x00000000f6800000)
  from space 2560K, 0% used [0x00000000f6a80000,0x00000000f6a80000,0x00000000f6d00000)
  to   space 2560K, 0% used [0x00000000f6800000,0x00000000f6800000,0x00000000f6a80000)
 ParOldGen       total 39936K, used 0K [0x00000000e0c00000, 0x00000000e3300000, 0x00000000f5900000)
  object space 39936K, 0% used [0x00000000e0c00000,0x00000000e0c00000,0x00000000e3300000)
 PSPermGen       total 21504K, used 19066K [0x00000000d6600000, 0x00000000d7b00000, 0x00000000e0c00000)
  object space 21504K, 88% used [0x00000000d6600000,0x00000000d789eba0,0x00000000d7b00000)
Event: 1,247 GC heap after
Heap after GC invocations=1 (full 0):
 PSYoungGen      total 17920K, used 2549K [0x00000000f5900000, 0x00000000f7c00000, 0x0000000100000000)
  eden space 15360K, 0% used [0x00000000f5900000,0x00000000f5900000,0x00000000f6800000)
  from space 2560K, 99% used [0x00000000f6800000,0x00000000f6a7d4b8,0x00000000f6a80000)
  to   space 2560K, 0% used [0x00000000f7980000,0x00000000f7980000,0x00000000f7c00000)
 ParOldGen       total 39936K, used 3295K [0x00000000e0c00000, 0x00000000e3300000, 0x00000000f5900000)
  object space 39936K, 8% used [0x00000000e0c00000,0x00000000e0f37fc0,0x00000000e3300000)
 PSPermGen       total 21504K, used 19066K [0x00000000d6600000, 0x00000000d7b00000, 0x00000000e0c00000)
  object space 21504K, 88% used [0x00000000d6600000,0x00000000d789eba0,0x00000000d7b00000)
}
Event: 2,366 GC heap before
{Heap before GC invocations=2 (full 0):
 PSYoungGen      total 17920K, used 17909K [0x00000000f5900000, 0x00000000f7c00000, 0x0000000100000000)
  eden space 15360K, 100% used [0x00000000f5900000,0x00000000f6800000,0x00000000f6800000)
  from space 2560K, 99% used [0x00000000f6800000,0x00000000f6a7d4b8,0x00000000f6a80000)
  to   space 2560K, 0% used [0x00000000f7980000,0x00000000f7980000,0x00000000f7c00000)
 ParOldGen       total 39936K, used 3295K [0x00000000e0c00000, 0x00000000e3300000, 0x00000000f5900000)
  object space 39936K, 8% used [0x00000000e0c00000,0x00000000e0f37fc0,0x00000000e3300000)
 PSPermGen       total 23552K, used 23551K [0x00000000d6600000, 0x00000000d7d00000, 0x00000000e0c00000)
  object space 23552K, 99% used [0x00000000d6600000,0x00000000d7cffe00,0x00000000d7d00000)
Event: 2,384 GC heap after
Heap after GC invocations=2 (full 0):
 PSYoungGen      total 33280K, used 2549K [0x00000000f5900000, 0x00000000f7c00000, 0x0000000100000000)
  eden space 30720K, 0% used [0x00000000f5900000,0x00000000f5900000,0x00000000f7700000)
  from space 2560K, 99% used [0x00000000f7980000,0x00000000f7bfd528,0x00000000f7c00000)
  to   space 2560K, 0% used [0x00000000f7700000,0x00000000f7700000,0x00000000f7980000)
 ParOldGen       total 39936K, used 5268K [0x00000000e0c00000, 0x00000000e3300000, 0x00000000f5900000)
  object space 39936K, 13% used [0x00000000e0c00000,0x00000000e1125398,0x00000000e3300000)
 PSPermGen       total 23552K, used 23551K [0x00000000d6600000, 0x00000000d7d00000, 0x00000000e0c00000)
  object space 23552K, 99% used [0x00000000d6600000,0x00000000d7cffe00,0x00000000d7d00000)
}

Deoptimization events (10 events):
Event: 3,121 Thread 0x00007ff71800a800 Uncommon trap: reason=bimorphic action=maybe_recompile pc=0x00007ff7142fd248 method=org.jruby.runtime.scope.OneVarDynamicScope.getValue(II)Lorg/jruby/runtime/builtin/IRubyObject; @ 12
Event: 3,121 Thread 0x00007ff71800a800 Uncommon trap: reason=bimorphic action=maybe_recompile pc=0x00007ff7142fd248 method=org.jruby.runtime.scope.OneVarDynamicScope.getValue(II)Lorg/jruby/runtime/builtin/IRubyObject; @ 12
Event: 3,141 Thread 0x00007ff71800a800 Uncommon trap: reason=class_check action=maybe_recompile pc=0x00007ff714309a98 method=org.jruby.runtime.callsite.CachingCallSite.call(Lorg/jruby/runtime/ThreadContext;Lorg/jruby/runtime/builtin/IRubyObject;Lorg/jruby/runtime/builtin/IRubyObject;Lorg/jruby
Event: 3,141 Thread 0x00007ff71800a800 Uncommon trap: reason=class_check action=maybe_recompile pc=0x00007ff714309a98 method=org.jruby.runtime.callsite.CachingCallSite.call(Lorg/jruby/runtime/ThreadContext;Lorg/jruby/runtime/builtin/IRubyObject;Lorg/jruby/runtime/builtin/IRubyObject;Lorg/jruby
Event: 3,160 Thread 0x00007ff71800a800 Uncommon trap: reason=class_check action=maybe_recompile pc=0x00007ff714309a98 method=org.jruby.runtime.callsite.CachingCallSite.call(Lorg/jruby/runtime/ThreadContext;Lorg/jruby/runtime/builtin/IRubyObject;Lorg/jruby/runtime/builtin/IRubyObject;Lorg/jruby
Event: 3,160 Thread 0x00007ff71800a800 Uncommon trap: reason=class_check action=maybe_recompile pc=0x00007ff714309a98 method=org.jruby.runtime.callsite.CachingCallSite.call(Lorg/jruby/runtime/ThreadContext;Lorg/jruby/runtime/builtin/IRubyObject;Lorg/jruby/runtime/builtin/IRubyObject;Lorg/jruby
Event: 3,162 Thread 0x00007ff71800a800 Uncommon trap: reason=class_check action=maybe_recompile pc=0x00007ff7142f1db8 method=org.jruby.RubyArray.compare(Lorg/jruby/runtime/ThreadContext;Lorg/jruby/runtime/invokedynamic/MethodNames;Lorg/jruby/runtime/builtin/IRubyObject;)Lorg/jruby/RubyBoolean;
Event: 3,162 Thread 0x00007ff71800a800 Uncommon trap: reason=class_check action=maybe_recompile pc=0x00007ff7142f1db8 method=org.jruby.RubyArray.compare(Lorg/jruby/runtime/ThreadContext;Lorg/jruby/runtime/invokedynamic/MethodNames;Lorg/jruby/runtime/builtin/IRubyObject;)Lorg/jruby/RubyBoolean;
Event: 3,162 Thread 0x00007ff71800a800 Uncommon trap: reason=class_check action=maybe_recompile pc=0x00007ff7142f1db8 method=org.jruby.RubyArray.compare(Lorg/jruby/runtime/ThreadContext;Lorg/jruby/runtime/invokedynamic/MethodNames;Lorg/jruby/runtime/builtin/IRubyObject;)Lorg/jruby/RubyBoolean;
Event: 3,162 Thread 0x00007ff71800a800 Uncommon trap: reason=class_check action=maybe_recompile pc=0x00007ff7142f1db8 method=org.jruby.RubyArray.compare(Lorg/jruby/runtime/ThreadContext;Lorg/jruby/runtime/invokedynamic/MethodNames;Lorg/jruby/runtime/builtin/IRubyObject;)Lorg/jruby/RubyBoolean;

Internal exceptions (10 events):
Event: 2,962 Thread 0x00007ff71851d000 Threw 0x00000000f62e19e8 at /build/buildd/openjdk-7-7u51-2.4.4/build/openjdk/hotspot/src/share/vm/prims/jvm.cpp:1244
Event: 2,962 Thread 0x00007ff71851d000 Threw 0x00000000f62e2a88 at /build/buildd/openjdk-7-7u51-2.4.4/build/openjdk/hotspot/src/share/vm/prims/jvm.cpp:1244
Event: 3,005 Thread 0x00007ff718506000 Threw 0x00000000f63492a0 at /build/buildd/openjdk-7-7u51-2.4.4/build/openjdk/hotspot/src/share/vm/prims/jvm.cpp:1244
Event: 3,005 Thread 0x00007ff71851d000 Threw 0x00000000f64f3748 at /build/buildd/openjdk-7-7u51-2.4.4/build/openjdk/hotspot/src/share/vm/prims/jvm.cpp:1244
Event: 3,005 Thread 0x00007ff71851d000 Threw 0x00000000f64f4848 at /build/buildd/openjdk-7-7u51-2.4.4/build/openjdk/hotspot/src/share/vm/prims/jvm.cpp:1244
Event: 3,005 Thread 0x00007ff718506000 Threw 0x00000000f634a3a0 at /build/buildd/openjdk-7-7u51-2.4.4/build/openjdk/hotspot/src/share/vm/prims/jvm.cpp:1244
Event: 3,008 Thread 0x00007ff718506000 Threw 0x00000000f65633c8 at /build/buildd/openjdk-7-7u51-2.4.4/build/openjdk/hotspot/src/share/vm/prims/jvm.cpp:1244
Event: 3,008 Thread 0x00007ff718506000 Threw 0x00000000f6564570 at /build/buildd/openjdk-7-7u51-2.4.4/build/openjdk/hotspot/src/share/vm/prims/jvm.cpp:1244
Event: 3,169 Thread 0x00007ff71851d000 Threw 0x00000000f6520748 at /build/buildd/openjdk-7-7u51-2.4.4/build/openjdk/hotspot/src/share/vm/prims/jvm.cpp:1244
Event: 3,169 Thread 0x00007ff71851d000 Threw 0x00000000f65219e8 at /build/buildd/openjdk-7-7u51-2.4.4/build/openjdk/hotspot/src/share/vm/prims/jvm.cpp:1244

Events (10 events):
Event: 3,162 Thread 0x00007ff71800a800 DEOPT UNPACKING pc=0x00007ff7141b5045 sp=0x00007ff71c487a08 mode 2
Event: 3,162 Thread 0x00007ff71800a800 Uncommon trap: trap_request=0xffffffde fr.pc=0x00007ff7142f1db8
Event: 3,162 Thread 0x00007ff71800a800 DEOPT PACKING pc=0x00007ff7142f1db8 sp=0x00007ff71c487ee0
Event: 3,162 Thread 0x00007ff71800a800 DEOPT UNPACKING pc=0x00007ff7141b5045 sp=0x00007ff71c487eb8 mode 2
Event: 3,169 loading class 0x00007ff6c4006a70
Event: 3,169 loading class 0x00007ff6c4006a70 done
Event: 3,438 Thread 0x00007ff7180aa800 flushing nmethod 0x00007ff7141eced0
Event: 3,438 Thread 0x00007ff7180aa800 flushing nmethod 0x00007ff7141eead0
Event: 3,438 Thread 0x00007ff7180aa800 flushing nmethod 0x00007ff7141f93d0
Event: 3,438 Thread 0x00007ff7180aa800 flushing nmethod 0x00007ff7141f99d0


Dynamic libraries:
00400000-00401000 r-xp 00000000 08:05 12322450                           /usr/lib/jvm/java-7-openjdk-amd64/jre/bin/java
00600000-00601000 r--p 00000000 08:05 12322450                           /usr/lib/jvm/java-7-openjdk-amd64/jre/bin/java
00601000-00602000 rw-p 00001000 08:05 12322450                           /usr/lib/jvm/java-7-openjdk-amd64/jre/bin/java
01b38000-01b59000 rw-p 00000000 00:00 0                                  [heap]
d6600000-d7f00000 rw-p 00000000 00:00 0 
d7f00000-e0c00000 rw-p 00000000 00:00 0 
e0c00000-e3300000 rw-p 00000000 00:00 0 
e3300000-f5900000 rw-p 00000000 00:00 0 
f5900000-f7c00000 rw-p 00000000 00:00 0 
f7c00000-100000000 rw-p 00000000 00:00 0 
7ff6c4000000-7ff6c4021000 rw-p 00000000 00:00 0 
7ff6c4021000-7ff6c8000000 ---p 00000000 00:00 0 
7ff6c8000000-7ff6c8021000 rw-p 00000000 00:00 0 
7ff6c8021000-7ff6cc000000 ---p 00000000 00:00 0 
7ff6cc000000-7ff6cc021000 rw-p 00000000 00:00 0 
7ff6cc021000-7ff6d0000000 ---p 00000000 00:00 0 
7ff6d0000000-7ff6d0021000 rw-p 00000000 00:00 0 
7ff6d0021000-7ff6d4000000 ---p 00000000 00:00 0 
7ff6d4000000-7ff6d4021000 rw-p 00000000 00:00 0 
7ff6d4021000-7ff6d8000000 ---p 00000000 00:00 0 
7ff6d8000000-7ff6d8027000 rw-p 00000000 00:00 0 
7ff6d8027000-7ff6dc000000 ---p 00000000 00:00 0 
7ff6dc000000-7ff6dcc45000 rw-p 00000000 00:00 0 
7ff6dcc45000-7ff6e0000000 ---p 00000000 00:00 0 
7ff6e0000000-7ff6e0021000 rw-p 00000000 00:00 0 
7ff6e0021000-7ff6e4000000 ---p 00000000 00:00 0 
7ff6e4000000-7ff6e4021000 rw-p 00000000 00:00 0 
7ff6e4021000-7ff6e8000000 ---p 00000000 00:00 0 
7ff6e8000000-7ff6e8e83000 rw-p 00000000 00:00 0 
7ff6e8e83000-7ff6ec000000 ---p 00000000 00:00 0 
7ff6ec000000-7ff6ec021000 rw-p 00000000 00:00 0 
7ff6ec021000-7ff6f0000000 ---p 00000000 00:00 0 
7ff6f0000000-7ff6f0021000 rw-p 00000000 00:00 0 
7ff6f0021000-7ff6f4000000 ---p 00000000 00:00 0 
7ff6f4000000-7ff6f4021000 rw-p 00000000 00:00 0 
7ff6f4021000-7ff6f8000000 ---p 00000000 00:00 0 
7ff6f8000000-7ff6f8021000 rw-p 00000000 00:00 0 
7ff6f8021000-7ff6fc000000 ---p 00000000 00:00 0 
7ff6fc000000-7ff6fc021000 rw-p 00000000 00:00 0 
7ff6fc021000-7ff700000000 ---p 00000000 00:00 0 
7ff704000000-7ff704021000 rw-p 00000000 00:00 0 
7ff704021000-7ff708000000 ---p 00000000 00:00 0 
7ff709a94000-7ff709a96000 r-xp 00000000 08:05 16778162                   /home/luis/practica01/src/lib/libconvex_hull.so
7ff709a96000-7ff709c95000 ---p 00002000 08:05 16778162                   /home/luis/practica01/src/lib/libconvex_hull.so
7ff709c95000-7ff709c96000 r--p 00001000 08:05 16778162                   /home/luis/practica01/src/lib/libconvex_hull.so
7ff709c96000-7ff709c97000 rw-p 00002000 08:05 16778162                   /home/luis/practica01/src/lib/libconvex_hull.so
7ff709c97000-7ff709c99000 r-xp 00000000 08:05 16777925                   /home/luis/practica01/src/lib/libdouble_linked_list.so
7ff709c99000-7ff709e98000 ---p 00002000 08:05 16777925                   /home/luis/practica01/src/lib/libdouble_linked_list.so
7ff709e98000-7ff709e99000 r--p 00001000 08:05 16777925                   /home/luis/practica01/src/lib/libdouble_linked_list.so
7ff709e99000-7ff709e9a000 rw-p 00002000 08:05 16777925                   /home/luis/practica01/src/lib/libdouble_linked_list.so
7ff709e9a000-7ff709e9b000 r-xp 00000000 08:05 16777919                   /home/luis/practica01/src/lib/lib2d_points.so
7ff709e9b000-7ff70a09a000 ---p 00001000 08:05 16777919                   /home/luis/practica01/src/lib/lib2d_points.so
7ff70a09a000-7ff70a09b000 r--p 00000000 08:05 16777919                   /home/luis/practica01/src/lib/lib2d_points.so
7ff70a09b000-7ff70a09c000 rw-p 00001000 08:05 16777919                   /home/luis/practica01/src/lib/lib2d_points.so
7ff70a09c000-7ff70a09f000 ---p 00000000 00:00 0 
7ff70a09f000-7ff70a29d000 rw-p 00000000 00:00 0 
7ff70a29d000-7ff70a2a0000 ---p 00000000 00:00 0 
7ff70a2a0000-7ff70a49e000 rw-p 00000000 00:00 0 
7ff70a49e000-7ff70a4a1000 ---p 00000000 00:00 0 
7ff70a4a1000-7ff70a69f000 rw-p 00000000 00:00 0                          [stack:8028]
7ff70a69f000-7ff70a6a2000 ---p 00000000 00:00 0 
7ff70a6a2000-7ff70a8a0000 rw-p 00000000 00:00 0                          [stack:7958]
7ff70a8a0000-7ff70a8b2000 r-xp 00000000 08:05 16253453                   /home/luis/.rbenv/versions/jruby-1.7.10/lib/jni/x86_64-Linux/libjffi-1.2.so
7ff70a8b2000-7ff70aab1000 ---p 00012000 08:05 16253453                   /home/luis/.rbenv/versions/jruby-1.7.10/lib/jni/x86_64-Linux/libjffi-1.2.so
7ff70aab1000-7ff70aab2000 rw-p 00011000 08:05 16253453                   /home/luis/.rbenv/versions/jruby-1.7.10/lib/jni/x86_64-Linux/libjffi-1.2.so
7ff70aab2000-7ff70aac2000 r-xp 00000000 08:05 12322344                   /usr/lib/jvm/java-7-openjdk-amd64/jre/lib/amd64/libnio.so
7ff70aac2000-7ff70acc2000 ---p 00010000 08:05 12322344                   /usr/lib/jvm/java-7-openjdk-amd64/jre/lib/amd64/libnio.so
7ff70acc2000-7ff70acc3000 r--p 00010000 08:05 12322344                   /usr/lib/jvm/java-7-openjdk-amd64/jre/lib/amd64/libnio.so
7ff70acc3000-7ff70acc4000 rw-p 00011000 08:05 12322344                   /usr/lib/jvm/java-7-openjdk-amd64/jre/lib/amd64/libnio.so
7ff70acc4000-7ff70ad01000 r-xp 00000000 08:05 9834371                    /lib/x86_64-linux-gnu/libpcre.so.3.13.1
7ff70ad01000-7ff70af01000 ---p 0003d000 08:05 9834371                    /lib/x86_64-linux-gnu/libpcre.so.3.13.1
7ff70af01000-7ff70af02000 r--p 0003d000 08:05 9834371                    /lib/x86_64-linux-gnu/libpcre.so.3.13.1
7ff70af02000-7ff70af03000 rw-p 0003e000 08:05 9834371                    /lib/x86_64-linux-gnu/libpcre.so.3.13.1
7ff70af03000-7ff70af0a000 r-xp 00000000 08:05 12196946                   /usr/lib/x86_64-linux-gnu/libffi.so.6.0.1
7ff70af0a000-7ff70b109000 ---p 00007000 08:05 12196946                   /usr/lib/x86_64-linux-gnu/libffi.so.6.0.1
7ff70b109000-7ff70b10a000 r--p 00006000 08:05 12196946                   /usr/lib/x86_64-linux-gnu/libffi.so.6.0.1
7ff70b10a000-7ff70b10b000 rw-p 00007000 08:05 12196946                   /usr/lib/x86_64-linux-gnu/libffi.so.6.0.1
7ff70b10b000-7ff70b121000 r-xp 00000000 08:05 9834394                    /lib/x86_64-linux-gnu/libresolv-2.17.so
7ff70b121000-7ff70b321000 ---p 00016000 08:05 9834394                    /lib/x86_64-linux-gnu/libresolv-2.17.so
7ff70b321000-7ff70b322000 r--p 00016000 08:05 9834394                    /lib/x86_64-linux-gnu/libresolv-2.17.so
7ff70b322000-7ff70b323000 rw-p 00017000 08:05 9834394                    /lib/x86_64-linux-gnu/libresolv-2.17.so
7ff70b323000-7ff70b325000 rw-p 00000000 00:00 0 
7ff70b325000-7ff70b344000 r-xp 00000000 08:05 9834398                    /lib/x86_64-linux-gnu/libselinux.so.1
7ff70b344000-7ff70b544000 ---p 0001f000 08:05 9834398                    /lib/x86_64-linux-gnu/libselinux.so.1
7ff70b544000-7ff70b545000 r--p 0001f000 08:05 9834398                    /lib/x86_64-linux-gnu/libselinux.so.1
7ff70b545000-7ff70b546000 rw-p 00020000 08:05 9834398                    /lib/x86_64-linux-gnu/libselinux.so.1
7ff70b546000-7ff70b547000 rw-p 00000000 00:00 0 
7ff70b547000-7ff70b54a000 r-xp 00000000 08:05 12190134                   /usr/lib/x86_64-linux-gnu/libgmodule-2.0.so.0.3800.1
7ff70b54a000-7ff70b749000 ---p 00003000 08:05 12190134                   /usr/lib/x86_64-linux-gnu/libgmodule-2.0.so.0.3800.1
7ff70b749000-7ff70b74a000 r--p 00002000 08:05 12190134                   /usr/lib/x86_64-linux-gnu/libgmodule-2.0.so.0.3800.1
7ff70b74a000-7ff70b74b000 rw-p 00003000 08:05 12190134                   /usr/lib/x86_64-linux-gnu/libgmodule-2.0.so.0.3800.1
7ff70b74b000-7ff70b849000 r-xp 00000000 08:05 9834386                    /lib/x86_64-linux-gnu/libglib-2.0.so.0.3800.1
7ff70b849000-7ff70ba49000 ---p 000fe000 08:05 9834386                    /lib/x86_64-linux-gnu/libglib-2.0.so.0.3800.1
7ff70ba49000-7ff70ba4a000 r--p 000fe000 08:05 9834386                    /lib/x86_64-linux-gnu/libglib-2.0.so.0.3800.1
7ff70ba4a000-7ff70ba4b000 rw-p 000ff000 08:05 9834386                    /lib/x86_64-linux-gnu/libglib-2.0.so.0.3800.1
7ff70ba4b000-7ff70ba4c000 rw-p 00000000 00:00 0 
7ff70ba4c000-7ff70ba9b000 r-xp 00000000 08:05 12190125                   /usr/lib/x86_64-linux-gnu/libgobject-2.0.so.0.3800.1
7ff70ba9b000-7ff70bc9b000 ---p 0004f000 08:05 12190125                   /usr/lib/x86_64-linux-gnu/libgobject-2.0.so.0.3800.1
7ff70bc9b000-7ff70bc9c000 r--p 0004f000 08:05 12190125                   /usr/lib/x86_64-linux-gnu/libgobject-2.0.so.0.3800.1
7ff70bc9c000-7ff70bc9d000 rw-p 00050000 08:05 12190125                   /usr/lib/x86_64-linux-gnu/libgobject-2.0.so.0.3800.1
7ff70bc9d000-7ff70bdf9000 r-xp 00000000 08:05 12190099                   /usr/lib/x86_64-linux-gnu/libgio-2.0.so.0.3800.1
7ff70bdf9000-7ff70bff8000 ---p 0015c000 08:05 12190099                   /usr/lib/x86_64-linux-gnu/libgio-2.0.so.0.3800.1
7ff70bff8000-7ff70bffc000 r--p 0015b000 08:05 12190099                   /usr/lib/x86_64-linux-gnu/libgio-2.0.so.0.3800.1
7ff70bffc000-7ff70bffe000 rw-p 0015f000 08:05 12190099                   /usr/lib/x86_64-linux-gnu/libgio-2.0.so.0.3800.1
7ff70bffe000-7ff70c000000 rw-p 00000000 00:00 0 
7ff70c000000-7ff70c021000 rw-p 00000000 00:00 0 
7ff70c021000-7ff710000000 ---p 00000000 00:00 0 
7ff710076000-7ff710079000 ---p 00000000 00:00 0 
7ff710079000-7ff7100af000 rw-p 00000000 00:00 0                          [stack:7961]
7ff7100af000-7ff7100c5000 r-xp 00000000 08:05 12322132                   /usr/lib/jvm/java-7-openjdk-amd64/jre/lib/amd64/libnet.so
7ff7100c5000-7ff7102c4000 ---p 00016000 08:05 12322132                   /usr/lib/jvm/java-7-openjdk-amd64/jre/lib/amd64/libnet.so
7ff7102c4000-7ff7102c5000 r--p 00015000 08:05 12322132                   /usr/lib/jvm/java-7-openjdk-amd64/jre/lib/amd64/libnet.so
7ff7102c5000-7ff7102c6000 rw-p 00016000 08:05 12322132                   /usr/lib/jvm/java-7-openjdk-amd64/jre/lib/amd64/libnet.so
7ff7102c6000-7ff7102c7000 ---p 00000000 00:00 0 
7ff7102c7000-7ff7103c7000 rw-p 00000000 00:00 0                          [stack:7957]
7ff7103c7000-7ff7103ca000 ---p 00000000 00:00 0 
7ff7103ca000-7ff7105c8000 rw-p 00000000 00:00 0                          [stack:7956]
7ff7105c8000-7ff7105cb000 ---p 00000000 00:00 0 
7ff7105cb000-7ff7106c9000 rw-p 00000000 00:00 0                          [stack:7955]
7ff7106c9000-7ff7106cc000 ---p 00000000 00:00 0 
7ff7106cc000-7ff7107ca000 rw-p 00000000 00:00 0                          [stack:7954]
7ff7107ca000-7ff7107cd000 ---p 00000000 00:00 0 
7ff7107cd000-7ff7109cb000 rw-p 00000000 00:00 0                          [stack:7953]
7ff7109cb000-7ff710dc5000 r--p 00000000 08:05 12195384                   /usr/lib/locale/locale-archive
7ff710dc5000-7ff710dc8000 ---p 00000000 00:00 0 
7ff710dc8000-7ff710fc6000 rw-p 00000000 00:00 0                          [stack:7952]
7ff710fc6000-7ff710fc9000 ---p 00000000 00:00 0 
7ff710fc9000-7ff7111c7000 rw-p 00000000 00:00 0                          [stack:7951]
7ff7111c7000-7ff7111c8000 ---p 00000000 00:00 0 
7ff7111c8000-7ff7122a5000 rw-p 00000000 00:00 0                          [stack:7950]
7ff7122a5000-7ff71238e000 r--s 00bb9000 08:05 16253440                   /home/luis/.rbenv/versions/jruby-1.7.10/lib/jruby.jar
7ff71238e000-7ff71253c000 r--s 01cf4000 08:05 12322430                   /usr/lib/jvm/java-7-openjdk-amd64/jre/lib/rt.jar
7ff71253c000-7ff713c2a000 rw-p 00000000 00:00 0 
7ff713c2a000-7ff713c2b000 ---p 00000000 00:00 0 
7ff713c2b000-7ff713d2b000 rw-p 00000000 00:00 0                          [stack:7949]
7ff713d2b000-7ff713d2c000 ---p 00000000 00:00 0 
7ff713d2c000-7ff713e2c000 rw-p 00000000 00:00 0                          [stack:7948]
7ff713e2c000-7ff713e2d000 ---p 00000000 00:00 0 
7ff713e2d000-7ff713f2d000 rw-p 00000000 00:00 0                          [stack:7947]
7ff713f2d000-7ff713f2e000 ---p 00000000 00:00 0 
7ff713f2e000-7ff71403b000 rw-p 00000000 00:00 0                          [stack:7946]
7ff71403b000-7ff714081000 rw-p 00000000 00:00 0 
7ff714081000-7ff714095000 rw-p 00000000 00:00 0 
7ff714095000-7ff714127000 rw-p 00000000 00:00 0 
7ff714127000-7ff714139000 rw-p 00000000 00:00 0 
7ff714139000-7ff71417b000 rw-p 00000000 00:00 0 
7ff71417b000-7ff71417c000 rw-p 00000000 00:00 0 
7ff71417c000-7ff7143ec000 rwxp 00000000 00:00 0 
7ff7143ec000-7ff71717c000 rw-p 00000000 00:00 0 
7ff71717c000-7ff717184000 r-xp 00000000 08:05 12322081                   /usr/lib/jvm/java-7-openjdk-amd64/jre/lib/amd64/libzip.so
7ff717184000-7ff717383000 ---p 00008000 08:05 12322081                   /usr/lib/jvm/java-7-openjdk-amd64/jre/lib/amd64/libzip.so
7ff717383000-7ff717384000 r--p 00007000 08:05 12322081                   /usr/lib/jvm/java-7-openjdk-amd64/jre/lib/amd64/libzip.so
7ff717384000-7ff717385000 rw-p 00008000 08:05 12322081                   /usr/lib/jvm/java-7-openjdk-amd64/jre/lib/amd64/libzip.so
7ff717385000-7ff717391000 r-xp 00000000 08:05 9834349                    /lib/x86_64-linux-gnu/libnss_files-2.17.so
7ff717391000-7ff717590000 ---p 0000c000 08:05 9834349                    /lib/x86_64-linux-gnu/libnss_files-2.17.so
7ff717590000-7ff717591000 r--p 0000b000 08:05 9834349                    /lib/x86_64-linux-gnu/libnss_files-2.17.so
7ff717591000-7ff717592000 rw-p 0000c000 08:05 9834349                    /lib/x86_64-linux-gnu/libnss_files-2.17.so
7ff717592000-7ff71759d000 r-xp 00000000 08:05 9834353                    /lib/x86_64-linux-gnu/libnss_nis-2.17.so
7ff71759d000-7ff71779c000 ---p 0000b000 08:05 9834353                    /lib/x86_64-linux-gnu/libnss_nis-2.17.so
7ff71779c000-7ff71779d000 r--p 0000a000 08:05 9834353                    /lib/x86_64-linux-gnu/libnss_nis-2.17.so
7ff71779d000-7ff71779e000 rw-p 0000b000 08:05 9834353                    /lib/x86_64-linux-gnu/libnss_nis-2.17.so
7ff71779e000-7ff7177b5000 r-xp 00000000 08:05 9834343                    /lib/x86_64-linux-gnu/libnsl-2.17.so
7ff7177b5000-7ff7179b4000 ---p 00017000 08:05 9834343                    /lib/x86_64-linux-gnu/libnsl-2.17.so
7ff7179b4000-7ff7179b5000 r--p 00016000 08:05 9834343                    /lib/x86_64-linux-gnu/libnsl-2.17.so
7ff7179b5000-7ff7179b6000 rw-p 00017000 08:05 9834343                    /lib/x86_64-linux-gnu/libnsl-2.17.so
7ff7179b6000-7ff7179b8000 rw-p 00000000 00:00 0 
7ff7179b8000-7ff7179c0000 r-xp 00000000 08:05 9834345                    /lib/x86_64-linux-gnu/libnss_compat-2.17.so
7ff7179c0000-7ff717bbf000 ---p 00008000 08:05 9834345                    /lib/x86_64-linux-gnu/libnss_compat-2.17.so
7ff717bbf000-7ff717bc0000 r--p 00007000 08:05 9834345                    /lib/x86_64-linux-gnu/libnss_compat-2.17.so
7ff717bc0000-7ff717bc1000 rw-p 00008000 08:05 9834345                    /lib/x86_64-linux-gnu/libnss_compat-2.17.so
7ff717bc1000-7ff717bec000 r-xp 00000000 08:05 12322007                   /usr/lib/jvm/java-7-openjdk-amd64/jre/lib/amd64/libjava.so
7ff717bec000-7ff717deb000 ---p 0002b000 08:05 12322007                   /usr/lib/jvm/java-7-openjdk-amd64/jre/lib/amd64/libjava.so
7ff717deb000-7ff717dec000 r--p 0002a000 08:05 12322007                   /usr/lib/jvm/java-7-openjdk-amd64/jre/lib/amd64/libjava.so
7ff717dec000-7ff717dee000 rw-p 0002b000 08:05 12322007                   /usr/lib/jvm/java-7-openjdk-amd64/jre/lib/amd64/libjava.so
7ff717dee000-7ff717dfe000 r-xp 00000000 08:05 12322321                   /usr/lib/jvm/java-7-openjdk-amd64/jre/lib/amd64/libverify.so
7ff717dfe000-7ff717ffd000 ---p 00010000 08:05 12322321                   /usr/lib/jvm/java-7-openjdk-amd64/jre/lib/amd64/libverify.so
7ff717ffd000-7ff717fff000 r--p 0000f000 08:05 12322321                   /usr/lib/jvm/java-7-openjdk-amd64/jre/lib/amd64/libverify.so
7ff717fff000-7ff718000000 rw-p 00011000 08:05 12322321                   /usr/lib/jvm/java-7-openjdk-amd64/jre/lib/amd64/libverify.so
7ff718000000-7ff718558000 rw-p 00000000 00:00 0 
7ff718558000-7ff71c000000 ---p 00000000 00:00 0 
7ff71c012000-7ff71c082000 rw-p 00000000 00:00 0 
7ff71c082000-7ff71c089000 r-xp 00000000 08:05 9834396                    /lib/x86_64-linux-gnu/librt-2.17.so
7ff71c089000-7ff71c288000 ---p 00007000 08:05 9834396                    /lib/x86_64-linux-gnu/librt-2.17.so
7ff71c288000-7ff71c289000 r--p 00006000 08:05 9834396                    /lib/x86_64-linux-gnu/librt-2.17.so
7ff71c289000-7ff71c28a000 rw-p 00007000 08:05 9834396                    /lib/x86_64-linux-gnu/librt-2.17.so
7ff71c28a000-7ff71c28d000 ---p 00000000 00:00 0 
7ff71c28d000-7ff71c48b000 rw-p 00000000 00:00 0                          [stack:7945]
7ff71c48b000-7ff71c4a0000 r-xp 00000000 08:05 9830413                    /lib/x86_64-linux-gnu/libgcc_s.so.1
7ff71c4a0000-7ff71c69f000 ---p 00015000 08:05 9830413                    /lib/x86_64-linux-gnu/libgcc_s.so.1
7ff71c69f000-7ff71c6a0000 r--p 00014000 08:05 9830413                    /lib/x86_64-linux-gnu/libgcc_s.so.1
7ff71c6a0000-7ff71c6a1000 rw-p 00015000 08:05 9830413                    /lib/x86_64-linux-gnu/libgcc_s.so.1
7ff71c6a1000-7ff71c7a4000 r-xp 00000000 08:05 9834324                    /lib/x86_64-linux-gnu/libm-2.17.so
7ff71c7a4000-7ff71c9a3000 ---p 00103000 08:05 9834324                    /lib/x86_64-linux-gnu/libm-2.17.so
7ff71c9a3000-7ff71c9a4000 r--p 00102000 08:05 9834324                    /lib/x86_64-linux-gnu/libm-2.17.so
7ff71c9a4000-7ff71c9a5000 rw-p 00103000 08:05 9834324                    /lib/x86_64-linux-gnu/libm-2.17.so
7ff71c9a5000-7ff71ca8b000 r-xp 00000000 08:05 12190887                   /usr/lib/x86_64-linux-gnu/libstdc++.so.6.0.18
7ff71ca8b000-7ff71cc8a000 ---p 000e6000 08:05 12190887                   /usr/lib/x86_64-linux-gnu/libstdc++.so.6.0.18
7ff71cc8a000-7ff71cc92000 r--p 000e5000 08:05 12190887                   /usr/lib/x86_64-linux-gnu/libstdc++.so.6.0.18
7ff71cc92000-7ff71cc94000 rw-p 000ed000 08:05 12190887                   /usr/lib/x86_64-linux-gnu/libstdc++.so.6.0.18
7ff71cc94000-7ff71cca9000 rw-p 00000000 00:00 0 
7ff71cca9000-7ff71d788000 r-xp 00000000 08:05 12322340                   /usr/lib/jvm/java-7-openjdk-amd64/jre/lib/amd64/server/libjvm.so
7ff71d788000-7ff71d987000 ---p 00adf000 08:05 12322340                   /usr/lib/jvm/java-7-openjdk-amd64/jre/lib/amd64/server/libjvm.so
7ff71d987000-7ff71da19000 r--p 00ade000 08:05 12322340                   /usr/lib/jvm/java-7-openjdk-amd64/jre/lib/amd64/server/libjvm.so
7ff71da19000-7ff71da3c000 rw-p 00b70000 08:05 12322340                   /usr/lib/jvm/java-7-openjdk-amd64/jre/lib/amd64/server/libjvm.so
7ff71da3c000-7ff71da69000 rw-p 00000000 00:00 0 
7ff71da69000-7ff71da81000 r-xp 00000000 08:05 9834431                    /lib/x86_64-linux-gnu/libz.so.1.2.8
7ff71da81000-7ff71dc80000 ---p 00018000 08:05 9834431                    /lib/x86_64-linux-gnu/libz.so.1.2.8
7ff71dc80000-7ff71dc81000 r--p 00017000 08:05 9834431                    /lib/x86_64-linux-gnu/libz.so.1.2.8
7ff71dc81000-7ff71dc82000 rw-p 00018000 08:05 9834431                    /lib/x86_64-linux-gnu/libz.so.1.2.8
7ff71dc82000-7ff71dc99000 r-xp 00000000 08:05 9834388                    /lib/x86_64-linux-gnu/libpthread-2.17.so
7ff71dc99000-7ff71de99000 ---p 00017000 08:05 9834388                    /lib/x86_64-linux-gnu/libpthread-2.17.so
7ff71de99000-7ff71de9a000 r--p 00017000 08:05 9834388                    /lib/x86_64-linux-gnu/libpthread-2.17.so
7ff71de9a000-7ff71de9b000 rw-p 00018000 08:05 9834388                    /lib/x86_64-linux-gnu/libpthread-2.17.so
7ff71de9b000-7ff71de9f000 rw-p 00000000 00:00 0 
7ff71de9f000-7ff71dea2000 r-xp 00000000 08:05 9834288                    /lib/x86_64-linux-gnu/libdl-2.17.so
7ff71dea2000-7ff71e0a1000 ---p 00003000 08:05 9834288                    /lib/x86_64-linux-gnu/libdl-2.17.so
7ff71e0a1000-7ff71e0a2000 r--p 00002000 08:05 9834288                    /lib/x86_64-linux-gnu/libdl-2.17.so
7ff71e0a2000-7ff71e0a3000 rw-p 00003000 08:05 9834288                    /lib/x86_64-linux-gnu/libdl-2.17.so
7ff71e0a3000-7ff71e260000 r-xp 00000000 08:05 9834273                    /lib/x86_64-linux-gnu/libc-2.17.so
7ff71e260000-7ff71e460000 ---p 001bd000 08:05 9834273                    /lib/x86_64-linux-gnu/libc-2.17.so
7ff71e460000-7ff71e464000 r--p 001bd000 08:05 9834273                    /lib/x86_64-linux-gnu/libc-2.17.so
7ff71e464000-7ff71e466000 rw-p 001c1000 08:05 9834273                    /lib/x86_64-linux-gnu/libc-2.17.so
7ff71e466000-7ff71e46b000 rw-p 00000000 00:00 0 
7ff71e46b000-7ff71e478000 r-xp 00000000 08:05 12322347                   /usr/lib/jvm/java-7-openjdk-amd64/jre/lib/amd64/jli/libjli.so
7ff71e478000-7ff71e677000 ---p 0000d000 08:05 12322347                   /usr/lib/jvm/java-7-openjdk-amd64/jre/lib/amd64/jli/libjli.so
7ff71e677000-7ff71e678000 r--p 0000c000 08:05 12322347                   /usr/lib/jvm/java-7-openjdk-amd64/jre/lib/amd64/jli/libjli.so
7ff71e678000-7ff71e679000 rw-p 0000d000 08:05 12322347                   /usr/lib/jvm/java-7-openjdk-amd64/jre/lib/amd64/jli/libjli.so
7ff71e679000-7ff71e69c000 r-xp 00000000 08:05 9834249                    /lib/x86_64-linux-gnu/ld-2.17.so
7ff71e6a1000-7ff71e6a2000 rw-p 00000000 00:00 0 
7ff71e6a2000-7ff71e6a3000 r-xp 00000000 00:00 0 
7ff71e6a3000-7ff71e6aa000 r--s 00000000 08:05 12588976                   /usr/lib/x86_64-linux-gnu/gconv/gconv-modules.cache
7ff71e6aa000-7ff71e6af000 r--s 0004c000 08:05 12322352                   /usr/lib/jvm/java-7-openjdk-amd64/jre/lib/jsse.jar
7ff71e6af000-7ff71e6b2000 r--s 00032000 08:05 12322366                   /usr/lib/jvm/java-7-openjdk-amd64/jre/lib/ext/sunjce_provider.jar
7ff71e6b2000-7ff71e6b5000 r--s 0000f000 08:05 12322362                   /usr/lib/jvm/java-7-openjdk-amd64/jre/lib/ext/pulse-java.jar
7ff71e6b5000-7ff71e6d0000 rw-p 00000000 00:00 0 
7ff71e6d0000-7ff71e716000 rw-p 00000000 00:00 0 
7ff71e716000-7ff71e72a000 rw-p 00000000 00:00 0 
7ff71e72a000-7ff71e7bd000 rw-p 00000000 00:00 0 
7ff71e7bd000-7ff71e7c7000 rw-p 00000000 00:00 0 
7ff71e7c7000-7ff71e87d000 rw-p 00000000 00:00 0 
7ff71e87d000-7ff71e882000 rw-p 00000000 00:00 0 
7ff71e882000-7ff71e884000 r--s 00006000 08:05 12717881                   /usr/share/java/java-atk-wrapper.jar
7ff71e884000-7ff71e888000 r--s 00085000 08:05 12322360                   /usr/lib/jvm/java-7-openjdk-amd64/jre/lib/ext/localedata.jar
7ff71e888000-7ff71e88c000 r--s 0003b000 08:05 12322372                   /usr/lib/jvm/java-7-openjdk-amd64/jre/lib/ext/sunpkcs11.jar
7ff71e88c000-7ff71e88d000 r--s 00002000 08:05 12322370                   /usr/lib/jvm/java-7-openjdk-amd64/jre/lib/ext/dnsns.jar
7ff71e88d000-7ff71e88f000 r--s 00012000 08:05 12322364                   /usr/lib/jvm/java-7-openjdk-amd64/jre/lib/ext/zipfs.jar
7ff71e88f000-7ff71e897000 rw-s 00000000 08:05 7340078                    /tmp/hsperfdata_luis/7920
7ff71e897000-7ff71e898000 rw-p 00000000 00:00 0 
7ff71e898000-7ff71e899000 r--p 00000000 00:00 0 
7ff71e899000-7ff71e89b000 rw-p 00000000 00:00 0 
7ff71e89b000-7ff71e89c000 r--p 00022000 08:05 9834249                    /lib/x86_64-linux-gnu/ld-2.17.so
7ff71e89c000-7ff71e89e000 rw-p 00023000 08:05 9834249                    /lib/x86_64-linux-gnu/ld-2.17.so
7fffdc798000-7fffdc7b9000 rw-p 00000000 00:00 0                          [stack]
7fffdc7fe000-7fffdc800000 r-xp 00000000 00:00 0                          [vdso]
ffffffffff600000-ffffffffff601000 r-xp 00000000 00:00 0                  [vsyscall]

VM Arguments:
jvm_args: -Djdk.home= -Djruby.home=/home/luis/.rbenv/versions/jruby-1.7.10 -Djruby.script=jruby -Djruby.shell=/bin/sh -Djffi.boot.library.path=/home/luis/.rbenv/versions/jruby-1.7.10/lib/jni:/home/luis/.rbenv/versions/jruby-1.7.10/lib/jni/arm-Linux:/home/luis/.rbenv/versions/jruby-1.7.10/lib/jni/x86_64-Linux:/home/luis/.rbenv/versions/jruby-1.7.10/lib/jni/i386-Linux -Xmx500m -Xss2048k -Xbootclasspath/a:/home/luis/.rbenv/versions/jruby-1.7.10/lib/jruby.jar 
java_command: org/jruby/Main Makefile.rb clean compile test
Launcher Type: SUN_STANDARD

Environment Variables:
PATH=/home/luis/.rbenv/versions/jruby-1.7.10/bin:/home/luis/.rbenv/libexec:/home/luis/.rbenv/plugins/ruby-build/bin:/home/luis/.rbenv/shims:~/.rbenv/bin:~/.rbenv/bin:/usr/local/sbin:/usr/local/bin:/usr/sbin:/usr/bin:/sbin:/bin:/usr/games:/usr/local/games
USERNAME=luis
SHELL=/bin/bash
DISPLAY=:0

Signal Handlers:
SIGSEGV: [libjvm.so+0x916ea0], sa_mask[0]=0x7ffbfeff, sa_flags=0x10000004
SIGBUS: [libjvm.so+0x916ea0], sa_mask[0]=0x7ffbfeff, sa_flags=0x10000004
SIGFPE: [libjvm.so+0x794800], sa_mask[0]=0x7ffbfeff, sa_flags=0x10000004
SIGPIPE: [libjvm.so+0x794800], sa_mask[0]=0x7ffbfeff, sa_flags=0x10000004
SIGXFSZ: [libjvm.so+0x794800], sa_mask[0]=0x7ffbfeff, sa_flags=0x10000004
SIGILL: [libjvm.so+0x794800], sa_mask[0]=0x7ffbfeff, sa_flags=0x10000004
SIGUSR1: SIG_DFL, sa_mask[0]=0x00000000, sa_flags=0x00000000
SIGUSR2: [libjvm.so+0x7946a0], sa_mask[0]=0x00000000, sa_flags=0x10000004
SIGHUP: [libjvm.so+0x794880], sa_mask[0]=0x7ffbfeff, sa_flags=0x10000004
SIGINT: [libjvm.so+0x794880], sa_mask[0]=0x7ffbfeff, sa_flags=0x10000004
SIGTERM: [libjvm.so+0x794880], sa_mask[0]=0x7ffbfeff, sa_flags=0x10000004
SIGQUIT: [libjvm.so+0x794880], sa_mask[0]=0x7ffbfeff, sa_flags=0x10000004


---------------  S Y S T E M  ---------------

OS:LinuxMint 16 (petra)
uname:Linux 3.11.0-12-generic #19-Ubuntu SMP Wed Oct 9 16:20:46 UTC 2013 x86_64
libc:glibc 2.17 NPTL 2.17 
rlimit: STACK 8192k, CORE 0k, NPROC 29806, NOFILE 4096, AS infinity
load average:0,24 0,21 0,17

/proc/meminfo:
MemTotal:        3844532 kB
MemFree:         2854672 kB
Buffers:           55172 kB
Cached:           524496 kB
SwapCached:            0 kB
Active:           469988 kB
Inactive:         412212 kB
Active(anon):     303584 kB
Inactive(anon):   120516 kB
Active(file):     166404 kB
Inactive(file):   291696 kB
Unevictable:           0 kB
Mlocked:               0 kB
SwapTotal:       3987452 kB
SwapFree:        3987452 kB
Dirty:               152 kB
Writeback:             0 kB
AnonPages:        302676 kB
Mapped:            90136 kB
Shmem:            121572 kB
Slab:              47680 kB
SReclaimable:      27456 kB
SUnreclaim:        20224 kB
KernelStack:        2768 kB
PageTables:        14480 kB
NFS_Unstable:          0 kB
Bounce:                0 kB
WritebackTmp:          0 kB
CommitLimit:     5909716 kB
Committed_AS:    1516824 kB
VmallocTotal:   34359738367 kB
VmallocUsed:      348004 kB
VmallocChunk:   34359386120 kB
HardwareCorrupted:     0 kB
AnonHugePages:         0 kB
HugePages_Total:       0
HugePages_Free:        0
HugePages_Rsvd:        0
HugePages_Surp:        0
Hugepagesize:       2048 kB
DirectMap4k:       58612 kB
DirectMap2M:     3930112 kB


CPU:total 4 (2 cores per cpu, 2 threads per core) family 6 model 37 stepping 5, cmov, cx8, fxsr, mmx, sse, sse2, sse3, ssse3, sse4.1, sse4.2, popcnt, ht, tsc, tscinvbit

/proc/cpuinfo:
processor	: 0
vendor_id	: GenuineIntel
cpu family	: 6
model		: 37
model name	: Intel(R) Core(TM) i5 CPU       M 460  @ 2.53GHz
stepping	: 5
microcode	: 0x2
cpu MHz		: 2534.000
cache size	: 3072 KB
physical id	: 0
siblings	: 4
core id		: 0
cpu cores	: 2
apicid		: 0
initial apicid	: 0
fpu		: yes
fpu_exception	: yes
cpuid level	: 11
wp		: yes
flags		: fpu vme de pse tsc msr pae mce cx8 apic sep mtrr pge mca cmov pat pse36 clflush dts acpi mmx fxsr sse sse2 ss ht tm pbe syscall nx rdtscp lm constant_tsc arch_perfmon pebs bts rep_good nopl xtopology nonstop_tsc aperfmperf pni dtes64 monitor ds_cpl vmx est tm2 ssse3 cx16 xtpr pdcm pcid sse4_1 sse4_2 popcnt lahf_lm ida arat dtherm tpr_shadow vnmi flexpriority ept vpid
bogomips	: 5066.78
clflush size	: 64
cache_alignment	: 64
address sizes	: 36 bits physical, 48 bits virtual
power management:

processor	: 1
vendor_id	: GenuineIntel
cpu family	: 6
model		: 37
model name	: Intel(R) Core(TM) i5 CPU       M 460  @ 2.53GHz
stepping	: 5
microcode	: 0x2
cpu MHz		: 2534.000
cache size	: 3072 KB
physical id	: 0
siblings	: 4
core id		: 0
cpu cores	: 2
apicid		: 1
initial apicid	: 1
fpu		: yes
fpu_exception	: yes
cpuid level	: 11
wp		: yes
flags		: fpu vme de pse tsc msr pae mce cx8 apic sep mtrr pge mca cmov pat pse36 clflush dts acpi mmx fxsr sse sse2 ss ht tm pbe syscall nx rdtscp lm constant_tsc arch_perfmon pebs bts rep_good nopl xtopology nonstop_tsc aperfmperf pni dtes64 monitor ds_cpl vmx est tm2 ssse3 cx16 xtpr pdcm pcid sse4_1 sse4_2 popcnt lahf_lm ida arat dtherm tpr_shadow vnmi flexpriority ept vpid
bogomips	: 5066.78
clflush size	: 64
cache_alignment	: 64
address sizes	: 36 bits physical, 48 bits virtual
power management:

processor	: 2
vendor_id	: GenuineIntel
cpu family	: 6
model		: 37
model name	: Intel(R) Core(TM) i5 CPU       M 460  @ 2.53GHz
stepping	: 5
microcode	: 0x2
cpu MHz		: 2534.000
cache size	: 3072 KB
physical id	: 0
siblings	: 4
core id		: 2
cpu cores	: 2
apicid		: 4
initial apicid	: 4
fpu		: yes
fpu_exception	: yes
cpuid level	: 11
wp		: yes
flags		: fpu vme de pse tsc msr pae mce cx8 apic sep mtrr pge mca cmov pat pse36 clflush dts acpi mmx fxsr sse sse2 ss ht tm pbe syscall nx rdtscp lm constant_tsc arch_perfmon pebs bts rep_good nopl xtopology nonstop_tsc aperfmperf pni dtes64 monitor ds_cpl vmx est tm2 ssse3 cx16 xtpr pdcm pcid sse4_1 sse4_2 popcnt lahf_lm ida arat dtherm tpr_shadow vnmi flexpriority ept vpid
bogomips	: 5066.78
clflush size	: 64
cache_alignment	: 64
address sizes	: 36 bits physical, 48 bits virtual
power management:

processor	: 3
vendor_id	: GenuineIntel
cpu family	: 6
model		: 37
model name	: Intel(R) Core(TM) i5 CPU       M 460  @ 2.53GHz
stepping	: 5
microcode	: 0x2
cpu MHz		: 1199.000
cache size	: 3072 KB
physical id	: 0
siblings	: 4
core id		: 2
cpu cores	: 2
apicid		: 5
initial apicid	: 5
fpu		: yes
fpu_exception	: yes
cpuid level	: 11
wp		: yes
flags		: fpu vme de pse tsc msr pae mce cx8 apic sep mtrr pge mca cmov pat pse36 clflush dts acpi mmx fxsr sse sse2 ss ht tm pbe syscall nx rdtscp lm constant_tsc arch_perfmon pebs bts rep_good nopl xtopology nonstop_tsc aperfmperf pni dtes64 monitor ds_cpl vmx est tm2 ssse3 cx16 xtpr pdcm pcid sse4_1 sse4_2 popcnt lahf_lm ida arat dtherm tpr_shadow vnmi flexpriority ept vpid
bogomips	: 5066.78
clflush size	: 64
cache_alignment	: 64
address sizes	: 36 bits physical, 48 bits virtual
power management:



Memory: 4k page, physical 3844532k(2854672k free), swap 3987452k(3987452k free)

vm_info: OpenJDK 64-Bit Server VM (24.45-b08) for linux-amd64 JRE (1.7.0_51-b00), built on Jan 15 2014 22:02:57 by "buildd" with gcc 4.8.1

time: Mon Apr  7 11:29:12 2014
elapsed time: 3 seconds

