#
# A fatal error has been detected by the Java Runtime Environment:
#
#  SIGSEGV (0xb) at pc=0x00007f14437f7fb8, pid=4021, tid=139725389739776
#
# JRE version: OpenJDK Runtime Environment (7.0_51) (build 1.7.0_51-b00)
# Java VM: OpenJDK 64-Bit Server VM (24.45-b08 mixed mode linux-amd64 compressed oops)
# Problematic frame:
# C  [libconvex_hull.so+0xfb8]  convex_hull+0x1a3
#
# Failed to write core dump. Core dumps have been disabled. To enable core dumping, try "ulimit -c unlimited" before starting Java again
#
# If you would like to submit a bug report, please include
# instructions on how to reproduce the bug and visit:
#   http://icedtea.classpath.org/bugzilla
# The crash happened outside the Java Virtual Machine in native code.
# See problematic frame for where to report the bug.
#

---------------  T H R E A D  ---------------

Current thread (0x00007f145400a800):  JavaThread "main" [_thread_in_native, id=4046, stack(0x00007f145a18b000,0x00007f145a38c000)]

siginfo:si_signo=SIGSEGV: si_errno=0, si_code=1 (SEGV_MAPERR), si_addr=0x0000000000000000

Registers:
RAX=0x0000000000000000, RBX=0x00000000d79ca6a0, RCX=0x00007f1454000020, RDX=0x0000000000000000
RSP=0x00007f145a388c00, RBP=0x00007f145a388cb0, RSI=0x00007f14544e85a0, RDI=0x0000000000000000
R8 =0x00007f14544e8580, R9 =0x00000000f6190f38, R10=0x00007f145a3889a0, R11=0x00007f14439fab85
R12=0x0000000000000000, R13=0x00000000d79ca6a0, R14=0x00007f145a388da0, R15=0x00007f145400a800
RIP=0x00007f14437f7fb8, EFLAGS=0x0000000000010293, CSGSFS=0x0000000000000033, ERR=0x0000000000000004
  TRAPNO=0x000000000000000e

Top of Stack: (sp=0x00007f145a388c00)
0x00007f145a388c00:   00000000f6432e10 00007f14544e8350
0x00007f145a388c10:   00000000d7e47821 00007f14544e85b0
0x00007f145a388c20:   00000000d7e47c90 00000000d7ed2aa0
0x00007f145a388c30:   00000000d7e47828 0000000000000000
0x00007f145a388c40:   00007f145a388c90 00000000f6432e78
0x00007f145a388c50:   00007f1451186394 00000000f7a14ba0
0x00007f145a388c60:   00000000f65dbc18 00000000f6190f38
0x00007f145a388c70:   0000000000000000 00000000f6432e10
0x00007f145a388c80:   00000000e1013b20 00000000f61ceb28
0x00007f145a388c90:   00000000f7a14ba0 00000000d673c828
0x00007f145a388ca0:   0000000000000000 00000000d673c820
0x00007f145a388cb0:   00007f14544a0e70 00007f14487c2cd9
0x00007f145a388cc0:   00000000f7a14ba0 00000000d79ca6a0
0x00007f145a388cd0:   00007f145a388d58 00007f1451012738
0x00007f145a388ce0:   00007f145a388ce0 0000000000000000
0x00007f145a388cf0:   00007f145a388d78 00007f1451006233
0x00007f145a388d00:   00007f1451006233 00000000f7a14ba0
0x00007f145a388d10:   00000000f65dbc18 00007f145a388d18
0x00007f145a388d20:   0000000000000000 00007f145a388da0
0x00007f145a388d30:   00000000d79d2bc8 0000000000000000
0x00007f145a388d40:   00000000d79ca6a0 0000000000000000
0x00007f145a388d50:   00007f145a388d78 00007f145a388de8
0x00007f145a388d60:   00007f1451006175 00000000e10c66b8
0x00007f145a388d70:   00007f145100ecd7 00007f14544e8350
0x00007f145a388d80:   00000000d7d61418 00007f14437f7e15
0x00007f145a388d90:   00007f145a388da8 00007f14544a0e70
0x00007f145a388da0:   00007f1451006233 00007f145a388da8
0x00007f145a388db0:   00000000d7ac7507 00007f145a388e20
0x00007f145a388dc0:   00000000d7ad3760 0000000000000000
0x00007f145a388dd0:   00000000d7ac7548 00007f145a388d78
0x00007f145a388de0:   00007f145a388df8 00007f145a388e70
0x00007f145a388df0:   00007f1451006175 00007f14544e8350 

Instructions: (pc=0x00007f14437f7fb8)
0x00007f14437f7f98:   83 bd 70 ff ff ff 00 75 b3 e9 c5 00 00 00 48 8b
0x00007f14437f7fa8:   85 58 ff ff ff 48 8b 00 48 89 45 c0 48 8b 45 c0
0x00007f14437f7fb8:   48 8b 00 48 89 45 c8 48 8b 45 c0 48 8b 40 10 48
0x00007f14437f7fc8:   89 45 c0 48 8b 45 c0 48 8b 00 48 89 45 d0 48 8b 

Register to memory mapping:

RAX=0x0000000000000000 is an unknown value
RBX=0x00000000d79ca6a0 is an oop
{method} 
 - klass: {other class}
RCX=0x00007f1454000020 is an unknown value
RDX=0x0000000000000000 is an unknown value
RSP=0x00007f145a388c00 is pointing into the stack for thread: 0x00007f145400a800
RBP=0x00007f145a388cb0 is pointing into the stack for thread: 0x00007f145400a800
RSI=0x00007f14544e85a0 is an unknown value
RDI=0x0000000000000000 is an unknown value
R8 =0x00007f14544e8580 is an unknown value
R9 =0x00000000f6190f38 is an oop
java.lang.String 
 - klass: 'java/lang/String'
R10=0x00007f145a3889a0 is pointing into the stack for thread: 0x00007f145400a800
R11=0x00007f14439fab85: init_double_linked_list+0 in lib/libdouble_linked_list.so at 0x00007f14439fa000
R12=0x0000000000000000 is an unknown value
R13=0x00000000d79ca6a0 is an oop
{method} 
 - klass: {other class}
R14=0x00007f145a388da0 is pointing into the stack for thread: 0x00007f145400a800
R15=0x00007f145400a800 is a thread


Stack: [0x00007f145a18b000,0x00007f145a38c000],  sp=0x00007f145a388c00,  free space=2039k
Native frames: (J=compiled Java code, j=interpreted, Vv=VM code, C=native code)
C  [libconvex_hull.so+0xfb8]  convex_hull+0x1a3

Java frames: (J=compiled Java code, j=interpreted, Vv=VM code)
j  com.kenai.jffi.Foreign.invokeL1(JJJ)J+0
j  com.kenai.jffi.Invoker.invokeL1(Lcom/kenai/jffi/CallContext;JJ)J+7
j  org.jruby.ext.ffi.jffi.NativeInvoker$ffi$2.call(Lorg/jruby/runtime/ThreadContext;Lorg/jruby/runtime/builtin/IRubyObject;Lorg/jruby/RubyModule;Ljava/lang/String;Lorg/jruby/runtime/builtin/IRubyObject;)Lorg/jruby/runtime/builtin/IRubyObject;+76
j  org.jruby.ext.ffi.jffi.JITNativeInvoker.call(Lorg/jruby/runtime/ThreadContext;Lorg/jruby/runtime/builtin/IRubyObject;Lorg/jruby/RubyModule;Ljava/lang/String;[Lorg/jruby/runtime/builtin/IRubyObject;)Lorg/jruby/runtime/builtin/IRubyObject;+92
j  org.jruby.ext.ffi.jffi.NativeInvoker.call(Lorg/jruby/runtime/ThreadContext;Lorg/jruby/runtime/builtin/IRubyObject;Lorg/jruby/RubyModule;Ljava/lang/String;[Lorg/jruby/runtime/builtin/IRubyObject;Lorg/jruby/runtime/Block;)Lorg/jruby/runtime/builtin/IRubyObject;+36
j  org.jruby.ext.ffi.jffi.DefaultMethod.call(Lorg/jruby/runtime/ThreadContext;Lorg/jruby/runtime/builtin/IRubyObject;Lorg/jruby/RubyModule;Ljava/lang/String;[Lorg/jruby/runtime/builtin/IRubyObject;Lorg/jruby/runtime/Block;)Lorg/jruby/runtime/builtin/IRubyObject;+13
j  org.jruby.internal.runtime.methods.DynamicMethod.call(Lorg/jruby/runtime/ThreadContext;Lorg/jruby/runtime/builtin/IRubyObject;Lorg/jruby/RubyModule;Ljava/lang/String;Lorg/jruby/runtime/builtin/IRubyObject;Lorg/jruby/runtime/Block;)Lorg/jruby/runtime/builtin/IRubyObject;+17
j  org.jruby.internal.runtime.methods.DynamicMethod.call(Lorg/jruby/runtime/ThreadContext;Lorg/jruby/runtime/builtin/IRubyObject;Lorg/jruby/RubyModule;Ljava/lang/String;Lorg/jruby/runtime/builtin/IRubyObject;)Lorg/jruby/runtime/builtin/IRubyObject;+11
j  org.jruby.runtime.callsite.CachingCallSite.cacheAndCall(Lorg/jruby/runtime/builtin/IRubyObject;Lorg/jruby/RubyClass;Lorg/jruby/runtime/ThreadContext;Lorg/jruby/runtime/builtin/IRubyObject;Lorg/jruby/runtime/builtin/IRubyObject;)Lorg/jruby/runtime/builtin/IRubyObject;+57
J  org.jruby.runtime.callsite.CachingCallSite.call(Lorg/jruby/runtime/ThreadContext;Lorg/jruby/runtime/builtin/IRubyObject;Lorg/jruby/runtime/builtin/IRubyObject;Lorg/jruby/runtime/builtin/IRubyObject;)Lorg/jruby/runtime/builtin/IRubyObject;
j  org.jruby.ast.CallOneArgNode.interpret(Lorg/jruby/Ruby;Lorg/jruby/runtime/ThreadContext;Lorg/jruby/runtime/builtin/IRubyObject;Lorg/jruby/runtime/Block;)Lorg/jruby/runtime/builtin/IRubyObject;+30
j  org.jruby.ast.LocalAsgnNode.interpret(Lorg/jruby/Ruby;Lorg/jruby/runtime/ThreadContext;Lorg/jruby/runtime/builtin/IRubyObject;Lorg/jruby/runtime/Block;)Lorg/jruby/runtime/builtin/IRubyObject;+30
J  org.jruby.ast.BlockNode.interpret(Lorg/jruby/Ruby;Lorg/jruby/runtime/ThreadContext;Lorg/jruby/runtime/builtin/IRubyObject;Lorg/jruby/runtime/Block;)Lorg/jruby/runtime/builtin/IRubyObject;
j  org.jruby.evaluator.ASTInterpreter.INTERPRET_METHOD(Lorg/jruby/Ruby;Lorg/jruby/runtime/ThreadContext;Ljava/lang/String;ILorg/jruby/RubyModule;Lorg/jruby/ast/Node;Ljava/lang/String;Lorg/jruby/runtime/builtin/IRubyObject;Lorg/jruby/runtime/Block;Z)Lorg/jruby/runtime/builtin/IRubyObject;+30
j  org.jruby.internal.runtime.methods.InterpretedMethod.call(Lorg/jruby/runtime/ThreadContext;Lorg/jruby/runtime/builtin/IRubyObject;Lorg/jruby/RubyModule;Ljava/lang/String;)Lorg/jruby/runtime/builtin/IRubyObject;+80
j  org.jruby.internal.runtime.methods.DefaultMethod.call(Lorg/jruby/runtime/ThreadContext;Lorg/jruby/runtime/builtin/IRubyObject;Lorg/jruby/RubyModule;Ljava/lang/String;)Lorg/jruby/runtime/builtin/IRubyObject;+20
j  org.jruby.runtime.callsite.CachingCallSite.cacheAndCall(Lorg/jruby/runtime/builtin/IRubyObject;Lorg/jruby/RubyClass;Lorg/jruby/runtime/ThreadContext;Lorg/jruby/runtime/builtin/IRubyObject;)Lorg/jruby/runtime/builtin/IRubyObject;+53
j  org.jruby.runtime.callsite.CachingCallSite.call(Lorg/jruby/runtime/ThreadContext;Lorg/jruby/runtime/builtin/IRubyObject;Lorg/jruby/runtime/builtin/IRubyObject;)Lorg/jruby/runtime/builtin/IRubyObject;+46
j  org.jruby.ast.CallNoArgNode.interpret(Lorg/jruby/Ruby;Lorg/jruby/runtime/ThreadContext;Lorg/jruby/runtime/builtin/IRubyObject;Lorg/jruby/runtime/Block;)Lorg/jruby/runtime/builtin/IRubyObject;+18
j  org.jruby.ast.FCallTwoArgNode.interpret(Lorg/jruby/Ruby;Lorg/jruby/runtime/ThreadContext;Lorg/jruby/runtime/builtin/IRubyObject;Lorg/jruby/runtime/Block;)Lorg/jruby/runtime/builtin/IRubyObject;+28
J  org.jruby.ast.BlockNode.interpret(Lorg/jruby/Ruby;Lorg/jruby/runtime/ThreadContext;Lorg/jruby/runtime/builtin/IRubyObject;Lorg/jruby/runtime/Block;)Lorg/jruby/runtime/builtin/IRubyObject;
j  org.jruby.evaluator.ASTInterpreter.INTERPRET_METHOD(Lorg/jruby/Ruby;Lorg/jruby/runtime/ThreadContext;Ljava/lang/String;ILorg/jruby/RubyModule;Lorg/jruby/ast/Node;Ljava/lang/String;Lorg/jruby/runtime/builtin/IRubyObject;Lorg/jruby/runtime/Block;Z)Lorg/jruby/runtime/builtin/IRubyObject;+30
j  org.jruby.internal.runtime.methods.InterpretedMethod.call(Lorg/jruby/runtime/ThreadContext;Lorg/jruby/runtime/builtin/IRubyObject;Lorg/jruby/RubyModule;Ljava/lang/String;)Lorg/jruby/runtime/builtin/IRubyObject;+80
j  org.jruby.internal.runtime.methods.DefaultMethod.call(Lorg/jruby/runtime/ThreadContext;Lorg/jruby/runtime/builtin/IRubyObject;Lorg/jruby/RubyModule;Ljava/lang/String;)Lorg/jruby/runtime/builtin/IRubyObject;+20
j  org.jruby.runtime.callsite.CachingCallSite.cacheAndCall(Lorg/jruby/runtime/builtin/IRubyObject;Lorg/jruby/RubyClass;Lorg/jruby/runtime/ThreadContext;Lorg/jruby/runtime/builtin/IRubyObject;)Lorg/jruby/runtime/builtin/IRubyObject;+53
j  org.jruby.runtime.callsite.CachingCallSite.call(Lorg/jruby/runtime/ThreadContext;Lorg/jruby/runtime/builtin/IRubyObject;Lorg/jruby/runtime/builtin/IRubyObject;)Lorg/jruby/runtime/builtin/IRubyObject;+46
j  Makefile.method__2$RUBY$test(LMakefile;Lorg/jruby/runtime/ThreadContext;Lorg/jruby/runtime/builtin/IRubyObject;Lorg/jruby/runtime/Block;)Lorg/jruby/runtime/builtin/IRubyObject;+130
j  Makefile$method__2$RUBY$test.call(Lorg/jruby/runtime/ThreadContext;Lorg/jruby/runtime/builtin/IRubyObject;Lorg/jruby/RubyModule;Ljava/lang/String;Lorg/jruby/runtime/Block;)Lorg/jruby/runtime/builtin/IRubyObject;+17
j  org.jruby.RubyClass.finvoke(Lorg/jruby/runtime/ThreadContext;Lorg/jruby/runtime/builtin/IRubyObject;Ljava/lang/String;Lorg/jruby/runtime/Block;)Lorg/jruby/runtime/builtin/IRubyObject;+41
j  org.jruby.RubyBasicObject.send19(Lorg/jruby/runtime/ThreadContext;Lorg/jruby/runtime/builtin/IRubyObject;Lorg/jruby/runtime/Block;)Lorg/jruby/runtime/builtin/IRubyObject;+15
j  org.jruby.RubyKernel.send19(Lorg/jruby/runtime/ThreadContext;Lorg/jruby/runtime/builtin/IRubyObject;Lorg/jruby/runtime/builtin/IRubyObject;Lorg/jruby/runtime/Block;)Lorg/jruby/runtime/builtin/IRubyObject;+7
j  org.jruby.RubyKernel$INVOKER$s$send19.call(Lorg/jruby/runtime/ThreadContext;Lorg/jruby/runtime/builtin/IRubyObject;Lorg/jruby/RubyModule;Ljava/lang/String;Lorg/jruby/runtime/builtin/IRubyObject;Lorg/jruby/runtime/Block;)Lorg/jruby/runtime/builtin/IRubyObject;+6
j  org.jruby.internal.runtime.methods.JavaMethod$JavaMethodOneOrNBlock.call(Lorg/jruby/runtime/ThreadContext;Lorg/jruby/runtime/builtin/IRubyObject;Lorg/jruby/RubyModule;Ljava/lang/String;Lorg/jruby/runtime/builtin/IRubyObject;)Lorg/jruby/runtime/builtin/IRubyObject;+11
j  org.jruby.runtime.callsite.CachingCallSite.call(Lorg/jruby/runtime/ThreadContext;Lorg/jruby/runtime/builtin/IRubyObject;Lorg/jruby/runtime/builtin/IRubyObject;Lorg/jruby/runtime/builtin/IRubyObject;)Lorg/jruby/runtime/builtin/IRubyObject;+38
j  Makefile.block_6$RUBY$__file__(LMakefile;Lorg/jruby/runtime/ThreadContext;Lorg/jruby/runtime/builtin/IRubyObject;[Lorg/jruby/runtime/builtin/IRubyObject;Lorg/jruby/runtime/Block;)Lorg/jruby/runtime/builtin/IRubyObject;+46
j  Makefile$block_6$RUBY$__file__.call(Lorg/jruby/runtime/ThreadContext;Lorg/jruby/runtime/builtin/IRubyObject;[Lorg/jruby/runtime/builtin/IRubyObject;Lorg/jruby/runtime/Block;)Lorg/jruby/runtime/builtin/IRubyObject;+9
j  org.jruby.runtime.CompiledBlock19.yield(Lorg/jruby/runtime/ThreadContext;Lorg/jruby/runtime/builtin/IRubyObject;Lorg/jruby/runtime/Binding;Lorg/jruby/runtime/Block$Type;)Lorg/jruby/runtime/builtin/IRubyObject;+52
j  org.jruby.runtime.Block.yield(Lorg/jruby/runtime/ThreadContext;Lorg/jruby/runtime/builtin/IRubyObject;)Lorg/jruby/runtime/builtin/IRubyObject;+14
j  org.jruby.RubyArray.eachCommon(Lorg/jruby/runtime/ThreadContext;Lorg/jruby/runtime/Block;)Lorg/jruby/runtime/builtin/IRubyObject;+41
j  org.jruby.RubyArray.each(Lorg/jruby/runtime/ThreadContext;Lorg/jruby/runtime/Block;)Lorg/jruby/runtime/builtin/IRubyObject;+10
j  org.jruby.RubyArray$INVOKER$i$0$0$each.call(Lorg/jruby/runtime/ThreadContext;Lorg/jruby/runtime/builtin/IRubyObject;Lorg/jruby/RubyModule;Ljava/lang/String;Lorg/jruby/runtime/Block;)Lorg/jruby/runtime/builtin/IRubyObject;+7
j  org.jruby.runtime.callsite.CachingCallSite.cacheAndCall(Lorg/jruby/runtime/builtin/IRubyObject;Lorg/jruby/RubyClass;Lorg/jruby/runtime/Block;Lorg/jruby/runtime/ThreadContext;Lorg/jruby/runtime/builtin/IRubyObject;)Lorg/jruby/runtime/builtin/IRubyObject;+57
j  org.jruby.runtime.callsite.CachingCallSite.callBlock(Lorg/jruby/runtime/ThreadContext;Lorg/jruby/runtime/builtin/IRubyObject;Lorg/jruby/runtime/builtin/IRubyObject;Lorg/jruby/runtime/Block;)Lorg/jruby/runtime/builtin/IRubyObject;+50
j  org.jruby.runtime.callsite.CachingCallSite.callIter(Lorg/jruby/runtime/ThreadContext;Lorg/jruby/runtime/builtin/IRubyObject;Lorg/jruby/runtime/builtin/IRubyObject;Lorg/jruby/runtime/Block;)Lorg/jruby/runtime/builtin/IRubyObject;+6
j  Makefile.__file__(LMakefile;Lorg/jruby/runtime/ThreadContext;Lorg/jruby/runtime/builtin/IRubyObject;[Lorg/jruby/runtime/builtin/IRubyObject;Lorg/jruby/runtime/Block;)Lorg/jruby/runtime/builtin/IRubyObject;+859
j  Makefile.load(Lorg/jruby/runtime/ThreadContext;Lorg/jruby/runtime/builtin/IRubyObject;Z)Lorg/jruby/runtime/builtin/IRubyObject;+22
j  org.jruby.Ruby.runScript(Lorg/jruby/ast/executable/Script;Z)Lorg/jruby/runtime/builtin/IRubyObject;+12
j  org.jruby.Ruby.runScript(Lorg/jruby/ast/executable/Script;)Lorg/jruby/runtime/builtin/IRubyObject;+3
j  org.jruby.Ruby.runNormally(Lorg/jruby/ast/Node;)Lorg/jruby/runtime/builtin/IRubyObject;+73
j  org.jruby.Ruby.runFromMain(Ljava/io/InputStream;Ljava/lang/String;)V+320
j  org.jruby.Main.doRunFromMain(Lorg/jruby/Ruby;Ljava/io/InputStream;Ljava/lang/String;)Lorg/jruby/Main$Status;+12
j  org.jruby.Main.internalRun()Lorg/jruby/Main$Status;+234
j  org.jruby.Main.run([Ljava/lang/String;)Lorg/jruby/Main$Status;+9
j  org.jruby.Main.main([Ljava/lang/String;)V+35
v  ~StubRoutines::call_stub

---------------  P R O C E S S  ---------------

Java Threads: ( => current thread )
  0x00007f14544c0800 JavaThread "JRubyJIT-2" daemon [_thread_blocked, id=4129, stack(0x00007f14481b8000,0x00007f14483b9000)]
  0x00007f14544bb000 JavaThread "process reaper" daemon [_thread_blocked, id=4062, stack(0x00007f1450057000,0x00007f1450090000)]
  0x00007f14544a6000 JavaThread "JRubyJIT-1" daemon [_thread_blocked, id=4059, stack(0x00007f14485ba000,0x00007f14487bb000)]
  0x00007f14540ad000 JavaThread "Service Thread" daemon [_thread_blocked, id=4057, stack(0x00007f144a233000,0x00007f144a434000)]
  0x00007f14540aa800 JavaThread "C2 CompilerThread1" daemon [_thread_blocked, id=4056, stack(0x00007f144a434000,0x00007f144a535000)]
  0x00007f14540a7800 JavaThread "C2 CompilerThread0" daemon [_thread_blocked, id=4055, stack(0x00007f1450090000,0x00007f1450191000)]
  0x00007f14540a5800 JavaThread "Signal Dispatcher" daemon [_thread_blocked, id=4054, stack(0x00007f144a535000,0x00007f144a736000)]
  0x00007f1454082800 JavaThread "Finalizer" daemon [_thread_blocked, id=4053, stack(0x00007f1450191000,0x00007f1450392000)]
  0x00007f1454080800 JavaThread "Reference Handler" daemon [_thread_blocked, id=4052, stack(0x00007f1450392000,0x00007f1450593000)]
=>0x00007f145400a800 JavaThread "main" [_thread_in_native, id=4046, stack(0x00007f145a18b000,0x00007f145a38c000)]

Other Threads:
  0x00007f145407c800 VMThread [stack: 0x00007f1450593000,0x00007f1450694000] [id=4051]
  0x00007f14540b7800 WatcherThread [stack: 0x00007f144a132000,0x00007f144a233000] [id=4058]

VM state:not at safepoint (normal execution)

VM Mutex/Monitor currently owned by a thread: None

Heap
 PSYoungGen      total 33280K, used 16175K [0x00000000f5900000, 0x00000000f7c00000, 0x0000000100000000)
  eden space 30720K, 44% used [0x00000000f5900000,0x00000000f6652750,0x00000000f7700000)
  from space 2560K, 98% used [0x00000000f7980000,0x00000000f7bf9518,0x00000000f7c00000)
  to   space 2560K, 0% used [0x00000000f7700000,0x00000000f7700000,0x00000000f7980000)
 ParOldGen       total 39936K, used 5264K [0x00000000e0c00000, 0x00000000e3300000, 0x00000000f5900000)
  object space 39936K, 13% used [0x00000000e0c00000,0x00000000e1124378,0x00000000e3300000)
 PSPermGen       total 25600K, used 25430K [0x00000000d6600000, 0x00000000d7f00000, 0x00000000e0c00000)
  object space 25600K, 99% used [0x00000000d6600000,0x00000000d7ed5b68,0x00000000d7f00000)

Card table byte_map: [0x00007f1458fb1000,0x00007f14590ff000] byte_map_base: 0x00007f14588fe000

Polling page: 0x00007f145c799000

Code Cache  [0x00007f1451000000, 0x00007f1451270000, 0x00007f1454000000)
 total_blobs=817 nmethods=338 adapters=433 free_code_cache=47596Kb largest_free_block=48698880

Compilation events (10 events):
Event: 3,237 Thread 0x00007f14540a7800  341             org.jruby.runtime.Frame::setVisibility (6 bytes)
Event: 3,238 Thread 0x00007f14540a7800 nmethod 341 0x00007f145117ee90 code [0x00007f145117efc0, 0x00007f145117f038]
Event: 3,245 Thread 0x00007f14540aa800  342             org.jruby.runtime.callsite.CachingCallSite::call (58 bytes)
Event: 3,245 Thread 0x00007f14540a7800  343             org.jruby.ast.LocalVarNode::getIndex (8 bytes)
Event: 3,246 Thread 0x00007f14540a7800 nmethod 343 0x00007f145117ec90 code [0x00007f145117edc0, 0x00007f145117ee18]
Event: 3,246 Thread 0x00007f14540a7800  344             org.jruby.ast.LocalVarNode::getDepth (8 bytes)
Event: 3,246 Thread 0x00007f14540a7800 nmethod 344 0x00007f145117ea50 code [0x00007f145117eb80, 0x00007f145117ebd8]
Event: 3,246 Thread 0x00007f14540a7800  345             org.jruby.ast.LocalVarNode::interpret (32 bytes)
Event: 3,248 Thread 0x00007f14540a7800 nmethod 345 0x00007f1451184ed0 code [0x00007f1451185020, 0x00007f1451185118]
Event: 3,250 Thread 0x00007f14540aa800 nmethod 342 0x00007f1451186150 code [0x00007f14511862e0, 0x00007f14511865f8]

GC Heap History (4 events):
Event: 1,369 GC heap before
{Heap before GC invocations=1 (full 0):
 PSYoungGen      total 17920K, used 15360K [0x00000000f5900000, 0x00000000f6d00000, 0x0000000100000000)
  eden space 15360K, 100% used [0x00000000f5900000,0x00000000f6800000,0x00000000f6800000)
  from space 2560K, 0% used [0x00000000f6a80000,0x00000000f6a80000,0x00000000f6d00000)
  to   space 2560K, 0% used [0x00000000f6800000,0x00000000f6800000,0x00000000f6a80000)
 ParOldGen       total 39936K, used 0K [0x00000000e0c00000, 0x00000000e3300000, 0x00000000f5900000)
  object space 39936K, 0% used [0x00000000e0c00000,0x00000000e0c00000,0x00000000e3300000)
 PSPermGen       total 21504K, used 19066K [0x00000000d6600000, 0x00000000d7b00000, 0x00000000e0c00000)
  object space 21504K, 88% used [0x00000000d6600000,0x00000000d789eba0,0x00000000d7b00000)
Event: 1,383 GC heap after
Heap after GC invocations=1 (full 0):
 PSYoungGen      total 17920K, used 2533K [0x00000000f5900000, 0x00000000f7c00000, 0x0000000100000000)
  eden space 15360K, 0% used [0x00000000f5900000,0x00000000f5900000,0x00000000f6800000)
  from space 2560K, 98% used [0x00000000f6800000,0x00000000f6a794c8,0x00000000f6a80000)
  to   space 2560K, 0% used [0x00000000f7980000,0x00000000f7980000,0x00000000f7c00000)
 ParOldGen       total 39936K, used 3291K [0x00000000e0c00000, 0x00000000e3300000, 0x00000000f5900000)
  object space 39936K, 8% used [0x00000000e0c00000,0x00000000e0f36fa8,0x00000000e3300000)
 PSPermGen       total 21504K, used 19066K [0x00000000d6600000, 0x00000000d7b00000, 0x00000000e0c00000)
  object space 21504K, 88% used [0x00000000d6600000,0x00000000d789eba0,0x00000000d7b00000)
}
Event: 2,509 GC heap before
{Heap before GC invocations=2 (full 0):
 PSYoungGen      total 17920K, used 17893K [0x00000000f5900000, 0x00000000f7c00000, 0x0000000100000000)
  eden space 15360K, 100% used [0x00000000f5900000,0x00000000f6800000,0x00000000f6800000)
  from space 2560K, 98% used [0x00000000f6800000,0x00000000f6a794c8,0x00000000f6a80000)
  to   space 2560K, 0% used [0x00000000f7980000,0x00000000f7980000,0x00000000f7c00000)
 ParOldGen       total 39936K, used 3291K [0x00000000e0c00000, 0x00000000e3300000, 0x00000000f5900000)
  object space 39936K, 8% used [0x00000000e0c00000,0x00000000e0f36fa8,0x00000000e3300000)
 PSPermGen       total 23552K, used 23551K [0x00000000d6600000, 0x00000000d7d00000, 0x00000000e0c00000)
  object space 23552K, 99% used [0x00000000d6600000,0x00000000d7cffd28,0x00000000d7d00000)
Event: 2,526 GC heap after
Heap after GC invocations=2 (full 0):
 PSYoungGen      total 33280K, used 2533K [0x00000000f5900000, 0x00000000f7c00000, 0x0000000100000000)
  eden space 30720K, 0% used [0x00000000f5900000,0x00000000f5900000,0x00000000f7700000)
  from space 2560K, 98% used [0x00000000f7980000,0x00000000f7bf9518,0x00000000f7c00000)
  to   space 2560K, 0% used [0x00000000f7700000,0x00000000f7700000,0x00000000f7980000)
 ParOldGen       total 39936K, used 5264K [0x00000000e0c00000, 0x00000000e3300000, 0x00000000f5900000)
  object space 39936K, 13% used [0x00000000e0c00000,0x00000000e1124378,0x00000000e3300000)
 PSPermGen       total 23552K, used 23551K [0x00000000d6600000, 0x00000000d7d00000, 0x00000000e0c00000)
  object space 23552K, 99% used [0x00000000d6600000,0x00000000d7cffd28,0x00000000d7d00000)
}

Deoptimization events (10 events):
Event: 2,908 Thread 0x00007f145400a800 Uncommon trap: reason=unreached action=reinterpret pc=0x00007f14511359b4 method=java.util.concurrent.locks.AbstractQueuedSynchronizer.release(I)Z @ 14
Event: 2,908 Thread 0x00007f14544a6000 Uncommon trap: reason=unreached action=reinterpret pc=0x00007f1451137e0c method=java.util.concurrent.locks.AbstractQueuedSynchronizer.release(I)Z @ 14
Event: 2,932 Thread 0x00007f145400a800 Uncommon trap: reason=unreached action=reinterpret pc=0x00007f1451121ba8 method=org.jruby.parser.ParserSupport.checkExpression(Lorg/jruby/ast/Node;)Z @ 3
Event: 3,093 Thread 0x00007f145400a800 Uncommon trap: reason=class_check action=maybe_recompile pc=0x00007f145117aa44 method=org.joni.Matcher.searchInterruptible(III)I @ 810
Event: 3,129 Thread 0x00007f145400a800 Uncommon trap: reason=class_check action=maybe_recompile pc=0x00007f145117aa44 method=org.joni.Matcher.searchInterruptible(III)I @ 810
Event: 3,135 Thread 0x00007f145400a800 Uncommon trap: reason=class_check action=maybe_recompile pc=0x00007f145117aa44 method=org.joni.Matcher.searchInterruptible(III)I @ 810
Event: 3,222 Thread 0x00007f145400a800 Uncommon trap: reason=bimorphic action=maybe_recompile pc=0x00007f145117d6c8 method=org.jruby.runtime.scope.OneVarDynamicScope.getValue(II)Lorg/jruby/runtime/builtin/IRubyObject; @ 12
Event: 3,222 Thread 0x00007f145400a800 Uncommon trap: reason=bimorphic action=maybe_recompile pc=0x00007f145117d6c8 method=org.jruby.runtime.scope.OneVarDynamicScope.getValue(II)Lorg/jruby/runtime/builtin/IRubyObject; @ 12
Event: 3,222 Thread 0x00007f145400a800 Uncommon trap: reason=bimorphic action=maybe_recompile pc=0x00007f145117d6c8 method=org.jruby.runtime.scope.OneVarDynamicScope.getValue(II)Lorg/jruby/runtime/builtin/IRubyObject; @ 12
Event: 3,222 Thread 0x00007f145400a800 Uncommon trap: reason=bimorphic action=maybe_recompile pc=0x00007f145117d6c8 method=org.jruby.runtime.scope.OneVarDynamicScope.getValue(II)Lorg/jruby/runtime/builtin/IRubyObject; @ 12

Internal exceptions (10 events):
Event: 2,909 Thread 0x00007f14544a6000 Threw 0x00000000f62b6180 at /build/buildd/openjdk-7-7u51-2.4.4/build/openjdk/hotspot/src/share/vm/prims/jvm.cpp:1244
Event: 2,909 Thread 0x00007f14544a6000 Threw 0x00000000f62b71f0 at /build/buildd/openjdk-7-7u51-2.4.4/build/openjdk/hotspot/src/share/vm/prims/jvm.cpp:1244
Event: 3,080 Thread 0x00007f14544c0800 Threw 0x00000000f628efa0 at /build/buildd/openjdk-7-7u51-2.4.4/build/openjdk/hotspot/src/share/vm/prims/jvm.cpp:1244
Event: 3,080 Thread 0x00007f14544c0800 Threw 0x00000000f6290040 at /build/buildd/openjdk-7-7u51-2.4.4/build/openjdk/hotspot/src/share/vm/prims/jvm.cpp:1244
Event: 3,127 Thread 0x00007f14544a6000 Threw 0x00000000f62f6858 at /build/buildd/openjdk-7-7u51-2.4.4/build/openjdk/hotspot/src/share/vm/prims/jvm.cpp:1244
Event: 3,127 Thread 0x00007f14544a6000 Threw 0x00000000f62f7958 at /build/buildd/openjdk-7-7u51-2.4.4/build/openjdk/hotspot/src/share/vm/prims/jvm.cpp:1244
Event: 3,127 Thread 0x00007f14544c0800 Threw 0x00000000f64a0be8 at /build/buildd/openjdk-7-7u51-2.4.4/build/openjdk/hotspot/src/share/vm/prims/jvm.cpp:1244
Event: 3,130 Thread 0x00007f14544c0800 Threw 0x00000000f64a1ce8 at /build/buildd/openjdk-7-7u51-2.4.4/build/openjdk/hotspot/src/share/vm/prims/jvm.cpp:1244
Event: 3,132 Thread 0x00007f14544a6000 Threw 0x00000000f6510868 at /build/buildd/openjdk-7-7u51-2.4.4/build/openjdk/hotspot/src/share/vm/prims/jvm.cpp:1244
Event: 3,132 Thread 0x00007f14544a6000 Threw 0x00000000f6511a10 at /build/buildd/openjdk-7-7u51-2.4.4/build/openjdk/hotspot/src/share/vm/prims/jvm.cpp:1244

Events (10 events):
Event: 3,222 Thread 0x00007f145400a800 DEOPT UNPACKING pc=0x00007f1451039045 sp=0x00007f145a388748 mode 2
Event: 3,222 Thread 0x00007f145400a800 Uncommon trap: trap_request=0xffffffc6 fr.pc=0x00007f145117d6c8
Event: 3,222 Thread 0x00007f145400a800 DEOPT PACKING pc=0x00007f145117d6c8 sp=0x00007f145a388790
Event: 3,222 Thread 0x00007f145400a800 DEOPT UNPACKING pc=0x00007f1451039045 sp=0x00007f145a388748 mode 2
Event: 3,222 Thread 0x00007f145400a800 Uncommon trap: trap_request=0xffffffc6 fr.pc=0x00007f145117d6c8
Event: 3,222 Thread 0x00007f145400a800 DEOPT PACKING pc=0x00007f145117d6c8 sp=0x00007f145a388790
Event: 3,222 Thread 0x00007f145400a800 DEOPT UNPACKING pc=0x00007f1451039045 sp=0x00007f145a388748 mode 2
Event: 3,222 Thread 0x00007f145400a800 Uncommon trap: trap_request=0xffffffc6 fr.pc=0x00007f145117d6c8
Event: 3,222 Thread 0x00007f145400a800 DEOPT PACKING pc=0x00007f145117d6c8 sp=0x00007f145a388790
Event: 3,222 Thread 0x00007f145400a800 DEOPT UNPACKING pc=0x00007f1451039045 sp=0x00007f145a388748 mode 2


Dynamic libraries:
00400000-00401000 r-xp 00000000 08:05 12322450                           /usr/lib/jvm/java-7-openjdk-amd64/jre/bin/java
00600000-00601000 r--p 00000000 08:05 12322450                           /usr/lib/jvm/java-7-openjdk-amd64/jre/bin/java
00601000-00602000 rw-p 00001000 08:05 12322450                           /usr/lib/jvm/java-7-openjdk-amd64/jre/bin/java
00e72000-00e93000 rw-p 00000000 00:00 0                                  [heap]
d6600000-d7f00000 rw-p 00000000 00:00 0 
d7f00000-e0c00000 rw-p 00000000 00:00 0 
e0c00000-e3300000 rw-p 00000000 00:00 0 
e3300000-f5900000 rw-p 00000000 00:00 0 
f5900000-f7c00000 rw-p 00000000 00:00 0 
f7c00000-100000000 rw-p 00000000 00:00 0 
7f1404000000-7f1404021000 rw-p 00000000 00:00 0 
7f1404021000-7f1408000000 ---p 00000000 00:00 0 
7f1408000000-7f1408021000 rw-p 00000000 00:00 0 
7f1408021000-7f140c000000 ---p 00000000 00:00 0 
7f140c000000-7f140c021000 rw-p 00000000 00:00 0 
7f140c021000-7f1410000000 ---p 00000000 00:00 0 
7f1410000000-7f1410021000 rw-p 00000000 00:00 0 
7f1410021000-7f1414000000 ---p 00000000 00:00 0 
7f1414000000-7f1414021000 rw-p 00000000 00:00 0 
7f1414021000-7f1418000000 ---p 00000000 00:00 0 
7f1418000000-7f1418027000 rw-p 00000000 00:00 0 
7f1418027000-7f141c000000 ---p 00000000 00:00 0 
7f141c000000-7f141ccd4000 rw-p 00000000 00:00 0 
7f141ccd4000-7f1420000000 ---p 00000000 00:00 0 
7f1420000000-7f1420021000 rw-p 00000000 00:00 0 
7f1420021000-7f1424000000 ---p 00000000 00:00 0 
7f1424000000-7f1424021000 rw-p 00000000 00:00 0 
7f1424021000-7f1428000000 ---p 00000000 00:00 0 
7f1428000000-7f1428d1f000 rw-p 00000000 00:00 0 
7f1428d1f000-7f142c000000 ---p 00000000 00:00 0 
7f142c000000-7f142c021000 rw-p 00000000 00:00 0 
7f142c021000-7f1430000000 ---p 00000000 00:00 0 
7f1430000000-7f1430021000 rw-p 00000000 00:00 0 
7f1430021000-7f1434000000 ---p 00000000 00:00 0 
7f1434000000-7f1434021000 rw-p 00000000 00:00 0 
7f1434021000-7f1438000000 ---p 00000000 00:00 0 
7f1438000000-7f1438021000 rw-p 00000000 00:00 0 
7f1438021000-7f143c000000 ---p 00000000 00:00 0 
7f143c000000-7f143c021000 rw-p 00000000 00:00 0 
7f143c021000-7f1440000000 ---p 00000000 00:00 0 
7f14437f7000-7f14437f9000 r-xp 00000000 08:05 16777852                   /home/luis/practica01/src/lib/libconvex_hull.so
7f14437f9000-7f14439f8000 ---p 00002000 08:05 16777852                   /home/luis/practica01/src/lib/libconvex_hull.so
7f14439f8000-7f14439f9000 r--p 00001000 08:05 16777852                   /home/luis/practica01/src/lib/libconvex_hull.so
7f14439f9000-7f14439fa000 rw-p 00002000 08:05 16777852                   /home/luis/practica01/src/lib/libconvex_hull.so
7f14439fa000-7f14439fc000 r-xp 00000000 08:05 16777851                   /home/luis/practica01/src/lib/libdouble_linked_list.so
7f14439fc000-7f1443bfb000 ---p 00002000 08:05 16777851                   /home/luis/practica01/src/lib/libdouble_linked_list.so
7f1443bfb000-7f1443bfc000 r--p 00001000 08:05 16777851                   /home/luis/practica01/src/lib/libdouble_linked_list.so
7f1443bfc000-7f1443bfd000 rw-p 00002000 08:05 16777851                   /home/luis/practica01/src/lib/libdouble_linked_list.so
7f1443bfd000-7f1443bfe000 r-xp 00000000 08:05 16777824                   /home/luis/practica01/src/lib/lib2d_points.so
7f1443bfe000-7f1443dfd000 ---p 00001000 08:05 16777824                   /home/luis/practica01/src/lib/lib2d_points.so
7f1443dfd000-7f1443dfe000 r--p 00000000 08:05 16777824                   /home/luis/practica01/src/lib/lib2d_points.so
7f1443dfe000-7f1443dff000 rw-p 00001000 08:05 16777824                   /home/luis/practica01/src/lib/lib2d_points.so
7f1443dff000-7f1443e02000 ---p 00000000 00:00 0 
7f1443e02000-7f1444000000 rw-p 00000000 00:00 0 
7f1444000000-7f1444021000 rw-p 00000000 00:00 0 
7f1444021000-7f1448000000 ---p 00000000 00:00 0 
7f14481b8000-7f14481bb000 ---p 00000000 00:00 0 
7f14481bb000-7f14483b9000 rw-p 00000000 00:00 0                          [stack:4129]
7f14483b9000-7f14483bc000 ---p 00000000 00:00 0 
7f14483bc000-7f14485ba000 rw-p 00000000 00:00 0 
7f14485ba000-7f14485bd000 ---p 00000000 00:00 0 
7f14485bd000-7f14487bb000 rw-p 00000000 00:00 0                          [stack:4059]
7f14487bb000-7f14487cd000 r-xp 00000000 08:05 16253453                   /home/luis/.rbenv/versions/jruby-1.7.10/lib/jni/x86_64-Linux/libjffi-1.2.so
7f14487cd000-7f14489cc000 ---p 00012000 08:05 16253453                   /home/luis/.rbenv/versions/jruby-1.7.10/lib/jni/x86_64-Linux/libjffi-1.2.so
7f14489cc000-7f14489cd000 rw-p 00011000 08:05 16253453                   /home/luis/.rbenv/versions/jruby-1.7.10/lib/jni/x86_64-Linux/libjffi-1.2.so
7f14489cd000-7f14489dd000 r-xp 00000000 08:05 12322344                   /usr/lib/jvm/java-7-openjdk-amd64/jre/lib/amd64/libnio.so
7f14489dd000-7f1448bdd000 ---p 00010000 08:05 12322344                   /usr/lib/jvm/java-7-openjdk-amd64/jre/lib/amd64/libnio.so
7f1448bdd000-7f1448bde000 r--p 00010000 08:05 12322344                   /usr/lib/jvm/java-7-openjdk-amd64/jre/lib/amd64/libnio.so
7f1448bde000-7f1448bdf000 rw-p 00011000 08:05 12322344                   /usr/lib/jvm/java-7-openjdk-amd64/jre/lib/amd64/libnio.so
7f1448bdf000-7f1448c1c000 r-xp 00000000 08:05 9834371                    /lib/x86_64-linux-gnu/libpcre.so.3.13.1
7f1448c1c000-7f1448e1c000 ---p 0003d000 08:05 9834371                    /lib/x86_64-linux-gnu/libpcre.so.3.13.1
7f1448e1c000-7f1448e1d000 r--p 0003d000 08:05 9834371                    /lib/x86_64-linux-gnu/libpcre.so.3.13.1
7f1448e1d000-7f1448e1e000 rw-p 0003e000 08:05 9834371                    /lib/x86_64-linux-gnu/libpcre.so.3.13.1
7f1448e1e000-7f1448e25000 r-xp 00000000 08:05 12196946                   /usr/lib/x86_64-linux-gnu/libffi.so.6.0.1
7f1448e25000-7f1449024000 ---p 00007000 08:05 12196946                   /usr/lib/x86_64-linux-gnu/libffi.so.6.0.1
7f1449024000-7f1449025000 r--p 00006000 08:05 12196946                   /usr/lib/x86_64-linux-gnu/libffi.so.6.0.1
7f1449025000-7f1449026000 rw-p 00007000 08:05 12196946                   /usr/lib/x86_64-linux-gnu/libffi.so.6.0.1
7f1449026000-7f144903c000 r-xp 00000000 08:05 9834394                    /lib/x86_64-linux-gnu/libresolv-2.17.so
7f144903c000-7f144923c000 ---p 00016000 08:05 9834394                    /lib/x86_64-linux-gnu/libresolv-2.17.so
7f144923c000-7f144923d000 r--p 00016000 08:05 9834394                    /lib/x86_64-linux-gnu/libresolv-2.17.so
7f144923d000-7f144923e000 rw-p 00017000 08:05 9834394                    /lib/x86_64-linux-gnu/libresolv-2.17.so
7f144923e000-7f1449240000 rw-p 00000000 00:00 0 
7f1449240000-7f144925f000 r-xp 00000000 08:05 9834398                    /lib/x86_64-linux-gnu/libselinux.so.1
7f144925f000-7f144945f000 ---p 0001f000 08:05 9834398                    /lib/x86_64-linux-gnu/libselinux.so.1
7f144945f000-7f1449460000 r--p 0001f000 08:05 9834398                    /lib/x86_64-linux-gnu/libselinux.so.1
7f1449460000-7f1449461000 rw-p 00020000 08:05 9834398                    /lib/x86_64-linux-gnu/libselinux.so.1
7f1449461000-7f1449462000 rw-p 00000000 00:00 0 
7f1449462000-7f1449465000 r-xp 00000000 08:05 12190134                   /usr/lib/x86_64-linux-gnu/libgmodule-2.0.so.0.3800.1
7f1449465000-7f1449664000 ---p 00003000 08:05 12190134                   /usr/lib/x86_64-linux-gnu/libgmodule-2.0.so.0.3800.1
7f1449664000-7f1449665000 r--p 00002000 08:05 12190134                   /usr/lib/x86_64-linux-gnu/libgmodule-2.0.so.0.3800.1
7f1449665000-7f1449666000 rw-p 00003000 08:05 12190134                   /usr/lib/x86_64-linux-gnu/libgmodule-2.0.so.0.3800.1
7f1449666000-7f1449764000 r-xp 00000000 08:05 9834386                    /lib/x86_64-linux-gnu/libglib-2.0.so.0.3800.1
7f1449764000-7f1449964000 ---p 000fe000 08:05 9834386                    /lib/x86_64-linux-gnu/libglib-2.0.so.0.3800.1
7f1449964000-7f1449965000 r--p 000fe000 08:05 9834386                    /lib/x86_64-linux-gnu/libglib-2.0.so.0.3800.1
7f1449965000-7f1449966000 rw-p 000ff000 08:05 9834386                    /lib/x86_64-linux-gnu/libglib-2.0.so.0.3800.1
7f1449966000-7f1449967000 rw-p 00000000 00:00 0 
7f1449967000-7f14499b6000 r-xp 00000000 08:05 12190125                   /usr/lib/x86_64-linux-gnu/libgobject-2.0.so.0.3800.1
7f14499b6000-7f1449bb6000 ---p 0004f000 08:05 12190125                   /usr/lib/x86_64-linux-gnu/libgobject-2.0.so.0.3800.1
7f1449bb6000-7f1449bb7000 r--p 0004f000 08:05 12190125                   /usr/lib/x86_64-linux-gnu/libgobject-2.0.so.0.3800.1
7f1449bb7000-7f1449bb8000 rw-p 00050000 08:05 12190125                   /usr/lib/x86_64-linux-gnu/libgobject-2.0.so.0.3800.1
7f1449bb8000-7f1449d14000 r-xp 00000000 08:05 12190099                   /usr/lib/x86_64-linux-gnu/libgio-2.0.so.0.3800.1
7f1449d14000-7f1449f13000 ---p 0015c000 08:05 12190099                   /usr/lib/x86_64-linux-gnu/libgio-2.0.so.0.3800.1
7f1449f13000-7f1449f17000 r--p 0015b000 08:05 12190099                   /usr/lib/x86_64-linux-gnu/libgio-2.0.so.0.3800.1
7f1449f17000-7f1449f19000 rw-p 0015f000 08:05 12190099                   /usr/lib/x86_64-linux-gnu/libgio-2.0.so.0.3800.1
7f1449f19000-7f1449f1b000 rw-p 00000000 00:00 0 
7f1449f1b000-7f1449f31000 r-xp 00000000 08:05 12322132                   /usr/lib/jvm/java-7-openjdk-amd64/jre/lib/amd64/libnet.so
7f1449f31000-7f144a130000 ---p 00016000 08:05 12322132                   /usr/lib/jvm/java-7-openjdk-amd64/jre/lib/amd64/libnet.so
7f144a130000-7f144a131000 r--p 00015000 08:05 12322132                   /usr/lib/jvm/java-7-openjdk-amd64/jre/lib/amd64/libnet.so
7f144a131000-7f144a132000 rw-p 00016000 08:05 12322132                   /usr/lib/jvm/java-7-openjdk-amd64/jre/lib/amd64/libnet.so
7f144a132000-7f144a133000 ---p 00000000 00:00 0 
7f144a133000-7f144a233000 rw-p 00000000 00:00 0                          [stack:4058]
7f144a233000-7f144a236000 ---p 00000000 00:00 0 
7f144a236000-7f144a434000 rw-p 00000000 00:00 0                          [stack:4057]
7f144a434000-7f144a437000 ---p 00000000 00:00 0 
7f144a437000-7f144a535000 rw-p 00000000 00:00 0                          [stack:4056]
7f144a535000-7f144a538000 ---p 00000000 00:00 0 
7f144a538000-7f144a736000 rw-p 00000000 00:00 0                          [stack:4054]
7f144a736000-7f144ab30000 r--p 00000000 08:05 12195384                   /usr/lib/locale/locale-archive
7f144ab30000-7f144c000000 rw-p 00000000 00:00 0 
7f144c000000-7f144c021000 rw-p 00000000 00:00 0 
7f144c021000-7f1450000000 ---p 00000000 00:00 0 
7f1450057000-7f145005a000 ---p 00000000 00:00 0 
7f145005a000-7f1450090000 rw-p 00000000 00:00 0                          [stack:4062]
7f1450090000-7f1450093000 ---p 00000000 00:00 0 
7f1450093000-7f1450191000 rw-p 00000000 00:00 0                          [stack:4055]
7f1450191000-7f1450194000 ---p 00000000 00:00 0 
7f1450194000-7f1450392000 rw-p 00000000 00:00 0                          [stack:4053]
7f1450392000-7f1450395000 ---p 00000000 00:00 0 
7f1450395000-7f1450593000 rw-p 00000000 00:00 0                          [stack:4052]
7f1450593000-7f1450594000 ---p 00000000 00:00 0 
7f1450594000-7f1451000000 rw-p 00000000 00:00 0                          [stack:4051]
7f1451000000-7f1451270000 rwxp 00000000 00:00 0 
7f1451270000-7f14544f3000 rw-p 00000000 00:00 0 
7f14544f3000-7f1458000000 ---p 00000000 00:00 0 
7f1458017000-7f1458688000 rw-p 00000000 00:00 0 
7f1458688000-7f1458771000 r--s 00bb9000 08:05 16253440                   /home/luis/.rbenv/versions/jruby-1.7.10/lib/jruby.jar
7f1458771000-7f14587b9000 rw-p 00000000 00:00 0 
7f14587b9000-7f1458967000 r--s 01cf4000 08:05 12322430                   /usr/lib/jvm/java-7-openjdk-amd64/jre/lib/rt.jar
7f1458967000-7f1458bad000 rw-p 00000000 00:00 0 
7f1458bad000-7f1458bae000 ---p 00000000 00:00 0 
7f1458bae000-7f1458cae000 rw-p 00000000 00:00 0                          [stack:4050]
7f1458cae000-7f1458caf000 ---p 00000000 00:00 0 
7f1458caf000-7f1458daf000 rw-p 00000000 00:00 0                          [stack:4049]
7f1458daf000-7f1458db0000 ---p 00000000 00:00 0 
7f1458db0000-7f1458eb0000 rw-p 00000000 00:00 0                          [stack:4048]
7f1458eb0000-7f1458eb1000 ---p 00000000 00:00 0 
7f1458eb1000-7f1458fbe000 rw-p 00000000 00:00 0                          [stack:4047]
7f1458fbe000-7f1459004000 rw-p 00000000 00:00 0 
7f1459004000-7f1459018000 rw-p 00000000 00:00 0 
7f1459018000-7f14590aa000 rw-p 00000000 00:00 0 
7f14590aa000-7f14590bc000 rw-p 00000000 00:00 0 
7f14590bc000-7f14590fe000 rw-p 00000000 00:00 0 
7f14590fe000-7f14590ff000 rw-p 00000000 00:00 0 
7f14590ff000-7f1459107000 r-xp 00000000 08:05 12322081                   /usr/lib/jvm/java-7-openjdk-amd64/jre/lib/amd64/libzip.so
7f1459107000-7f1459306000 ---p 00008000 08:05 12322081                   /usr/lib/jvm/java-7-openjdk-amd64/jre/lib/amd64/libzip.so
7f1459306000-7f1459307000 r--p 00007000 08:05 12322081                   /usr/lib/jvm/java-7-openjdk-amd64/jre/lib/amd64/libzip.so
7f1459307000-7f1459308000 rw-p 00008000 08:05 12322081                   /usr/lib/jvm/java-7-openjdk-amd64/jre/lib/amd64/libzip.so
7f1459308000-7f1459314000 r-xp 00000000 08:05 9834349                    /lib/x86_64-linux-gnu/libnss_files-2.17.so
7f1459314000-7f1459513000 ---p 0000c000 08:05 9834349                    /lib/x86_64-linux-gnu/libnss_files-2.17.so
7f1459513000-7f1459514000 r--p 0000b000 08:05 9834349                    /lib/x86_64-linux-gnu/libnss_files-2.17.so
7f1459514000-7f1459515000 rw-p 0000c000 08:05 9834349                    /lib/x86_64-linux-gnu/libnss_files-2.17.so
7f1459515000-7f1459520000 r-xp 00000000 08:05 9834353                    /lib/x86_64-linux-gnu/libnss_nis-2.17.so
7f1459520000-7f145971f000 ---p 0000b000 08:05 9834353                    /lib/x86_64-linux-gnu/libnss_nis-2.17.so
7f145971f000-7f1459720000 r--p 0000a000 08:05 9834353                    /lib/x86_64-linux-gnu/libnss_nis-2.17.so
7f1459720000-7f1459721000 rw-p 0000b000 08:05 9834353                    /lib/x86_64-linux-gnu/libnss_nis-2.17.so
7f1459721000-7f1459738000 r-xp 00000000 08:05 9834343                    /lib/x86_64-linux-gnu/libnsl-2.17.so
7f1459738000-7f1459937000 ---p 00017000 08:05 9834343                    /lib/x86_64-linux-gnu/libnsl-2.17.so
7f1459937000-7f1459938000 r--p 00016000 08:05 9834343                    /lib/x86_64-linux-gnu/libnsl-2.17.so
7f1459938000-7f1459939000 rw-p 00017000 08:05 9834343                    /lib/x86_64-linux-gnu/libnsl-2.17.so
7f1459939000-7f145993b000 rw-p 00000000 00:00 0 
7f145993b000-7f1459943000 r-xp 00000000 08:05 9834345                    /lib/x86_64-linux-gnu/libnss_compat-2.17.so
7f1459943000-7f1459b42000 ---p 00008000 08:05 9834345                    /lib/x86_64-linux-gnu/libnss_compat-2.17.so
7f1459b42000-7f1459b43000 r--p 00007000 08:05 9834345                    /lib/x86_64-linux-gnu/libnss_compat-2.17.so
7f1459b43000-7f1459b44000 rw-p 00008000 08:05 9834345                    /lib/x86_64-linux-gnu/libnss_compat-2.17.so
7f1459b44000-7f1459b6f000 r-xp 00000000 08:05 12322007                   /usr/lib/jvm/java-7-openjdk-amd64/jre/lib/amd64/libjava.so
7f1459b6f000-7f1459d6e000 ---p 0002b000 08:05 12322007                   /usr/lib/jvm/java-7-openjdk-amd64/jre/lib/amd64/libjava.so
7f1459d6e000-7f1459d6f000 r--p 0002a000 08:05 12322007                   /usr/lib/jvm/java-7-openjdk-amd64/jre/lib/amd64/libjava.so
7f1459d6f000-7f1459d71000 rw-p 0002b000 08:05 12322007                   /usr/lib/jvm/java-7-openjdk-amd64/jre/lib/amd64/libjava.so
7f1459d71000-7f1459d81000 r-xp 00000000 08:05 12322321                   /usr/lib/jvm/java-7-openjdk-amd64/jre/lib/amd64/libverify.so
7f1459d81000-7f1459f80000 ---p 00010000 08:05 12322321                   /usr/lib/jvm/java-7-openjdk-amd64/jre/lib/amd64/libverify.so
7f1459f80000-7f1459f82000 r--p 0000f000 08:05 12322321                   /usr/lib/jvm/java-7-openjdk-amd64/jre/lib/amd64/libverify.so
7f1459f82000-7f1459f83000 rw-p 00011000 08:05 12322321                   /usr/lib/jvm/java-7-openjdk-amd64/jre/lib/amd64/libverify.so
7f1459f83000-7f1459f8a000 r-xp 00000000 08:05 9834396                    /lib/x86_64-linux-gnu/librt-2.17.so
7f1459f8a000-7f145a189000 ---p 00007000 08:05 9834396                    /lib/x86_64-linux-gnu/librt-2.17.so
7f145a189000-7f145a18a000 r--p 00006000 08:05 9834396                    /lib/x86_64-linux-gnu/librt-2.17.so
7f145a18a000-7f145a18b000 rw-p 00007000 08:05 9834396                    /lib/x86_64-linux-gnu/librt-2.17.so
7f145a18b000-7f145a18e000 ---p 00000000 00:00 0 
7f145a18e000-7f145a38c000 rw-p 00000000 00:00 0                          [stack:4046]
7f145a38c000-7f145a3a1000 r-xp 00000000 08:05 9830413                    /lib/x86_64-linux-gnu/libgcc_s.so.1
7f145a3a1000-7f145a5a0000 ---p 00015000 08:05 9830413                    /lib/x86_64-linux-gnu/libgcc_s.so.1
7f145a5a0000-7f145a5a1000 r--p 00014000 08:05 9830413                    /lib/x86_64-linux-gnu/libgcc_s.so.1
7f145a5a1000-7f145a5a2000 rw-p 00015000 08:05 9830413                    /lib/x86_64-linux-gnu/libgcc_s.so.1
7f145a5a2000-7f145a6a5000 r-xp 00000000 08:05 9834324                    /lib/x86_64-linux-gnu/libm-2.17.so
7f145a6a5000-7f145a8a4000 ---p 00103000 08:05 9834324                    /lib/x86_64-linux-gnu/libm-2.17.so
7f145a8a4000-7f145a8a5000 r--p 00102000 08:05 9834324                    /lib/x86_64-linux-gnu/libm-2.17.so
7f145a8a5000-7f145a8a6000 rw-p 00103000 08:05 9834324                    /lib/x86_64-linux-gnu/libm-2.17.so
7f145a8a6000-7f145a98c000 r-xp 00000000 08:05 12190887                   /usr/lib/x86_64-linux-gnu/libstdc++.so.6.0.18
7f145a98c000-7f145ab8b000 ---p 000e6000 08:05 12190887                   /usr/lib/x86_64-linux-gnu/libstdc++.so.6.0.18
7f145ab8b000-7f145ab93000 r--p 000e5000 08:05 12190887                   /usr/lib/x86_64-linux-gnu/libstdc++.so.6.0.18
7f145ab93000-7f145ab95000 rw-p 000ed000 08:05 12190887                   /usr/lib/x86_64-linux-gnu/libstdc++.so.6.0.18
7f145ab95000-7f145abaa000 rw-p 00000000 00:00 0 
7f145abaa000-7f145b689000 r-xp 00000000 08:05 12322340                   /usr/lib/jvm/java-7-openjdk-amd64/jre/lib/amd64/server/libjvm.so
7f145b689000-7f145b888000 ---p 00adf000 08:05 12322340                   /usr/lib/jvm/java-7-openjdk-amd64/jre/lib/amd64/server/libjvm.so
7f145b888000-7f145b91a000 r--p 00ade000 08:05 12322340                   /usr/lib/jvm/java-7-openjdk-amd64/jre/lib/amd64/server/libjvm.so
7f145b91a000-7f145b93d000 rw-p 00b70000 08:05 12322340                   /usr/lib/jvm/java-7-openjdk-amd64/jre/lib/amd64/server/libjvm.so
7f145b93d000-7f145b96a000 rw-p 00000000 00:00 0 
7f145b96a000-7f145b982000 r-xp 00000000 08:05 9834431                    /lib/x86_64-linux-gnu/libz.so.1.2.8
7f145b982000-7f145bb81000 ---p 00018000 08:05 9834431                    /lib/x86_64-linux-gnu/libz.so.1.2.8
7f145bb81000-7f145bb82000 r--p 00017000 08:05 9834431                    /lib/x86_64-linux-gnu/libz.so.1.2.8
7f145bb82000-7f145bb83000 rw-p 00018000 08:05 9834431                    /lib/x86_64-linux-gnu/libz.so.1.2.8
7f145bb83000-7f145bb9a000 r-xp 00000000 08:05 9834388                    /lib/x86_64-linux-gnu/libpthread-2.17.so
7f145bb9a000-7f145bd9a000 ---p 00017000 08:05 9834388                    /lib/x86_64-linux-gnu/libpthread-2.17.so
7f145bd9a000-7f145bd9b000 r--p 00017000 08:05 9834388                    /lib/x86_64-linux-gnu/libpthread-2.17.so
7f145bd9b000-7f145bd9c000 rw-p 00018000 08:05 9834388                    /lib/x86_64-linux-gnu/libpthread-2.17.so
7f145bd9c000-7f145bda0000 rw-p 00000000 00:00 0 
7f145bda0000-7f145bda3000 r-xp 00000000 08:05 9834288                    /lib/x86_64-linux-gnu/libdl-2.17.so
7f145bda3000-7f145bfa2000 ---p 00003000 08:05 9834288                    /lib/x86_64-linux-gnu/libdl-2.17.so
7f145bfa2000-7f145bfa3000 r--p 00002000 08:05 9834288                    /lib/x86_64-linux-gnu/libdl-2.17.so
7f145bfa3000-7f145bfa4000 rw-p 00003000 08:05 9834288                    /lib/x86_64-linux-gnu/libdl-2.17.so
7f145bfa4000-7f145c161000 r-xp 00000000 08:05 9834273                    /lib/x86_64-linux-gnu/libc-2.17.so
7f145c161000-7f145c361000 ---p 001bd000 08:05 9834273                    /lib/x86_64-linux-gnu/libc-2.17.so
7f145c361000-7f145c365000 r--p 001bd000 08:05 9834273                    /lib/x86_64-linux-gnu/libc-2.17.so
7f145c365000-7f145c367000 rw-p 001c1000 08:05 9834273                    /lib/x86_64-linux-gnu/libc-2.17.so
7f145c367000-7f145c36c000 rw-p 00000000 00:00 0 
7f145c36c000-7f145c379000 r-xp 00000000 08:05 12322347                   /usr/lib/jvm/java-7-openjdk-amd64/jre/lib/amd64/jli/libjli.so
7f145c379000-7f145c578000 ---p 0000d000 08:05 12322347                   /usr/lib/jvm/java-7-openjdk-amd64/jre/lib/amd64/jli/libjli.so
7f145c578000-7f145c579000 r--p 0000c000 08:05 12322347                   /usr/lib/jvm/java-7-openjdk-amd64/jre/lib/amd64/jli/libjli.so
7f145c579000-7f145c57a000 rw-p 0000d000 08:05 12322347                   /usr/lib/jvm/java-7-openjdk-amd64/jre/lib/amd64/jli/libjli.so
7f145c57a000-7f145c59d000 r-xp 00000000 08:05 9834249                    /lib/x86_64-linux-gnu/ld-2.17.so
7f145c5a3000-7f145c5a4000 r-xp 00000000 00:00 0 
7f145c5a4000-7f145c5ab000 r--s 00000000 08:05 12588976                   /usr/lib/x86_64-linux-gnu/gconv/gconv-modules.cache
7f145c5ab000-7f145c5b0000 r--s 0004c000 08:05 12322352                   /usr/lib/jvm/java-7-openjdk-amd64/jre/lib/jsse.jar
7f145c5b0000-7f145c5b3000 r--s 00032000 08:05 12322366                   /usr/lib/jvm/java-7-openjdk-amd64/jre/lib/ext/sunjce_provider.jar
7f145c5b3000-7f145c5b6000 r--s 0000f000 08:05 12322362                   /usr/lib/jvm/java-7-openjdk-amd64/jre/lib/ext/pulse-java.jar
7f145c5b6000-7f145c5d1000 rw-p 00000000 00:00 0 
7f145c5d1000-7f145c617000 rw-p 00000000 00:00 0 
7f145c617000-7f145c62b000 rw-p 00000000 00:00 0 
7f145c62b000-7f145c6be000 rw-p 00000000 00:00 0 
7f145c6be000-7f145c6c8000 rw-p 00000000 00:00 0 
7f145c6c8000-7f145c77e000 rw-p 00000000 00:00 0 
7f145c77e000-7f145c783000 rw-p 00000000 00:00 0 
7f145c783000-7f145c785000 r--s 00006000 08:05 12717881                   /usr/share/java/java-atk-wrapper.jar
7f145c785000-7f145c789000 r--s 00085000 08:05 12322360                   /usr/lib/jvm/java-7-openjdk-amd64/jre/lib/ext/localedata.jar
7f145c789000-7f145c78d000 r--s 0003b000 08:05 12322372                   /usr/lib/jvm/java-7-openjdk-amd64/jre/lib/ext/sunpkcs11.jar
7f145c78d000-7f145c78e000 r--s 00002000 08:05 12322370                   /usr/lib/jvm/java-7-openjdk-amd64/jre/lib/ext/dnsns.jar
7f145c78e000-7f145c790000 r--s 00012000 08:05 12322364                   /usr/lib/jvm/java-7-openjdk-amd64/jre/lib/ext/zipfs.jar
7f145c790000-7f145c798000 rw-s 00000000 08:05 7340055                    /tmp/hsperfdata_luis/4021
7f145c798000-7f145c799000 rw-p 00000000 00:00 0 
7f145c799000-7f145c79a000 r--p 00000000 00:00 0 
7f145c79a000-7f145c79c000 rw-p 00000000 00:00 0 
7f145c79c000-7f145c79d000 r--p 00022000 08:05 9834249                    /lib/x86_64-linux-gnu/ld-2.17.so
7f145c79d000-7f145c79f000 rw-p 00023000 08:05 9834249                    /lib/x86_64-linux-gnu/ld-2.17.so
7ffffcd9c000-7ffffcdbd000 rw-p 00000000 00:00 0                          [stack]
7ffffcdfe000-7ffffce00000 r-xp 00000000 00:00 0                          [vdso]
ffffffffff600000-ffffffffff601000 r-xp 00000000 00:00 0                  [vsyscall]

VM Arguments:
jvm_args: -Djdk.home= -Djruby.home=/home/luis/.rbenv/versions/jruby-1.7.10 -Djruby.script=jruby -Djruby.shell=/bin/sh -Djffi.boot.library.path=/home/luis/.rbenv/versions/jruby-1.7.10/lib/jni:/home/luis/.rbenv/versions/jruby-1.7.10/lib/jni/arm-Linux:/home/luis/.rbenv/versions/jruby-1.7.10/lib/jni/x86_64-Linux:/home/luis/.rbenv/versions/jruby-1.7.10/lib/jni/i386-Linux -Xmx500m -Xss2048k -Xbootclasspath/a:/home/luis/.rbenv/versions/jruby-1.7.10/lib/jruby.jar 
java_command: org/jruby/Main Makefile.rb clean compile test
Launcher Type: SUN_STANDARD

Environment Variables:
PATH=/home/luis/.rbenv/versions/jruby-1.7.10/bin:/home/luis/.rbenv/libexec:/home/luis/.rbenv/plugins/ruby-build/bin:/home/luis/.rbenv/shims:~/.rbenv/bin:~/.rbenv/bin:/usr/local/sbin:/usr/local/bin:/usr/sbin:/usr/bin:/sbin:/bin:/usr/games:/usr/local/games
USERNAME=luis
SHELL=/bin/bash
DISPLAY=:0

Signal Handlers:
SIGSEGV: [libjvm.so+0x916ea0], sa_mask[0]=0x7ffbfeff, sa_flags=0x10000004
SIGBUS: [libjvm.so+0x916ea0], sa_mask[0]=0x7ffbfeff, sa_flags=0x10000004
SIGFPE: [libjvm.so+0x794800], sa_mask[0]=0x7ffbfeff, sa_flags=0x10000004
SIGPIPE: [libjvm.so+0x794800], sa_mask[0]=0x7ffbfeff, sa_flags=0x10000004
SIGXFSZ: [libjvm.so+0x794800], sa_mask[0]=0x7ffbfeff, sa_flags=0x10000004
SIGILL: [libjvm.so+0x794800], sa_mask[0]=0x7ffbfeff, sa_flags=0x10000004
SIGUSR1: SIG_DFL, sa_mask[0]=0x00000000, sa_flags=0x00000000
SIGUSR2: [libjvm.so+0x7946a0], sa_mask[0]=0x00000000, sa_flags=0x10000004
SIGHUP: [libjvm.so+0x794880], sa_mask[0]=0x7ffbfeff, sa_flags=0x10000004
SIGINT: [libjvm.so+0x794880], sa_mask[0]=0x7ffbfeff, sa_flags=0x10000004
SIGTERM: [libjvm.so+0x794880], sa_mask[0]=0x7ffbfeff, sa_flags=0x10000004
SIGQUIT: [libjvm.so+0x794880], sa_mask[0]=0x7ffbfeff, sa_flags=0x10000004


---------------  S Y S T E M  ---------------

OS:LinuxMint 16 (petra)
uname:Linux 3.11.0-12-generic #19-Ubuntu SMP Wed Oct 9 16:20:46 UTC 2013 x86_64
libc:glibc 2.17 NPTL 2.17 
rlimit: STACK 8192k, CORE 0k, NPROC 29806, NOFILE 4096, AS infinity
load average:1,33 0,67 0,51

/proc/meminfo:
MemTotal:        3844532 kB
MemFree:         2368512 kB
Buffers:           78020 kB
Cached:           764104 kB
SwapCached:            0 kB
Active:           802116 kB
Inactive:         555120 kB
Active(anon):     516076 kB
Inactive(anon):   116348 kB
Active(file):     286040 kB
Inactive(file):   438772 kB
Unevictable:           0 kB
Mlocked:               0 kB
SwapTotal:       3987452 kB
SwapFree:        3987452 kB
Dirty:              3180 kB
Writeback:             0 kB
AnonPages:        515232 kB
Mapped:           133560 kB
Shmem:            117316 kB
Slab:              56212 kB
SReclaimable:      34532 kB
SUnreclaim:        21680 kB
KernelStack:        3120 kB
PageTables:        16908 kB
NFS_Unstable:          0 kB
Bounce:                0 kB
WritebackTmp:          0 kB
CommitLimit:     5909716 kB
Committed_AS:    2150976 kB
VmallocTotal:   34359738367 kB
VmallocUsed:      348004 kB
VmallocChunk:   34359386120 kB
HardwareCorrupted:     0 kB
AnonHugePages:         0 kB
HugePages_Total:       0
HugePages_Free:        0
HugePages_Rsvd:        0
HugePages_Surp:        0
Hugepagesize:       2048 kB
DirectMap4k:       58612 kB
DirectMap2M:     3930112 kB


CPU:total 4 (2 cores per cpu, 2 threads per core) family 6 model 37 stepping 5, cmov, cx8, fxsr, mmx, sse, sse2, sse3, ssse3, sse4.1, sse4.2, popcnt, ht, tsc, tscinvbit

/proc/cpuinfo:
processor	: 0
vendor_id	: GenuineIntel
cpu family	: 6
model		: 37
model name	: Intel(R) Core(TM) i5 CPU       M 460  @ 2.53GHz
stepping	: 5
microcode	: 0x2
cpu MHz		: 1199.000
cache size	: 3072 KB
physical id	: 0
siblings	: 4
core id		: 0
cpu cores	: 2
apicid		: 0
initial apicid	: 0
fpu		: yes
fpu_exception	: yes
cpuid level	: 11
wp		: yes
flags		: fpu vme de pse tsc msr pae mce cx8 apic sep mtrr pge mca cmov pat pse36 clflush dts acpi mmx fxsr sse sse2 ss ht tm pbe syscall nx rdtscp lm constant_tsc arch_perfmon pebs bts rep_good nopl xtopology nonstop_tsc aperfmperf pni dtes64 monitor ds_cpl vmx est tm2 ssse3 cx16 xtpr pdcm pcid sse4_1 sse4_2 popcnt lahf_lm ida arat dtherm tpr_shadow vnmi flexpriority ept vpid
bogomips	: 5066.65
clflush size	: 64
cache_alignment	: 64
address sizes	: 36 bits physical, 48 bits virtual
power management:

processor	: 1
vendor_id	: GenuineIntel
cpu family	: 6
model		: 37
model name	: Intel(R) Core(TM) i5 CPU       M 460  @ 2.53GHz
stepping	: 5
microcode	: 0x2
cpu MHz		: 2534.000
cache size	: 3072 KB
physical id	: 0
siblings	: 4
core id		: 0
cpu cores	: 2
apicid		: 1
initial apicid	: 1
fpu		: yes
fpu_exception	: yes
cpuid level	: 11
wp		: yes
flags		: fpu vme de pse tsc msr pae mce cx8 apic sep mtrr pge mca cmov pat pse36 clflush dts acpi mmx fxsr sse sse2 ss ht tm pbe syscall nx rdtscp lm constant_tsc arch_perfmon pebs bts rep_good nopl xtopology nonstop_tsc aperfmperf pni dtes64 monitor ds_cpl vmx est tm2 ssse3 cx16 xtpr pdcm pcid sse4_1 sse4_2 popcnt lahf_lm ida arat dtherm tpr_shadow vnmi flexpriority ept vpid
bogomips	: 5066.65
clflush size	: 64
cache_alignment	: 64
address sizes	: 36 bits physical, 48 bits virtual
power management:

processor	: 2
vendor_id	: GenuineIntel
cpu family	: 6
model		: 37
model name	: Intel(R) Core(TM) i5 CPU       M 460  @ 2.53GHz
stepping	: 5
microcode	: 0x2
cpu MHz		: 2534.000
cache size	: 3072 KB
physical id	: 0
siblings	: 4
core id		: 2
cpu cores	: 2
apicid		: 4
initial apicid	: 4
fpu		: yes
fpu_exception	: yes
cpuid level	: 11
wp		: yes
flags		: fpu vme de pse tsc msr pae mce cx8 apic sep mtrr pge mca cmov pat pse36 clflush dts acpi mmx fxsr sse sse2 ss ht tm pbe syscall nx rdtscp lm constant_tsc arch_perfmon pebs bts rep_good nopl xtopology nonstop_tsc aperfmperf pni dtes64 monitor ds_cpl vmx est tm2 ssse3 cx16 xtpr pdcm pcid sse4_1 sse4_2 popcnt lahf_lm ida arat dtherm tpr_shadow vnmi flexpriority ept vpid
bogomips	: 5066.65
clflush size	: 64
cache_alignment	: 64
address sizes	: 36 bits physical, 48 bits virtual
power management:

processor	: 3
vendor_id	: GenuineIntel
cpu family	: 6
model		: 37
model name	: Intel(R) Core(TM) i5 CPU       M 460  @ 2.53GHz
stepping	: 5
microcode	: 0x2
cpu MHz		: 1199.000
cache size	: 3072 KB
physical id	: 0
siblings	: 4
core id		: 2
cpu cores	: 2
apicid		: 5
initial apicid	: 5
fpu		: yes
fpu_exception	: yes
cpuid level	: 11
wp		: yes
flags		: fpu vme de pse tsc msr pae mce cx8 apic sep mtrr pge mca cmov pat pse36 clflush dts acpi mmx fxsr sse sse2 ss ht tm pbe syscall nx rdtscp lm constant_tsc arch_perfmon pebs bts rep_good nopl xtopology nonstop_tsc aperfmperf pni dtes64 monitor ds_cpl vmx est tm2 ssse3 cx16 xtpr pdcm pcid sse4_1 sse4_2 popcnt lahf_lm ida arat dtherm tpr_shadow vnmi flexpriority ept vpid
bogomips	: 5066.65
clflush size	: 64
cache_alignment	: 64
address sizes	: 36 bits physical, 48 bits virtual
power management:



Memory: 4k page, physical 3844532k(2368512k free), swap 3987452k(3987452k free)

vm_info: OpenJDK 64-Bit Server VM (24.45-b08) for linux-amd64 JRE (1.7.0_51-b00), built on Jan 15 2014 22:02:57 by "buildd" with gcc 4.8.1

time: Mon Mar  3 20:46:38 2014
elapsed time: 3 seconds

