#
# A fatal error has been detected by the Java Runtime Environment:
#
#  SIGSEGV (0xb) at pc=0x00007f262a24cdf4, pid=13327, tid=139802272155392
#
# JRE version: OpenJDK Runtime Environment (7.0_51) (build 1.7.0_51-b00)
# Java VM: OpenJDK 64-Bit Server VM (24.45-b08 mixed mode linux-amd64 compressed oops)
# Problematic frame:
# C  [libconvex_hull.so+0xdf4]  puente_superior+0xdd
#
# Failed to write core dump. Core dumps have been disabled. To enable core dumping, try "ulimit -c unlimited" before starting Java again
#
# If you would like to submit a bug report, please include
# instructions on how to reproduce the bug and visit:
#   http://icedtea.classpath.org/bugzilla
# The crash happened outside the Java Virtual Machine in native code.
# See problematic frame for where to report the bug.
#

---------------  T H R E A D  ---------------

Current thread (0x00007f263c00a800):  JavaThread "main" [_thread_in_native, id=13352, stack(0x00007f2640a54000,0x00007f2640c55000)]

siginfo:si_signo=SIGSEGV: si_errno=0, si_code=1 (SEGV_MAPERR), si_addr=0x0000000000000000

Registers:
RAX=0x0000000000000000, RBX=0x00000000d79ca550, RCX=0x00000000fffffcab, RDX=0x0000000000954f7c
RSP=0x00007f2640c51d40, RBP=0x00007f2640c51d80, RSI=0x00000000fffff5e3, RDI=0x00007f263c50d8e0
R8 =0x00007f263c50d850, R9 =0x0000000000000018, R10=0x0000000000000002, R11=0x00007f263c000078
R12=0x0000000000000000, R13=0x00000000d79ca550, R14=0x00007f2640c52008, R15=0x00007f263c00a800
RIP=0x00007f262a24cdf4, EFLAGS=0x0000000000010297, CSGSFS=0x0000000000000033, ERR=0x0000000000000004
  TRAPNO=0x000000000000000e

Top of Stack: (sp=0x00007f2640c51d40)
0x00007f2640c51d40:   00007f263c50d8e0 00007f263c50e830
0x00007f2640c51d50:   0000000500000004 0000000000000001
0x00007f2640c51d60:   00007f263c50d7c0 00007f263c50e890
0x00007f2640c51d70:   00007f263c50e870 00007f263c50e890
0x00007f2640c51d80:   00007f2640c51e70 00007f262a24d024
0x00007f2640c51d90:   00007f263c50d8e0 00007f263c50e830
0x00007f2640c51da0:   00000000fffff02e 00007f2600000000
0x00007f2640c51db0:   0000000000000001 0000000100000001
0x00007f2640c51dc0:   0000000200000000 00007f263c000020
0x00007f2640c51dd0:   0000000000000008 0000000000000000
0x00007f2640c51de0:   00000000d79ca550 00007f2640c52008
0x00007f2640c51df0:   00007f263c00a800 00007f26428f04d0
0x00007f2640c51e00:   00007f263c50e870 00000000d79ca550
0x00007f2640c51e10:   00007f2640c51e40 00007f262a652900
0x00007f2640c51e20:   00007f263c50d7c0 00000820fffff905
0x00007f2640c51e30:   00007f263c50d800 00007f263c50d8e0
0x00007f2640c51e40:   00007f2640c51e70 00007f262a652982
0x00007f2640c51e50:   00007f263c50d800 00007f263c4ff740
0x00007f2640c51e60:   00007f263c50d880 00007f263c50d8e0
0x00007f2640c51e70:   00007f2640c51f20 00007f262a24d8fb
0x00007f2640c51e80:   00000000d7e47c30 00007f263c50de20
0x00007f2640c51e90:   00000000d7e477c8 00007f263c4ff8a0
0x00007f2640c51ea0:   00007f263c50e830 00000000e114a340
0x00007f2640c51eb0:   00007f263893f294 00000000e1428fb8
0x00007f2640c51ec0:   00000000e11c9588 00000000e153b6a0
0x00007f2640c51ed0:   00000000e153c660 00000000e1149800
0x00007f2640c51ee0:   00007f263c50e7f0 00007f263c50e850
0x00007f2640c51ef0:   00007f263c50e7b0 00007f263c50e870
0x00007f2640c51f00:   00007f263c50e770 00007f263c50e890
0x00007f2640c51f10:   00007f263c4ff740 00007f263c50d8e0
0x00007f2640c51f20:   00007f263c4c0440 00007f262b05fcd9
0x00007f2640c51f30:   0000000000000000 00000000d79ca550 

Instructions: (pc=0x00007f262a24cdf4)
0x00007f262a24cdd4:   45 e0 48 8b 00 48 89 45 e8 48 8b 45 e0 48 8b 40
0x00007f262a24cde4:   08 48 8b 00 48 89 45 f0 48 8b 45 e0 48 8b 40 10
0x00007f262a24cdf4:   48 8b 00 48 89 45 f8 48 8b 55 f0 48 8b 4d e8 48
0x00007f262a24ce04:   8b 45 c0 48 89 ce 48 89 c7 e8 2e fc ff ff 89 45 

Register to memory mapping:

RAX=0x0000000000000000 is an unknown value
RBX=0x00000000d79ca550 is an oop
{method} 
 - klass: {other class}
RCX=0x00000000fffffcab is an unknown value
RDX=0x0000000000954f7c is an unknown value
RSP=0x00007f2640c51d40 is pointing into the stack for thread: 0x00007f263c00a800
RBP=0x00007f2640c51d80 is pointing into the stack for thread: 0x00007f263c00a800
RSI=0x00000000fffff5e3 is an unknown value
RDI=0x00007f263c50d8e0 is an unknown value
R8 =0x00007f263c50d850 is an unknown value
R9 =0x0000000000000018 is an unknown value
R10=0x0000000000000002 is an unknown value
R11=0x00007f263c000078 is an unknown value
R12=0x0000000000000000 is an unknown value
R13=0x00000000d79ca550 is an oop
{method} 
 - klass: {other class}
R14=0x00007f2640c52008 is pointing into the stack for thread: 0x00007f263c00a800
R15=0x00007f263c00a800 is a thread


Stack: [0x00007f2640a54000,0x00007f2640c55000],  sp=0x00007f2640c51d40,  free space=2039k
Native frames: (J=compiled Java code, j=interpreted, Vv=VM code, C=native code)
C  [libconvex_hull.so+0xdf4]  puente_superior+0xdd
C  [libconvex_hull.so+0x1024]  insertion+0x5e
C  [libconvex_hull.so+0x18fb]  convex_hull+0x235

Java frames: (J=compiled Java code, j=interpreted, Vv=VM code)
j  com.kenai.jffi.Foreign.invokeL1(JJJ)J+0
j  com.kenai.jffi.Invoker.invokeL1(Lcom/kenai/jffi/CallContext;JJ)J+7
j  org.jruby.ext.ffi.jffi.NativeInvoker$ffi$1.call(Lorg/jruby/runtime/ThreadContext;Lorg/jruby/runtime/builtin/IRubyObject;Lorg/jruby/RubyModule;Ljava/lang/String;Lorg/jruby/runtime/builtin/IRubyObject;)Lorg/jruby/runtime/builtin/IRubyObject;+76
j  org.jruby.runtime.callsite.CachingCallSite.cacheAndCall(Lorg/jruby/runtime/builtin/IRubyObject;Lorg/jruby/RubyClass;Lorg/jruby/runtime/ThreadContext;Lorg/jruby/runtime/builtin/IRubyObject;Lorg/jruby/runtime/builtin/IRubyObject;)Lorg/jruby/runtime/builtin/IRubyObject;+57
J  org.jruby.runtime.callsite.CachingCallSite.call(Lorg/jruby/runtime/ThreadContext;Lorg/jruby/runtime/builtin/IRubyObject;Lorg/jruby/runtime/builtin/IRubyObject;Lorg/jruby/runtime/builtin/IRubyObject;)Lorg/jruby/runtime/builtin/IRubyObject;
J  org.jruby.ast.CallOneArgNode.interpret(Lorg/jruby/Ruby;Lorg/jruby/runtime/ThreadContext;Lorg/jruby/runtime/builtin/IRubyObject;Lorg/jruby/runtime/Block;)Lorg/jruby/runtime/builtin/IRubyObject;
j  org.jruby.ast.LocalAsgnNode.interpret(Lorg/jruby/Ruby;Lorg/jruby/runtime/ThreadContext;Lorg/jruby/runtime/builtin/IRubyObject;Lorg/jruby/runtime/Block;)Lorg/jruby/runtime/builtin/IRubyObject;+30
J  org.jruby.ast.BlockNode.interpret(Lorg/jruby/Ruby;Lorg/jruby/runtime/ThreadContext;Lorg/jruby/runtime/builtin/IRubyObject;Lorg/jruby/runtime/Block;)Lorg/jruby/runtime/builtin/IRubyObject;
j  org.jruby.evaluator.ASTInterpreter.INTERPRET_METHOD(Lorg/jruby/Ruby;Lorg/jruby/runtime/ThreadContext;Ljava/lang/String;ILorg/jruby/RubyModule;Lorg/jruby/ast/Node;Ljava/lang/String;Lorg/jruby/runtime/builtin/IRubyObject;Lorg/jruby/runtime/Block;Z)Lorg/jruby/runtime/builtin/IRubyObject;+30
j  org.jruby.internal.runtime.methods.InterpretedMethod.call(Lorg/jruby/runtime/ThreadContext;Lorg/jruby/runtime/builtin/IRubyObject;Lorg/jruby/RubyModule;Ljava/lang/String;)Lorg/jruby/runtime/builtin/IRubyObject;+80
j  org.jruby.internal.runtime.methods.DefaultMethod.call(Lorg/jruby/runtime/ThreadContext;Lorg/jruby/runtime/builtin/IRubyObject;Lorg/jruby/RubyModule;Ljava/lang/String;)Lorg/jruby/runtime/builtin/IRubyObject;+20
j  org.jruby.runtime.callsite.CachingCallSite.cacheAndCall(Lorg/jruby/runtime/builtin/IRubyObject;Lorg/jruby/RubyClass;Lorg/jruby/runtime/ThreadContext;Lorg/jruby/runtime/builtin/IRubyObject;)Lorg/jruby/runtime/builtin/IRubyObject;+53
j  org.jruby.runtime.callsite.CachingCallSite.call(Lorg/jruby/runtime/ThreadContext;Lorg/jruby/runtime/builtin/IRubyObject;Lorg/jruby/runtime/builtin/IRubyObject;)Lorg/jruby/runtime/builtin/IRubyObject;+46
j  org.jruby.ast.CallNoArgNode.interpret(Lorg/jruby/Ruby;Lorg/jruby/runtime/ThreadContext;Lorg/jruby/runtime/builtin/IRubyObject;Lorg/jruby/runtime/Block;)Lorg/jruby/runtime/builtin/IRubyObject;+18
j  org.jruby.ast.FCallTwoArgNode.interpret(Lorg/jruby/Ruby;Lorg/jruby/runtime/ThreadContext;Lorg/jruby/runtime/builtin/IRubyObject;Lorg/jruby/runtime/Block;)Lorg/jruby/runtime/builtin/IRubyObject;+28
J  org.jruby.ast.NewlineNode.interpret(Lorg/jruby/Ruby;Lorg/jruby/runtime/ThreadContext;Lorg/jruby/runtime/builtin/IRubyObject;Lorg/jruby/runtime/Block;)Lorg/jruby/runtime/builtin/IRubyObject;
j  org.jruby.ast.BlockNode.interpret(Lorg/jruby/Ruby;Lorg/jruby/runtime/ThreadContext;Lorg/jruby/runtime/builtin/IRubyObject;Lorg/jruby/runtime/Block;)Lorg/jruby/runtime/builtin/IRubyObject;+33
j  org.jruby.evaluator.ASTInterpreter.INTERPRET_METHOD(Lorg/jruby/Ruby;Lorg/jruby/runtime/ThreadContext;Ljava/lang/String;ILorg/jruby/RubyModule;Lorg/jruby/ast/Node;Ljava/lang/String;Lorg/jruby/runtime/builtin/IRubyObject;Lorg/jruby/runtime/Block;Z)Lorg/jruby/runtime/builtin/IRubyObject;+30
j  org.jruby.internal.runtime.methods.InterpretedMethod.call(Lorg/jruby/runtime/ThreadContext;Lorg/jruby/runtime/builtin/IRubyObject;Lorg/jruby/RubyModule;Ljava/lang/String;)Lorg/jruby/runtime/builtin/IRubyObject;+80
j  org.jruby.internal.runtime.methods.DefaultMethod.call(Lorg/jruby/runtime/ThreadContext;Lorg/jruby/runtime/builtin/IRubyObject;Lorg/jruby/RubyModule;Ljava/lang/String;)Lorg/jruby/runtime/builtin/IRubyObject;+20
j  org.jruby.runtime.callsite.CachingCallSite.cacheAndCall(Lorg/jruby/runtime/builtin/IRubyObject;Lorg/jruby/RubyClass;Lorg/jruby/runtime/ThreadContext;Lorg/jruby/runtime/builtin/IRubyObject;)Lorg/jruby/runtime/builtin/IRubyObject;+53
j  org.jruby.runtime.callsite.CachingCallSite.call(Lorg/jruby/runtime/ThreadContext;Lorg/jruby/runtime/builtin/IRubyObject;Lorg/jruby/runtime/builtin/IRubyObject;)Lorg/jruby/runtime/builtin/IRubyObject;+46
j  Makefile.method__2$RUBY$test(LMakefile;Lorg/jruby/runtime/ThreadContext;Lorg/jruby/runtime/builtin/IRubyObject;Lorg/jruby/runtime/Block;)Lorg/jruby/runtime/builtin/IRubyObject;+130
j  Makefile$method__2$RUBY$test.call(Lorg/jruby/runtime/ThreadContext;Lorg/jruby/runtime/builtin/IRubyObject;Lorg/jruby/RubyModule;Ljava/lang/String;Lorg/jruby/runtime/Block;)Lorg/jruby/runtime/builtin/IRubyObject;+17
j  org.jruby.RubyClass.finvoke(Lorg/jruby/runtime/ThreadContext;Lorg/jruby/runtime/builtin/IRubyObject;Ljava/lang/String;Lorg/jruby/runtime/Block;)Lorg/jruby/runtime/builtin/IRubyObject;+41
j  org.jruby.RubyBasicObject.send19(Lorg/jruby/runtime/ThreadContext;Lorg/jruby/runtime/builtin/IRubyObject;Lorg/jruby/runtime/Block;)Lorg/jruby/runtime/builtin/IRubyObject;+15
j  org.jruby.RubyKernel.send19(Lorg/jruby/runtime/ThreadContext;Lorg/jruby/runtime/builtin/IRubyObject;Lorg/jruby/runtime/builtin/IRubyObject;Lorg/jruby/runtime/Block;)Lorg/jruby/runtime/builtin/IRubyObject;+7
j  org.jruby.RubyKernel$INVOKER$s$send19.call(Lorg/jruby/runtime/ThreadContext;Lorg/jruby/runtime/builtin/IRubyObject;Lorg/jruby/RubyModule;Ljava/lang/String;Lorg/jruby/runtime/builtin/IRubyObject;Lorg/jruby/runtime/Block;)Lorg/jruby/runtime/builtin/IRubyObject;+6
j  org.jruby.internal.runtime.methods.JavaMethod$JavaMethodOneOrNBlock.call(Lorg/jruby/runtime/ThreadContext;Lorg/jruby/runtime/builtin/IRubyObject;Lorg/jruby/RubyModule;Ljava/lang/String;Lorg/jruby/runtime/builtin/IRubyObject;)Lorg/jruby/runtime/builtin/IRubyObject;+11
j  org.jruby.runtime.callsite.CachingCallSite.call(Lorg/jruby/runtime/ThreadContext;Lorg/jruby/runtime/builtin/IRubyObject;Lorg/jruby/runtime/builtin/IRubyObject;Lorg/jruby/runtime/builtin/IRubyObject;)Lorg/jruby/runtime/builtin/IRubyObject;+38
j  Makefile.block_6$RUBY$__file__(LMakefile;Lorg/jruby/runtime/ThreadContext;Lorg/jruby/runtime/builtin/IRubyObject;[Lorg/jruby/runtime/builtin/IRubyObject;Lorg/jruby/runtime/Block;)Lorg/jruby/runtime/builtin/IRubyObject;+46
j  Makefile$block_6$RUBY$__file__.call(Lorg/jruby/runtime/ThreadContext;Lorg/jruby/runtime/builtin/IRubyObject;[Lorg/jruby/runtime/builtin/IRubyObject;Lorg/jruby/runtime/Block;)Lorg/jruby/runtime/builtin/IRubyObject;+9
j  org.jruby.runtime.CompiledBlock19.yield(Lorg/jruby/runtime/ThreadContext;Lorg/jruby/runtime/builtin/IRubyObject;Lorg/jruby/runtime/Binding;Lorg/jruby/runtime/Block$Type;)Lorg/jruby/runtime/builtin/IRubyObject;+52
j  org.jruby.runtime.Block.yield(Lorg/jruby/runtime/ThreadContext;Lorg/jruby/runtime/builtin/IRubyObject;)Lorg/jruby/runtime/builtin/IRubyObject;+14
j  org.jruby.RubyArray.eachCommon(Lorg/jruby/runtime/ThreadContext;Lorg/jruby/runtime/Block;)Lorg/jruby/runtime/builtin/IRubyObject;+41
j  org.jruby.RubyArray.each(Lorg/jruby/runtime/ThreadContext;Lorg/jruby/runtime/Block;)Lorg/jruby/runtime/builtin/IRubyObject;+10
j  org.jruby.RubyArray$INVOKER$i$0$0$each.call(Lorg/jruby/runtime/ThreadContext;Lorg/jruby/runtime/builtin/IRubyObject;Lorg/jruby/RubyModule;Ljava/lang/String;Lorg/jruby/runtime/Block;)Lorg/jruby/runtime/builtin/IRubyObject;+7
j  org.jruby.runtime.callsite.CachingCallSite.cacheAndCall(Lorg/jruby/runtime/builtin/IRubyObject;Lorg/jruby/RubyClass;Lorg/jruby/runtime/Block;Lorg/jruby/runtime/ThreadContext;Lorg/jruby/runtime/builtin/IRubyObject;)Lorg/jruby/runtime/builtin/IRubyObject;+57
j  org.jruby.runtime.callsite.CachingCallSite.callBlock(Lorg/jruby/runtime/ThreadContext;Lorg/jruby/runtime/builtin/IRubyObject;Lorg/jruby/runtime/builtin/IRubyObject;Lorg/jruby/runtime/Block;)Lorg/jruby/runtime/builtin/IRubyObject;+50
j  org.jruby.runtime.callsite.CachingCallSite.callIter(Lorg/jruby/runtime/ThreadContext;Lorg/jruby/runtime/builtin/IRubyObject;Lorg/jruby/runtime/builtin/IRubyObject;Lorg/jruby/runtime/Block;)Lorg/jruby/runtime/builtin/IRubyObject;+6
j  Makefile.__file__(LMakefile;Lorg/jruby/runtime/ThreadContext;Lorg/jruby/runtime/builtin/IRubyObject;[Lorg/jruby/runtime/builtin/IRubyObject;Lorg/jruby/runtime/Block;)Lorg/jruby/runtime/builtin/IRubyObject;+859
j  Makefile.load(Lorg/jruby/runtime/ThreadContext;Lorg/jruby/runtime/builtin/IRubyObject;Z)Lorg/jruby/runtime/builtin/IRubyObject;+22
j  org.jruby.Ruby.runScript(Lorg/jruby/ast/executable/Script;Z)Lorg/jruby/runtime/builtin/IRubyObject;+12
j  org.jruby.Ruby.runScript(Lorg/jruby/ast/executable/Script;)Lorg/jruby/runtime/builtin/IRubyObject;+3
j  org.jruby.Ruby.runNormally(Lorg/jruby/ast/Node;)Lorg/jruby/runtime/builtin/IRubyObject;+73
j  org.jruby.Ruby.runFromMain(Ljava/io/InputStream;Ljava/lang/String;)V+320
j  org.jruby.Main.doRunFromMain(Lorg/jruby/Ruby;Ljava/io/InputStream;Ljava/lang/String;)Lorg/jruby/Main$Status;+12
j  org.jruby.Main.internalRun()Lorg/jruby/Main$Status;+234
j  org.jruby.Main.run([Ljava/lang/String;)Lorg/jruby/Main$Status;+9
j  org.jruby.Main.main([Ljava/lang/String;)V+35
v  ~StubRoutines::call_stub

---------------  P R O C E S S  ---------------

Java Threads: ( => current thread )
  0x00007f263c4dd000 JavaThread "JRubyJIT-2" daemon [_thread_blocked, id=13435, stack(0x00007f262a854000,0x00007f262aa55000)]
  0x00007f263c4db000 JavaThread "process reaper" daemon [_thread_blocked, id=13367, stack(0x00007f2630072000,0x00007f26300ab000)]
  0x00007f263c3f8800 JavaThread "JRubyJIT-1" daemon [_thread_blocked, id=13365, stack(0x00007f262ae57000,0x00007f262b058000)]
  0x00007f263c0ad000 JavaThread "Service Thread" daemon [_thread_blocked, id=13363, stack(0x00007f2630b92000,0x00007f2630d93000)]
  0x00007f263c0aa800 JavaThread "C2 CompilerThread1" daemon [_thread_blocked, id=13362, stack(0x00007f2630d93000,0x00007f2630e94000)]
  0x00007f263c0a7800 JavaThread "C2 CompilerThread0" daemon [_thread_blocked, id=13361, stack(0x00007f2630e94000,0x00007f2630f95000)]
  0x00007f263c0a5800 JavaThread "Signal Dispatcher" daemon [_thread_blocked, id=13360, stack(0x00007f2630f95000,0x00007f2631196000)]
  0x00007f263c082800 JavaThread "Finalizer" daemon [_thread_blocked, id=13359, stack(0x00007f2631590000,0x00007f2631791000)]
  0x00007f263c080800 JavaThread "Reference Handler" daemon [_thread_blocked, id=13358, stack(0x00007f2631791000,0x00007f2631992000)]
=>0x00007f263c00a800 JavaThread "main" [_thread_in_native, id=13352, stack(0x00007f2640a54000,0x00007f2640c55000)]

Other Threads:
  0x00007f263c07c800 VMThread [stack: 0x00007f2631992000,0x00007f2631a93000] [id=13357]
  0x00007f263c0b7800 WatcherThread [stack: 0x00007f2630a91000,0x00007f2630b92000] [id=13364]

VM state:not at safepoint (normal execution)

VM Mutex/Monitor currently owned by a thread: None

Heap
 PSYoungGen      total 157184K, used 147319K [0x00000000f5900000, 0x0000000100000000, 0x0000000100000000)
  eden space 156672K, 93% used [0x00000000f5900000,0x00000000fe8cdcf0,0x00000000ff200000)
  from space 512K, 12% used [0x00000000ff200000,0x00000000ff210000,0x00000000ff280000)
  to   space 7680K, 0% used [0x00000000ff880000,0x00000000ff880000,0x0000000100000000)
 ParOldGen       total 39936K, used 10251K [0x00000000e0c00000, 0x00000000e3300000, 0x00000000f5900000)
  object space 39936K, 25% used [0x00000000e0c00000,0x00000000e1602d28,0x00000000e3300000)
 PSPermGen       total 25600K, used 25480K [0x00000000d6600000, 0x00000000d7f00000, 0x00000000e0c00000)
  object space 25600K, 99% used [0x00000000d6600000,0x00000000d7ee2258,0x00000000d7f00000)

Card table byte_map: [0x00007f26400b6000,0x00007f2640204000] byte_map_base: 0x00007f263fa03000

Polling page: 0x00007f2643062000

Code Cache  [0x00007f26387c4000, 0x00007f2638a34000, 0x00007f263b7c4000)
 total_blobs=963 nmethods=484 adapters=433 free_code_cache=47154Kb largest_free_block=47946944

Compilation events (10 events):
Event: 5,259 Thread 0x00007f263c0aa800  512             org.jruby.runtime.Binding::<init> (43 bytes)
Event: 5,260 Thread 0x00007f263c0aa800 nmethod 512 0x00007f26388e5b50 code [0x00007f26388e5c80, 0x00007f26388e5d18]
Event: 5,262 Thread 0x00007f263c0a7800  513             org.jruby.runtime.Helpers::getBlock (43 bytes)
Event: 5,262 Thread 0x00007f263c0aa800  514             org.jruby.runtime.Interpreted19Block::newInterpretedClosure (16 bytes)
Event: 5,271 Thread 0x00007f263c0a7800 nmethod 513 0x00007f2638864a90 code [0x00007f2638864c40, 0x00007f26388651b8]
Event: 5,271 Thread 0x00007f263c0a7800  515   !         org.jruby.runtime.callsite.CachingCallSite::callIter (54 bytes)
Event: 5,273 Thread 0x00007f263c0aa800 nmethod 514 0x00007f263898a010 code [0x00007f263898a1a0, 0x00007f263898a638]
Event: 5,274 Thread 0x00007f263c0aa800  516   !         org.jruby.ast.CallNoArgBlockNode::interpret (71 bytes)
Event: 5,281 Thread 0x00007f263c0a7800 nmethod 515 0x00007f2638986550 code [0x00007f2638986740, 0x00007f2638986c90]
Event: 5,297 Thread 0x00007f263c0aa800 nmethod 516 0x00007f2638984690 code [0x00007f26389848e0, 0x00007f2638985200]

GC Heap History (10 events):
Event: 4,453 GC heap before
{Heap before GC invocations=5 (full 0):
 PSYoungGen      total 64000K, used 63989K [0x00000000f5900000, 0x00000000f9a00000, 0x0000000100000000)
  eden space 61440K, 100% used [0x00000000f5900000,0x00000000f9500000,0x00000000f9500000)
  from space 2560K, 99% used [0x00000000f9780000,0x00000000f99fd528,0x00000000f9a00000)
  to   space 2560K, 0% used [0x00000000f9500000,0x00000000f9500000,0x00000000f9780000)
 ParOldGen       total 39936K, used 7733K [0x00000000e0c00000, 0x00000000e3300000, 0x00000000f5900000)
  object space 39936K, 19% used [0x00000000e0c00000,0x00000000e138d510,0x00000000e3300000)
 PSPermGen       total 25600K, used 25473K [0x00000000d6600000, 0x00000000d7f00000, 0x00000000e0c00000)
  object space 25600K, 99% used [0x00000000d6600000,0x00000000d7ee0608,0x00000000d7f00000)
Event: 4,475 GC heap after
Heap after GC invocations=5 (full 0):
 PSYoungGen      total 64000K, used 2533K [0x00000000f5900000, 0x00000000fde00000, 0x0000000100000000)
  eden space 61440K, 0% used [0x00000000f5900000,0x00000000f5900000,0x00000000f9500000)
  from space 2560K, 98% used [0x00000000f9500000,0x00000000f9779538,0x00000000f9780000)
  to   space 6656K, 0% used [0x00000000fd780000,0x00000000fd780000,0x00000000fde00000)
 ParOldGen       total 39936K, used 7741K [0x00000000e0c00000, 0x00000000e3300000, 0x00000000f5900000)
  object space 39936K, 19% used [0x00000000e0c00000,0x00000000e138f510,0x00000000e3300000)
 PSPermGen       total 25600K, used 25473K [0x00000000d6600000, 0x00000000d7f00000, 0x00000000e0c00000)
  object space 25600K, 99% used [0x00000000d6600000,0x00000000d7ee0608,0x00000000d7f00000)
}
Event: 4,594 GC heap before
{Heap before GC invocations=6 (full 0):
 PSYoungGen      total 64000K, used 63973K [0x00000000f5900000, 0x00000000fde00000, 0x0000000100000000)
  eden space 61440K, 100% used [0x00000000f5900000,0x00000000f9500000,0x00000000f9500000)
  from space 2560K, 98% used [0x00000000f9500000,0x00000000f9779538,0x00000000f9780000)
  to   space 6656K, 0% used [0x00000000fd780000,0x00000000fd780000,0x00000000fde00000)
 ParOldGen       total 39936K, used 7741K [0x00000000e0c00000, 0x00000000e3300000, 0x00000000f5900000)
  object space 39936K, 19% used [0x00000000e0c00000,0x00000000e138f510,0x00000000e3300000)
 PSPermGen       total 25600K, used 25474K [0x00000000d6600000, 0x00000000d7f00000, 0x00000000e0c00000)
  object space 25600K, 99% used [0x00000000d6600000,0x00000000d7ee0850,0x00000000d7f00000)
Event: 4,605 GC heap after
Heap after GC invocations=6 (full 0):
 PSYoungGen      total 129536K, used 2517K [0x00000000f5900000, 0x00000000fde00000, 0x0000000100000000)
  eden space 122880K, 0% used [0x00000000f5900000,0x00000000f5900000,0x00000000fd100000)
  from space 6656K, 37% used [0x00000000fd780000,0x00000000fd9f5528,0x00000000fde00000)
  to   space 6656K, 0% used [0x00000000fd100000,0x00000000fd100000,0x00000000fd780000)
 ParOldGen       total 39936K, used 7741K [0x00000000e0c00000, 0x00000000e3300000, 0x00000000f5900000)
  object space 39936K, 19% used [0x00000000e0c00000,0x00000000e138f510,0x00000000e3300000)
 PSPermGen       total 25600K, used 25474K [0x00000000d6600000, 0x00000000d7f00000, 0x00000000e0c00000)
  object space 25600K, 99% used [0x00000000d6600000,0x00000000d7ee0850,0x00000000d7f00000)
}
Event: 4,776 GC heap before
{Heap before GC invocations=7 (full 0):
 PSYoungGen      total 129536K, used 125397K [0x00000000f5900000, 0x00000000fde00000, 0x0000000100000000)
  eden space 122880K, 100% used [0x00000000f5900000,0x00000000fd100000,0x00000000fd100000)
  from space 6656K, 37% used [0x00000000fd780000,0x00000000fd9f5528,0x00000000fde00000)
  to   space 6656K, 0% used [0x00000000fd100000,0x00000000fd100000,0x00000000fd780000)
 ParOldGen       total 39936K, used 7741K [0x00000000e0c00000, 0x00000000e3300000, 0x00000000f5900000)
  object space 39936K, 19% used [0x00000000e0c00000,0x00000000e138f510,0x00000000e3300000)
 PSPermGen       total 25600K, used 25478K [0x00000000d6600000, 0x00000000d7f00000, 0x00000000e0c00000)
  object space 25600K, 99% used [0x00000000d6600000,0x00000000d7ee1930,0x00000000d7f00000)
Event: 4,789 GC heap after
Heap after GC invocations=7 (full 0):
 PSYoungGen      total 129536K, used 1024K [0x00000000f5900000, 0x0000000100000000, 0x0000000100000000)
  eden space 122880K, 0% used [0x00000000f5900000,0x00000000f5900000,0x00000000fd100000)
  from space 6656K, 15% used [0x00000000fd100000,0x00000000fd200000,0x00000000fd780000)
  to   space 7168K, 0% used [0x00000000ff900000,0x00000000ff900000,0x0000000100000000)
 ParOldGen       total 39936K, used 9291K [0x00000000e0c00000, 0x00000000e3300000, 0x00000000f5900000)
  object space 39936K, 23% used [0x00000000e0c00000,0x00000000e1512d08,0x00000000e3300000)
 PSPermGen       total 25600K, used 25478K [0x00000000d6600000, 0x00000000d7f00000, 0x00000000e0c00000)
  object space 25600K, 99% used [0x00000000d6600000,0x00000000d7ee1930,0x00000000d7f00000)
}
Event: 4,935 GC heap before
{Heap before GC invocations=8 (full 0):
 PSYoungGen      total 129536K, used 123904K [0x00000000f5900000, 0x0000000100000000, 0x0000000100000000)
  eden space 122880K, 100% used [0x00000000f5900000,0x00000000fd100000,0x00000000fd100000)
  from space 6656K, 15% used [0x00000000fd100000,0x00000000fd200000,0x00000000fd780000)
  to   space 7168K, 0% used [0x00000000ff900000,0x00000000ff900000,0x0000000100000000)
 ParOldGen       total 39936K, used 9291K [0x00000000e0c00000, 0x00000000e3300000, 0x00000000f5900000)
  object space 39936K, 23% used [0x00000000e0c00000,0x00000000e1512d08,0x00000000e3300000)
 PSPermGen       total 25600K, used 25478K [0x00000000d6600000, 0x00000000d7f00000, 0x00000000e0c00000)
  object space 25600K, 99% used [0x00000000d6600000,0x00000000d7ee1930,0x00000000d7f00000)
Event: 4,939 GC heap after
Heap after GC invocations=8 (full 0):
 PSYoungGen      total 163840K, used 128K [0x00000000f5900000, 0x0000000100000000, 0x0000000100000000)
  eden space 156672K, 0% used [0x00000000f5900000,0x00000000f5900000,0x00000000ff200000)
  from space 7168K, 1% used [0x00000000ff900000,0x00000000ff920000,0x0000000100000000)
  to   space 7168K, 0% used [0x00000000ff200000,0x00000000ff200000,0x00000000ff900000)
 ParOldGen       total 39936K, used 10251K [0x00000000e0c00000, 0x00000000e3300000, 0x00000000f5900000)
  object space 39936K, 25% used [0x00000000e0c00000,0x00000000e1602d28,0x00000000e3300000)
 PSPermGen       total 25600K, used 25478K [0x00000000d6600000, 0x00000000d7f00000, 0x00000000e0c00000)
  object space 25600K, 99% used [0x00000000d6600000,0x00000000d7ee1930,0x00000000d7f00000)
}
Event: 5,133 GC heap before
{Heap before GC invocations=9 (full 0):
 PSYoungGen      total 163840K, used 156800K [0x00000000f5900000, 0x0000000100000000, 0x0000000100000000)
  eden space 156672K, 100% used [0x00000000f5900000,0x00000000ff200000,0x00000000ff200000)
  from space 7168K, 1% used [0x00000000ff900000,0x00000000ff920000,0x0000000100000000)
  to   space 7168K, 0% used [0x00000000ff200000,0x00000000ff200000,0x00000000ff900000)
 ParOldGen       total 39936K, used 10251K [0x00000000e0c00000, 0x00000000e3300000, 0x00000000f5900000)
  object space 39936K, 25% used [0x00000000e0c00000,0x00000000e1602d28,0x00000000e3300000)
 PSPermGen       total 25600K, used 25478K [0x00000000d6600000, 0x00000000d7f00000, 0x00000000e0c00000)
  object space 25600K, 99% used [0x00000000d6600000,0x00000000d7ee1930,0x00000000d7f00000)
Event: 5,136 GC heap after
Heap after GC invocations=9 (full 0):
 PSYoungGen      total 157184K, used 64K [0x00000000f5900000, 0x0000000100000000, 0x0000000100000000)
  eden space 156672K, 0% used [0x00000000f5900000,0x00000000f5900000,0x00000000ff200000)
  from space 512K, 12% used [0x00000000ff200000,0x00000000ff210000,0x00000000ff280000)
  to   space 7680K, 0% used [0x00000000ff880000,0x00000000ff880000,0x0000000100000000)
 ParOldGen       total 39936K, used 10251K [0x00000000e0c00000, 0x00000000e3300000, 0x00000000f5900000)
  object space 39936K, 25% used [0x00000000e0c00000,0x00000000e1602d28,0x00000000e3300000)
 PSPermGen       total 25600K, used 25478K [0x00000000d6600000, 0x00000000d7f00000, 0x00000000e0c00000)
  object space 25600K, 99% used [0x00000000d6600000,0x00000000d7ee1930,0x00000000d7f00000)
}

Deoptimization events (10 events):
Event: 3,280 Thread 0x00007f263c00a800 Uncommon trap: reason=class_check action=maybe_recompile pc=0x00007f263892beb8 method=org.jruby.RubyArray.compare(Lorg/jruby/runtime/ThreadContext;Lorg/jruby/runtime/invokedynamic/MethodNames;Lorg/jruby/runtime/builtin/IRubyObject;)Lorg/jruby/RubyBoolean;
Event: 3,280 Thread 0x00007f263c00a800 Uncommon trap: reason=class_check action=maybe_recompile pc=0x00007f263892beb8 method=org.jruby.RubyArray.compare(Lorg/jruby/runtime/ThreadContext;Lorg/jruby/runtime/invokedynamic/MethodNames;Lorg/jruby/runtime/builtin/IRubyObject;)Lorg/jruby/RubyBoolean;
Event: 3,280 Thread 0x00007f263c00a800 Uncommon trap: reason=class_check action=maybe_recompile pc=0x00007f263892beb8 method=org.jruby.RubyArray.compare(Lorg/jruby/runtime/ThreadContext;Lorg/jruby/runtime/invokedynamic/MethodNames;Lorg/jruby/runtime/builtin/IRubyObject;)Lorg/jruby/RubyBoolean;
Event: 3,610 Thread 0x00007f263c00a800 Uncommon trap: reason=unreached action=reinterpret pc=0x00007f263896b410 method=java.util.HashSet.add(Ljava/lang/Object;)Z @ 11
Event: 5,305 Thread 0x00007f263c00a800 Uncommon trap: reason=unreached action=reinterpret pc=0x00007f2638865088 method=org.jruby.parser.StaticScope.determineModule()Lorg/jruby/RubyModule; @ 4
Event: 5,305 Thread 0x00007f263c00a800 Uncommon trap: reason=class_check action=maybe_recompile pc=0x00007f2638987ebc method=org.jruby.runtime.callsite.NormalCachingCallSite.methodMissing(Lorg/jruby/internal/runtime/methods/DynamicMethod;Lorg/jruby/runtime/builtin/IRubyObject;)Z @ 25
Event: 5,305 Thread 0x00007f263c00a800 Uncommon trap: reason=class_check action=maybe_recompile pc=0x00007f2638987ebc method=org.jruby.runtime.callsite.NormalCachingCallSite.methodMissing(Lorg/jruby/internal/runtime/methods/DynamicMethod;Lorg/jruby/runtime/builtin/IRubyObject;)Z @ 25
Event: 5,305 Thread 0x00007f263c00a800 Uncommon trap: reason=class_check action=maybe_recompile pc=0x00007f2638987ebc method=org.jruby.runtime.callsite.NormalCachingCallSite.methodMissing(Lorg/jruby/internal/runtime/methods/DynamicMethod;Lorg/jruby/runtime/builtin/IRubyObject;)Z @ 25
Event: 5,305 Thread 0x00007f263c00a800 Uncommon trap: reason=class_check action=maybe_recompile pc=0x00007f2638987ebc method=org.jruby.runtime.callsite.NormalCachingCallSite.methodMissing(Lorg/jruby/internal/runtime/methods/DynamicMethod;Lorg/jruby/runtime/builtin/IRubyObject;)Z @ 25
Event: 5,305 Thread 0x00007f263c00a800 Uncommon trap: reason=unreached action=reinterpret pc=0x00007f263884dbcc method=org.jruby.runtime.Block.isGiven()Z @ 4

Internal exceptions (10 events):
Event: 3,087 Thread 0x00007f263c4dd000 Threw 0x00000000f62d7808 at /build/buildd/openjdk-7-7u51-2.4.4/build/openjdk/hotspot/src/share/vm/prims/jvm.cpp:1244
Event: 3,087 Thread 0x00007f263c4dd000 Threw 0x00000000f62d88e0 at /build/buildd/openjdk-7-7u51-2.4.4/build/openjdk/hotspot/src/share/vm/prims/jvm.cpp:1244
Event: 3,139 Thread 0x00007f263c3f8800 Threw 0x00000000f633f2e0 at /build/buildd/openjdk-7-7u51-2.4.4/build/openjdk/hotspot/src/share/vm/prims/jvm.cpp:1244
Event: 3,139 Thread 0x00007f263c3f8800 Threw 0x00000000f6340420 at /build/buildd/openjdk-7-7u51-2.4.4/build/openjdk/hotspot/src/share/vm/prims/jvm.cpp:1244
Event: 3,144 Thread 0x00007f263c3f8800 Threw 0x00000000f6509640 at /build/buildd/openjdk-7-7u51-2.4.4/build/openjdk/hotspot/src/share/vm/prims/jvm.cpp:1244
Event: 3,144 Thread 0x00007f263c3f8800 Threw 0x00000000f650a780 at /build/buildd/openjdk-7-7u51-2.4.4/build/openjdk/hotspot/src/share/vm/prims/jvm.cpp:1244
Event: 3,148 Thread 0x00007f263c3f8800 Threw 0x00000000f6532460 at /build/buildd/openjdk-7-7u51-2.4.4/build/openjdk/hotspot/src/share/vm/prims/jvm.cpp:1244
Event: 3,148 Thread 0x00007f263c3f8800 Threw 0x00000000f6533630 at /build/buildd/openjdk-7-7u51-2.4.4/build/openjdk/hotspot/src/share/vm/prims/jvm.cpp:1244
Event: 3,289 Thread 0x00007f263c4dd000 Threw 0x00000000f6675f08 at /build/buildd/openjdk-7-7u51-2.4.4/build/openjdk/hotspot/src/share/vm/prims/jvm.cpp:1244
Event: 3,289 Thread 0x00007f263c4dd000 Threw 0x00000000f66771e8 at /build/buildd/openjdk-7-7u51-2.4.4/build/openjdk/hotspot/src/share/vm/prims/jvm.cpp:1244

Events (10 events):
Event: 5,305 Thread 0x00007f263c00a800 DEOPT UNPACKING pc=0x00007f26387fd045 sp=0x00007f2640c51c98 mode 2
Event: 5,305 Thread 0x00007f263c00a800 Uncommon trap: trap_request=0xffffffde fr.pc=0x00007f2638987ebc
Event: 5,305 Thread 0x00007f263c00a800 DEOPT PACKING pc=0x00007f2638987ebc sp=0x00007f2640c51cd0
Event: 5,305 Thread 0x00007f263c00a800 DEOPT UNPACKING pc=0x00007f26387fd045 sp=0x00007f2640c51c98 mode 2
Event: 5,305 Thread 0x00007f263c00a800 Uncommon trap: trap_request=0xffffffde fr.pc=0x00007f2638987ebc
Event: 5,305 Thread 0x00007f263c00a800 DEOPT PACKING pc=0x00007f2638987ebc sp=0x00007f2640c51d30
Event: 5,305 Thread 0x00007f263c00a800 DEOPT UNPACKING pc=0x00007f26387fd045 sp=0x00007f2640c51cf8 mode 2
Event: 5,305 Thread 0x00007f263c00a800 Uncommon trap: trap_request=0xffffffad fr.pc=0x00007f263884dbcc
Event: 5,305 Thread 0x00007f263c00a800 DEOPT PACKING pc=0x00007f263884dbcc sp=0x00007f2640c51b20
Event: 5,305 Thread 0x00007f263c00a800 DEOPT UNPACKING pc=0x00007f26387fd045 sp=0x00007f2640c51ad0 mode 2


Dynamic libraries:
00400000-00401000 r-xp 00000000 08:05 12322450                           /usr/lib/jvm/java-7-openjdk-amd64/jre/bin/java
00600000-00601000 r--p 00000000 08:05 12322450                           /usr/lib/jvm/java-7-openjdk-amd64/jre/bin/java
00601000-00602000 rw-p 00001000 08:05 12322450                           /usr/lib/jvm/java-7-openjdk-amd64/jre/bin/java
00929000-0094a000 rw-p 00000000 00:00 0                                  [heap]
d6600000-d7f00000 rw-p 00000000 00:00 0 
d7f00000-e0c00000 rw-p 00000000 00:00 0 
e0c00000-e3300000 rw-p 00000000 00:00 0 
e3300000-f5900000 rw-p 00000000 00:00 0 
f5900000-100000000 rw-p 00000000 00:00 0 
7f25ec000000-7f25ec021000 rw-p 00000000 00:00 0 
7f25ec021000-7f25f0000000 ---p 00000000 00:00 0 
7f25f0000000-7f25f0021000 rw-p 00000000 00:00 0 
7f25f0021000-7f25f4000000 ---p 00000000 00:00 0 
7f25f4000000-7f25f4021000 rw-p 00000000 00:00 0 
7f25f4021000-7f25f8000000 ---p 00000000 00:00 0 
7f25f8000000-7f25f8021000 rw-p 00000000 00:00 0 
7f25f8021000-7f25fc000000 ---p 00000000 00:00 0 
7f25fc000000-7f25fc021000 rw-p 00000000 00:00 0 
7f25fc021000-7f2600000000 ---p 00000000 00:00 0 
7f2600000000-7f2600027000 rw-p 00000000 00:00 0 
7f2600027000-7f2604000000 ---p 00000000 00:00 0 
7f2604000000-7f260540c000 rw-p 00000000 00:00 0 
7f260540c000-7f2608000000 ---p 00000000 00:00 0 
7f2608000000-7f2608021000 rw-p 00000000 00:00 0 
7f2608021000-7f260c000000 ---p 00000000 00:00 0 
7f260c000000-7f260c021000 rw-p 00000000 00:00 0 
7f260c021000-7f2610000000 ---p 00000000 00:00 0 
7f2610000000-7f261143b000 rw-p 00000000 00:00 0 
7f261143b000-7f2614000000 ---p 00000000 00:00 0 
7f2614000000-7f2614021000 rw-p 00000000 00:00 0 
7f2614021000-7f2618000000 ---p 00000000 00:00 0 
7f2618000000-7f2618021000 rw-p 00000000 00:00 0 
7f2618021000-7f261c000000 ---p 00000000 00:00 0 
7f261c000000-7f261c021000 rw-p 00000000 00:00 0 
7f261c021000-7f2620000000 ---p 00000000 00:00 0 
7f2620000000-7f2620021000 rw-p 00000000 00:00 0 
7f2620021000-7f2624000000 ---p 00000000 00:00 0 
7f2624000000-7f2624021000 rw-p 00000000 00:00 0 
7f2624021000-7f2628000000 ---p 00000000 00:00 0 
7f262a24c000-7f262a24e000 r-xp 00000000 08:05 16778100                   /home/luis/practica01/src/lib/libconvex_hull.so
7f262a24e000-7f262a44d000 ---p 00002000 08:05 16778100                   /home/luis/practica01/src/lib/libconvex_hull.so
7f262a44d000-7f262a44e000 r--p 00001000 08:05 16778100                   /home/luis/practica01/src/lib/libconvex_hull.so
7f262a44e000-7f262a44f000 rw-p 00002000 08:05 16778100                   /home/luis/practica01/src/lib/libconvex_hull.so
7f262a44f000-7f262a451000 r-xp 00000000 08:05 16777925                   /home/luis/practica01/src/lib/libdouble_linked_list.so
7f262a451000-7f262a650000 ---p 00002000 08:05 16777925                   /home/luis/practica01/src/lib/libdouble_linked_list.so
7f262a650000-7f262a651000 r--p 00001000 08:05 16777925                   /home/luis/practica01/src/lib/libdouble_linked_list.so
7f262a651000-7f262a652000 rw-p 00002000 08:05 16777925                   /home/luis/practica01/src/lib/libdouble_linked_list.so
7f262a652000-7f262a653000 r-xp 00000000 08:05 16777919                   /home/luis/practica01/src/lib/lib2d_points.so
7f262a653000-7f262a852000 ---p 00001000 08:05 16777919                   /home/luis/practica01/src/lib/lib2d_points.so
7f262a852000-7f262a853000 r--p 00000000 08:05 16777919                   /home/luis/practica01/src/lib/lib2d_points.so
7f262a853000-7f262a854000 rw-p 00001000 08:05 16777919                   /home/luis/practica01/src/lib/lib2d_points.so
7f262a854000-7f262a857000 ---p 00000000 00:00 0 
7f262a857000-7f262aa55000 rw-p 00000000 00:00 0                          [stack:13435]
7f262aa55000-7f262aa58000 ---p 00000000 00:00 0 
7f262aa58000-7f262ac56000 rw-p 00000000 00:00 0 
7f262ac56000-7f262ac59000 ---p 00000000 00:00 0 
7f262ac59000-7f262ae57000 rw-p 00000000 00:00 0 
7f262ae57000-7f262ae5a000 ---p 00000000 00:00 0 
7f262ae5a000-7f262b058000 rw-p 00000000 00:00 0                          [stack:13365]
7f262b058000-7f262b06a000 r-xp 00000000 08:05 16253453                   /home/luis/.rbenv/versions/jruby-1.7.10/lib/jni/x86_64-Linux/libjffi-1.2.so
7f262b06a000-7f262b269000 ---p 00012000 08:05 16253453                   /home/luis/.rbenv/versions/jruby-1.7.10/lib/jni/x86_64-Linux/libjffi-1.2.so
7f262b269000-7f262b26a000 rw-p 00011000 08:05 16253453                   /home/luis/.rbenv/versions/jruby-1.7.10/lib/jni/x86_64-Linux/libjffi-1.2.so
7f262b26a000-7f262b27a000 r-xp 00000000 08:05 12322344                   /usr/lib/jvm/java-7-openjdk-amd64/jre/lib/amd64/libnio.so
7f262b27a000-7f262b47a000 ---p 00010000 08:05 12322344                   /usr/lib/jvm/java-7-openjdk-amd64/jre/lib/amd64/libnio.so
7f262b47a000-7f262b47b000 r--p 00010000 08:05 12322344                   /usr/lib/jvm/java-7-openjdk-amd64/jre/lib/amd64/libnio.so
7f262b47b000-7f262b47c000 rw-p 00011000 08:05 12322344                   /usr/lib/jvm/java-7-openjdk-amd64/jre/lib/amd64/libnio.so
7f262b47c000-7f262b4b9000 r-xp 00000000 08:05 9834371                    /lib/x86_64-linux-gnu/libpcre.so.3.13.1
7f262b4b9000-7f262b6b9000 ---p 0003d000 08:05 9834371                    /lib/x86_64-linux-gnu/libpcre.so.3.13.1
7f262b6b9000-7f262b6ba000 r--p 0003d000 08:05 9834371                    /lib/x86_64-linux-gnu/libpcre.so.3.13.1
7f262b6ba000-7f262b6bb000 rw-p 0003e000 08:05 9834371                    /lib/x86_64-linux-gnu/libpcre.so.3.13.1
7f262b6bb000-7f262b6c2000 r-xp 00000000 08:05 12196946                   /usr/lib/x86_64-linux-gnu/libffi.so.6.0.1
7f262b6c2000-7f262b8c1000 ---p 00007000 08:05 12196946                   /usr/lib/x86_64-linux-gnu/libffi.so.6.0.1
7f262b8c1000-7f262b8c2000 r--p 00006000 08:05 12196946                   /usr/lib/x86_64-linux-gnu/libffi.so.6.0.1
7f262b8c2000-7f262b8c3000 rw-p 00007000 08:05 12196946                   /usr/lib/x86_64-linux-gnu/libffi.so.6.0.1
7f262b8c3000-7f262b8d9000 r-xp 00000000 08:05 9834394                    /lib/x86_64-linux-gnu/libresolv-2.17.so
7f262b8d9000-7f262bad9000 ---p 00016000 08:05 9834394                    /lib/x86_64-linux-gnu/libresolv-2.17.so
7f262bad9000-7f262bada000 r--p 00016000 08:05 9834394                    /lib/x86_64-linux-gnu/libresolv-2.17.so
7f262bada000-7f262badb000 rw-p 00017000 08:05 9834394                    /lib/x86_64-linux-gnu/libresolv-2.17.so
7f262badb000-7f262badd000 rw-p 00000000 00:00 0 
7f262badd000-7f262bafc000 r-xp 00000000 08:05 9834398                    /lib/x86_64-linux-gnu/libselinux.so.1
7f262bafc000-7f262bcfc000 ---p 0001f000 08:05 9834398                    /lib/x86_64-linux-gnu/libselinux.so.1
7f262bcfc000-7f262bcfd000 r--p 0001f000 08:05 9834398                    /lib/x86_64-linux-gnu/libselinux.so.1
7f262bcfd000-7f262bcfe000 rw-p 00020000 08:05 9834398                    /lib/x86_64-linux-gnu/libselinux.so.1
7f262bcfe000-7f262bcff000 rw-p 00000000 00:00 0 
7f262bcff000-7f262bdfd000 r-xp 00000000 08:05 9834386                    /lib/x86_64-linux-gnu/libglib-2.0.so.0.3800.1
7f262bdfd000-7f262bffd000 ---p 000fe000 08:05 9834386                    /lib/x86_64-linux-gnu/libglib-2.0.so.0.3800.1
7f262bffd000-7f262bffe000 r--p 000fe000 08:05 9834386                    /lib/x86_64-linux-gnu/libglib-2.0.so.0.3800.1
7f262bffe000-7f262bfff000 rw-p 000ff000 08:05 9834386                    /lib/x86_64-linux-gnu/libglib-2.0.so.0.3800.1
7f262bfff000-7f262c000000 rw-p 00000000 00:00 0 
7f262c000000-7f262c021000 rw-p 00000000 00:00 0 
7f262c021000-7f2630000000 ---p 00000000 00:00 0 
7f2630072000-7f2630075000 ---p 00000000 00:00 0 
7f2630075000-7f26300ab000 rw-p 00000000 00:00 0                          [stack:13367]
7f26300ab000-7f26300ae000 r-xp 00000000 08:05 12190134                   /usr/lib/x86_64-linux-gnu/libgmodule-2.0.so.0.3800.1
7f26300ae000-7f26302ad000 ---p 00003000 08:05 12190134                   /usr/lib/x86_64-linux-gnu/libgmodule-2.0.so.0.3800.1
7f26302ad000-7f26302ae000 r--p 00002000 08:05 12190134                   /usr/lib/x86_64-linux-gnu/libgmodule-2.0.so.0.3800.1
7f26302ae000-7f26302af000 rw-p 00003000 08:05 12190134                   /usr/lib/x86_64-linux-gnu/libgmodule-2.0.so.0.3800.1
7f26302af000-7f26302fe000 r-xp 00000000 08:05 12190125                   /usr/lib/x86_64-linux-gnu/libgobject-2.0.so.0.3800.1
7f26302fe000-7f26304fe000 ---p 0004f000 08:05 12190125                   /usr/lib/x86_64-linux-gnu/libgobject-2.0.so.0.3800.1
7f26304fe000-7f26304ff000 r--p 0004f000 08:05 12190125                   /usr/lib/x86_64-linux-gnu/libgobject-2.0.so.0.3800.1
7f26304ff000-7f2630500000 rw-p 00050000 08:05 12190125                   /usr/lib/x86_64-linux-gnu/libgobject-2.0.so.0.3800.1
7f2630500000-7f263065c000 r-xp 00000000 08:05 12190099                   /usr/lib/x86_64-linux-gnu/libgio-2.0.so.0.3800.1
7f263065c000-7f263085b000 ---p 0015c000 08:05 12190099                   /usr/lib/x86_64-linux-gnu/libgio-2.0.so.0.3800.1
7f263085b000-7f263085f000 r--p 0015b000 08:05 12190099                   /usr/lib/x86_64-linux-gnu/libgio-2.0.so.0.3800.1
7f263085f000-7f2630861000 rw-p 0015f000 08:05 12190099                   /usr/lib/x86_64-linux-gnu/libgio-2.0.so.0.3800.1
7f2630861000-7f2630863000 rw-p 00000000 00:00 0 
7f263087a000-7f2630890000 r-xp 00000000 08:05 12322132                   /usr/lib/jvm/java-7-openjdk-amd64/jre/lib/amd64/libnet.so
7f2630890000-7f2630a8f000 ---p 00016000 08:05 12322132                   /usr/lib/jvm/java-7-openjdk-amd64/jre/lib/amd64/libnet.so
7f2630a8f000-7f2630a90000 r--p 00015000 08:05 12322132                   /usr/lib/jvm/java-7-openjdk-amd64/jre/lib/amd64/libnet.so
7f2630a90000-7f2630a91000 rw-p 00016000 08:05 12322132                   /usr/lib/jvm/java-7-openjdk-amd64/jre/lib/amd64/libnet.so
7f2630a91000-7f2630a92000 ---p 00000000 00:00 0 
7f2630a92000-7f2630b92000 rw-p 00000000 00:00 0                          [stack:13364]
7f2630b92000-7f2630b95000 ---p 00000000 00:00 0 
7f2630b95000-7f2630d93000 rw-p 00000000 00:00 0                          [stack:13363]
7f2630d93000-7f2630d96000 ---p 00000000 00:00 0 
7f2630d96000-7f2630e94000 rw-p 00000000 00:00 0                          [stack:13362]
7f2630e94000-7f2630e97000 ---p 00000000 00:00 0 
7f2630e97000-7f2630f95000 rw-p 00000000 00:00 0                          [stack:13361]
7f2630f95000-7f2630f98000 ---p 00000000 00:00 0 
7f2630f98000-7f2631196000 rw-p 00000000 00:00 0                          [stack:13360]
7f2631196000-7f2631590000 r--p 00000000 08:05 12195384                   /usr/lib/locale/locale-archive
7f2631590000-7f2631593000 ---p 00000000 00:00 0 
7f2631593000-7f2631791000 rw-p 00000000 00:00 0                          [stack:13359]
7f2631791000-7f2631794000 ---p 00000000 00:00 0 
7f2631794000-7f2631992000 rw-p 00000000 00:00 0                          [stack:13358]
7f2631992000-7f2631993000 ---p 00000000 00:00 0 
7f2631993000-7f2632a47000 rw-p 00000000 00:00 0                          [stack:13357]
7f2632a47000-7f2632b30000 r--s 00bb9000 08:05 16253440                   /home/luis/.rbenv/versions/jruby-1.7.10/lib/jruby.jar
7f2632b30000-7f2634000000 rw-p 00000000 00:00 0 
7f2634000000-7f2634021000 rw-p 00000000 00:00 0 
7f2634021000-7f2638000000 ---p 00000000 00:00 0 
7f2638007000-7f263804f000 rw-p 00000000 00:00 0 
7f263804f000-7f26381fd000 r--s 01cf4000 08:05 12322430                   /usr/lib/jvm/java-7-openjdk-amd64/jre/lib/rt.jar
7f26381fd000-7f26383c0000 rw-p 00000000 00:00 0 
7f26383c0000-7f26383c1000 ---p 00000000 00:00 0 
7f26383c1000-7f26384c1000 rw-p 00000000 00:00 0                          [stack:13356]
7f26384c1000-7f26384c2000 ---p 00000000 00:00 0 
7f26384c2000-7f26385c2000 rw-p 00000000 00:00 0                          [stack:13355]
7f26385c2000-7f26385c3000 ---p 00000000 00:00 0 
7f26385c3000-7f26386c3000 rw-p 00000000 00:00 0                          [stack:13354]
7f26386c3000-7f26386c4000 ---p 00000000 00:00 0 
7f26386c4000-7f26387c4000 rw-p 00000000 00:00 0                          [stack:13353]
7f26387c4000-7f2638a34000 rwxp 00000000 00:00 0 
7f2638a34000-7f263b7c4000 rw-p 00000000 00:00 0 
7f263b7c4000-7f263b7cc000 r-xp 00000000 08:05 12322081                   /usr/lib/jvm/java-7-openjdk-amd64/jre/lib/amd64/libzip.so
7f263b7cc000-7f263b9cb000 ---p 00008000 08:05 12322081                   /usr/lib/jvm/java-7-openjdk-amd64/jre/lib/amd64/libzip.so
7f263b9cb000-7f263b9cc000 r--p 00007000 08:05 12322081                   /usr/lib/jvm/java-7-openjdk-amd64/jre/lib/amd64/libzip.so
7f263b9cc000-7f263b9cd000 rw-p 00008000 08:05 12322081                   /usr/lib/jvm/java-7-openjdk-amd64/jre/lib/amd64/libzip.so
7f263b9cd000-7f263b9d9000 r-xp 00000000 08:05 9834349                    /lib/x86_64-linux-gnu/libnss_files-2.17.so
7f263b9d9000-7f263bbd8000 ---p 0000c000 08:05 9834349                    /lib/x86_64-linux-gnu/libnss_files-2.17.so
7f263bbd8000-7f263bbd9000 r--p 0000b000 08:05 9834349                    /lib/x86_64-linux-gnu/libnss_files-2.17.so
7f263bbd9000-7f263bbda000 rw-p 0000c000 08:05 9834349                    /lib/x86_64-linux-gnu/libnss_files-2.17.so
7f263bbda000-7f263bbe5000 r-xp 00000000 08:05 9834353                    /lib/x86_64-linux-gnu/libnss_nis-2.17.so
7f263bbe5000-7f263bde4000 ---p 0000b000 08:05 9834353                    /lib/x86_64-linux-gnu/libnss_nis-2.17.so
7f263bde4000-7f263bde5000 r--p 0000a000 08:05 9834353                    /lib/x86_64-linux-gnu/libnss_nis-2.17.so
7f263bde5000-7f263bde6000 rw-p 0000b000 08:05 9834353                    /lib/x86_64-linux-gnu/libnss_nis-2.17.so
7f263bde6000-7f263bdfd000 r-xp 00000000 08:05 9834343                    /lib/x86_64-linux-gnu/libnsl-2.17.so
7f263bdfd000-7f263bffc000 ---p 00017000 08:05 9834343                    /lib/x86_64-linux-gnu/libnsl-2.17.so
7f263bffc000-7f263bffd000 r--p 00016000 08:05 9834343                    /lib/x86_64-linux-gnu/libnsl-2.17.so
7f263bffd000-7f263bffe000 rw-p 00017000 08:05 9834343                    /lib/x86_64-linux-gnu/libnsl-2.17.so
7f263bffe000-7f263c000000 rw-p 00000000 00:00 0 
7f263c000000-7f263c517000 rw-p 00000000 00:00 0 
7f263c517000-7f2640000000 ---p 00000000 00:00 0 
7f264000a000-7f26400c3000 rw-p 00000000 00:00 0 
7f26400c3000-7f2640109000 rw-p 00000000 00:00 0 
7f2640109000-7f264011d000 rw-p 00000000 00:00 0 
7f264011d000-7f26401af000 rw-p 00000000 00:00 0 
7f26401af000-7f2640203000 rw-p 00000000 00:00 0 
7f2640203000-7f2640204000 rw-p 00000000 00:00 0 
7f2640204000-7f264020c000 r-xp 00000000 08:05 9834345                    /lib/x86_64-linux-gnu/libnss_compat-2.17.so
7f264020c000-7f264040b000 ---p 00008000 08:05 9834345                    /lib/x86_64-linux-gnu/libnss_compat-2.17.so
7f264040b000-7f264040c000 r--p 00007000 08:05 9834345                    /lib/x86_64-linux-gnu/libnss_compat-2.17.so
7f264040c000-7f264040d000 rw-p 00008000 08:05 9834345                    /lib/x86_64-linux-gnu/libnss_compat-2.17.so
7f264040d000-7f2640438000 r-xp 00000000 08:05 12322007                   /usr/lib/jvm/java-7-openjdk-amd64/jre/lib/amd64/libjava.so
7f2640438000-7f2640637000 ---p 0002b000 08:05 12322007                   /usr/lib/jvm/java-7-openjdk-amd64/jre/lib/amd64/libjava.so
7f2640637000-7f2640638000 r--p 0002a000 08:05 12322007                   /usr/lib/jvm/java-7-openjdk-amd64/jre/lib/amd64/libjava.so
7f2640638000-7f264063a000 rw-p 0002b000 08:05 12322007                   /usr/lib/jvm/java-7-openjdk-amd64/jre/lib/amd64/libjava.so
7f264063a000-7f264064a000 r-xp 00000000 08:05 12322321                   /usr/lib/jvm/java-7-openjdk-amd64/jre/lib/amd64/libverify.so
7f264064a000-7f2640849000 ---p 00010000 08:05 12322321                   /usr/lib/jvm/java-7-openjdk-amd64/jre/lib/amd64/libverify.so
7f2640849000-7f264084b000 r--p 0000f000 08:05 12322321                   /usr/lib/jvm/java-7-openjdk-amd64/jre/lib/amd64/libverify.so
7f264084b000-7f264084c000 rw-p 00011000 08:05 12322321                   /usr/lib/jvm/java-7-openjdk-amd64/jre/lib/amd64/libverify.so
7f264084c000-7f2640853000 r-xp 00000000 08:05 9834396                    /lib/x86_64-linux-gnu/librt-2.17.so
7f2640853000-7f2640a52000 ---p 00007000 08:05 9834396                    /lib/x86_64-linux-gnu/librt-2.17.so
7f2640a52000-7f2640a53000 r--p 00006000 08:05 9834396                    /lib/x86_64-linux-gnu/librt-2.17.so
7f2640a53000-7f2640a54000 rw-p 00007000 08:05 9834396                    /lib/x86_64-linux-gnu/librt-2.17.so
7f2640a54000-7f2640a57000 ---p 00000000 00:00 0 
7f2640a57000-7f2640c55000 rw-p 00000000 00:00 0                          [stack:13352]
7f2640c55000-7f2640c6a000 r-xp 00000000 08:05 9830413                    /lib/x86_64-linux-gnu/libgcc_s.so.1
7f2640c6a000-7f2640e69000 ---p 00015000 08:05 9830413                    /lib/x86_64-linux-gnu/libgcc_s.so.1
7f2640e69000-7f2640e6a000 r--p 00014000 08:05 9830413                    /lib/x86_64-linux-gnu/libgcc_s.so.1
7f2640e6a000-7f2640e6b000 rw-p 00015000 08:05 9830413                    /lib/x86_64-linux-gnu/libgcc_s.so.1
7f2640e6b000-7f2640f6e000 r-xp 00000000 08:05 9834324                    /lib/x86_64-linux-gnu/libm-2.17.so
7f2640f6e000-7f264116d000 ---p 00103000 08:05 9834324                    /lib/x86_64-linux-gnu/libm-2.17.so
7f264116d000-7f264116e000 r--p 00102000 08:05 9834324                    /lib/x86_64-linux-gnu/libm-2.17.so
7f264116e000-7f264116f000 rw-p 00103000 08:05 9834324                    /lib/x86_64-linux-gnu/libm-2.17.so
7f264116f000-7f2641255000 r-xp 00000000 08:05 12190887                   /usr/lib/x86_64-linux-gnu/libstdc++.so.6.0.18
7f2641255000-7f2641454000 ---p 000e6000 08:05 12190887                   /usr/lib/x86_64-linux-gnu/libstdc++.so.6.0.18
7f2641454000-7f264145c000 r--p 000e5000 08:05 12190887                   /usr/lib/x86_64-linux-gnu/libstdc++.so.6.0.18
7f264145c000-7f264145e000 rw-p 000ed000 08:05 12190887                   /usr/lib/x86_64-linux-gnu/libstdc++.so.6.0.18
7f264145e000-7f2641473000 rw-p 00000000 00:00 0 
7f2641473000-7f2641f52000 r-xp 00000000 08:05 12322340                   /usr/lib/jvm/java-7-openjdk-amd64/jre/lib/amd64/server/libjvm.so
7f2641f52000-7f2642151000 ---p 00adf000 08:05 12322340                   /usr/lib/jvm/java-7-openjdk-amd64/jre/lib/amd64/server/libjvm.so
7f2642151000-7f26421e3000 r--p 00ade000 08:05 12322340                   /usr/lib/jvm/java-7-openjdk-amd64/jre/lib/amd64/server/libjvm.so
7f26421e3000-7f2642206000 rw-p 00b70000 08:05 12322340                   /usr/lib/jvm/java-7-openjdk-amd64/jre/lib/amd64/server/libjvm.so
7f2642206000-7f2642233000 rw-p 00000000 00:00 0 
7f2642233000-7f264224b000 r-xp 00000000 08:05 9834431                    /lib/x86_64-linux-gnu/libz.so.1.2.8
7f264224b000-7f264244a000 ---p 00018000 08:05 9834431                    /lib/x86_64-linux-gnu/libz.so.1.2.8
7f264244a000-7f264244b000 r--p 00017000 08:05 9834431                    /lib/x86_64-linux-gnu/libz.so.1.2.8
7f264244b000-7f264244c000 rw-p 00018000 08:05 9834431                    /lib/x86_64-linux-gnu/libz.so.1.2.8
7f264244c000-7f2642463000 r-xp 00000000 08:05 9834388                    /lib/x86_64-linux-gnu/libpthread-2.17.so
7f2642463000-7f2642663000 ---p 00017000 08:05 9834388                    /lib/x86_64-linux-gnu/libpthread-2.17.so
7f2642663000-7f2642664000 r--p 00017000 08:05 9834388                    /lib/x86_64-linux-gnu/libpthread-2.17.so
7f2642664000-7f2642665000 rw-p 00018000 08:05 9834388                    /lib/x86_64-linux-gnu/libpthread-2.17.so
7f2642665000-7f2642669000 rw-p 00000000 00:00 0 
7f2642669000-7f264266c000 r-xp 00000000 08:05 9834288                    /lib/x86_64-linux-gnu/libdl-2.17.so
7f264266c000-7f264286b000 ---p 00003000 08:05 9834288                    /lib/x86_64-linux-gnu/libdl-2.17.so
7f264286b000-7f264286c000 r--p 00002000 08:05 9834288                    /lib/x86_64-linux-gnu/libdl-2.17.so
7f264286c000-7f264286d000 rw-p 00003000 08:05 9834288                    /lib/x86_64-linux-gnu/libdl-2.17.so
7f264286d000-7f2642a2a000 r-xp 00000000 08:05 9834273                    /lib/x86_64-linux-gnu/libc-2.17.so
7f2642a2a000-7f2642c2a000 ---p 001bd000 08:05 9834273                    /lib/x86_64-linux-gnu/libc-2.17.so
7f2642c2a000-7f2642c2e000 r--p 001bd000 08:05 9834273                    /lib/x86_64-linux-gnu/libc-2.17.so
7f2642c2e000-7f2642c30000 rw-p 001c1000 08:05 9834273                    /lib/x86_64-linux-gnu/libc-2.17.so
7f2642c30000-7f2642c35000 rw-p 00000000 00:00 0 
7f2642c35000-7f2642c42000 r-xp 00000000 08:05 12322347                   /usr/lib/jvm/java-7-openjdk-amd64/jre/lib/amd64/jli/libjli.so
7f2642c42000-7f2642e41000 ---p 0000d000 08:05 12322347                   /usr/lib/jvm/java-7-openjdk-amd64/jre/lib/amd64/jli/libjli.so
7f2642e41000-7f2642e42000 r--p 0000c000 08:05 12322347                   /usr/lib/jvm/java-7-openjdk-amd64/jre/lib/amd64/jli/libjli.so
7f2642e42000-7f2642e43000 rw-p 0000d000 08:05 12322347                   /usr/lib/jvm/java-7-openjdk-amd64/jre/lib/amd64/jli/libjli.so
7f2642e43000-7f2642e66000 r-xp 00000000 08:05 9834249                    /lib/x86_64-linux-gnu/ld-2.17.so
7f2642e6b000-7f2642e6c000 rw-p 00000000 00:00 0 
7f2642e6c000-7f2642e6d000 r-xp 00000000 00:00 0 
7f2642e6d000-7f2642e74000 r--s 00000000 08:05 12588976                   /usr/lib/x86_64-linux-gnu/gconv/gconv-modules.cache
7f2642e74000-7f2642e79000 r--s 0004c000 08:05 12322352                   /usr/lib/jvm/java-7-openjdk-amd64/jre/lib/jsse.jar
7f2642e79000-7f2642e7c000 r--s 00032000 08:05 12322366                   /usr/lib/jvm/java-7-openjdk-amd64/jre/lib/ext/sunjce_provider.jar
7f2642e7c000-7f2642e7f000 r--s 0000f000 08:05 12322362                   /usr/lib/jvm/java-7-openjdk-amd64/jre/lib/ext/pulse-java.jar
7f2642e7f000-7f2642e9a000 rw-p 00000000 00:00 0 
7f2642e9a000-7f2642ee0000 rw-p 00000000 00:00 0 
7f2642ee0000-7f2642ef4000 rw-p 00000000 00:00 0 
7f2642ef4000-7f2642f87000 rw-p 00000000 00:00 0 
7f2642f87000-7f2642f91000 rw-p 00000000 00:00 0 
7f2642f91000-7f2643047000 rw-p 00000000 00:00 0 
7f2643047000-7f264304c000 rw-p 00000000 00:00 0 
7f264304c000-7f264304e000 r--s 00006000 08:05 12717881                   /usr/share/java/java-atk-wrapper.jar
7f264304e000-7f2643052000 r--s 00085000 08:05 12322360                   /usr/lib/jvm/java-7-openjdk-amd64/jre/lib/ext/localedata.jar
7f2643052000-7f2643056000 r--s 0003b000 08:05 12322372                   /usr/lib/jvm/java-7-openjdk-amd64/jre/lib/ext/sunpkcs11.jar
7f2643056000-7f2643057000 r--s 00002000 08:05 12322370                   /usr/lib/jvm/java-7-openjdk-amd64/jre/lib/ext/dnsns.jar
7f2643057000-7f2643059000 r--s 00012000 08:05 12322364                   /usr/lib/jvm/java-7-openjdk-amd64/jre/lib/ext/zipfs.jar
7f2643059000-7f2643061000 rw-s 00000000 08:05 7340086                    /tmp/hsperfdata_luis/13327
7f2643061000-7f2643062000 rw-p 00000000 00:00 0 
7f2643062000-7f2643063000 r--p 00000000 00:00 0 
7f2643063000-7f2643065000 rw-p 00000000 00:00 0 
7f2643065000-7f2643066000 r--p 00022000 08:05 9834249                    /lib/x86_64-linux-gnu/ld-2.17.so
7f2643066000-7f2643068000 rw-p 00023000 08:05 9834249                    /lib/x86_64-linux-gnu/ld-2.17.so
7fff00c5b000-7fff00c7c000 rw-p 00000000 00:00 0                          [stack]
7fff00d3b000-7fff00d3d000 r-xp 00000000 00:00 0                          [vdso]
ffffffffff600000-ffffffffff601000 r-xp 00000000 00:00 0                  [vsyscall]

VM Arguments:
jvm_args: -Djdk.home= -Djruby.home=/home/luis/.rbenv/versions/jruby-1.7.10 -Djruby.script=jruby -Djruby.shell=/bin/sh -Djffi.boot.library.path=/home/luis/.rbenv/versions/jruby-1.7.10/lib/jni:/home/luis/.rbenv/versions/jruby-1.7.10/lib/jni/arm-Linux:/home/luis/.rbenv/versions/jruby-1.7.10/lib/jni/x86_64-Linux:/home/luis/.rbenv/versions/jruby-1.7.10/lib/jni/i386-Linux -Xmx500m -Xss2048k -Xbootclasspath/a:/home/luis/.rbenv/versions/jruby-1.7.10/lib/jruby.jar 
java_command: org/jruby/Main Makefile.rb clean compile test
Launcher Type: SUN_STANDARD

Environment Variables:
PATH=/home/luis/.rbenv/versions/jruby-1.7.10/bin:/home/luis/.rbenv/libexec:/home/luis/.rbenv/plugins/ruby-build/bin:/home/luis/.rbenv/shims:~/.rbenv/bin:~/.rbenv/bin:/usr/local/sbin:/usr/local/bin:/usr/sbin:/usr/bin:/sbin:/bin:/usr/games:/usr/local/games
USERNAME=luis
SHELL=/bin/bash
DISPLAY=:0

Signal Handlers:
SIGSEGV: [libjvm.so+0x916ea0], sa_mask[0]=0x7ffbfeff, sa_flags=0x10000004
SIGBUS: [libjvm.so+0x916ea0], sa_mask[0]=0x7ffbfeff, sa_flags=0x10000004
SIGFPE: [libjvm.so+0x794800], sa_mask[0]=0x7ffbfeff, sa_flags=0x10000004
SIGPIPE: [libjvm.so+0x794800], sa_mask[0]=0x7ffbfeff, sa_flags=0x10000004
SIGXFSZ: [libjvm.so+0x794800], sa_mask[0]=0x7ffbfeff, sa_flags=0x10000004
SIGILL: [libjvm.so+0x794800], sa_mask[0]=0x7ffbfeff, sa_flags=0x10000004
SIGUSR1: SIG_DFL, sa_mask[0]=0x00000000, sa_flags=0x00000000
SIGUSR2: [libjvm.so+0x7946a0], sa_mask[0]=0x00000000, sa_flags=0x10000004
SIGHUP: [libjvm.so+0x794880], sa_mask[0]=0x7ffbfeff, sa_flags=0x10000004
SIGINT: [libjvm.so+0x794880], sa_mask[0]=0x7ffbfeff, sa_flags=0x10000004
SIGTERM: [libjvm.so+0x794880], sa_mask[0]=0x7ffbfeff, sa_flags=0x10000004
SIGQUIT: [libjvm.so+0x794880], sa_mask[0]=0x7ffbfeff, sa_flags=0x10000004


---------------  S Y S T E M  ---------------

OS:LinuxMint 16 (petra)
uname:Linux 3.11.0-12-generic #19-Ubuntu SMP Wed Oct 9 16:20:46 UTC 2013 x86_64
libc:glibc 2.17 NPTL 2.17 
rlimit: STACK 8192k, CORE 0k, NPROC 29806, NOFILE 4096, AS infinity
load average:0,76 0,62 0,61

/proc/meminfo:
MemTotal:        3844532 kB
MemFree:         2365592 kB
Buffers:            6540 kB
Cached:           487192 kB
SwapCached:            8 kB
Active:           852400 kB
Inactive:         505068 kB
Active(anon):     686828 kB
Inactive(anon):   344420 kB
Active(file):     165572 kB
Inactive(file):   160648 kB
Unevictable:           0 kB
Mlocked:               0 kB
SwapTotal:       3987452 kB
SwapFree:        3987164 kB
Dirty:              1800 kB
Writeback:             0 kB
AnonPages:        863872 kB
Mapped:           129952 kB
Shmem:            167504 kB
Slab:              56936 kB
SReclaimable:      34316 kB
SUnreclaim:        22620 kB
KernelStack:        3216 kB
PageTables:        18896 kB
NFS_Unstable:          0 kB
Bounce:                0 kB
WritebackTmp:          0 kB
CommitLimit:     5909716 kB
Committed_AS:    2687860 kB
VmallocTotal:   34359738367 kB
VmallocUsed:      348004 kB
VmallocChunk:   34359386120 kB
HardwareCorrupted:     0 kB
AnonHugePages:         0 kB
HugePages_Total:       0
HugePages_Free:        0
HugePages_Rsvd:        0
HugePages_Surp:        0
Hugepagesize:       2048 kB
DirectMap4k:       64756 kB
DirectMap2M:     3923968 kB


CPU:total 4 (2 cores per cpu, 2 threads per core) family 6 model 37 stepping 5, cmov, cx8, fxsr, mmx, sse, sse2, sse3, ssse3, sse4.1, sse4.2, popcnt, ht, tsc, tscinvbit

/proc/cpuinfo:
processor	: 0
vendor_id	: GenuineIntel
cpu family	: 6
model		: 37
model name	: Intel(R) Core(TM) i5 CPU       M 460  @ 2.53GHz
stepping	: 5
microcode	: 0x2
cpu MHz		: 1199.000
cache size	: 3072 KB
physical id	: 0
siblings	: 4
core id		: 0
cpu cores	: 2
apicid		: 0
initial apicid	: 0
fpu		: yes
fpu_exception	: yes
cpuid level	: 11
wp		: yes
flags		: fpu vme de pse tsc msr pae mce cx8 apic sep mtrr pge mca cmov pat pse36 clflush dts acpi mmx fxsr sse sse2 ss ht tm pbe syscall nx rdtscp lm constant_tsc arch_perfmon pebs bts rep_good nopl xtopology nonstop_tsc aperfmperf pni dtes64 monitor ds_cpl vmx est tm2 ssse3 cx16 xtpr pdcm pcid sse4_1 sse4_2 popcnt lahf_lm ida arat dtherm tpr_shadow vnmi flexpriority ept vpid
bogomips	: 5067.10
clflush size	: 64
cache_alignment	: 64
address sizes	: 36 bits physical, 48 bits virtual
power management:

processor	: 1
vendor_id	: GenuineIntel
cpu family	: 6
model		: 37
model name	: Intel(R) Core(TM) i5 CPU       M 460  @ 2.53GHz
stepping	: 5
microcode	: 0x2
cpu MHz		: 1199.000
cache size	: 3072 KB
physical id	: 0
siblings	: 4
core id		: 0
cpu cores	: 2
apicid		: 1
initial apicid	: 1
fpu		: yes
fpu_exception	: yes
cpuid level	: 11
wp		: yes
flags		: fpu vme de pse tsc msr pae mce cx8 apic sep mtrr pge mca cmov pat pse36 clflush dts acpi mmx fxsr sse sse2 ss ht tm pbe syscall nx rdtscp lm constant_tsc arch_perfmon pebs bts rep_good nopl xtopology nonstop_tsc aperfmperf pni dtes64 monitor ds_cpl vmx est tm2 ssse3 cx16 xtpr pdcm pcid sse4_1 sse4_2 popcnt lahf_lm ida arat dtherm tpr_shadow vnmi flexpriority ept vpid
bogomips	: 5067.10
clflush size	: 64
cache_alignment	: 64
address sizes	: 36 bits physical, 48 bits virtual
power management:

processor	: 2
vendor_id	: GenuineIntel
cpu family	: 6
model		: 37
model name	: Intel(R) Core(TM) i5 CPU       M 460  @ 2.53GHz
stepping	: 5
microcode	: 0x2
cpu MHz		: 2534.000
cache size	: 3072 KB
physical id	: 0
siblings	: 4
core id		: 2
cpu cores	: 2
apicid		: 4
initial apicid	: 4
fpu		: yes
fpu_exception	: yes
cpuid level	: 11
wp		: yes
flags		: fpu vme de pse tsc msr pae mce cx8 apic sep mtrr pge mca cmov pat pse36 clflush dts acpi mmx fxsr sse sse2 ss ht tm pbe syscall nx rdtscp lm constant_tsc arch_perfmon pebs bts rep_good nopl xtopology nonstop_tsc aperfmperf pni dtes64 monitor ds_cpl vmx est tm2 ssse3 cx16 xtpr pdcm pcid sse4_1 sse4_2 popcnt lahf_lm ida arat dtherm tpr_shadow vnmi flexpriority ept vpid
bogomips	: 5067.10
clflush size	: 64
cache_alignment	: 64
address sizes	: 36 bits physical, 48 bits virtual
power management:

processor	: 3
vendor_id	: GenuineIntel
cpu family	: 6
model		: 37
model name	: Intel(R) Core(TM) i5 CPU       M 460  @ 2.53GHz
stepping	: 5
microcode	: 0x2
cpu MHz		: 2534.000
cache size	: 3072 KB
physical id	: 0
siblings	: 4
core id		: 2
cpu cores	: 2
apicid		: 5
initial apicid	: 5
fpu		: yes
fpu_exception	: yes
cpuid level	: 11
wp		: yes
flags		: fpu vme de pse tsc msr pae mce cx8 apic sep mtrr pge mca cmov pat pse36 clflush dts acpi mmx fxsr sse sse2 ss ht tm pbe syscall nx rdtscp lm constant_tsc arch_perfmon pebs bts rep_good nopl xtopology nonstop_tsc aperfmperf pni dtes64 monitor ds_cpl vmx est tm2 ssse3 cx16 xtpr pdcm pcid sse4_1 sse4_2 popcnt lahf_lm ida arat dtherm tpr_shadow vnmi flexpriority ept vpid
bogomips	: 5067.10
clflush size	: 64
cache_alignment	: 64
address sizes	: 36 bits physical, 48 bits virtual
power management:



Memory: 4k page, physical 3844532k(2365592k free), swap 3987452k(3987164k free)

vm_info: OpenJDK 64-Bit Server VM (24.45-b08) for linux-amd64 JRE (1.7.0_51-b00), built on Jan 15 2014 22:02:57 by "buildd" with gcc 4.8.1

time: Mon Apr  7 00:45:42 2014
elapsed time: 5 seconds

