#
# A fatal error has been detected by the Java Runtime Environment:
#
#  SIGSEGV (0xb) at pc=0x00007f6df33f654b, pid=7807, tid=140110589638400
#
# JRE version: OpenJDK Runtime Environment (7.0_51) (build 1.7.0_51-b00)
# Java VM: OpenJDK 64-Bit Server VM (24.45-b08 mixed mode linux-amd64 compressed oops)
# Problematic frame:
# C  [libconvex_hull.so+0x154b]  imprime_lista+0x2e
#
# Failed to write core dump. Core dumps have been disabled. To enable core dumping, try "ulimit -c unlimited" before starting Java again
#
# If you would like to submit a bug report, please include
# instructions on how to reproduce the bug and visit:
#   http://icedtea.classpath.org/bugzilla
# The crash happened outside the Java Virtual Machine in native code.
# See problematic frame for where to report the bug.
#

---------------  T H R E A D  ---------------

Current thread (0x00007f6e0400a800):  JavaThread "main" [_thread_in_native, id=7832, stack(0x00007f6e09ccb000,0x00007f6e09ecc000)]

siginfo:si_signo=SIGSEGV: si_errno=0, si_code=1 (SEGV_MAPERR), si_addr=0x0000000000000000

Registers:
RAX=0x0000000000000000, RBX=0x00000000d79ca7a0, RCX=0x0000000000000022, RDX=0x0000000000000000
RSP=0x00007f6e09ec8e70, RBP=0x00007f6e09ec8ea0, RSI=0x0000000000000000, RDI=0x00007f6e09ec8940
R8 =0x00007f6e0bea46a0, R9 =0x00007f6e0bb32134, R10=0x0000000000000000, R11=0x0000000000000000
R12=0x0000000000000000, R13=0x00000000d79ca7a0, R14=0x00007f6e09ec9008, R15=0x00007f6e0400a800
RIP=0x00007f6df33f654b, EFLAGS=0x0000000000010293, CSGSFS=0x0000000000000033, ERR=0x0000000000000004
  TRAPNO=0x000000000000000e

Top of Stack: (sp=0x00007f6e09ec8e70)
0x00007f6e09ec8e70:   00007f6e0446d010 00007f6e0446cf90
0x00007f6e09ec8e80:   00007f6e0446cf90 0000000300000001
0x00007f6e09ec8e90:   00000b90000004a4 0000000000000000
0x00007f6e09ec8ea0:   00007f6e09ec8f20 00007f6df33f678e
0x00007f6e09ec8eb0:   00000000d7e47828 00007f6e044b0cc0
0x00007f6e09ec8ec0:   00007f6e09ec8ed8 00007f6e09ec8f50
0x00007f6e09ec8ed0:   00007f6e0446cef0 00007f6e0446cf90
0x00007f6e09ec8ee0:   00007f6e0446cf50 00007f6e0446cfb0
0x00007f6e09ec8ef0:   00007f6e0446cf10 00007f6e0446cfd0
0x00007f6e09ec8f00:   00007f6e0446ced0 00007f6e0446cff0
0x00007f6e09ec8f10:   00007f6e09ec8f10 00000000d6be0c20
0x00007f6e09ec8f20:   00007f6e04468700 00007f6df82bfcd9
0x00007f6e09ec8f30:   00000000d7ecfab0 00000000d79ca7a0
0x00007f6e09ec8f40:   00007f6e09ec8fc0 00007f6e01012738
0x00007f6e09ec8f50:   00007f6e09ec8fe0 00007f6e01006233
0x00007f6e09ec8f60:   00000000f99e9d98 00000000f99e1440
0x00007f6e09ec8f70:   00000000f97c56f8 00000000e125ca30
0x00007f6e09ec8f80:   00007f6e09ec8f80 0000000000000000
0x00007f6e09ec8f90:   00007f6e09ec9008 00000000d79d2cc8
0x00007f6e09ec8fa0:   0000000000000000 00000000d79ca7a0
0x00007f6e09ec8fb0:   0000000000000000 00007f6e09ec8fe0
0x00007f6e09ec8fc0:   00007f6e09ec9050 00007f6e01006175
0x00007f6e09ec8fd0:   00000000e10be6b8 00007f6e0100ecd7
0x00007f6e09ec8fe0:   00007f6e044b0cc0 00000000d7d618c0
0x00007f6e09ec8ff0:   00007f6df33f666a 00007f6e09ec9010
0x00007f6e09ec9000:   00007f6e04468700 00007f6e01006233
0x00007f6e09ec9010:   00007f6e09ec9010 00000000d7ac7607
0x00007f6e09ec9020:   00007f6e09ec9088 00000000d7ad3860
0x00007f6e09ec9030:   0000000000000000 00000000d7ac7648
0x00007f6e09ec9040:   00007f6e09ec8fe0 00007f6e09ec9060
0x00007f6e09ec9050:   00007f6e09ec90d8 00007f6e01006175
0x00007f6e09ec9060:   00007f6e044b0cc0 00000000e125ca60 

Instructions: (pc=0x00007f6df33f654b)
0x00007f6df33f652b:   45 d8 48 8b 00 48 89 45 f8 48 8b 45 d8 8b 40 10
0x00007f6df33f653b:   89 45 ec c7 45 e8 00 00 00 00 eb 4b 48 8b 45 f8
0x00007f6df33f654b:   48 8b 00 8b 00 89 45 f0 48 8b 45 f8 48 8b 00 8b
0x00007f6df33f655b:   40 04 89 45 f4 8b 75 f4 8b 4d f0 8b 55 e8 8b 45 

Register to memory mapping:

RAX=0x0000000000000000 is an unknown value
RBX=0x00000000d79ca7a0 is an oop
{method} 
 - klass: {other class}
RCX=0x0000000000000022 is an unknown value
RDX=0x0000000000000000 is an unknown value
RSP=0x00007f6e09ec8e70 is pointing into the stack for thread: 0x00007f6e0400a800
RBP=0x00007f6e09ec8ea0 is pointing into the stack for thread: 0x00007f6e0400a800
RSI=0x0000000000000000 is an unknown value
RDI=0x00007f6e09ec8940 is pointing into the stack for thread: 0x00007f6e0400a800
R8 =0x00007f6e0bea46a0: _IO_file_jumps+0 in /lib/x86_64-linux-gnu/libc.so.6 at 0x00007f6e0bae4000
R9 =0x00007f6e0bb32134: _IO_vfprintf+0x49b4 in /lib/x86_64-linux-gnu/libc.so.6 at 0x00007f6e0bae4000
R10=0x0000000000000000 is an unknown value
R11=0x0000000000000000 is an unknown value
R12=0x0000000000000000 is an unknown value
R13=0x00000000d79ca7a0 is an oop
{method} 
 - klass: {other class}
R14=0x00007f6e09ec9008 is pointing into the stack for thread: 0x00007f6e0400a800
R15=0x00007f6e0400a800 is a thread


Stack: [0x00007f6e09ccb000,0x00007f6e09ecc000],  sp=0x00007f6e09ec8e70,  free space=2039k
Native frames: (J=compiled Java code, j=interpreted, Vv=VM code, C=native code)
C  [libconvex_hull.so+0x154b]  imprime_lista+0x2e
C  [libconvex_hull.so+0x178e]  convex_hull+0x124

Java frames: (J=compiled Java code, j=interpreted, Vv=VM code)
j  com.kenai.jffi.Foreign.invokeL1(JJJ)J+0
j  com.kenai.jffi.Invoker.invokeL1(Lcom/kenai/jffi/CallContext;JJ)J+7
j  org.jruby.ext.ffi.jffi.NativeInvoker$ffi$1.call(Lorg/jruby/runtime/ThreadContext;Lorg/jruby/runtime/builtin/IRubyObject;Lorg/jruby/RubyModule;Ljava/lang/String;Lorg/jruby/runtime/builtin/IRubyObject;)Lorg/jruby/runtime/builtin/IRubyObject;+76
j  org.jruby.runtime.callsite.CachingCallSite.cacheAndCall(Lorg/jruby/runtime/builtin/IRubyObject;Lorg/jruby/RubyClass;Lorg/jruby/runtime/ThreadContext;Lorg/jruby/runtime/builtin/IRubyObject;Lorg/jruby/runtime/builtin/IRubyObject;)Lorg/jruby/runtime/builtin/IRubyObject;+57
J  org.jruby.runtime.callsite.CachingCallSite.call(Lorg/jruby/runtime/ThreadContext;Lorg/jruby/runtime/builtin/IRubyObject;Lorg/jruby/runtime/builtin/IRubyObject;Lorg/jruby/runtime/builtin/IRubyObject;)Lorg/jruby/runtime/builtin/IRubyObject;
J  org.jruby.ast.CallOneArgNode.interpret(Lorg/jruby/Ruby;Lorg/jruby/runtime/ThreadContext;Lorg/jruby/runtime/builtin/IRubyObject;Lorg/jruby/runtime/Block;)Lorg/jruby/runtime/builtin/IRubyObject;
j  org.jruby.ast.LocalAsgnNode.interpret(Lorg/jruby/Ruby;Lorg/jruby/runtime/ThreadContext;Lorg/jruby/runtime/builtin/IRubyObject;Lorg/jruby/runtime/Block;)Lorg/jruby/runtime/builtin/IRubyObject;+30
J  org.jruby.ast.BlockNode.interpret(Lorg/jruby/Ruby;Lorg/jruby/runtime/ThreadContext;Lorg/jruby/runtime/builtin/IRubyObject;Lorg/jruby/runtime/Block;)Lorg/jruby/runtime/builtin/IRubyObject;
j  org.jruby.evaluator.ASTInterpreter.INTERPRET_METHOD(Lorg/jruby/Ruby;Lorg/jruby/runtime/ThreadContext;Ljava/lang/String;ILorg/jruby/RubyModule;Lorg/jruby/ast/Node;Ljava/lang/String;Lorg/jruby/runtime/builtin/IRubyObject;Lorg/jruby/runtime/Block;Z)Lorg/jruby/runtime/builtin/IRubyObject;+30
j  org.jruby.internal.runtime.methods.InterpretedMethod.call(Lorg/jruby/runtime/ThreadContext;Lorg/jruby/runtime/builtin/IRubyObject;Lorg/jruby/RubyModule;Ljava/lang/String;)Lorg/jruby/runtime/builtin/IRubyObject;+80
j  org.jruby.internal.runtime.methods.DefaultMethod.call(Lorg/jruby/runtime/ThreadContext;Lorg/jruby/runtime/builtin/IRubyObject;Lorg/jruby/RubyModule;Ljava/lang/String;)Lorg/jruby/runtime/builtin/IRubyObject;+20
j  org.jruby.runtime.callsite.CachingCallSite.cacheAndCall(Lorg/jruby/runtime/builtin/IRubyObject;Lorg/jruby/RubyClass;Lorg/jruby/runtime/ThreadContext;Lorg/jruby/runtime/builtin/IRubyObject;)Lorg/jruby/runtime/builtin/IRubyObject;+53
j  org.jruby.runtime.callsite.CachingCallSite.call(Lorg/jruby/runtime/ThreadContext;Lorg/jruby/runtime/builtin/IRubyObject;Lorg/jruby/runtime/builtin/IRubyObject;)Lorg/jruby/runtime/builtin/IRubyObject;+46
j  org.jruby.ast.CallNoArgNode.interpret(Lorg/jruby/Ruby;Lorg/jruby/runtime/ThreadContext;Lorg/jruby/runtime/builtin/IRubyObject;Lorg/jruby/runtime/Block;)Lorg/jruby/runtime/builtin/IRubyObject;+18
j  org.jruby.ast.FCallTwoArgNode.interpret(Lorg/jruby/Ruby;Lorg/jruby/runtime/ThreadContext;Lorg/jruby/runtime/builtin/IRubyObject;Lorg/jruby/runtime/Block;)Lorg/jruby/runtime/builtin/IRubyObject;+28
J  org.jruby.ast.NewlineNode.interpret(Lorg/jruby/Ruby;Lorg/jruby/runtime/ThreadContext;Lorg/jruby/runtime/builtin/IRubyObject;Lorg/jruby/runtime/Block;)Lorg/jruby/runtime/builtin/IRubyObject;
j  org.jruby.ast.BlockNode.interpret(Lorg/jruby/Ruby;Lorg/jruby/runtime/ThreadContext;Lorg/jruby/runtime/builtin/IRubyObject;Lorg/jruby/runtime/Block;)Lorg/jruby/runtime/builtin/IRubyObject;+33
j  org.jruby.evaluator.ASTInterpreter.INTERPRET_METHOD(Lorg/jruby/Ruby;Lorg/jruby/runtime/ThreadContext;Ljava/lang/String;ILorg/jruby/RubyModule;Lorg/jruby/ast/Node;Ljava/lang/String;Lorg/jruby/runtime/builtin/IRubyObject;Lorg/jruby/runtime/Block;Z)Lorg/jruby/runtime/builtin/IRubyObject;+30
j  org.jruby.internal.runtime.methods.InterpretedMethod.call(Lorg/jruby/runtime/ThreadContext;Lorg/jruby/runtime/builtin/IRubyObject;Lorg/jruby/RubyModule;Ljava/lang/String;)Lorg/jruby/runtime/builtin/IRubyObject;+80
j  org.jruby.internal.runtime.methods.DefaultMethod.call(Lorg/jruby/runtime/ThreadContext;Lorg/jruby/runtime/builtin/IRubyObject;Lorg/jruby/RubyModule;Ljava/lang/String;)Lorg/jruby/runtime/builtin/IRubyObject;+20
j  org.jruby.runtime.callsite.CachingCallSite.cacheAndCall(Lorg/jruby/runtime/builtin/IRubyObject;Lorg/jruby/RubyClass;Lorg/jruby/runtime/ThreadContext;Lorg/jruby/runtime/builtin/IRubyObject;)Lorg/jruby/runtime/builtin/IRubyObject;+53
j  org.jruby.runtime.callsite.CachingCallSite.call(Lorg/jruby/runtime/ThreadContext;Lorg/jruby/runtime/builtin/IRubyObject;Lorg/jruby/runtime/builtin/IRubyObject;)Lorg/jruby/runtime/builtin/IRubyObject;+46
j  Makefile.method__2$RUBY$test(LMakefile;Lorg/jruby/runtime/ThreadContext;Lorg/jruby/runtime/builtin/IRubyObject;Lorg/jruby/runtime/Block;)Lorg/jruby/runtime/builtin/IRubyObject;+130
j  Makefile$method__2$RUBY$test.call(Lorg/jruby/runtime/ThreadContext;Lorg/jruby/runtime/builtin/IRubyObject;Lorg/jruby/RubyModule;Ljava/lang/String;Lorg/jruby/runtime/Block;)Lorg/jruby/runtime/builtin/IRubyObject;+17
j  org.jruby.RubyClass.finvoke(Lorg/jruby/runtime/ThreadContext;Lorg/jruby/runtime/builtin/IRubyObject;Ljava/lang/String;Lorg/jruby/runtime/Block;)Lorg/jruby/runtime/builtin/IRubyObject;+41
j  org.jruby.RubyBasicObject.send19(Lorg/jruby/runtime/ThreadContext;Lorg/jruby/runtime/builtin/IRubyObject;Lorg/jruby/runtime/Block;)Lorg/jruby/runtime/builtin/IRubyObject;+15
j  org.jruby.RubyKernel.send19(Lorg/jruby/runtime/ThreadContext;Lorg/jruby/runtime/builtin/IRubyObject;Lorg/jruby/runtime/builtin/IRubyObject;Lorg/jruby/runtime/Block;)Lorg/jruby/runtime/builtin/IRubyObject;+7
j  org.jruby.RubyKernel$INVOKER$s$send19.call(Lorg/jruby/runtime/ThreadContext;Lorg/jruby/runtime/builtin/IRubyObject;Lorg/jruby/RubyModule;Ljava/lang/String;Lorg/jruby/runtime/builtin/IRubyObject;Lorg/jruby/runtime/Block;)Lorg/jruby/runtime/builtin/IRubyObject;+6
j  org.jruby.internal.runtime.methods.JavaMethod$JavaMethodOneOrNBlock.call(Lorg/jruby/runtime/ThreadContext;Lorg/jruby/runtime/builtin/IRubyObject;Lorg/jruby/RubyModule;Ljava/lang/String;Lorg/jruby/runtime/builtin/IRubyObject;)Lorg/jruby/runtime/builtin/IRubyObject;+11
j  org.jruby.runtime.callsite.CachingCallSite.call(Lorg/jruby/runtime/ThreadContext;Lorg/jruby/runtime/builtin/IRubyObject;Lorg/jruby/runtime/builtin/IRubyObject;Lorg/jruby/runtime/builtin/IRubyObject;)Lorg/jruby/runtime/builtin/IRubyObject;+38
j  Makefile.block_6$RUBY$__file__(LMakefile;Lorg/jruby/runtime/ThreadContext;Lorg/jruby/runtime/builtin/IRubyObject;[Lorg/jruby/runtime/builtin/IRubyObject;Lorg/jruby/runtime/Block;)Lorg/jruby/runtime/builtin/IRubyObject;+46
j  Makefile$block_6$RUBY$__file__.call(Lorg/jruby/runtime/ThreadContext;Lorg/jruby/runtime/builtin/IRubyObject;[Lorg/jruby/runtime/builtin/IRubyObject;Lorg/jruby/runtime/Block;)Lorg/jruby/runtime/builtin/IRubyObject;+9
j  org.jruby.runtime.CompiledBlock19.yield(Lorg/jruby/runtime/ThreadContext;Lorg/jruby/runtime/builtin/IRubyObject;Lorg/jruby/runtime/Binding;Lorg/jruby/runtime/Block$Type;)Lorg/jruby/runtime/builtin/IRubyObject;+52
j  org.jruby.runtime.Block.yield(Lorg/jruby/runtime/ThreadContext;Lorg/jruby/runtime/builtin/IRubyObject;)Lorg/jruby/runtime/builtin/IRubyObject;+14
j  org.jruby.RubyArray.eachCommon(Lorg/jruby/runtime/ThreadContext;Lorg/jruby/runtime/Block;)Lorg/jruby/runtime/builtin/IRubyObject;+41
j  org.jruby.RubyArray.each(Lorg/jruby/runtime/ThreadContext;Lorg/jruby/runtime/Block;)Lorg/jruby/runtime/builtin/IRubyObject;+10
j  org.jruby.RubyArray$INVOKER$i$0$0$each.call(Lorg/jruby/runtime/ThreadContext;Lorg/jruby/runtime/builtin/IRubyObject;Lorg/jruby/RubyModule;Ljava/lang/String;Lorg/jruby/runtime/Block;)Lorg/jruby/runtime/builtin/IRubyObject;+7
j  org.jruby.runtime.callsite.CachingCallSite.cacheAndCall(Lorg/jruby/runtime/builtin/IRubyObject;Lorg/jruby/RubyClass;Lorg/jruby/runtime/Block;Lorg/jruby/runtime/ThreadContext;Lorg/jruby/runtime/builtin/IRubyObject;)Lorg/jruby/runtime/builtin/IRubyObject;+57
j  org.jruby.runtime.callsite.CachingCallSite.callBlock(Lorg/jruby/runtime/ThreadContext;Lorg/jruby/runtime/builtin/IRubyObject;Lorg/jruby/runtime/builtin/IRubyObject;Lorg/jruby/runtime/Block;)Lorg/jruby/runtime/builtin/IRubyObject;+50
j  org.jruby.runtime.callsite.CachingCallSite.callIter(Lorg/jruby/runtime/ThreadContext;Lorg/jruby/runtime/builtin/IRubyObject;Lorg/jruby/runtime/builtin/IRubyObject;Lorg/jruby/runtime/Block;)Lorg/jruby/runtime/builtin/IRubyObject;+6
j  Makefile.__file__(LMakefile;Lorg/jruby/runtime/ThreadContext;Lorg/jruby/runtime/builtin/IRubyObject;[Lorg/jruby/runtime/builtin/IRubyObject;Lorg/jruby/runtime/Block;)Lorg/jruby/runtime/builtin/IRubyObject;+859
j  Makefile.load(Lorg/jruby/runtime/ThreadContext;Lorg/jruby/runtime/builtin/IRubyObject;Z)Lorg/jruby/runtime/builtin/IRubyObject;+22
j  org.jruby.Ruby.runScript(Lorg/jruby/ast/executable/Script;Z)Lorg/jruby/runtime/builtin/IRubyObject;+12
j  org.jruby.Ruby.runScript(Lorg/jruby/ast/executable/Script;)Lorg/jruby/runtime/builtin/IRubyObject;+3
j  org.jruby.Ruby.runNormally(Lorg/jruby/ast/Node;)Lorg/jruby/runtime/builtin/IRubyObject;+73
j  org.jruby.Ruby.runFromMain(Ljava/io/InputStream;Ljava/lang/String;)V+320
j  org.jruby.Main.doRunFromMain(Lorg/jruby/Ruby;Ljava/io/InputStream;Ljava/lang/String;)Lorg/jruby/Main$Status;+12
j  org.jruby.Main.internalRun()Lorg/jruby/Main$Status;+234
j  org.jruby.Main.run([Ljava/lang/String;)Lorg/jruby/Main$Status;+9
j  org.jruby.Main.main([Ljava/lang/String;)V+35
v  ~StubRoutines::call_stub

---------------  P R O C E S S  ---------------

Java Threads: ( => current thread )
  0x00007f6e04483000 JavaThread "JRubyJIT-2" daemon [_thread_blocked, id=7915, stack(0x00007f6df3dff000,0x00007f6df4000000)]
  0x00007f6e04481000 JavaThread "process reaper" daemon [_thread_blocked, id=7848, stack(0x00007f6e00097000,0x00007f6e000d0000)]
  0x00007f6e04408000 JavaThread "JRubyJIT-1" daemon [_thread_blocked, id=7845, stack(0x00007f6df80b7000,0x00007f6df82b8000)]
  0x00007f6e040ad000 JavaThread "Service Thread" daemon [_thread_blocked, id=7843, stack(0x00007f6df9d30000,0x00007f6df9f31000)]
  0x00007f6e040aa800 JavaThread "C2 CompilerThread1" daemon [_thread_in_native, id=7842, stack(0x00007f6df9f31000,0x00007f6dfa032000)]
  0x00007f6e040a7800 JavaThread "C2 CompilerThread0" daemon [_thread_in_native, id=7841, stack(0x00007f6dfa032000,0x00007f6dfa133000)]
  0x00007f6e040a5800 JavaThread "Signal Dispatcher" daemon [_thread_blocked, id=7840, stack(0x00007f6dfa133000,0x00007f6dfa334000)]
  0x00007f6e04082800 JavaThread "Finalizer" daemon [_thread_blocked, id=7839, stack(0x00007f6dfa72e000,0x00007f6dfa92f000)]
  0x00007f6e04080800 JavaThread "Reference Handler" daemon [_thread_blocked, id=7838, stack(0x00007f6dfa92f000,0x00007f6dfab30000)]
=>0x00007f6e0400a800 JavaThread "main" [_thread_in_native, id=7832, stack(0x00007f6e09ccb000,0x00007f6e09ecc000)]

Other Threads:
  0x00007f6e0407c800 VMThread [stack: 0x00007f6e000d0000,0x00007f6e001d1000] [id=7837]
  0x00007f6e040b7800 WatcherThread [stack: 0x00007f6df9c2f000,0x00007f6df9d30000] [id=7844]

VM state:not at safepoint (normal execution)

VM Mutex/Monitor currently owned by a thread: None

Heap
 PSYoungGen      total 64000K, used 25172K [0x00000000f5900000, 0x00000000f9a00000, 0x0000000100000000)
  eden space 61440K, 36% used [0x00000000f5900000,0x00000000f6f1bcd0,0x00000000f9500000)
  from space 2560K, 98% used [0x00000000f9780000,0x00000000f99f9518,0x00000000f9a00000)
  to   space 2560K, 0% used [0x00000000f9500000,0x00000000f9500000,0x00000000f9780000)
 ParOldGen       total 39936K, used 7737K [0x00000000e0c00000, 0x00000000e3300000, 0x00000000f5900000)
  object space 39936K, 19% used [0x00000000e0c00000,0x00000000e138e560,0x00000000e3300000)
 PSPermGen       total 25600K, used 25465K [0x00000000d6600000, 0x00000000d7f00000, 0x00000000e0c00000)
  object space 25600K, 99% used [0x00000000d6600000,0x00000000d7ede410,0x00000000d7f00000)

Card table byte_map: [0x00007f6e08af1000,0x00007f6e08c3f000] byte_map_base: 0x00007f6e0843e000

Polling page: 0x00007f6e0c2d9000

Code Cache  [0x00007f6e01000000, 0x00007f6e01270000, 0x00007f6e04000000)
 total_blobs=942 nmethods=463 adapters=433 free_code_cache=47351Kb largest_free_block=48241536

Compilation events (10 events):
Event: 3,944 Thread 0x00007f6e040aa800 nmethod 475 0x00007f6e011c2150 code [0x00007f6e011c22c0, 0x00007f6e011c2558]
Event: 3,945 Thread 0x00007f6e040aa800  476             org.jruby.runtime.ThreadContext::postMethodFrameOnly (10 bytes)
Event: 3,947 Thread 0x00007f6e040aa800 nmethod 476 0x00007f6e010827d0 code [0x00007f6e01082940, 0x00007f6e01082b48]
Event: 3,947 Thread 0x00007f6e040aa800  477             org.jruby.ast.executable.AbstractScript::getCallSite3 (10 bytes)
Event: 3,948 Thread 0x00007f6e040aa800 nmethod 477 0x00007f6e010824d0 code [0x00007f6e01082620, 0x00007f6e010826b8]
Event: 3,948 Thread 0x00007f6e040aa800  478             org.jruby.ast.executable.AbstractScript::getCallSite1 (10 bytes)
Event: 3,948 Thread 0x00007f6e040aa800 nmethod 478 0x00007f6e011c1dd0 code [0x00007f6e011c1f20, 0x00007f6e011c1fb8]
Event: 3,948 Thread 0x00007f6e040aa800  479             org.jruby.ast.executable.AbstractScript::getCallSite4 (10 bytes)
Event: 3,949 Thread 0x00007f6e040aa800 nmethod 479 0x00007f6e0106a990 code [0x00007f6e0106aae0, 0x00007f6e0106ab78]
Event: 3,949 Thread 0x00007f6e040aa800  480             org.jruby.ast.FCallThreeArgNode::interpret (47 bytes)

GC Heap History (8 events):
Event: 1,265 GC heap before
{Heap before GC invocations=1 (full 0):
 PSYoungGen      total 17920K, used 15360K [0x00000000f5900000, 0x00000000f6d00000, 0x0000000100000000)
  eden space 15360K, 100% used [0x00000000f5900000,0x00000000f6800000,0x00000000f6800000)
  from space 2560K, 0% used [0x00000000f6a80000,0x00000000f6a80000,0x00000000f6d00000)
  to   space 2560K, 0% used [0x00000000f6800000,0x00000000f6800000,0x00000000f6a80000)
 ParOldGen       total 39936K, used 0K [0x00000000e0c00000, 0x00000000e3300000, 0x00000000f5900000)
  object space 39936K, 0% used [0x00000000e0c00000,0x00000000e0c00000,0x00000000e3300000)
 PSPermGen       total 21504K, used 19066K [0x00000000d6600000, 0x00000000d7b00000, 0x00000000e0c00000)
  object space 21504K, 88% used [0x00000000d6600000,0x00000000d789eba0,0x00000000d7b00000)
Event: 1,281 GC heap after
Heap after GC invocations=1 (full 0):
 PSYoungGen      total 17920K, used 2549K [0x00000000f5900000, 0x00000000f7c00000, 0x0000000100000000)
  eden space 15360K, 0% used [0x00000000f5900000,0x00000000f5900000,0x00000000f6800000)
  from space 2560K, 99% used [0x00000000f6800000,0x00000000f6a7d4b8,0x00000000f6a80000)
  to   space 2560K, 0% used [0x00000000f7980000,0x00000000f7980000,0x00000000f7c00000)
 ParOldGen       total 39936K, used 3300K [0x00000000e0c00000, 0x00000000e3300000, 0x00000000f5900000)
  object space 39936K, 8% used [0x00000000e0c00000,0x00000000e0f390e8,0x00000000e3300000)
 PSPermGen       total 21504K, used 19066K [0x00000000d6600000, 0x00000000d7b00000, 0x00000000e0c00000)
  object space 21504K, 88% used [0x00000000d6600000,0x00000000d789eba0,0x00000000d7b00000)
}
Event: 2,221 GC heap before
{Heap before GC invocations=2 (full 0):
 PSYoungGen      total 17920K, used 17909K [0x00000000f5900000, 0x00000000f7c00000, 0x0000000100000000)
  eden space 15360K, 100% used [0x00000000f5900000,0x00000000f6800000,0x00000000f6800000)
  from space 2560K, 99% used [0x00000000f6800000,0x00000000f6a7d4b8,0x00000000f6a80000)
  to   space 2560K, 0% used [0x00000000f7980000,0x00000000f7980000,0x00000000f7c00000)
 ParOldGen       total 39936K, used 3300K [0x00000000e0c00000, 0x00000000e3300000, 0x00000000f5900000)
  object space 39936K, 8% used [0x00000000e0c00000,0x00000000e0f390e8,0x00000000e3300000)
 PSPermGen       total 23552K, used 23549K [0x00000000d6600000, 0x00000000d7d00000, 0x00000000e0c00000)
  object space 23552K, 99% used [0x00000000d6600000,0x00000000d7cff500,0x00000000d7d00000)
Event: 2,241 GC heap after
Heap after GC invocations=2 (full 0):
 PSYoungGen      total 33280K, used 2533K [0x00000000f5900000, 0x00000000f7c00000, 0x0000000100000000)
  eden space 30720K, 0% used [0x00000000f5900000,0x00000000f5900000,0x00000000f7700000)
  from space 2560K, 98% used [0x00000000f7980000,0x00000000f7bf9518,0x00000000f7c00000)
  to   space 2560K, 0% used [0x00000000f7700000,0x00000000f7700000,0x00000000f7980000)
 ParOldGen       total 39936K, used 5245K [0x00000000e0c00000, 0x00000000e3300000, 0x00000000f5900000)
  object space 39936K, 13% used [0x00000000e0c00000,0x00000000e111f410,0x00000000e3300000)
 PSPermGen       total 23552K, used 23549K [0x00000000d6600000, 0x00000000d7d00000, 0x00000000e0c00000)
  object space 23552K, 99% used [0x00000000d6600000,0x00000000d7cff500,0x00000000d7d00000)
}
Event: 3,506 GC heap before
{Heap before GC invocations=3 (full 0):
 PSYoungGen      total 33280K, used 33253K [0x00000000f5900000, 0x00000000f7c00000, 0x0000000100000000)
  eden space 30720K, 100% used [0x00000000f5900000,0x00000000f7700000,0x00000000f7700000)
  from space 2560K, 98% used [0x00000000f7980000,0x00000000f7bf9518,0x00000000f7c00000)
  to   space 2560K, 0% used [0x00000000f7700000,0x00000000f7700000,0x00000000f7980000)
 ParOldGen       total 39936K, used 5245K [0x00000000e0c00000, 0x00000000e3300000, 0x00000000f5900000)
  object space 39936K, 13% used [0x00000000e0c00000,0x00000000e111f410,0x00000000e3300000)
 PSPermGen       total 25600K, used 25463K [0x00000000d6600000, 0x00000000d7f00000, 0x00000000e0c00000)
  object space 25600K, 99% used [0x00000000d6600000,0x00000000d7eddff8,0x00000000d7f00000)
Event: 3,524 GC heap after
Heap after GC invocations=3 (full 0):
 PSYoungGen      total 33280K, used 2533K [0x00000000f5900000, 0x00000000f9a00000, 0x0000000100000000)
  eden space 30720K, 0% used [0x00000000f5900000,0x00000000f5900000,0x00000000f7700000)
  from space 2560K, 98% used [0x00000000f7700000,0x00000000f7979518,0x00000000f7980000)
  to   space 2560K, 0% used [0x00000000f9780000,0x00000000f9780000,0x00000000f9a00000)
 ParOldGen       total 39936K, used 7697K [0x00000000e0c00000, 0x00000000e3300000, 0x00000000f5900000)
  object space 39936K, 19% used [0x00000000e0c00000,0x00000000e1384560,0x00000000e3300000)
 PSPermGen       total 25600K, used 25463K [0x00000000d6600000, 0x00000000d7f00000, 0x00000000e0c00000)
  object space 25600K, 99% used [0x00000000d6600000,0x00000000d7eddff8,0x00000000d7f00000)
}
Event: 3,834 GC heap before
{Heap before GC invocations=4 (full 0):
 PSYoungGen      total 33280K, used 33253K [0x00000000f5900000, 0x00000000f9a00000, 0x0000000100000000)
  eden space 30720K, 100% used [0x00000000f5900000,0x00000000f7700000,0x00000000f7700000)
  from space 2560K, 98% used [0x00000000f7700000,0x00000000f7979518,0x00000000f7980000)
  to   space 2560K, 0% used [0x00000000f9780000,0x00000000f9780000,0x00000000f9a00000)
 ParOldGen       total 39936K, used 7697K [0x00000000e0c00000, 0x00000000e3300000, 0x00000000f5900000)
  object space 39936K, 19% used [0x00000000e0c00000,0x00000000e1384560,0x00000000e3300000)
 PSPermGen       total 25600K, used 25464K [0x00000000d6600000, 0x00000000d7f00000, 0x00000000e0c00000)
  object space 25600K, 99% used [0x00000000d6600000,0x00000000d7ede2f0,0x00000000d7f00000)
Event: 3,855 GC heap after
Heap after GC invocations=4 (full 0):
 PSYoungGen      total 64000K, used 2533K [0x00000000f5900000, 0x00000000f9a00000, 0x0000000100000000)
  eden space 61440K, 0% used [0x00000000f5900000,0x00000000f5900000,0x00000000f9500000)
  from space 2560K, 98% used [0x00000000f9780000,0x00000000f99f9518,0x00000000f9a00000)
  to   space 2560K, 0% used [0x00000000f9500000,0x00000000f9500000,0x00000000f9780000)
 ParOldGen       total 39936K, used 7737K [0x00000000e0c00000, 0x00000000e3300000, 0x00000000f5900000)
  object space 39936K, 19% used [0x00000000e0c00000,0x00000000e138e560,0x00000000e3300000)
 PSPermGen       total 25600K, used 25464K [0x00000000d6600000, 0x00000000d7f00000, 0x00000000e0c00000)
  object space 25600K, 99% used [0x00000000d6600000,0x00000000d7ede2f0,0x00000000d7f00000)
}

Deoptimization events (10 events):
Event: 2,129 Thread 0x00007f6e0400a800 Uncommon trap: reason=class_check action=maybe_recompile pc=0x00007f6e0108d7b4 method=java.util.concurrent.ConcurrentHashMap$Segment.put(Ljava/lang/Object;ILjava/lang/Object;Z)Ljava/lang/Object; @ 77
Event: 2,141 Thread 0x00007f6e04483000 Uncommon trap: reason=null_check action=make_not_entrant pc=0x00007f6e0112deac method=org.jruby.internal.runtime.ThreadService.getCurrentContext()Lorg/jruby/runtime/ThreadContext; @ 15
Event: 2,734 Thread 0x00007f6e0400a800 Uncommon trap: reason=unreached action=reinterpret pc=0x00007f6e011324b4 method=java.util.concurrent.locks.AbstractQueuedSynchronizer.release(I)Z @ 14
Event: 2,734 Thread 0x00007f6e04408000 Uncommon trap: reason=unreached action=reinterpret pc=0x00007f6e01143d0c method=java.util.concurrent.locks.AbstractQueuedSynchronizer.release(I)Z @ 14
Event: 2,755 Thread 0x00007f6e0400a800 Uncommon trap: reason=unreached action=reinterpret pc=0x00007f6e01124f68 method=org.jruby.parser.ParserSupport.checkExpression(Lorg/jruby/ast/Node;)Z @ 3
Event: 3,050 Thread 0x00007f6e0400a800 Uncommon trap: reason=class_check action=maybe_recompile pc=0x00007f6e0116c0f8 method=org.jruby.RubyArray.compare(Lorg/jruby/runtime/ThreadContext;Lorg/jruby/runtime/invokedynamic/MethodNames;Lorg/jruby/runtime/builtin/IRubyObject;)Lorg/jruby/RubyBoolean;
Event: 3,050 Thread 0x00007f6e0400a800 Uncommon trap: reason=class_check action=maybe_recompile pc=0x00007f6e0116c0f8 method=org.jruby.RubyArray.compare(Lorg/jruby/runtime/ThreadContext;Lorg/jruby/runtime/invokedynamic/MethodNames;Lorg/jruby/runtime/builtin/IRubyObject;)Lorg/jruby/RubyBoolean;
Event: 3,050 Thread 0x00007f6e0400a800 Uncommon trap: reason=class_check action=maybe_recompile pc=0x00007f6e0116c0f8 method=org.jruby.RubyArray.compare(Lorg/jruby/runtime/ThreadContext;Lorg/jruby/runtime/invokedynamic/MethodNames;Lorg/jruby/runtime/builtin/IRubyObject;)Lorg/jruby/RubyBoolean;
Event: 3,050 Thread 0x00007f6e0400a800 Uncommon trap: reason=class_check action=maybe_recompile pc=0x00007f6e0116c0f8 method=org.jruby.RubyArray.compare(Lorg/jruby/runtime/ThreadContext;Lorg/jruby/runtime/invokedynamic/MethodNames;Lorg/jruby/runtime/builtin/IRubyObject;)Lorg/jruby/RubyBoolean;
Event: 3,371 Thread 0x00007f6e0400a800 Uncommon trap: reason=unreached action=reinterpret pc=0x00007f6e0119d6d0 method=java.util.HashSet.add(Ljava/lang/Object;)Z @ 11

Internal exceptions (10 events):
Event: 2,933 Thread 0x00007f6e04483000 Threw 0x00000000f61f5f60 at /build/buildd/openjdk-7-7u51-2.4.4/build/openjdk/hotspot/src/share/vm/prims/jvm.cpp:1244
Event: 2,933 Thread 0x00007f6e04483000 Threw 0x00000000f61f7000 at /build/buildd/openjdk-7-7u51-2.4.4/build/openjdk/hotspot/src/share/vm/prims/jvm.cpp:1244
Event: 2,985 Thread 0x00007f6e04408000 Threw 0x00000000f6243e80 at /build/buildd/openjdk-7-7u51-2.4.4/build/openjdk/hotspot/src/share/vm/prims/jvm.cpp:1244
Event: 2,985 Thread 0x00007f6e04408000 Threw 0x00000000f6244f80 at /build/buildd/openjdk-7-7u51-2.4.4/build/openjdk/hotspot/src/share/vm/prims/jvm.cpp:1244
Event: 2,989 Thread 0x00007f6e04408000 Threw 0x00000000f64446b0 at /build/buildd/openjdk-7-7u51-2.4.4/build/openjdk/hotspot/src/share/vm/prims/jvm.cpp:1244
Event: 2,989 Thread 0x00007f6e04408000 Threw 0x00000000f64457b0 at /build/buildd/openjdk-7-7u51-2.4.4/build/openjdk/hotspot/src/share/vm/prims/jvm.cpp:1244
Event: 2,992 Thread 0x00007f6e04408000 Threw 0x00000000f646d160 at /build/buildd/openjdk-7-7u51-2.4.4/build/openjdk/hotspot/src/share/vm/prims/jvm.cpp:1244
Event: 2,992 Thread 0x00007f6e04408000 Threw 0x00000000f646e308 at /build/buildd/openjdk-7-7u51-2.4.4/build/openjdk/hotspot/src/share/vm/prims/jvm.cpp:1244
Event: 3,057 Thread 0x00007f6e04408000 Threw 0x00000000f6524fd8 at /build/buildd/openjdk-7-7u51-2.4.4/build/openjdk/hotspot/src/share/vm/prims/jvm.cpp:1244
Event: 3,057 Thread 0x00007f6e04408000 Threw 0x00000000f6526278 at /build/buildd/openjdk-7-7u51-2.4.4/build/openjdk/hotspot/src/share/vm/prims/jvm.cpp:1244

Events (10 events):
Event: 3,834 Executing VM operation: ParallelGCFailedAllocation
Event: 3,855 Executing VM operation: ParallelGCFailedAllocation done
Event: 3,942 Thread 0x00007f6e040aa800 flushing nmethod 0x00007f6e0106a710
Event: 3,945 Thread 0x00007f6e040aa800 flushing nmethod 0x00007f6e010824d0
Event: 3,947 Thread 0x00007f6e040aa800 flushing nmethod 0x00007f6e0108e890
Event: 3,948 Thread 0x00007f6e040aa800 flushing nmethod 0x00007f6e0109ebd0
Event: 3,948 Thread 0x00007f6e040aa800 flushing nmethod 0x00007f6e010a0e50
Event: 3,949 Thread 0x00007f6e040aa800 flushing nmethod 0x00007f6e010b8410
Event: 3,949 Thread 0x00007f6e040aa800 flushing nmethod 0x00007f6e010c01d0
Event: 3,949 Thread 0x00007f6e040aa800 flushing nmethod 0x00007f6e010d33d0


Dynamic libraries:
00400000-00401000 r-xp 00000000 08:05 12322450                           /usr/lib/jvm/java-7-openjdk-amd64/jre/bin/java
00600000-00601000 r--p 00000000 08:05 12322450                           /usr/lib/jvm/java-7-openjdk-amd64/jre/bin/java
00601000-00602000 rw-p 00001000 08:05 12322450                           /usr/lib/jvm/java-7-openjdk-amd64/jre/bin/java
02200000-02221000 rw-p 00000000 00:00 0                                  [heap]
d6600000-d7f00000 rw-p 00000000 00:00 0 
d7f00000-e0c00000 rw-p 00000000 00:00 0 
e0c00000-e3300000 rw-p 00000000 00:00 0 
e3300000-f5900000 rw-p 00000000 00:00 0 
f5900000-f9a00000 rw-p 00000000 00:00 0 
f9a00000-100000000 rw-p 00000000 00:00 0 
7f6db4000000-7f6db4021000 rw-p 00000000 00:00 0 
7f6db4021000-7f6db8000000 ---p 00000000 00:00 0 
7f6db8000000-7f6db8021000 rw-p 00000000 00:00 0 
7f6db8021000-7f6dbc000000 ---p 00000000 00:00 0 
7f6dbc000000-7f6dbc021000 rw-p 00000000 00:00 0 
7f6dbc021000-7f6dc0000000 ---p 00000000 00:00 0 
7f6dc0000000-7f6dc0021000 rw-p 00000000 00:00 0 
7f6dc0021000-7f6dc4000000 ---p 00000000 00:00 0 
7f6dc4000000-7f6dc4021000 rw-p 00000000 00:00 0 
7f6dc4021000-7f6dc8000000 ---p 00000000 00:00 0 
7f6dc8000000-7f6dc8027000 rw-p 00000000 00:00 0 
7f6dc8027000-7f6dcc000000 ---p 00000000 00:00 0 
7f6dcc000000-7f6dcd9ee000 rw-p 00000000 00:00 0 
7f6dcd9ee000-7f6dd0000000 ---p 00000000 00:00 0 
7f6dd0000000-7f6dd0021000 rw-p 00000000 00:00 0 
7f6dd0021000-7f6dd4000000 ---p 00000000 00:00 0 
7f6dd4000000-7f6dd4021000 rw-p 00000000 00:00 0 
7f6dd4021000-7f6dd8000000 ---p 00000000 00:00 0 
7f6dd8000000-7f6dd9965000 rw-p 00000000 00:00 0 
7f6dd9965000-7f6ddc000000 ---p 00000000 00:00 0 
7f6ddc000000-7f6ddc021000 rw-p 00000000 00:00 0 
7f6ddc021000-7f6de0000000 ---p 00000000 00:00 0 
7f6de0000000-7f6de0021000 rw-p 00000000 00:00 0 
7f6de0021000-7f6de4000000 ---p 00000000 00:00 0 
7f6de4000000-7f6de4021000 rw-p 00000000 00:00 0 
7f6de4021000-7f6de8000000 ---p 00000000 00:00 0 
7f6de8000000-7f6de8021000 rw-p 00000000 00:00 0 
7f6de8021000-7f6dec000000 ---p 00000000 00:00 0 
7f6dec000000-7f6dec021000 rw-p 00000000 00:00 0 
7f6dec021000-7f6df0000000 ---p 00000000 00:00 0 
7f6df33f5000-7f6df33f7000 r-xp 00000000 08:05 16778162                   /home/luis/practica01/src/lib/libconvex_hull.so
7f6df33f7000-7f6df35f6000 ---p 00002000 08:05 16778162                   /home/luis/practica01/src/lib/libconvex_hull.so
7f6df35f6000-7f6df35f7000 r--p 00001000 08:05 16778162                   /home/luis/practica01/src/lib/libconvex_hull.so
7f6df35f7000-7f6df35f8000 rw-p 00002000 08:05 16778162                   /home/luis/practica01/src/lib/libconvex_hull.so
7f6df35f8000-7f6df35fa000 r-xp 00000000 08:05 16777925                   /home/luis/practica01/src/lib/libdouble_linked_list.so
7f6df35fa000-7f6df37f9000 ---p 00002000 08:05 16777925                   /home/luis/practica01/src/lib/libdouble_linked_list.so
7f6df37f9000-7f6df37fa000 r--p 00001000 08:05 16777925                   /home/luis/practica01/src/lib/libdouble_linked_list.so
7f6df37fa000-7f6df37fb000 rw-p 00002000 08:05 16777925                   /home/luis/practica01/src/lib/libdouble_linked_list.so
7f6df37fb000-7f6df37fc000 r-xp 00000000 08:05 16777919                   /home/luis/practica01/src/lib/lib2d_points.so
7f6df37fc000-7f6df39fb000 ---p 00001000 08:05 16777919                   /home/luis/practica01/src/lib/lib2d_points.so
7f6df39fb000-7f6df39fc000 r--p 00000000 08:05 16777919                   /home/luis/practica01/src/lib/lib2d_points.so
7f6df39fc000-7f6df39fd000 rw-p 00001000 08:05 16777919                   /home/luis/practica01/src/lib/lib2d_points.so
7f6df39fd000-7f6df3a00000 ---p 00000000 00:00 0 
7f6df3a00000-7f6df3bfe000 rw-p 00000000 00:00 0 
7f6df3bfe000-7f6df3c01000 ---p 00000000 00:00 0 
7f6df3c01000-7f6df3dff000 rw-p 00000000 00:00 0 
7f6df3dff000-7f6df3e02000 ---p 00000000 00:00 0 
7f6df3e02000-7f6df4000000 rw-p 00000000 00:00 0                          [stack:7915]
7f6df4000000-7f6df4021000 rw-p 00000000 00:00 0 
7f6df4021000-7f6df8000000 ---p 00000000 00:00 0 
7f6df80b7000-7f6df80ba000 ---p 00000000 00:00 0 
7f6df80ba000-7f6df82b8000 rw-p 00000000 00:00 0                          [stack:7845]
7f6df82b8000-7f6df82ca000 r-xp 00000000 08:05 16253453                   /home/luis/.rbenv/versions/jruby-1.7.10/lib/jni/x86_64-Linux/libjffi-1.2.so
7f6df82ca000-7f6df84c9000 ---p 00012000 08:05 16253453                   /home/luis/.rbenv/versions/jruby-1.7.10/lib/jni/x86_64-Linux/libjffi-1.2.so
7f6df84c9000-7f6df84ca000 rw-p 00011000 08:05 16253453                   /home/luis/.rbenv/versions/jruby-1.7.10/lib/jni/x86_64-Linux/libjffi-1.2.so
7f6df84ca000-7f6df84da000 r-xp 00000000 08:05 12322344                   /usr/lib/jvm/java-7-openjdk-amd64/jre/lib/amd64/libnio.so
7f6df84da000-7f6df86da000 ---p 00010000 08:05 12322344                   /usr/lib/jvm/java-7-openjdk-amd64/jre/lib/amd64/libnio.so
7f6df86da000-7f6df86db000 r--p 00010000 08:05 12322344                   /usr/lib/jvm/java-7-openjdk-amd64/jre/lib/amd64/libnio.so
7f6df86db000-7f6df86dc000 rw-p 00011000 08:05 12322344                   /usr/lib/jvm/java-7-openjdk-amd64/jre/lib/amd64/libnio.so
7f6df86dc000-7f6df8719000 r-xp 00000000 08:05 9834371                    /lib/x86_64-linux-gnu/libpcre.so.3.13.1
7f6df8719000-7f6df8919000 ---p 0003d000 08:05 9834371                    /lib/x86_64-linux-gnu/libpcre.so.3.13.1
7f6df8919000-7f6df891a000 r--p 0003d000 08:05 9834371                    /lib/x86_64-linux-gnu/libpcre.so.3.13.1
7f6df891a000-7f6df891b000 rw-p 0003e000 08:05 9834371                    /lib/x86_64-linux-gnu/libpcre.so.3.13.1
7f6df891b000-7f6df8922000 r-xp 00000000 08:05 12196946                   /usr/lib/x86_64-linux-gnu/libffi.so.6.0.1
7f6df8922000-7f6df8b21000 ---p 00007000 08:05 12196946                   /usr/lib/x86_64-linux-gnu/libffi.so.6.0.1
7f6df8b21000-7f6df8b22000 r--p 00006000 08:05 12196946                   /usr/lib/x86_64-linux-gnu/libffi.so.6.0.1
7f6df8b22000-7f6df8b23000 rw-p 00007000 08:05 12196946                   /usr/lib/x86_64-linux-gnu/libffi.so.6.0.1
7f6df8b23000-7f6df8b39000 r-xp 00000000 08:05 9834394                    /lib/x86_64-linux-gnu/libresolv-2.17.so
7f6df8b39000-7f6df8d39000 ---p 00016000 08:05 9834394                    /lib/x86_64-linux-gnu/libresolv-2.17.so
7f6df8d39000-7f6df8d3a000 r--p 00016000 08:05 9834394                    /lib/x86_64-linux-gnu/libresolv-2.17.so
7f6df8d3a000-7f6df8d3b000 rw-p 00017000 08:05 9834394                    /lib/x86_64-linux-gnu/libresolv-2.17.so
7f6df8d3b000-7f6df8d3d000 rw-p 00000000 00:00 0 
7f6df8d3d000-7f6df8d5c000 r-xp 00000000 08:05 9834398                    /lib/x86_64-linux-gnu/libselinux.so.1
7f6df8d5c000-7f6df8f5c000 ---p 0001f000 08:05 9834398                    /lib/x86_64-linux-gnu/libselinux.so.1
7f6df8f5c000-7f6df8f5d000 r--p 0001f000 08:05 9834398                    /lib/x86_64-linux-gnu/libselinux.so.1
7f6df8f5d000-7f6df8f5e000 rw-p 00020000 08:05 9834398                    /lib/x86_64-linux-gnu/libselinux.so.1
7f6df8f5e000-7f6df8f5f000 rw-p 00000000 00:00 0 
7f6df8f5f000-7f6df8f62000 r-xp 00000000 08:05 12190134                   /usr/lib/x86_64-linux-gnu/libgmodule-2.0.so.0.3800.1
7f6df8f62000-7f6df9161000 ---p 00003000 08:05 12190134                   /usr/lib/x86_64-linux-gnu/libgmodule-2.0.so.0.3800.1
7f6df9161000-7f6df9162000 r--p 00002000 08:05 12190134                   /usr/lib/x86_64-linux-gnu/libgmodule-2.0.so.0.3800.1
7f6df9162000-7f6df9163000 rw-p 00003000 08:05 12190134                   /usr/lib/x86_64-linux-gnu/libgmodule-2.0.so.0.3800.1
7f6df9163000-7f6df9261000 r-xp 00000000 08:05 9834386                    /lib/x86_64-linux-gnu/libglib-2.0.so.0.3800.1
7f6df9261000-7f6df9461000 ---p 000fe000 08:05 9834386                    /lib/x86_64-linux-gnu/libglib-2.0.so.0.3800.1
7f6df9461000-7f6df9462000 r--p 000fe000 08:05 9834386                    /lib/x86_64-linux-gnu/libglib-2.0.so.0.3800.1
7f6df9462000-7f6df9463000 rw-p 000ff000 08:05 9834386                    /lib/x86_64-linux-gnu/libglib-2.0.so.0.3800.1
7f6df9463000-7f6df9464000 rw-p 00000000 00:00 0 
7f6df9464000-7f6df94b3000 r-xp 00000000 08:05 12190125                   /usr/lib/x86_64-linux-gnu/libgobject-2.0.so.0.3800.1
7f6df94b3000-7f6df96b3000 ---p 0004f000 08:05 12190125                   /usr/lib/x86_64-linux-gnu/libgobject-2.0.so.0.3800.1
7f6df96b3000-7f6df96b4000 r--p 0004f000 08:05 12190125                   /usr/lib/x86_64-linux-gnu/libgobject-2.0.so.0.3800.1
7f6df96b4000-7f6df96b5000 rw-p 00050000 08:05 12190125                   /usr/lib/x86_64-linux-gnu/libgobject-2.0.so.0.3800.1
7f6df96b5000-7f6df9811000 r-xp 00000000 08:05 12190099                   /usr/lib/x86_64-linux-gnu/libgio-2.0.so.0.3800.1
7f6df9811000-7f6df9a10000 ---p 0015c000 08:05 12190099                   /usr/lib/x86_64-linux-gnu/libgio-2.0.so.0.3800.1
7f6df9a10000-7f6df9a14000 r--p 0015b000 08:05 12190099                   /usr/lib/x86_64-linux-gnu/libgio-2.0.so.0.3800.1
7f6df9a14000-7f6df9a16000 rw-p 0015f000 08:05 12190099                   /usr/lib/x86_64-linux-gnu/libgio-2.0.so.0.3800.1
7f6df9a16000-7f6df9a18000 rw-p 00000000 00:00 0 
7f6df9a18000-7f6df9a2e000 r-xp 00000000 08:05 12322132                   /usr/lib/jvm/java-7-openjdk-amd64/jre/lib/amd64/libnet.so
7f6df9a2e000-7f6df9c2d000 ---p 00016000 08:05 12322132                   /usr/lib/jvm/java-7-openjdk-amd64/jre/lib/amd64/libnet.so
7f6df9c2d000-7f6df9c2e000 r--p 00015000 08:05 12322132                   /usr/lib/jvm/java-7-openjdk-amd64/jre/lib/amd64/libnet.so
7f6df9c2e000-7f6df9c2f000 rw-p 00016000 08:05 12322132                   /usr/lib/jvm/java-7-openjdk-amd64/jre/lib/amd64/libnet.so
7f6df9c2f000-7f6df9c30000 ---p 00000000 00:00 0 
7f6df9c30000-7f6df9d30000 rw-p 00000000 00:00 0                          [stack:7844]
7f6df9d30000-7f6df9d33000 ---p 00000000 00:00 0 
7f6df9d33000-7f6df9f31000 rw-p 00000000 00:00 0                          [stack:7843]
7f6df9f31000-7f6df9f34000 ---p 00000000 00:00 0 
7f6df9f34000-7f6dfa032000 rw-p 00000000 00:00 0                          [stack:7842]
7f6dfa032000-7f6dfa035000 ---p 00000000 00:00 0 
7f6dfa035000-7f6dfa133000 rw-p 00000000 00:00 0                          [stack:7841]
7f6dfa133000-7f6dfa136000 ---p 00000000 00:00 0 
7f6dfa136000-7f6dfa334000 rw-p 00000000 00:00 0                          [stack:7840]
7f6dfa334000-7f6dfa72e000 r--p 00000000 08:05 12195384                   /usr/lib/locale/locale-archive
7f6dfa72e000-7f6dfa731000 ---p 00000000 00:00 0 
7f6dfa731000-7f6dfa92f000 rw-p 00000000 00:00 0                          [stack:7839]
7f6dfa92f000-7f6dfa932000 ---p 00000000 00:00 0 
7f6dfa932000-7f6dfc000000 rw-p 00000000 00:00 0                          [stack:7838]
7f6dfc000000-7f6dfc021000 rw-p 00000000 00:00 0 
7f6dfc021000-7f6e00000000 ---p 00000000 00:00 0 
7f6e00097000-7f6e0009a000 ---p 00000000 00:00 0 
7f6e0009a000-7f6e000d0000 rw-p 00000000 00:00 0                          [stack:7848]
7f6e000d0000-7f6e000d1000 ---p 00000000 00:00 0 
7f6e000d1000-7f6e01000000 rw-p 00000000 00:00 0                          [stack:7837]
7f6e01000000-7f6e01270000 rwxp 00000000 00:00 0 
7f6e01270000-7f6e044ba000 rw-p 00000000 00:00 0 
7f6e044ba000-7f6e08000000 ---p 00000000 00:00 0 
7f6e0801a000-7f6e081c8000 rw-p 00000000 00:00 0 
7f6e081c8000-7f6e082b1000 r--s 00bb9000 08:05 16253440                   /home/luis/.rbenv/versions/jruby-1.7.10/lib/jruby.jar
7f6e082b1000-7f6e082f9000 rw-p 00000000 00:00 0 
7f6e082f9000-7f6e084a7000 r--s 01cf4000 08:05 12322430                   /usr/lib/jvm/java-7-openjdk-amd64/jre/lib/rt.jar
7f6e084a7000-7f6e086ed000 rw-p 00000000 00:00 0 
7f6e086ed000-7f6e086ee000 ---p 00000000 00:00 0 
7f6e086ee000-7f6e087ee000 rw-p 00000000 00:00 0                          [stack:7836]
7f6e087ee000-7f6e087ef000 ---p 00000000 00:00 0 
7f6e087ef000-7f6e088ef000 rw-p 00000000 00:00 0                          [stack:7835]
7f6e088ef000-7f6e088f0000 ---p 00000000 00:00 0 
7f6e088f0000-7f6e089f0000 rw-p 00000000 00:00 0                          [stack:7834]
7f6e089f0000-7f6e089f1000 ---p 00000000 00:00 0 
7f6e089f1000-7f6e08afe000 rw-p 00000000 00:00 0                          [stack:7833]
7f6e08afe000-7f6e08b44000 rw-p 00000000 00:00 0 
7f6e08b44000-7f6e08b58000 rw-p 00000000 00:00 0 
7f6e08b58000-7f6e08bea000 rw-p 00000000 00:00 0 
7f6e08bea000-7f6e08c0b000 rw-p 00000000 00:00 0 
7f6e08c0b000-7f6e08c3e000 rw-p 00000000 00:00 0 
7f6e08c3e000-7f6e08c3f000 rw-p 00000000 00:00 0 
7f6e08c3f000-7f6e08c47000 r-xp 00000000 08:05 12322081                   /usr/lib/jvm/java-7-openjdk-amd64/jre/lib/amd64/libzip.so
7f6e08c47000-7f6e08e46000 ---p 00008000 08:05 12322081                   /usr/lib/jvm/java-7-openjdk-amd64/jre/lib/amd64/libzip.so
7f6e08e46000-7f6e08e47000 r--p 00007000 08:05 12322081                   /usr/lib/jvm/java-7-openjdk-amd64/jre/lib/amd64/libzip.so
7f6e08e47000-7f6e08e48000 rw-p 00008000 08:05 12322081                   /usr/lib/jvm/java-7-openjdk-amd64/jre/lib/amd64/libzip.so
7f6e08e48000-7f6e08e54000 r-xp 00000000 08:05 9834349                    /lib/x86_64-linux-gnu/libnss_files-2.17.so
7f6e08e54000-7f6e09053000 ---p 0000c000 08:05 9834349                    /lib/x86_64-linux-gnu/libnss_files-2.17.so
7f6e09053000-7f6e09054000 r--p 0000b000 08:05 9834349                    /lib/x86_64-linux-gnu/libnss_files-2.17.so
7f6e09054000-7f6e09055000 rw-p 0000c000 08:05 9834349                    /lib/x86_64-linux-gnu/libnss_files-2.17.so
7f6e09055000-7f6e09060000 r-xp 00000000 08:05 9834353                    /lib/x86_64-linux-gnu/libnss_nis-2.17.so
7f6e09060000-7f6e0925f000 ---p 0000b000 08:05 9834353                    /lib/x86_64-linux-gnu/libnss_nis-2.17.so
7f6e0925f000-7f6e09260000 r--p 0000a000 08:05 9834353                    /lib/x86_64-linux-gnu/libnss_nis-2.17.so
7f6e09260000-7f6e09261000 rw-p 0000b000 08:05 9834353                    /lib/x86_64-linux-gnu/libnss_nis-2.17.so
7f6e09261000-7f6e09278000 r-xp 00000000 08:05 9834343                    /lib/x86_64-linux-gnu/libnsl-2.17.so
7f6e09278000-7f6e09477000 ---p 00017000 08:05 9834343                    /lib/x86_64-linux-gnu/libnsl-2.17.so
7f6e09477000-7f6e09478000 r--p 00016000 08:05 9834343                    /lib/x86_64-linux-gnu/libnsl-2.17.so
7f6e09478000-7f6e09479000 rw-p 00017000 08:05 9834343                    /lib/x86_64-linux-gnu/libnsl-2.17.so
7f6e09479000-7f6e0947b000 rw-p 00000000 00:00 0 
7f6e0947b000-7f6e09483000 r-xp 00000000 08:05 9834345                    /lib/x86_64-linux-gnu/libnss_compat-2.17.so
7f6e09483000-7f6e09682000 ---p 00008000 08:05 9834345                    /lib/x86_64-linux-gnu/libnss_compat-2.17.so
7f6e09682000-7f6e09683000 r--p 00007000 08:05 9834345                    /lib/x86_64-linux-gnu/libnss_compat-2.17.so
7f6e09683000-7f6e09684000 rw-p 00008000 08:05 9834345                    /lib/x86_64-linux-gnu/libnss_compat-2.17.so
7f6e09684000-7f6e096af000 r-xp 00000000 08:05 12322007                   /usr/lib/jvm/java-7-openjdk-amd64/jre/lib/amd64/libjava.so
7f6e096af000-7f6e098ae000 ---p 0002b000 08:05 12322007                   /usr/lib/jvm/java-7-openjdk-amd64/jre/lib/amd64/libjava.so
7f6e098ae000-7f6e098af000 r--p 0002a000 08:05 12322007                   /usr/lib/jvm/java-7-openjdk-amd64/jre/lib/amd64/libjava.so
7f6e098af000-7f6e098b1000 rw-p 0002b000 08:05 12322007                   /usr/lib/jvm/java-7-openjdk-amd64/jre/lib/amd64/libjava.so
7f6e098b1000-7f6e098c1000 r-xp 00000000 08:05 12322321                   /usr/lib/jvm/java-7-openjdk-amd64/jre/lib/amd64/libverify.so
7f6e098c1000-7f6e09ac0000 ---p 00010000 08:05 12322321                   /usr/lib/jvm/java-7-openjdk-amd64/jre/lib/amd64/libverify.so
7f6e09ac0000-7f6e09ac2000 r--p 0000f000 08:05 12322321                   /usr/lib/jvm/java-7-openjdk-amd64/jre/lib/amd64/libverify.so
7f6e09ac2000-7f6e09ac3000 rw-p 00011000 08:05 12322321                   /usr/lib/jvm/java-7-openjdk-amd64/jre/lib/amd64/libverify.so
7f6e09ac3000-7f6e09aca000 r-xp 00000000 08:05 9834396                    /lib/x86_64-linux-gnu/librt-2.17.so
7f6e09aca000-7f6e09cc9000 ---p 00007000 08:05 9834396                    /lib/x86_64-linux-gnu/librt-2.17.so
7f6e09cc9000-7f6e09cca000 r--p 00006000 08:05 9834396                    /lib/x86_64-linux-gnu/librt-2.17.so
7f6e09cca000-7f6e09ccb000 rw-p 00007000 08:05 9834396                    /lib/x86_64-linux-gnu/librt-2.17.so
7f6e09ccb000-7f6e09cce000 ---p 00000000 00:00 0 
7f6e09cce000-7f6e09ecc000 rw-p 00000000 00:00 0                          [stack:7832]
7f6e09ecc000-7f6e09ee1000 r-xp 00000000 08:05 9830413                    /lib/x86_64-linux-gnu/libgcc_s.so.1
7f6e09ee1000-7f6e0a0e0000 ---p 00015000 08:05 9830413                    /lib/x86_64-linux-gnu/libgcc_s.so.1
7f6e0a0e0000-7f6e0a0e1000 r--p 00014000 08:05 9830413                    /lib/x86_64-linux-gnu/libgcc_s.so.1
7f6e0a0e1000-7f6e0a0e2000 rw-p 00015000 08:05 9830413                    /lib/x86_64-linux-gnu/libgcc_s.so.1
7f6e0a0e2000-7f6e0a1e5000 r-xp 00000000 08:05 9834324                    /lib/x86_64-linux-gnu/libm-2.17.so
7f6e0a1e5000-7f6e0a3e4000 ---p 00103000 08:05 9834324                    /lib/x86_64-linux-gnu/libm-2.17.so
7f6e0a3e4000-7f6e0a3e5000 r--p 00102000 08:05 9834324                    /lib/x86_64-linux-gnu/libm-2.17.so
7f6e0a3e5000-7f6e0a3e6000 rw-p 00103000 08:05 9834324                    /lib/x86_64-linux-gnu/libm-2.17.so
7f6e0a3e6000-7f6e0a4cc000 r-xp 00000000 08:05 12190887                   /usr/lib/x86_64-linux-gnu/libstdc++.so.6.0.18
7f6e0a4cc000-7f6e0a6cb000 ---p 000e6000 08:05 12190887                   /usr/lib/x86_64-linux-gnu/libstdc++.so.6.0.18
7f6e0a6cb000-7f6e0a6d3000 r--p 000e5000 08:05 12190887                   /usr/lib/x86_64-linux-gnu/libstdc++.so.6.0.18
7f6e0a6d3000-7f6e0a6d5000 rw-p 000ed000 08:05 12190887                   /usr/lib/x86_64-linux-gnu/libstdc++.so.6.0.18
7f6e0a6d5000-7f6e0a6ea000 rw-p 00000000 00:00 0 
7f6e0a6ea000-7f6e0b1c9000 r-xp 00000000 08:05 12322340                   /usr/lib/jvm/java-7-openjdk-amd64/jre/lib/amd64/server/libjvm.so
7f6e0b1c9000-7f6e0b3c8000 ---p 00adf000 08:05 12322340                   /usr/lib/jvm/java-7-openjdk-amd64/jre/lib/amd64/server/libjvm.so
7f6e0b3c8000-7f6e0b45a000 r--p 00ade000 08:05 12322340                   /usr/lib/jvm/java-7-openjdk-amd64/jre/lib/amd64/server/libjvm.so
7f6e0b45a000-7f6e0b47d000 rw-p 00b70000 08:05 12322340                   /usr/lib/jvm/java-7-openjdk-amd64/jre/lib/amd64/server/libjvm.so
7f6e0b47d000-7f6e0b4aa000 rw-p 00000000 00:00 0 
7f6e0b4aa000-7f6e0b4c2000 r-xp 00000000 08:05 9834431                    /lib/x86_64-linux-gnu/libz.so.1.2.8
7f6e0b4c2000-7f6e0b6c1000 ---p 00018000 08:05 9834431                    /lib/x86_64-linux-gnu/libz.so.1.2.8
7f6e0b6c1000-7f6e0b6c2000 r--p 00017000 08:05 9834431                    /lib/x86_64-linux-gnu/libz.so.1.2.8
7f6e0b6c2000-7f6e0b6c3000 rw-p 00018000 08:05 9834431                    /lib/x86_64-linux-gnu/libz.so.1.2.8
7f6e0b6c3000-7f6e0b6da000 r-xp 00000000 08:05 9834388                    /lib/x86_64-linux-gnu/libpthread-2.17.so
7f6e0b6da000-7f6e0b8da000 ---p 00017000 08:05 9834388                    /lib/x86_64-linux-gnu/libpthread-2.17.so
7f6e0b8da000-7f6e0b8db000 r--p 00017000 08:05 9834388                    /lib/x86_64-linux-gnu/libpthread-2.17.so
7f6e0b8db000-7f6e0b8dc000 rw-p 00018000 08:05 9834388                    /lib/x86_64-linux-gnu/libpthread-2.17.so
7f6e0b8dc000-7f6e0b8e0000 rw-p 00000000 00:00 0 
7f6e0b8e0000-7f6e0b8e3000 r-xp 00000000 08:05 9834288                    /lib/x86_64-linux-gnu/libdl-2.17.so
7f6e0b8e3000-7f6e0bae2000 ---p 00003000 08:05 9834288                    /lib/x86_64-linux-gnu/libdl-2.17.so
7f6e0bae2000-7f6e0bae3000 r--p 00002000 08:05 9834288                    /lib/x86_64-linux-gnu/libdl-2.17.so
7f6e0bae3000-7f6e0bae4000 rw-p 00003000 08:05 9834288                    /lib/x86_64-linux-gnu/libdl-2.17.so
7f6e0bae4000-7f6e0bca1000 r-xp 00000000 08:05 9834273                    /lib/x86_64-linux-gnu/libc-2.17.so
7f6e0bca1000-7f6e0bea1000 ---p 001bd000 08:05 9834273                    /lib/x86_64-linux-gnu/libc-2.17.so
7f6e0bea1000-7f6e0bea5000 r--p 001bd000 08:05 9834273                    /lib/x86_64-linux-gnu/libc-2.17.so
7f6e0bea5000-7f6e0bea7000 rw-p 001c1000 08:05 9834273                    /lib/x86_64-linux-gnu/libc-2.17.so
7f6e0bea7000-7f6e0beac000 rw-p 00000000 00:00 0 
7f6e0beac000-7f6e0beb9000 r-xp 00000000 08:05 12322347                   /usr/lib/jvm/java-7-openjdk-amd64/jre/lib/amd64/jli/libjli.so
7f6e0beb9000-7f6e0c0b8000 ---p 0000d000 08:05 12322347                   /usr/lib/jvm/java-7-openjdk-amd64/jre/lib/amd64/jli/libjli.so
7f6e0c0b8000-7f6e0c0b9000 r--p 0000c000 08:05 12322347                   /usr/lib/jvm/java-7-openjdk-amd64/jre/lib/amd64/jli/libjli.so
7f6e0c0b9000-7f6e0c0ba000 rw-p 0000d000 08:05 12322347                   /usr/lib/jvm/java-7-openjdk-amd64/jre/lib/amd64/jli/libjli.so
7f6e0c0ba000-7f6e0c0dd000 r-xp 00000000 08:05 9834249                    /lib/x86_64-linux-gnu/ld-2.17.so
7f6e0c0e2000-7f6e0c0e3000 rw-p 00000000 00:00 0 
7f6e0c0e3000-7f6e0c0e4000 r-xp 00000000 00:00 0 
7f6e0c0e4000-7f6e0c0eb000 r--s 00000000 08:05 12588976                   /usr/lib/x86_64-linux-gnu/gconv/gconv-modules.cache
7f6e0c0eb000-7f6e0c0f0000 r--s 0004c000 08:05 12322352                   /usr/lib/jvm/java-7-openjdk-amd64/jre/lib/jsse.jar
7f6e0c0f0000-7f6e0c0f3000 r--s 00032000 08:05 12322366                   /usr/lib/jvm/java-7-openjdk-amd64/jre/lib/ext/sunjce_provider.jar
7f6e0c0f3000-7f6e0c0f6000 r--s 0000f000 08:05 12322362                   /usr/lib/jvm/java-7-openjdk-amd64/jre/lib/ext/pulse-java.jar
7f6e0c0f6000-7f6e0c111000 rw-p 00000000 00:00 0 
7f6e0c111000-7f6e0c157000 rw-p 00000000 00:00 0 
7f6e0c157000-7f6e0c16b000 rw-p 00000000 00:00 0 
7f6e0c16b000-7f6e0c1fe000 rw-p 00000000 00:00 0 
7f6e0c1fe000-7f6e0c208000 rw-p 00000000 00:00 0 
7f6e0c208000-7f6e0c2be000 rw-p 00000000 00:00 0 
7f6e0c2be000-7f6e0c2c3000 rw-p 00000000 00:00 0 
7f6e0c2c3000-7f6e0c2c5000 r--s 00006000 08:05 12717881                   /usr/share/java/java-atk-wrapper.jar
7f6e0c2c5000-7f6e0c2c9000 r--s 00085000 08:05 12322360                   /usr/lib/jvm/java-7-openjdk-amd64/jre/lib/ext/localedata.jar
7f6e0c2c9000-7f6e0c2cd000 r--s 0003b000 08:05 12322372                   /usr/lib/jvm/java-7-openjdk-amd64/jre/lib/ext/sunpkcs11.jar
7f6e0c2cd000-7f6e0c2ce000 r--s 00002000 08:05 12322370                   /usr/lib/jvm/java-7-openjdk-amd64/jre/lib/ext/dnsns.jar
7f6e0c2ce000-7f6e0c2d0000 r--s 00012000 08:05 12322364                   /usr/lib/jvm/java-7-openjdk-amd64/jre/lib/ext/zipfs.jar
7f6e0c2d0000-7f6e0c2d8000 rw-s 00000000 08:05 7340078                    /tmp/hsperfdata_luis/7807
7f6e0c2d8000-7f6e0c2d9000 rw-p 00000000 00:00 0 
7f6e0c2d9000-7f6e0c2da000 r--p 00000000 00:00 0 
7f6e0c2da000-7f6e0c2dc000 rw-p 00000000 00:00 0 
7f6e0c2dc000-7f6e0c2dd000 r--p 00022000 08:05 9834249                    /lib/x86_64-linux-gnu/ld-2.17.so
7f6e0c2dd000-7f6e0c2df000 rw-p 00023000 08:05 9834249                    /lib/x86_64-linux-gnu/ld-2.17.so
7fffa2204000-7fffa2225000 rw-p 00000000 00:00 0                          [stack]
7fffa22fa000-7fffa22fc000 r-xp 00000000 00:00 0                          [vdso]
ffffffffff600000-ffffffffff601000 r-xp 00000000 00:00 0                  [vsyscall]

VM Arguments:
jvm_args: -Djdk.home= -Djruby.home=/home/luis/.rbenv/versions/jruby-1.7.10 -Djruby.script=jruby -Djruby.shell=/bin/sh -Djffi.boot.library.path=/home/luis/.rbenv/versions/jruby-1.7.10/lib/jni:/home/luis/.rbenv/versions/jruby-1.7.10/lib/jni/arm-Linux:/home/luis/.rbenv/versions/jruby-1.7.10/lib/jni/x86_64-Linux:/home/luis/.rbenv/versions/jruby-1.7.10/lib/jni/i386-Linux -Xmx500m -Xss2048k -Xbootclasspath/a:/home/luis/.rbenv/versions/jruby-1.7.10/lib/jruby.jar 
java_command: org/jruby/Main Makefile.rb clean compile test
Launcher Type: SUN_STANDARD

Environment Variables:
PATH=/home/luis/.rbenv/versions/jruby-1.7.10/bin:/home/luis/.rbenv/libexec:/home/luis/.rbenv/plugins/ruby-build/bin:/home/luis/.rbenv/shims:~/.rbenv/bin:~/.rbenv/bin:/usr/local/sbin:/usr/local/bin:/usr/sbin:/usr/bin:/sbin:/bin:/usr/games:/usr/local/games
USERNAME=luis
SHELL=/bin/bash
DISPLAY=:0

Signal Handlers:
SIGSEGV: [libjvm.so+0x916ea0], sa_mask[0]=0x7ffbfeff, sa_flags=0x10000004
SIGBUS: [libjvm.so+0x916ea0], sa_mask[0]=0x7ffbfeff, sa_flags=0x10000004
SIGFPE: [libjvm.so+0x794800], sa_mask[0]=0x7ffbfeff, sa_flags=0x10000004
SIGPIPE: [libjvm.so+0x794800], sa_mask[0]=0x7ffbfeff, sa_flags=0x10000004
SIGXFSZ: [libjvm.so+0x794800], sa_mask[0]=0x7ffbfeff, sa_flags=0x10000004
SIGILL: [libjvm.so+0x794800], sa_mask[0]=0x7ffbfeff, sa_flags=0x10000004
SIGUSR1: SIG_DFL, sa_mask[0]=0x00000000, sa_flags=0x00000000
SIGUSR2: [libjvm.so+0x7946a0], sa_mask[0]=0x00000000, sa_flags=0x10000004
SIGHUP: [libjvm.so+0x794880], sa_mask[0]=0x7ffbfeff, sa_flags=0x10000004
SIGINT: [libjvm.so+0x794880], sa_mask[0]=0x7ffbfeff, sa_flags=0x10000004
SIGTERM: [libjvm.so+0x794880], sa_mask[0]=0x7ffbfeff, sa_flags=0x10000004
SIGQUIT: [libjvm.so+0x794880], sa_mask[0]=0x7ffbfeff, sa_flags=0x10000004


---------------  S Y S T E M  ---------------

OS:LinuxMint 16 (petra)
uname:Linux 3.11.0-12-generic #19-Ubuntu SMP Wed Oct 9 16:20:46 UTC 2013 x86_64
libc:glibc 2.17 NPTL 2.17 
rlimit: STACK 8192k, CORE 0k, NPROC 29806, NOFILE 4096, AS infinity
load average:0,29 0,22 0,17

/proc/meminfo:
MemTotal:        3844532 kB
MemFree:         2821132 kB
Buffers:           55132 kB
Cached:           520012 kB
SwapCached:            0 kB
Active:           508452 kB
Inactive:         407860 kB
Active(anon):     342100 kB
Inactive(anon):   116208 kB
Active(file):     166352 kB
Inactive(file):   291652 kB
Unevictable:           0 kB
Mlocked:               0 kB
SwapTotal:       3987452 kB
SwapFree:        3987452 kB
Dirty:               180 kB
Writeback:             0 kB
AnonPages:        341088 kB
Mapped:            89196 kB
Shmem:            117144 kB
Slab:              47608 kB
SReclaimable:      27404 kB
SUnreclaim:        20204 kB
KernelStack:        2728 kB
PageTables:        14572 kB
NFS_Unstable:          0 kB
Bounce:                0 kB
WritebackTmp:          0 kB
CommitLimit:     5909716 kB
Committed_AS:    1543188 kB
VmallocTotal:   34359738367 kB
VmallocUsed:      348004 kB
VmallocChunk:   34359386120 kB
HardwareCorrupted:     0 kB
AnonHugePages:         0 kB
HugePages_Total:       0
HugePages_Free:        0
HugePages_Rsvd:        0
HugePages_Surp:        0
Hugepagesize:       2048 kB
DirectMap4k:       58612 kB
DirectMap2M:     3930112 kB


CPU:total 4 (2 cores per cpu, 2 threads per core) family 6 model 37 stepping 5, cmov, cx8, fxsr, mmx, sse, sse2, sse3, ssse3, sse4.1, sse4.2, popcnt, ht, tsc, tscinvbit

/proc/cpuinfo:
processor	: 0
vendor_id	: GenuineIntel
cpu family	: 6
model		: 37
model name	: Intel(R) Core(TM) i5 CPU       M 460  @ 2.53GHz
stepping	: 5
microcode	: 0x2
cpu MHz		: 2534.000
cache size	: 3072 KB
physical id	: 0
siblings	: 4
core id		: 0
cpu cores	: 2
apicid		: 0
initial apicid	: 0
fpu		: yes
fpu_exception	: yes
cpuid level	: 11
wp		: yes
flags		: fpu vme de pse tsc msr pae mce cx8 apic sep mtrr pge mca cmov pat pse36 clflush dts acpi mmx fxsr sse sse2 ss ht tm pbe syscall nx rdtscp lm constant_tsc arch_perfmon pebs bts rep_good nopl xtopology nonstop_tsc aperfmperf pni dtes64 monitor ds_cpl vmx est tm2 ssse3 cx16 xtpr pdcm pcid sse4_1 sse4_2 popcnt lahf_lm ida arat dtherm tpr_shadow vnmi flexpriority ept vpid
bogomips	: 5066.78
clflush size	: 64
cache_alignment	: 64
address sizes	: 36 bits physical, 48 bits virtual
power management:

processor	: 1
vendor_id	: GenuineIntel
cpu family	: 6
model		: 37
model name	: Intel(R) Core(TM) i5 CPU       M 460  @ 2.53GHz
stepping	: 5
microcode	: 0x2
cpu MHz		: 2534.000
cache size	: 3072 KB
physical id	: 0
siblings	: 4
core id		: 0
cpu cores	: 2
apicid		: 1
initial apicid	: 1
fpu		: yes
fpu_exception	: yes
cpuid level	: 11
wp		: yes
flags		: fpu vme de pse tsc msr pae mce cx8 apic sep mtrr pge mca cmov pat pse36 clflush dts acpi mmx fxsr sse sse2 ss ht tm pbe syscall nx rdtscp lm constant_tsc arch_perfmon pebs bts rep_good nopl xtopology nonstop_tsc aperfmperf pni dtes64 monitor ds_cpl vmx est tm2 ssse3 cx16 xtpr pdcm pcid sse4_1 sse4_2 popcnt lahf_lm ida arat dtherm tpr_shadow vnmi flexpriority ept vpid
bogomips	: 5066.78
clflush size	: 64
cache_alignment	: 64
address sizes	: 36 bits physical, 48 bits virtual
power management:

processor	: 2
vendor_id	: GenuineIntel
cpu family	: 6
model		: 37
model name	: Intel(R) Core(TM) i5 CPU       M 460  @ 2.53GHz
stepping	: 5
microcode	: 0x2
cpu MHz		: 1199.000
cache size	: 3072 KB
physical id	: 0
siblings	: 4
core id		: 2
cpu cores	: 2
apicid		: 4
initial apicid	: 4
fpu		: yes
fpu_exception	: yes
cpuid level	: 11
wp		: yes
flags		: fpu vme de pse tsc msr pae mce cx8 apic sep mtrr pge mca cmov pat pse36 clflush dts acpi mmx fxsr sse sse2 ss ht tm pbe syscall nx rdtscp lm constant_tsc arch_perfmon pebs bts rep_good nopl xtopology nonstop_tsc aperfmperf pni dtes64 monitor ds_cpl vmx est tm2 ssse3 cx16 xtpr pdcm pcid sse4_1 sse4_2 popcnt lahf_lm ida arat dtherm tpr_shadow vnmi flexpriority ept vpid
bogomips	: 5066.78
clflush size	: 64
cache_alignment	: 64
address sizes	: 36 bits physical, 48 bits virtual
power management:

processor	: 3
vendor_id	: GenuineIntel
cpu family	: 6
model		: 37
model name	: Intel(R) Core(TM) i5 CPU       M 460  @ 2.53GHz
stepping	: 5
microcode	: 0x2
cpu MHz		: 2534.000
cache size	: 3072 KB
physical id	: 0
siblings	: 4
core id		: 2
cpu cores	: 2
apicid		: 5
initial apicid	: 5
fpu		: yes
fpu_exception	: yes
cpuid level	: 11
wp		: yes
flags		: fpu vme de pse tsc msr pae mce cx8 apic sep mtrr pge mca cmov pat pse36 clflush dts acpi mmx fxsr sse sse2 ss ht tm pbe syscall nx rdtscp lm constant_tsc arch_perfmon pebs bts rep_good nopl xtopology nonstop_tsc aperfmperf pni dtes64 monitor ds_cpl vmx est tm2 ssse3 cx16 xtpr pdcm pcid sse4_1 sse4_2 popcnt lahf_lm ida arat dtherm tpr_shadow vnmi flexpriority ept vpid
bogomips	: 5066.78
clflush size	: 64
cache_alignment	: 64
address sizes	: 36 bits physical, 48 bits virtual
power management:



Memory: 4k page, physical 3844532k(2821132k free), swap 3987452k(3987452k free)

vm_info: OpenJDK 64-Bit Server VM (24.45-b08) for linux-amd64 JRE (1.7.0_51-b00), built on Jan 15 2014 22:02:57 by "buildd" with gcc 4.8.1

time: Mon Apr  7 11:28:39 2014
elapsed time: 4 seconds

