#
# A fatal error has been detected by the Java Runtime Environment:
#
#  SIGSEGV (0xb) at pc=0x00007f7fd5a94bc3, pid=2203, tid=140187334661888
#
# JRE version: OpenJDK Runtime Environment (7.0_51) (build 1.7.0_51-b00)
# Java VM: OpenJDK 64-Bit Server VM (24.45-b08 mixed mode linux-amd64 compressed oops)
# Problematic frame:
# C  [libconvex_hull.so+0xbc3]  adentro+0x89
#
# Failed to write core dump. Core dumps have been disabled. To enable core dumping, try "ulimit -c unlimited" before starting Java again
#
# If you would like to submit a bug report, please include
# instructions on how to reproduce the bug and visit:
#   http://icedtea.classpath.org/bugzilla
# The crash happened outside the Java Virtual Machine in native code.
# See problematic frame for where to report the bug.
#

---------------  T H R E A D  ---------------

Current thread (0x00007f7fe400a800):  JavaThread "main" [_thread_in_native, id=2228, stack(0x00007f7fe828d000,0x00007f7fe848e000)]

siginfo:si_signo=SIGSEGV: si_errno=0, si_code=1 (SEGV_MAPERR), si_addr=0x0000000000000000

Registers:
RAX=0x0000000000000000, RBX=0x00000000d79ca640, RCX=0x00007f7fe4000020, RDX=0x00007f7fe44d2f80
RSP=0x00007f7fe848aba0, RBP=0x00007f7fe848abd0, RSI=0x00007f7fe44d2f80, RDI=0x00007f7fe44d3140
R8 =0x00007f7fe44ce1f0, R9 =0x00000000f6112da0, R10=0x00007f7fe848a980, R11=0x00007f7fd5a94b3a
R12=0x0000000000000000, R13=0x00000000d79ca640, R14=0x00007f7fe848ad30, R15=0x00007f7fe400a800
RIP=0x00007f7fd5a94bc3, EFLAGS=0x0000000000010297, CSGSFS=0x0000000000000033, ERR=0x0000000000000004
  TRAPNO=0x000000000000000e

Top of Stack: (sp=0x00007f7fe848aba0)
0x00007f7fe848aba0:   00007f7fe44d2f80 00007f7fe44d3140
0x00007f7fe848abb0:   00007f7f00000001 0000000000000000
0x00007f7fe848abc0:   00000000f6112da0 00007f7fe44c9df0
0x00007f7fe848abd0:   00007f7fe848ac40 00007f7fd5a95666
0x00007f7fe848abe0:   00007f7fe0313954 00007f7fe44d1d40
0x00007f7fe848abf0:   00000000f659c680 00007f7fe44d3140
0x00007f7fe848ac00:   00007f7fe44d3120 00007f7fe44ce2a0
0x00007f7fe848ac10:   00007f7fe44ce280 00007f7fe44d2f80
0x00007f7fe848ac20:   00007f7fe44ce260 00007f7fe44ce240
0x00007f7fe848ac30:   00007f7fe44cf060 00007f7fe44ce220
0x00007f7fe848ac40:   00007f7fe4487050 00007f7fd68a7cd9
0x00007f7fe848ac50:   00000000f7a5a740 00000000d79ca640
0x00007f7fe848ac60:   00007f7fe848ace8 00007f7fe018e738
0x00007f7fe848ac70:   00007f7fe848ac70 0000000000000000
0x00007f7fe848ac80:   00007f7fe848ad08 00007f7fe0182233
0x00007f7fe848ac90:   00007f7fe0182233 00000000f7a5a740
0x00007f7fe848aca0:   00000000f659c680 00007f7fe848aca8
0x00007f7fe848acb0:   0000000000000000 00007f7fe848ad30
0x00007f7fe848acc0:   00000000d79d2b68 0000000000000000
0x00007f7fe848acd0:   00000000d79ca640 0000000000000000
0x00007f7fe848ace0:   00007f7fe848ad08 00007f7fe848ad78
0x00007f7fe848acf0:   00007f7fe0182175 00000000e10b8838
0x00007f7fe848ad00:   00007f7fe018acd7 00007f7fe44d1d40
0x00007f7fe848ad10:   00007f7fe0182233 00007f7fd5a955a6
0x00007f7fe848ad20:   00007f7fe848ad80 00007f7fe4487050
0x00007f7fe848ad30:   00007f7fe0182233 00007f7fe848ad38
0x00007f7fe848ad40:   00000000d7ac74a7 00007f7fe848adb0
0x00007f7fe848ad50:   00000000d7ad3700 0000000000000000
0x00007f7fe848ad60:   00000000d7ac74e8 00007f7fe848ad08
0x00007f7fe848ad70:   00007f7fe848ad88 00007f7fe848ae00
0x00007f7fe848ad80:   00007f7fe0182175 00007f7fe44d1d40
0x00007f7fe848ad90:   00000000f659c660 00007f7fd5a955a6 

Instructions: (pc=0x00007f7fd5a94bc3)
0x00007f7fd5a94ba3:   48 8b 40 10 48 89 45 e8 83 45 e0 01 48 8b 45 d8
0x00007f7fd5a94bb3:   8b 40 10 3b 45 e0 7f a3 48 8b 45 d8 48 8b 40 08
0x00007f7fd5a94bc3:   48 8b 00 48 89 45 f0 48 8b 45 d8 48 8b 00 48 8b
0x00007f7fd5a94bd3:   00 48 89 45 f8 48 8b 55 d0 48 8b 4d f8 48 8b 45 

Register to memory mapping:

RAX=0x0000000000000000 is an unknown value
RBX=0x00000000d79ca640 is an oop
{method} 
 - klass: {other class}
RCX=0x00007f7fe4000020 is an unknown value
RDX=0x00007f7fe44d2f80 is an unknown value
RSP=0x00007f7fe848aba0 is pointing into the stack for thread: 0x00007f7fe400a800
RBP=0x00007f7fe848abd0 is pointing into the stack for thread: 0x00007f7fe400a800
RSI=0x00007f7fe44d2f80 is an unknown value
RDI=0x00007f7fe44d3140 is an unknown value
R8 =0x00007f7fe44ce1f0 is an unknown value
R9 =0x00000000f6112da0 is an oop
java.lang.String 
 - klass: 'java/lang/String'
R10=0x00007f7fe848a980 is pointing into the stack for thread: 0x00007f7fe400a800
R11=0x00007f7fd5a94b3a: adentro+0 in lib/libconvex_hull.so at 0x00007f7fd5a94000
R12=0x0000000000000000 is an unknown value
R13=0x00000000d79ca640 is an oop
{method} 
 - klass: {other class}
R14=0x00007f7fe848ad30 is pointing into the stack for thread: 0x00007f7fe400a800
R15=0x00007f7fe400a800 is a thread


Stack: [0x00007f7fe828d000,0x00007f7fe848e000],  sp=0x00007f7fe848aba0,  free space=2038k
Native frames: (J=compiled Java code, j=interpreted, Vv=VM code, C=native code)
C  [libconvex_hull.so+0xbc3]  adentro+0x89
C  [libconvex_hull.so+0x1666]  convex_hull+0xc0

Java frames: (J=compiled Java code, j=interpreted, Vv=VM code)
j  com.kenai.jffi.Foreign.invokeL1(JJJ)J+0
j  com.kenai.jffi.Invoker.invokeL1(Lcom/kenai/jffi/CallContext;JJ)J+7
j  org.jruby.ext.ffi.jffi.NativeInvoker$ffi$1.call(Lorg/jruby/runtime/ThreadContext;Lorg/jruby/runtime/builtin/IRubyObject;Lorg/jruby/RubyModule;Ljava/lang/String;Lorg/jruby/runtime/builtin/IRubyObject;)Lorg/jruby/runtime/builtin/IRubyObject;+76
j  org.jruby.ext.ffi.jffi.JITNativeInvoker.call(Lorg/jruby/runtime/ThreadContext;Lorg/jruby/runtime/builtin/IRubyObject;Lorg/jruby/RubyModule;Ljava/lang/String;[Lorg/jruby/runtime/builtin/IRubyObject;)Lorg/jruby/runtime/builtin/IRubyObject;+92
j  org.jruby.ext.ffi.jffi.NativeInvoker.call(Lorg/jruby/runtime/ThreadContext;Lorg/jruby/runtime/builtin/IRubyObject;Lorg/jruby/RubyModule;Ljava/lang/String;[Lorg/jruby/runtime/builtin/IRubyObject;Lorg/jruby/runtime/Block;)Lorg/jruby/runtime/builtin/IRubyObject;+36
j  org.jruby.ext.ffi.jffi.DefaultMethod.call(Lorg/jruby/runtime/ThreadContext;Lorg/jruby/runtime/builtin/IRubyObject;Lorg/jruby/RubyModule;Ljava/lang/String;[Lorg/jruby/runtime/builtin/IRubyObject;Lorg/jruby/runtime/Block;)Lorg/jruby/runtime/builtin/IRubyObject;+13
j  org.jruby.internal.runtime.methods.DynamicMethod.call(Lorg/jruby/runtime/ThreadContext;Lorg/jruby/runtime/builtin/IRubyObject;Lorg/jruby/RubyModule;Ljava/lang/String;Lorg/jruby/runtime/builtin/IRubyObject;Lorg/jruby/runtime/Block;)Lorg/jruby/runtime/builtin/IRubyObject;+17
j  org.jruby.internal.runtime.methods.DynamicMethod.call(Lorg/jruby/runtime/ThreadContext;Lorg/jruby/runtime/builtin/IRubyObject;Lorg/jruby/RubyModule;Ljava/lang/String;Lorg/jruby/runtime/builtin/IRubyObject;)Lorg/jruby/runtime/builtin/IRubyObject;+11
j  org.jruby.runtime.callsite.CachingCallSite.cacheAndCall(Lorg/jruby/runtime/builtin/IRubyObject;Lorg/jruby/RubyClass;Lorg/jruby/runtime/ThreadContext;Lorg/jruby/runtime/builtin/IRubyObject;Lorg/jruby/runtime/builtin/IRubyObject;)Lorg/jruby/runtime/builtin/IRubyObject;+57
J  org.jruby.runtime.callsite.CachingCallSite.call(Lorg/jruby/runtime/ThreadContext;Lorg/jruby/runtime/builtin/IRubyObject;Lorg/jruby/runtime/builtin/IRubyObject;Lorg/jruby/runtime/builtin/IRubyObject;)Lorg/jruby/runtime/builtin/IRubyObject;
j  org.jruby.ast.CallOneArgNode.interpret(Lorg/jruby/Ruby;Lorg/jruby/runtime/ThreadContext;Lorg/jruby/runtime/builtin/IRubyObject;Lorg/jruby/runtime/Block;)Lorg/jruby/runtime/builtin/IRubyObject;+30
j  org.jruby.ast.LocalAsgnNode.interpret(Lorg/jruby/Ruby;Lorg/jruby/runtime/ThreadContext;Lorg/jruby/runtime/builtin/IRubyObject;Lorg/jruby/runtime/Block;)Lorg/jruby/runtime/builtin/IRubyObject;+30
J  org.jruby.ast.BlockNode.interpret(Lorg/jruby/Ruby;Lorg/jruby/runtime/ThreadContext;Lorg/jruby/runtime/builtin/IRubyObject;Lorg/jruby/runtime/Block;)Lorg/jruby/runtime/builtin/IRubyObject;
j  org.jruby.evaluator.ASTInterpreter.INTERPRET_METHOD(Lorg/jruby/Ruby;Lorg/jruby/runtime/ThreadContext;Ljava/lang/String;ILorg/jruby/RubyModule;Lorg/jruby/ast/Node;Ljava/lang/String;Lorg/jruby/runtime/builtin/IRubyObject;Lorg/jruby/runtime/Block;Z)Lorg/jruby/runtime/builtin/IRubyObject;+30
j  org.jruby.internal.runtime.methods.InterpretedMethod.call(Lorg/jruby/runtime/ThreadContext;Lorg/jruby/runtime/builtin/IRubyObject;Lorg/jruby/RubyModule;Ljava/lang/String;)Lorg/jruby/runtime/builtin/IRubyObject;+80
j  org.jruby.internal.runtime.methods.DefaultMethod.call(Lorg/jruby/runtime/ThreadContext;Lorg/jruby/runtime/builtin/IRubyObject;Lorg/jruby/RubyModule;Ljava/lang/String;)Lorg/jruby/runtime/builtin/IRubyObject;+20
j  org.jruby.runtime.callsite.CachingCallSite.cacheAndCall(Lorg/jruby/runtime/builtin/IRubyObject;Lorg/jruby/RubyClass;Lorg/jruby/runtime/ThreadContext;Lorg/jruby/runtime/builtin/IRubyObject;)Lorg/jruby/runtime/builtin/IRubyObject;+53
j  org.jruby.runtime.callsite.CachingCallSite.call(Lorg/jruby/runtime/ThreadContext;Lorg/jruby/runtime/builtin/IRubyObject;Lorg/jruby/runtime/builtin/IRubyObject;)Lorg/jruby/runtime/builtin/IRubyObject;+46
j  org.jruby.ast.CallNoArgNode.interpret(Lorg/jruby/Ruby;Lorg/jruby/runtime/ThreadContext;Lorg/jruby/runtime/builtin/IRubyObject;Lorg/jruby/runtime/Block;)Lorg/jruby/runtime/builtin/IRubyObject;+18
j  org.jruby.ast.FCallTwoArgNode.interpret(Lorg/jruby/Ruby;Lorg/jruby/runtime/ThreadContext;Lorg/jruby/runtime/builtin/IRubyObject;Lorg/jruby/runtime/Block;)Lorg/jruby/runtime/builtin/IRubyObject;+28
J  org.jruby.ast.NewlineNode.interpret(Lorg/jruby/Ruby;Lorg/jruby/runtime/ThreadContext;Lorg/jruby/runtime/builtin/IRubyObject;Lorg/jruby/runtime/Block;)Lorg/jruby/runtime/builtin/IRubyObject;
j  org.jruby.ast.BlockNode.interpret(Lorg/jruby/Ruby;Lorg/jruby/runtime/ThreadContext;Lorg/jruby/runtime/builtin/IRubyObject;Lorg/jruby/runtime/Block;)Lorg/jruby/runtime/builtin/IRubyObject;+33
j  org.jruby.evaluator.ASTInterpreter.INTERPRET_METHOD(Lorg/jruby/Ruby;Lorg/jruby/runtime/ThreadContext;Ljava/lang/String;ILorg/jruby/RubyModule;Lorg/jruby/ast/Node;Ljava/lang/String;Lorg/jruby/runtime/builtin/IRubyObject;Lorg/jruby/runtime/Block;Z)Lorg/jruby/runtime/builtin/IRubyObject;+30
j  org.jruby.internal.runtime.methods.InterpretedMethod.call(Lorg/jruby/runtime/ThreadContext;Lorg/jruby/runtime/builtin/IRubyObject;Lorg/jruby/RubyModule;Ljava/lang/String;)Lorg/jruby/runtime/builtin/IRubyObject;+80
j  org.jruby.internal.runtime.methods.DefaultMethod.call(Lorg/jruby/runtime/ThreadContext;Lorg/jruby/runtime/builtin/IRubyObject;Lorg/jruby/RubyModule;Ljava/lang/String;)Lorg/jruby/runtime/builtin/IRubyObject;+20
j  org.jruby.runtime.callsite.CachingCallSite.cacheAndCall(Lorg/jruby/runtime/builtin/IRubyObject;Lorg/jruby/RubyClass;Lorg/jruby/runtime/ThreadContext;Lorg/jruby/runtime/builtin/IRubyObject;)Lorg/jruby/runtime/builtin/IRubyObject;+53
j  org.jruby.runtime.callsite.CachingCallSite.call(Lorg/jruby/runtime/ThreadContext;Lorg/jruby/runtime/builtin/IRubyObject;Lorg/jruby/runtime/builtin/IRubyObject;)Lorg/jruby/runtime/builtin/IRubyObject;+46
j  Makefile.method__2$RUBY$test(LMakefile;Lorg/jruby/runtime/ThreadContext;Lorg/jruby/runtime/builtin/IRubyObject;Lorg/jruby/runtime/Block;)Lorg/jruby/runtime/builtin/IRubyObject;+130
j  Makefile$method__2$RUBY$test.call(Lorg/jruby/runtime/ThreadContext;Lorg/jruby/runtime/builtin/IRubyObject;Lorg/jruby/RubyModule;Ljava/lang/String;Lorg/jruby/runtime/Block;)Lorg/jruby/runtime/builtin/IRubyObject;+17
j  org.jruby.RubyClass.finvoke(Lorg/jruby/runtime/ThreadContext;Lorg/jruby/runtime/builtin/IRubyObject;Ljava/lang/String;Lorg/jruby/runtime/Block;)Lorg/jruby/runtime/builtin/IRubyObject;+41
j  org.jruby.RubyBasicObject.send19(Lorg/jruby/runtime/ThreadContext;Lorg/jruby/runtime/builtin/IRubyObject;Lorg/jruby/runtime/Block;)Lorg/jruby/runtime/builtin/IRubyObject;+15
j  org.jruby.RubyKernel.send19(Lorg/jruby/runtime/ThreadContext;Lorg/jruby/runtime/builtin/IRubyObject;Lorg/jruby/runtime/builtin/IRubyObject;Lorg/jruby/runtime/Block;)Lorg/jruby/runtime/builtin/IRubyObject;+7
j  org.jruby.RubyKernel$INVOKER$s$send19.call(Lorg/jruby/runtime/ThreadContext;Lorg/jruby/runtime/builtin/IRubyObject;Lorg/jruby/RubyModule;Ljava/lang/String;Lorg/jruby/runtime/builtin/IRubyObject;Lorg/jruby/runtime/Block;)Lorg/jruby/runtime/builtin/IRubyObject;+6
j  org.jruby.internal.runtime.methods.JavaMethod$JavaMethodOneOrNBlock.call(Lorg/jruby/runtime/ThreadContext;Lorg/jruby/runtime/builtin/IRubyObject;Lorg/jruby/RubyModule;Ljava/lang/String;Lorg/jruby/runtime/builtin/IRubyObject;)Lorg/jruby/runtime/builtin/IRubyObject;+11
j  org.jruby.runtime.callsite.CachingCallSite.call(Lorg/jruby/runtime/ThreadContext;Lorg/jruby/runtime/builtin/IRubyObject;Lorg/jruby/runtime/builtin/IRubyObject;Lorg/jruby/runtime/builtin/IRubyObject;)Lorg/jruby/runtime/builtin/IRubyObject;+38
j  Makefile.block_6$RUBY$__file__(LMakefile;Lorg/jruby/runtime/ThreadContext;Lorg/jruby/runtime/builtin/IRubyObject;[Lorg/jruby/runtime/builtin/IRubyObject;Lorg/jruby/runtime/Block;)Lorg/jruby/runtime/builtin/IRubyObject;+46
j  Makefile$block_6$RUBY$__file__.call(Lorg/jruby/runtime/ThreadContext;Lorg/jruby/runtime/builtin/IRubyObject;[Lorg/jruby/runtime/builtin/IRubyObject;Lorg/jruby/runtime/Block;)Lorg/jruby/runtime/builtin/IRubyObject;+9
j  org.jruby.runtime.CompiledBlock19.yield(Lorg/jruby/runtime/ThreadContext;Lorg/jruby/runtime/builtin/IRubyObject;Lorg/jruby/runtime/Binding;Lorg/jruby/runtime/Block$Type;)Lorg/jruby/runtime/builtin/IRubyObject;+52
j  org.jruby.runtime.Block.yield(Lorg/jruby/runtime/ThreadContext;Lorg/jruby/runtime/builtin/IRubyObject;)Lorg/jruby/runtime/builtin/IRubyObject;+14
j  org.jruby.RubyArray.eachCommon(Lorg/jruby/runtime/ThreadContext;Lorg/jruby/runtime/Block;)Lorg/jruby/runtime/builtin/IRubyObject;+41
j  org.jruby.RubyArray.each(Lorg/jruby/runtime/ThreadContext;Lorg/jruby/runtime/Block;)Lorg/jruby/runtime/builtin/IRubyObject;+10
j  org.jruby.RubyArray$INVOKER$i$0$0$each.call(Lorg/jruby/runtime/ThreadContext;Lorg/jruby/runtime/builtin/IRubyObject;Lorg/jruby/RubyModule;Ljava/lang/String;Lorg/jruby/runtime/Block;)Lorg/jruby/runtime/builtin/IRubyObject;+7
j  org.jruby.runtime.callsite.CachingCallSite.cacheAndCall(Lorg/jruby/runtime/builtin/IRubyObject;Lorg/jruby/RubyClass;Lorg/jruby/runtime/Block;Lorg/jruby/runtime/ThreadContext;Lorg/jruby/runtime/builtin/IRubyObject;)Lorg/jruby/runtime/builtin/IRubyObject;+57
j  org.jruby.runtime.callsite.CachingCallSite.callBlock(Lorg/jruby/runtime/ThreadContext;Lorg/jruby/runtime/builtin/IRubyObject;Lorg/jruby/runtime/builtin/IRubyObject;Lorg/jruby/runtime/Block;)Lorg/jruby/runtime/builtin/IRubyObject;+50
j  org.jruby.runtime.callsite.CachingCallSite.callIter(Lorg/jruby/runtime/ThreadContext;Lorg/jruby/runtime/builtin/IRubyObject;Lorg/jruby/runtime/builtin/IRubyObject;Lorg/jruby/runtime/Block;)Lorg/jruby/runtime/builtin/IRubyObject;+6
j  Makefile.__file__(LMakefile;Lorg/jruby/runtime/ThreadContext;Lorg/jruby/runtime/builtin/IRubyObject;[Lorg/jruby/runtime/builtin/IRubyObject;Lorg/jruby/runtime/Block;)Lorg/jruby/runtime/builtin/IRubyObject;+859
j  Makefile.load(Lorg/jruby/runtime/ThreadContext;Lorg/jruby/runtime/builtin/IRubyObject;Z)Lorg/jruby/runtime/builtin/IRubyObject;+22
j  org.jruby.Ruby.runScript(Lorg/jruby/ast/executable/Script;Z)Lorg/jruby/runtime/builtin/IRubyObject;+12
j  org.jruby.Ruby.runScript(Lorg/jruby/ast/executable/Script;)Lorg/jruby/runtime/builtin/IRubyObject;+3
j  org.jruby.Ruby.runNormally(Lorg/jruby/ast/Node;)Lorg/jruby/runtime/builtin/IRubyObject;+73
j  org.jruby.Ruby.runFromMain(Ljava/io/InputStream;Ljava/lang/String;)V+320
j  org.jruby.Main.doRunFromMain(Lorg/jruby/Ruby;Ljava/io/InputStream;Ljava/lang/String;)Lorg/jruby/Main$Status;+12
j  org.jruby.Main.internalRun()Lorg/jruby/Main$Status;+234
j  org.jruby.Main.run([Ljava/lang/String;)Lorg/jruby/Main$Status;+9
j  org.jruby.Main.main([Ljava/lang/String;)V+35
v  ~StubRoutines::call_stub

---------------  P R O C E S S  ---------------

Java Threads: ( => current thread )
  0x00007f7fe44a9000 JavaThread "JRubyJIT-2" daemon [_thread_blocked, id=2311, stack(0x00007f7fd629d000,0x00007f7fd649e000)]
  0x00007f7fe44a3800 JavaThread "process reaper" daemon [_thread_blocked, id=2244, stack(0x00007f7fdc089000,0x00007f7fdc0c2000)]
  0x00007f7fe448e000 JavaThread "JRubyJIT-1" daemon [_thread_blocked, id=2241, stack(0x00007f7fd669f000,0x00007f7fd68a0000)]
  0x00007f7fe40ad000 JavaThread "Service Thread" daemon [_thread_blocked, id=2239, stack(0x00007f7fdc3da000,0x00007f7fdc5db000)]
  0x00007f7fe40aa800 JavaThread "C2 CompilerThread1" daemon [_thread_blocked, id=2238, stack(0x00007f7fdc5db000,0x00007f7fdc6dc000)]
  0x00007f7fe40a7800 JavaThread "C2 CompilerThread0" daemon [_thread_blocked, id=2237, stack(0x00007f7fdc6dc000,0x00007f7fdc7dd000)]
  0x00007f7fe40a5800 JavaThread "Signal Dispatcher" daemon [_thread_blocked, id=2236, stack(0x00007f7fdc7dd000,0x00007f7fdc9de000)]
  0x00007f7fe4082800 JavaThread "Finalizer" daemon [_thread_blocked, id=2235, stack(0x00007f7fdcdd8000,0x00007f7fdcfd9000)]
  0x00007f7fe4080800 JavaThread "Reference Handler" daemon [_thread_blocked, id=2234, stack(0x00007f7fdcfd9000,0x00007f7fdd1da000)]
=>0x00007f7fe400a800 JavaThread "main" [_thread_in_native, id=2228, stack(0x00007f7fe828d000,0x00007f7fe848e000)]

Other Threads:
  0x00007f7fe407c800 VMThread [stack: 0x00007f7fdd1da000,0x00007f7fdd2db000] [id=2233]
  0x00007f7fe40b7800 WatcherThread [stack: 0x00007f7fdc2d9000,0x00007f7fdc3da000] [id=2240]

VM state:not at safepoint (normal execution)

VM Mutex/Monitor currently owned by a thread: None

Heap
 PSYoungGen      total 33280K, used 15583K [0x00000000f5900000, 0x00000000f7c00000, 0x0000000100000000)
  eden space 30720K, 42% used [0x00000000f5900000,0x00000000f65ba6e8,0x00000000f7700000)
  from space 2560K, 99% used [0x00000000f7980000,0x00000000f7bfd528,0x00000000f7c00000)
  to   space 2560K, 0% used [0x00000000f7700000,0x00000000f7700000,0x00000000f7980000)
 ParOldGen       total 39936K, used 5220K [0x00000000e0c00000, 0x00000000e3300000, 0x00000000f5900000)
  object space 39936K, 13% used [0x00000000e0c00000,0x00000000e1119360,0x00000000e3300000)
 PSPermGen       total 25600K, used 25434K [0x00000000d6600000, 0x00000000d7f00000, 0x00000000e0c00000)
  object space 25600K, 99% used [0x00000000d6600000,0x00000000d7ed6ad0,0x00000000d7f00000)

Card table byte_map: [0x00007f7fe002e000,0x00007f7fe017c000] byte_map_base: 0x00007f7fdf97b000

Polling page: 0x00007f7fea89b000

Code Cache  [0x00007f7fe017c000, 0x00007f7fe03ec000, 0x00007f7fe317c000)
 total_blobs=825 nmethods=346 adapters=433 free_code_cache=47548Kb largest_free_block=48660416

Compilation events (10 events):
Event: 3,557 Thread 0x00007f7fe40a7800  349             org.jruby.ast.LocalVarNode::interpret (32 bytes)
Event: 3,558 Thread 0x00007f7fe40a7800 nmethod 349 0x00007f7fe030e350 code [0x00007f7fe030e4a0, 0x00007f7fe030e598]
Event: 3,590 Thread 0x00007f7fe40aa800  350             org.jruby.ext.ffi.MemoryObject::getMemoryIO (19 bytes)
Event: 3,590 Thread 0x00007f7fe40aa800 nmethod 350 0x00007f7fe03134d0 code [0x00007f7fe0313600, 0x00007f7fe0313678]
Event: 3,591 Thread 0x00007f7fe40a7800  351             org.jruby.runtime.opto.ObjectIdentityInvalidator::getData (5 bytes)
Event: 3,592 Thread 0x00007f7fe40a7800 nmethod 351 0x00007f7fe0309ad0 code [0x00007f7fe0309c00, 0x00007f7fe0309c58]
Event: 3,594 Thread 0x00007f7fe40aa800  352             org.jruby.runtime.ThreadContext::pollThreadEvents (9 bytes)
Event: 3,596 Thread 0x00007f7fe40aa800 nmethod 352 0x00007f7fe0313150 code [0x00007f7fe03132a0, 0x00007f7fe0313398]
Event: 3,600 Thread 0x00007f7fe40a7800  353             org.jruby.runtime.opto.ConstantCache::isCached (33 bytes)
Event: 3,600 Thread 0x00007f7fe40a7800 nmethod 353 0x00007f7fe0312e50 code [0x00007f7fe0312fa0, 0x00007f7fe0313058]

GC Heap History (4 events):
Event: 1,261 GC heap before
{Heap before GC invocations=1 (full 0):
 PSYoungGen      total 17920K, used 15360K [0x00000000f5900000, 0x00000000f6d00000, 0x0000000100000000)
  eden space 15360K, 100% used [0x00000000f5900000,0x00000000f6800000,0x00000000f6800000)
  from space 2560K, 0% used [0x00000000f6a80000,0x00000000f6a80000,0x00000000f6d00000)
  to   space 2560K, 0% used [0x00000000f6800000,0x00000000f6800000,0x00000000f6a80000)
 ParOldGen       total 39936K, used 0K [0x00000000e0c00000, 0x00000000e3300000, 0x00000000f5900000)
  object space 39936K, 0% used [0x00000000e0c00000,0x00000000e0c00000,0x00000000e3300000)
 PSPermGen       total 21504K, used 19066K [0x00000000d6600000, 0x00000000d7b00000, 0x00000000e0c00000)
  object space 21504K, 88% used [0x00000000d6600000,0x00000000d789eba0,0x00000000d7b00000)
Event: 1,275 GC heap after
Heap after GC invocations=1 (full 0):
 PSYoungGen      total 17920K, used 2549K [0x00000000f5900000, 0x00000000f7c00000, 0x0000000100000000)
  eden space 15360K, 0% used [0x00000000f5900000,0x00000000f5900000,0x00000000f6800000)
  from space 2560K, 99% used [0x00000000f6800000,0x00000000f6a7d4d8,0x00000000f6a80000)
  to   space 2560K, 0% used [0x00000000f7980000,0x00000000f7980000,0x00000000f7c00000)
 ParOldGen       total 39936K, used 3271K [0x00000000e0c00000, 0x00000000e3300000, 0x00000000f5900000)
  object space 39936K, 8% used [0x00000000e0c00000,0x00000000e0f31fb8,0x00000000e3300000)
 PSPermGen       total 21504K, used 19066K [0x00000000d6600000, 0x00000000d7b00000, 0x00000000e0c00000)
  object space 21504K, 88% used [0x00000000d6600000,0x00000000d789eba0,0x00000000d7b00000)
}
Event: 2,324 GC heap before
{Heap before GC invocations=2 (full 0):
 PSYoungGen      total 17920K, used 17909K [0x00000000f5900000, 0x00000000f7c00000, 0x0000000100000000)
  eden space 15360K, 100% used [0x00000000f5900000,0x00000000f6800000,0x00000000f6800000)
  from space 2560K, 99% used [0x00000000f6800000,0x00000000f6a7d4d8,0x00000000f6a80000)
  to   space 2560K, 0% used [0x00000000f7980000,0x00000000f7980000,0x00000000f7c00000)
 ParOldGen       total 39936K, used 3271K [0x00000000e0c00000, 0x00000000e3300000, 0x00000000f5900000)
  object space 39936K, 8% used [0x00000000e0c00000,0x00000000e0f31fb8,0x00000000e3300000)
 PSPermGen       total 23552K, used 23549K [0x00000000d6600000, 0x00000000d7d00000, 0x00000000e0c00000)
  object space 23552K, 99% used [0x00000000d6600000,0x00000000d7cff610,0x00000000d7d00000)
Event: 2,364 GC heap after
Heap after GC invocations=2 (full 0):
 PSYoungGen      total 33280K, used 2549K [0x00000000f5900000, 0x00000000f7c00000, 0x0000000100000000)
  eden space 30720K, 0% used [0x00000000f5900000,0x00000000f5900000,0x00000000f7700000)
  from space 2560K, 99% used [0x00000000f7980000,0x00000000f7bfd528,0x00000000f7c00000)
  to   space 2560K, 0% used [0x00000000f7700000,0x00000000f7700000,0x00000000f7980000)
 ParOldGen       total 39936K, used 5220K [0x00000000e0c00000, 0x00000000e3300000, 0x00000000f5900000)
  object space 39936K, 13% used [0x00000000e0c00000,0x00000000e1119360,0x00000000e3300000)
 PSPermGen       total 23552K, used 23549K [0x00000000d6600000, 0x00000000d7d00000, 0x00000000e0c00000)
  object space 23552K, 99% used [0x00000000d6600000,0x00000000d7cff610,0x00000000d7d00000)
}

Deoptimization events (10 events):
Event: 2,191 Thread 0x00007f7fe400a800 Uncommon trap: reason=class_check action=maybe_recompile pc=0x00007f7fe02139f4 method=java.util.concurrent.ConcurrentHashMap$Segment.put(Ljava/lang/Object;ILjava/lang/Object;Z)Ljava/lang/Object; @ 77
Event: 2,204 Thread 0x00007f7fe400a800 Uncommon trap: reason=class_check action=maybe_recompile pc=0x00007f7fe02139f4 method=java.util.concurrent.ConcurrentHashMap$Segment.put(Ljava/lang/Object;ILjava/lang/Object;Z)Ljava/lang/Object; @ 77
Event: 2,222 Thread 0x00007f7fe44a4800 Uncommon trap: reason=null_check action=make_not_entrant pc=0x00007f7fe02a966c method=org.jruby.internal.runtime.ThreadService.getCurrentContext()Lorg/jruby/runtime/ThreadContext; @ 15
Event: 3,195 Thread 0x00007f7fe400a800 Uncommon trap: reason=unreached action=reinterpret pc=0x00007f7fe0211e34 method=java.util.concurrent.locks.AbstractQueuedSynchronizer.release(I)Z @ 14
Event: 3,195 Thread 0x00007f7fe448e000 Uncommon trap: reason=unreached action=reinterpret pc=0x00007f7fe021240c method=java.util.concurrent.locks.AbstractQueuedSynchronizer.release(I)Z @ 14
Event: 3,217 Thread 0x00007f7fe400a800 Uncommon trap: reason=unreached action=reinterpret pc=0x00007f7fe0286b28 method=org.jruby.parser.ParserSupport.checkExpression(Lorg/jruby/ast/Node;)Z @ 3
Event: 3,546 Thread 0x00007f7fe400a800 Uncommon trap: reason=bimorphic action=maybe_recompile pc=0x00007f7fe030a3c8 method=org.jruby.runtime.scope.OneVarDynamicScope.getValue(II)Lorg/jruby/runtime/builtin/IRubyObject; @ 12
Event: 3,546 Thread 0x00007f7fe400a800 Uncommon trap: reason=bimorphic action=maybe_recompile pc=0x00007f7fe030a3c8 method=org.jruby.runtime.scope.OneVarDynamicScope.getValue(II)Lorg/jruby/runtime/builtin/IRubyObject; @ 12
Event: 3,546 Thread 0x00007f7fe400a800 Uncommon trap: reason=bimorphic action=maybe_recompile pc=0x00007f7fe030a3c8 method=org.jruby.runtime.scope.OneVarDynamicScope.getValue(II)Lorg/jruby/runtime/builtin/IRubyObject; @ 12
Event: 3,546 Thread 0x00007f7fe400a800 Uncommon trap: reason=bimorphic action=maybe_recompile pc=0x00007f7fe030a3c8 method=org.jruby.runtime.scope.OneVarDynamicScope.getValue(II)Lorg/jruby/runtime/builtin/IRubyObject; @ 12

Internal exceptions (10 events):
Event: 3,196 Thread 0x00007f7fe448e000 Threw 0x00000000f6203648 at /build/buildd/openjdk-7-7u51-2.4.4/build/openjdk/hotspot/src/share/vm/prims/jvm.cpp:1244
Event: 3,196 Thread 0x00007f7fe448e000 Threw 0x00000000f62046b8 at /build/buildd/openjdk-7-7u51-2.4.4/build/openjdk/hotspot/src/share/vm/prims/jvm.cpp:1244
Event: 3,360 Thread 0x00007f7fe44a9000 Threw 0x00000000f61f5e00 at /build/buildd/openjdk-7-7u51-2.4.4/build/openjdk/hotspot/src/share/vm/prims/jvm.cpp:1244
Event: 3,360 Thread 0x00007f7fe44a9000 Threw 0x00000000f61f6ea0 at /build/buildd/openjdk-7-7u51-2.4.4/build/openjdk/hotspot/src/share/vm/prims/jvm.cpp:1244
Event: 3,424 Thread 0x00007f7fe448e000 Threw 0x00000000f6243d20 at /build/buildd/openjdk-7-7u51-2.4.4/build/openjdk/hotspot/src/share/vm/prims/jvm.cpp:1244
Event: 3,424 Thread 0x00007f7fe448e000 Threw 0x00000000f6244e20 at /build/buildd/openjdk-7-7u51-2.4.4/build/openjdk/hotspot/src/share/vm/prims/jvm.cpp:1244
Event: 3,425 Thread 0x00007f7fe44a9000 Threw 0x00000000f6408a70 at /build/buildd/openjdk-7-7u51-2.4.4/build/openjdk/hotspot/src/share/vm/prims/jvm.cpp:1244
Event: 3,425 Thread 0x00007f7fe44a9000 Threw 0x00000000f6409b70 at /build/buildd/openjdk-7-7u51-2.4.4/build/openjdk/hotspot/src/share/vm/prims/jvm.cpp:1244
Event: 3,429 Thread 0x00007f7fe448e000 Threw 0x00000000f64453b0 at /build/buildd/openjdk-7-7u51-2.4.4/build/openjdk/hotspot/src/share/vm/prims/jvm.cpp:1244
Event: 3,429 Thread 0x00007f7fe448e000 Threw 0x00000000f6446558 at /build/buildd/openjdk-7-7u51-2.4.4/build/openjdk/hotspot/src/share/vm/prims/jvm.cpp:1244

Events (10 events):
Event: 3,546 Thread 0x00007f7fe400a800 DEOPT UNPACKING pc=0x00007f7fe01b5045 sp=0x00007f7fe848a6d8 mode 2
Event: 3,546 Thread 0x00007f7fe400a800 Uncommon trap: trap_request=0xffffffc6 fr.pc=0x00007f7fe030a3c8
Event: 3,546 Thread 0x00007f7fe400a800 DEOPT PACKING pc=0x00007f7fe030a3c8 sp=0x00007f7fe848a720
Event: 3,546 Thread 0x00007f7fe400a800 DEOPT UNPACKING pc=0x00007f7fe01b5045 sp=0x00007f7fe848a6d8 mode 2
Event: 3,546 Thread 0x00007f7fe400a800 Uncommon trap: trap_request=0xffffffc6 fr.pc=0x00007f7fe030a3c8
Event: 3,546 Thread 0x00007f7fe400a800 DEOPT PACKING pc=0x00007f7fe030a3c8 sp=0x00007f7fe848a720
Event: 3,546 Thread 0x00007f7fe400a800 DEOPT UNPACKING pc=0x00007f7fe01b5045 sp=0x00007f7fe848a6d8 mode 2
Event: 3,546 Thread 0x00007f7fe400a800 Uncommon trap: trap_request=0xffffffc6 fr.pc=0x00007f7fe030a3c8
Event: 3,546 Thread 0x00007f7fe400a800 DEOPT PACKING pc=0x00007f7fe030a3c8 sp=0x00007f7fe848a720
Event: 3,546 Thread 0x00007f7fe400a800 DEOPT UNPACKING pc=0x00007f7fe01b5045 sp=0x00007f7fe848a6d8 mode 2


Dynamic libraries:
00400000-00401000 r-xp 00000000 08:05 12322450                           /usr/lib/jvm/java-7-openjdk-amd64/jre/bin/java
00600000-00601000 r--p 00000000 08:05 12322450                           /usr/lib/jvm/java-7-openjdk-amd64/jre/bin/java
00601000-00602000 rw-p 00001000 08:05 12322450                           /usr/lib/jvm/java-7-openjdk-amd64/jre/bin/java
023d4000-023f5000 rw-p 00000000 00:00 0                                  [heap]
d6600000-d7f00000 rw-p 00000000 00:00 0 
d7f00000-e0c00000 rw-p 00000000 00:00 0 
e0c00000-e3300000 rw-p 00000000 00:00 0 
e3300000-f5900000 rw-p 00000000 00:00 0 
f5900000-f7c00000 rw-p 00000000 00:00 0 
f7c00000-100000000 rw-p 00000000 00:00 0 
7f7f90000000-7f7f90021000 rw-p 00000000 00:00 0 
7f7f90021000-7f7f94000000 ---p 00000000 00:00 0 
7f7f98000000-7f7f98021000 rw-p 00000000 00:00 0 
7f7f98021000-7f7f9c000000 ---p 00000000 00:00 0 
7f7f9c000000-7f7f9c021000 rw-p 00000000 00:00 0 
7f7f9c021000-7f7fa0000000 ---p 00000000 00:00 0 
7f7fa0000000-7f7fa0027000 rw-p 00000000 00:00 0 
7f7fa0027000-7f7fa4000000 ---p 00000000 00:00 0 
7f7fa4000000-7f7fa4021000 rw-p 00000000 00:00 0 
7f7fa4021000-7f7fa8000000 ---p 00000000 00:00 0 
7f7fa8000000-7f7fa8021000 rw-p 00000000 00:00 0 
7f7fa8021000-7f7fac000000 ---p 00000000 00:00 0 
7f7fac000000-7f7fac021000 rw-p 00000000 00:00 0 
7f7fac021000-7f7fb0000000 ---p 00000000 00:00 0 
7f7fb0000000-7f7fb0e4b000 rw-p 00000000 00:00 0 
7f7fb0e4b000-7f7fb4000000 ---p 00000000 00:00 0 
7f7fb4000000-7f7fb4daa000 rw-p 00000000 00:00 0 
7f7fb4daa000-7f7fb8000000 ---p 00000000 00:00 0 
7f7fb8000000-7f7fb8021000 rw-p 00000000 00:00 0 
7f7fb8021000-7f7fbc000000 ---p 00000000 00:00 0 
7f7fbc000000-7f7fbc021000 rw-p 00000000 00:00 0 
7f7fbc021000-7f7fc0000000 ---p 00000000 00:00 0 
7f7fc0000000-7f7fc0021000 rw-p 00000000 00:00 0 
7f7fc0021000-7f7fc4000000 ---p 00000000 00:00 0 
7f7fc4000000-7f7fc4021000 rw-p 00000000 00:00 0 
7f7fc4021000-7f7fc8000000 ---p 00000000 00:00 0 
7f7fc8000000-7f7fc8021000 rw-p 00000000 00:00 0 
7f7fc8021000-7f7fcc000000 ---p 00000000 00:00 0 
7f7fcc000000-7f7fcc021000 rw-p 00000000 00:00 0 
7f7fcc021000-7f7fd0000000 ---p 00000000 00:00 0 
7f7fd0000000-7f7fd0021000 rw-p 00000000 00:00 0 
7f7fd0021000-7f7fd4000000 ---p 00000000 00:00 0 
7f7fd5a94000-7f7fd5a96000 r-xp 00000000 08:05 16778211                   /home/luis/practica01/src/lib/libconvex_hull.so
7f7fd5a96000-7f7fd5c95000 ---p 00002000 08:05 16778211                   /home/luis/practica01/src/lib/libconvex_hull.so
7f7fd5c95000-7f7fd5c96000 r--p 00001000 08:05 16778211                   /home/luis/practica01/src/lib/libconvex_hull.so
7f7fd5c96000-7f7fd5c97000 rw-p 00002000 08:05 16778211                   /home/luis/practica01/src/lib/libconvex_hull.so
7f7fd5c97000-7f7fd5c99000 r-xp 00000000 08:05 16778162                   /home/luis/practica01/src/lib/libdouble_linked_list.so
7f7fd5c99000-7f7fd5e98000 ---p 00002000 08:05 16778162                   /home/luis/practica01/src/lib/libdouble_linked_list.so
7f7fd5e98000-7f7fd5e99000 r--p 00001000 08:05 16778162                   /home/luis/practica01/src/lib/libdouble_linked_list.so
7f7fd5e99000-7f7fd5e9a000 rw-p 00002000 08:05 16778162                   /home/luis/practica01/src/lib/libdouble_linked_list.so
7f7fd5e9a000-7f7fd5e9b000 r-xp 00000000 08:05 16777925                   /home/luis/practica01/src/lib/lib2d_points.so
7f7fd5e9b000-7f7fd609a000 ---p 00001000 08:05 16777925                   /home/luis/practica01/src/lib/lib2d_points.so
7f7fd609a000-7f7fd609b000 r--p 00000000 08:05 16777925                   /home/luis/practica01/src/lib/lib2d_points.so
7f7fd609b000-7f7fd609c000 rw-p 00001000 08:05 16777925                   /home/luis/practica01/src/lib/lib2d_points.so
7f7fd609c000-7f7fd609f000 ---p 00000000 00:00 0 
7f7fd609f000-7f7fd629d000 rw-p 00000000 00:00 0 
7f7fd629d000-7f7fd62a0000 ---p 00000000 00:00 0 
7f7fd62a0000-7f7fd649e000 rw-p 00000000 00:00 0                          [stack:2311]
7f7fd649e000-7f7fd64a1000 ---p 00000000 00:00 0 
7f7fd64a1000-7f7fd669f000 rw-p 00000000 00:00 0 
7f7fd669f000-7f7fd66a2000 ---p 00000000 00:00 0 
7f7fd66a2000-7f7fd68a0000 rw-p 00000000 00:00 0                          [stack:2241]
7f7fd68a0000-7f7fd68b2000 r-xp 00000000 08:05 16253453                   /home/luis/.rbenv/versions/jruby-1.7.10/lib/jni/x86_64-Linux/libjffi-1.2.so
7f7fd68b2000-7f7fd6ab1000 ---p 00012000 08:05 16253453                   /home/luis/.rbenv/versions/jruby-1.7.10/lib/jni/x86_64-Linux/libjffi-1.2.so
7f7fd6ab1000-7f7fd6ab2000 rw-p 00011000 08:05 16253453                   /home/luis/.rbenv/versions/jruby-1.7.10/lib/jni/x86_64-Linux/libjffi-1.2.so
7f7fd6ab2000-7f7fd6ac2000 r-xp 00000000 08:05 12322344                   /usr/lib/jvm/java-7-openjdk-amd64/jre/lib/amd64/libnio.so
7f7fd6ac2000-7f7fd6cc2000 ---p 00010000 08:05 12322344                   /usr/lib/jvm/java-7-openjdk-amd64/jre/lib/amd64/libnio.so
7f7fd6cc2000-7f7fd6cc3000 r--p 00010000 08:05 12322344                   /usr/lib/jvm/java-7-openjdk-amd64/jre/lib/amd64/libnio.so
7f7fd6cc3000-7f7fd6cc4000 rw-p 00011000 08:05 12322344                   /usr/lib/jvm/java-7-openjdk-amd64/jre/lib/amd64/libnio.so
7f7fd6cc4000-7f7fd6d01000 r-xp 00000000 08:05 9834371                    /lib/x86_64-linux-gnu/libpcre.so.3.13.1
7f7fd6d01000-7f7fd6f01000 ---p 0003d000 08:05 9834371                    /lib/x86_64-linux-gnu/libpcre.so.3.13.1
7f7fd6f01000-7f7fd6f02000 r--p 0003d000 08:05 9834371                    /lib/x86_64-linux-gnu/libpcre.so.3.13.1
7f7fd6f02000-7f7fd6f03000 rw-p 0003e000 08:05 9834371                    /lib/x86_64-linux-gnu/libpcre.so.3.13.1
7f7fd6f03000-7f7fd6f0a000 r-xp 00000000 08:05 12196946                   /usr/lib/x86_64-linux-gnu/libffi.so.6.0.1
7f7fd6f0a000-7f7fd7109000 ---p 00007000 08:05 12196946                   /usr/lib/x86_64-linux-gnu/libffi.so.6.0.1
7f7fd7109000-7f7fd710a000 r--p 00006000 08:05 12196946                   /usr/lib/x86_64-linux-gnu/libffi.so.6.0.1
7f7fd710a000-7f7fd710b000 rw-p 00007000 08:05 12196946                   /usr/lib/x86_64-linux-gnu/libffi.so.6.0.1
7f7fd710b000-7f7fd7121000 r-xp 00000000 08:05 9834394                    /lib/x86_64-linux-gnu/libresolv-2.17.so
7f7fd7121000-7f7fd7321000 ---p 00016000 08:05 9834394                    /lib/x86_64-linux-gnu/libresolv-2.17.so
7f7fd7321000-7f7fd7322000 r--p 00016000 08:05 9834394                    /lib/x86_64-linux-gnu/libresolv-2.17.so
7f7fd7322000-7f7fd7323000 rw-p 00017000 08:05 9834394                    /lib/x86_64-linux-gnu/libresolv-2.17.so
7f7fd7323000-7f7fd7325000 rw-p 00000000 00:00 0 
7f7fd7325000-7f7fd7344000 r-xp 00000000 08:05 9834398                    /lib/x86_64-linux-gnu/libselinux.so.1
7f7fd7344000-7f7fd7544000 ---p 0001f000 08:05 9834398                    /lib/x86_64-linux-gnu/libselinux.so.1
7f7fd7544000-7f7fd7545000 r--p 0001f000 08:05 9834398                    /lib/x86_64-linux-gnu/libselinux.so.1
7f7fd7545000-7f7fd7546000 rw-p 00020000 08:05 9834398                    /lib/x86_64-linux-gnu/libselinux.so.1
7f7fd7546000-7f7fd7547000 rw-p 00000000 00:00 0 
7f7fd7547000-7f7fd754a000 r-xp 00000000 08:05 12190134                   /usr/lib/x86_64-linux-gnu/libgmodule-2.0.so.0.3800.1
7f7fd754a000-7f7fd7749000 ---p 00003000 08:05 12190134                   /usr/lib/x86_64-linux-gnu/libgmodule-2.0.so.0.3800.1
7f7fd7749000-7f7fd774a000 r--p 00002000 08:05 12190134                   /usr/lib/x86_64-linux-gnu/libgmodule-2.0.so.0.3800.1
7f7fd774a000-7f7fd774b000 rw-p 00003000 08:05 12190134                   /usr/lib/x86_64-linux-gnu/libgmodule-2.0.so.0.3800.1
7f7fd774b000-7f7fd7849000 r-xp 00000000 08:05 9834386                    /lib/x86_64-linux-gnu/libglib-2.0.so.0.3800.1
7f7fd7849000-7f7fd7a49000 ---p 000fe000 08:05 9834386                    /lib/x86_64-linux-gnu/libglib-2.0.so.0.3800.1
7f7fd7a49000-7f7fd7a4a000 r--p 000fe000 08:05 9834386                    /lib/x86_64-linux-gnu/libglib-2.0.so.0.3800.1
7f7fd7a4a000-7f7fd7a4b000 rw-p 000ff000 08:05 9834386                    /lib/x86_64-linux-gnu/libglib-2.0.so.0.3800.1
7f7fd7a4b000-7f7fd7a4c000 rw-p 00000000 00:00 0 
7f7fd7a4c000-7f7fd7a9b000 r-xp 00000000 08:05 12190125                   /usr/lib/x86_64-linux-gnu/libgobject-2.0.so.0.3800.1
7f7fd7a9b000-7f7fd7c9b000 ---p 0004f000 08:05 12190125                   /usr/lib/x86_64-linux-gnu/libgobject-2.0.so.0.3800.1
7f7fd7c9b000-7f7fd7c9c000 r--p 0004f000 08:05 12190125                   /usr/lib/x86_64-linux-gnu/libgobject-2.0.so.0.3800.1
7f7fd7c9c000-7f7fd7c9d000 rw-p 00050000 08:05 12190125                   /usr/lib/x86_64-linux-gnu/libgobject-2.0.so.0.3800.1
7f7fd7c9d000-7f7fd7df9000 r-xp 00000000 08:05 12190099                   /usr/lib/x86_64-linux-gnu/libgio-2.0.so.0.3800.1
7f7fd7df9000-7f7fd7ff8000 ---p 0015c000 08:05 12190099                   /usr/lib/x86_64-linux-gnu/libgio-2.0.so.0.3800.1
7f7fd7ff8000-7f7fd7ffc000 r--p 0015b000 08:05 12190099                   /usr/lib/x86_64-linux-gnu/libgio-2.0.so.0.3800.1
7f7fd7ffc000-7f7fd7ffe000 rw-p 0015f000 08:05 12190099                   /usr/lib/x86_64-linux-gnu/libgio-2.0.so.0.3800.1
7f7fd7ffe000-7f7fd8000000 rw-p 00000000 00:00 0 
7f7fd8000000-7f7fd8021000 rw-p 00000000 00:00 0 
7f7fd8021000-7f7fdc000000 ---p 00000000 00:00 0 
7f7fdc089000-7f7fdc08c000 ---p 00000000 00:00 0 
7f7fdc08c000-7f7fdc0c2000 rw-p 00000000 00:00 0                          [stack:2244]
7f7fdc0c2000-7f7fdc0d8000 r-xp 00000000 08:05 12322132                   /usr/lib/jvm/java-7-openjdk-amd64/jre/lib/amd64/libnet.so
7f7fdc0d8000-7f7fdc2d7000 ---p 00016000 08:05 12322132                   /usr/lib/jvm/java-7-openjdk-amd64/jre/lib/amd64/libnet.so
7f7fdc2d7000-7f7fdc2d8000 r--p 00015000 08:05 12322132                   /usr/lib/jvm/java-7-openjdk-amd64/jre/lib/amd64/libnet.so
7f7fdc2d8000-7f7fdc2d9000 rw-p 00016000 08:05 12322132                   /usr/lib/jvm/java-7-openjdk-amd64/jre/lib/amd64/libnet.so
7f7fdc2d9000-7f7fdc2da000 ---p 00000000 00:00 0 
7f7fdc2da000-7f7fdc3da000 rw-p 00000000 00:00 0                          [stack:2240]
7f7fdc3da000-7f7fdc3dd000 ---p 00000000 00:00 0 
7f7fdc3dd000-7f7fdc5db000 rw-p 00000000 00:00 0                          [stack:2239]
7f7fdc5db000-7f7fdc5de000 ---p 00000000 00:00 0 
7f7fdc5de000-7f7fdc6dc000 rw-p 00000000 00:00 0                          [stack:2238]
7f7fdc6dc000-7f7fdc6df000 ---p 00000000 00:00 0 
7f7fdc6df000-7f7fdc7dd000 rw-p 00000000 00:00 0                          [stack:2237]
7f7fdc7dd000-7f7fdc7e0000 ---p 00000000 00:00 0 
7f7fdc7e0000-7f7fdc9de000 rw-p 00000000 00:00 0                          [stack:2236]
7f7fdc9de000-7f7fdcdd8000 r--p 00000000 08:05 12195384                   /usr/lib/locale/locale-archive
7f7fdcdd8000-7f7fdcddb000 ---p 00000000 00:00 0 
7f7fdcddb000-7f7fdcfd9000 rw-p 00000000 00:00 0                          [stack:2235]
7f7fdcfd9000-7f7fdcfdc000 ---p 00000000 00:00 0 
7f7fdcfdc000-7f7fdd1da000 rw-p 00000000 00:00 0                          [stack:2234]
7f7fdd1da000-7f7fdd1db000 ---p 00000000 00:00 0 
7f7fdd1db000-7f7fde2b8000 rw-p 00000000 00:00 0                          [stack:2233]
7f7fde2b8000-7f7fde3a1000 r--s 00bb9000 08:05 16253440                   /home/luis/.rbenv/versions/jruby-1.7.10/lib/jruby.jar
7f7fde3a1000-7f7fde3e9000 rw-p 00000000 00:00 0 
7f7fde3e9000-7f7fde597000 r--s 01cf4000 08:05 12322430                   /usr/lib/jvm/java-7-openjdk-amd64/jre/lib/rt.jar
7f7fde597000-7f7fdfc2a000 rw-p 00000000 00:00 0 
7f7fdfc2a000-7f7fdfc2b000 ---p 00000000 00:00 0 
7f7fdfc2b000-7f7fdfd2b000 rw-p 00000000 00:00 0                          [stack:2232]
7f7fdfd2b000-7f7fdfd2c000 ---p 00000000 00:00 0 
7f7fdfd2c000-7f7fdfe2c000 rw-p 00000000 00:00 0                          [stack:2231]
7f7fdfe2c000-7f7fdfe2d000 ---p 00000000 00:00 0 
7f7fdfe2d000-7f7fdff2d000 rw-p 00000000 00:00 0                          [stack:2230]
7f7fdff2d000-7f7fdff2e000 ---p 00000000 00:00 0 
7f7fdff2e000-7f7fe003b000 rw-p 00000000 00:00 0                          [stack:2229]
7f7fe003b000-7f7fe0081000 rw-p 00000000 00:00 0 
7f7fe0081000-7f7fe0095000 rw-p 00000000 00:00 0 
7f7fe0095000-7f7fe0127000 rw-p 00000000 00:00 0 
7f7fe0127000-7f7fe0139000 rw-p 00000000 00:00 0 
7f7fe0139000-7f7fe017b000 rw-p 00000000 00:00 0 
7f7fe017b000-7f7fe017c000 rw-p 00000000 00:00 0 
7f7fe017c000-7f7fe03ec000 rwxp 00000000 00:00 0 
7f7fe03ec000-7f7fe317c000 rw-p 00000000 00:00 0 
7f7fe317c000-7f7fe3184000 r-xp 00000000 08:05 12322081                   /usr/lib/jvm/java-7-openjdk-amd64/jre/lib/amd64/libzip.so
7f7fe3184000-7f7fe3383000 ---p 00008000 08:05 12322081                   /usr/lib/jvm/java-7-openjdk-amd64/jre/lib/amd64/libzip.so
7f7fe3383000-7f7fe3384000 r--p 00007000 08:05 12322081                   /usr/lib/jvm/java-7-openjdk-amd64/jre/lib/amd64/libzip.so
7f7fe3384000-7f7fe3385000 rw-p 00008000 08:05 12322081                   /usr/lib/jvm/java-7-openjdk-amd64/jre/lib/amd64/libzip.so
7f7fe3385000-7f7fe3391000 r-xp 00000000 08:05 9834349                    /lib/x86_64-linux-gnu/libnss_files-2.17.so
7f7fe3391000-7f7fe3590000 ---p 0000c000 08:05 9834349                    /lib/x86_64-linux-gnu/libnss_files-2.17.so
7f7fe3590000-7f7fe3591000 r--p 0000b000 08:05 9834349                    /lib/x86_64-linux-gnu/libnss_files-2.17.so
7f7fe3591000-7f7fe3592000 rw-p 0000c000 08:05 9834349                    /lib/x86_64-linux-gnu/libnss_files-2.17.so
7f7fe3592000-7f7fe359d000 r-xp 00000000 08:05 9834353                    /lib/x86_64-linux-gnu/libnss_nis-2.17.so
7f7fe359d000-7f7fe379c000 ---p 0000b000 08:05 9834353                    /lib/x86_64-linux-gnu/libnss_nis-2.17.so
7f7fe379c000-7f7fe379d000 r--p 0000a000 08:05 9834353                    /lib/x86_64-linux-gnu/libnss_nis-2.17.so
7f7fe379d000-7f7fe379e000 rw-p 0000b000 08:05 9834353                    /lib/x86_64-linux-gnu/libnss_nis-2.17.so
7f7fe379e000-7f7fe37b5000 r-xp 00000000 08:05 9834343                    /lib/x86_64-linux-gnu/libnsl-2.17.so
7f7fe37b5000-7f7fe39b4000 ---p 00017000 08:05 9834343                    /lib/x86_64-linux-gnu/libnsl-2.17.so
7f7fe39b4000-7f7fe39b5000 r--p 00016000 08:05 9834343                    /lib/x86_64-linux-gnu/libnsl-2.17.so
7f7fe39b5000-7f7fe39b6000 rw-p 00017000 08:05 9834343                    /lib/x86_64-linux-gnu/libnsl-2.17.so
7f7fe39b6000-7f7fe39b8000 rw-p 00000000 00:00 0 
7f7fe39b8000-7f7fe39c0000 r-xp 00000000 08:05 9834345                    /lib/x86_64-linux-gnu/libnss_compat-2.17.so
7f7fe39c0000-7f7fe3bbf000 ---p 00008000 08:05 9834345                    /lib/x86_64-linux-gnu/libnss_compat-2.17.so
7f7fe3bbf000-7f7fe3bc0000 r--p 00007000 08:05 9834345                    /lib/x86_64-linux-gnu/libnss_compat-2.17.so
7f7fe3bc0000-7f7fe3bc1000 rw-p 00008000 08:05 9834345                    /lib/x86_64-linux-gnu/libnss_compat-2.17.so
7f7fe3bc1000-7f7fe3bec000 r-xp 00000000 08:05 12322007                   /usr/lib/jvm/java-7-openjdk-amd64/jre/lib/amd64/libjava.so
7f7fe3bec000-7f7fe3deb000 ---p 0002b000 08:05 12322007                   /usr/lib/jvm/java-7-openjdk-amd64/jre/lib/amd64/libjava.so
7f7fe3deb000-7f7fe3dec000 r--p 0002a000 08:05 12322007                   /usr/lib/jvm/java-7-openjdk-amd64/jre/lib/amd64/libjava.so
7f7fe3dec000-7f7fe3dee000 rw-p 0002b000 08:05 12322007                   /usr/lib/jvm/java-7-openjdk-amd64/jre/lib/amd64/libjava.so
7f7fe3dee000-7f7fe3dfe000 r-xp 00000000 08:05 12322321                   /usr/lib/jvm/java-7-openjdk-amd64/jre/lib/amd64/libverify.so
7f7fe3dfe000-7f7fe3ffd000 ---p 00010000 08:05 12322321                   /usr/lib/jvm/java-7-openjdk-amd64/jre/lib/amd64/libverify.so
7f7fe3ffd000-7f7fe3fff000 r--p 0000f000 08:05 12322321                   /usr/lib/jvm/java-7-openjdk-amd64/jre/lib/amd64/libverify.so
7f7fe3fff000-7f7fe4000000 rw-p 00011000 08:05 12322321                   /usr/lib/jvm/java-7-openjdk-amd64/jre/lib/amd64/libverify.so
7f7fe4000000-7f7fe44dc000 rw-p 00000000 00:00 0 
7f7fe44dc000-7f7fe8000000 ---p 00000000 00:00 0 
7f7fe8002000-7f7fe8085000 rw-p 00000000 00:00 0 
7f7fe8085000-7f7fe808c000 r-xp 00000000 08:05 9834396                    /lib/x86_64-linux-gnu/librt-2.17.so
7f7fe808c000-7f7fe828b000 ---p 00007000 08:05 9834396                    /lib/x86_64-linux-gnu/librt-2.17.so
7f7fe828b000-7f7fe828c000 r--p 00006000 08:05 9834396                    /lib/x86_64-linux-gnu/librt-2.17.so
7f7fe828c000-7f7fe828d000 rw-p 00007000 08:05 9834396                    /lib/x86_64-linux-gnu/librt-2.17.so
7f7fe828d000-7f7fe8290000 ---p 00000000 00:00 0 
7f7fe8290000-7f7fe848e000 rw-p 00000000 00:00 0                          [stack:2228]
7f7fe848e000-7f7fe84a3000 r-xp 00000000 08:05 9830413                    /lib/x86_64-linux-gnu/libgcc_s.so.1
7f7fe84a3000-7f7fe86a2000 ---p 00015000 08:05 9830413                    /lib/x86_64-linux-gnu/libgcc_s.so.1
7f7fe86a2000-7f7fe86a3000 r--p 00014000 08:05 9830413                    /lib/x86_64-linux-gnu/libgcc_s.so.1
7f7fe86a3000-7f7fe86a4000 rw-p 00015000 08:05 9830413                    /lib/x86_64-linux-gnu/libgcc_s.so.1
7f7fe86a4000-7f7fe87a7000 r-xp 00000000 08:05 9834324                    /lib/x86_64-linux-gnu/libm-2.17.so
7f7fe87a7000-7f7fe89a6000 ---p 00103000 08:05 9834324                    /lib/x86_64-linux-gnu/libm-2.17.so
7f7fe89a6000-7f7fe89a7000 r--p 00102000 08:05 9834324                    /lib/x86_64-linux-gnu/libm-2.17.so
7f7fe89a7000-7f7fe89a8000 rw-p 00103000 08:05 9834324                    /lib/x86_64-linux-gnu/libm-2.17.so
7f7fe89a8000-7f7fe8a8e000 r-xp 00000000 08:05 12190887                   /usr/lib/x86_64-linux-gnu/libstdc++.so.6.0.18
7f7fe8a8e000-7f7fe8c8d000 ---p 000e6000 08:05 12190887                   /usr/lib/x86_64-linux-gnu/libstdc++.so.6.0.18
7f7fe8c8d000-7f7fe8c95000 r--p 000e5000 08:05 12190887                   /usr/lib/x86_64-linux-gnu/libstdc++.so.6.0.18
7f7fe8c95000-7f7fe8c97000 rw-p 000ed000 08:05 12190887                   /usr/lib/x86_64-linux-gnu/libstdc++.so.6.0.18
7f7fe8c97000-7f7fe8cac000 rw-p 00000000 00:00 0 
7f7fe8cac000-7f7fe978b000 r-xp 00000000 08:05 12322340                   /usr/lib/jvm/java-7-openjdk-amd64/jre/lib/amd64/server/libjvm.so
7f7fe978b000-7f7fe998a000 ---p 00adf000 08:05 12322340                   /usr/lib/jvm/java-7-openjdk-amd64/jre/lib/amd64/server/libjvm.so
7f7fe998a000-7f7fe9a1c000 r--p 00ade000 08:05 12322340                   /usr/lib/jvm/java-7-openjdk-amd64/jre/lib/amd64/server/libjvm.so
7f7fe9a1c000-7f7fe9a3f000 rw-p 00b70000 08:05 12322340                   /usr/lib/jvm/java-7-openjdk-amd64/jre/lib/amd64/server/libjvm.so
7f7fe9a3f000-7f7fe9a6c000 rw-p 00000000 00:00 0 
7f7fe9a6c000-7f7fe9a84000 r-xp 00000000 08:05 9834431                    /lib/x86_64-linux-gnu/libz.so.1.2.8
7f7fe9a84000-7f7fe9c83000 ---p 00018000 08:05 9834431                    /lib/x86_64-linux-gnu/libz.so.1.2.8
7f7fe9c83000-7f7fe9c84000 r--p 00017000 08:05 9834431                    /lib/x86_64-linux-gnu/libz.so.1.2.8
7f7fe9c84000-7f7fe9c85000 rw-p 00018000 08:05 9834431                    /lib/x86_64-linux-gnu/libz.so.1.2.8
7f7fe9c85000-7f7fe9c9c000 r-xp 00000000 08:05 9834388                    /lib/x86_64-linux-gnu/libpthread-2.17.so
7f7fe9c9c000-7f7fe9e9c000 ---p 00017000 08:05 9834388                    /lib/x86_64-linux-gnu/libpthread-2.17.so
7f7fe9e9c000-7f7fe9e9d000 r--p 00017000 08:05 9834388                    /lib/x86_64-linux-gnu/libpthread-2.17.so
7f7fe9e9d000-7f7fe9e9e000 rw-p 00018000 08:05 9834388                    /lib/x86_64-linux-gnu/libpthread-2.17.so
7f7fe9e9e000-7f7fe9ea2000 rw-p 00000000 00:00 0 
7f7fe9ea2000-7f7fe9ea5000 r-xp 00000000 08:05 9834288                    /lib/x86_64-linux-gnu/libdl-2.17.so
7f7fe9ea5000-7f7fea0a4000 ---p 00003000 08:05 9834288                    /lib/x86_64-linux-gnu/libdl-2.17.so
7f7fea0a4000-7f7fea0a5000 r--p 00002000 08:05 9834288                    /lib/x86_64-linux-gnu/libdl-2.17.so
7f7fea0a5000-7f7fea0a6000 rw-p 00003000 08:05 9834288                    /lib/x86_64-linux-gnu/libdl-2.17.so
7f7fea0a6000-7f7fea263000 r-xp 00000000 08:05 9834273                    /lib/x86_64-linux-gnu/libc-2.17.so
7f7fea263000-7f7fea463000 ---p 001bd000 08:05 9834273                    /lib/x86_64-linux-gnu/libc-2.17.so
7f7fea463000-7f7fea467000 r--p 001bd000 08:05 9834273                    /lib/x86_64-linux-gnu/libc-2.17.so
7f7fea467000-7f7fea469000 rw-p 001c1000 08:05 9834273                    /lib/x86_64-linux-gnu/libc-2.17.so
7f7fea469000-7f7fea46e000 rw-p 00000000 00:00 0 
7f7fea46e000-7f7fea47b000 r-xp 00000000 08:05 12322347                   /usr/lib/jvm/java-7-openjdk-amd64/jre/lib/amd64/jli/libjli.so
7f7fea47b000-7f7fea67a000 ---p 0000d000 08:05 12322347                   /usr/lib/jvm/java-7-openjdk-amd64/jre/lib/amd64/jli/libjli.so
7f7fea67a000-7f7fea67b000 r--p 0000c000 08:05 12322347                   /usr/lib/jvm/java-7-openjdk-amd64/jre/lib/amd64/jli/libjli.so
7f7fea67b000-7f7fea67c000 rw-p 0000d000 08:05 12322347                   /usr/lib/jvm/java-7-openjdk-amd64/jre/lib/amd64/jli/libjli.so
7f7fea67c000-7f7fea69f000 r-xp 00000000 08:05 9834249                    /lib/x86_64-linux-gnu/ld-2.17.so
7f7fea6a5000-7f7fea6a6000 r-xp 00000000 00:00 0 
7f7fea6a6000-7f7fea6ad000 r--s 00000000 08:05 12588976                   /usr/lib/x86_64-linux-gnu/gconv/gconv-modules.cache
7f7fea6ad000-7f7fea6b2000 r--s 0004c000 08:05 12322352                   /usr/lib/jvm/java-7-openjdk-amd64/jre/lib/jsse.jar
7f7fea6b2000-7f7fea6b5000 r--s 00032000 08:05 12322366                   /usr/lib/jvm/java-7-openjdk-amd64/jre/lib/ext/sunjce_provider.jar
7f7fea6b5000-7f7fea6b8000 r--s 0000f000 08:05 12322362                   /usr/lib/jvm/java-7-openjdk-amd64/jre/lib/ext/pulse-java.jar
7f7fea6b8000-7f7fea6d3000 rw-p 00000000 00:00 0 
7f7fea6d3000-7f7fea719000 rw-p 00000000 00:00 0 
7f7fea719000-7f7fea72d000 rw-p 00000000 00:00 0 
7f7fea72d000-7f7fea7c0000 rw-p 00000000 00:00 0 
7f7fea7c0000-7f7fea7ca000 rw-p 00000000 00:00 0 
7f7fea7ca000-7f7fea880000 rw-p 00000000 00:00 0 
7f7fea880000-7f7fea885000 rw-p 00000000 00:00 0 
7f7fea885000-7f7fea887000 r--s 00006000 08:05 12717881                   /usr/share/java/java-atk-wrapper.jar
7f7fea887000-7f7fea88b000 r--s 00085000 08:05 12322360                   /usr/lib/jvm/java-7-openjdk-amd64/jre/lib/ext/localedata.jar
7f7fea88b000-7f7fea88f000 r--s 0003b000 08:05 12322372                   /usr/lib/jvm/java-7-openjdk-amd64/jre/lib/ext/sunpkcs11.jar
7f7fea88f000-7f7fea890000 r--s 00002000 08:05 12322370                   /usr/lib/jvm/java-7-openjdk-amd64/jre/lib/ext/dnsns.jar
7f7fea890000-7f7fea892000 r--s 00012000 08:05 12322364                   /usr/lib/jvm/java-7-openjdk-amd64/jre/lib/ext/zipfs.jar
7f7fea892000-7f7fea89a000 rw-s 00000000 08:05 7340068                    /tmp/hsperfdata_luis/2203
7f7fea89a000-7f7fea89b000 rw-p 00000000 00:00 0 
7f7fea89b000-7f7fea89c000 r--p 00000000 00:00 0 
7f7fea89c000-7f7fea89e000 rw-p 00000000 00:00 0 
7f7fea89e000-7f7fea89f000 r--p 00022000 08:05 9834249                    /lib/x86_64-linux-gnu/ld-2.17.so
7f7fea89f000-7f7fea8a1000 rw-p 00023000 08:05 9834249                    /lib/x86_64-linux-gnu/ld-2.17.so
7fffb4bcd000-7fffb4bee000 rw-p 00000000 00:00 0                          [stack]
7fffb4bfe000-7fffb4c00000 r-xp 00000000 00:00 0                          [vdso]
ffffffffff600000-ffffffffff601000 r-xp 00000000 00:00 0                  [vsyscall]

VM Arguments:
jvm_args: -Djdk.home= -Djruby.home=/home/luis/.rbenv/versions/jruby-1.7.10 -Djruby.script=jruby -Djruby.shell=/bin/sh -Djffi.boot.library.path=/home/luis/.rbenv/versions/jruby-1.7.10/lib/jni:/home/luis/.rbenv/versions/jruby-1.7.10/lib/jni/arm-Linux:/home/luis/.rbenv/versions/jruby-1.7.10/lib/jni/x86_64-Linux:/home/luis/.rbenv/versions/jruby-1.7.10/lib/jni/i386-Linux -Xmx500m -Xss2048k -Xbootclasspath/a:/home/luis/.rbenv/versions/jruby-1.7.10/lib/jruby.jar 
java_command: org/jruby/Main Makefile.rb clean compile test
Launcher Type: SUN_STANDARD

Environment Variables:
PATH=/home/luis/.rbenv/versions/jruby-1.7.10/bin:/home/luis/.rbenv/libexec:/home/luis/.rbenv/plugins/ruby-build/bin:/home/luis/.rbenv/shims:~/.rbenv/bin:~/.rbenv/bin:/usr/local/sbin:/usr/local/bin:/usr/sbin:/usr/bin:/sbin:/bin:/usr/games:/usr/local/games
USERNAME=luis
SHELL=/bin/bash
DISPLAY=:0

Signal Handlers:
SIGSEGV: [libjvm.so+0x916ea0], sa_mask[0]=0x7ffbfeff, sa_flags=0x10000004
SIGBUS: [libjvm.so+0x916ea0], sa_mask[0]=0x7ffbfeff, sa_flags=0x10000004
SIGFPE: [libjvm.so+0x794800], sa_mask[0]=0x7ffbfeff, sa_flags=0x10000004
SIGPIPE: [libjvm.so+0x794800], sa_mask[0]=0x7ffbfeff, sa_flags=0x10000004
SIGXFSZ: [libjvm.so+0x794800], sa_mask[0]=0x7ffbfeff, sa_flags=0x10000004
SIGILL: [libjvm.so+0x794800], sa_mask[0]=0x7ffbfeff, sa_flags=0x10000004
SIGUSR1: SIG_DFL, sa_mask[0]=0x00000000, sa_flags=0x00000000
SIGUSR2: [libjvm.so+0x7946a0], sa_mask[0]=0x00000000, sa_flags=0x10000004
SIGHUP: [libjvm.so+0x794880], sa_mask[0]=0x7ffbfeff, sa_flags=0x10000004
SIGINT: [libjvm.so+0x794880], sa_mask[0]=0x7ffbfeff, sa_flags=0x10000004
SIGTERM: [libjvm.so+0x794880], sa_mask[0]=0x7ffbfeff, sa_flags=0x10000004
SIGQUIT: [libjvm.so+0x794880], sa_mask[0]=0x7ffbfeff, sa_flags=0x10000004


---------------  S Y S T E M  ---------------

OS:LinuxMint 16 (petra)
uname:Linux 3.11.0-12-generic #19-Ubuntu SMP Wed Oct 9 16:20:46 UTC 2013 x86_64
libc:glibc 2.17 NPTL 2.17 
rlimit: STACK 8192k, CORE 0k, NPROC 29806, NOFILE 4096, AS infinity
load average:0,19 0,13 0,09

/proc/meminfo:
MemTotal:        3844532 kB
MemFree:         2900292 kB
Buffers:           52624 kB
Cached:           506588 kB
SwapCached:            0 kB
Active:           441028 kB
Inactive:         397488 kB
Active(anon):     280260 kB
Inactive(anon):   106092 kB
Active(file):     160768 kB
Inactive(file):   291396 kB
Unevictable:           0 kB
Mlocked:               0 kB
SwapTotal:       3987452 kB
SwapFree:        3987452 kB
Dirty:               104 kB
Writeback:             0 kB
AnonPages:        279268 kB
Mapped:            82212 kB
Shmem:            107008 kB
Slab:              46376 kB
SReclaimable:      26768 kB
SUnreclaim:        19608 kB
KernelStack:        2688 kB
PageTables:        14404 kB
NFS_Unstable:          0 kB
Bounce:                0 kB
WritebackTmp:          0 kB
CommitLimit:     5909716 kB
Committed_AS:    1455196 kB
VmallocTotal:   34359738367 kB
VmallocUsed:      348004 kB
VmallocChunk:   34359386120 kB
HardwareCorrupted:     0 kB
AnonHugePages:         0 kB
HugePages_Total:       0
HugePages_Free:        0
HugePages_Rsvd:        0
HugePages_Surp:        0
Hugepagesize:       2048 kB
DirectMap4k:       58612 kB
DirectMap2M:     3930112 kB


CPU:total 4 (2 cores per cpu, 2 threads per core) family 6 model 37 stepping 5, cmov, cx8, fxsr, mmx, sse, sse2, sse3, ssse3, sse4.1, sse4.2, popcnt, ht, tsc, tscinvbit

/proc/cpuinfo:
processor	: 0
vendor_id	: GenuineIntel
cpu family	: 6
model		: 37
model name	: Intel(R) Core(TM) i5 CPU       M 460  @ 2.53GHz
stepping	: 5
microcode	: 0x2
cpu MHz		: 1199.000
cache size	: 3072 KB
physical id	: 0
siblings	: 4
core id		: 0
cpu cores	: 2
apicid		: 0
initial apicid	: 0
fpu		: yes
fpu_exception	: yes
cpuid level	: 11
wp		: yes
flags		: fpu vme de pse tsc msr pae mce cx8 apic sep mtrr pge mca cmov pat pse36 clflush dts acpi mmx fxsr sse sse2 ss ht tm pbe syscall nx rdtscp lm constant_tsc arch_perfmon pebs bts rep_good nopl xtopology nonstop_tsc aperfmperf pni dtes64 monitor ds_cpl vmx est tm2 ssse3 cx16 xtpr pdcm pcid sse4_1 sse4_2 popcnt lahf_lm ida arat dtherm tpr_shadow vnmi flexpriority ept vpid
bogomips	: 5066.78
clflush size	: 64
cache_alignment	: 64
address sizes	: 36 bits physical, 48 bits virtual
power management:

processor	: 1
vendor_id	: GenuineIntel
cpu family	: 6
model		: 37
model name	: Intel(R) Core(TM) i5 CPU       M 460  @ 2.53GHz
stepping	: 5
microcode	: 0x2
cpu MHz		: 2534.000
cache size	: 3072 KB
physical id	: 0
siblings	: 4
core id		: 0
cpu cores	: 2
apicid		: 1
initial apicid	: 1
fpu		: yes
fpu_exception	: yes
cpuid level	: 11
wp		: yes
flags		: fpu vme de pse tsc msr pae mce cx8 apic sep mtrr pge mca cmov pat pse36 clflush dts acpi mmx fxsr sse sse2 ss ht tm pbe syscall nx rdtscp lm constant_tsc arch_perfmon pebs bts rep_good nopl xtopology nonstop_tsc aperfmperf pni dtes64 monitor ds_cpl vmx est tm2 ssse3 cx16 xtpr pdcm pcid sse4_1 sse4_2 popcnt lahf_lm ida arat dtherm tpr_shadow vnmi flexpriority ept vpid
bogomips	: 5066.78
clflush size	: 64
cache_alignment	: 64
address sizes	: 36 bits physical, 48 bits virtual
power management:

processor	: 2
vendor_id	: GenuineIntel
cpu family	: 6
model		: 37
model name	: Intel(R) Core(TM) i5 CPU       M 460  @ 2.53GHz
stepping	: 5
microcode	: 0x2
cpu MHz		: 1199.000
cache size	: 3072 KB
physical id	: 0
siblings	: 4
core id		: 2
cpu cores	: 2
apicid		: 4
initial apicid	: 4
fpu		: yes
fpu_exception	: yes
cpuid level	: 11
wp		: yes
flags		: fpu vme de pse tsc msr pae mce cx8 apic sep mtrr pge mca cmov pat pse36 clflush dts acpi mmx fxsr sse sse2 ss ht tm pbe syscall nx rdtscp lm constant_tsc arch_perfmon pebs bts rep_good nopl xtopology nonstop_tsc aperfmperf pni dtes64 monitor ds_cpl vmx est tm2 ssse3 cx16 xtpr pdcm pcid sse4_1 sse4_2 popcnt lahf_lm ida arat dtherm tpr_shadow vnmi flexpriority ept vpid
bogomips	: 5066.78
clflush size	: 64
cache_alignment	: 64
address sizes	: 36 bits physical, 48 bits virtual
power management:

processor	: 3
vendor_id	: GenuineIntel
cpu family	: 6
model		: 37
model name	: Intel(R) Core(TM) i5 CPU       M 460  @ 2.53GHz
stepping	: 5
microcode	: 0x2
cpu MHz		: 1199.000
cache size	: 3072 KB
physical id	: 0
siblings	: 4
core id		: 2
cpu cores	: 2
apicid		: 5
initial apicid	: 5
fpu		: yes
fpu_exception	: yes
cpuid level	: 11
wp		: yes
flags		: fpu vme de pse tsc msr pae mce cx8 apic sep mtrr pge mca cmov pat pse36 clflush dts acpi mmx fxsr sse sse2 ss ht tm pbe syscall nx rdtscp lm constant_tsc arch_perfmon pebs bts rep_good nopl xtopology nonstop_tsc aperfmperf pni dtes64 monitor ds_cpl vmx est tm2 ssse3 cx16 xtpr pdcm pcid sse4_1 sse4_2 popcnt lahf_lm ida arat dtherm tpr_shadow vnmi flexpriority ept vpid
bogomips	: 5066.78
clflush size	: 64
cache_alignment	: 64
address sizes	: 36 bits physical, 48 bits virtual
power management:



Memory: 4k page, physical 3844532k(2900292k free), swap 3987452k(3987452k free)

vm_info: OpenJDK 64-Bit Server VM (24.45-b08) for linux-amd64 JRE (1.7.0_51-b00), built on Jan 15 2014 22:02:57 by "buildd" with gcc 4.8.1

time: Mon Apr  7 10:25:40 2014
elapsed time: 3 seconds

