#
# A fatal error has been detected by the Java Runtime Environment:
#
#  SIGSEGV (0xb) at pc=0x00007ff39825cb3a, pid=4377, tid=140684176328448
#
# JRE version: OpenJDK Runtime Environment (7.0_51) (build 1.7.0_51-b00)
# Java VM: OpenJDK 64-Bit Server VM (24.45-b08 mixed mode linux-amd64 compressed oops)
# Problematic frame:
# C  [libc.so.6+0x93b3a]  strchrnul+0x1a
#
# Failed to write core dump. Core dumps have been disabled. To enable core dumping, try "ulimit -c unlimited" before starting Java again
#
# If you would like to submit a bug report, please include
# instructions on how to reproduce the bug and visit:
#   http://icedtea.classpath.org/bugzilla
# The crash happened outside the Java Virtual Machine in native code.
# See problematic frame for where to report the bug.
#

---------------  T H R E A D  ---------------

Current thread (0x00007ff39000a800):  JavaThread "main" [_thread_in_native, id=4402, stack(0x00007ff3963b0000,0x00007ff3965b1000)]

siginfo:si_signo=SIGSEGV: si_errno=0, si_code=1 (SEGV_MAPERR), si_addr=0x00000000000001d0

Registers:
RAX=0x00007ff3965addd0, RBX=0x00007ff39858b280, RCX=0x00000000000001d2, RDX=0x00007ff3965addb8
RSP=0x00007ff3965ad758, RBP=0x00007ff3965adda0, RSI=0x00000000ffffffff, RDI=0x00000000000001d0
R8 =0x0000000000000002, R9 =0x00000000f62d8700, R10=0x00007ff3965adc30, R11=0x00007ff39821cf60
R12=0x00000000000001d2, R13=0x00000000fbad2084, R14=0x00007ff3965addb8, R15=0x00007ff39000a800
RIP=0x00007ff39825cb3a, EFLAGS=0x0000000000010286, CSGSFS=0x0000000000000033, ERR=0x0000000000000004
  TRAPNO=0x000000000000000e

Top of Stack: (sp=0x00007ff3965ad758)
0x00007ff3965ad758:   00007ff39821281f 00007ff3965ad7d8
0x00007ff3965ad768:   00000000d6be4180 00000000d7ecf910
0x00007ff3965ad778:   00000000d6be0ca0 0000000000000000
0x00007ff3965ad788:   00007ff3965ad7b0 00007ff3965ad820
0x00007ff3965ad798:   00007ff38d006233 00007ff3965ad7a0
0x00007ff3965ad7a8:   0000000000000000 00007ff3965ad838
0x00007ff3965ad7b8:   00000000d79d2bc8 0000000000000000
0x00007ff3965ad7c8:   00000000d79ca770 0000000000000000
0x00007ff3965ad7d8:   00007ff3965ad800 00007ff3965ad880
0x00007ff3965ad7e8:   00007ff38d006175 00000000e10b8c48
0x00007ff3965ad7f8:   00007ff38d00ecd7 00007ff39051cf70
0x00007ff3965ad808:   00000000d7d62fd8 00007ff39051ccd0
0x00007ff3965ad818:   00000000d7d611d0 00007ff37fbfbe00
0x00007ff3965ad828:   00007ff3965ad840 00007ff3904f94c0
0x00007ff3965ad838:   00007ff38d006233 00007ff3965ad840
0x00007ff3965ad848:   00000000d7ac7611 00007ff3965ad8c8
0x00007ff3965ad858:   00000000d7ad3760 0000000000000000
0x00007ff3965ad868:   00000000d7ac7658 0000000000000002
0x00007ff3965ad878:   00007ff3965ad890 00007ff3965ad918
0x00007ff3965ad888:   00007ff38d006175 00007ff39051cf70
0x00007ff3965ad898:   00000000f63f8440 00007ff39051ccd0
0x00007ff3965ad8a8:   00000000f63f7ce8 00007ff37fbfbe00
0x00007ff3965ad8b8:   00000000d7e7e6a8 00007ff39051ccd0
0x00007ff3965ad8c8:   00000000e10c9400 00000000f7be5d28
0x00007ff3965ad8d8:   00007ff3965ad8d8 00000000d7ecd884
0x00007ff3965ad8e8:   00007ff3965ad970 00000000d7ece4a0
0x00007ff3965ad8f8:   0000000000000000 00000000d7ecd8a8
0x00007ff3965ad908:   0000000000000000 00007ff3965ad940
0x00007ff3965ad918:   00007ff3965ad9b8 00007ff38d006233
0x00007ff3965ad928:   00000000f63f8440 00000000f63f7ce8
0x00007ff3965ad938:   0000000000000000 0000003000000008
0x00007ff3965ad948:   00007ff3965ade90 00007ff3965addd0 

Instructions: (pc=0x00007ff39825cb3a)
0x00007ff39825cb1a:   00 00 00 00 66 90 66 0f 6e ce 48 89 f9 66 0f 60
0x00007ff39825cb2a:   c9 48 83 e7 f0 66 0f ef d2 66 0f 60 c9 83 ce ff
0x00007ff39825cb3a:   66 0f 6f 07 66 0f 70 c9 00 48 29 f9 66 0f 6f d8
0x00007ff39825cb4a:   48 8d 7f 10 66 0f 74 c1 66 0f 74 da d3 e6 66 0f 

Register to memory mapping:

RAX=0x00007ff3965addd0 is pointing into the stack for thread: 0x00007ff39000a800
RBX=0x00007ff39858b280: _IO_2_1_stdout_+0 in /lib/x86_64-linux-gnu/libc.so.6 at 0x00007ff3981c9000
RCX=0x00000000000001d2 is an unknown value
RDX=0x00007ff3965addb8 is pointing into the stack for thread: 0x00007ff39000a800
RSP=0x00007ff3965ad758 is pointing into the stack for thread: 0x00007ff39000a800
RBP=0x00007ff3965adda0 is pointing into the stack for thread: 0x00007ff39000a800
RSI=0x00000000ffffffff is an unallocated location in the heap
RDI=0x00000000000001d0 is an unknown value
R8 =0x0000000000000002 is an unknown value
R9 =0x00000000f62d8700 is an oop
[C 
 - klass: {type array char}
 - length: 11
R10=0x00007ff3965adc30 is pointing into the stack for thread: 0x00007ff39000a800
R11=0x00007ff39821cf60: _IO_printf+0 in /lib/x86_64-linux-gnu/libc.so.6 at 0x00007ff3981c9000
R12=0x00000000000001d2 is an unknown value
R13=0x00000000fbad2084 is an unallocated location in the heap
R14=0x00007ff3965addb8 is pointing into the stack for thread: 0x00007ff39000a800
R15=0x00007ff39000a800 is a thread


Stack: [0x00007ff3963b0000,0x00007ff3965b1000],  sp=0x00007ff3965ad758,  free space=2037k
Native frames: (J=compiled Java code, j=interpreted, Vv=VM code, C=native code)
C  [libc.so.6+0x93b3a]  strchrnul+0x1a
C  [libc.so.6+0x53ff9]  _IO_printf+0x99
C  [libconvex_hull.so+0x11dc]  convex_hull+0x107

Java frames: (J=compiled Java code, j=interpreted, Vv=VM code)
j  com.kenai.jffi.Foreign.invokeL1(JJJ)J+0
j  com.kenai.jffi.Invoker.invokeL1(Lcom/kenai/jffi/CallContext;JJ)J+7
j  org.jruby.ext.ffi.jffi.NativeInvoker$ffi$2.call(Lorg/jruby/runtime/ThreadContext;Lorg/jruby/runtime/builtin/IRubyObject;Lorg/jruby/RubyModule;Ljava/lang/String;Lorg/jruby/runtime/builtin/IRubyObject;)Lorg/jruby/runtime/builtin/IRubyObject;+76
j  org.jruby.runtime.callsite.CachingCallSite.cacheAndCall(Lorg/jruby/runtime/builtin/IRubyObject;Lorg/jruby/RubyClass;Lorg/jruby/runtime/ThreadContext;Lorg/jruby/runtime/builtin/IRubyObject;Lorg/jruby/runtime/builtin/IRubyObject;)Lorg/jruby/runtime/builtin/IRubyObject;+57
J  org.jruby.runtime.callsite.CachingCallSite.call(Lorg/jruby/runtime/ThreadContext;Lorg/jruby/runtime/builtin/IRubyObject;Lorg/jruby/runtime/builtin/IRubyObject;Lorg/jruby/runtime/builtin/IRubyObject;)Lorg/jruby/runtime/builtin/IRubyObject;
j  org.jruby.ast.CallOneArgNode.interpret(Lorg/jruby/Ruby;Lorg/jruby/runtime/ThreadContext;Lorg/jruby/runtime/builtin/IRubyObject;Lorg/jruby/runtime/Block;)Lorg/jruby/runtime/builtin/IRubyObject;+30
j  org.jruby.ast.LocalAsgnNode.interpret(Lorg/jruby/Ruby;Lorg/jruby/runtime/ThreadContext;Lorg/jruby/runtime/builtin/IRubyObject;Lorg/jruby/runtime/Block;)Lorg/jruby/runtime/builtin/IRubyObject;+30
J  org.jruby.ast.BlockNode.interpret(Lorg/jruby/Ruby;Lorg/jruby/runtime/ThreadContext;Lorg/jruby/runtime/builtin/IRubyObject;Lorg/jruby/runtime/Block;)Lorg/jruby/runtime/builtin/IRubyObject;
j  org.jruby.evaluator.ASTInterpreter.INTERPRET_METHOD(Lorg/jruby/Ruby;Lorg/jruby/runtime/ThreadContext;Ljava/lang/String;ILorg/jruby/RubyModule;Lorg/jruby/ast/Node;Ljava/lang/String;Lorg/jruby/runtime/builtin/IRubyObject;Lorg/jruby/runtime/Block;Z)Lorg/jruby/runtime/builtin/IRubyObject;+30
j  org.jruby.internal.runtime.methods.InterpretedMethod.call(Lorg/jruby/runtime/ThreadContext;Lorg/jruby/runtime/builtin/IRubyObject;Lorg/jruby/RubyModule;Ljava/lang/String;)Lorg/jruby/runtime/builtin/IRubyObject;+80
j  org.jruby.internal.runtime.methods.DefaultMethod.call(Lorg/jruby/runtime/ThreadContext;Lorg/jruby/runtime/builtin/IRubyObject;Lorg/jruby/RubyModule;Ljava/lang/String;)Lorg/jruby/runtime/builtin/IRubyObject;+20
j  org.jruby.runtime.callsite.CachingCallSite.cacheAndCall(Lorg/jruby/runtime/builtin/IRubyObject;Lorg/jruby/RubyClass;Lorg/jruby/runtime/ThreadContext;Lorg/jruby/runtime/builtin/IRubyObject;)Lorg/jruby/runtime/builtin/IRubyObject;+53
j  org.jruby.runtime.callsite.CachingCallSite.call(Lorg/jruby/runtime/ThreadContext;Lorg/jruby/runtime/builtin/IRubyObject;Lorg/jruby/runtime/builtin/IRubyObject;)Lorg/jruby/runtime/builtin/IRubyObject;+46
j  org.jruby.ast.CallNoArgNode.interpret(Lorg/jruby/Ruby;Lorg/jruby/runtime/ThreadContext;Lorg/jruby/runtime/builtin/IRubyObject;Lorg/jruby/runtime/Block;)Lorg/jruby/runtime/builtin/IRubyObject;+18
j  org.jruby.ast.FCallTwoArgNode.interpret(Lorg/jruby/Ruby;Lorg/jruby/runtime/ThreadContext;Lorg/jruby/runtime/builtin/IRubyObject;Lorg/jruby/runtime/Block;)Lorg/jruby/runtime/builtin/IRubyObject;+28
J  org.jruby.ast.BlockNode.interpret(Lorg/jruby/Ruby;Lorg/jruby/runtime/ThreadContext;Lorg/jruby/runtime/builtin/IRubyObject;Lorg/jruby/runtime/Block;)Lorg/jruby/runtime/builtin/IRubyObject;
j  org.jruby.evaluator.ASTInterpreter.INTERPRET_METHOD(Lorg/jruby/Ruby;Lorg/jruby/runtime/ThreadContext;Ljava/lang/String;ILorg/jruby/RubyModule;Lorg/jruby/ast/Node;Ljava/lang/String;Lorg/jruby/runtime/builtin/IRubyObject;Lorg/jruby/runtime/Block;Z)Lorg/jruby/runtime/builtin/IRubyObject;+30
j  org.jruby.internal.runtime.methods.InterpretedMethod.call(Lorg/jruby/runtime/ThreadContext;Lorg/jruby/runtime/builtin/IRubyObject;Lorg/jruby/RubyModule;Ljava/lang/String;)Lorg/jruby/runtime/builtin/IRubyObject;+80
j  org.jruby.internal.runtime.methods.DefaultMethod.call(Lorg/jruby/runtime/ThreadContext;Lorg/jruby/runtime/builtin/IRubyObject;Lorg/jruby/RubyModule;Ljava/lang/String;)Lorg/jruby/runtime/builtin/IRubyObject;+20
j  org.jruby.runtime.callsite.CachingCallSite.cacheAndCall(Lorg/jruby/runtime/builtin/IRubyObject;Lorg/jruby/RubyClass;Lorg/jruby/runtime/ThreadContext;Lorg/jruby/runtime/builtin/IRubyObject;)Lorg/jruby/runtime/builtin/IRubyObject;+53
j  org.jruby.runtime.callsite.CachingCallSite.call(Lorg/jruby/runtime/ThreadContext;Lorg/jruby/runtime/builtin/IRubyObject;Lorg/jruby/runtime/builtin/IRubyObject;)Lorg/jruby/runtime/builtin/IRubyObject;+46
j  Makefile.method__2$RUBY$test(LMakefile;Lorg/jruby/runtime/ThreadContext;Lorg/jruby/runtime/builtin/IRubyObject;Lorg/jruby/runtime/Block;)Lorg/jruby/runtime/builtin/IRubyObject;+130
j  Makefile$method__2$RUBY$test.call(Lorg/jruby/runtime/ThreadContext;Lorg/jruby/runtime/builtin/IRubyObject;Lorg/jruby/RubyModule;Ljava/lang/String;Lorg/jruby/runtime/Block;)Lorg/jruby/runtime/builtin/IRubyObject;+17
j  org.jruby.RubyClass.finvoke(Lorg/jruby/runtime/ThreadContext;Lorg/jruby/runtime/builtin/IRubyObject;Ljava/lang/String;Lorg/jruby/runtime/Block;)Lorg/jruby/runtime/builtin/IRubyObject;+41
j  org.jruby.RubyBasicObject.send19(Lorg/jruby/runtime/ThreadContext;Lorg/jruby/runtime/builtin/IRubyObject;Lorg/jruby/runtime/Block;)Lorg/jruby/runtime/builtin/IRubyObject;+15
j  org.jruby.RubyKernel.send19(Lorg/jruby/runtime/ThreadContext;Lorg/jruby/runtime/builtin/IRubyObject;Lorg/jruby/runtime/builtin/IRubyObject;Lorg/jruby/runtime/Block;)Lorg/jruby/runtime/builtin/IRubyObject;+7
j  org.jruby.RubyKernel$INVOKER$s$send19.call(Lorg/jruby/runtime/ThreadContext;Lorg/jruby/runtime/builtin/IRubyObject;Lorg/jruby/RubyModule;Ljava/lang/String;Lorg/jruby/runtime/builtin/IRubyObject;Lorg/jruby/runtime/Block;)Lorg/jruby/runtime/builtin/IRubyObject;+6
j  org.jruby.internal.runtime.methods.JavaMethod$JavaMethodOneOrNBlock.call(Lorg/jruby/runtime/ThreadContext;Lorg/jruby/runtime/builtin/IRubyObject;Lorg/jruby/RubyModule;Ljava/lang/String;Lorg/jruby/runtime/builtin/IRubyObject;)Lorg/jruby/runtime/builtin/IRubyObject;+11
j  org.jruby.runtime.callsite.CachingCallSite.call(Lorg/jruby/runtime/ThreadContext;Lorg/jruby/runtime/builtin/IRubyObject;Lorg/jruby/runtime/builtin/IRubyObject;Lorg/jruby/runtime/builtin/IRubyObject;)Lorg/jruby/runtime/builtin/IRubyObject;+38
j  Makefile.block_6$RUBY$__file__(LMakefile;Lorg/jruby/runtime/ThreadContext;Lorg/jruby/runtime/builtin/IRubyObject;[Lorg/jruby/runtime/builtin/IRubyObject;Lorg/jruby/runtime/Block;)Lorg/jruby/runtime/builtin/IRubyObject;+46
j  Makefile$block_6$RUBY$__file__.call(Lorg/jruby/runtime/ThreadContext;Lorg/jruby/runtime/builtin/IRubyObject;[Lorg/jruby/runtime/builtin/IRubyObject;Lorg/jruby/runtime/Block;)Lorg/jruby/runtime/builtin/IRubyObject;+9
j  org.jruby.runtime.CompiledBlock19.yield(Lorg/jruby/runtime/ThreadContext;Lorg/jruby/runtime/builtin/IRubyObject;Lorg/jruby/runtime/Binding;Lorg/jruby/runtime/Block$Type;)Lorg/jruby/runtime/builtin/IRubyObject;+52
j  org.jruby.runtime.Block.yield(Lorg/jruby/runtime/ThreadContext;Lorg/jruby/runtime/builtin/IRubyObject;)Lorg/jruby/runtime/builtin/IRubyObject;+14
j  org.jruby.RubyArray.eachCommon(Lorg/jruby/runtime/ThreadContext;Lorg/jruby/runtime/Block;)Lorg/jruby/runtime/builtin/IRubyObject;+41
j  org.jruby.RubyArray.each(Lorg/jruby/runtime/ThreadContext;Lorg/jruby/runtime/Block;)Lorg/jruby/runtime/builtin/IRubyObject;+10
j  org.jruby.RubyArray$INVOKER$i$0$0$each.call(Lorg/jruby/runtime/ThreadContext;Lorg/jruby/runtime/builtin/IRubyObject;Lorg/jruby/RubyModule;Ljava/lang/String;Lorg/jruby/runtime/Block;)Lorg/jruby/runtime/builtin/IRubyObject;+7
j  org.jruby.runtime.callsite.CachingCallSite.cacheAndCall(Lorg/jruby/runtime/builtin/IRubyObject;Lorg/jruby/RubyClass;Lorg/jruby/runtime/Block;Lorg/jruby/runtime/ThreadContext;Lorg/jruby/runtime/builtin/IRubyObject;)Lorg/jruby/runtime/builtin/IRubyObject;+57
j  org.jruby.runtime.callsite.CachingCallSite.callBlock(Lorg/jruby/runtime/ThreadContext;Lorg/jruby/runtime/builtin/IRubyObject;Lorg/jruby/runtime/builtin/IRubyObject;Lorg/jruby/runtime/Block;)Lorg/jruby/runtime/builtin/IRubyObject;+50
j  org.jruby.runtime.callsite.CachingCallSite.callIter(Lorg/jruby/runtime/ThreadContext;Lorg/jruby/runtime/builtin/IRubyObject;Lorg/jruby/runtime/builtin/IRubyObject;Lorg/jruby/runtime/Block;)Lorg/jruby/runtime/builtin/IRubyObject;+6
j  Makefile.__file__(LMakefile;Lorg/jruby/runtime/ThreadContext;Lorg/jruby/runtime/builtin/IRubyObject;[Lorg/jruby/runtime/builtin/IRubyObject;Lorg/jruby/runtime/Block;)Lorg/jruby/runtime/builtin/IRubyObject;+859
j  Makefile.load(Lorg/jruby/runtime/ThreadContext;Lorg/jruby/runtime/builtin/IRubyObject;Z)Lorg/jruby/runtime/builtin/IRubyObject;+22
j  org.jruby.Ruby.runScript(Lorg/jruby/ast/executable/Script;Z)Lorg/jruby/runtime/builtin/IRubyObject;+12
j  org.jruby.Ruby.runScript(Lorg/jruby/ast/executable/Script;)Lorg/jruby/runtime/builtin/IRubyObject;+3
j  org.jruby.Ruby.runNormally(Lorg/jruby/ast/Node;)Lorg/jruby/runtime/builtin/IRubyObject;+73
j  org.jruby.Ruby.runFromMain(Ljava/io/InputStream;Ljava/lang/String;)V+320
j  org.jruby.Main.doRunFromMain(Lorg/jruby/Ruby;Ljava/io/InputStream;Ljava/lang/String;)Lorg/jruby/Main$Status;+12
j  org.jruby.Main.internalRun()Lorg/jruby/Main$Status;+234
j  org.jruby.Main.run([Ljava/lang/String;)Lorg/jruby/Main$Status;+9
j  org.jruby.Main.main([Ljava/lang/String;)V+35
v  ~StubRoutines::call_stub

---------------  P R O C E S S  ---------------

Java Threads: ( => current thread )
  0x00007ff3904f5000 JavaThread "JRubyJIT-2" daemon [_thread_blocked, id=4485, stack(0x00007ff3845ba000,0x00007ff3847bb000)]
  0x00007ff3904f3000 JavaThread "process reaper" daemon [_thread_blocked, id=4417, stack(0x00007ff38c079000,0x00007ff38c0b2000)]
  0x00007ff3903b8000 JavaThread "JRubyJIT-1" daemon [_thread_blocked, id=4415, stack(0x00007ff3847bb000,0x00007ff3849bc000)]
  0x00007ff3900ad000 JavaThread "Service Thread" daemon [_thread_blocked, id=4413, stack(0x00007ff386434000,0x00007ff386635000)]
  0x00007ff3900aa800 JavaThread "C2 CompilerThread1" daemon [_thread_blocked, id=4412, stack(0x00007ff386635000,0x00007ff386736000)]
  0x00007ff3900a7800 JavaThread "C2 CompilerThread0" daemon [_thread_blocked, id=4411, stack(0x00007ff38c0b2000,0x00007ff38c1b3000)]
  0x00007ff3900a5800 JavaThread "Signal Dispatcher" daemon [_thread_blocked, id=4410, stack(0x00007ff38c1b3000,0x00007ff38c3b4000)]
  0x00007ff390082800 JavaThread "Finalizer" daemon [_thread_blocked, id=4409, stack(0x00007ff38c3b4000,0x00007ff38c5b5000)]
  0x00007ff390080800 JavaThread "Reference Handler" daemon [_thread_blocked, id=4408, stack(0x00007ff38c5b5000,0x00007ff38c7b6000)]
=>0x00007ff39000a800 JavaThread "main" [_thread_in_native, id=4402, stack(0x00007ff3963b0000,0x00007ff3965b1000)]

Other Threads:
  0x00007ff39007c800 VMThread [stack: 0x00007ff38c7b6000,0x00007ff38c8b7000] [id=4407]
  0x00007ff3900b7800 WatcherThread [stack: 0x00007ff386333000,0x00007ff386434000] [id=4414]

VM state:not at safepoint (normal execution)

VM Mutex/Monitor currently owned by a thread: None

Heap
 PSYoungGen      total 33280K, used 14102K [0x00000000f5900000, 0x00000000f7c00000, 0x0000000100000000)
  eden space 30720K, 37% used [0x00000000f5900000,0x00000000f644c4e8,0x00000000f7700000)
  from space 2560K, 98% used [0x00000000f7980000,0x00000000f7bf9518,0x00000000f7c00000)
  to   space 2560K, 0% used [0x00000000f7700000,0x00000000f7700000,0x00000000f7980000)
 ParOldGen       total 39936K, used 5276K [0x00000000e0c00000, 0x00000000e3300000, 0x00000000f5900000)
  object space 39936K, 13% used [0x00000000e0c00000,0x00000000e1127388,0x00000000e3300000)
 PSPermGen       total 25600K, used 25422K [0x00000000d6600000, 0x00000000d7f00000, 0x00000000e0c00000)
  object space 25600K, 99% used [0x00000000d6600000,0x00000000d7ed3880,0x00000000d7f00000)

Card table byte_map: [0x00007ff3951d6000,0x00007ff395324000] byte_map_base: 0x00007ff394b23000

Polling page: 0x00007ff3989be000

Code Cache  [0x00007ff38d000000, 0x00007ff38d270000, 0x00007ff390000000)
 total_blobs=810 nmethods=331 adapters=433 free_code_cache=47599Kb largest_free_block=48688192

Compilation events (10 events):
Event: 3,464 Thread 0x00007ff3900a7800 nmethod 334 0x00007ff38d1807d0 code [0x00007ff38d180ac0, 0x00007ff38d181608]
Event: 3,464 Thread 0x00007ff3900a7800  335             org.jruby.util.ByteList::length (5 bytes)
Event: 3,464 Thread 0x00007ff3900a7800 nmethod 335 0x00007ff38d17ee90 code [0x00007ff38d17efc0, 0x00007ff38d17f018]
Event: 3,464 Thread 0x00007ff3900a7800  336             org.jruby.org.objectweb.asm.Type::a (267 bytes)
Event: 3,472 Thread 0x00007ff3900a7800 nmethod 336 0x00007ff38d17fcd0 code [0x00007ff38d17ff80, 0x00007ff38d1804e8]
Event: 3,482 Thread 0x00007ff3900a7800  337             org.jruby.lexer.yacc.SimpleSourcePosition::getFile (5 bytes)
Event: 3,482 Thread 0x00007ff3900a7800 nmethod 337 0x00007ff38d17ec90 code [0x00007ff38d17edc0, 0x00007ff38d17ee18]
Event: 3,488 Thread 0x00007ff3900a7800  338             org.jruby.runtime.callsite.CachingCallSite::call (54 bytes)
Event: 3,493 Thread 0x00007ff3900a7800 nmethod 338 0x00007ff38d17a350 code [0x00007ff38d17a4c0, 0x00007ff38d17a718]
Event: 3,504 Thread 0x00007ff3900aa800 nmethod 296 0x00007ff38d1896d0 code [0x00007ff38d189da0, 0x00007ff38d18cde0]

GC Heap History (4 events):
Event: 1,419 GC heap before
{Heap before GC invocations=1 (full 0):
 PSYoungGen      total 17920K, used 15360K [0x00000000f5900000, 0x00000000f6d00000, 0x0000000100000000)
  eden space 15360K, 100% used [0x00000000f5900000,0x00000000f6800000,0x00000000f6800000)
  from space 2560K, 0% used [0x00000000f6a80000,0x00000000f6a80000,0x00000000f6d00000)
  to   space 2560K, 0% used [0x00000000f6800000,0x00000000f6800000,0x00000000f6a80000)
 ParOldGen       total 39936K, used 0K [0x00000000e0c00000, 0x00000000e3300000, 0x00000000f5900000)
  object space 39936K, 0% used [0x00000000e0c00000,0x00000000e0c00000,0x00000000e3300000)
 PSPermGen       total 21504K, used 19066K [0x00000000d6600000, 0x00000000d7b00000, 0x00000000e0c00000)
  object space 21504K, 88% used [0x00000000d6600000,0x00000000d789eba0,0x00000000d7b00000)
Event: 1,442 GC heap after
Heap after GC invocations=1 (full 0):
 PSYoungGen      total 17920K, used 2549K [0x00000000f5900000, 0x00000000f7c00000, 0x0000000100000000)
  eden space 15360K, 0% used [0x00000000f5900000,0x00000000f5900000,0x00000000f6800000)
  from space 2560K, 99% used [0x00000000f6800000,0x00000000f6a7d4b8,0x00000000f6a80000)
  to   space 2560K, 0% used [0x00000000f7980000,0x00000000f7980000,0x00000000f7c00000)
 ParOldGen       total 39936K, used 3284K [0x00000000e0c00000, 0x00000000e3300000, 0x00000000f5900000)
  object space 39936K, 8% used [0x00000000e0c00000,0x00000000e0f35000,0x00000000e3300000)
 PSPermGen       total 21504K, used 19066K [0x00000000d6600000, 0x00000000d7b00000, 0x00000000e0c00000)
  object space 21504K, 88% used [0x00000000d6600000,0x00000000d789eba0,0x00000000d7b00000)
}
Event: 2,765 GC heap before
{Heap before GC invocations=2 (full 0):
 PSYoungGen      total 17920K, used 17909K [0x00000000f5900000, 0x00000000f7c00000, 0x0000000100000000)
  eden space 15360K, 100% used [0x00000000f5900000,0x00000000f6800000,0x00000000f6800000)
  from space 2560K, 99% used [0x00000000f6800000,0x00000000f6a7d4b8,0x00000000f6a80000)
  to   space 2560K, 0% used [0x00000000f7980000,0x00000000f7980000,0x00000000f7c00000)
 ParOldGen       total 39936K, used 3284K [0x00000000e0c00000, 0x00000000e3300000, 0x00000000f5900000)
  object space 39936K, 8% used [0x00000000e0c00000,0x00000000e0f35000,0x00000000e3300000)
 PSPermGen       total 23552K, used 23550K [0x00000000d6600000, 0x00000000d7d00000, 0x00000000e0c00000)
  object space 23552K, 99% used [0x00000000d6600000,0x00000000d7cffb60,0x00000000d7d00000)
Event: 2,791 GC heap after
Heap after GC invocations=2 (full 0):
 PSYoungGen      total 33280K, used 2533K [0x00000000f5900000, 0x00000000f7c00000, 0x0000000100000000)
  eden space 30720K, 0% used [0x00000000f5900000,0x00000000f5900000,0x00000000f7700000)
  from space 2560K, 98% used [0x00000000f7980000,0x00000000f7bf9518,0x00000000f7c00000)
  to   space 2560K, 0% used [0x00000000f7700000,0x00000000f7700000,0x00000000f7980000)
 ParOldGen       total 39936K, used 5276K [0x00000000e0c00000, 0x00000000e3300000, 0x00000000f5900000)
  object space 39936K, 13% used [0x00000000e0c00000,0x00000000e1127388,0x00000000e3300000)
 PSPermGen       total 23552K, used 23550K [0x00000000d6600000, 0x00000000d7d00000, 0x00000000e0c00000)
  object space 23552K, 99% used [0x00000000d6600000,0x00000000d7cffb60,0x00000000d7d00000)
}

Deoptimization events (10 events):
Event: 2,478 Thread 0x00007ff39000a800 Uncommon trap: reason=class_check action=maybe_recompile pc=0x00007ff38d071378 method=java.util.Arrays.fill([Ljava/lang/Object;Ljava/lang/Object;)V @ 13
Event: 2,533 Thread 0x00007ff39000a800 Uncommon trap: reason=class_check action=maybe_recompile pc=0x00007ff38d087c74 method=java.util.concurrent.ConcurrentHashMap$Segment.put(Ljava/lang/Object;ILjava/lang/Object;Z)Ljava/lang/Object; @ 77
Event: 2,546 Thread 0x00007ff39000a800 Uncommon trap: reason=class_check action=maybe_recompile pc=0x00007ff38d087c74 method=java.util.concurrent.ConcurrentHashMap$Segment.put(Ljava/lang/Object;ILjava/lang/Object;Z)Ljava/lang/Object; @ 77
Event: 2,569 Thread 0x00007ff3904f5000 Uncommon trap: reason=null_check action=make_not_entrant pc=0x00007ff38d13092c method=org.jruby.internal.runtime.ThreadService.getCurrentContext()Lorg/jruby/runtime/ThreadContext; @ 15
Event: 3,190 Thread 0x00007ff39000a800 Uncommon trap: reason=unreached action=reinterpret pc=0x00007ff38d0925b4 method=java.util.concurrent.locks.AbstractQueuedSynchronizer.release(I)Z @ 14
Event: 3,190 Thread 0x00007ff3903b8000 Uncommon trap: reason=unreached action=reinterpret pc=0x00007ff38d133d0c method=java.util.concurrent.locks.AbstractQueuedSynchronizer.release(I)Z @ 14
Event: 3,218 Thread 0x00007ff39000a800 Uncommon trap: reason=unreached action=reinterpret pc=0x00007ff38d129668 method=org.jruby.parser.ParserSupport.checkExpression(Lorg/jruby/ast/Node;)Z @ 3
Event: 3,394 Thread 0x00007ff39000a800 Uncommon trap: reason=class_check action=maybe_recompile pc=0x00007ff38d17c044 method=org.joni.Matcher.searchInterruptible(III)I @ 810
Event: 3,432 Thread 0x00007ff39000a800 Uncommon trap: reason=class_check action=maybe_recompile pc=0x00007ff38d17c044 method=org.joni.Matcher.searchInterruptible(III)I @ 810
Event: 3,441 Thread 0x00007ff39000a800 Uncommon trap: reason=class_check action=maybe_recompile pc=0x00007ff38d17c044 method=org.joni.Matcher.searchInterruptible(III)I @ 810

Internal exceptions (10 events):
Event: 3,191 Thread 0x00007ff3903b8000 Threw 0x00000000f6121338 at /build/buildd/openjdk-7-7u51-2.4.4/build/openjdk/hotspot/src/share/vm/prims/jvm.cpp:1244
Event: 3,194 Thread 0x00007ff3903b8000 Threw 0x00000000f61223a8 at /build/buildd/openjdk-7-7u51-2.4.4/build/openjdk/hotspot/src/share/vm/prims/jvm.cpp:1244
Event: 3,381 Thread 0x00007ff3904f5000 Threw 0x00000000f6113af0 at /build/buildd/openjdk-7-7u51-2.4.4/build/openjdk/hotspot/src/share/vm/prims/jvm.cpp:1244
Event: 3,381 Thread 0x00007ff3904f5000 Threw 0x00000000f6114b90 at /build/buildd/openjdk-7-7u51-2.4.4/build/openjdk/hotspot/src/share/vm/prims/jvm.cpp:1244
Event: 3,430 Thread 0x00007ff3903b8000 Threw 0x00000000f6161a10 at /build/buildd/openjdk-7-7u51-2.4.4/build/openjdk/hotspot/src/share/vm/prims/jvm.cpp:1244
Event: 3,430 Thread 0x00007ff3903b8000 Threw 0x00000000f6162b10 at /build/buildd/openjdk-7-7u51-2.4.4/build/openjdk/hotspot/src/share/vm/prims/jvm.cpp:1244
Event: 3,434 Thread 0x00007ff3903b8000 Threw 0x00000000f6362178 at /build/buildd/openjdk-7-7u51-2.4.4/build/openjdk/hotspot/src/share/vm/prims/jvm.cpp:1244
Event: 3,435 Thread 0x00007ff3903b8000 Threw 0x00000000f6363278 at /build/buildd/openjdk-7-7u51-2.4.4/build/openjdk/hotspot/src/share/vm/prims/jvm.cpp:1244
Event: 3,436 Thread 0x00007ff3904f5000 Threw 0x00000000f629a808 at /build/buildd/openjdk-7-7u51-2.4.4/build/openjdk/hotspot/src/share/vm/prims/jvm.cpp:1244
Event: 3,436 Thread 0x00007ff3904f5000 Threw 0x00000000f629b9b0 at /build/buildd/openjdk-7-7u51-2.4.4/build/openjdk/hotspot/src/share/vm/prims/jvm.cpp:1244

Events (10 events):
Event: 3,465 loading class 0x00007ff358178c50
Event: 3,465 loading class 0x00007ff358178c50 done
Event: 3,465 loading class 0x00007ff3584383f0
Event: 3,466 loading class 0x00007ff3584383f0 done
Event: 3,466 loading class 0x00007ff358438280
Event: 3,466 loading class 0x00007ff358438280 done
Event: 3,468 loading class 0x00007ff358438c30
Event: 3,468 loading class 0x00007ff358438c30 done
Event: 3,469 loading class 0x00007ff358438e50
Event: 3,469 loading class 0x00007ff358438e50 done


Dynamic libraries:
00400000-00401000 r-xp 00000000 08:05 12322450                           /usr/lib/jvm/java-7-openjdk-amd64/jre/bin/java
00600000-00601000 r--p 00000000 08:05 12322450                           /usr/lib/jvm/java-7-openjdk-amd64/jre/bin/java
00601000-00602000 rw-p 00001000 08:05 12322450                           /usr/lib/jvm/java-7-openjdk-amd64/jre/bin/java
0171c000-0173d000 rw-p 00000000 00:00 0                                  [heap]
d6600000-d7f00000 rw-p 00000000 00:00 0 
d7f00000-e0c00000 rw-p 00000000 00:00 0 
e0c00000-e3300000 rw-p 00000000 00:00 0 
e3300000-f5900000 rw-p 00000000 00:00 0 
f5900000-f7c00000 rw-p 00000000 00:00 0 
f7c00000-100000000 rw-p 00000000 00:00 0 
7ff338000000-7ff338021000 rw-p 00000000 00:00 0 
7ff338021000-7ff33c000000 ---p 00000000 00:00 0 
7ff340000000-7ff340021000 rw-p 00000000 00:00 0 
7ff340021000-7ff344000000 ---p 00000000 00:00 0 
7ff344000000-7ff344021000 rw-p 00000000 00:00 0 
7ff344021000-7ff348000000 ---p 00000000 00:00 0 
7ff348000000-7ff348027000 rw-p 00000000 00:00 0 
7ff348027000-7ff34c000000 ---p 00000000 00:00 0 
7ff34c000000-7ff34c021000 rw-p 00000000 00:00 0 
7ff34c021000-7ff350000000 ---p 00000000 00:00 0 
7ff350000000-7ff350021000 rw-p 00000000 00:00 0 
7ff350021000-7ff354000000 ---p 00000000 00:00 0 
7ff354000000-7ff354021000 rw-p 00000000 00:00 0 
7ff354021000-7ff358000000 ---p 00000000 00:00 0 
7ff358000000-7ff358f1f000 rw-p 00000000 00:00 0 
7ff358f1f000-7ff35c000000 ---p 00000000 00:00 0 
7ff35c000000-7ff35cc36000 rw-p 00000000 00:00 0 
7ff35cc36000-7ff360000000 ---p 00000000 00:00 0 
7ff360000000-7ff360021000 rw-p 00000000 00:00 0 
7ff360021000-7ff364000000 ---p 00000000 00:00 0 
7ff364000000-7ff364021000 rw-p 00000000 00:00 0 
7ff364021000-7ff368000000 ---p 00000000 00:00 0 
7ff368000000-7ff368021000 rw-p 00000000 00:00 0 
7ff368021000-7ff36c000000 ---p 00000000 00:00 0 
7ff36c000000-7ff36c021000 rw-p 00000000 00:00 0 
7ff36c021000-7ff370000000 ---p 00000000 00:00 0 
7ff370000000-7ff370021000 rw-p 00000000 00:00 0 
7ff370021000-7ff374000000 ---p 00000000 00:00 0 
7ff378000000-7ff378021000 rw-p 00000000 00:00 0 
7ff378021000-7ff37c000000 ---p 00000000 00:00 0 
7ff37f9f8000-7ff37f9fa000 r-xp 00000000 08:05 16777738                   /home/luis/practica01/src/lib/libconvex_hull.so
7ff37f9fa000-7ff37fbf9000 ---p 00002000 08:05 16777738                   /home/luis/practica01/src/lib/libconvex_hull.so
7ff37fbf9000-7ff37fbfa000 r--p 00001000 08:05 16777738                   /home/luis/practica01/src/lib/libconvex_hull.so
7ff37fbfa000-7ff37fbfb000 rw-p 00002000 08:05 16777738                   /home/luis/practica01/src/lib/libconvex_hull.so
7ff37fbfb000-7ff37fbfd000 r-xp 00000000 08:05 16777737                   /home/luis/practica01/src/lib/libdouble_linked_list.so
7ff37fbfd000-7ff37fdfc000 ---p 00002000 08:05 16777737                   /home/luis/practica01/src/lib/libdouble_linked_list.so
7ff37fdfc000-7ff37fdfd000 r--p 00001000 08:05 16777737                   /home/luis/practica01/src/lib/libdouble_linked_list.so
7ff37fdfd000-7ff37fdfe000 rw-p 00002000 08:05 16777737                   /home/luis/practica01/src/lib/libdouble_linked_list.so
7ff37fdfe000-7ff37fdff000 r-xp 00000000 08:05 16777736                   /home/luis/practica01/src/lib/lib2d_points.so
7ff37fdff000-7ff37fffe000 ---p 00001000 08:05 16777736                   /home/luis/practica01/src/lib/lib2d_points.so
7ff37fffe000-7ff37ffff000 r--p 00000000 08:05 16777736                   /home/luis/practica01/src/lib/lib2d_points.so
7ff37ffff000-7ff380000000 rw-p 00001000 08:05 16777736                   /home/luis/practica01/src/lib/lib2d_points.so
7ff380000000-7ff380021000 rw-p 00000000 00:00 0 
7ff380021000-7ff384000000 ---p 00000000 00:00 0 
7ff3841b8000-7ff3841bb000 ---p 00000000 00:00 0 
7ff3841bb000-7ff3843b9000 rw-p 00000000 00:00 0 
7ff3843b9000-7ff3843bc000 ---p 00000000 00:00 0 
7ff3843bc000-7ff3845ba000 rw-p 00000000 00:00 0 
7ff3845ba000-7ff3845bd000 ---p 00000000 00:00 0 
7ff3845bd000-7ff3847bb000 rw-p 00000000 00:00 0                          [stack:4485]
7ff3847bb000-7ff3847be000 ---p 00000000 00:00 0 
7ff3847be000-7ff3849bc000 rw-p 00000000 00:00 0                          [stack:4415]
7ff3849bc000-7ff3849ce000 r-xp 00000000 08:05 16253453                   /home/luis/.rbenv/versions/jruby-1.7.10/lib/jni/x86_64-Linux/libjffi-1.2.so
7ff3849ce000-7ff384bcd000 ---p 00012000 08:05 16253453                   /home/luis/.rbenv/versions/jruby-1.7.10/lib/jni/x86_64-Linux/libjffi-1.2.so
7ff384bcd000-7ff384bce000 rw-p 00011000 08:05 16253453                   /home/luis/.rbenv/versions/jruby-1.7.10/lib/jni/x86_64-Linux/libjffi-1.2.so
7ff384bce000-7ff384bde000 r-xp 00000000 08:05 12322344                   /usr/lib/jvm/java-7-openjdk-amd64/jre/lib/amd64/libnio.so
7ff384bde000-7ff384dde000 ---p 00010000 08:05 12322344                   /usr/lib/jvm/java-7-openjdk-amd64/jre/lib/amd64/libnio.so
7ff384dde000-7ff384ddf000 r--p 00010000 08:05 12322344                   /usr/lib/jvm/java-7-openjdk-amd64/jre/lib/amd64/libnio.so
7ff384ddf000-7ff384de0000 rw-p 00011000 08:05 12322344                   /usr/lib/jvm/java-7-openjdk-amd64/jre/lib/amd64/libnio.so
7ff384de0000-7ff384e1d000 r-xp 00000000 08:05 9834371                    /lib/x86_64-linux-gnu/libpcre.so.3.13.1
7ff384e1d000-7ff38501d000 ---p 0003d000 08:05 9834371                    /lib/x86_64-linux-gnu/libpcre.so.3.13.1
7ff38501d000-7ff38501e000 r--p 0003d000 08:05 9834371                    /lib/x86_64-linux-gnu/libpcre.so.3.13.1
7ff38501e000-7ff38501f000 rw-p 0003e000 08:05 9834371                    /lib/x86_64-linux-gnu/libpcre.so.3.13.1
7ff38501f000-7ff385026000 r-xp 00000000 08:05 12196946                   /usr/lib/x86_64-linux-gnu/libffi.so.6.0.1
7ff385026000-7ff385225000 ---p 00007000 08:05 12196946                   /usr/lib/x86_64-linux-gnu/libffi.so.6.0.1
7ff385225000-7ff385226000 r--p 00006000 08:05 12196946                   /usr/lib/x86_64-linux-gnu/libffi.so.6.0.1
7ff385226000-7ff385227000 rw-p 00007000 08:05 12196946                   /usr/lib/x86_64-linux-gnu/libffi.so.6.0.1
7ff385227000-7ff38523d000 r-xp 00000000 08:05 9834394                    /lib/x86_64-linux-gnu/libresolv-2.17.so
7ff38523d000-7ff38543d000 ---p 00016000 08:05 9834394                    /lib/x86_64-linux-gnu/libresolv-2.17.so
7ff38543d000-7ff38543e000 r--p 00016000 08:05 9834394                    /lib/x86_64-linux-gnu/libresolv-2.17.so
7ff38543e000-7ff38543f000 rw-p 00017000 08:05 9834394                    /lib/x86_64-linux-gnu/libresolv-2.17.so
7ff38543f000-7ff385441000 rw-p 00000000 00:00 0 
7ff385441000-7ff385460000 r-xp 00000000 08:05 9834398                    /lib/x86_64-linux-gnu/libselinux.so.1
7ff385460000-7ff385660000 ---p 0001f000 08:05 9834398                    /lib/x86_64-linux-gnu/libselinux.so.1
7ff385660000-7ff385661000 r--p 0001f000 08:05 9834398                    /lib/x86_64-linux-gnu/libselinux.so.1
7ff385661000-7ff385662000 rw-p 00020000 08:05 9834398                    /lib/x86_64-linux-gnu/libselinux.so.1
7ff385662000-7ff385663000 rw-p 00000000 00:00 0 
7ff385663000-7ff385666000 r-xp 00000000 08:05 12190134                   /usr/lib/x86_64-linux-gnu/libgmodule-2.0.so.0.3800.1
7ff385666000-7ff385865000 ---p 00003000 08:05 12190134                   /usr/lib/x86_64-linux-gnu/libgmodule-2.0.so.0.3800.1
7ff385865000-7ff385866000 r--p 00002000 08:05 12190134                   /usr/lib/x86_64-linux-gnu/libgmodule-2.0.so.0.3800.1
7ff385866000-7ff385867000 rw-p 00003000 08:05 12190134                   /usr/lib/x86_64-linux-gnu/libgmodule-2.0.so.0.3800.1
7ff385867000-7ff385965000 r-xp 00000000 08:05 9834386                    /lib/x86_64-linux-gnu/libglib-2.0.so.0.3800.1
7ff385965000-7ff385b65000 ---p 000fe000 08:05 9834386                    /lib/x86_64-linux-gnu/libglib-2.0.so.0.3800.1
7ff385b65000-7ff385b66000 r--p 000fe000 08:05 9834386                    /lib/x86_64-linux-gnu/libglib-2.0.so.0.3800.1
7ff385b66000-7ff385b67000 rw-p 000ff000 08:05 9834386                    /lib/x86_64-linux-gnu/libglib-2.0.so.0.3800.1
7ff385b67000-7ff385b68000 rw-p 00000000 00:00 0 
7ff385b68000-7ff385bb7000 r-xp 00000000 08:05 12190125                   /usr/lib/x86_64-linux-gnu/libgobject-2.0.so.0.3800.1
7ff385bb7000-7ff385db7000 ---p 0004f000 08:05 12190125                   /usr/lib/x86_64-linux-gnu/libgobject-2.0.so.0.3800.1
7ff385db7000-7ff385db8000 r--p 0004f000 08:05 12190125                   /usr/lib/x86_64-linux-gnu/libgobject-2.0.so.0.3800.1
7ff385db8000-7ff385db9000 rw-p 00050000 08:05 12190125                   /usr/lib/x86_64-linux-gnu/libgobject-2.0.so.0.3800.1
7ff385db9000-7ff385f15000 r-xp 00000000 08:05 12190099                   /usr/lib/x86_64-linux-gnu/libgio-2.0.so.0.3800.1
7ff385f15000-7ff386114000 ---p 0015c000 08:05 12190099                   /usr/lib/x86_64-linux-gnu/libgio-2.0.so.0.3800.1
7ff386114000-7ff386118000 r--p 0015b000 08:05 12190099                   /usr/lib/x86_64-linux-gnu/libgio-2.0.so.0.3800.1
7ff386118000-7ff38611a000 rw-p 0015f000 08:05 12190099                   /usr/lib/x86_64-linux-gnu/libgio-2.0.so.0.3800.1
7ff38611a000-7ff38611c000 rw-p 00000000 00:00 0 
7ff38611c000-7ff386132000 r-xp 00000000 08:05 12322132                   /usr/lib/jvm/java-7-openjdk-amd64/jre/lib/amd64/libnet.so
7ff386132000-7ff386331000 ---p 00016000 08:05 12322132                   /usr/lib/jvm/java-7-openjdk-amd64/jre/lib/amd64/libnet.so
7ff386331000-7ff386332000 r--p 00015000 08:05 12322132                   /usr/lib/jvm/java-7-openjdk-amd64/jre/lib/amd64/libnet.so
7ff386332000-7ff386333000 rw-p 00016000 08:05 12322132                   /usr/lib/jvm/java-7-openjdk-amd64/jre/lib/amd64/libnet.so
7ff386333000-7ff386334000 ---p 00000000 00:00 0 
7ff386334000-7ff386434000 rw-p 00000000 00:00 0                          [stack:4414]
7ff386434000-7ff386437000 ---p 00000000 00:00 0 
7ff386437000-7ff386635000 rw-p 00000000 00:00 0                          [stack:4413]
7ff386635000-7ff386638000 ---p 00000000 00:00 0 
7ff386638000-7ff386736000 rw-p 00000000 00:00 0                          [stack:4412]
7ff386736000-7ff386b30000 r--p 00000000 08:05 12195384                   /usr/lib/locale/locale-archive
7ff386b30000-7ff388000000 rw-p 00000000 00:00 0 
7ff388000000-7ff388021000 rw-p 00000000 00:00 0 
7ff388021000-7ff38c000000 ---p 00000000 00:00 0 
7ff38c079000-7ff38c07c000 ---p 00000000 00:00 0 
7ff38c07c000-7ff38c0b2000 rw-p 00000000 00:00 0                          [stack:4417]
7ff38c0b2000-7ff38c0b5000 ---p 00000000 00:00 0 
7ff38c0b5000-7ff38c1b3000 rw-p 00000000 00:00 0                          [stack:4411]
7ff38c1b3000-7ff38c1b6000 ---p 00000000 00:00 0 
7ff38c1b6000-7ff38c3b4000 rw-p 00000000 00:00 0                          [stack:4410]
7ff38c3b4000-7ff38c3b7000 ---p 00000000 00:00 0 
7ff38c3b7000-7ff38c5b5000 rw-p 00000000 00:00 0                          [stack:4409]
7ff38c5b5000-7ff38c5b8000 ---p 00000000 00:00 0 
7ff38c5b8000-7ff38c7b6000 rw-p 00000000 00:00 0                          [stack:4408]
7ff38c7b6000-7ff38c7b7000 ---p 00000000 00:00 0 
7ff38c7b7000-7ff38d000000 rw-p 00000000 00:00 0                          [stack:4407]
7ff38d000000-7ff38d270000 rwxp 00000000 00:00 0 
7ff38d270000-7ff39052b000 rw-p 00000000 00:00 0 
7ff39052b000-7ff394000000 ---p 00000000 00:00 0 
7ff394019000-7ff3948ad000 rw-p 00000000 00:00 0 
7ff3948ad000-7ff394996000 r--s 00bb9000 08:05 16253440                   /home/luis/.rbenv/versions/jruby-1.7.10/lib/jruby.jar
7ff394996000-7ff3949de000 rw-p 00000000 00:00 0 
7ff3949de000-7ff394b8c000 r--s 01cf4000 08:05 12322430                   /usr/lib/jvm/java-7-openjdk-amd64/jre/lib/rt.jar
7ff394b8c000-7ff394dd2000 rw-p 00000000 00:00 0 
7ff394dd2000-7ff394dd3000 ---p 00000000 00:00 0 
7ff394dd3000-7ff394ed3000 rw-p 00000000 00:00 0                          [stack:4406]
7ff394ed3000-7ff394ed4000 ---p 00000000 00:00 0 
7ff394ed4000-7ff394fd4000 rw-p 00000000 00:00 0                          [stack:4405]
7ff394fd4000-7ff394fd5000 ---p 00000000 00:00 0 
7ff394fd5000-7ff3950d5000 rw-p 00000000 00:00 0                          [stack:4404]
7ff3950d5000-7ff3950d6000 ---p 00000000 00:00 0 
7ff3950d6000-7ff3951e3000 rw-p 00000000 00:00 0                          [stack:4403]
7ff3951e3000-7ff395229000 rw-p 00000000 00:00 0 
7ff395229000-7ff39523d000 rw-p 00000000 00:00 0 
7ff39523d000-7ff3952cf000 rw-p 00000000 00:00 0 
7ff3952cf000-7ff3952e1000 rw-p 00000000 00:00 0 
7ff3952e1000-7ff395323000 rw-p 00000000 00:00 0 
7ff395323000-7ff395324000 rw-p 00000000 00:00 0 
7ff395324000-7ff39532c000 r-xp 00000000 08:05 12322081                   /usr/lib/jvm/java-7-openjdk-amd64/jre/lib/amd64/libzip.so
7ff39532c000-7ff39552b000 ---p 00008000 08:05 12322081                   /usr/lib/jvm/java-7-openjdk-amd64/jre/lib/amd64/libzip.so
7ff39552b000-7ff39552c000 r--p 00007000 08:05 12322081                   /usr/lib/jvm/java-7-openjdk-amd64/jre/lib/amd64/libzip.so
7ff39552c000-7ff39552d000 rw-p 00008000 08:05 12322081                   /usr/lib/jvm/java-7-openjdk-amd64/jre/lib/amd64/libzip.so
7ff39552d000-7ff395539000 r-xp 00000000 08:05 9834349                    /lib/x86_64-linux-gnu/libnss_files-2.17.so
7ff395539000-7ff395738000 ---p 0000c000 08:05 9834349                    /lib/x86_64-linux-gnu/libnss_files-2.17.so
7ff395738000-7ff395739000 r--p 0000b000 08:05 9834349                    /lib/x86_64-linux-gnu/libnss_files-2.17.so
7ff395739000-7ff39573a000 rw-p 0000c000 08:05 9834349                    /lib/x86_64-linux-gnu/libnss_files-2.17.so
7ff39573a000-7ff395745000 r-xp 00000000 08:05 9834353                    /lib/x86_64-linux-gnu/libnss_nis-2.17.so
7ff395745000-7ff395944000 ---p 0000b000 08:05 9834353                    /lib/x86_64-linux-gnu/libnss_nis-2.17.so
7ff395944000-7ff395945000 r--p 0000a000 08:05 9834353                    /lib/x86_64-linux-gnu/libnss_nis-2.17.so
7ff395945000-7ff395946000 rw-p 0000b000 08:05 9834353                    /lib/x86_64-linux-gnu/libnss_nis-2.17.so
7ff395946000-7ff39595d000 r-xp 00000000 08:05 9834343                    /lib/x86_64-linux-gnu/libnsl-2.17.so
7ff39595d000-7ff395b5c000 ---p 00017000 08:05 9834343                    /lib/x86_64-linux-gnu/libnsl-2.17.so
7ff395b5c000-7ff395b5d000 r--p 00016000 08:05 9834343                    /lib/x86_64-linux-gnu/libnsl-2.17.so
7ff395b5d000-7ff395b5e000 rw-p 00017000 08:05 9834343                    /lib/x86_64-linux-gnu/libnsl-2.17.so
7ff395b5e000-7ff395b60000 rw-p 00000000 00:00 0 
7ff395b60000-7ff395b68000 r-xp 00000000 08:05 9834345                    /lib/x86_64-linux-gnu/libnss_compat-2.17.so
7ff395b68000-7ff395d67000 ---p 00008000 08:05 9834345                    /lib/x86_64-linux-gnu/libnss_compat-2.17.so
7ff395d67000-7ff395d68000 r--p 00007000 08:05 9834345                    /lib/x86_64-linux-gnu/libnss_compat-2.17.so
7ff395d68000-7ff395d69000 rw-p 00008000 08:05 9834345                    /lib/x86_64-linux-gnu/libnss_compat-2.17.so
7ff395d69000-7ff395d94000 r-xp 00000000 08:05 12322007                   /usr/lib/jvm/java-7-openjdk-amd64/jre/lib/amd64/libjava.so
7ff395d94000-7ff395f93000 ---p 0002b000 08:05 12322007                   /usr/lib/jvm/java-7-openjdk-amd64/jre/lib/amd64/libjava.so
7ff395f93000-7ff395f94000 r--p 0002a000 08:05 12322007                   /usr/lib/jvm/java-7-openjdk-amd64/jre/lib/amd64/libjava.so
7ff395f94000-7ff395f96000 rw-p 0002b000 08:05 12322007                   /usr/lib/jvm/java-7-openjdk-amd64/jre/lib/amd64/libjava.so
7ff395f96000-7ff395fa6000 r-xp 00000000 08:05 12322321                   /usr/lib/jvm/java-7-openjdk-amd64/jre/lib/amd64/libverify.so
7ff395fa6000-7ff3961a5000 ---p 00010000 08:05 12322321                   /usr/lib/jvm/java-7-openjdk-amd64/jre/lib/amd64/libverify.so
7ff3961a5000-7ff3961a7000 r--p 0000f000 08:05 12322321                   /usr/lib/jvm/java-7-openjdk-amd64/jre/lib/amd64/libverify.so
7ff3961a7000-7ff3961a8000 rw-p 00011000 08:05 12322321                   /usr/lib/jvm/java-7-openjdk-amd64/jre/lib/amd64/libverify.so
7ff3961a8000-7ff3961af000 r-xp 00000000 08:05 9834396                    /lib/x86_64-linux-gnu/librt-2.17.so
7ff3961af000-7ff3963ae000 ---p 00007000 08:05 9834396                    /lib/x86_64-linux-gnu/librt-2.17.so
7ff3963ae000-7ff3963af000 r--p 00006000 08:05 9834396                    /lib/x86_64-linux-gnu/librt-2.17.so
7ff3963af000-7ff3963b0000 rw-p 00007000 08:05 9834396                    /lib/x86_64-linux-gnu/librt-2.17.so
7ff3963b0000-7ff3963b3000 ---p 00000000 00:00 0 
7ff3963b3000-7ff3965b1000 rw-p 00000000 00:00 0                          [stack:4402]
7ff3965b1000-7ff3965c6000 r-xp 00000000 08:05 9830413                    /lib/x86_64-linux-gnu/libgcc_s.so.1
7ff3965c6000-7ff3967c5000 ---p 00015000 08:05 9830413                    /lib/x86_64-linux-gnu/libgcc_s.so.1
7ff3967c5000-7ff3967c6000 r--p 00014000 08:05 9830413                    /lib/x86_64-linux-gnu/libgcc_s.so.1
7ff3967c6000-7ff3967c7000 rw-p 00015000 08:05 9830413                    /lib/x86_64-linux-gnu/libgcc_s.so.1
7ff3967c7000-7ff3968ca000 r-xp 00000000 08:05 9834324                    /lib/x86_64-linux-gnu/libm-2.17.so
7ff3968ca000-7ff396ac9000 ---p 00103000 08:05 9834324                    /lib/x86_64-linux-gnu/libm-2.17.so
7ff396ac9000-7ff396aca000 r--p 00102000 08:05 9834324                    /lib/x86_64-linux-gnu/libm-2.17.so
7ff396aca000-7ff396acb000 rw-p 00103000 08:05 9834324                    /lib/x86_64-linux-gnu/libm-2.17.so
7ff396acb000-7ff396bb1000 r-xp 00000000 08:05 12190887                   /usr/lib/x86_64-linux-gnu/libstdc++.so.6.0.18
7ff396bb1000-7ff396db0000 ---p 000e6000 08:05 12190887                   /usr/lib/x86_64-linux-gnu/libstdc++.so.6.0.18
7ff396db0000-7ff396db8000 r--p 000e5000 08:05 12190887                   /usr/lib/x86_64-linux-gnu/libstdc++.so.6.0.18
7ff396db8000-7ff396dba000 rw-p 000ed000 08:05 12190887                   /usr/lib/x86_64-linux-gnu/libstdc++.so.6.0.18
7ff396dba000-7ff396dcf000 rw-p 00000000 00:00 0 
7ff396dcf000-7ff3978ae000 r-xp 00000000 08:05 12322340                   /usr/lib/jvm/java-7-openjdk-amd64/jre/lib/amd64/server/libjvm.so
7ff3978ae000-7ff397aad000 ---p 00adf000 08:05 12322340                   /usr/lib/jvm/java-7-openjdk-amd64/jre/lib/amd64/server/libjvm.so
7ff397aad000-7ff397b3f000 r--p 00ade000 08:05 12322340                   /usr/lib/jvm/java-7-openjdk-amd64/jre/lib/amd64/server/libjvm.so
7ff397b3f000-7ff397b62000 rw-p 00b70000 08:05 12322340                   /usr/lib/jvm/java-7-openjdk-amd64/jre/lib/amd64/server/libjvm.so
7ff397b62000-7ff397b8f000 rw-p 00000000 00:00 0 
7ff397b8f000-7ff397ba7000 r-xp 00000000 08:05 9834431                    /lib/x86_64-linux-gnu/libz.so.1.2.8
7ff397ba7000-7ff397da6000 ---p 00018000 08:05 9834431                    /lib/x86_64-linux-gnu/libz.so.1.2.8
7ff397da6000-7ff397da7000 r--p 00017000 08:05 9834431                    /lib/x86_64-linux-gnu/libz.so.1.2.8
7ff397da7000-7ff397da8000 rw-p 00018000 08:05 9834431                    /lib/x86_64-linux-gnu/libz.so.1.2.8
7ff397da8000-7ff397dbf000 r-xp 00000000 08:05 9834388                    /lib/x86_64-linux-gnu/libpthread-2.17.so
7ff397dbf000-7ff397fbf000 ---p 00017000 08:05 9834388                    /lib/x86_64-linux-gnu/libpthread-2.17.so
7ff397fbf000-7ff397fc0000 r--p 00017000 08:05 9834388                    /lib/x86_64-linux-gnu/libpthread-2.17.so
7ff397fc0000-7ff397fc1000 rw-p 00018000 08:05 9834388                    /lib/x86_64-linux-gnu/libpthread-2.17.so
7ff397fc1000-7ff397fc5000 rw-p 00000000 00:00 0 
7ff397fc5000-7ff397fc8000 r-xp 00000000 08:05 9834288                    /lib/x86_64-linux-gnu/libdl-2.17.so
7ff397fc8000-7ff3981c7000 ---p 00003000 08:05 9834288                    /lib/x86_64-linux-gnu/libdl-2.17.so
7ff3981c7000-7ff3981c8000 r--p 00002000 08:05 9834288                    /lib/x86_64-linux-gnu/libdl-2.17.so
7ff3981c8000-7ff3981c9000 rw-p 00003000 08:05 9834288                    /lib/x86_64-linux-gnu/libdl-2.17.so
7ff3981c9000-7ff398386000 r-xp 00000000 08:05 9834273                    /lib/x86_64-linux-gnu/libc-2.17.so
7ff398386000-7ff398586000 ---p 001bd000 08:05 9834273                    /lib/x86_64-linux-gnu/libc-2.17.so
7ff398586000-7ff39858a000 r--p 001bd000 08:05 9834273                    /lib/x86_64-linux-gnu/libc-2.17.so
7ff39858a000-7ff39858c000 rw-p 001c1000 08:05 9834273                    /lib/x86_64-linux-gnu/libc-2.17.so
7ff39858c000-7ff398591000 rw-p 00000000 00:00 0 
7ff398591000-7ff39859e000 r-xp 00000000 08:05 12322347                   /usr/lib/jvm/java-7-openjdk-amd64/jre/lib/amd64/jli/libjli.so
7ff39859e000-7ff39879d000 ---p 0000d000 08:05 12322347                   /usr/lib/jvm/java-7-openjdk-amd64/jre/lib/amd64/jli/libjli.so
7ff39879d000-7ff39879e000 r--p 0000c000 08:05 12322347                   /usr/lib/jvm/java-7-openjdk-amd64/jre/lib/amd64/jli/libjli.so
7ff39879e000-7ff39879f000 rw-p 0000d000 08:05 12322347                   /usr/lib/jvm/java-7-openjdk-amd64/jre/lib/amd64/jli/libjli.so
7ff39879f000-7ff3987c2000 r-xp 00000000 08:05 9834249                    /lib/x86_64-linux-gnu/ld-2.17.so
7ff3987c8000-7ff3987c9000 r-xp 00000000 00:00 0 
7ff3987c9000-7ff3987d0000 r--s 00000000 08:05 12588976                   /usr/lib/x86_64-linux-gnu/gconv/gconv-modules.cache
7ff3987d0000-7ff3987d5000 r--s 0004c000 08:05 12322352                   /usr/lib/jvm/java-7-openjdk-amd64/jre/lib/jsse.jar
7ff3987d5000-7ff3987d8000 r--s 00032000 08:05 12322366                   /usr/lib/jvm/java-7-openjdk-amd64/jre/lib/ext/sunjce_provider.jar
7ff3987d8000-7ff3987db000 r--s 0000f000 08:05 12322362                   /usr/lib/jvm/java-7-openjdk-amd64/jre/lib/ext/pulse-java.jar
7ff3987db000-7ff3987f6000 rw-p 00000000 00:00 0 
7ff3987f6000-7ff39883c000 rw-p 00000000 00:00 0 
7ff39883c000-7ff398850000 rw-p 00000000 00:00 0 
7ff398850000-7ff3988e3000 rw-p 00000000 00:00 0 
7ff3988e3000-7ff3988ed000 rw-p 00000000 00:00 0 
7ff3988ed000-7ff3989a3000 rw-p 00000000 00:00 0 
7ff3989a3000-7ff3989a8000 rw-p 00000000 00:00 0 
7ff3989a8000-7ff3989aa000 r--s 00006000 08:05 12717881                   /usr/share/java/java-atk-wrapper.jar
7ff3989aa000-7ff3989ae000 r--s 00085000 08:05 12322360                   /usr/lib/jvm/java-7-openjdk-amd64/jre/lib/ext/localedata.jar
7ff3989ae000-7ff3989b2000 r--s 0003b000 08:05 12322372                   /usr/lib/jvm/java-7-openjdk-amd64/jre/lib/ext/sunpkcs11.jar
7ff3989b2000-7ff3989b3000 r--s 00002000 08:05 12322370                   /usr/lib/jvm/java-7-openjdk-amd64/jre/lib/ext/dnsns.jar
7ff3989b3000-7ff3989b5000 r--s 00012000 08:05 12322364                   /usr/lib/jvm/java-7-openjdk-amd64/jre/lib/ext/zipfs.jar
7ff3989b5000-7ff3989bd000 rw-s 00000000 08:05 7340054                    /tmp/hsperfdata_luis/4377
7ff3989bd000-7ff3989be000 rw-p 00000000 00:00 0 
7ff3989be000-7ff3989bf000 r--p 00000000 00:00 0 
7ff3989bf000-7ff3989c1000 rw-p 00000000 00:00 0 
7ff3989c1000-7ff3989c2000 r--p 00022000 08:05 9834249                    /lib/x86_64-linux-gnu/ld-2.17.so
7ff3989c2000-7ff3989c4000 rw-p 00023000 08:05 9834249                    /lib/x86_64-linux-gnu/ld-2.17.so
7fffa6755000-7fffa6776000 rw-p 00000000 00:00 0                          [stack]
7fffa67fe000-7fffa6800000 r-xp 00000000 00:00 0                          [vdso]
ffffffffff600000-ffffffffff601000 r-xp 00000000 00:00 0                  [vsyscall]

VM Arguments:
jvm_args: -Djdk.home= -Djruby.home=/home/luis/.rbenv/versions/jruby-1.7.10 -Djruby.script=jruby -Djruby.shell=/bin/sh -Djffi.boot.library.path=/home/luis/.rbenv/versions/jruby-1.7.10/lib/jni:/home/luis/.rbenv/versions/jruby-1.7.10/lib/jni/arm-Linux:/home/luis/.rbenv/versions/jruby-1.7.10/lib/jni/x86_64-Linux:/home/luis/.rbenv/versions/jruby-1.7.10/lib/jni/i386-Linux -Xmx500m -Xss2048k -Xbootclasspath/a:/home/luis/.rbenv/versions/jruby-1.7.10/lib/jruby.jar 
java_command: org/jruby/Main Makefile.rb clean compile test
Launcher Type: SUN_STANDARD

Environment Variables:
PATH=/home/luis/.rbenv/versions/jruby-1.7.10/bin:/home/luis/.rbenv/libexec:/home/luis/.rbenv/plugins/ruby-build/bin:/home/luis/.rbenv/shims:~/.rbenv/bin:~/.rbenv/bin:/usr/local/sbin:/usr/local/bin:/usr/sbin:/usr/bin:/sbin:/bin:/usr/games:/usr/local/games
USERNAME=luis
SHELL=/bin/bash
DISPLAY=:0

Signal Handlers:
SIGSEGV: [libjvm.so+0x916ea0], sa_mask[0]=0x7ffbfeff, sa_flags=0x10000004
SIGBUS: [libjvm.so+0x916ea0], sa_mask[0]=0x7ffbfeff, sa_flags=0x10000004
SIGFPE: [libjvm.so+0x794800], sa_mask[0]=0x7ffbfeff, sa_flags=0x10000004
SIGPIPE: [libjvm.so+0x794800], sa_mask[0]=0x7ffbfeff, sa_flags=0x10000004
SIGXFSZ: [libjvm.so+0x794800], sa_mask[0]=0x7ffbfeff, sa_flags=0x10000004
SIGILL: [libjvm.so+0x794800], sa_mask[0]=0x7ffbfeff, sa_flags=0x10000004
SIGUSR1: SIG_DFL, sa_mask[0]=0x00000000, sa_flags=0x00000000
SIGUSR2: [libjvm.so+0x7946a0], sa_mask[0]=0x00000000, sa_flags=0x10000004
SIGHUP: [libjvm.so+0x794880], sa_mask[0]=0x7ffbfeff, sa_flags=0x10000004
SIGINT: [libjvm.so+0x794880], sa_mask[0]=0x7ffbfeff, sa_flags=0x10000004
SIGTERM: [libjvm.so+0x794880], sa_mask[0]=0x7ffbfeff, sa_flags=0x10000004
SIGQUIT: [libjvm.so+0x794880], sa_mask[0]=0x7ffbfeff, sa_flags=0x10000004


---------------  S Y S T E M  ---------------

OS:LinuxMint 16 (petra)
uname:Linux 3.11.0-12-generic #19-Ubuntu SMP Wed Oct 9 16:20:46 UTC 2013 x86_64
libc:glibc 2.17 NPTL 2.17 
rlimit: STACK 8192k, CORE 0k, NPROC 29806, NOFILE 4096, AS infinity
load average:0,89 0,85 0,65

/proc/meminfo:
MemTotal:        3844532 kB
MemFree:         1913156 kB
Buffers:          107660 kB
Cached:           961656 kB
SwapCached:            0 kB
Active:          1037424 kB
Inactive:         743268 kB
Active(anon):     712368 kB
Inactive(anon):   171244 kB
Active(file):     325056 kB
Inactive(file):   572024 kB
Unevictable:           0 kB
Mlocked:               0 kB
SwapTotal:       3987452 kB
SwapFree:        3987452 kB
Dirty:               308 kB
Writeback:             0 kB
AnonPages:        711388 kB
Mapped:           143876 kB
Shmem:            172240 kB
Slab:              86700 kB
SReclaimable:      64380 kB
SUnreclaim:        22320 kB
KernelStack:        3216 kB
PageTables:        17696 kB
NFS_Unstable:          0 kB
Bounce:                0 kB
WritebackTmp:          0 kB
CommitLimit:     5909716 kB
Committed_AS:    2387888 kB
VmallocTotal:   34359738367 kB
VmallocUsed:      348004 kB
VmallocChunk:   34359386076 kB
HardwareCorrupted:     0 kB
AnonHugePages:         0 kB
HugePages_Total:       0
HugePages_Free:        0
HugePages_Rsvd:        0
HugePages_Surp:        0
Hugepagesize:       2048 kB
DirectMap4k:       56564 kB
DirectMap2M:     3932160 kB


CPU:total 4 (2 cores per cpu, 2 threads per core) family 6 model 37 stepping 5, cmov, cx8, fxsr, mmx, sse, sse2, sse3, ssse3, sse4.1, sse4.2, popcnt, ht, tsc, tscinvbit

/proc/cpuinfo:
processor	: 0
vendor_id	: GenuineIntel
cpu family	: 6
model		: 37
model name	: Intel(R) Core(TM) i5 CPU       M 460  @ 2.53GHz
stepping	: 5
microcode	: 0x2
cpu MHz		: 1199.000
cache size	: 3072 KB
physical id	: 0
siblings	: 4
core id		: 0
cpu cores	: 2
apicid		: 0
initial apicid	: 0
fpu		: yes
fpu_exception	: yes
cpuid level	: 11
wp		: yes
flags		: fpu vme de pse tsc msr pae mce cx8 apic sep mtrr pge mca cmov pat pse36 clflush dts acpi mmx fxsr sse sse2 ss ht tm pbe syscall nx rdtscp lm constant_tsc arch_perfmon pebs bts rep_good nopl xtopology nonstop_tsc aperfmperf pni dtes64 monitor ds_cpl vmx est tm2 ssse3 cx16 xtpr pdcm pcid sse4_1 sse4_2 popcnt lahf_lm ida arat dtherm tpr_shadow vnmi flexpriority ept vpid
bogomips	: 5067.06
clflush size	: 64
cache_alignment	: 64
address sizes	: 36 bits physical, 48 bits virtual
power management:

processor	: 1
vendor_id	: GenuineIntel
cpu family	: 6
model		: 37
model name	: Intel(R) Core(TM) i5 CPU       M 460  @ 2.53GHz
stepping	: 5
microcode	: 0x2
cpu MHz		: 1199.000
cache size	: 3072 KB
physical id	: 0
siblings	: 4
core id		: 0
cpu cores	: 2
apicid		: 1
initial apicid	: 1
fpu		: yes
fpu_exception	: yes
cpuid level	: 11
wp		: yes
flags		: fpu vme de pse tsc msr pae mce cx8 apic sep mtrr pge mca cmov pat pse36 clflush dts acpi mmx fxsr sse sse2 ss ht tm pbe syscall nx rdtscp lm constant_tsc arch_perfmon pebs bts rep_good nopl xtopology nonstop_tsc aperfmperf pni dtes64 monitor ds_cpl vmx est tm2 ssse3 cx16 xtpr pdcm pcid sse4_1 sse4_2 popcnt lahf_lm ida arat dtherm tpr_shadow vnmi flexpriority ept vpid
bogomips	: 5067.06
clflush size	: 64
cache_alignment	: 64
address sizes	: 36 bits physical, 48 bits virtual
power management:

processor	: 2
vendor_id	: GenuineIntel
cpu family	: 6
model		: 37
model name	: Intel(R) Core(TM) i5 CPU       M 460  @ 2.53GHz
stepping	: 5
microcode	: 0x2
cpu MHz		: 2534.000
cache size	: 3072 KB
physical id	: 0
siblings	: 4
core id		: 2
cpu cores	: 2
apicid		: 4
initial apicid	: 4
fpu		: yes
fpu_exception	: yes
cpuid level	: 11
wp		: yes
flags		: fpu vme de pse tsc msr pae mce cx8 apic sep mtrr pge mca cmov pat pse36 clflush dts acpi mmx fxsr sse sse2 ss ht tm pbe syscall nx rdtscp lm constant_tsc arch_perfmon pebs bts rep_good nopl xtopology nonstop_tsc aperfmperf pni dtes64 monitor ds_cpl vmx est tm2 ssse3 cx16 xtpr pdcm pcid sse4_1 sse4_2 popcnt lahf_lm ida arat dtherm tpr_shadow vnmi flexpriority ept vpid
bogomips	: 5067.06
clflush size	: 64
cache_alignment	: 64
address sizes	: 36 bits physical, 48 bits virtual
power management:

processor	: 3
vendor_id	: GenuineIntel
cpu family	: 6
model		: 37
model name	: Intel(R) Core(TM) i5 CPU       M 460  @ 2.53GHz
stepping	: 5
microcode	: 0x2
cpu MHz		: 1599.000
cache size	: 3072 KB
physical id	: 0
siblings	: 4
core id		: 2
cpu cores	: 2
apicid		: 5
initial apicid	: 5
fpu		: yes
fpu_exception	: yes
cpuid level	: 11
wp		: yes
flags		: fpu vme de pse tsc msr pae mce cx8 apic sep mtrr pge mca cmov pat pse36 clflush dts acpi mmx fxsr sse sse2 ss ht tm pbe syscall nx rdtscp lm constant_tsc arch_perfmon pebs bts rep_good nopl xtopology nonstop_tsc aperfmperf pni dtes64 monitor ds_cpl vmx est tm2 ssse3 cx16 xtpr pdcm pcid sse4_1 sse4_2 popcnt lahf_lm ida arat dtherm tpr_shadow vnmi flexpriority ept vpid
bogomips	: 5067.06
clflush size	: 64
cache_alignment	: 64
address sizes	: 36 bits physical, 48 bits virtual
power management:



Memory: 4k page, physical 3844532k(1913156k free), swap 3987452k(3987452k free)

vm_info: OpenJDK 64-Bit Server VM (24.45-b08) for linux-amd64 JRE (1.7.0_51-b00), built on Jan 15 2014 22:02:57 by "buildd" with gcc 4.8.1

time: Sun Mar  9 17:41:10 2014
elapsed time: 3 seconds

