#
# A fatal error has been detected by the Java Runtime Environment:
#
#  SIGSEGV (0xb) at pc=0x00007fbef187dcf8, pid=5987, tid=140458385180416
#
# JRE version: OpenJDK Runtime Environment (7.0_51) (build 1.7.0_51-b00)
# Java VM: OpenJDK 64-Bit Server VM (24.45-b08 mixed mode linux-amd64 compressed oops)
# Problematic frame:
# C  [libconvex_hull.so+0xcf8]  puente_inferior+0x4a
#
# Failed to write core dump. Core dumps have been disabled. To enable core dumping, try "ulimit -c unlimited" before starting Java again
#
# If you would like to submit a bug report, please include
# instructions on how to reproduce the bug and visit:
#   http://icedtea.classpath.org/bugzilla
# The crash happened outside the Java Virtual Machine in native code.
# See problematic frame for where to report the bug.
#

---------------  T H R E A D  ---------------

Current thread (0x00007fbf0000a800):  JavaThread "main" [_thread_in_native, id=6012, stack(0x00007fbf04078000,0x00007fbf04279000)]

siginfo:si_signo=SIGSEGV: si_errno=0, si_code=1 (SEGV_MAPERR), si_addr=0x0000000000000000

Registers:
RAX=0x0000000000000000, RBX=0x00000000d79ca6a0, RCX=0x000000000000183a, RDX=0x00007fbf0052b8a0
RSP=0x00007fbf04275e00, RBP=0x00007fbf04275e40, RSI=0x00007fbf0052b8a0, RDI=0x00007fbf00522830
R8 =0x00007fbf062516a0, R9 =0x0000000000000018, R10=0x00007fbf04275bd0, R11=0x00007fbef1c8393f
R12=0x0000000000000000, R13=0x00000000d79ca6a0, R14=0x00007fbf04276008, R15=0x00007fbf0000a800
RIP=0x00007fbef187dcf8, EFLAGS=0x0000000000010293, CSGSFS=0x0000000000000033, ERR=0x0000000000000004
  TRAPNO=0x000000000000000e

Top of Stack: (sp=0x00007fbf04275e00)
0x00007fbf04275e00:   00007fbf0052b8a0 00007fbf00522830
0x00007fbf04275e10:   00000000d79ca6a0 0000000104276008
0x00007fbf04275e20:   0000000100000003 0000000000000000
0x00007fbf04275e30:   00007fbf005227e0 00007fbf005227d0
0x00007fbf04275e40:   00007fbf04275ea0 00007fbef187ddd2
0x00007fbf04275e50:   00007fbf0052b8a0 00007fbf00522830
0x00007fbf04275e60:   0000000300000001 00007fbf0052bac0
0x00007fbf04275e70:   00007fbf00522850 00007fbf0052baa0
0x00007fbf04275e80:   00007fbf00522870 00007fbf0052baa0
0x00007fbf04275e90:   00007fbf0052bac0 00007fbf0052bae0
0x00007fbf04275ea0:   00007fbf04275f20 00007fbef187e221
0x00007fbf04275eb0:   00007fbefc0fb814 00007fbf004e6e10
0x00007fbf04275ec0:   00000000f65df388 0000000ef61922c0
0x00007fbf04275ed0:   00007fbf00522830 00007fbf0052b8c0
0x00007fbf04275ee0:   00007fbf00527910 00007fbf005278d0
0x00007fbf04275ef0:   00007fbf0052bf40 00007fbf0052b8a0
0x00007fbf04275f00:   00000000f644e668 00000000f6469630
0x00007fbf04275f10:   00007fbf04275f10 00000000d6aa2219
0x00007fbf04275f20:   00007fbf004aaf10 00007fbef2690cd9
0x00007fbf04275f30:   0000000000000000 00000000d79ca6a0
0x00007fbf04275f40:   00007fbf04275fc0 00007fbefbf86738
0x00007fbf04275f50:   00007fbf04275fe0 00007fbefbf7a233
0x00007fbf04275f60:   00000000f6469630 00007fbefbf7a233
0x00007fbf04275f70:   00000000f79ea060 00000000f65df388
0x00007fbf04275f80:   00007fbf04275f80 0000000000000000
0x00007fbf04275f90:   00007fbf04276008 00000000d79d2bc8
0x00007fbf04275fa0:   0000000000000000 00000000d79ca6a0
0x00007fbf04275fb0:   0000000000000000 00007fbf04275fe0
0x00007fbf04275fc0:   00007fbf04276050 00007fbefbf7a175
0x00007fbf04275fd0:   00000000e10ec650 00007fbefbf82cd7
0x00007fbf04275fe0:   00007fbf004e6e10 00000000d7d61458
0x00007fbf04275ff0:   00007fbef187e153 00007fbf04276010 

Instructions: (pc=0x00007fbef187dcf8)
0x00007fbef187dcd8:   00 00 00 eb 58 48 8b 45 e8 48 8b 00 48 89 45 f0
0x00007fbef187dce8:   48 8b 45 e8 48 8b 40 08 48 89 45 e8 48 8b 45 e8
0x00007fbef187dcf8:   48 8b 00 48 89 45 f8 48 8b 55 f8 48 8b 4d f0 48
0x00007fbef187dd08:   8b 45 c0 48 89 ce 48 89 c7 e8 8a fc ff ff 89 45 

Register to memory mapping:

RAX=0x0000000000000000 is an unknown value
RBX=0x00000000d79ca6a0 is an oop
{method} 
 - klass: {other class}
RCX=0x000000000000183a is an unknown value
RDX=0x00007fbf0052b8a0 is an unknown value
RSP=0x00007fbf04275e00 is pointing into the stack for thread: 0x00007fbf0000a800
RBP=0x00007fbf04275e40 is pointing into the stack for thread: 0x00007fbf0000a800
RSI=0x00007fbf0052b8a0 is an unknown value
RDI=0x00007fbf00522830 is an unknown value
R8 =0x00007fbf062516a0: _IO_file_jumps+0 in /lib/x86_64-linux-gnu/libc.so.6 at 0x00007fbf05e91000
R9 =0x0000000000000018 is an unknown value
R10=0x00007fbf04275bd0 is pointing into the stack for thread: 0x00007fbf0000a800
R11=0x00007fbef1c8393f: destroy_point+0 in lib/lib2d_points.so at 0x00007fbef1c83000
R12=0x0000000000000000 is an unknown value
R13=0x00000000d79ca6a0 is an oop
{method} 
 - klass: {other class}
R14=0x00007fbf04276008 is pointing into the stack for thread: 0x00007fbf0000a800
R15=0x00007fbf0000a800 is a thread


Stack: [0x00007fbf04078000,0x00007fbf04279000],  sp=0x00007fbf04275e00,  free space=2039k
Native frames: (J=compiled Java code, j=interpreted, Vv=VM code, C=native code)
C  [libconvex_hull.so+0xcf8]  puente_inferior+0x4a
C  [libconvex_hull.so+0xdd2]  insertion+0x5a
C  [libconvex_hull.so+0x1221]  convex_hull+0xce

Java frames: (J=compiled Java code, j=interpreted, Vv=VM code)
j  com.kenai.jffi.Foreign.invokeL1(JJJ)J+0
j  com.kenai.jffi.Invoker.invokeL1(Lcom/kenai/jffi/CallContext;JJ)J+7
j  org.jruby.ext.ffi.jffi.NativeInvoker$ffi$1.call(Lorg/jruby/runtime/ThreadContext;Lorg/jruby/runtime/builtin/IRubyObject;Lorg/jruby/RubyModule;Ljava/lang/String;Lorg/jruby/runtime/builtin/IRubyObject;)Lorg/jruby/runtime/builtin/IRubyObject;+76
j  org.jruby.runtime.callsite.CachingCallSite.cacheAndCall(Lorg/jruby/runtime/builtin/IRubyObject;Lorg/jruby/RubyClass;Lorg/jruby/runtime/ThreadContext;Lorg/jruby/runtime/builtin/IRubyObject;Lorg/jruby/runtime/builtin/IRubyObject;)Lorg/jruby/runtime/builtin/IRubyObject;+57
J  org.jruby.runtime.callsite.CachingCallSite.call(Lorg/jruby/runtime/ThreadContext;Lorg/jruby/runtime/builtin/IRubyObject;Lorg/jruby/runtime/builtin/IRubyObject;Lorg/jruby/runtime/builtin/IRubyObject;)Lorg/jruby/runtime/builtin/IRubyObject;
J  org.jruby.ast.CallOneArgNode.interpret(Lorg/jruby/Ruby;Lorg/jruby/runtime/ThreadContext;Lorg/jruby/runtime/builtin/IRubyObject;Lorg/jruby/runtime/Block;)Lorg/jruby/runtime/builtin/IRubyObject;
j  org.jruby.ast.LocalAsgnNode.interpret(Lorg/jruby/Ruby;Lorg/jruby/runtime/ThreadContext;Lorg/jruby/runtime/builtin/IRubyObject;Lorg/jruby/runtime/Block;)Lorg/jruby/runtime/builtin/IRubyObject;+30
J  org.jruby.ast.BlockNode.interpret(Lorg/jruby/Ruby;Lorg/jruby/runtime/ThreadContext;Lorg/jruby/runtime/builtin/IRubyObject;Lorg/jruby/runtime/Block;)Lorg/jruby/runtime/builtin/IRubyObject;
j  org.jruby.evaluator.ASTInterpreter.INTERPRET_METHOD(Lorg/jruby/Ruby;Lorg/jruby/runtime/ThreadContext;Ljava/lang/String;ILorg/jruby/RubyModule;Lorg/jruby/ast/Node;Ljava/lang/String;Lorg/jruby/runtime/builtin/IRubyObject;Lorg/jruby/runtime/Block;Z)Lorg/jruby/runtime/builtin/IRubyObject;+30
j  org.jruby.internal.runtime.methods.InterpretedMethod.call(Lorg/jruby/runtime/ThreadContext;Lorg/jruby/runtime/builtin/IRubyObject;Lorg/jruby/RubyModule;Ljava/lang/String;)Lorg/jruby/runtime/builtin/IRubyObject;+80
j  org.jruby.internal.runtime.methods.DefaultMethod.call(Lorg/jruby/runtime/ThreadContext;Lorg/jruby/runtime/builtin/IRubyObject;Lorg/jruby/RubyModule;Ljava/lang/String;)Lorg/jruby/runtime/builtin/IRubyObject;+20
j  org.jruby.runtime.callsite.CachingCallSite.cacheAndCall(Lorg/jruby/runtime/builtin/IRubyObject;Lorg/jruby/RubyClass;Lorg/jruby/runtime/ThreadContext;Lorg/jruby/runtime/builtin/IRubyObject;)Lorg/jruby/runtime/builtin/IRubyObject;+53
j  org.jruby.runtime.callsite.CachingCallSite.call(Lorg/jruby/runtime/ThreadContext;Lorg/jruby/runtime/builtin/IRubyObject;Lorg/jruby/runtime/builtin/IRubyObject;)Lorg/jruby/runtime/builtin/IRubyObject;+46
j  org.jruby.ast.CallNoArgNode.interpret(Lorg/jruby/Ruby;Lorg/jruby/runtime/ThreadContext;Lorg/jruby/runtime/builtin/IRubyObject;Lorg/jruby/runtime/Block;)Lorg/jruby/runtime/builtin/IRubyObject;+18
j  org.jruby.ast.FCallTwoArgNode.interpret(Lorg/jruby/Ruby;Lorg/jruby/runtime/ThreadContext;Lorg/jruby/runtime/builtin/IRubyObject;Lorg/jruby/runtime/Block;)Lorg/jruby/runtime/builtin/IRubyObject;+28
J  org.jruby.ast.NewlineNode.interpret(Lorg/jruby/Ruby;Lorg/jruby/runtime/ThreadContext;Lorg/jruby/runtime/builtin/IRubyObject;Lorg/jruby/runtime/Block;)Lorg/jruby/runtime/builtin/IRubyObject;
j  org.jruby.ast.BlockNode.interpret(Lorg/jruby/Ruby;Lorg/jruby/runtime/ThreadContext;Lorg/jruby/runtime/builtin/IRubyObject;Lorg/jruby/runtime/Block;)Lorg/jruby/runtime/builtin/IRubyObject;+33
j  org.jruby.evaluator.ASTInterpreter.INTERPRET_METHOD(Lorg/jruby/Ruby;Lorg/jruby/runtime/ThreadContext;Ljava/lang/String;ILorg/jruby/RubyModule;Lorg/jruby/ast/Node;Ljava/lang/String;Lorg/jruby/runtime/builtin/IRubyObject;Lorg/jruby/runtime/Block;Z)Lorg/jruby/runtime/builtin/IRubyObject;+30
j  org.jruby.internal.runtime.methods.InterpretedMethod.call(Lorg/jruby/runtime/ThreadContext;Lorg/jruby/runtime/builtin/IRubyObject;Lorg/jruby/RubyModule;Ljava/lang/String;)Lorg/jruby/runtime/builtin/IRubyObject;+80
j  org.jruby.internal.runtime.methods.DefaultMethod.call(Lorg/jruby/runtime/ThreadContext;Lorg/jruby/runtime/builtin/IRubyObject;Lorg/jruby/RubyModule;Ljava/lang/String;)Lorg/jruby/runtime/builtin/IRubyObject;+20
j  org.jruby.runtime.callsite.CachingCallSite.cacheAndCall(Lorg/jruby/runtime/builtin/IRubyObject;Lorg/jruby/RubyClass;Lorg/jruby/runtime/ThreadContext;Lorg/jruby/runtime/builtin/IRubyObject;)Lorg/jruby/runtime/builtin/IRubyObject;+53
j  org.jruby.runtime.callsite.CachingCallSite.call(Lorg/jruby/runtime/ThreadContext;Lorg/jruby/runtime/builtin/IRubyObject;Lorg/jruby/runtime/builtin/IRubyObject;)Lorg/jruby/runtime/builtin/IRubyObject;+46
j  Makefile.method__2$RUBY$test(LMakefile;Lorg/jruby/runtime/ThreadContext;Lorg/jruby/runtime/builtin/IRubyObject;Lorg/jruby/runtime/Block;)Lorg/jruby/runtime/builtin/IRubyObject;+130
j  Makefile$method__2$RUBY$test.call(Lorg/jruby/runtime/ThreadContext;Lorg/jruby/runtime/builtin/IRubyObject;Lorg/jruby/RubyModule;Ljava/lang/String;Lorg/jruby/runtime/Block;)Lorg/jruby/runtime/builtin/IRubyObject;+17
j  org.jruby.RubyClass.finvoke(Lorg/jruby/runtime/ThreadContext;Lorg/jruby/runtime/builtin/IRubyObject;Ljava/lang/String;Lorg/jruby/runtime/Block;)Lorg/jruby/runtime/builtin/IRubyObject;+41
j  org.jruby.RubyBasicObject.send19(Lorg/jruby/runtime/ThreadContext;Lorg/jruby/runtime/builtin/IRubyObject;Lorg/jruby/runtime/Block;)Lorg/jruby/runtime/builtin/IRubyObject;+15
j  org.jruby.RubyKernel.send19(Lorg/jruby/runtime/ThreadContext;Lorg/jruby/runtime/builtin/IRubyObject;Lorg/jruby/runtime/builtin/IRubyObject;Lorg/jruby/runtime/Block;)Lorg/jruby/runtime/builtin/IRubyObject;+7
j  org.jruby.RubyKernel$INVOKER$s$send19.call(Lorg/jruby/runtime/ThreadContext;Lorg/jruby/runtime/builtin/IRubyObject;Lorg/jruby/RubyModule;Ljava/lang/String;Lorg/jruby/runtime/builtin/IRubyObject;Lorg/jruby/runtime/Block;)Lorg/jruby/runtime/builtin/IRubyObject;+6
j  org.jruby.internal.runtime.methods.JavaMethod$JavaMethodOneOrNBlock.call(Lorg/jruby/runtime/ThreadContext;Lorg/jruby/runtime/builtin/IRubyObject;Lorg/jruby/RubyModule;Ljava/lang/String;Lorg/jruby/runtime/builtin/IRubyObject;)Lorg/jruby/runtime/builtin/IRubyObject;+11
j  org.jruby.runtime.callsite.CachingCallSite.call(Lorg/jruby/runtime/ThreadContext;Lorg/jruby/runtime/builtin/IRubyObject;Lorg/jruby/runtime/builtin/IRubyObject;Lorg/jruby/runtime/builtin/IRubyObject;)Lorg/jruby/runtime/builtin/IRubyObject;+38
j  Makefile.block_6$RUBY$__file__(LMakefile;Lorg/jruby/runtime/ThreadContext;Lorg/jruby/runtime/builtin/IRubyObject;[Lorg/jruby/runtime/builtin/IRubyObject;Lorg/jruby/runtime/Block;)Lorg/jruby/runtime/builtin/IRubyObject;+46
j  Makefile$block_6$RUBY$__file__.call(Lorg/jruby/runtime/ThreadContext;Lorg/jruby/runtime/builtin/IRubyObject;[Lorg/jruby/runtime/builtin/IRubyObject;Lorg/jruby/runtime/Block;)Lorg/jruby/runtime/builtin/IRubyObject;+9
j  org.jruby.runtime.CompiledBlock19.yield(Lorg/jruby/runtime/ThreadContext;Lorg/jruby/runtime/builtin/IRubyObject;Lorg/jruby/runtime/Binding;Lorg/jruby/runtime/Block$Type;)Lorg/jruby/runtime/builtin/IRubyObject;+52
j  org.jruby.runtime.Block.yield(Lorg/jruby/runtime/ThreadContext;Lorg/jruby/runtime/builtin/IRubyObject;)Lorg/jruby/runtime/builtin/IRubyObject;+14
j  org.jruby.RubyArray.eachCommon(Lorg/jruby/runtime/ThreadContext;Lorg/jruby/runtime/Block;)Lorg/jruby/runtime/builtin/IRubyObject;+41
j  org.jruby.RubyArray.each(Lorg/jruby/runtime/ThreadContext;Lorg/jruby/runtime/Block;)Lorg/jruby/runtime/builtin/IRubyObject;+10
j  org.jruby.RubyArray$INVOKER$i$0$0$each.call(Lorg/jruby/runtime/ThreadContext;Lorg/jruby/runtime/builtin/IRubyObject;Lorg/jruby/RubyModule;Ljava/lang/String;Lorg/jruby/runtime/Block;)Lorg/jruby/runtime/builtin/IRubyObject;+7
j  org.jruby.runtime.callsite.CachingCallSite.cacheAndCall(Lorg/jruby/runtime/builtin/IRubyObject;Lorg/jruby/RubyClass;Lorg/jruby/runtime/Block;Lorg/jruby/runtime/ThreadContext;Lorg/jruby/runtime/builtin/IRubyObject;)Lorg/jruby/runtime/builtin/IRubyObject;+57
j  org.jruby.runtime.callsite.CachingCallSite.callBlock(Lorg/jruby/runtime/ThreadContext;Lorg/jruby/runtime/builtin/IRubyObject;Lorg/jruby/runtime/builtin/IRubyObject;Lorg/jruby/runtime/Block;)Lorg/jruby/runtime/builtin/IRubyObject;+50
j  org.jruby.runtime.callsite.CachingCallSite.callIter(Lorg/jruby/runtime/ThreadContext;Lorg/jruby/runtime/builtin/IRubyObject;Lorg/jruby/runtime/builtin/IRubyObject;Lorg/jruby/runtime/Block;)Lorg/jruby/runtime/builtin/IRubyObject;+6
j  Makefile.__file__(LMakefile;Lorg/jruby/runtime/ThreadContext;Lorg/jruby/runtime/builtin/IRubyObject;[Lorg/jruby/runtime/builtin/IRubyObject;Lorg/jruby/runtime/Block;)Lorg/jruby/runtime/builtin/IRubyObject;+859
j  Makefile.load(Lorg/jruby/runtime/ThreadContext;Lorg/jruby/runtime/builtin/IRubyObject;Z)Lorg/jruby/runtime/builtin/IRubyObject;+22
j  org.jruby.Ruby.runScript(Lorg/jruby/ast/executable/Script;Z)Lorg/jruby/runtime/builtin/IRubyObject;+12
j  org.jruby.Ruby.runScript(Lorg/jruby/ast/executable/Script;)Lorg/jruby/runtime/builtin/IRubyObject;+3
j  org.jruby.Ruby.runNormally(Lorg/jruby/ast/Node;)Lorg/jruby/runtime/builtin/IRubyObject;+73
j  org.jruby.Ruby.runFromMain(Ljava/io/InputStream;Ljava/lang/String;)V+320
j  org.jruby.Main.doRunFromMain(Lorg/jruby/Ruby;Ljava/io/InputStream;Ljava/lang/String;)Lorg/jruby/Main$Status;+12
j  org.jruby.Main.internalRun()Lorg/jruby/Main$Status;+234
j  org.jruby.Main.run([Ljava/lang/String;)Lorg/jruby/Main$Status;+9
j  org.jruby.Main.main([Ljava/lang/String;)V+35
v  ~StubRoutines::call_stub

---------------  P R O C E S S  ---------------

Java Threads: ( => current thread )
  0x00007fbf004ff000 JavaThread "JRubyJIT-2" daemon [_thread_blocked, id=6095, stack(0x00007fbef2287000,0x00007fbef2488000)]
  0x00007fbf004fb000 JavaThread "process reaper" daemon [_thread_blocked, id=6028, stack(0x00007fbef8085000,0x00007fbef80be000)]
  0x00007fbf004e6000 JavaThread "JRubyJIT-1" daemon [_thread_blocked, id=6025, stack(0x00007fbef2488000,0x00007fbef2689000)]
  0x00007fbf000ad000 JavaThread "Service Thread" daemon [_thread_blocked, id=6023, stack(0x00007fbef81bf000,0x00007fbef83c0000)]
  0x00007fbf000aa800 JavaThread "C2 CompilerThread1" daemon [_thread_blocked, id=6022, stack(0x00007fbef83c0000,0x00007fbef84c1000)]
  0x00007fbf000a7800 JavaThread "C2 CompilerThread0" daemon [_thread_in_native, id=6021, stack(0x00007fbef84c1000,0x00007fbef85c2000)]
  0x00007fbf000a5800 JavaThread "Signal Dispatcher" daemon [_thread_blocked, id=6020, stack(0x00007fbef85c2000,0x00007fbef87c3000)]
  0x00007fbf00082800 JavaThread "Finalizer" daemon [_thread_blocked, id=6019, stack(0x00007fbef8bbd000,0x00007fbef8dbe000)]
  0x00007fbf00080800 JavaThread "Reference Handler" daemon [_thread_blocked, id=6018, stack(0x00007fbef8dbe000,0x00007fbef8fbf000)]
=>0x00007fbf0000a800 JavaThread "main" [_thread_in_native, id=6012, stack(0x00007fbf04078000,0x00007fbf04279000)]

Other Threads:
  0x00007fbf0007c800 VMThread [stack: 0x00007fbef8fbf000,0x00007fbef90c0000] [id=6017]
  0x00007fbf000b7800 WatcherThread [stack: 0x00007fbef80be000,0x00007fbef81bf000] [id=6024]

VM state:not at safepoint (normal execution)

VM Mutex/Monitor currently owned by a thread: None

Heap
 PSYoungGen      total 33280K, used 18162K [0x00000000f5900000, 0x00000000f7c00000, 0x0000000100000000)
  eden space 30720K, 50% used [0x00000000f5900000,0x00000000f683f678,0x00000000f7700000)
  from space 2560K, 99% used [0x00000000f7980000,0x00000000f7bfd528,0x00000000f7c00000)
  to   space 2560K, 0% used [0x00000000f7700000,0x00000000f7700000,0x00000000f7980000)
 ParOldGen       total 39936K, used 5359K [0x00000000e0c00000, 0x00000000e3300000, 0x00000000f5900000)
  object space 39936K, 13% used [0x00000000e0c00000,0x00000000e113be00,0x00000000e3300000)
 PSPermGen       total 25600K, used 25458K [0x00000000d6600000, 0x00000000d7f00000, 0x00000000e0c00000)
  object space 25600K, 99% used [0x00000000d6600000,0x00000000d7edc950,0x00000000d7f00000)

Card table byte_map: [0x00007fbefbe26000,0x00007fbefbf74000] byte_map_base: 0x00007fbefb773000

Polling page: 0x00007fbf06686000

Code Cache  [0x00007fbefbf74000, 0x00007fbefc1e4000, 0x00007fbefef74000)
 total_blobs=857 nmethods=378 adapters=433 free_code_cache=47550Kb largest_free_block=48658752

Compilation events (10 events):
Event: 3,383 Thread 0x00007fbf000aa800 nmethod 380 0x00007fbefc1044d0 code [0x00007fbefc104600, 0x00007fbefc104678]
Event: 3,383 Thread 0x00007fbf000a7800  382             org.jruby.runtime.callsite.MinusCallSite::call (66 bytes)
Event: 3,383 Thread 0x00007fbf000aa800  383             org.jruby.RubyFixnum::op_minus (24 bytes)
Event: 3,388 Thread 0x00007fbf000aa800 nmethod 383 0x00007fbefc107810 code [0x00007fbefc107980, 0x00007fbefc107b88]
Event: 3,388 Thread 0x00007fbf000a7800 nmethod 382 0x00007fbefc0eb310 code [0x00007fbefc0eb4a0, 0x00007fbefc0eb768]
Event: 3,388 Thread 0x00007fbf000aa800  384             org.jruby.RubyFixnum::subtractFixnum (43 bytes)
Event: 3,388 Thread 0x00007fbf000a7800  385             java.util.AbstractMap::<init> (15 bytes)
Event: 3,388 Thread 0x00007fbf000a7800 nmethod 385 0x00007fbefc0eb110 code [0x00007fbefc0eb240, 0x00007fbefc0eb298]
Event: 3,388 Thread 0x00007fbf000a7800  386             org.jruby.RubyArray::compare (140 bytes)
Event: 3,392 Thread 0x00007fbf000aa800 nmethod 384 0x00007fbefc0eab50 code [0x00007fbefc0eacc0, 0x00007fbefc0eaea8]

GC Heap History (4 events):
Event: 1,338 GC heap before
{Heap before GC invocations=1 (full 0):
 PSYoungGen      total 17920K, used 15360K [0x00000000f5900000, 0x00000000f6d00000, 0x0000000100000000)
  eden space 15360K, 100% used [0x00000000f5900000,0x00000000f6800000,0x00000000f6800000)
  from space 2560K, 0% used [0x00000000f6a80000,0x00000000f6a80000,0x00000000f6d00000)
  to   space 2560K, 0% used [0x00000000f6800000,0x00000000f6800000,0x00000000f6a80000)
 ParOldGen       total 39936K, used 0K [0x00000000e0c00000, 0x00000000e3300000, 0x00000000f5900000)
  object space 39936K, 0% used [0x00000000e0c00000,0x00000000e0c00000,0x00000000e3300000)
 PSPermGen       total 21504K, used 19066K [0x00000000d6600000, 0x00000000d7b00000, 0x00000000e0c00000)
  object space 21504K, 88% used [0x00000000d6600000,0x00000000d789eba0,0x00000000d7b00000)
Event: 1,352 GC heap after
Heap after GC invocations=1 (full 0):
 PSYoungGen      total 17920K, used 2549K [0x00000000f5900000, 0x00000000f7c00000, 0x0000000100000000)
  eden space 15360K, 0% used [0x00000000f5900000,0x00000000f5900000,0x00000000f6800000)
  from space 2560K, 99% used [0x00000000f6800000,0x00000000f6a7d4b8,0x00000000f6a80000)
  to   space 2560K, 0% used [0x00000000f7980000,0x00000000f7980000,0x00000000f7c00000)
 ParOldGen       total 39936K, used 3287K [0x00000000e0c00000, 0x00000000e3300000, 0x00000000f5900000)
  object space 39936K, 8% used [0x00000000e0c00000,0x00000000e0f35fa8,0x00000000e3300000)
 PSPermGen       total 21504K, used 19066K [0x00000000d6600000, 0x00000000d7b00000, 0x00000000e0c00000)
  object space 21504K, 88% used [0x00000000d6600000,0x00000000d789eba0,0x00000000d7b00000)
}
Event: 2,519 GC heap before
{Heap before GC invocations=2 (full 0):
 PSYoungGen      total 17920K, used 17909K [0x00000000f5900000, 0x00000000f7c00000, 0x0000000100000000)
  eden space 15360K, 100% used [0x00000000f5900000,0x00000000f6800000,0x00000000f6800000)
  from space 2560K, 99% used [0x00000000f6800000,0x00000000f6a7d4b8,0x00000000f6a80000)
  to   space 2560K, 0% used [0x00000000f7980000,0x00000000f7980000,0x00000000f7c00000)
 ParOldGen       total 39936K, used 3287K [0x00000000e0c00000, 0x00000000e3300000, 0x00000000f5900000)
  object space 39936K, 8% used [0x00000000e0c00000,0x00000000e0f35fa8,0x00000000e3300000)
 PSPermGen       total 23552K, used 23550K [0x00000000d6600000, 0x00000000d7d00000, 0x00000000e0c00000)
  object space 23552K, 99% used [0x00000000d6600000,0x00000000d7cffbb0,0x00000000d7d00000)
Event: 2,537 GC heap after
Heap after GC invocations=2 (full 0):
 PSYoungGen      total 33280K, used 2549K [0x00000000f5900000, 0x00000000f7c00000, 0x0000000100000000)
  eden space 30720K, 0% used [0x00000000f5900000,0x00000000f5900000,0x00000000f7700000)
  from space 2560K, 99% used [0x00000000f7980000,0x00000000f7bfd528,0x00000000f7c00000)
  to   space 2560K, 0% used [0x00000000f7700000,0x00000000f7700000,0x00000000f7980000)
 ParOldGen       total 39936K, used 5359K [0x00000000e0c00000, 0x00000000e3300000, 0x00000000f5900000)
  object space 39936K, 13% used [0x00000000e0c00000,0x00000000e113be00,0x00000000e3300000)
 PSPermGen       total 23552K, used 23550K [0x00000000d6600000, 0x00000000d7d00000, 0x00000000e0c00000)
  object space 23552K, 99% used [0x00000000d6600000,0x00000000d7cffbb0,0x00000000d7d00000)
}

Deoptimization events (10 events):
Event: 2,346 Thread 0x00007fbf004fd000 Uncommon trap: reason=null_check action=make_not_entrant pc=0x00007fbefc0a3aac method=org.jruby.internal.runtime.ThreadService.getCurrentContext()Lorg/jruby/runtime/ThreadContext; @ 15
Event: 2,946 Thread 0x00007fbf0000a800 Uncommon trap: reason=unreached action=reinterpret pc=0x00007fbefc0c5674 method=java.util.concurrent.locks.AbstractQueuedSynchronizer.release(I)Z @ 14
Event: 2,946 Thread 0x00007fbf004e6000 Uncommon trap: reason=unreached action=reinterpret pc=0x00007fbefc0c5c4c method=java.util.concurrent.locks.AbstractQueuedSynchronizer.release(I)Z @ 14
Event: 2,971 Thread 0x00007fbf0000a800 Uncommon trap: reason=unreached action=reinterpret pc=0x00007fbefc09d668 method=org.jruby.parser.ParserSupport.checkExpression(Lorg/jruby/ast/Node;)Z @ 3
Event: 3,147 Thread 0x00007fbf0000a800 Uncommon trap: reason=class_check action=maybe_recompile pc=0x00007fbefc0f0584 method=org.joni.Matcher.searchInterruptible(III)I @ 810
Event: 3,154 Thread 0x00007fbf0000a800 Uncommon trap: reason=class_check action=maybe_recompile pc=0x00007fbefc0f0584 method=org.joni.Matcher.searchInterruptible(III)I @ 810
Event: 3,270 Thread 0x00007fbf0000a800 Uncommon trap: reason=class_check action=maybe_recompile pc=0x00007fbefc0dfbf8 method=org.jruby.RubyArray.compare(Lorg/jruby/runtime/ThreadContext;Lorg/jruby/runtime/invokedynamic/MethodNames;Lorg/jruby/runtime/builtin/IRubyObject;)Lorg/jruby/RubyBoolean;
Event: 3,270 Thread 0x00007fbf0000a800 Uncommon trap: reason=class_check action=maybe_recompile pc=0x00007fbefc0dfbf8 method=org.jruby.RubyArray.compare(Lorg/jruby/runtime/ThreadContext;Lorg/jruby/runtime/invokedynamic/MethodNames;Lorg/jruby/runtime/builtin/IRubyObject;)Lorg/jruby/RubyBoolean;
Event: 3,270 Thread 0x00007fbf0000a800 Uncommon trap: reason=class_check action=maybe_recompile pc=0x00007fbefc0dfbf8 method=org.jruby.RubyArray.compare(Lorg/jruby/runtime/ThreadContext;Lorg/jruby/runtime/invokedynamic/MethodNames;Lorg/jruby/runtime/builtin/IRubyObject;)Lorg/jruby/RubyBoolean;
Event: 3,270 Thread 0x00007fbf0000a800 Uncommon trap: reason=class_check action=maybe_recompile pc=0x00007fbefc0dfbf8 method=org.jruby.RubyArray.compare(Lorg/jruby/runtime/ThreadContext;Lorg/jruby/runtime/invokedynamic/MethodNames;Lorg/jruby/runtime/builtin/IRubyObject;)Lorg/jruby/RubyBoolean;

Internal exceptions (10 events):
Event: 3,106 Thread 0x00007fbf004ff000 Threw 0x00000000f628ec28 at /build/buildd/openjdk-7-7u51-2.4.4/build/openjdk/hotspot/src/share/vm/prims/jvm.cpp:1244
Event: 3,106 Thread 0x00007fbf004ff000 Threw 0x00000000f628fcc8 at /build/buildd/openjdk-7-7u51-2.4.4/build/openjdk/hotspot/src/share/vm/prims/jvm.cpp:1244
Event: 3,146 Thread 0x00007fbf004ff000 Threw 0x00000000f64a0880 at /build/buildd/openjdk-7-7u51-2.4.4/build/openjdk/hotspot/src/share/vm/prims/jvm.cpp:1244
Event: 3,146 Thread 0x00007fbf004e6000 Threw 0x00000000f62f64e0 at /build/buildd/openjdk-7-7u51-2.4.4/build/openjdk/hotspot/src/share/vm/prims/jvm.cpp:1244
Event: 3,146 Thread 0x00007fbf004ff000 Threw 0x00000000f64a1980 at /build/buildd/openjdk-7-7u51-2.4.4/build/openjdk/hotspot/src/share/vm/prims/jvm.cpp:1244
Event: 3,146 Thread 0x00007fbf004e6000 Threw 0x00000000f62f75e0 at /build/buildd/openjdk-7-7u51-2.4.4/build/openjdk/hotspot/src/share/vm/prims/jvm.cpp:1244
Event: 3,149 Thread 0x00007fbf004e6000 Threw 0x00000000f6510500 at /build/buildd/openjdk-7-7u51-2.4.4/build/openjdk/hotspot/src/share/vm/prims/jvm.cpp:1244
Event: 3,149 Thread 0x00007fbf004e6000 Threw 0x00000000f65116a8 at /build/buildd/openjdk-7-7u51-2.4.4/build/openjdk/hotspot/src/share/vm/prims/jvm.cpp:1244
Event: 3,276 Thread 0x00007fbf004ff000 Threw 0x00000000f64cd7d8 at /build/buildd/openjdk-7-7u51-2.4.4/build/openjdk/hotspot/src/share/vm/prims/jvm.cpp:1244
Event: 3,276 Thread 0x00007fbf004ff000 Threw 0x00000000f64cea78 at /build/buildd/openjdk-7-7u51-2.4.4/build/openjdk/hotspot/src/share/vm/prims/jvm.cpp:1244

Events (10 events):
Event: 3,270 Thread 0x00007fbf0000a800 DEOPT PACKING pc=0x00007fbefc0dfbf8 sp=0x00007fbf042759c0
Event: 3,270 Thread 0x00007fbf0000a800 DEOPT UNPACKING pc=0x00007fbefbfad045 sp=0x00007fbf04275998 mode 2
Event: 3,270 Thread 0x00007fbf0000a800 Uncommon trap: trap_request=0xffffffde fr.pc=0x00007fbefc0dfbf8
Event: 3,270 Thread 0x00007fbf0000a800 DEOPT PACKING pc=0x00007fbefc0dfbf8 sp=0x00007fbf042759c0
Event: 3,270 Thread 0x00007fbf0000a800 DEOPT UNPACKING pc=0x00007fbefbfad045 sp=0x00007fbf04275998 mode 2
Event: 3,270 Thread 0x00007fbf0000a800 Uncommon trap: trap_request=0xffffffde fr.pc=0x00007fbefc0dfbf8
Event: 3,270 Thread 0x00007fbf0000a800 DEOPT PACKING pc=0x00007fbefc0dfbf8 sp=0x00007fbf04275e70
Event: 3,270 Thread 0x00007fbf0000a800 DEOPT UNPACKING pc=0x00007fbefbfad045 sp=0x00007fbf04275e48 mode 2
Event: 3,276 loading class 0x00007fbeac001210
Event: 3,276 loading class 0x00007fbeac001210 done


Dynamic libraries:
00400000-00401000 r-xp 00000000 08:05 12322450                           /usr/lib/jvm/java-7-openjdk-amd64/jre/bin/java
00600000-00601000 r--p 00000000 08:05 12322450                           /usr/lib/jvm/java-7-openjdk-amd64/jre/bin/java
00601000-00602000 rw-p 00001000 08:05 12322450                           /usr/lib/jvm/java-7-openjdk-amd64/jre/bin/java
01944000-01965000 rw-p 00000000 00:00 0                                  [heap]
d6600000-d7f00000 rw-p 00000000 00:00 0 
d7f00000-e0c00000 rw-p 00000000 00:00 0 
e0c00000-e3300000 rw-p 00000000 00:00 0 
e3300000-f5900000 rw-p 00000000 00:00 0 
f5900000-f7c00000 rw-p 00000000 00:00 0 
f7c00000-100000000 rw-p 00000000 00:00 0 
7fbeac000000-7fbeac021000 rw-p 00000000 00:00 0 
7fbeac021000-7fbeb0000000 ---p 00000000 00:00 0 
7fbeb4000000-7fbeb4021000 rw-p 00000000 00:00 0 
7fbeb4021000-7fbeb8000000 ---p 00000000 00:00 0 
7fbeb8000000-7fbeb8021000 rw-p 00000000 00:00 0 
7fbeb8021000-7fbebc000000 ---p 00000000 00:00 0 
7fbebc000000-7fbebc027000 rw-p 00000000 00:00 0 
7fbebc027000-7fbec0000000 ---p 00000000 00:00 0 
7fbec0000000-7fbec0021000 rw-p 00000000 00:00 0 
7fbec0021000-7fbec4000000 ---p 00000000 00:00 0 
7fbec4000000-7fbec4021000 rw-p 00000000 00:00 0 
7fbec4021000-7fbec8000000 ---p 00000000 00:00 0 
7fbec8000000-7fbec8021000 rw-p 00000000 00:00 0 
7fbec8021000-7fbecc000000 ---p 00000000 00:00 0 
7fbecc000000-7fbecce8f000 rw-p 00000000 00:00 0 
7fbecce8f000-7fbed0000000 ---p 00000000 00:00 0 
7fbed0000000-7fbed0e27000 rw-p 00000000 00:00 0 
7fbed0e27000-7fbed4000000 ---p 00000000 00:00 0 
7fbed4000000-7fbed4021000 rw-p 00000000 00:00 0 
7fbed4021000-7fbed8000000 ---p 00000000 00:00 0 
7fbed8000000-7fbed8021000 rw-p 00000000 00:00 0 
7fbed8021000-7fbedc000000 ---p 00000000 00:00 0 
7fbedc000000-7fbedc021000 rw-p 00000000 00:00 0 
7fbedc021000-7fbee0000000 ---p 00000000 00:00 0 
7fbee0000000-7fbee0021000 rw-p 00000000 00:00 0 
7fbee0021000-7fbee4000000 ---p 00000000 00:00 0 
7fbee4000000-7fbee4021000 rw-p 00000000 00:00 0 
7fbee4021000-7fbee8000000 ---p 00000000 00:00 0 
7fbee8000000-7fbee8021000 rw-p 00000000 00:00 0 
7fbee8021000-7fbeec000000 ---p 00000000 00:00 0 
7fbeec000000-7fbeec021000 rw-p 00000000 00:00 0 
7fbeec021000-7fbef0000000 ---p 00000000 00:00 0 
7fbef187d000-7fbef187f000 r-xp 00000000 08:05 16777738                   /home/luis/practica01/src/lib/libconvex_hull.so
7fbef187f000-7fbef1a7e000 ---p 00002000 08:05 16777738                   /home/luis/practica01/src/lib/libconvex_hull.so
7fbef1a7e000-7fbef1a7f000 r--p 00001000 08:05 16777738                   /home/luis/practica01/src/lib/libconvex_hull.so
7fbef1a7f000-7fbef1a80000 rw-p 00002000 08:05 16777738                   /home/luis/practica01/src/lib/libconvex_hull.so
7fbef1a80000-7fbef1a82000 r-xp 00000000 08:05 16777737                   /home/luis/practica01/src/lib/libdouble_linked_list.so
7fbef1a82000-7fbef1c81000 ---p 00002000 08:05 16777737                   /home/luis/practica01/src/lib/libdouble_linked_list.so
7fbef1c81000-7fbef1c82000 r--p 00001000 08:05 16777737                   /home/luis/practica01/src/lib/libdouble_linked_list.so
7fbef1c82000-7fbef1c83000 rw-p 00002000 08:05 16777737                   /home/luis/practica01/src/lib/libdouble_linked_list.so
7fbef1c83000-7fbef1c84000 r-xp 00000000 08:05 16777736                   /home/luis/practica01/src/lib/lib2d_points.so
7fbef1c84000-7fbef1e83000 ---p 00001000 08:05 16777736                   /home/luis/practica01/src/lib/lib2d_points.so
7fbef1e83000-7fbef1e84000 r--p 00000000 08:05 16777736                   /home/luis/practica01/src/lib/lib2d_points.so
7fbef1e84000-7fbef1e85000 rw-p 00001000 08:05 16777736                   /home/luis/practica01/src/lib/lib2d_points.so
7fbef1e85000-7fbef1e88000 ---p 00000000 00:00 0 
7fbef1e88000-7fbef2086000 rw-p 00000000 00:00 0 
7fbef2086000-7fbef2089000 ---p 00000000 00:00 0 
7fbef2089000-7fbef2287000 rw-p 00000000 00:00 0 
7fbef2287000-7fbef228a000 ---p 00000000 00:00 0 
7fbef228a000-7fbef2488000 rw-p 00000000 00:00 0                          [stack:6095]
7fbef2488000-7fbef248b000 ---p 00000000 00:00 0 
7fbef248b000-7fbef2689000 rw-p 00000000 00:00 0                          [stack:6025]
7fbef2689000-7fbef269b000 r-xp 00000000 08:05 16253453                   /home/luis/.rbenv/versions/jruby-1.7.10/lib/jni/x86_64-Linux/libjffi-1.2.so
7fbef269b000-7fbef289a000 ---p 00012000 08:05 16253453                   /home/luis/.rbenv/versions/jruby-1.7.10/lib/jni/x86_64-Linux/libjffi-1.2.so
7fbef289a000-7fbef289b000 rw-p 00011000 08:05 16253453                   /home/luis/.rbenv/versions/jruby-1.7.10/lib/jni/x86_64-Linux/libjffi-1.2.so
7fbef289b000-7fbef28ab000 r-xp 00000000 08:05 12322344                   /usr/lib/jvm/java-7-openjdk-amd64/jre/lib/amd64/libnio.so
7fbef28ab000-7fbef2aab000 ---p 00010000 08:05 12322344                   /usr/lib/jvm/java-7-openjdk-amd64/jre/lib/amd64/libnio.so
7fbef2aab000-7fbef2aac000 r--p 00010000 08:05 12322344                   /usr/lib/jvm/java-7-openjdk-amd64/jre/lib/amd64/libnio.so
7fbef2aac000-7fbef2aad000 rw-p 00011000 08:05 12322344                   /usr/lib/jvm/java-7-openjdk-amd64/jre/lib/amd64/libnio.so
7fbef2aad000-7fbef2aea000 r-xp 00000000 08:05 9834371                    /lib/x86_64-linux-gnu/libpcre.so.3.13.1
7fbef2aea000-7fbef2cea000 ---p 0003d000 08:05 9834371                    /lib/x86_64-linux-gnu/libpcre.so.3.13.1
7fbef2cea000-7fbef2ceb000 r--p 0003d000 08:05 9834371                    /lib/x86_64-linux-gnu/libpcre.so.3.13.1
7fbef2ceb000-7fbef2cec000 rw-p 0003e000 08:05 9834371                    /lib/x86_64-linux-gnu/libpcre.so.3.13.1
7fbef2cec000-7fbef2cf3000 r-xp 00000000 08:05 12196946                   /usr/lib/x86_64-linux-gnu/libffi.so.6.0.1
7fbef2cf3000-7fbef2ef2000 ---p 00007000 08:05 12196946                   /usr/lib/x86_64-linux-gnu/libffi.so.6.0.1
7fbef2ef2000-7fbef2ef3000 r--p 00006000 08:05 12196946                   /usr/lib/x86_64-linux-gnu/libffi.so.6.0.1
7fbef2ef3000-7fbef2ef4000 rw-p 00007000 08:05 12196946                   /usr/lib/x86_64-linux-gnu/libffi.so.6.0.1
7fbef2ef4000-7fbef2f0a000 r-xp 00000000 08:05 9834394                    /lib/x86_64-linux-gnu/libresolv-2.17.so
7fbef2f0a000-7fbef310a000 ---p 00016000 08:05 9834394                    /lib/x86_64-linux-gnu/libresolv-2.17.so
7fbef310a000-7fbef310b000 r--p 00016000 08:05 9834394                    /lib/x86_64-linux-gnu/libresolv-2.17.so
7fbef310b000-7fbef310c000 rw-p 00017000 08:05 9834394                    /lib/x86_64-linux-gnu/libresolv-2.17.so
7fbef310c000-7fbef310e000 rw-p 00000000 00:00 0 
7fbef310e000-7fbef312d000 r-xp 00000000 08:05 9834398                    /lib/x86_64-linux-gnu/libselinux.so.1
7fbef312d000-7fbef332d000 ---p 0001f000 08:05 9834398                    /lib/x86_64-linux-gnu/libselinux.so.1
7fbef332d000-7fbef332e000 r--p 0001f000 08:05 9834398                    /lib/x86_64-linux-gnu/libselinux.so.1
7fbef332e000-7fbef332f000 rw-p 00020000 08:05 9834398                    /lib/x86_64-linux-gnu/libselinux.so.1
7fbef332f000-7fbef3330000 rw-p 00000000 00:00 0 
7fbef3330000-7fbef3333000 r-xp 00000000 08:05 12190134                   /usr/lib/x86_64-linux-gnu/libgmodule-2.0.so.0.3800.1
7fbef3333000-7fbef3532000 ---p 00003000 08:05 12190134                   /usr/lib/x86_64-linux-gnu/libgmodule-2.0.so.0.3800.1
7fbef3532000-7fbef3533000 r--p 00002000 08:05 12190134                   /usr/lib/x86_64-linux-gnu/libgmodule-2.0.so.0.3800.1
7fbef3533000-7fbef3534000 rw-p 00003000 08:05 12190134                   /usr/lib/x86_64-linux-gnu/libgmodule-2.0.so.0.3800.1
7fbef3534000-7fbef3632000 r-xp 00000000 08:05 9834386                    /lib/x86_64-linux-gnu/libglib-2.0.so.0.3800.1
7fbef3632000-7fbef3832000 ---p 000fe000 08:05 9834386                    /lib/x86_64-linux-gnu/libglib-2.0.so.0.3800.1
7fbef3832000-7fbef3833000 r--p 000fe000 08:05 9834386                    /lib/x86_64-linux-gnu/libglib-2.0.so.0.3800.1
7fbef3833000-7fbef3834000 rw-p 000ff000 08:05 9834386                    /lib/x86_64-linux-gnu/libglib-2.0.so.0.3800.1
7fbef3834000-7fbef3835000 rw-p 00000000 00:00 0 
7fbef3835000-7fbef3884000 r-xp 00000000 08:05 12190125                   /usr/lib/x86_64-linux-gnu/libgobject-2.0.so.0.3800.1
7fbef3884000-7fbef3a84000 ---p 0004f000 08:05 12190125                   /usr/lib/x86_64-linux-gnu/libgobject-2.0.so.0.3800.1
7fbef3a84000-7fbef3a85000 r--p 0004f000 08:05 12190125                   /usr/lib/x86_64-linux-gnu/libgobject-2.0.so.0.3800.1
7fbef3a85000-7fbef3a86000 rw-p 00050000 08:05 12190125                   /usr/lib/x86_64-linux-gnu/libgobject-2.0.so.0.3800.1
7fbef3a86000-7fbef3be2000 r-xp 00000000 08:05 12190099                   /usr/lib/x86_64-linux-gnu/libgio-2.0.so.0.3800.1
7fbef3be2000-7fbef3de1000 ---p 0015c000 08:05 12190099                   /usr/lib/x86_64-linux-gnu/libgio-2.0.so.0.3800.1
7fbef3de1000-7fbef3de5000 r--p 0015b000 08:05 12190099                   /usr/lib/x86_64-linux-gnu/libgio-2.0.so.0.3800.1
7fbef3de5000-7fbef3de7000 rw-p 0015f000 08:05 12190099                   /usr/lib/x86_64-linux-gnu/libgio-2.0.so.0.3800.1
7fbef3de7000-7fbef3de9000 rw-p 00000000 00:00 0 
7fbef3de9000-7fbef3dff000 r-xp 00000000 08:05 12322132                   /usr/lib/jvm/java-7-openjdk-amd64/jre/lib/amd64/libnet.so
7fbef3dff000-7fbef3ffe000 ---p 00016000 08:05 12322132                   /usr/lib/jvm/java-7-openjdk-amd64/jre/lib/amd64/libnet.so
7fbef3ffe000-7fbef3fff000 r--p 00015000 08:05 12322132                   /usr/lib/jvm/java-7-openjdk-amd64/jre/lib/amd64/libnet.so
7fbef3fff000-7fbef4000000 rw-p 00016000 08:05 12322132                   /usr/lib/jvm/java-7-openjdk-amd64/jre/lib/amd64/libnet.so
7fbef4000000-7fbef4021000 rw-p 00000000 00:00 0 
7fbef4021000-7fbef8000000 ---p 00000000 00:00 0 
7fbef8085000-7fbef8088000 ---p 00000000 00:00 0 
7fbef8088000-7fbef80be000 rw-p 00000000 00:00 0                          [stack:6028]
7fbef80be000-7fbef80bf000 ---p 00000000 00:00 0 
7fbef80bf000-7fbef81bf000 rw-p 00000000 00:00 0                          [stack:6024]
7fbef81bf000-7fbef81c2000 ---p 00000000 00:00 0 
7fbef81c2000-7fbef83c0000 rw-p 00000000 00:00 0                          [stack:6023]
7fbef83c0000-7fbef83c3000 ---p 00000000 00:00 0 
7fbef83c3000-7fbef84c1000 rw-p 00000000 00:00 0                          [stack:6022]
7fbef84c1000-7fbef84c4000 ---p 00000000 00:00 0 
7fbef84c4000-7fbef85c2000 rw-p 00000000 00:00 0                          [stack:6021]
7fbef85c2000-7fbef85c5000 ---p 00000000 00:00 0 
7fbef85c5000-7fbef87c3000 rw-p 00000000 00:00 0                          [stack:6020]
7fbef87c3000-7fbef8bbd000 r--p 00000000 08:05 12195384                   /usr/lib/locale/locale-archive
7fbef8bbd000-7fbef8bc0000 ---p 00000000 00:00 0 
7fbef8bc0000-7fbef8dbe000 rw-p 00000000 00:00 0                          [stack:6019]
7fbef8dbe000-7fbef8dc1000 ---p 00000000 00:00 0 
7fbef8dc1000-7fbef8fbf000 rw-p 00000000 00:00 0                          [stack:6018]
7fbef8fbf000-7fbef8fc0000 ---p 00000000 00:00 0 
7fbef8fc0000-7fbefa09d000 rw-p 00000000 00:00 0                          [stack:6017]
7fbefa09d000-7fbefa186000 r--s 00bb9000 08:05 16253440                   /home/luis/.rbenv/versions/jruby-1.7.10/lib/jruby.jar
7fbefa186000-7fbefa334000 r--s 01cf4000 08:05 12322430                   /usr/lib/jvm/java-7-openjdk-amd64/jre/lib/rt.jar
7fbefa334000-7fbefba22000 rw-p 00000000 00:00 0 
7fbefba22000-7fbefba23000 ---p 00000000 00:00 0 
7fbefba23000-7fbefbb23000 rw-p 00000000 00:00 0                          [stack:6016]
7fbefbb23000-7fbefbb24000 ---p 00000000 00:00 0 
7fbefbb24000-7fbefbc24000 rw-p 00000000 00:00 0                          [stack:6015]
7fbefbc24000-7fbefbc25000 ---p 00000000 00:00 0 
7fbefbc25000-7fbefbd25000 rw-p 00000000 00:00 0                          [stack:6014]
7fbefbd25000-7fbefbd26000 ---p 00000000 00:00 0 
7fbefbd26000-7fbefbe33000 rw-p 00000000 00:00 0                          [stack:6013]
7fbefbe33000-7fbefbe79000 rw-p 00000000 00:00 0 
7fbefbe79000-7fbefbe8d000 rw-p 00000000 00:00 0 
7fbefbe8d000-7fbefbf1f000 rw-p 00000000 00:00 0 
7fbefbf1f000-7fbefbf31000 rw-p 00000000 00:00 0 
7fbefbf31000-7fbefbf73000 rw-p 00000000 00:00 0 
7fbefbf73000-7fbefbf74000 rw-p 00000000 00:00 0 
7fbefbf74000-7fbefc1e4000 rwxp 00000000 00:00 0 
7fbefc1e4000-7fbefef74000 rw-p 00000000 00:00 0 
7fbefef74000-7fbefef7c000 r-xp 00000000 08:05 12322081                   /usr/lib/jvm/java-7-openjdk-amd64/jre/lib/amd64/libzip.so
7fbefef7c000-7fbeff17b000 ---p 00008000 08:05 12322081                   /usr/lib/jvm/java-7-openjdk-amd64/jre/lib/amd64/libzip.so
7fbeff17b000-7fbeff17c000 r--p 00007000 08:05 12322081                   /usr/lib/jvm/java-7-openjdk-amd64/jre/lib/amd64/libzip.so
7fbeff17c000-7fbeff17d000 rw-p 00008000 08:05 12322081                   /usr/lib/jvm/java-7-openjdk-amd64/jre/lib/amd64/libzip.so
7fbeff17d000-7fbeff189000 r-xp 00000000 08:05 9834349                    /lib/x86_64-linux-gnu/libnss_files-2.17.so
7fbeff189000-7fbeff388000 ---p 0000c000 08:05 9834349                    /lib/x86_64-linux-gnu/libnss_files-2.17.so
7fbeff388000-7fbeff389000 r--p 0000b000 08:05 9834349                    /lib/x86_64-linux-gnu/libnss_files-2.17.so
7fbeff389000-7fbeff38a000 rw-p 0000c000 08:05 9834349                    /lib/x86_64-linux-gnu/libnss_files-2.17.so
7fbeff38a000-7fbeff395000 r-xp 00000000 08:05 9834353                    /lib/x86_64-linux-gnu/libnss_nis-2.17.so
7fbeff395000-7fbeff594000 ---p 0000b000 08:05 9834353                    /lib/x86_64-linux-gnu/libnss_nis-2.17.so
7fbeff594000-7fbeff595000 r--p 0000a000 08:05 9834353                    /lib/x86_64-linux-gnu/libnss_nis-2.17.so
7fbeff595000-7fbeff596000 rw-p 0000b000 08:05 9834353                    /lib/x86_64-linux-gnu/libnss_nis-2.17.so
7fbeff596000-7fbeff5ad000 r-xp 00000000 08:05 9834343                    /lib/x86_64-linux-gnu/libnsl-2.17.so
7fbeff5ad000-7fbeff7ac000 ---p 00017000 08:05 9834343                    /lib/x86_64-linux-gnu/libnsl-2.17.so
7fbeff7ac000-7fbeff7ad000 r--p 00016000 08:05 9834343                    /lib/x86_64-linux-gnu/libnsl-2.17.so
7fbeff7ad000-7fbeff7ae000 rw-p 00017000 08:05 9834343                    /lib/x86_64-linux-gnu/libnsl-2.17.so
7fbeff7ae000-7fbeff7b0000 rw-p 00000000 00:00 0 
7fbeff7b0000-7fbeff7b8000 r-xp 00000000 08:05 9834345                    /lib/x86_64-linux-gnu/libnss_compat-2.17.so
7fbeff7b8000-7fbeff9b7000 ---p 00008000 08:05 9834345                    /lib/x86_64-linux-gnu/libnss_compat-2.17.so
7fbeff9b7000-7fbeff9b8000 r--p 00007000 08:05 9834345                    /lib/x86_64-linux-gnu/libnss_compat-2.17.so
7fbeff9b8000-7fbeff9b9000 rw-p 00008000 08:05 9834345                    /lib/x86_64-linux-gnu/libnss_compat-2.17.so
7fbeff9b9000-7fbeff9e4000 r-xp 00000000 08:05 12322007                   /usr/lib/jvm/java-7-openjdk-amd64/jre/lib/amd64/libjava.so
7fbeff9e4000-7fbeffbe3000 ---p 0002b000 08:05 12322007                   /usr/lib/jvm/java-7-openjdk-amd64/jre/lib/amd64/libjava.so
7fbeffbe3000-7fbeffbe4000 r--p 0002a000 08:05 12322007                   /usr/lib/jvm/java-7-openjdk-amd64/jre/lib/amd64/libjava.so
7fbeffbe4000-7fbeffbe6000 rw-p 0002b000 08:05 12322007                   /usr/lib/jvm/java-7-openjdk-amd64/jre/lib/amd64/libjava.so
7fbeffbe6000-7fbeffbf6000 r-xp 00000000 08:05 12322321                   /usr/lib/jvm/java-7-openjdk-amd64/jre/lib/amd64/libverify.so
7fbeffbf6000-7fbeffdf5000 ---p 00010000 08:05 12322321                   /usr/lib/jvm/java-7-openjdk-amd64/jre/lib/amd64/libverify.so
7fbeffdf5000-7fbeffdf7000 r--p 0000f000 08:05 12322321                   /usr/lib/jvm/java-7-openjdk-amd64/jre/lib/amd64/libverify.so
7fbeffdf7000-7fbeffdf8000 rw-p 00011000 08:05 12322321                   /usr/lib/jvm/java-7-openjdk-amd64/jre/lib/amd64/libverify.so
7fbeffdf8000-7fbeffdff000 r-xp 00000000 08:05 9834396                    /lib/x86_64-linux-gnu/librt-2.17.so
7fbeffdff000-7fbeffffe000 ---p 00007000 08:05 9834396                    /lib/x86_64-linux-gnu/librt-2.17.so
7fbeffffe000-7fbefffff000 r--p 00006000 08:05 9834396                    /lib/x86_64-linux-gnu/librt-2.17.so
7fbefffff000-7fbf00000000 rw-p 00007000 08:05 9834396                    /lib/x86_64-linux-gnu/librt-2.17.so
7fbf00000000-7fbf00534000 rw-p 00000000 00:00 0 
7fbf00534000-7fbf04000000 ---p 00000000 00:00 0 
7fbf04008000-7fbf04078000 rw-p 00000000 00:00 0 
7fbf04078000-7fbf0407b000 ---p 00000000 00:00 0 
7fbf0407b000-7fbf04279000 rw-p 00000000 00:00 0                          [stack:6012]
7fbf04279000-7fbf0428e000 r-xp 00000000 08:05 9830413                    /lib/x86_64-linux-gnu/libgcc_s.so.1
7fbf0428e000-7fbf0448d000 ---p 00015000 08:05 9830413                    /lib/x86_64-linux-gnu/libgcc_s.so.1
7fbf0448d000-7fbf0448e000 r--p 00014000 08:05 9830413                    /lib/x86_64-linux-gnu/libgcc_s.so.1
7fbf0448e000-7fbf0448f000 rw-p 00015000 08:05 9830413                    /lib/x86_64-linux-gnu/libgcc_s.so.1
7fbf0448f000-7fbf04592000 r-xp 00000000 08:05 9834324                    /lib/x86_64-linux-gnu/libm-2.17.so
7fbf04592000-7fbf04791000 ---p 00103000 08:05 9834324                    /lib/x86_64-linux-gnu/libm-2.17.so
7fbf04791000-7fbf04792000 r--p 00102000 08:05 9834324                    /lib/x86_64-linux-gnu/libm-2.17.so
7fbf04792000-7fbf04793000 rw-p 00103000 08:05 9834324                    /lib/x86_64-linux-gnu/libm-2.17.so
7fbf04793000-7fbf04879000 r-xp 00000000 08:05 12190887                   /usr/lib/x86_64-linux-gnu/libstdc++.so.6.0.18
7fbf04879000-7fbf04a78000 ---p 000e6000 08:05 12190887                   /usr/lib/x86_64-linux-gnu/libstdc++.so.6.0.18
7fbf04a78000-7fbf04a80000 r--p 000e5000 08:05 12190887                   /usr/lib/x86_64-linux-gnu/libstdc++.so.6.0.18
7fbf04a80000-7fbf04a82000 rw-p 000ed000 08:05 12190887                   /usr/lib/x86_64-linux-gnu/libstdc++.so.6.0.18
7fbf04a82000-7fbf04a97000 rw-p 00000000 00:00 0 
7fbf04a97000-7fbf05576000 r-xp 00000000 08:05 12322340                   /usr/lib/jvm/java-7-openjdk-amd64/jre/lib/amd64/server/libjvm.so
7fbf05576000-7fbf05775000 ---p 00adf000 08:05 12322340                   /usr/lib/jvm/java-7-openjdk-amd64/jre/lib/amd64/server/libjvm.so
7fbf05775000-7fbf05807000 r--p 00ade000 08:05 12322340                   /usr/lib/jvm/java-7-openjdk-amd64/jre/lib/amd64/server/libjvm.so
7fbf05807000-7fbf0582a000 rw-p 00b70000 08:05 12322340                   /usr/lib/jvm/java-7-openjdk-amd64/jre/lib/amd64/server/libjvm.so
7fbf0582a000-7fbf05857000 rw-p 00000000 00:00 0 
7fbf05857000-7fbf0586f000 r-xp 00000000 08:05 9834431                    /lib/x86_64-linux-gnu/libz.so.1.2.8
7fbf0586f000-7fbf05a6e000 ---p 00018000 08:05 9834431                    /lib/x86_64-linux-gnu/libz.so.1.2.8
7fbf05a6e000-7fbf05a6f000 r--p 00017000 08:05 9834431                    /lib/x86_64-linux-gnu/libz.so.1.2.8
7fbf05a6f000-7fbf05a70000 rw-p 00018000 08:05 9834431                    /lib/x86_64-linux-gnu/libz.so.1.2.8
7fbf05a70000-7fbf05a87000 r-xp 00000000 08:05 9834388                    /lib/x86_64-linux-gnu/libpthread-2.17.so
7fbf05a87000-7fbf05c87000 ---p 00017000 08:05 9834388                    /lib/x86_64-linux-gnu/libpthread-2.17.so
7fbf05c87000-7fbf05c88000 r--p 00017000 08:05 9834388                    /lib/x86_64-linux-gnu/libpthread-2.17.so
7fbf05c88000-7fbf05c89000 rw-p 00018000 08:05 9834388                    /lib/x86_64-linux-gnu/libpthread-2.17.so
7fbf05c89000-7fbf05c8d000 rw-p 00000000 00:00 0 
7fbf05c8d000-7fbf05c90000 r-xp 00000000 08:05 9834288                    /lib/x86_64-linux-gnu/libdl-2.17.so
7fbf05c90000-7fbf05e8f000 ---p 00003000 08:05 9834288                    /lib/x86_64-linux-gnu/libdl-2.17.so
7fbf05e8f000-7fbf05e90000 r--p 00002000 08:05 9834288                    /lib/x86_64-linux-gnu/libdl-2.17.so
7fbf05e90000-7fbf05e91000 rw-p 00003000 08:05 9834288                    /lib/x86_64-linux-gnu/libdl-2.17.so
7fbf05e91000-7fbf0604e000 r-xp 00000000 08:05 9834273                    /lib/x86_64-linux-gnu/libc-2.17.so
7fbf0604e000-7fbf0624e000 ---p 001bd000 08:05 9834273                    /lib/x86_64-linux-gnu/libc-2.17.so
7fbf0624e000-7fbf06252000 r--p 001bd000 08:05 9834273                    /lib/x86_64-linux-gnu/libc-2.17.so
7fbf06252000-7fbf06254000 rw-p 001c1000 08:05 9834273                    /lib/x86_64-linux-gnu/libc-2.17.so
7fbf06254000-7fbf06259000 rw-p 00000000 00:00 0 
7fbf06259000-7fbf06266000 r-xp 00000000 08:05 12322347                   /usr/lib/jvm/java-7-openjdk-amd64/jre/lib/amd64/jli/libjli.so
7fbf06266000-7fbf06465000 ---p 0000d000 08:05 12322347                   /usr/lib/jvm/java-7-openjdk-amd64/jre/lib/amd64/jli/libjli.so
7fbf06465000-7fbf06466000 r--p 0000c000 08:05 12322347                   /usr/lib/jvm/java-7-openjdk-amd64/jre/lib/amd64/jli/libjli.so
7fbf06466000-7fbf06467000 rw-p 0000d000 08:05 12322347                   /usr/lib/jvm/java-7-openjdk-amd64/jre/lib/amd64/jli/libjli.so
7fbf06467000-7fbf0648a000 r-xp 00000000 08:05 9834249                    /lib/x86_64-linux-gnu/ld-2.17.so
7fbf0648f000-7fbf06490000 rw-p 00000000 00:00 0 
7fbf06490000-7fbf06491000 r-xp 00000000 00:00 0 
7fbf06491000-7fbf06498000 r--s 00000000 08:05 12588976                   /usr/lib/x86_64-linux-gnu/gconv/gconv-modules.cache
7fbf06498000-7fbf0649d000 r--s 0004c000 08:05 12322352                   /usr/lib/jvm/java-7-openjdk-amd64/jre/lib/jsse.jar
7fbf0649d000-7fbf064a0000 r--s 00032000 08:05 12322366                   /usr/lib/jvm/java-7-openjdk-amd64/jre/lib/ext/sunjce_provider.jar
7fbf064a0000-7fbf064a3000 r--s 0000f000 08:05 12322362                   /usr/lib/jvm/java-7-openjdk-amd64/jre/lib/ext/pulse-java.jar
7fbf064a3000-7fbf064be000 rw-p 00000000 00:00 0 
7fbf064be000-7fbf06504000 rw-p 00000000 00:00 0 
7fbf06504000-7fbf06518000 rw-p 00000000 00:00 0 
7fbf06518000-7fbf065ab000 rw-p 00000000 00:00 0 
7fbf065ab000-7fbf065b5000 rw-p 00000000 00:00 0 
7fbf065b5000-7fbf0666b000 rw-p 00000000 00:00 0 
7fbf0666b000-7fbf06670000 rw-p 00000000 00:00 0 
7fbf06670000-7fbf06672000 r--s 00006000 08:05 12717881                   /usr/share/java/java-atk-wrapper.jar
7fbf06672000-7fbf06676000 r--s 00085000 08:05 12322360                   /usr/lib/jvm/java-7-openjdk-amd64/jre/lib/ext/localedata.jar
7fbf06676000-7fbf0667a000 r--s 0003b000 08:05 12322372                   /usr/lib/jvm/java-7-openjdk-amd64/jre/lib/ext/sunpkcs11.jar
7fbf0667a000-7fbf0667b000 r--s 00002000 08:05 12322370                   /usr/lib/jvm/java-7-openjdk-amd64/jre/lib/ext/dnsns.jar
7fbf0667b000-7fbf0667d000 r--s 00012000 08:05 12322364                   /usr/lib/jvm/java-7-openjdk-amd64/jre/lib/ext/zipfs.jar
7fbf0667d000-7fbf06685000 rw-s 00000000 08:05 7340054                    /tmp/hsperfdata_luis/5987
7fbf06685000-7fbf06686000 rw-p 00000000 00:00 0 
7fbf06686000-7fbf06687000 r--p 00000000 00:00 0 
7fbf06687000-7fbf06689000 rw-p 00000000 00:00 0 
7fbf06689000-7fbf0668a000 r--p 00022000 08:05 9834249                    /lib/x86_64-linux-gnu/ld-2.17.so
7fbf0668a000-7fbf0668c000 rw-p 00023000 08:05 9834249                    /lib/x86_64-linux-gnu/ld-2.17.so
7fff49f92000-7fff49fb3000 rw-p 00000000 00:00 0                          [stack]
7fff49ffe000-7fff4a000000 r-xp 00000000 00:00 0                          [vdso]
ffffffffff600000-ffffffffff601000 r-xp 00000000 00:00 0                  [vsyscall]

VM Arguments:
jvm_args: -Djdk.home= -Djruby.home=/home/luis/.rbenv/versions/jruby-1.7.10 -Djruby.script=jruby -Djruby.shell=/bin/sh -Djffi.boot.library.path=/home/luis/.rbenv/versions/jruby-1.7.10/lib/jni:/home/luis/.rbenv/versions/jruby-1.7.10/lib/jni/arm-Linux:/home/luis/.rbenv/versions/jruby-1.7.10/lib/jni/x86_64-Linux:/home/luis/.rbenv/versions/jruby-1.7.10/lib/jni/i386-Linux -Xmx500m -Xss2048k -Xbootclasspath/a:/home/luis/.rbenv/versions/jruby-1.7.10/lib/jruby.jar 
java_command: org/jruby/Main Makefile.rb clean compile test
Launcher Type: SUN_STANDARD

Environment Variables:
PATH=/home/luis/.rbenv/versions/jruby-1.7.10/bin:/home/luis/.rbenv/libexec:/home/luis/.rbenv/plugins/ruby-build/bin:/home/luis/.rbenv/shims:~/.rbenv/bin:~/.rbenv/bin:/usr/local/sbin:/usr/local/bin:/usr/sbin:/usr/bin:/sbin:/bin:/usr/games:/usr/local/games
USERNAME=luis
SHELL=/bin/bash
DISPLAY=:0

Signal Handlers:
SIGSEGV: [libjvm.so+0x916ea0], sa_mask[0]=0x7ffbfeff, sa_flags=0x10000004
SIGBUS: [libjvm.so+0x916ea0], sa_mask[0]=0x7ffbfeff, sa_flags=0x10000004
SIGFPE: [libjvm.so+0x794800], sa_mask[0]=0x7ffbfeff, sa_flags=0x10000004
SIGPIPE: [libjvm.so+0x794800], sa_mask[0]=0x7ffbfeff, sa_flags=0x10000004
SIGXFSZ: [libjvm.so+0x794800], sa_mask[0]=0x7ffbfeff, sa_flags=0x10000004
SIGILL: [libjvm.so+0x794800], sa_mask[0]=0x7ffbfeff, sa_flags=0x10000004
SIGUSR1: SIG_DFL, sa_mask[0]=0x00000000, sa_flags=0x00000000
SIGUSR2: [libjvm.so+0x7946a0], sa_mask[0]=0x00000000, sa_flags=0x10000004
SIGHUP: [libjvm.so+0x794880], sa_mask[0]=0x7ffbfeff, sa_flags=0x10000004
SIGINT: [libjvm.so+0x794880], sa_mask[0]=0x7ffbfeff, sa_flags=0x10000004
SIGTERM: [libjvm.so+0x794880], sa_mask[0]=0x7ffbfeff, sa_flags=0x10000004
SIGQUIT: [libjvm.so+0x794880], sa_mask[0]=0x7ffbfeff, sa_flags=0x10000004


---------------  S Y S T E M  ---------------

OS:LinuxMint 16 (petra)
uname:Linux 3.11.0-12-generic #19-Ubuntu SMP Wed Oct 9 16:20:46 UTC 2013 x86_64
libc:glibc 2.17 NPTL 2.17 
rlimit: STACK 8192k, CORE 0k, NPROC 29806, NOFILE 4096, AS infinity
load average:0,40 0,42 0,58

/proc/meminfo:
MemTotal:        3844532 kB
MemFree:         1795244 kB
Buffers:          111104 kB
Cached:          1010972 kB
SwapCached:            0 kB
Active:          1112740 kB
Inactive:         782268 kB
Active(anon):     773936 kB
Inactive(anon):   158744 kB
Active(file):     338804 kB
Inactive(file):   623524 kB
Unevictable:           0 kB
Mlocked:               0 kB
SwapTotal:       3987452 kB
SwapFree:        3987452 kB
Dirty:               296 kB
Writeback:             0 kB
AnonPages:        772956 kB
Mapped:           148504 kB
Shmem:            159752 kB
Slab:              89504 kB
SReclaimable:      66980 kB
SUnreclaim:        22524 kB
KernelStack:        3128 kB
PageTables:        17768 kB
NFS_Unstable:          0 kB
Bounce:                0 kB
WritebackTmp:          0 kB
CommitLimit:     5909716 kB
Committed_AS:    2466924 kB
VmallocTotal:   34359738367 kB
VmallocUsed:      348004 kB
VmallocChunk:   34359386076 kB
HardwareCorrupted:     0 kB
AnonHugePages:         0 kB
HugePages_Total:       0
HugePages_Free:        0
HugePages_Rsvd:        0
HugePages_Surp:        0
Hugepagesize:       2048 kB
DirectMap4k:       56564 kB
DirectMap2M:     3932160 kB


CPU:total 4 (2 cores per cpu, 2 threads per core) family 6 model 37 stepping 5, cmov, cx8, fxsr, mmx, sse, sse2, sse3, ssse3, sse4.1, sse4.2, popcnt, ht, tsc, tscinvbit

/proc/cpuinfo:
processor	: 0
vendor_id	: GenuineIntel
cpu family	: 6
model		: 37
model name	: Intel(R) Core(TM) i5 CPU       M 460  @ 2.53GHz
stepping	: 5
microcode	: 0x2
cpu MHz		: 2534.000
cache size	: 3072 KB
physical id	: 0
siblings	: 4
core id		: 0
cpu cores	: 2
apicid		: 0
initial apicid	: 0
fpu		: yes
fpu_exception	: yes
cpuid level	: 11
wp		: yes
flags		: fpu vme de pse tsc msr pae mce cx8 apic sep mtrr pge mca cmov pat pse36 clflush dts acpi mmx fxsr sse sse2 ss ht tm pbe syscall nx rdtscp lm constant_tsc arch_perfmon pebs bts rep_good nopl xtopology nonstop_tsc aperfmperf pni dtes64 monitor ds_cpl vmx est tm2 ssse3 cx16 xtpr pdcm pcid sse4_1 sse4_2 popcnt lahf_lm ida arat dtherm tpr_shadow vnmi flexpriority ept vpid
bogomips	: 5067.06
clflush size	: 64
cache_alignment	: 64
address sizes	: 36 bits physical, 48 bits virtual
power management:

processor	: 1
vendor_id	: GenuineIntel
cpu family	: 6
model		: 37
model name	: Intel(R) Core(TM) i5 CPU       M 460  @ 2.53GHz
stepping	: 5
microcode	: 0x2
cpu MHz		: 2534.000
cache size	: 3072 KB
physical id	: 0
siblings	: 4
core id		: 0
cpu cores	: 2
apicid		: 1
initial apicid	: 1
fpu		: yes
fpu_exception	: yes
cpuid level	: 11
wp		: yes
flags		: fpu vme de pse tsc msr pae mce cx8 apic sep mtrr pge mca cmov pat pse36 clflush dts acpi mmx fxsr sse sse2 ss ht tm pbe syscall nx rdtscp lm constant_tsc arch_perfmon pebs bts rep_good nopl xtopology nonstop_tsc aperfmperf pni dtes64 monitor ds_cpl vmx est tm2 ssse3 cx16 xtpr pdcm pcid sse4_1 sse4_2 popcnt lahf_lm ida arat dtherm tpr_shadow vnmi flexpriority ept vpid
bogomips	: 5067.06
clflush size	: 64
cache_alignment	: 64
address sizes	: 36 bits physical, 48 bits virtual
power management:

processor	: 2
vendor_id	: GenuineIntel
cpu family	: 6
model		: 37
model name	: Intel(R) Core(TM) i5 CPU       M 460  @ 2.53GHz
stepping	: 5
microcode	: 0x2
cpu MHz		: 2534.000
cache size	: 3072 KB
physical id	: 0
siblings	: 4
core id		: 2
cpu cores	: 2
apicid		: 4
initial apicid	: 4
fpu		: yes
fpu_exception	: yes
cpuid level	: 11
wp		: yes
flags		: fpu vme de pse tsc msr pae mce cx8 apic sep mtrr pge mca cmov pat pse36 clflush dts acpi mmx fxsr sse sse2 ss ht tm pbe syscall nx rdtscp lm constant_tsc arch_perfmon pebs bts rep_good nopl xtopology nonstop_tsc aperfmperf pni dtes64 monitor ds_cpl vmx est tm2 ssse3 cx16 xtpr pdcm pcid sse4_1 sse4_2 popcnt lahf_lm ida arat dtherm tpr_shadow vnmi flexpriority ept vpid
bogomips	: 5067.06
clflush size	: 64
cache_alignment	: 64
address sizes	: 36 bits physical, 48 bits virtual
power management:

processor	: 3
vendor_id	: GenuineIntel
cpu family	: 6
model		: 37
model name	: Intel(R) Core(TM) i5 CPU       M 460  @ 2.53GHz
stepping	: 5
microcode	: 0x2
cpu MHz		: 2534.000
cache size	: 3072 KB
physical id	: 0
siblings	: 4
core id		: 2
cpu cores	: 2
apicid		: 5
initial apicid	: 5
fpu		: yes
fpu_exception	: yes
cpuid level	: 11
wp		: yes
flags		: fpu vme de pse tsc msr pae mce cx8 apic sep mtrr pge mca cmov pat pse36 clflush dts acpi mmx fxsr sse sse2 ss ht tm pbe syscall nx rdtscp lm constant_tsc arch_perfmon pebs bts rep_good nopl xtopology nonstop_tsc aperfmperf pni dtes64 monitor ds_cpl vmx est tm2 ssse3 cx16 xtpr pdcm pcid sse4_1 sse4_2 popcnt lahf_lm ida arat dtherm tpr_shadow vnmi flexpriority ept vpid
bogomips	: 5067.06
clflush size	: 64
cache_alignment	: 64
address sizes	: 36 bits physical, 48 bits virtual
power management:



Memory: 4k page, physical 3844532k(1795244k free), swap 3987452k(3987452k free)

vm_info: OpenJDK 64-Bit Server VM (24.45-b08) for linux-amd64 JRE (1.7.0_51-b00), built on Jan 15 2014 22:02:57 by "buildd" with gcc 4.8.1

time: Sun Mar  9 18:04:25 2014
elapsed time: 3 seconds

