#
# A fatal error has been detected by the Java Runtime Environment:
#
#  SIGSEGV (0xb) at pc=0x00007f7f8897cdd4, pid=9527, tid=140186041984768
#
# JRE version: OpenJDK Runtime Environment (7.0_51) (build 1.7.0_51-b00)
# Java VM: OpenJDK 64-Bit Server VM (24.45-b08 mixed mode linux-amd64 compressed oops)
# Problematic frame:
# C  [libconvex_hull.so+0xdd4]  puente_superior+0xdd
#
# Failed to write core dump. Core dumps have been disabled. To enable core dumping, try "ulimit -c unlimited" before starting Java again
#
# If you would like to submit a bug report, please include
# instructions on how to reproduce the bug and visit:
#   http://icedtea.classpath.org/bugzilla
# The crash happened outside the Java Virtual Machine in native code.
# See problematic frame for where to report the bug.
#

---------------  T H R E A D  ---------------

Current thread (0x00007f7f9400a800):  JavaThread "main" [_thread_in_native, id=9552, stack(0x00007f7f9b1c2000,0x00007f7f9b3c3000)]

siginfo:si_signo=SIGSEGV: si_errno=0, si_code=1 (SEGV_MAPERR), si_addr=0x0000000000000000

Registers:
RAX=0x0000000000000000, RBX=0x00000000d79ca6a0, RCX=0x0000000000001295, RDX=0x0000000001011638
RSP=0x00007f7f9b3bfac0, RBP=0x00007f7f9b3bfb00, RSI=0x00000000fffffdce, RDI=0x00007f7f945610f0
R8 =0x00007f7f94560540, R9 =0x00007f7f9d029134, R10=0x00007f7f9b3bf890, R11=0x00007f7f88d8293f
R12=0x0000000000000000, R13=0x00000000d79ca6a0, R14=0x00007f7f9b3bfda0, R15=0x00007f7f9400a800
RIP=0x00007f7f8897cdd4, EFLAGS=0x0000000000010297, CSGSFS=0x0000000000000033, ERR=0x0000000000000004
  TRAPNO=0x000000000000000e

Top of Stack: (sp=0x00007f7f9b3bfac0)
0x00007f7f9b3bfac0:   00007f7f945610f0 00007f7f945605d0
0x00007f7f9b3bfad0:   0000000300000002 0000000000000001
0x00007f7f9b3bfae0:   00007f7f945604f0 00007f7f94560570
0x00007f7f9b3bfaf0:   00007f7f94561330 00007f7f94560570
0x00007f7f9b3bfb00:   00007f7f9b3bfbf0 00007f7f8897d004
0x00007f7f9b3bfb10:   00007f7f945610f0 00007f7f945605d0
0x00007f7f9b3bfb20:   000000000000090d 0000000100000000
0x00007f7f9b3bfb30:   0000000000000005 00007f7f88b7e060
0x00007f7f9b3bfb40:   0000000000000000 00007f7f94560510
0x00007f7f9b3bfb50:   00007f7f945604f0 00007f7f94561210
0x00007f7f9b3bfb60:   00007f7f945604b0 00007f7f94561210
0x00007f7f9b3bfb70:   00007f7f945610f0 00007f7f94000020
0x00007f7f9b3bfb80:   0000000000000008 0000000000000000
0x00007f7f9b3bfb90:   00000000d79ca6a0 00007f7f9b3bfda0
0x00007f7f9b3bfba0:   00007f7f9400a800 00007f7f9d05e4d0
0x00007f7f9b3bfbb0:   00007f7f945605d0 00000000d79ca6a0
0x00007f7f9b3bfbc0:   00007f7f9b3bfbf0 00007f7f88d82900
0x00007f7f9b3bfbd0:   00007f7f945605d0 fffff4510000090d
0x00007f7f9b3bfbe0:   00007f7f9d029134 00007f7f945610f0
0x00007f7f9b3bfbf0:   00007f7f9b3bfcb0 00007f7f8897d949
0x00007f7f9b3bfc00:   00000000f6432e90 00007f7f9455cf10
0x00007f7f9b3bfc10:   00000004d7e478a1 00007f7f945605f0
0x00007f7f9b3bfc20:   00007f7f94561410 00007f7f945607b0
0x00007f7f9b3bfc30:   00007f7f94560790 00007f7f94560750
0x00007f7f9b3bfc40:   00007f7f94560730 00007f7f94560710
0x00007f7f9b3bfc50:   00007f7f945606f0 00007f7f945613f0
0x00007f7f9b3bfc60:   00007f7f94561350 00007f7f945605d0
0x00007f7f9b3bfc70:   00007f7f945607b0 00007f7f94561330
0x00007f7f9b3bfc80:   00007f7f94560790 00007f7f94560570
0x00007f7f9b3bfc90:   00007f7f94560750 00007f7f94560550
0x00007f7f9b3bfca0:   00007f7f94560710 00007f7f945610f0
0x00007f7f9b3bfcb0:   00007f7f94518c90 00007f7f8978fcd9 

Instructions: (pc=0x00007f7f8897cdd4)
0x00007f7f8897cdb4:   45 e0 48 8b 00 48 89 45 e8 48 8b 45 e0 48 8b 40
0x00007f7f8897cdc4:   08 48 8b 00 48 89 45 f0 48 8b 45 e0 48 8b 40 10
0x00007f7f8897cdd4:   48 8b 00 48 89 45 f8 48 8b 55 f0 48 8b 4d e8 48
0x00007f7f8897cde4:   8b 45 c0 48 89 ce 48 89 c7 e8 2e fc ff ff 89 45 

Register to memory mapping:

RAX=0x0000000000000000 is an unknown value
RBX=0x00000000d79ca6a0 is an oop
{method} 
 - klass: {other class}
RCX=0x0000000000001295 is an unknown value
RDX=0x0000000001011638 is an unknown value
RSP=0x00007f7f9b3bfac0 is pointing into the stack for thread: 0x00007f7f9400a800
RBP=0x00007f7f9b3bfb00 is pointing into the stack for thread: 0x00007f7f9400a800
RSI=0x00000000fffffdce is an unallocated location in the heap
RDI=0x00007f7f945610f0 is an unknown value
R8 =0x00007f7f94560540 is an unknown value
R9 =0x00007f7f9d029134: _IO_vfprintf+0x49b4 in /lib/x86_64-linux-gnu/libc.so.6 at 0x00007f7f9cfdb000
R10=0x00007f7f9b3bf890 is pointing into the stack for thread: 0x00007f7f9400a800
R11=0x00007f7f88d8293f: destroy_point+0 in lib/lib2d_points.so at 0x00007f7f88d82000
R12=0x0000000000000000 is an unknown value
R13=0x00000000d79ca6a0 is an oop
{method} 
 - klass: {other class}
R14=0x00007f7f9b3bfda0 is pointing into the stack for thread: 0x00007f7f9400a800
R15=0x00007f7f9400a800 is a thread


Stack: [0x00007f7f9b1c2000,0x00007f7f9b3c3000],  sp=0x00007f7f9b3bfac0,  free space=2038k
Native frames: (J=compiled Java code, j=interpreted, Vv=VM code, C=native code)
C  [libconvex_hull.so+0xdd4]  puente_superior+0xdd
C  [libconvex_hull.so+0x1004]  insertion+0x5e
C  [libconvex_hull.so+0x1949]  convex_hull+0x266

Java frames: (J=compiled Java code, j=interpreted, Vv=VM code)
j  com.kenai.jffi.Foreign.invokeL1(JJJ)J+0
j  com.kenai.jffi.Invoker.invokeL1(Lcom/kenai/jffi/CallContext;JJ)J+7
j  org.jruby.ext.ffi.jffi.NativeInvoker$ffi$1.call(Lorg/jruby/runtime/ThreadContext;Lorg/jruby/runtime/builtin/IRubyObject;Lorg/jruby/RubyModule;Ljava/lang/String;Lorg/jruby/runtime/builtin/IRubyObject;)Lorg/jruby/runtime/builtin/IRubyObject;+76
j  org.jruby.ext.ffi.jffi.JITNativeInvoker.call(Lorg/jruby/runtime/ThreadContext;Lorg/jruby/runtime/builtin/IRubyObject;Lorg/jruby/RubyModule;Ljava/lang/String;[Lorg/jruby/runtime/builtin/IRubyObject;)Lorg/jruby/runtime/builtin/IRubyObject;+92
j  org.jruby.ext.ffi.jffi.NativeInvoker.call(Lorg/jruby/runtime/ThreadContext;Lorg/jruby/runtime/builtin/IRubyObject;Lorg/jruby/RubyModule;Ljava/lang/String;[Lorg/jruby/runtime/builtin/IRubyObject;Lorg/jruby/runtime/Block;)Lorg/jruby/runtime/builtin/IRubyObject;+36
j  org.jruby.ext.ffi.jffi.DefaultMethod.call(Lorg/jruby/runtime/ThreadContext;Lorg/jruby/runtime/builtin/IRubyObject;Lorg/jruby/RubyModule;Ljava/lang/String;[Lorg/jruby/runtime/builtin/IRubyObject;Lorg/jruby/runtime/Block;)Lorg/jruby/runtime/builtin/IRubyObject;+13
j  org.jruby.internal.runtime.methods.DynamicMethod.call(Lorg/jruby/runtime/ThreadContext;Lorg/jruby/runtime/builtin/IRubyObject;Lorg/jruby/RubyModule;Ljava/lang/String;Lorg/jruby/runtime/builtin/IRubyObject;Lorg/jruby/runtime/Block;)Lorg/jruby/runtime/builtin/IRubyObject;+17
j  org.jruby.internal.runtime.methods.DynamicMethod.call(Lorg/jruby/runtime/ThreadContext;Lorg/jruby/runtime/builtin/IRubyObject;Lorg/jruby/RubyModule;Ljava/lang/String;Lorg/jruby/runtime/builtin/IRubyObject;)Lorg/jruby/runtime/builtin/IRubyObject;+11
j  org.jruby.runtime.callsite.CachingCallSite.cacheAndCall(Lorg/jruby/runtime/builtin/IRubyObject;Lorg/jruby/RubyClass;Lorg/jruby/runtime/ThreadContext;Lorg/jruby/runtime/builtin/IRubyObject;Lorg/jruby/runtime/builtin/IRubyObject;)Lorg/jruby/runtime/builtin/IRubyObject;+57
J  org.jruby.runtime.callsite.CachingCallSite.call(Lorg/jruby/runtime/ThreadContext;Lorg/jruby/runtime/builtin/IRubyObject;Lorg/jruby/runtime/builtin/IRubyObject;Lorg/jruby/runtime/builtin/IRubyObject;)Lorg/jruby/runtime/builtin/IRubyObject;
j  org.jruby.ast.CallOneArgNode.interpret(Lorg/jruby/Ruby;Lorg/jruby/runtime/ThreadContext;Lorg/jruby/runtime/builtin/IRubyObject;Lorg/jruby/runtime/Block;)Lorg/jruby/runtime/builtin/IRubyObject;+30
j  org.jruby.ast.LocalAsgnNode.interpret(Lorg/jruby/Ruby;Lorg/jruby/runtime/ThreadContext;Lorg/jruby/runtime/builtin/IRubyObject;Lorg/jruby/runtime/Block;)Lorg/jruby/runtime/builtin/IRubyObject;+30
J  org.jruby.ast.BlockNode.interpret(Lorg/jruby/Ruby;Lorg/jruby/runtime/ThreadContext;Lorg/jruby/runtime/builtin/IRubyObject;Lorg/jruby/runtime/Block;)Lorg/jruby/runtime/builtin/IRubyObject;
j  org.jruby.evaluator.ASTInterpreter.INTERPRET_METHOD(Lorg/jruby/Ruby;Lorg/jruby/runtime/ThreadContext;Ljava/lang/String;ILorg/jruby/RubyModule;Lorg/jruby/ast/Node;Ljava/lang/String;Lorg/jruby/runtime/builtin/IRubyObject;Lorg/jruby/runtime/Block;Z)Lorg/jruby/runtime/builtin/IRubyObject;+30
j  org.jruby.internal.runtime.methods.InterpretedMethod.call(Lorg/jruby/runtime/ThreadContext;Lorg/jruby/runtime/builtin/IRubyObject;Lorg/jruby/RubyModule;Ljava/lang/String;)Lorg/jruby/runtime/builtin/IRubyObject;+80
j  org.jruby.internal.runtime.methods.DefaultMethod.call(Lorg/jruby/runtime/ThreadContext;Lorg/jruby/runtime/builtin/IRubyObject;Lorg/jruby/RubyModule;Ljava/lang/String;)Lorg/jruby/runtime/builtin/IRubyObject;+20
j  org.jruby.runtime.callsite.CachingCallSite.cacheAndCall(Lorg/jruby/runtime/builtin/IRubyObject;Lorg/jruby/RubyClass;Lorg/jruby/runtime/ThreadContext;Lorg/jruby/runtime/builtin/IRubyObject;)Lorg/jruby/runtime/builtin/IRubyObject;+53
j  org.jruby.runtime.callsite.CachingCallSite.call(Lorg/jruby/runtime/ThreadContext;Lorg/jruby/runtime/builtin/IRubyObject;Lorg/jruby/runtime/builtin/IRubyObject;)Lorg/jruby/runtime/builtin/IRubyObject;+46
j  org.jruby.ast.CallNoArgNode.interpret(Lorg/jruby/Ruby;Lorg/jruby/runtime/ThreadContext;Lorg/jruby/runtime/builtin/IRubyObject;Lorg/jruby/runtime/Block;)Lorg/jruby/runtime/builtin/IRubyObject;+18
j  org.jruby.ast.FCallTwoArgNode.interpret(Lorg/jruby/Ruby;Lorg/jruby/runtime/ThreadContext;Lorg/jruby/runtime/builtin/IRubyObject;Lorg/jruby/runtime/Block;)Lorg/jruby/runtime/builtin/IRubyObject;+28
J  org.jruby.ast.BlockNode.interpret(Lorg/jruby/Ruby;Lorg/jruby/runtime/ThreadContext;Lorg/jruby/runtime/builtin/IRubyObject;Lorg/jruby/runtime/Block;)Lorg/jruby/runtime/builtin/IRubyObject;
j  org.jruby.evaluator.ASTInterpreter.INTERPRET_METHOD(Lorg/jruby/Ruby;Lorg/jruby/runtime/ThreadContext;Ljava/lang/String;ILorg/jruby/RubyModule;Lorg/jruby/ast/Node;Ljava/lang/String;Lorg/jruby/runtime/builtin/IRubyObject;Lorg/jruby/runtime/Block;Z)Lorg/jruby/runtime/builtin/IRubyObject;+30
j  org.jruby.internal.runtime.methods.InterpretedMethod.call(Lorg/jruby/runtime/ThreadContext;Lorg/jruby/runtime/builtin/IRubyObject;Lorg/jruby/RubyModule;Ljava/lang/String;)Lorg/jruby/runtime/builtin/IRubyObject;+80
j  org.jruby.internal.runtime.methods.DefaultMethod.call(Lorg/jruby/runtime/ThreadContext;Lorg/jruby/runtime/builtin/IRubyObject;Lorg/jruby/RubyModule;Ljava/lang/String;)Lorg/jruby/runtime/builtin/IRubyObject;+20
j  org.jruby.runtime.callsite.CachingCallSite.cacheAndCall(Lorg/jruby/runtime/builtin/IRubyObject;Lorg/jruby/RubyClass;Lorg/jruby/runtime/ThreadContext;Lorg/jruby/runtime/builtin/IRubyObject;)Lorg/jruby/runtime/builtin/IRubyObject;+53
j  org.jruby.runtime.callsite.CachingCallSite.call(Lorg/jruby/runtime/ThreadContext;Lorg/jruby/runtime/builtin/IRubyObject;Lorg/jruby/runtime/builtin/IRubyObject;)Lorg/jruby/runtime/builtin/IRubyObject;+46
j  Makefile.method__2$RUBY$test(LMakefile;Lorg/jruby/runtime/ThreadContext;Lorg/jruby/runtime/builtin/IRubyObject;Lorg/jruby/runtime/Block;)Lorg/jruby/runtime/builtin/IRubyObject;+130
j  Makefile$method__2$RUBY$test.call(Lorg/jruby/runtime/ThreadContext;Lorg/jruby/runtime/builtin/IRubyObject;Lorg/jruby/RubyModule;Ljava/lang/String;Lorg/jruby/runtime/Block;)Lorg/jruby/runtime/builtin/IRubyObject;+17
j  org.jruby.RubyClass.finvoke(Lorg/jruby/runtime/ThreadContext;Lorg/jruby/runtime/builtin/IRubyObject;Ljava/lang/String;Lorg/jruby/runtime/Block;)Lorg/jruby/runtime/builtin/IRubyObject;+41
j  org.jruby.RubyBasicObject.send19(Lorg/jruby/runtime/ThreadContext;Lorg/jruby/runtime/builtin/IRubyObject;Lorg/jruby/runtime/Block;)Lorg/jruby/runtime/builtin/IRubyObject;+15
j  org.jruby.RubyKernel.send19(Lorg/jruby/runtime/ThreadContext;Lorg/jruby/runtime/builtin/IRubyObject;Lorg/jruby/runtime/builtin/IRubyObject;Lorg/jruby/runtime/Block;)Lorg/jruby/runtime/builtin/IRubyObject;+7
j  org.jruby.RubyKernel$INVOKER$s$send19.call(Lorg/jruby/runtime/ThreadContext;Lorg/jruby/runtime/builtin/IRubyObject;Lorg/jruby/RubyModule;Ljava/lang/String;Lorg/jruby/runtime/builtin/IRubyObject;Lorg/jruby/runtime/Block;)Lorg/jruby/runtime/builtin/IRubyObject;+6
j  org.jruby.internal.runtime.methods.JavaMethod$JavaMethodOneOrNBlock.call(Lorg/jruby/runtime/ThreadContext;Lorg/jruby/runtime/builtin/IRubyObject;Lorg/jruby/RubyModule;Ljava/lang/String;Lorg/jruby/runtime/builtin/IRubyObject;)Lorg/jruby/runtime/builtin/IRubyObject;+11
j  org.jruby.runtime.callsite.CachingCallSite.call(Lorg/jruby/runtime/ThreadContext;Lorg/jruby/runtime/builtin/IRubyObject;Lorg/jruby/runtime/builtin/IRubyObject;Lorg/jruby/runtime/builtin/IRubyObject;)Lorg/jruby/runtime/builtin/IRubyObject;+38
j  Makefile.block_6$RUBY$__file__(LMakefile;Lorg/jruby/runtime/ThreadContext;Lorg/jruby/runtime/builtin/IRubyObject;[Lorg/jruby/runtime/builtin/IRubyObject;Lorg/jruby/runtime/Block;)Lorg/jruby/runtime/builtin/IRubyObject;+46
j  Makefile$block_6$RUBY$__file__.call(Lorg/jruby/runtime/ThreadContext;Lorg/jruby/runtime/builtin/IRubyObject;[Lorg/jruby/runtime/builtin/IRubyObject;Lorg/jruby/runtime/Block;)Lorg/jruby/runtime/builtin/IRubyObject;+9
j  org.jruby.runtime.CompiledBlock19.yield(Lorg/jruby/runtime/ThreadContext;Lorg/jruby/runtime/builtin/IRubyObject;Lorg/jruby/runtime/Binding;Lorg/jruby/runtime/Block$Type;)Lorg/jruby/runtime/builtin/IRubyObject;+52
j  org.jruby.runtime.Block.yield(Lorg/jruby/runtime/ThreadContext;Lorg/jruby/runtime/builtin/IRubyObject;)Lorg/jruby/runtime/builtin/IRubyObject;+14
j  org.jruby.RubyArray.eachCommon(Lorg/jruby/runtime/ThreadContext;Lorg/jruby/runtime/Block;)Lorg/jruby/runtime/builtin/IRubyObject;+41
j  org.jruby.RubyArray.each(Lorg/jruby/runtime/ThreadContext;Lorg/jruby/runtime/Block;)Lorg/jruby/runtime/builtin/IRubyObject;+10
j  org.jruby.RubyArray$INVOKER$i$0$0$each.call(Lorg/jruby/runtime/ThreadContext;Lorg/jruby/runtime/builtin/IRubyObject;Lorg/jruby/RubyModule;Ljava/lang/String;Lorg/jruby/runtime/Block;)Lorg/jruby/runtime/builtin/IRubyObject;+7
j  org.jruby.runtime.callsite.CachingCallSite.cacheAndCall(Lorg/jruby/runtime/builtin/IRubyObject;Lorg/jruby/RubyClass;Lorg/jruby/runtime/Block;Lorg/jruby/runtime/ThreadContext;Lorg/jruby/runtime/builtin/IRubyObject;)Lorg/jruby/runtime/builtin/IRubyObject;+57
j  org.jruby.runtime.callsite.CachingCallSite.callBlock(Lorg/jruby/runtime/ThreadContext;Lorg/jruby/runtime/builtin/IRubyObject;Lorg/jruby/runtime/builtin/IRubyObject;Lorg/jruby/runtime/Block;)Lorg/jruby/runtime/builtin/IRubyObject;+50
j  org.jruby.runtime.callsite.CachingCallSite.callIter(Lorg/jruby/runtime/ThreadContext;Lorg/jruby/runtime/builtin/IRubyObject;Lorg/jruby/runtime/builtin/IRubyObject;Lorg/jruby/runtime/Block;)Lorg/jruby/runtime/builtin/IRubyObject;+6
j  Makefile.__file__(LMakefile;Lorg/jruby/runtime/ThreadContext;Lorg/jruby/runtime/builtin/IRubyObject;[Lorg/jruby/runtime/builtin/IRubyObject;Lorg/jruby/runtime/Block;)Lorg/jruby/runtime/builtin/IRubyObject;+859
j  Makefile.load(Lorg/jruby/runtime/ThreadContext;Lorg/jruby/runtime/builtin/IRubyObject;Z)Lorg/jruby/runtime/builtin/IRubyObject;+22
j  org.jruby.Ruby.runScript(Lorg/jruby/ast/executable/Script;Z)Lorg/jruby/runtime/builtin/IRubyObject;+12
j  org.jruby.Ruby.runScript(Lorg/jruby/ast/executable/Script;)Lorg/jruby/runtime/builtin/IRubyObject;+3
j  org.jruby.Ruby.runNormally(Lorg/jruby/ast/Node;)Lorg/jruby/runtime/builtin/IRubyObject;+73
j  org.jruby.Ruby.runFromMain(Ljava/io/InputStream;Ljava/lang/String;)V+320
j  org.jruby.Main.doRunFromMain(Lorg/jruby/Ruby;Ljava/io/InputStream;Ljava/lang/String;)Lorg/jruby/Main$Status;+12
j  org.jruby.Main.internalRun()Lorg/jruby/Main$Status;+234
j  org.jruby.Main.run([Ljava/lang/String;)Lorg/jruby/Main$Status;+9
j  org.jruby.Main.main([Ljava/lang/String;)V+35
v  ~StubRoutines::call_stub

---------------  P R O C E S S  ---------------

Java Threads: ( => current thread )
  0x00007f7f94535000 JavaThread "JRubyJIT-2" daemon [_thread_blocked, id=9635, stack(0x00007f7f88f84000,0x00007f7f89185000)]
  0x00007f7f94533000 JavaThread "process reaper" daemon [_thread_blocked, id=9568, stack(0x00007f7f900b8000,0x00007f7f900f1000)]
  0x00007f7f94438000 JavaThread "JRubyJIT-1" daemon [_thread_blocked, id=9565, stack(0x00007f7f89587000,0x00007f7f89788000)]
  0x00007f7f940ad000 JavaThread "Service Thread" daemon [_thread_blocked, id=9563, stack(0x00007f7f8b200000,0x00007f7f8b401000)]
  0x00007f7f940aa800 JavaThread "C2 CompilerThread1" daemon [_thread_blocked, id=9562, stack(0x00007f7f8b401000,0x00007f7f8b502000)]
  0x00007f7f940a7800 JavaThread "C2 CompilerThread0" daemon [_thread_blocked, id=9561, stack(0x00007f7f8b502000,0x00007f7f8b603000)]
  0x00007f7f940a5800 JavaThread "Signal Dispatcher" daemon [_thread_blocked, id=9560, stack(0x00007f7f8b603000,0x00007f7f8b804000)]
  0x00007f7f94082800 JavaThread "Finalizer" daemon [_thread_blocked, id=9559, stack(0x00007f7f8bbfe000,0x00007f7f8bdff000)]
  0x00007f7f94080800 JavaThread "Reference Handler" daemon [_thread_blocked, id=9558, stack(0x00007f7f8bdff000,0x00007f7f8c000000)]
=>0x00007f7f9400a800 JavaThread "main" [_thread_in_native, id=9552, stack(0x00007f7f9b1c2000,0x00007f7f9b3c3000)]

Other Threads:
  0x00007f7f9407c800 VMThread [stack: 0x00007f7f900f1000,0x00007f7f901f2000] [id=9557]
  0x00007f7f940b7800 WatcherThread [stack: 0x00007f7f8b0ff000,0x00007f7f8b200000] [id=9564]

VM state:not at safepoint (normal execution)

VM Mutex/Monitor currently owned by a thread: None

Heap
 PSYoungGen      total 33280K, used 16337K [0x00000000f5900000, 0x00000000f7c00000, 0x0000000100000000)
  eden space 30720K, 44% used [0x00000000f5900000,0x00000000f66770f0,0x00000000f7700000)
  from space 2560K, 99% used [0x00000000f7980000,0x00000000f7bfd528,0x00000000f7c00000)
  to   space 2560K, 0% used [0x00000000f7700000,0x00000000f7700000,0x00000000f7980000)
 ParOldGen       total 39936K, used 5237K [0x00000000e0c00000, 0x00000000e3300000, 0x00000000f5900000)
  object space 39936K, 13% used [0x00000000e0c00000,0x00000000e111d470,0x00000000e3300000)
 PSPermGen       total 25600K, used 25434K [0x00000000d6600000, 0x00000000d7f00000, 0x00000000e0c00000)
  object space 25600K, 99% used [0x00000000d6600000,0x00000000d7ed68f0,0x00000000d7f00000)

Card table byte_map: [0x00007f7f99fe8000,0x00007f7f9a136000] byte_map_base: 0x00007f7f99935000

Polling page: 0x00007f7f9d7d0000

Code Cache  [0x00007f7f91000000, 0x00007f7f91270000, 0x00007f7f94000000)
 total_blobs=821 nmethods=342 adapters=433 free_code_cache=47588Kb largest_free_block=48691392

Compilation events (10 events):
Event: 3,111 Thread 0x00007f7f940aa800  345             org.jruby.runtime.ThreadContext::pollThreadEvents (9 bytes)
Event: 3,113 Thread 0x00007f7f940aa800 nmethod 345 0x00007f7f91187350 code [0x00007f7f911874a0, 0x00007f7f91187598]
Event: 3,113 Thread 0x00007f7f940a7800  346             org.jruby.ext.ffi.MemoryObject::getMemoryIO (19 bytes)
Event: 3,114 Thread 0x00007f7f940a7800 nmethod 346 0x00007f7f91187110 code [0x00007f7f91187240, 0x00007f7f911872b8]
Event: 3,114 Thread 0x00007f7f940aa800  347             org.jruby.runtime.opto.ObjectIdentityInvalidator::getData (5 bytes)
Event: 3,115 Thread 0x00007f7f940aa800 nmethod 347 0x00007f7f91186f10 code [0x00007f7f91187040, 0x00007f7f91187098]
Event: 3,122 Thread 0x00007f7f940a7800  348             org.jruby.runtime.opto.ConstantCache::isCached (33 bytes)
Event: 3,123 Thread 0x00007f7f940a7800 nmethod 348 0x00007f7f91184f10 code [0x00007f7f91185060, 0x00007f7f91185118]
Event: 3,124 Thread 0x00007f7f940aa800  349             org.jruby.parser.StaticScope::getNumberOfVariables (6 bytes)
Event: 3,125 Thread 0x00007f7f940aa800 nmethod 349 0x00007f7f91184cd0 code [0x00007f7f91184e00, 0x00007f7f91184e78]

GC Heap History (4 events):
Event: 1,215 GC heap before
{Heap before GC invocations=1 (full 0):
 PSYoungGen      total 17920K, used 15360K [0x00000000f5900000, 0x00000000f6d00000, 0x0000000100000000)
  eden space 15360K, 100% used [0x00000000f5900000,0x00000000f6800000,0x00000000f6800000)
  from space 2560K, 0% used [0x00000000f6a80000,0x00000000f6a80000,0x00000000f6d00000)
  to   space 2560K, 0% used [0x00000000f6800000,0x00000000f6800000,0x00000000f6a80000)
 ParOldGen       total 39936K, used 0K [0x00000000e0c00000, 0x00000000e3300000, 0x00000000f5900000)
  object space 39936K, 0% used [0x00000000e0c00000,0x00000000e0c00000,0x00000000e3300000)
 PSPermGen       total 21504K, used 19066K [0x00000000d6600000, 0x00000000d7b00000, 0x00000000e0c00000)
  object space 21504K, 88% used [0x00000000d6600000,0x00000000d789eba0,0x00000000d7b00000)
Event: 1,229 GC heap after
Heap after GC invocations=1 (full 0):
 PSYoungGen      total 17920K, used 2549K [0x00000000f5900000, 0x00000000f7c00000, 0x0000000100000000)
  eden space 15360K, 0% used [0x00000000f5900000,0x00000000f5900000,0x00000000f6800000)
  from space 2560K, 99% used [0x00000000f6800000,0x00000000f6a7d4d8,0x00000000f6a80000)
  to   space 2560K, 0% used [0x00000000f7980000,0x00000000f7980000,0x00000000f7c00000)
 ParOldGen       total 39936K, used 3268K [0x00000000e0c00000, 0x00000000e3300000, 0x00000000f5900000)
  object space 39936K, 8% used [0x00000000e0c00000,0x00000000e0f310d8,0x00000000e3300000)
 PSPermGen       total 21504K, used 19066K [0x00000000d6600000, 0x00000000d7b00000, 0x00000000e0c00000)
  object space 21504K, 88% used [0x00000000d6600000,0x00000000d789eba0,0x00000000d7b00000)
}
Event: 2,332 GC heap before
{Heap before GC invocations=2 (full 0):
 PSYoungGen      total 17920K, used 17909K [0x00000000f5900000, 0x00000000f7c00000, 0x0000000100000000)
  eden space 15360K, 100% used [0x00000000f5900000,0x00000000f6800000,0x00000000f6800000)
  from space 2560K, 99% used [0x00000000f6800000,0x00000000f6a7d4d8,0x00000000f6a80000)
  to   space 2560K, 0% used [0x00000000f7980000,0x00000000f7980000,0x00000000f7c00000)
 ParOldGen       total 39936K, used 3268K [0x00000000e0c00000, 0x00000000e3300000, 0x00000000f5900000)
  object space 39936K, 8% used [0x00000000e0c00000,0x00000000e0f310d8,0x00000000e3300000)
 PSPermGen       total 23552K, used 23551K [0x00000000d6600000, 0x00000000d7d00000, 0x00000000e0c00000)
  object space 23552K, 99% used [0x00000000d6600000,0x00000000d7cffd28,0x00000000d7d00000)
Event: 2,351 GC heap after
Heap after GC invocations=2 (full 0):
 PSYoungGen      total 33280K, used 2549K [0x00000000f5900000, 0x00000000f7c00000, 0x0000000100000000)
  eden space 30720K, 0% used [0x00000000f5900000,0x00000000f5900000,0x00000000f7700000)
  from space 2560K, 99% used [0x00000000f7980000,0x00000000f7bfd528,0x00000000f7c00000)
  to   space 2560K, 0% used [0x00000000f7700000,0x00000000f7700000,0x00000000f7980000)
 ParOldGen       total 39936K, used 5237K [0x00000000e0c00000, 0x00000000e3300000, 0x00000000f5900000)
  object space 39936K, 13% used [0x00000000e0c00000,0x00000000e111d470,0x00000000e3300000)
 PSPermGen       total 23552K, used 23551K [0x00000000d6600000, 0x00000000d7d00000, 0x00000000e0c00000)
  object space 23552K, 99% used [0x00000000d6600000,0x00000000d7cffd28,0x00000000d7d00000)
}

Deoptimization events (10 events):
Event: 2,159 Thread 0x00007f7f9400a800 Uncommon trap: reason=class_check action=maybe_recompile pc=0x00007f7f9108b074 method=java.util.concurrent.ConcurrentHashMap$Segment.put(Ljava/lang/Object;ILjava/lang/Object;Z)Ljava/lang/Object; @ 77
Event: 2,172 Thread 0x00007f7f9400a800 Uncommon trap: reason=class_check action=maybe_recompile pc=0x00007f7f9108b074 method=java.util.concurrent.ConcurrentHashMap$Segment.put(Ljava/lang/Object;ILjava/lang/Object;Z)Ljava/lang/Object; @ 77
Event: 2,190 Thread 0x00007f7f94535000 Uncommon trap: reason=null_check action=make_not_entrant pc=0x00007f7f9112f86c method=org.jruby.internal.runtime.ThreadService.getCurrentContext()Lorg/jruby/runtime/ThreadContext; @ 15
Event: 2,190 Thread 0x00007f7f94537000 Uncommon trap: reason=null_check action=make_not_entrant pc=0x00007f7f9112f86c method=org.jruby.internal.runtime.ThreadService.getCurrentContext()Lorg/jruby/runtime/ThreadContext; @ 15
Event: 2,759 Thread 0x00007f7f9400a800 Uncommon trap: reason=unreached action=reinterpret pc=0x00007f7f91134334 method=java.util.concurrent.locks.AbstractQueuedSynchronizer.release(I)Z @ 14
Event: 2,760 Thread 0x00007f7f94438000 Uncommon trap: reason=unreached action=reinterpret pc=0x00007f7f9113520c method=java.util.concurrent.locks.AbstractQueuedSynchronizer.release(I)Z @ 14
Event: 2,782 Thread 0x00007f7f9400a800 Uncommon trap: reason=unreached action=reinterpret pc=0x00007f7f9111e928 method=org.jruby.parser.ParserSupport.checkExpression(Lorg/jruby/ast/Node;)Z @ 3
Event: 2,940 Thread 0x00007f7f9400a800 Uncommon trap: reason=class_check action=maybe_recompile pc=0x00007f7f9117b504 method=org.joni.Matcher.searchInterruptible(III)I @ 810
Event: 2,976 Thread 0x00007f7f9400a800 Uncommon trap: reason=class_check action=maybe_recompile pc=0x00007f7f9117b504 method=org.joni.Matcher.searchInterruptible(III)I @ 810
Event: 2,982 Thread 0x00007f7f9400a800 Uncommon trap: reason=class_check action=maybe_recompile pc=0x00007f7f9117b504 method=org.joni.Matcher.searchInterruptible(III)I @ 810

Internal exceptions (10 events):
Event: 2,761 Thread 0x00007f7f94438000 Threw 0x00000000f62b4c80 at /build/buildd/openjdk-7-7u51-2.4.4/build/openjdk/hotspot/src/share/vm/prims/jvm.cpp:1244
Event: 2,761 Thread 0x00007f7f94438000 Threw 0x00000000f62b5cf0 at /build/buildd/openjdk-7-7u51-2.4.4/build/openjdk/hotspot/src/share/vm/prims/jvm.cpp:1244
Event: 2,929 Thread 0x00007f7f94535000 Threw 0x00000000f628daa0 at /build/buildd/openjdk-7-7u51-2.4.4/build/openjdk/hotspot/src/share/vm/prims/jvm.cpp:1244
Event: 2,929 Thread 0x00007f7f94535000 Threw 0x00000000f628eb40 at /build/buildd/openjdk-7-7u51-2.4.4/build/openjdk/hotspot/src/share/vm/prims/jvm.cpp:1244
Event: 2,974 Thread 0x00007f7f94535000 Threw 0x00000000f649f770 at /build/buildd/openjdk-7-7u51-2.4.4/build/openjdk/hotspot/src/share/vm/prims/jvm.cpp:1244
Event: 2,974 Thread 0x00007f7f94438000 Threw 0x00000000f62f5358 at /build/buildd/openjdk-7-7u51-2.4.4/build/openjdk/hotspot/src/share/vm/prims/jvm.cpp:1244
Event: 2,974 Thread 0x00007f7f94535000 Threw 0x00000000f64a0870 at /build/buildd/openjdk-7-7u51-2.4.4/build/openjdk/hotspot/src/share/vm/prims/jvm.cpp:1244
Event: 2,974 Thread 0x00007f7f94438000 Threw 0x00000000f62f6458 at /build/buildd/openjdk-7-7u51-2.4.4/build/openjdk/hotspot/src/share/vm/prims/jvm.cpp:1244
Event: 2,977 Thread 0x00007f7f94535000 Threw 0x00000000f64c8288 at /build/buildd/openjdk-7-7u51-2.4.4/build/openjdk/hotspot/src/share/vm/prims/jvm.cpp:1244
Event: 2,978 Thread 0x00007f7f94535000 Threw 0x00000000f64c9430 at /build/buildd/openjdk-7-7u51-2.4.4/build/openjdk/hotspot/src/share/vm/prims/jvm.cpp:1244

Events (10 events):
Event: 3,001 loading class 0x00007f7f68b1f7c0
Event: 3,001 loading class 0x00007f7f68b1f7c0 done
Event: 3,001 loading class 0x00007f7f5ca43ca0
Event: 3,001 loading class 0x00007f7f5ca43ca0 done
Event: 3,002 loading class 0x00007f7f5ca43b30
Event: 3,002 loading class 0x00007f7f5ca43b30 done
Event: 3,003 loading class 0x00007f7f5ca444e0
Event: 3,003 loading class 0x00007f7f5ca444e0 done
Event: 3,004 loading class 0x00007f7f5ca44700
Event: 3,004 loading class 0x00007f7f5ca44700 done


Dynamic libraries:
00400000-00401000 r-xp 00000000 08:05 12322450                           /usr/lib/jvm/java-7-openjdk-amd64/jre/bin/java
00600000-00601000 r--p 00000000 08:05 12322450                           /usr/lib/jvm/java-7-openjdk-amd64/jre/bin/java
00601000-00602000 rw-p 00001000 08:05 12322450                           /usr/lib/jvm/java-7-openjdk-amd64/jre/bin/java
02043000-02064000 rw-p 00000000 00:00 0                                  [heap]
d6600000-d7f00000 rw-p 00000000 00:00 0 
d7f00000-e0c00000 rw-p 00000000 00:00 0 
e0c00000-e3300000 rw-p 00000000 00:00 0 
e3300000-f5900000 rw-p 00000000 00:00 0 
f5900000-f7c00000 rw-p 00000000 00:00 0 
f7c00000-100000000 rw-p 00000000 00:00 0 
7f7f44000000-7f7f44021000 rw-p 00000000 00:00 0 
7f7f44021000-7f7f48000000 ---p 00000000 00:00 0 
7f7f48000000-7f7f48021000 rw-p 00000000 00:00 0 
7f7f48021000-7f7f4c000000 ---p 00000000 00:00 0 
7f7f4c000000-7f7f4c021000 rw-p 00000000 00:00 0 
7f7f4c021000-7f7f50000000 ---p 00000000 00:00 0 
7f7f50000000-7f7f50021000 rw-p 00000000 00:00 0 
7f7f50021000-7f7f54000000 ---p 00000000 00:00 0 
7f7f54000000-7f7f54021000 rw-p 00000000 00:00 0 
7f7f54021000-7f7f58000000 ---p 00000000 00:00 0 
7f7f58000000-7f7f58027000 rw-p 00000000 00:00 0 
7f7f58027000-7f7f5c000000 ---p 00000000 00:00 0 
7f7f5c000000-7f7f5ce11000 rw-p 00000000 00:00 0 
7f7f5ce11000-7f7f60000000 ---p 00000000 00:00 0 
7f7f60000000-7f7f60021000 rw-p 00000000 00:00 0 
7f7f60021000-7f7f64000000 ---p 00000000 00:00 0 
7f7f64000000-7f7f64021000 rw-p 00000000 00:00 0 
7f7f64021000-7f7f68000000 ---p 00000000 00:00 0 
7f7f68000000-7f7f68cef000 rw-p 00000000 00:00 0 
7f7f68cef000-7f7f6c000000 ---p 00000000 00:00 0 
7f7f6c000000-7f7f6c021000 rw-p 00000000 00:00 0 
7f7f6c021000-7f7f70000000 ---p 00000000 00:00 0 
7f7f70000000-7f7f70021000 rw-p 00000000 00:00 0 
7f7f70021000-7f7f74000000 ---p 00000000 00:00 0 
7f7f74000000-7f7f74021000 rw-p 00000000 00:00 0 
7f7f74021000-7f7f78000000 ---p 00000000 00:00 0 
7f7f78000000-7f7f78021000 rw-p 00000000 00:00 0 
7f7f78021000-7f7f7c000000 ---p 00000000 00:00 0 
7f7f7c000000-7f7f7c021000 rw-p 00000000 00:00 0 
7f7f7c021000-7f7f80000000 ---p 00000000 00:00 0 
7f7f84000000-7f7f84021000 rw-p 00000000 00:00 0 
7f7f84021000-7f7f88000000 ---p 00000000 00:00 0 
7f7f8897c000-7f7f8897e000 r-xp 00000000 08:05 16778162                   /home/luis/practica01/src/lib/libconvex_hull.so
7f7f8897e000-7f7f88b7d000 ---p 00002000 08:05 16778162                   /home/luis/practica01/src/lib/libconvex_hull.so
7f7f88b7d000-7f7f88b7e000 r--p 00001000 08:05 16778162                   /home/luis/practica01/src/lib/libconvex_hull.so
7f7f88b7e000-7f7f88b7f000 rw-p 00002000 08:05 16778162                   /home/luis/practica01/src/lib/libconvex_hull.so
7f7f88b7f000-7f7f88b81000 r-xp 00000000 08:05 16777925                   /home/luis/practica01/src/lib/libdouble_linked_list.so
7f7f88b81000-7f7f88d80000 ---p 00002000 08:05 16777925                   /home/luis/practica01/src/lib/libdouble_linked_list.so
7f7f88d80000-7f7f88d81000 r--p 00001000 08:05 16777925                   /home/luis/practica01/src/lib/libdouble_linked_list.so
7f7f88d81000-7f7f88d82000 rw-p 00002000 08:05 16777925                   /home/luis/practica01/src/lib/libdouble_linked_list.so
7f7f88d82000-7f7f88d83000 r-xp 00000000 08:05 16777919                   /home/luis/practica01/src/lib/lib2d_points.so
7f7f88d83000-7f7f88f82000 ---p 00001000 08:05 16777919                   /home/luis/practica01/src/lib/lib2d_points.so
7f7f88f82000-7f7f88f83000 r--p 00000000 08:05 16777919                   /home/luis/practica01/src/lib/lib2d_points.so
7f7f88f83000-7f7f88f84000 rw-p 00001000 08:05 16777919                   /home/luis/practica01/src/lib/lib2d_points.so
7f7f88f84000-7f7f88f87000 ---p 00000000 00:00 0 
7f7f88f87000-7f7f89185000 rw-p 00000000 00:00 0                          [stack:9635]
7f7f89185000-7f7f89188000 ---p 00000000 00:00 0 
7f7f89188000-7f7f89386000 rw-p 00000000 00:00 0 
7f7f89386000-7f7f89389000 ---p 00000000 00:00 0 
7f7f89389000-7f7f89587000 rw-p 00000000 00:00 0 
7f7f89587000-7f7f8958a000 ---p 00000000 00:00 0 
7f7f8958a000-7f7f89788000 rw-p 00000000 00:00 0                          [stack:9565]
7f7f89788000-7f7f8979a000 r-xp 00000000 08:05 16253453                   /home/luis/.rbenv/versions/jruby-1.7.10/lib/jni/x86_64-Linux/libjffi-1.2.so
7f7f8979a000-7f7f89999000 ---p 00012000 08:05 16253453                   /home/luis/.rbenv/versions/jruby-1.7.10/lib/jni/x86_64-Linux/libjffi-1.2.so
7f7f89999000-7f7f8999a000 rw-p 00011000 08:05 16253453                   /home/luis/.rbenv/versions/jruby-1.7.10/lib/jni/x86_64-Linux/libjffi-1.2.so
7f7f8999a000-7f7f899aa000 r-xp 00000000 08:05 12322344                   /usr/lib/jvm/java-7-openjdk-amd64/jre/lib/amd64/libnio.so
7f7f899aa000-7f7f89baa000 ---p 00010000 08:05 12322344                   /usr/lib/jvm/java-7-openjdk-amd64/jre/lib/amd64/libnio.so
7f7f89baa000-7f7f89bab000 r--p 00010000 08:05 12322344                   /usr/lib/jvm/java-7-openjdk-amd64/jre/lib/amd64/libnio.so
7f7f89bab000-7f7f89bac000 rw-p 00011000 08:05 12322344                   /usr/lib/jvm/java-7-openjdk-amd64/jre/lib/amd64/libnio.so
7f7f89bac000-7f7f89be9000 r-xp 00000000 08:05 9834371                    /lib/x86_64-linux-gnu/libpcre.so.3.13.1
7f7f89be9000-7f7f89de9000 ---p 0003d000 08:05 9834371                    /lib/x86_64-linux-gnu/libpcre.so.3.13.1
7f7f89de9000-7f7f89dea000 r--p 0003d000 08:05 9834371                    /lib/x86_64-linux-gnu/libpcre.so.3.13.1
7f7f89dea000-7f7f89deb000 rw-p 0003e000 08:05 9834371                    /lib/x86_64-linux-gnu/libpcre.so.3.13.1
7f7f89deb000-7f7f89df2000 r-xp 00000000 08:05 12196946                   /usr/lib/x86_64-linux-gnu/libffi.so.6.0.1
7f7f89df2000-7f7f89ff1000 ---p 00007000 08:05 12196946                   /usr/lib/x86_64-linux-gnu/libffi.so.6.0.1
7f7f89ff1000-7f7f89ff2000 r--p 00006000 08:05 12196946                   /usr/lib/x86_64-linux-gnu/libffi.so.6.0.1
7f7f89ff2000-7f7f89ff3000 rw-p 00007000 08:05 12196946                   /usr/lib/x86_64-linux-gnu/libffi.so.6.0.1
7f7f89ff3000-7f7f8a009000 r-xp 00000000 08:05 9834394                    /lib/x86_64-linux-gnu/libresolv-2.17.so
7f7f8a009000-7f7f8a209000 ---p 00016000 08:05 9834394                    /lib/x86_64-linux-gnu/libresolv-2.17.so
7f7f8a209000-7f7f8a20a000 r--p 00016000 08:05 9834394                    /lib/x86_64-linux-gnu/libresolv-2.17.so
7f7f8a20a000-7f7f8a20b000 rw-p 00017000 08:05 9834394                    /lib/x86_64-linux-gnu/libresolv-2.17.so
7f7f8a20b000-7f7f8a20d000 rw-p 00000000 00:00 0 
7f7f8a20d000-7f7f8a22c000 r-xp 00000000 08:05 9834398                    /lib/x86_64-linux-gnu/libselinux.so.1
7f7f8a22c000-7f7f8a42c000 ---p 0001f000 08:05 9834398                    /lib/x86_64-linux-gnu/libselinux.so.1
7f7f8a42c000-7f7f8a42d000 r--p 0001f000 08:05 9834398                    /lib/x86_64-linux-gnu/libselinux.so.1
7f7f8a42d000-7f7f8a42e000 rw-p 00020000 08:05 9834398                    /lib/x86_64-linux-gnu/libselinux.so.1
7f7f8a42e000-7f7f8a42f000 rw-p 00000000 00:00 0 
7f7f8a42f000-7f7f8a432000 r-xp 00000000 08:05 12190134                   /usr/lib/x86_64-linux-gnu/libgmodule-2.0.so.0.3800.1
7f7f8a432000-7f7f8a631000 ---p 00003000 08:05 12190134                   /usr/lib/x86_64-linux-gnu/libgmodule-2.0.so.0.3800.1
7f7f8a631000-7f7f8a632000 r--p 00002000 08:05 12190134                   /usr/lib/x86_64-linux-gnu/libgmodule-2.0.so.0.3800.1
7f7f8a632000-7f7f8a633000 rw-p 00003000 08:05 12190134                   /usr/lib/x86_64-linux-gnu/libgmodule-2.0.so.0.3800.1
7f7f8a633000-7f7f8a731000 r-xp 00000000 08:05 9834386                    /lib/x86_64-linux-gnu/libglib-2.0.so.0.3800.1
7f7f8a731000-7f7f8a931000 ---p 000fe000 08:05 9834386                    /lib/x86_64-linux-gnu/libglib-2.0.so.0.3800.1
7f7f8a931000-7f7f8a932000 r--p 000fe000 08:05 9834386                    /lib/x86_64-linux-gnu/libglib-2.0.so.0.3800.1
7f7f8a932000-7f7f8a933000 rw-p 000ff000 08:05 9834386                    /lib/x86_64-linux-gnu/libglib-2.0.so.0.3800.1
7f7f8a933000-7f7f8a934000 rw-p 00000000 00:00 0 
7f7f8a934000-7f7f8a983000 r-xp 00000000 08:05 12190125                   /usr/lib/x86_64-linux-gnu/libgobject-2.0.so.0.3800.1
7f7f8a983000-7f7f8ab83000 ---p 0004f000 08:05 12190125                   /usr/lib/x86_64-linux-gnu/libgobject-2.0.so.0.3800.1
7f7f8ab83000-7f7f8ab84000 r--p 0004f000 08:05 12190125                   /usr/lib/x86_64-linux-gnu/libgobject-2.0.so.0.3800.1
7f7f8ab84000-7f7f8ab85000 rw-p 00050000 08:05 12190125                   /usr/lib/x86_64-linux-gnu/libgobject-2.0.so.0.3800.1
7f7f8ab85000-7f7f8ace1000 r-xp 00000000 08:05 12190099                   /usr/lib/x86_64-linux-gnu/libgio-2.0.so.0.3800.1
7f7f8ace1000-7f7f8aee0000 ---p 0015c000 08:05 12190099                   /usr/lib/x86_64-linux-gnu/libgio-2.0.so.0.3800.1
7f7f8aee0000-7f7f8aee4000 r--p 0015b000 08:05 12190099                   /usr/lib/x86_64-linux-gnu/libgio-2.0.so.0.3800.1
7f7f8aee4000-7f7f8aee6000 rw-p 0015f000 08:05 12190099                   /usr/lib/x86_64-linux-gnu/libgio-2.0.so.0.3800.1
7f7f8aee6000-7f7f8aee8000 rw-p 00000000 00:00 0 
7f7f8aee8000-7f7f8aefe000 r-xp 00000000 08:05 12322132                   /usr/lib/jvm/java-7-openjdk-amd64/jre/lib/amd64/libnet.so
7f7f8aefe000-7f7f8b0fd000 ---p 00016000 08:05 12322132                   /usr/lib/jvm/java-7-openjdk-amd64/jre/lib/amd64/libnet.so
7f7f8b0fd000-7f7f8b0fe000 r--p 00015000 08:05 12322132                   /usr/lib/jvm/java-7-openjdk-amd64/jre/lib/amd64/libnet.so
7f7f8b0fe000-7f7f8b0ff000 rw-p 00016000 08:05 12322132                   /usr/lib/jvm/java-7-openjdk-amd64/jre/lib/amd64/libnet.so
7f7f8b0ff000-7f7f8b100000 ---p 00000000 00:00 0 
7f7f8b100000-7f7f8b200000 rw-p 00000000 00:00 0                          [stack:9564]
7f7f8b200000-7f7f8b203000 ---p 00000000 00:00 0 
7f7f8b203000-7f7f8b401000 rw-p 00000000 00:00 0                          [stack:9563]
7f7f8b401000-7f7f8b404000 ---p 00000000 00:00 0 
7f7f8b404000-7f7f8b502000 rw-p 00000000 00:00 0                          [stack:9562]
7f7f8b502000-7f7f8b505000 ---p 00000000 00:00 0 
7f7f8b505000-7f7f8b603000 rw-p 00000000 00:00 0                          [stack:9561]
7f7f8b603000-7f7f8b606000 ---p 00000000 00:00 0 
7f7f8b606000-7f7f8b804000 rw-p 00000000 00:00 0                          [stack:9560]
7f7f8b804000-7f7f8bbfe000 r--p 00000000 08:05 12195384                   /usr/lib/locale/locale-archive
7f7f8bbfe000-7f7f8bc01000 ---p 00000000 00:00 0 
7f7f8bc01000-7f7f8bdff000 rw-p 00000000 00:00 0                          [stack:9559]
7f7f8bdff000-7f7f8be02000 ---p 00000000 00:00 0 
7f7f8be02000-7f7f8c000000 rw-p 00000000 00:00 0                          [stack:9558]
7f7f8c000000-7f7f8c021000 rw-p 00000000 00:00 0 
7f7f8c021000-7f7f90000000 ---p 00000000 00:00 0 
7f7f900b8000-7f7f900bb000 ---p 00000000 00:00 0 
7f7f900bb000-7f7f900f1000 rw-p 00000000 00:00 0                          [stack:9568]
7f7f900f1000-7f7f900f2000 ---p 00000000 00:00 0 
7f7f900f2000-7f7f91000000 rw-p 00000000 00:00 0                          [stack:9557]
7f7f91000000-7f7f91270000 rwxp 00000000 00:00 0 
7f7f91270000-7f7f9456d000 rw-p 00000000 00:00 0 
7f7f9456d000-7f7f98000000 ---p 00000000 00:00 0 
7f7f98020000-7f7f981ef000 rw-p 00000000 00:00 0 
7f7f981ef000-7f7f982d8000 r--s 00bb9000 08:05 16253440                   /home/luis/.rbenv/versions/jruby-1.7.10/lib/jruby.jar
7f7f982d8000-7f7f98320000 rw-p 00000000 00:00 0 
7f7f98320000-7f7f984ce000 r--s 01cf4000 08:05 12322430                   /usr/lib/jvm/java-7-openjdk-amd64/jre/lib/rt.jar
7f7f984ce000-7f7f99be4000 rw-p 00000000 00:00 0 
7f7f99be4000-7f7f99be5000 ---p 00000000 00:00 0 
7f7f99be5000-7f7f99ce5000 rw-p 00000000 00:00 0                          [stack:9556]
7f7f99ce5000-7f7f99ce6000 ---p 00000000 00:00 0 
7f7f99ce6000-7f7f99de6000 rw-p 00000000 00:00 0                          [stack:9555]
7f7f99de6000-7f7f99de7000 ---p 00000000 00:00 0 
7f7f99de7000-7f7f99ee7000 rw-p 00000000 00:00 0                          [stack:9554]
7f7f99ee7000-7f7f99ee8000 ---p 00000000 00:00 0 
7f7f99ee8000-7f7f99ff5000 rw-p 00000000 00:00 0                          [stack:9553]
7f7f99ff5000-7f7f9a03b000 rw-p 00000000 00:00 0 
7f7f9a03b000-7f7f9a04f000 rw-p 00000000 00:00 0 
7f7f9a04f000-7f7f9a0e1000 rw-p 00000000 00:00 0 
7f7f9a0e1000-7f7f9a0f3000 rw-p 00000000 00:00 0 
7f7f9a0f3000-7f7f9a135000 rw-p 00000000 00:00 0 
7f7f9a135000-7f7f9a136000 rw-p 00000000 00:00 0 
7f7f9a136000-7f7f9a13e000 r-xp 00000000 08:05 12322081                   /usr/lib/jvm/java-7-openjdk-amd64/jre/lib/amd64/libzip.so
7f7f9a13e000-7f7f9a33d000 ---p 00008000 08:05 12322081                   /usr/lib/jvm/java-7-openjdk-amd64/jre/lib/amd64/libzip.so
7f7f9a33d000-7f7f9a33e000 r--p 00007000 08:05 12322081                   /usr/lib/jvm/java-7-openjdk-amd64/jre/lib/amd64/libzip.so
7f7f9a33e000-7f7f9a33f000 rw-p 00008000 08:05 12322081                   /usr/lib/jvm/java-7-openjdk-amd64/jre/lib/amd64/libzip.so
7f7f9a33f000-7f7f9a34b000 r-xp 00000000 08:05 9834349                    /lib/x86_64-linux-gnu/libnss_files-2.17.so
7f7f9a34b000-7f7f9a54a000 ---p 0000c000 08:05 9834349                    /lib/x86_64-linux-gnu/libnss_files-2.17.so
7f7f9a54a000-7f7f9a54b000 r--p 0000b000 08:05 9834349                    /lib/x86_64-linux-gnu/libnss_files-2.17.so
7f7f9a54b000-7f7f9a54c000 rw-p 0000c000 08:05 9834349                    /lib/x86_64-linux-gnu/libnss_files-2.17.so
7f7f9a54c000-7f7f9a557000 r-xp 00000000 08:05 9834353                    /lib/x86_64-linux-gnu/libnss_nis-2.17.so
7f7f9a557000-7f7f9a756000 ---p 0000b000 08:05 9834353                    /lib/x86_64-linux-gnu/libnss_nis-2.17.so
7f7f9a756000-7f7f9a757000 r--p 0000a000 08:05 9834353                    /lib/x86_64-linux-gnu/libnss_nis-2.17.so
7f7f9a757000-7f7f9a758000 rw-p 0000b000 08:05 9834353                    /lib/x86_64-linux-gnu/libnss_nis-2.17.so
7f7f9a758000-7f7f9a76f000 r-xp 00000000 08:05 9834343                    /lib/x86_64-linux-gnu/libnsl-2.17.so
7f7f9a76f000-7f7f9a96e000 ---p 00017000 08:05 9834343                    /lib/x86_64-linux-gnu/libnsl-2.17.so
7f7f9a96e000-7f7f9a96f000 r--p 00016000 08:05 9834343                    /lib/x86_64-linux-gnu/libnsl-2.17.so
7f7f9a96f000-7f7f9a970000 rw-p 00017000 08:05 9834343                    /lib/x86_64-linux-gnu/libnsl-2.17.so
7f7f9a970000-7f7f9a972000 rw-p 00000000 00:00 0 
7f7f9a972000-7f7f9a97a000 r-xp 00000000 08:05 9834345                    /lib/x86_64-linux-gnu/libnss_compat-2.17.so
7f7f9a97a000-7f7f9ab79000 ---p 00008000 08:05 9834345                    /lib/x86_64-linux-gnu/libnss_compat-2.17.so
7f7f9ab79000-7f7f9ab7a000 r--p 00007000 08:05 9834345                    /lib/x86_64-linux-gnu/libnss_compat-2.17.so
7f7f9ab7a000-7f7f9ab7b000 rw-p 00008000 08:05 9834345                    /lib/x86_64-linux-gnu/libnss_compat-2.17.so
7f7f9ab7b000-7f7f9aba6000 r-xp 00000000 08:05 12322007                   /usr/lib/jvm/java-7-openjdk-amd64/jre/lib/amd64/libjava.so
7f7f9aba6000-7f7f9ada5000 ---p 0002b000 08:05 12322007                   /usr/lib/jvm/java-7-openjdk-amd64/jre/lib/amd64/libjava.so
7f7f9ada5000-7f7f9ada6000 r--p 0002a000 08:05 12322007                   /usr/lib/jvm/java-7-openjdk-amd64/jre/lib/amd64/libjava.so
7f7f9ada6000-7f7f9ada8000 rw-p 0002b000 08:05 12322007                   /usr/lib/jvm/java-7-openjdk-amd64/jre/lib/amd64/libjava.so
7f7f9ada8000-7f7f9adb8000 r-xp 00000000 08:05 12322321                   /usr/lib/jvm/java-7-openjdk-amd64/jre/lib/amd64/libverify.so
7f7f9adb8000-7f7f9afb7000 ---p 00010000 08:05 12322321                   /usr/lib/jvm/java-7-openjdk-amd64/jre/lib/amd64/libverify.so
7f7f9afb7000-7f7f9afb9000 r--p 0000f000 08:05 12322321                   /usr/lib/jvm/java-7-openjdk-amd64/jre/lib/amd64/libverify.so
7f7f9afb9000-7f7f9afba000 rw-p 00011000 08:05 12322321                   /usr/lib/jvm/java-7-openjdk-amd64/jre/lib/amd64/libverify.so
7f7f9afba000-7f7f9afc1000 r-xp 00000000 08:05 9834396                    /lib/x86_64-linux-gnu/librt-2.17.so
7f7f9afc1000-7f7f9b1c0000 ---p 00007000 08:05 9834396                    /lib/x86_64-linux-gnu/librt-2.17.so
7f7f9b1c0000-7f7f9b1c1000 r--p 00006000 08:05 9834396                    /lib/x86_64-linux-gnu/librt-2.17.so
7f7f9b1c1000-7f7f9b1c2000 rw-p 00007000 08:05 9834396                    /lib/x86_64-linux-gnu/librt-2.17.so
7f7f9b1c2000-7f7f9b1c5000 ---p 00000000 00:00 0 
7f7f9b1c5000-7f7f9b3c3000 rw-p 00000000 00:00 0                          [stack:9552]
7f7f9b3c3000-7f7f9b3d8000 r-xp 00000000 08:05 9830413                    /lib/x86_64-linux-gnu/libgcc_s.so.1
7f7f9b3d8000-7f7f9b5d7000 ---p 00015000 08:05 9830413                    /lib/x86_64-linux-gnu/libgcc_s.so.1
7f7f9b5d7000-7f7f9b5d8000 r--p 00014000 08:05 9830413                    /lib/x86_64-linux-gnu/libgcc_s.so.1
7f7f9b5d8000-7f7f9b5d9000 rw-p 00015000 08:05 9830413                    /lib/x86_64-linux-gnu/libgcc_s.so.1
7f7f9b5d9000-7f7f9b6dc000 r-xp 00000000 08:05 9834324                    /lib/x86_64-linux-gnu/libm-2.17.so
7f7f9b6dc000-7f7f9b8db000 ---p 00103000 08:05 9834324                    /lib/x86_64-linux-gnu/libm-2.17.so
7f7f9b8db000-7f7f9b8dc000 r--p 00102000 08:05 9834324                    /lib/x86_64-linux-gnu/libm-2.17.so
7f7f9b8dc000-7f7f9b8dd000 rw-p 00103000 08:05 9834324                    /lib/x86_64-linux-gnu/libm-2.17.so
7f7f9b8dd000-7f7f9b9c3000 r-xp 00000000 08:05 12190887                   /usr/lib/x86_64-linux-gnu/libstdc++.so.6.0.18
7f7f9b9c3000-7f7f9bbc2000 ---p 000e6000 08:05 12190887                   /usr/lib/x86_64-linux-gnu/libstdc++.so.6.0.18
7f7f9bbc2000-7f7f9bbca000 r--p 000e5000 08:05 12190887                   /usr/lib/x86_64-linux-gnu/libstdc++.so.6.0.18
7f7f9bbca000-7f7f9bbcc000 rw-p 000ed000 08:05 12190887                   /usr/lib/x86_64-linux-gnu/libstdc++.so.6.0.18
7f7f9bbcc000-7f7f9bbe1000 rw-p 00000000 00:00 0 
7f7f9bbe1000-7f7f9c6c0000 r-xp 00000000 08:05 12322340                   /usr/lib/jvm/java-7-openjdk-amd64/jre/lib/amd64/server/libjvm.so
7f7f9c6c0000-7f7f9c8bf000 ---p 00adf000 08:05 12322340                   /usr/lib/jvm/java-7-openjdk-amd64/jre/lib/amd64/server/libjvm.so
7f7f9c8bf000-7f7f9c951000 r--p 00ade000 08:05 12322340                   /usr/lib/jvm/java-7-openjdk-amd64/jre/lib/amd64/server/libjvm.so
7f7f9c951000-7f7f9c974000 rw-p 00b70000 08:05 12322340                   /usr/lib/jvm/java-7-openjdk-amd64/jre/lib/amd64/server/libjvm.so
7f7f9c974000-7f7f9c9a1000 rw-p 00000000 00:00 0 
7f7f9c9a1000-7f7f9c9b9000 r-xp 00000000 08:05 9834431                    /lib/x86_64-linux-gnu/libz.so.1.2.8
7f7f9c9b9000-7f7f9cbb8000 ---p 00018000 08:05 9834431                    /lib/x86_64-linux-gnu/libz.so.1.2.8
7f7f9cbb8000-7f7f9cbb9000 r--p 00017000 08:05 9834431                    /lib/x86_64-linux-gnu/libz.so.1.2.8
7f7f9cbb9000-7f7f9cbba000 rw-p 00018000 08:05 9834431                    /lib/x86_64-linux-gnu/libz.so.1.2.8
7f7f9cbba000-7f7f9cbd1000 r-xp 00000000 08:05 9834388                    /lib/x86_64-linux-gnu/libpthread-2.17.so
7f7f9cbd1000-7f7f9cdd1000 ---p 00017000 08:05 9834388                    /lib/x86_64-linux-gnu/libpthread-2.17.so
7f7f9cdd1000-7f7f9cdd2000 r--p 00017000 08:05 9834388                    /lib/x86_64-linux-gnu/libpthread-2.17.so
7f7f9cdd2000-7f7f9cdd3000 rw-p 00018000 08:05 9834388                    /lib/x86_64-linux-gnu/libpthread-2.17.so
7f7f9cdd3000-7f7f9cdd7000 rw-p 00000000 00:00 0 
7f7f9cdd7000-7f7f9cdda000 r-xp 00000000 08:05 9834288                    /lib/x86_64-linux-gnu/libdl-2.17.so
7f7f9cdda000-7f7f9cfd9000 ---p 00003000 08:05 9834288                    /lib/x86_64-linux-gnu/libdl-2.17.so
7f7f9cfd9000-7f7f9cfda000 r--p 00002000 08:05 9834288                    /lib/x86_64-linux-gnu/libdl-2.17.so
7f7f9cfda000-7f7f9cfdb000 rw-p 00003000 08:05 9834288                    /lib/x86_64-linux-gnu/libdl-2.17.so
7f7f9cfdb000-7f7f9d198000 r-xp 00000000 08:05 9834273                    /lib/x86_64-linux-gnu/libc-2.17.so
7f7f9d198000-7f7f9d398000 ---p 001bd000 08:05 9834273                    /lib/x86_64-linux-gnu/libc-2.17.so
7f7f9d398000-7f7f9d39c000 r--p 001bd000 08:05 9834273                    /lib/x86_64-linux-gnu/libc-2.17.so
7f7f9d39c000-7f7f9d39e000 rw-p 001c1000 08:05 9834273                    /lib/x86_64-linux-gnu/libc-2.17.so
7f7f9d39e000-7f7f9d3a3000 rw-p 00000000 00:00 0 
7f7f9d3a3000-7f7f9d3b0000 r-xp 00000000 08:05 12322347                   /usr/lib/jvm/java-7-openjdk-amd64/jre/lib/amd64/jli/libjli.so
7f7f9d3b0000-7f7f9d5af000 ---p 0000d000 08:05 12322347                   /usr/lib/jvm/java-7-openjdk-amd64/jre/lib/amd64/jli/libjli.so
7f7f9d5af000-7f7f9d5b0000 r--p 0000c000 08:05 12322347                   /usr/lib/jvm/java-7-openjdk-amd64/jre/lib/amd64/jli/libjli.so
7f7f9d5b0000-7f7f9d5b1000 rw-p 0000d000 08:05 12322347                   /usr/lib/jvm/java-7-openjdk-amd64/jre/lib/amd64/jli/libjli.so
7f7f9d5b1000-7f7f9d5d4000 r-xp 00000000 08:05 9834249                    /lib/x86_64-linux-gnu/ld-2.17.so
7f7f9d5d9000-7f7f9d5da000 rw-p 00000000 00:00 0 
7f7f9d5da000-7f7f9d5db000 r-xp 00000000 00:00 0 
7f7f9d5db000-7f7f9d5e2000 r--s 00000000 08:05 12588976                   /usr/lib/x86_64-linux-gnu/gconv/gconv-modules.cache
7f7f9d5e2000-7f7f9d5e7000 r--s 0004c000 08:05 12322352                   /usr/lib/jvm/java-7-openjdk-amd64/jre/lib/jsse.jar
7f7f9d5e7000-7f7f9d5ea000 r--s 00032000 08:05 12322366                   /usr/lib/jvm/java-7-openjdk-amd64/jre/lib/ext/sunjce_provider.jar
7f7f9d5ea000-7f7f9d5ed000 r--s 0000f000 08:05 12322362                   /usr/lib/jvm/java-7-openjdk-amd64/jre/lib/ext/pulse-java.jar
7f7f9d5ed000-7f7f9d608000 rw-p 00000000 00:00 0 
7f7f9d608000-7f7f9d64e000 rw-p 00000000 00:00 0 
7f7f9d64e000-7f7f9d662000 rw-p 00000000 00:00 0 
7f7f9d662000-7f7f9d6f5000 rw-p 00000000 00:00 0 
7f7f9d6f5000-7f7f9d6ff000 rw-p 00000000 00:00 0 
7f7f9d6ff000-7f7f9d7b5000 rw-p 00000000 00:00 0 
7f7f9d7b5000-7f7f9d7ba000 rw-p 00000000 00:00 0 
7f7f9d7ba000-7f7f9d7bc000 r--s 00006000 08:05 12717881                   /usr/share/java/java-atk-wrapper.jar
7f7f9d7bc000-7f7f9d7c0000 r--s 00085000 08:05 12322360                   /usr/lib/jvm/java-7-openjdk-amd64/jre/lib/ext/localedata.jar
7f7f9d7c0000-7f7f9d7c4000 r--s 0003b000 08:05 12322372                   /usr/lib/jvm/java-7-openjdk-amd64/jre/lib/ext/sunpkcs11.jar
7f7f9d7c4000-7f7f9d7c5000 r--s 00002000 08:05 12322370                   /usr/lib/jvm/java-7-openjdk-amd64/jre/lib/ext/dnsns.jar
7f7f9d7c5000-7f7f9d7c7000 r--s 00012000 08:05 12322364                   /usr/lib/jvm/java-7-openjdk-amd64/jre/lib/ext/zipfs.jar
7f7f9d7c7000-7f7f9d7cf000 rw-s 00000000 08:05 7340078                    /tmp/hsperfdata_luis/9527
7f7f9d7cf000-7f7f9d7d0000 rw-p 00000000 00:00 0 
7f7f9d7d0000-7f7f9d7d1000 r--p 00000000 00:00 0 
7f7f9d7d1000-7f7f9d7d3000 rw-p 00000000 00:00 0 
7f7f9d7d3000-7f7f9d7d4000 r--p 00022000 08:05 9834249                    /lib/x86_64-linux-gnu/ld-2.17.so
7f7f9d7d4000-7f7f9d7d6000 rw-p 00023000 08:05 9834249                    /lib/x86_64-linux-gnu/ld-2.17.so
7fff3b1bb000-7fff3b1dc000 rw-p 00000000 00:00 0                          [stack]
7fff3b1fe000-7fff3b200000 r-xp 00000000 00:00 0                          [vdso]
ffffffffff600000-ffffffffff601000 r-xp 00000000 00:00 0                  [vsyscall]

VM Arguments:
jvm_args: -Djdk.home= -Djruby.home=/home/luis/.rbenv/versions/jruby-1.7.10 -Djruby.script=jruby -Djruby.shell=/bin/sh -Djffi.boot.library.path=/home/luis/.rbenv/versions/jruby-1.7.10/lib/jni:/home/luis/.rbenv/versions/jruby-1.7.10/lib/jni/arm-Linux:/home/luis/.rbenv/versions/jruby-1.7.10/lib/jni/x86_64-Linux:/home/luis/.rbenv/versions/jruby-1.7.10/lib/jni/i386-Linux -Xmx500m -Xss2048k -Xbootclasspath/a:/home/luis/.rbenv/versions/jruby-1.7.10/lib/jruby.jar 
java_command: org/jruby/Main Makefile.rb clean compile test
Launcher Type: SUN_STANDARD

Environment Variables:
PATH=/home/luis/.rbenv/versions/jruby-1.7.10/bin:/home/luis/.rbenv/libexec:/home/luis/.rbenv/plugins/ruby-build/bin:/home/luis/.rbenv/shims:~/.rbenv/bin:~/.rbenv/bin:/usr/local/sbin:/usr/local/bin:/usr/sbin:/usr/bin:/sbin:/bin:/usr/games:/usr/local/games
USERNAME=luis
SHELL=/bin/bash
DISPLAY=:0

Signal Handlers:
SIGSEGV: [libjvm.so+0x916ea0], sa_mask[0]=0x7ffbfeff, sa_flags=0x10000004
SIGBUS: [libjvm.so+0x916ea0], sa_mask[0]=0x7ffbfeff, sa_flags=0x10000004
SIGFPE: [libjvm.so+0x794800], sa_mask[0]=0x7ffbfeff, sa_flags=0x10000004
SIGPIPE: [libjvm.so+0x794800], sa_mask[0]=0x7ffbfeff, sa_flags=0x10000004
SIGXFSZ: [libjvm.so+0x794800], sa_mask[0]=0x7ffbfeff, sa_flags=0x10000004
SIGILL: [libjvm.so+0x794800], sa_mask[0]=0x7ffbfeff, sa_flags=0x10000004
SIGUSR1: SIG_DFL, sa_mask[0]=0x00000000, sa_flags=0x00000000
SIGUSR2: [libjvm.so+0x7946a0], sa_mask[0]=0x00000000, sa_flags=0x10000004
SIGHUP: [libjvm.so+0x794880], sa_mask[0]=0x7ffbfeff, sa_flags=0x10000004
SIGINT: [libjvm.so+0x794880], sa_mask[0]=0x7ffbfeff, sa_flags=0x10000004
SIGTERM: [libjvm.so+0x794880], sa_mask[0]=0x7ffbfeff, sa_flags=0x10000004
SIGQUIT: [libjvm.so+0x794880], sa_mask[0]=0x7ffbfeff, sa_flags=0x10000004


---------------  S Y S T E M  ---------------

OS:LinuxMint 16 (petra)
uname:Linux 3.11.0-12-generic #19-Ubuntu SMP Wed Oct 9 16:20:46 UTC 2013 x86_64
libc:glibc 2.17 NPTL 2.17 
rlimit: STACK 8192k, CORE 0k, NPROC 29806, NOFILE 4096, AS infinity
load average:0,09 0,08 0,12

/proc/meminfo:
MemTotal:        3844532 kB
MemFree:         2845040 kB
Buffers:           55928 kB
Cached:           527164 kB
SwapCached:            0 kB
Active:           477772 kB
Inactive:         413596 kB
Active(anon):     309212 kB
Inactive(anon):   122068 kB
Active(file):     168560 kB
Inactive(file):   291528 kB
Unevictable:           0 kB
Mlocked:               0 kB
SwapTotal:       3987452 kB
SwapFree:        3987452 kB
Dirty:               136 kB
Writeback:            12 kB
AnonPages:        308412 kB
Mapped:            87988 kB
Shmem:            123008 kB
Slab:              48192 kB
SReclaimable:      27668 kB
SUnreclaim:        20524 kB
KernelStack:        2680 kB
PageTables:        14680 kB
NFS_Unstable:          0 kB
Bounce:                0 kB
WritebackTmp:          0 kB
CommitLimit:     5909716 kB
Committed_AS:    1548832 kB
VmallocTotal:   34359738367 kB
VmallocUsed:      348004 kB
VmallocChunk:   34359386120 kB
HardwareCorrupted:     0 kB
AnonHugePages:         0 kB
HugePages_Total:       0
HugePages_Free:        0
HugePages_Rsvd:        0
HugePages_Surp:        0
Hugepagesize:       2048 kB
DirectMap4k:       58612 kB
DirectMap2M:     3930112 kB


CPU:total 4 (2 cores per cpu, 2 threads per core) family 6 model 37 stepping 5, cmov, cx8, fxsr, mmx, sse, sse2, sse3, ssse3, sse4.1, sse4.2, popcnt, ht, tsc, tscinvbit

/proc/cpuinfo:
processor	: 0
vendor_id	: GenuineIntel
cpu family	: 6
model		: 37
model name	: Intel(R) Core(TM) i5 CPU       M 460  @ 2.53GHz
stepping	: 5
microcode	: 0x2
cpu MHz		: 2534.000
cache size	: 3072 KB
physical id	: 0
siblings	: 4
core id		: 0
cpu cores	: 2
apicid		: 0
initial apicid	: 0
fpu		: yes
fpu_exception	: yes
cpuid level	: 11
wp		: yes
flags		: fpu vme de pse tsc msr pae mce cx8 apic sep mtrr pge mca cmov pat pse36 clflush dts acpi mmx fxsr sse sse2 ss ht tm pbe syscall nx rdtscp lm constant_tsc arch_perfmon pebs bts rep_good nopl xtopology nonstop_tsc aperfmperf pni dtes64 monitor ds_cpl vmx est tm2 ssse3 cx16 xtpr pdcm pcid sse4_1 sse4_2 popcnt lahf_lm ida arat dtherm tpr_shadow vnmi flexpriority ept vpid
bogomips	: 5066.78
clflush size	: 64
cache_alignment	: 64
address sizes	: 36 bits physical, 48 bits virtual
power management:

processor	: 1
vendor_id	: GenuineIntel
cpu family	: 6
model		: 37
model name	: Intel(R) Core(TM) i5 CPU       M 460  @ 2.53GHz
stepping	: 5
microcode	: 0x2
cpu MHz		: 1199.000
cache size	: 3072 KB
physical id	: 0
siblings	: 4
core id		: 0
cpu cores	: 2
apicid		: 1
initial apicid	: 1
fpu		: yes
fpu_exception	: yes
cpuid level	: 11
wp		: yes
flags		: fpu vme de pse tsc msr pae mce cx8 apic sep mtrr pge mca cmov pat pse36 clflush dts acpi mmx fxsr sse sse2 ss ht tm pbe syscall nx rdtscp lm constant_tsc arch_perfmon pebs bts rep_good nopl xtopology nonstop_tsc aperfmperf pni dtes64 monitor ds_cpl vmx est tm2 ssse3 cx16 xtpr pdcm pcid sse4_1 sse4_2 popcnt lahf_lm ida arat dtherm tpr_shadow vnmi flexpriority ept vpid
bogomips	: 5066.78
clflush size	: 64
cache_alignment	: 64
address sizes	: 36 bits physical, 48 bits virtual
power management:

processor	: 2
vendor_id	: GenuineIntel
cpu family	: 6
model		: 37
model name	: Intel(R) Core(TM) i5 CPU       M 460  @ 2.53GHz
stepping	: 5
microcode	: 0x2
cpu MHz		: 1199.000
cache size	: 3072 KB
physical id	: 0
siblings	: 4
core id		: 2
cpu cores	: 2
apicid		: 4
initial apicid	: 4
fpu		: yes
fpu_exception	: yes
cpuid level	: 11
wp		: yes
flags		: fpu vme de pse tsc msr pae mce cx8 apic sep mtrr pge mca cmov pat pse36 clflush dts acpi mmx fxsr sse sse2 ss ht tm pbe syscall nx rdtscp lm constant_tsc arch_perfmon pebs bts rep_good nopl xtopology nonstop_tsc aperfmperf pni dtes64 monitor ds_cpl vmx est tm2 ssse3 cx16 xtpr pdcm pcid sse4_1 sse4_2 popcnt lahf_lm ida arat dtherm tpr_shadow vnmi flexpriority ept vpid
bogomips	: 5066.78
clflush size	: 64
cache_alignment	: 64
address sizes	: 36 bits physical, 48 bits virtual
power management:

processor	: 3
vendor_id	: GenuineIntel
cpu family	: 6
model		: 37
model name	: Intel(R) Core(TM) i5 CPU       M 460  @ 2.53GHz
stepping	: 5
microcode	: 0x2
cpu MHz		: 2534.000
cache size	: 3072 KB
physical id	: 0
siblings	: 4
core id		: 2
cpu cores	: 2
apicid		: 5
initial apicid	: 5
fpu		: yes
fpu_exception	: yes
cpuid level	: 11
wp		: yes
flags		: fpu vme de pse tsc msr pae mce cx8 apic sep mtrr pge mca cmov pat pse36 clflush dts acpi mmx fxsr sse sse2 ss ht tm pbe syscall nx rdtscp lm constant_tsc arch_perfmon pebs bts rep_good nopl xtopology nonstop_tsc aperfmperf pni dtes64 monitor ds_cpl vmx est tm2 ssse3 cx16 xtpr pdcm pcid sse4_1 sse4_2 popcnt lahf_lm ida arat dtherm tpr_shadow vnmi flexpriority ept vpid
bogomips	: 5066.78
clflush size	: 64
cache_alignment	: 64
address sizes	: 36 bits physical, 48 bits virtual
power management:



Memory: 4k page, physical 3844532k(2845040k free), swap 3987452k(3987452k free)

vm_info: OpenJDK 64-Bit Server VM (24.45-b08) for linux-amd64 JRE (1.7.0_51-b00), built on Jan 15 2014 22:02:57 by "buildd" with gcc 4.8.1

time: Mon Apr  7 11:51:45 2014
elapsed time: 3 seconds

