#
# A fatal error has been detected by the Java Runtime Environment:
#
#  SIGSEGV (0xb) at pc=0x00007f90c8578c61, pid=12375, tid=140260125656832
#
# JRE version: OpenJDK Runtime Environment (7.0_51) (build 1.7.0_51-b00)
# Java VM: OpenJDK 64-Bit Server VM (24.45-b08 mixed mode linux-amd64 compressed oops)
# Problematic frame:
# C  [libconvex_hull.so+0xc61]  adentro+0x37
#
# Failed to write core dump. Core dumps have been disabled. To enable core dumping, try "ulimit -c unlimited" before starting Java again
#
# If you would like to submit a bug report, please include
# instructions on how to reproduce the bug and visit:
#   http://icedtea.classpath.org/bugzilla
# The crash happened outside the Java Virtual Machine in native code.
# See problematic frame for where to report the bug.
#

---------------  T H R E A D  ---------------

Current thread (0x00007f90d400a800):  JavaThread "main" [_thread_in_native, id=12400, stack(0x00007f90dad74000,0x00007f90daf75000)]

siginfo:si_signo=SIGSEGV: si_errno=0, si_code=1 (SEGV_MAPERR), si_addr=0x0000000000000000

Registers:
RAX=0x0000000000000000, RBX=0x00000000d79ca640, RCX=0x00007f90d4000020, RDX=0x00007f90d44f0230
RSP=0x00007f90daf71d60, RBP=0x00007f90daf71d90, RSI=0x00007f90d44f0230, RDI=0x00007f90d44eba90
R8 =0x0000000000000002, R9 =0x0000000000000008, R10=0x00007f90daf71b40, R11=0x00007f90c8578c2a
R12=0x0000000000000000, R13=0x00000000d79ca640, R14=0x00007f90daf72008, R15=0x00007f90d400a800
RIP=0x00007f90c8578c61, EFLAGS=0x0000000000010202, CSGSFS=0x0000000000000033, ERR=0x0000000000000004
  TRAPNO=0x000000000000000e

Top of Stack: (sp=0x00007f90daf71d60)
0x00007f90daf71d60:   00007f90d44f0230 00007f90d44eba90
0x00007f90daf71d70:   00007f9000000001 00007f90d44f0210
0x00007f90daf71d80:   00007f90d44ebaf0 00007f90d44e8fa0
0x00007f90daf71d90:   00007f90daf71e80 00007f90c8578fc8
0x00007f90daf71da0:   00007f90d44f0230 00007f90d44eba90
0x00007f90daf71db0:   0000007c00000077 00007f90c897e378
0x00007f90daf71dc0:   00000000d79ca640 00007f90c877a060
0x00007f90daf71dd0:   0000000000000000 00000000d79ca640
0x00007f90daf71de0:   00007f90daf72008 00007f90d400a800
0x00007f90daf71df0:   00007f90daf71f20 00007f90dd171c75
0x00007f90daf71e00:   00007f9000000005 0000000000000000
0x00007f90daf71e10:   0000000000000018 00007f90c8578408
0x00007f90daf71e20:   00000000d79ca640 00007f90daf71f20
0x00007f90daf71e30:   0000000000000000 00007f90dd178725
0x00007f90daf71e40:   00007f90d44eba90 00007f90d4000020
0x00007f90daf71e50:   00007f90d44f0230 00007f90d44f0230
0x00007f90daf71e60:   00007f90d44eba90 0000000000000002
0x00007f90daf71e70:   0000000000000008 00007f90d44e8fa0
0x00007f90daf71e80:   00007f90daf71f20 00007f90c85798ad
0x00007f90daf71e90:   00000000d7e478d0 00007f90d44f3070
0x00007f90daf71ea0:   00007f90d44eb9b0 00007f90d44eba90
0x00007f90daf71eb0:   00007f90d118c294 00000000f983c758
0x00007f90daf71ec0:   00000000e120a840 00000000f9921f58
0x00007f90daf71ed0:   00000000f995db38 00000000e117f8d0
0x00007f90daf71ee0:   00000000f98fcd08 00007f90d44eba50
0x00007f90daf71ef0:   00007f90d44ebab0 00007f90d44eba10
0x00007f90daf71f00:   00007f90d44ebad0 00007f90d44eb9d0
0x00007f90daf71f10:   00007f90d44ebaf0 00007f90d44f0230
0x00007f90daf71f20:   00007f90d4448c00 00007f90c938bcd9
0x00007f90daf71f30:   0000000000000000 00000000d79ca640
0x00007f90daf71f40:   00007f90daf71fc0 00007f90d1012738
0x00007f90daf71f50:   00007f90daf71fe0 00007f90d1006233 

Instructions: (pc=0x00007f90c8578c61)
0x00007f90c8578c41:   48 89 45 e8 c7 45 e0 01 00 00 00 eb 51 48 8b 45
0x00007f90c8578c51:   e8 48 8b 00 48 89 45 f0 48 8b 45 e8 48 8b 40 10
0x00007f90c8578c61:   48 8b 00 48 89 45 f8 48 8b 55 d0 48 8b 4d f8 48
0x00007f90c8578c71:   8b 45 f0 48 89 ce 48 89 c7 e8 a1 fd ff ff 89 45 

Register to memory mapping:

RAX=0x0000000000000000 is an unknown value
RBX=0x00000000d79ca640 is an oop
{method} 
 - klass: {other class}
RCX=0x00007f90d4000020 is an unknown value
RDX=0x00007f90d44f0230 is an unknown value
RSP=0x00007f90daf71d60 is pointing into the stack for thread: 0x00007f90d400a800
RBP=0x00007f90daf71d90 is pointing into the stack for thread: 0x00007f90d400a800
RSI=0x00007f90d44f0230 is an unknown value
RDI=0x00007f90d44eba90 is an unknown value
R8 =0x0000000000000002 is an unknown value
R9 =0x0000000000000008 is an unknown value
R10=0x00007f90daf71b40 is pointing into the stack for thread: 0x00007f90d400a800
R11=0x00007f90c8578c2a: adentro+0 in lib/libconvex_hull.so at 0x00007f90c8578000
R12=0x0000000000000000 is an unknown value
R13=0x00000000d79ca640 is an oop
{method} 
 - klass: {other class}
R14=0x00007f90daf72008 is pointing into the stack for thread: 0x00007f90d400a800
R15=0x00007f90d400a800 is a thread


Stack: [0x00007f90dad74000,0x00007f90daf75000],  sp=0x00007f90daf71d60,  free space=2039k
Native frames: (J=compiled Java code, j=interpreted, Vv=VM code, C=native code)
C  [libconvex_hull.so+0xc61]  adentro+0x37
C  [libconvex_hull.so+0xfc8]  insertion+0x32
C  [libconvex_hull.so+0x18ad]  convex_hull+0x1f4

Java frames: (J=compiled Java code, j=interpreted, Vv=VM code)
j  com.kenai.jffi.Foreign.invokeL1(JJJ)J+0
j  com.kenai.jffi.Invoker.invokeL1(Lcom/kenai/jffi/CallContext;JJ)J+7
j  org.jruby.ext.ffi.jffi.NativeInvoker$ffi$2.call(Lorg/jruby/runtime/ThreadContext;Lorg/jruby/runtime/builtin/IRubyObject;Lorg/jruby/RubyModule;Ljava/lang/String;Lorg/jruby/runtime/builtin/IRubyObject;)Lorg/jruby/runtime/builtin/IRubyObject;+76
j  org.jruby.runtime.callsite.CachingCallSite.cacheAndCall(Lorg/jruby/runtime/builtin/IRubyObject;Lorg/jruby/RubyClass;Lorg/jruby/runtime/ThreadContext;Lorg/jruby/runtime/builtin/IRubyObject;Lorg/jruby/runtime/builtin/IRubyObject;)Lorg/jruby/runtime/builtin/IRubyObject;+57
J  org.jruby.runtime.callsite.CachingCallSite.call(Lorg/jruby/runtime/ThreadContext;Lorg/jruby/runtime/builtin/IRubyObject;Lorg/jruby/runtime/builtin/IRubyObject;Lorg/jruby/runtime/builtin/IRubyObject;)Lorg/jruby/runtime/builtin/IRubyObject;
J  org.jruby.ast.CallOneArgNode.interpret(Lorg/jruby/Ruby;Lorg/jruby/runtime/ThreadContext;Lorg/jruby/runtime/builtin/IRubyObject;Lorg/jruby/runtime/Block;)Lorg/jruby/runtime/builtin/IRubyObject;
j  org.jruby.ast.LocalAsgnNode.interpret(Lorg/jruby/Ruby;Lorg/jruby/runtime/ThreadContext;Lorg/jruby/runtime/builtin/IRubyObject;Lorg/jruby/runtime/Block;)Lorg/jruby/runtime/builtin/IRubyObject;+30
J  org.jruby.ast.BlockNode.interpret(Lorg/jruby/Ruby;Lorg/jruby/runtime/ThreadContext;Lorg/jruby/runtime/builtin/IRubyObject;Lorg/jruby/runtime/Block;)Lorg/jruby/runtime/builtin/IRubyObject;
j  org.jruby.evaluator.ASTInterpreter.INTERPRET_METHOD(Lorg/jruby/Ruby;Lorg/jruby/runtime/ThreadContext;Ljava/lang/String;ILorg/jruby/RubyModule;Lorg/jruby/ast/Node;Ljava/lang/String;Lorg/jruby/runtime/builtin/IRubyObject;Lorg/jruby/runtime/Block;Z)Lorg/jruby/runtime/builtin/IRubyObject;+30
j  org.jruby.internal.runtime.methods.InterpretedMethod.call(Lorg/jruby/runtime/ThreadContext;Lorg/jruby/runtime/builtin/IRubyObject;Lorg/jruby/RubyModule;Ljava/lang/String;)Lorg/jruby/runtime/builtin/IRubyObject;+80
j  org.jruby.internal.runtime.methods.DefaultMethod.call(Lorg/jruby/runtime/ThreadContext;Lorg/jruby/runtime/builtin/IRubyObject;Lorg/jruby/RubyModule;Ljava/lang/String;)Lorg/jruby/runtime/builtin/IRubyObject;+20
j  org.jruby.runtime.callsite.CachingCallSite.cacheAndCall(Lorg/jruby/runtime/builtin/IRubyObject;Lorg/jruby/RubyClass;Lorg/jruby/runtime/ThreadContext;Lorg/jruby/runtime/builtin/IRubyObject;)Lorg/jruby/runtime/builtin/IRubyObject;+53
j  org.jruby.runtime.callsite.CachingCallSite.call(Lorg/jruby/runtime/ThreadContext;Lorg/jruby/runtime/builtin/IRubyObject;Lorg/jruby/runtime/builtin/IRubyObject;)Lorg/jruby/runtime/builtin/IRubyObject;+46
j  org.jruby.ast.CallNoArgNode.interpret(Lorg/jruby/Ruby;Lorg/jruby/runtime/ThreadContext;Lorg/jruby/runtime/builtin/IRubyObject;Lorg/jruby/runtime/Block;)Lorg/jruby/runtime/builtin/IRubyObject;+18
j  org.jruby.ast.FCallTwoArgNode.interpret(Lorg/jruby/Ruby;Lorg/jruby/runtime/ThreadContext;Lorg/jruby/runtime/builtin/IRubyObject;Lorg/jruby/runtime/Block;)Lorg/jruby/runtime/builtin/IRubyObject;+28
J  org.jruby.ast.NewlineNode.interpret(Lorg/jruby/Ruby;Lorg/jruby/runtime/ThreadContext;Lorg/jruby/runtime/builtin/IRubyObject;Lorg/jruby/runtime/Block;)Lorg/jruby/runtime/builtin/IRubyObject;
j  org.jruby.ast.BlockNode.interpret(Lorg/jruby/Ruby;Lorg/jruby/runtime/ThreadContext;Lorg/jruby/runtime/builtin/IRubyObject;Lorg/jruby/runtime/Block;)Lorg/jruby/runtime/builtin/IRubyObject;+33
j  org.jruby.evaluator.ASTInterpreter.INTERPRET_METHOD(Lorg/jruby/Ruby;Lorg/jruby/runtime/ThreadContext;Ljava/lang/String;ILorg/jruby/RubyModule;Lorg/jruby/ast/Node;Ljava/lang/String;Lorg/jruby/runtime/builtin/IRubyObject;Lorg/jruby/runtime/Block;Z)Lorg/jruby/runtime/builtin/IRubyObject;+30
j  org.jruby.internal.runtime.methods.InterpretedMethod.call(Lorg/jruby/runtime/ThreadContext;Lorg/jruby/runtime/builtin/IRubyObject;Lorg/jruby/RubyModule;Ljava/lang/String;)Lorg/jruby/runtime/builtin/IRubyObject;+80
j  org.jruby.internal.runtime.methods.DefaultMethod.call(Lorg/jruby/runtime/ThreadContext;Lorg/jruby/runtime/builtin/IRubyObject;Lorg/jruby/RubyModule;Ljava/lang/String;)Lorg/jruby/runtime/builtin/IRubyObject;+20
j  org.jruby.runtime.callsite.CachingCallSite.cacheAndCall(Lorg/jruby/runtime/builtin/IRubyObject;Lorg/jruby/RubyClass;Lorg/jruby/runtime/ThreadContext;Lorg/jruby/runtime/builtin/IRubyObject;)Lorg/jruby/runtime/builtin/IRubyObject;+53
j  org.jruby.runtime.callsite.CachingCallSite.call(Lorg/jruby/runtime/ThreadContext;Lorg/jruby/runtime/builtin/IRubyObject;Lorg/jruby/runtime/builtin/IRubyObject;)Lorg/jruby/runtime/builtin/IRubyObject;+46
j  Makefile.method__2$RUBY$test(LMakefile;Lorg/jruby/runtime/ThreadContext;Lorg/jruby/runtime/builtin/IRubyObject;Lorg/jruby/runtime/Block;)Lorg/jruby/runtime/builtin/IRubyObject;+130
j  Makefile$method__2$RUBY$test.call(Lorg/jruby/runtime/ThreadContext;Lorg/jruby/runtime/builtin/IRubyObject;Lorg/jruby/RubyModule;Ljava/lang/String;Lorg/jruby/runtime/Block;)Lorg/jruby/runtime/builtin/IRubyObject;+17
j  org.jruby.RubyClass.finvoke(Lorg/jruby/runtime/ThreadContext;Lorg/jruby/runtime/builtin/IRubyObject;Ljava/lang/String;Lorg/jruby/runtime/Block;)Lorg/jruby/runtime/builtin/IRubyObject;+41
j  org.jruby.RubyBasicObject.send19(Lorg/jruby/runtime/ThreadContext;Lorg/jruby/runtime/builtin/IRubyObject;Lorg/jruby/runtime/Block;)Lorg/jruby/runtime/builtin/IRubyObject;+15
j  org.jruby.RubyKernel.send19(Lorg/jruby/runtime/ThreadContext;Lorg/jruby/runtime/builtin/IRubyObject;Lorg/jruby/runtime/builtin/IRubyObject;Lorg/jruby/runtime/Block;)Lorg/jruby/runtime/builtin/IRubyObject;+7
j  org.jruby.RubyKernel$INVOKER$s$send19.call(Lorg/jruby/runtime/ThreadContext;Lorg/jruby/runtime/builtin/IRubyObject;Lorg/jruby/RubyModule;Ljava/lang/String;Lorg/jruby/runtime/builtin/IRubyObject;Lorg/jruby/runtime/Block;)Lorg/jruby/runtime/builtin/IRubyObject;+6
j  org.jruby.internal.runtime.methods.JavaMethod$JavaMethodOneOrNBlock.call(Lorg/jruby/runtime/ThreadContext;Lorg/jruby/runtime/builtin/IRubyObject;Lorg/jruby/RubyModule;Ljava/lang/String;Lorg/jruby/runtime/builtin/IRubyObject;)Lorg/jruby/runtime/builtin/IRubyObject;+11
j  org.jruby.runtime.callsite.CachingCallSite.call(Lorg/jruby/runtime/ThreadContext;Lorg/jruby/runtime/builtin/IRubyObject;Lorg/jruby/runtime/builtin/IRubyObject;Lorg/jruby/runtime/builtin/IRubyObject;)Lorg/jruby/runtime/builtin/IRubyObject;+38
j  Makefile.block_6$RUBY$__file__(LMakefile;Lorg/jruby/runtime/ThreadContext;Lorg/jruby/runtime/builtin/IRubyObject;[Lorg/jruby/runtime/builtin/IRubyObject;Lorg/jruby/runtime/Block;)Lorg/jruby/runtime/builtin/IRubyObject;+46
j  Makefile$block_6$RUBY$__file__.call(Lorg/jruby/runtime/ThreadContext;Lorg/jruby/runtime/builtin/IRubyObject;[Lorg/jruby/runtime/builtin/IRubyObject;Lorg/jruby/runtime/Block;)Lorg/jruby/runtime/builtin/IRubyObject;+9
j  org.jruby.runtime.CompiledBlock19.yield(Lorg/jruby/runtime/ThreadContext;Lorg/jruby/runtime/builtin/IRubyObject;Lorg/jruby/runtime/Binding;Lorg/jruby/runtime/Block$Type;)Lorg/jruby/runtime/builtin/IRubyObject;+52
j  org.jruby.runtime.Block.yield(Lorg/jruby/runtime/ThreadContext;Lorg/jruby/runtime/builtin/IRubyObject;)Lorg/jruby/runtime/builtin/IRubyObject;+14
j  org.jruby.RubyArray.eachCommon(Lorg/jruby/runtime/ThreadContext;Lorg/jruby/runtime/Block;)Lorg/jruby/runtime/builtin/IRubyObject;+41
j  org.jruby.RubyArray.each(Lorg/jruby/runtime/ThreadContext;Lorg/jruby/runtime/Block;)Lorg/jruby/runtime/builtin/IRubyObject;+10
j  org.jruby.RubyArray$INVOKER$i$0$0$each.call(Lorg/jruby/runtime/ThreadContext;Lorg/jruby/runtime/builtin/IRubyObject;Lorg/jruby/RubyModule;Ljava/lang/String;Lorg/jruby/runtime/Block;)Lorg/jruby/runtime/builtin/IRubyObject;+7
j  org.jruby.runtime.callsite.CachingCallSite.cacheAndCall(Lorg/jruby/runtime/builtin/IRubyObject;Lorg/jruby/RubyClass;Lorg/jruby/runtime/Block;Lorg/jruby/runtime/ThreadContext;Lorg/jruby/runtime/builtin/IRubyObject;)Lorg/jruby/runtime/builtin/IRubyObject;+57
j  org.jruby.runtime.callsite.CachingCallSite.callBlock(Lorg/jruby/runtime/ThreadContext;Lorg/jruby/runtime/builtin/IRubyObject;Lorg/jruby/runtime/builtin/IRubyObject;Lorg/jruby/runtime/Block;)Lorg/jruby/runtime/builtin/IRubyObject;+50
j  org.jruby.runtime.callsite.CachingCallSite.callIter(Lorg/jruby/runtime/ThreadContext;Lorg/jruby/runtime/builtin/IRubyObject;Lorg/jruby/runtime/builtin/IRubyObject;Lorg/jruby/runtime/Block;)Lorg/jruby/runtime/builtin/IRubyObject;+6
j  Makefile.__file__(LMakefile;Lorg/jruby/runtime/ThreadContext;Lorg/jruby/runtime/builtin/IRubyObject;[Lorg/jruby/runtime/builtin/IRubyObject;Lorg/jruby/runtime/Block;)Lorg/jruby/runtime/builtin/IRubyObject;+859
j  Makefile.load(Lorg/jruby/runtime/ThreadContext;Lorg/jruby/runtime/builtin/IRubyObject;Z)Lorg/jruby/runtime/builtin/IRubyObject;+22
j  org.jruby.Ruby.runScript(Lorg/jruby/ast/executable/Script;Z)Lorg/jruby/runtime/builtin/IRubyObject;+12
j  org.jruby.Ruby.runScript(Lorg/jruby/ast/executable/Script;)Lorg/jruby/runtime/builtin/IRubyObject;+3
j  org.jruby.Ruby.runNormally(Lorg/jruby/ast/Node;)Lorg/jruby/runtime/builtin/IRubyObject;+73
j  org.jruby.Ruby.runFromMain(Ljava/io/InputStream;Ljava/lang/String;)V+320
j  org.jruby.Main.doRunFromMain(Lorg/jruby/Ruby;Ljava/io/InputStream;Ljava/lang/String;)Lorg/jruby/Main$Status;+12
j  org.jruby.Main.internalRun()Lorg/jruby/Main$Status;+234
j  org.jruby.Main.run([Ljava/lang/String;)Lorg/jruby/Main$Status;+9
j  org.jruby.Main.main([Ljava/lang/String;)V+35
v  ~StubRoutines::call_stub

---------------  P R O C E S S  ---------------

Java Threads: ( => current thread )
  0x00007f90d44c5800 JavaThread "JRubyJIT-2" daemon [_thread_blocked, id=12483, stack(0x00007f90c8d81000,0x00007f90c8f82000)]
  0x00007f90d44c2000 JavaThread "process reaper" daemon [_thread_blocked, id=12416, stack(0x00007f90d007f000,0x00007f90d00b8000)]
  0x00007f90d44ae800 JavaThread "JRubyJIT-1" daemon [_thread_blocked, id=12413, stack(0x00007f90c9183000,0x00007f90c9384000)]
  0x00007f90d40ad000 JavaThread "Service Thread" daemon [_thread_blocked, id=12411, stack(0x00007f90cadfc000,0x00007f90caffd000)]
  0x00007f90d40aa800 JavaThread "C2 CompilerThread1" daemon [_thread_in_native, id=12410, stack(0x00007f90caffd000,0x00007f90cb0fe000)]
  0x00007f90d40a7800 JavaThread "C2 CompilerThread0" daemon [_thread_in_native, id=12409, stack(0x00007f90cb0fe000,0x00007f90cb1ff000)]
  0x00007f90d40a5800 JavaThread "Signal Dispatcher" daemon [_thread_blocked, id=12408, stack(0x00007f90cb1ff000,0x00007f90cb400000)]
  0x00007f90d4082800 JavaThread "Finalizer" daemon [_thread_blocked, id=12407, stack(0x00007f90cb7fa000,0x00007f90cb9fb000)]
  0x00007f90d4080800 JavaThread "Reference Handler" daemon [_thread_blocked, id=12406, stack(0x00007f90cb9fb000,0x00007f90cbbfc000)]
=>0x00007f90d400a800 JavaThread "main" [_thread_in_native, id=12400, stack(0x00007f90dad74000,0x00007f90daf75000)]

Other Threads:
  0x00007f90d407c800 VMThread [stack: 0x00007f90cbbfc000,0x00007f90cbcfd000] [id=12405]
  0x00007f90d40b7800 WatcherThread [stack: 0x00007f90cacfb000,0x00007f90cadfc000] [id=12412]

VM state:not at safepoint (normal execution)

VM Mutex/Monitor currently owned by a thread: None

Heap
 PSYoungGen      total 64000K, used 26118K [0x00000000f5900000, 0x00000000f9a00000, 0x0000000100000000)
  eden space 61440K, 38% used [0x00000000f5900000,0x00000000f7008420,0x00000000f9500000)
  from space 2560K, 98% used [0x00000000f9780000,0x00000000f99f9538,0x00000000f9a00000)
  to   space 2560K, 0% used [0x00000000f9500000,0x00000000f9500000,0x00000000f9780000)
 ParOldGen       total 39936K, used 7733K [0x00000000e0c00000, 0x00000000e3300000, 0x00000000f5900000)
  object space 39936K, 19% used [0x00000000e0c00000,0x00000000e138d588,0x00000000e3300000)
 PSPermGen       total 25600K, used 25472K [0x00000000d6600000, 0x00000000d7f00000, 0x00000000e0c00000)
  object space 25600K, 99% used [0x00000000d6600000,0x00000000d7ee01f0,0x00000000d7f00000)

Card table byte_map: [0x00007f90d9b9a000,0x00007f90d9ce8000] byte_map_base: 0x00007f90d94e7000

Polling page: 0x00007f90dd382000

Code Cache  [0x00007f90d1000000, 0x00007f90d1270000, 0x00007f90d4000000)
 total_blobs=964 nmethods=485 adapters=433 free_code_cache=47236Kb largest_free_block=48293568

Compilation events (10 events):
Event: 4,170 Thread 0x00007f90d40a7800 nmethod 489 0x00007f90d106bfd0 code [0x00007f90d106c120, 0x00007f90d106c1b8]
Event: 4,170 Thread 0x00007f90d40a7800  490             org.jruby.ast.executable.AbstractScript::getCallSite2 (10 bytes)
Event: 4,170 Thread 0x00007f90d40a7800 nmethod 490 0x00007f90d106bd10 code [0x00007f90d106be60, 0x00007f90d106bef8]
Event: 4,170 Thread 0x00007f90d40a7800  491             org.jruby.ast.executable.AbstractScript::getCallSite7 (11 bytes)
Event: 4,171 Thread 0x00007f90d40a7800 nmethod 491 0x00007f90d106ba50 code [0x00007f90d106bba0, 0x00007f90d106bc38]
Event: 4,172 Thread 0x00007f90d40a7800  492             org.jruby.ast.executable.AbstractScript::getCallSite8 (11 bytes)
Event: 4,172 Thread 0x00007f90d40a7800 nmethod 492 0x00007f90d106b790 code [0x00007f90d106b8e0, 0x00007f90d106b978]
Event: 4,172 Thread 0x00007f90d40a7800  493             org.jruby.ast.executable.AbstractScript::getCallSite9 (11 bytes)
Event: 4,173 Thread 0x00007f90d40a7800 nmethod 493 0x00007f90d106b4d0 code [0x00007f90d106b620, 0x00007f90d106b6b8]
Event: 4,173 Thread 0x00007f90d40a7800  494   !         org.jruby.internal.runtime.methods.JittedMethod::call (146 bytes)

GC Heap History (8 events):
Event: 1,333 GC heap before
{Heap before GC invocations=1 (full 0):
 PSYoungGen      total 17920K, used 15360K [0x00000000f5900000, 0x00000000f6d00000, 0x0000000100000000)
  eden space 15360K, 100% used [0x00000000f5900000,0x00000000f6800000,0x00000000f6800000)
  from space 2560K, 0% used [0x00000000f6a80000,0x00000000f6a80000,0x00000000f6d00000)
  to   space 2560K, 0% used [0x00000000f6800000,0x00000000f6800000,0x00000000f6a80000)
 ParOldGen       total 39936K, used 0K [0x00000000e0c00000, 0x00000000e3300000, 0x00000000f5900000)
  object space 39936K, 0% used [0x00000000e0c00000,0x00000000e0c00000,0x00000000e3300000)
 PSPermGen       total 21504K, used 19066K [0x00000000d6600000, 0x00000000d7b00000, 0x00000000e0c00000)
  object space 21504K, 88% used [0x00000000d6600000,0x00000000d789eba0,0x00000000d7b00000)
Event: 1,347 GC heap after
Heap after GC invocations=1 (full 0):
 PSYoungGen      total 17920K, used 2533K [0x00000000f5900000, 0x00000000f7c00000, 0x0000000100000000)
  eden space 15360K, 0% used [0x00000000f5900000,0x00000000f5900000,0x00000000f6800000)
  from space 2560K, 98% used [0x00000000f6800000,0x00000000f6a794c8,0x00000000f6a80000)
  to   space 2560K, 0% used [0x00000000f7980000,0x00000000f7980000,0x00000000f7c00000)
 ParOldGen       total 39936K, used 3292K [0x00000000e0c00000, 0x00000000e3300000, 0x00000000f5900000)
  object space 39936K, 8% used [0x00000000e0c00000,0x00000000e0f37100,0x00000000e3300000)
 PSPermGen       total 21504K, used 19066K [0x00000000d6600000, 0x00000000d7b00000, 0x00000000e0c00000)
  object space 21504K, 88% used [0x00000000d6600000,0x00000000d789eba0,0x00000000d7b00000)
}
Event: 2,457 GC heap before
{Heap before GC invocations=2 (full 0):
 PSYoungGen      total 17920K, used 17893K [0x00000000f5900000, 0x00000000f7c00000, 0x0000000100000000)
  eden space 15360K, 100% used [0x00000000f5900000,0x00000000f6800000,0x00000000f6800000)
  from space 2560K, 98% used [0x00000000f6800000,0x00000000f6a794c8,0x00000000f6a80000)
  to   space 2560K, 0% used [0x00000000f7980000,0x00000000f7980000,0x00000000f7c00000)
 ParOldGen       total 39936K, used 3292K [0x00000000e0c00000, 0x00000000e3300000, 0x00000000f5900000)
  object space 39936K, 8% used [0x00000000e0c00000,0x00000000e0f37100,0x00000000e3300000)
 PSPermGen       total 23552K, used 23550K [0x00000000d6600000, 0x00000000d7d00000, 0x00000000e0c00000)
  object space 23552K, 99% used [0x00000000d6600000,0x00000000d7cffbb0,0x00000000d7d00000)
Event: 2,501 GC heap after
Heap after GC invocations=2 (full 0):
 PSYoungGen      total 33280K, used 2533K [0x00000000f5900000, 0x00000000f7c00000, 0x0000000100000000)
  eden space 30720K, 0% used [0x00000000f5900000,0x00000000f5900000,0x00000000f7700000)
  from space 2560K, 98% used [0x00000000f7980000,0x00000000f7bf9538,0x00000000f7c00000)
  to   space 2560K, 0% used [0x00000000f7700000,0x00000000f7700000,0x00000000f7980000)
 ParOldGen       total 39936K, used 5213K [0x00000000e0c00000, 0x00000000e3300000, 0x00000000f5900000)
  object space 39936K, 13% used [0x00000000e0c00000,0x00000000e1117428,0x00000000e3300000)
 PSPermGen       total 23552K, used 23550K [0x00000000d6600000, 0x00000000d7d00000, 0x00000000e0c00000)
  object space 23552K, 99% used [0x00000000d6600000,0x00000000d7cffbb0,0x00000000d7d00000)
}
Event: 3,776 GC heap before
{Heap before GC invocations=3 (full 0):
 PSYoungGen      total 33280K, used 33253K [0x00000000f5900000, 0x00000000f7c00000, 0x0000000100000000)
  eden space 30720K, 100% used [0x00000000f5900000,0x00000000f7700000,0x00000000f7700000)
  from space 2560K, 98% used [0x00000000f7980000,0x00000000f7bf9538,0x00000000f7c00000)
  to   space 2560K, 0% used [0x00000000f7700000,0x00000000f7700000,0x00000000f7980000)
 ParOldGen       total 39936K, used 5213K [0x00000000e0c00000, 0x00000000e3300000, 0x00000000f5900000)
  object space 39936K, 13% used [0x00000000e0c00000,0x00000000e1117428,0x00000000e3300000)
 PSPermGen       total 25600K, used 25470K [0x00000000d6600000, 0x00000000d7f00000, 0x00000000e0c00000)
  object space 25600K, 99% used [0x00000000d6600000,0x00000000d7edfbb8,0x00000000d7f00000)
Event: 3,798 GC heap after
Heap after GC invocations=3 (full 0):
 PSYoungGen      total 33280K, used 2533K [0x00000000f5900000, 0x00000000f9a00000, 0x0000000100000000)
  eden space 30720K, 0% used [0x00000000f5900000,0x00000000f5900000,0x00000000f7700000)
  from space 2560K, 98% used [0x00000000f7700000,0x00000000f7979538,0x00000000f7980000)
  to   space 2560K, 0% used [0x00000000f9780000,0x00000000f9780000,0x00000000f9a00000)
 ParOldGen       total 39936K, used 7693K [0x00000000e0c00000, 0x00000000e3300000, 0x00000000f5900000)
  object space 39936K, 19% used [0x00000000e0c00000,0x00000000e1383588,0x00000000e3300000)
 PSPermGen       total 25600K, used 25470K [0x00000000d6600000, 0x00000000d7f00000, 0x00000000e0c00000)
  object space 25600K, 99% used [0x00000000d6600000,0x00000000d7edfbb8,0x00000000d7f00000)
}
Event: 4,025 GC heap before
{Heap before GC invocations=4 (full 0):
 PSYoungGen      total 33280K, used 33253K [0x00000000f5900000, 0x00000000f9a00000, 0x0000000100000000)
  eden space 30720K, 100% used [0x00000000f5900000,0x00000000f7700000,0x00000000f7700000)
  from space 2560K, 98% used [0x00000000f7700000,0x00000000f7979538,0x00000000f7980000)
  to   space 2560K, 0% used [0x00000000f9780000,0x00000000f9780000,0x00000000f9a00000)
 ParOldGen       total 39936K, used 7693K [0x00000000e0c00000, 0x00000000e3300000, 0x00000000f5900000)
  object space 39936K, 19% used [0x00000000e0c00000,0x00000000e1383588,0x00000000e3300000)
 PSPermGen       total 25600K, used 25471K [0x00000000d6600000, 0x00000000d7f00000, 0x00000000e0c00000)
  object space 25600K, 99% used [0x00000000d6600000,0x00000000d7edfeb0,0x00000000d7f00000)
Event: 4,057 GC heap after
Heap after GC invocations=4 (full 0):
 PSYoungGen      total 64000K, used 2533K [0x00000000f5900000, 0x00000000f9a00000, 0x0000000100000000)
  eden space 61440K, 0% used [0x00000000f5900000,0x00000000f5900000,0x00000000f9500000)
  from space 2560K, 98% used [0x00000000f9780000,0x00000000f99f9538,0x00000000f9a00000)
  to   space 2560K, 0% used [0x00000000f9500000,0x00000000f9500000,0x00000000f9780000)
 ParOldGen       total 39936K, used 7733K [0x00000000e0c00000, 0x00000000e3300000, 0x00000000f5900000)
  object space 39936K, 19% used [0x00000000e0c00000,0x00000000e138d588,0x00000000e3300000)
 PSPermGen       total 25600K, used 25471K [0x00000000d6600000, 0x00000000d7f00000, 0x00000000e0c00000)
  object space 25600K, 99% used [0x00000000d6600000,0x00000000d7edfeb0,0x00000000d7f00000)
}

Deoptimization events (10 events):
Event: 3,016 Thread 0x00007f90d400a800 Uncommon trap: reason=unreached action=reinterpret pc=0x00007f90d1140cb4 method=java.util.concurrent.locks.AbstractQueuedSynchronizer.release(I)Z @ 14
Event: 3,017 Thread 0x00007f90d44ae800 Uncommon trap: reason=unreached action=reinterpret pc=0x00007f90d114420c method=java.util.concurrent.locks.AbstractQueuedSynchronizer.release(I)Z @ 14
Event: 3,042 Thread 0x00007f90d400a800 Uncommon trap: reason=unreached action=reinterpret pc=0x00007f90d11184a8 method=org.jruby.parser.ParserSupport.checkExpression(Lorg/jruby/ast/Node;)Z @ 3
Event: 3,213 Thread 0x00007f90d400a800 Uncommon trap: reason=class_check action=maybe_recompile pc=0x00007f90d11846c4 method=org.joni.Matcher.searchInterruptible(III)I @ 810
Event: 3,219 Thread 0x00007f90d400a800 Uncommon trap: reason=class_check action=maybe_recompile pc=0x00007f90d11846c4 method=org.joni.Matcher.searchInterruptible(III)I @ 810
Event: 3,309 Thread 0x00007f90d400a800 Uncommon trap: reason=class_check action=maybe_recompile pc=0x00007f90d1173cb8 method=org.jruby.RubyArray.compare(Lorg/jruby/runtime/ThreadContext;Lorg/jruby/runtime/invokedynamic/MethodNames;Lorg/jruby/runtime/builtin/IRubyObject;)Lorg/jruby/RubyBoolean;
Event: 3,309 Thread 0x00007f90d400a800 Uncommon trap: reason=class_check action=maybe_recompile pc=0x00007f90d1173cb8 method=org.jruby.RubyArray.compare(Lorg/jruby/runtime/ThreadContext;Lorg/jruby/runtime/invokedynamic/MethodNames;Lorg/jruby/runtime/builtin/IRubyObject;)Lorg/jruby/RubyBoolean;
Event: 3,309 Thread 0x00007f90d400a800 Uncommon trap: reason=class_check action=maybe_recompile pc=0x00007f90d1173cb8 method=org.jruby.RubyArray.compare(Lorg/jruby/runtime/ThreadContext;Lorg/jruby/runtime/invokedynamic/MethodNames;Lorg/jruby/runtime/builtin/IRubyObject;)Lorg/jruby/RubyBoolean;
Event: 3,309 Thread 0x00007f90d400a800 Uncommon trap: reason=class_check action=maybe_recompile pc=0x00007f90d1173cb8 method=org.jruby.RubyArray.compare(Lorg/jruby/runtime/ThreadContext;Lorg/jruby/runtime/invokedynamic/MethodNames;Lorg/jruby/runtime/builtin/IRubyObject;)Lorg/jruby/RubyBoolean;
Event: 3,664 Thread 0x00007f90d400a800 Uncommon trap: reason=unreached action=reinterpret pc=0x00007f90d119f290 method=java.util.HashSet.add(Ljava/lang/Object;)Z @ 11

Internal exceptions (10 events):
Event: 3,170 Thread 0x00007f90d44c5800 Threw 0x00000000f62dcc88 at /build/buildd/openjdk-7-7u51-2.4.4/build/openjdk/hotspot/src/share/vm/prims/jvm.cpp:1244
Event: 3,170 Thread 0x00007f90d44c5800 Threw 0x00000000f62ddd28 at /build/buildd/openjdk-7-7u51-2.4.4/build/openjdk/hotspot/src/share/vm/prims/jvm.cpp:1244
Event: 3,212 Thread 0x00007f90d44ae800 Threw 0x00000000f6344540 at /build/buildd/openjdk-7-7u51-2.4.4/build/openjdk/hotspot/src/share/vm/prims/jvm.cpp:1244
Event: 3,212 Thread 0x00007f90d44c5800 Threw 0x00000000f64ee9c8 at /build/buildd/openjdk-7-7u51-2.4.4/build/openjdk/hotspot/src/share/vm/prims/jvm.cpp:1244
Event: 3,213 Thread 0x00007f90d44ae800 Threw 0x00000000f6345640 at /build/buildd/openjdk-7-7u51-2.4.4/build/openjdk/hotspot/src/share/vm/prims/jvm.cpp:1244
Event: 3,213 Thread 0x00007f90d44c5800 Threw 0x00000000f64efac8 at /build/buildd/openjdk-7-7u51-2.4.4/build/openjdk/hotspot/src/share/vm/prims/jvm.cpp:1244
Event: 3,216 Thread 0x00007f90d44ae800 Threw 0x00000000f655e648 at /build/buildd/openjdk-7-7u51-2.4.4/build/openjdk/hotspot/src/share/vm/prims/jvm.cpp:1244
Event: 3,216 Thread 0x00007f90d44ae800 Threw 0x00000000f655f7f0 at /build/buildd/openjdk-7-7u51-2.4.4/build/openjdk/hotspot/src/share/vm/prims/jvm.cpp:1244
Event: 3,319 Thread 0x00007f90d44c5800 Threw 0x00000000f651b900 at /build/buildd/openjdk-7-7u51-2.4.4/build/openjdk/hotspot/src/share/vm/prims/jvm.cpp:1244
Event: 3,319 Thread 0x00007f90d44c5800 Threw 0x00000000f651cba0 at /build/buildd/openjdk-7-7u51-2.4.4/build/openjdk/hotspot/src/share/vm/prims/jvm.cpp:1244

Events (10 events):
Event: 3,776 Executing VM operation: ParallelGCFailedAllocation
Event: 3,798 Executing VM operation: ParallelGCFailedAllocation done
Event: 4,024 Executing VM operation: ParallelGCFailedAllocation
Event: 4,057 Executing VM operation: ParallelGCFailedAllocation done
Event: 4,083 Executing VM operation: EnableBiasedLocking
Event: 4,086 Executing VM operation: EnableBiasedLocking done
Event: 4,164 Thread 0x00007f90d40a7800 flushing nmethod 0x00007f90d106ac50
Event: 4,164 Thread 0x00007f90d40a7800 flushing nmethod 0x00007f90d1075210
Event: 4,165 Thread 0x00007f90d40a7800 flushing nmethod 0x00007f90d10771d0
Event: 4,166 Thread 0x00007f90d40a7800 flushing nmethod 0x00007f90d1087190


Dynamic libraries:
00400000-00401000 r-xp 00000000 08:05 12322450                           /usr/lib/jvm/java-7-openjdk-amd64/jre/bin/java
00600000-00601000 r--p 00000000 08:05 12322450                           /usr/lib/jvm/java-7-openjdk-amd64/jre/bin/java
00601000-00602000 rw-p 00001000 08:05 12322450                           /usr/lib/jvm/java-7-openjdk-amd64/jre/bin/java
02528000-02549000 rw-p 00000000 00:00 0                                  [heap]
d6600000-d7f00000 rw-p 00000000 00:00 0 
d7f00000-e0c00000 rw-p 00000000 00:00 0 
e0c00000-e3300000 rw-p 00000000 00:00 0 
e3300000-f5900000 rw-p 00000000 00:00 0 
f5900000-f9a00000 rw-p 00000000 00:00 0 
f9a00000-100000000 rw-p 00000000 00:00 0 
7f9084000000-7f9084021000 rw-p 00000000 00:00 0 
7f9084021000-7f9088000000 ---p 00000000 00:00 0 
7f9088000000-7f9088021000 rw-p 00000000 00:00 0 
7f9088021000-7f908c000000 ---p 00000000 00:00 0 
7f908c000000-7f908c021000 rw-p 00000000 00:00 0 
7f908c021000-7f9090000000 ---p 00000000 00:00 0 
7f9090000000-7f9090021000 rw-p 00000000 00:00 0 
7f9090021000-7f9094000000 ---p 00000000 00:00 0 
7f9094000000-7f9094021000 rw-p 00000000 00:00 0 
7f9094021000-7f9098000000 ---p 00000000 00:00 0 
7f9098000000-7f9098027000 rw-p 00000000 00:00 0 
7f9098027000-7f909c000000 ---p 00000000 00:00 0 
7f909c000000-7f909d4fb000 rw-p 00000000 00:00 0 
7f909d4fb000-7f90a0000000 ---p 00000000 00:00 0 
7f90a0000000-7f90a0021000 rw-p 00000000 00:00 0 
7f90a0021000-7f90a4000000 ---p 00000000 00:00 0 
7f90a4000000-7f90a4021000 rw-p 00000000 00:00 0 
7f90a4021000-7f90a8000000 ---p 00000000 00:00 0 
7f90a8000000-7f90a90c3000 rw-p 00000000 00:00 0 
7f90a90c3000-7f90ac000000 ---p 00000000 00:00 0 
7f90ac000000-7f90ac021000 rw-p 00000000 00:00 0 
7f90ac021000-7f90b0000000 ---p 00000000 00:00 0 
7f90b0000000-7f90b0021000 rw-p 00000000 00:00 0 
7f90b0021000-7f90b4000000 ---p 00000000 00:00 0 
7f90b4000000-7f90b4021000 rw-p 00000000 00:00 0 
7f90b4021000-7f90b8000000 ---p 00000000 00:00 0 
7f90b8000000-7f90b8021000 rw-p 00000000 00:00 0 
7f90b8021000-7f90bc000000 ---p 00000000 00:00 0 
7f90bc000000-7f90bc021000 rw-p 00000000 00:00 0 
7f90bc021000-7f90c0000000 ---p 00000000 00:00 0 
7f90c4000000-7f90c4021000 rw-p 00000000 00:00 0 
7f90c4021000-7f90c8000000 ---p 00000000 00:00 0 
7f90c8578000-7f90c857a000 r-xp 00000000 08:05 16778100                   /home/luis/practica01/src/lib/libconvex_hull.so
7f90c857a000-7f90c8779000 ---p 00002000 08:05 16778100                   /home/luis/practica01/src/lib/libconvex_hull.so
7f90c8779000-7f90c877a000 r--p 00001000 08:05 16778100                   /home/luis/practica01/src/lib/libconvex_hull.so
7f90c877a000-7f90c877b000 rw-p 00002000 08:05 16778100                   /home/luis/practica01/src/lib/libconvex_hull.so
7f90c877b000-7f90c877d000 r-xp 00000000 08:05 16777919                   /home/luis/practica01/src/lib/libdouble_linked_list.so
7f90c877d000-7f90c897c000 ---p 00002000 08:05 16777919                   /home/luis/practica01/src/lib/libdouble_linked_list.so
7f90c897c000-7f90c897d000 r--p 00001000 08:05 16777919                   /home/luis/practica01/src/lib/libdouble_linked_list.so
7f90c897d000-7f90c897e000 rw-p 00002000 08:05 16777919                   /home/luis/practica01/src/lib/libdouble_linked_list.so
7f90c897e000-7f90c897f000 r-xp 00000000 08:05 16777820                   /home/luis/practica01/src/lib/lib2d_points.so
7f90c897f000-7f90c8b7e000 ---p 00001000 08:05 16777820                   /home/luis/practica01/src/lib/lib2d_points.so
7f90c8b7e000-7f90c8b7f000 r--p 00000000 08:05 16777820                   /home/luis/practica01/src/lib/lib2d_points.so
7f90c8b7f000-7f90c8b80000 rw-p 00001000 08:05 16777820                   /home/luis/practica01/src/lib/lib2d_points.so
7f90c8b80000-7f90c8b83000 ---p 00000000 00:00 0 
7f90c8b83000-7f90c8d81000 rw-p 00000000 00:00 0 
7f90c8d81000-7f90c8d84000 ---p 00000000 00:00 0 
7f90c8d84000-7f90c8f82000 rw-p 00000000 00:00 0                          [stack:12483]
7f90c8f82000-7f90c8f85000 ---p 00000000 00:00 0 
7f90c8f85000-7f90c9183000 rw-p 00000000 00:00 0 
7f90c9183000-7f90c9186000 ---p 00000000 00:00 0 
7f90c9186000-7f90c9384000 rw-p 00000000 00:00 0                          [stack:12413]
7f90c9384000-7f90c9396000 r-xp 00000000 08:05 16253453                   /home/luis/.rbenv/versions/jruby-1.7.10/lib/jni/x86_64-Linux/libjffi-1.2.so
7f90c9396000-7f90c9595000 ---p 00012000 08:05 16253453                   /home/luis/.rbenv/versions/jruby-1.7.10/lib/jni/x86_64-Linux/libjffi-1.2.so
7f90c9595000-7f90c9596000 rw-p 00011000 08:05 16253453                   /home/luis/.rbenv/versions/jruby-1.7.10/lib/jni/x86_64-Linux/libjffi-1.2.so
7f90c9596000-7f90c95a6000 r-xp 00000000 08:05 12322344                   /usr/lib/jvm/java-7-openjdk-amd64/jre/lib/amd64/libnio.so
7f90c95a6000-7f90c97a6000 ---p 00010000 08:05 12322344                   /usr/lib/jvm/java-7-openjdk-amd64/jre/lib/amd64/libnio.so
7f90c97a6000-7f90c97a7000 r--p 00010000 08:05 12322344                   /usr/lib/jvm/java-7-openjdk-amd64/jre/lib/amd64/libnio.so
7f90c97a7000-7f90c97a8000 rw-p 00011000 08:05 12322344                   /usr/lib/jvm/java-7-openjdk-amd64/jre/lib/amd64/libnio.so
7f90c97a8000-7f90c97e5000 r-xp 00000000 08:05 9834371                    /lib/x86_64-linux-gnu/libpcre.so.3.13.1
7f90c97e5000-7f90c99e5000 ---p 0003d000 08:05 9834371                    /lib/x86_64-linux-gnu/libpcre.so.3.13.1
7f90c99e5000-7f90c99e6000 r--p 0003d000 08:05 9834371                    /lib/x86_64-linux-gnu/libpcre.so.3.13.1
7f90c99e6000-7f90c99e7000 rw-p 0003e000 08:05 9834371                    /lib/x86_64-linux-gnu/libpcre.so.3.13.1
7f90c99e7000-7f90c99ee000 r-xp 00000000 08:05 12196946                   /usr/lib/x86_64-linux-gnu/libffi.so.6.0.1
7f90c99ee000-7f90c9bed000 ---p 00007000 08:05 12196946                   /usr/lib/x86_64-linux-gnu/libffi.so.6.0.1
7f90c9bed000-7f90c9bee000 r--p 00006000 08:05 12196946                   /usr/lib/x86_64-linux-gnu/libffi.so.6.0.1
7f90c9bee000-7f90c9bef000 rw-p 00007000 08:05 12196946                   /usr/lib/x86_64-linux-gnu/libffi.so.6.0.1
7f90c9bef000-7f90c9c05000 r-xp 00000000 08:05 9834394                    /lib/x86_64-linux-gnu/libresolv-2.17.so
7f90c9c05000-7f90c9e05000 ---p 00016000 08:05 9834394                    /lib/x86_64-linux-gnu/libresolv-2.17.so
7f90c9e05000-7f90c9e06000 r--p 00016000 08:05 9834394                    /lib/x86_64-linux-gnu/libresolv-2.17.so
7f90c9e06000-7f90c9e07000 rw-p 00017000 08:05 9834394                    /lib/x86_64-linux-gnu/libresolv-2.17.so
7f90c9e07000-7f90c9e09000 rw-p 00000000 00:00 0 
7f90c9e09000-7f90c9e28000 r-xp 00000000 08:05 9834398                    /lib/x86_64-linux-gnu/libselinux.so.1
7f90c9e28000-7f90ca028000 ---p 0001f000 08:05 9834398                    /lib/x86_64-linux-gnu/libselinux.so.1
7f90ca028000-7f90ca029000 r--p 0001f000 08:05 9834398                    /lib/x86_64-linux-gnu/libselinux.so.1
7f90ca029000-7f90ca02a000 rw-p 00020000 08:05 9834398                    /lib/x86_64-linux-gnu/libselinux.so.1
7f90ca02a000-7f90ca02b000 rw-p 00000000 00:00 0 
7f90ca02b000-7f90ca02e000 r-xp 00000000 08:05 12190134                   /usr/lib/x86_64-linux-gnu/libgmodule-2.0.so.0.3800.1
7f90ca02e000-7f90ca22d000 ---p 00003000 08:05 12190134                   /usr/lib/x86_64-linux-gnu/libgmodule-2.0.so.0.3800.1
7f90ca22d000-7f90ca22e000 r--p 00002000 08:05 12190134                   /usr/lib/x86_64-linux-gnu/libgmodule-2.0.so.0.3800.1
7f90ca22e000-7f90ca22f000 rw-p 00003000 08:05 12190134                   /usr/lib/x86_64-linux-gnu/libgmodule-2.0.so.0.3800.1
7f90ca22f000-7f90ca32d000 r-xp 00000000 08:05 9834386                    /lib/x86_64-linux-gnu/libglib-2.0.so.0.3800.1
7f90ca32d000-7f90ca52d000 ---p 000fe000 08:05 9834386                    /lib/x86_64-linux-gnu/libglib-2.0.so.0.3800.1
7f90ca52d000-7f90ca52e000 r--p 000fe000 08:05 9834386                    /lib/x86_64-linux-gnu/libglib-2.0.so.0.3800.1
7f90ca52e000-7f90ca52f000 rw-p 000ff000 08:05 9834386                    /lib/x86_64-linux-gnu/libglib-2.0.so.0.3800.1
7f90ca52f000-7f90ca530000 rw-p 00000000 00:00 0 
7f90ca530000-7f90ca57f000 r-xp 00000000 08:05 12190125                   /usr/lib/x86_64-linux-gnu/libgobject-2.0.so.0.3800.1
7f90ca57f000-7f90ca77f000 ---p 0004f000 08:05 12190125                   /usr/lib/x86_64-linux-gnu/libgobject-2.0.so.0.3800.1
7f90ca77f000-7f90ca780000 r--p 0004f000 08:05 12190125                   /usr/lib/x86_64-linux-gnu/libgobject-2.0.so.0.3800.1
7f90ca780000-7f90ca781000 rw-p 00050000 08:05 12190125                   /usr/lib/x86_64-linux-gnu/libgobject-2.0.so.0.3800.1
7f90ca781000-7f90ca8dd000 r-xp 00000000 08:05 12190099                   /usr/lib/x86_64-linux-gnu/libgio-2.0.so.0.3800.1
7f90ca8dd000-7f90caadc000 ---p 0015c000 08:05 12190099                   /usr/lib/x86_64-linux-gnu/libgio-2.0.so.0.3800.1
7f90caadc000-7f90caae0000 r--p 0015b000 08:05 12190099                   /usr/lib/x86_64-linux-gnu/libgio-2.0.so.0.3800.1
7f90caae0000-7f90caae2000 rw-p 0015f000 08:05 12190099                   /usr/lib/x86_64-linux-gnu/libgio-2.0.so.0.3800.1
7f90caae2000-7f90caae4000 rw-p 00000000 00:00 0 
7f90caae4000-7f90caafa000 r-xp 00000000 08:05 12322132                   /usr/lib/jvm/java-7-openjdk-amd64/jre/lib/amd64/libnet.so
7f90caafa000-7f90cacf9000 ---p 00016000 08:05 12322132                   /usr/lib/jvm/java-7-openjdk-amd64/jre/lib/amd64/libnet.so
7f90cacf9000-7f90cacfa000 r--p 00015000 08:05 12322132                   /usr/lib/jvm/java-7-openjdk-amd64/jre/lib/amd64/libnet.so
7f90cacfa000-7f90cacfb000 rw-p 00016000 08:05 12322132                   /usr/lib/jvm/java-7-openjdk-amd64/jre/lib/amd64/libnet.so
7f90cacfb000-7f90cacfc000 ---p 00000000 00:00 0 
7f90cacfc000-7f90cadfc000 rw-p 00000000 00:00 0                          [stack:12412]
7f90cadfc000-7f90cadff000 ---p 00000000 00:00 0 
7f90cadff000-7f90caffd000 rw-p 00000000 00:00 0                          [stack:12411]
7f90caffd000-7f90cb000000 ---p 00000000 00:00 0 
7f90cb000000-7f90cb0fe000 rw-p 00000000 00:00 0                          [stack:12410]
7f90cb0fe000-7f90cb101000 ---p 00000000 00:00 0 
7f90cb101000-7f90cb1ff000 rw-p 00000000 00:00 0                          [stack:12409]
7f90cb1ff000-7f90cb202000 ---p 00000000 00:00 0 
7f90cb202000-7f90cb400000 rw-p 00000000 00:00 0                          [stack:12408]
7f90cb400000-7f90cb7fa000 r--p 00000000 08:05 12195384                   /usr/lib/locale/locale-archive
7f90cb7fa000-7f90cb7fd000 ---p 00000000 00:00 0 
7f90cb7fd000-7f90cb9fb000 rw-p 00000000 00:00 0                          [stack:12407]
7f90cb9fb000-7f90cb9fe000 ---p 00000000 00:00 0 
7f90cb9fe000-7f90cbbfc000 rw-p 00000000 00:00 0                          [stack:12406]
7f90cbbfc000-7f90cbbfd000 ---p 00000000 00:00 0 
7f90cbbfd000-7f90cc000000 rw-p 00000000 00:00 0                          [stack:12405]
7f90cc000000-7f90cc021000 rw-p 00000000 00:00 0 
7f90cc021000-7f90d0000000 ---p 00000000 00:00 0 
7f90d007f000-7f90d0082000 ---p 00000000 00:00 0 
7f90d0082000-7f90d0d69000 rw-p 00000000 00:00 0                          [stack:12416]
7f90d0d69000-7f90d0e52000 r--s 00bb9000 08:05 16253440                   /home/luis/.rbenv/versions/jruby-1.7.10/lib/jruby.jar
7f90d0e52000-7f90d1000000 r--s 01cf4000 08:05 12322430                   /usr/lib/jvm/java-7-openjdk-amd64/jre/lib/rt.jar
7f90d1000000-7f90d1270000 rwxp 00000000 00:00 0 
7f90d1270000-7f90d44fc000 rw-p 00000000 00:00 0 
7f90d44fc000-7f90d8000000 ---p 00000000 00:00 0 
7f90d800f000-7f90d9796000 rw-p 00000000 00:00 0 
7f90d9796000-7f90d9797000 ---p 00000000 00:00 0 
7f90d9797000-7f90d9897000 rw-p 00000000 00:00 0                          [stack:12404]
7f90d9897000-7f90d9898000 ---p 00000000 00:00 0 
7f90d9898000-7f90d9998000 rw-p 00000000 00:00 0                          [stack:12403]
7f90d9998000-7f90d9999000 ---p 00000000 00:00 0 
7f90d9999000-7f90d9a99000 rw-p 00000000 00:00 0                          [stack:12402]
7f90d9a99000-7f90d9a9a000 ---p 00000000 00:00 0 
7f90d9a9a000-7f90d9ba7000 rw-p 00000000 00:00 0                          [stack:12401]
7f90d9ba7000-7f90d9bed000 rw-p 00000000 00:00 0 
7f90d9bed000-7f90d9c01000 rw-p 00000000 00:00 0 
7f90d9c01000-7f90d9c93000 rw-p 00000000 00:00 0 
7f90d9c93000-7f90d9cb4000 rw-p 00000000 00:00 0 
7f90d9cb4000-7f90d9ce7000 rw-p 00000000 00:00 0 
7f90d9ce7000-7f90d9ce8000 rw-p 00000000 00:00 0 
7f90d9ce8000-7f90d9cf0000 r-xp 00000000 08:05 12322081                   /usr/lib/jvm/java-7-openjdk-amd64/jre/lib/amd64/libzip.so
7f90d9cf0000-7f90d9eef000 ---p 00008000 08:05 12322081                   /usr/lib/jvm/java-7-openjdk-amd64/jre/lib/amd64/libzip.so
7f90d9eef000-7f90d9ef0000 r--p 00007000 08:05 12322081                   /usr/lib/jvm/java-7-openjdk-amd64/jre/lib/amd64/libzip.so
7f90d9ef0000-7f90d9ef1000 rw-p 00008000 08:05 12322081                   /usr/lib/jvm/java-7-openjdk-amd64/jre/lib/amd64/libzip.so
7f90d9ef1000-7f90d9efd000 r-xp 00000000 08:05 9834349                    /lib/x86_64-linux-gnu/libnss_files-2.17.so
7f90d9efd000-7f90da0fc000 ---p 0000c000 08:05 9834349                    /lib/x86_64-linux-gnu/libnss_files-2.17.so
7f90da0fc000-7f90da0fd000 r--p 0000b000 08:05 9834349                    /lib/x86_64-linux-gnu/libnss_files-2.17.so
7f90da0fd000-7f90da0fe000 rw-p 0000c000 08:05 9834349                    /lib/x86_64-linux-gnu/libnss_files-2.17.so
7f90da0fe000-7f90da109000 r-xp 00000000 08:05 9834353                    /lib/x86_64-linux-gnu/libnss_nis-2.17.so
7f90da109000-7f90da308000 ---p 0000b000 08:05 9834353                    /lib/x86_64-linux-gnu/libnss_nis-2.17.so
7f90da308000-7f90da309000 r--p 0000a000 08:05 9834353                    /lib/x86_64-linux-gnu/libnss_nis-2.17.so
7f90da309000-7f90da30a000 rw-p 0000b000 08:05 9834353                    /lib/x86_64-linux-gnu/libnss_nis-2.17.so
7f90da30a000-7f90da321000 r-xp 00000000 08:05 9834343                    /lib/x86_64-linux-gnu/libnsl-2.17.so
7f90da321000-7f90da520000 ---p 00017000 08:05 9834343                    /lib/x86_64-linux-gnu/libnsl-2.17.so
7f90da520000-7f90da521000 r--p 00016000 08:05 9834343                    /lib/x86_64-linux-gnu/libnsl-2.17.so
7f90da521000-7f90da522000 rw-p 00017000 08:05 9834343                    /lib/x86_64-linux-gnu/libnsl-2.17.so
7f90da522000-7f90da524000 rw-p 00000000 00:00 0 
7f90da524000-7f90da52c000 r-xp 00000000 08:05 9834345                    /lib/x86_64-linux-gnu/libnss_compat-2.17.so
7f90da52c000-7f90da72b000 ---p 00008000 08:05 9834345                    /lib/x86_64-linux-gnu/libnss_compat-2.17.so
7f90da72b000-7f90da72c000 r--p 00007000 08:05 9834345                    /lib/x86_64-linux-gnu/libnss_compat-2.17.so
7f90da72c000-7f90da72d000 rw-p 00008000 08:05 9834345                    /lib/x86_64-linux-gnu/libnss_compat-2.17.so
7f90da72d000-7f90da758000 r-xp 00000000 08:05 12322007                   /usr/lib/jvm/java-7-openjdk-amd64/jre/lib/amd64/libjava.so
7f90da758000-7f90da957000 ---p 0002b000 08:05 12322007                   /usr/lib/jvm/java-7-openjdk-amd64/jre/lib/amd64/libjava.so
7f90da957000-7f90da958000 r--p 0002a000 08:05 12322007                   /usr/lib/jvm/java-7-openjdk-amd64/jre/lib/amd64/libjava.so
7f90da958000-7f90da95a000 rw-p 0002b000 08:05 12322007                   /usr/lib/jvm/java-7-openjdk-amd64/jre/lib/amd64/libjava.so
7f90da95a000-7f90da96a000 r-xp 00000000 08:05 12322321                   /usr/lib/jvm/java-7-openjdk-amd64/jre/lib/amd64/libverify.so
7f90da96a000-7f90dab69000 ---p 00010000 08:05 12322321                   /usr/lib/jvm/java-7-openjdk-amd64/jre/lib/amd64/libverify.so
7f90dab69000-7f90dab6b000 r--p 0000f000 08:05 12322321                   /usr/lib/jvm/java-7-openjdk-amd64/jre/lib/amd64/libverify.so
7f90dab6b000-7f90dab6c000 rw-p 00011000 08:05 12322321                   /usr/lib/jvm/java-7-openjdk-amd64/jre/lib/amd64/libverify.so
7f90dab6c000-7f90dab73000 r-xp 00000000 08:05 9834396                    /lib/x86_64-linux-gnu/librt-2.17.so
7f90dab73000-7f90dad72000 ---p 00007000 08:05 9834396                    /lib/x86_64-linux-gnu/librt-2.17.so
7f90dad72000-7f90dad73000 r--p 00006000 08:05 9834396                    /lib/x86_64-linux-gnu/librt-2.17.so
7f90dad73000-7f90dad74000 rw-p 00007000 08:05 9834396                    /lib/x86_64-linux-gnu/librt-2.17.so
7f90dad74000-7f90dad77000 ---p 00000000 00:00 0 
7f90dad77000-7f90daf75000 rw-p 00000000 00:00 0                          [stack:12400]
7f90daf75000-7f90daf8a000 r-xp 00000000 08:05 9830413                    /lib/x86_64-linux-gnu/libgcc_s.so.1
7f90daf8a000-7f90db189000 ---p 00015000 08:05 9830413                    /lib/x86_64-linux-gnu/libgcc_s.so.1
7f90db189000-7f90db18a000 r--p 00014000 08:05 9830413                    /lib/x86_64-linux-gnu/libgcc_s.so.1
7f90db18a000-7f90db18b000 rw-p 00015000 08:05 9830413                    /lib/x86_64-linux-gnu/libgcc_s.so.1
7f90db18b000-7f90db28e000 r-xp 00000000 08:05 9834324                    /lib/x86_64-linux-gnu/libm-2.17.so
7f90db28e000-7f90db48d000 ---p 00103000 08:05 9834324                    /lib/x86_64-linux-gnu/libm-2.17.so
7f90db48d000-7f90db48e000 r--p 00102000 08:05 9834324                    /lib/x86_64-linux-gnu/libm-2.17.so
7f90db48e000-7f90db48f000 rw-p 00103000 08:05 9834324                    /lib/x86_64-linux-gnu/libm-2.17.so
7f90db48f000-7f90db575000 r-xp 00000000 08:05 12190887                   /usr/lib/x86_64-linux-gnu/libstdc++.so.6.0.18
7f90db575000-7f90db774000 ---p 000e6000 08:05 12190887                   /usr/lib/x86_64-linux-gnu/libstdc++.so.6.0.18
7f90db774000-7f90db77c000 r--p 000e5000 08:05 12190887                   /usr/lib/x86_64-linux-gnu/libstdc++.so.6.0.18
7f90db77c000-7f90db77e000 rw-p 000ed000 08:05 12190887                   /usr/lib/x86_64-linux-gnu/libstdc++.so.6.0.18
7f90db77e000-7f90db793000 rw-p 00000000 00:00 0 
7f90db793000-7f90dc272000 r-xp 00000000 08:05 12322340                   /usr/lib/jvm/java-7-openjdk-amd64/jre/lib/amd64/server/libjvm.so
7f90dc272000-7f90dc471000 ---p 00adf000 08:05 12322340                   /usr/lib/jvm/java-7-openjdk-amd64/jre/lib/amd64/server/libjvm.so
7f90dc471000-7f90dc503000 r--p 00ade000 08:05 12322340                   /usr/lib/jvm/java-7-openjdk-amd64/jre/lib/amd64/server/libjvm.so
7f90dc503000-7f90dc526000 rw-p 00b70000 08:05 12322340                   /usr/lib/jvm/java-7-openjdk-amd64/jre/lib/amd64/server/libjvm.so
7f90dc526000-7f90dc553000 rw-p 00000000 00:00 0 
7f90dc553000-7f90dc56b000 r-xp 00000000 08:05 9834431                    /lib/x86_64-linux-gnu/libz.so.1.2.8
7f90dc56b000-7f90dc76a000 ---p 00018000 08:05 9834431                    /lib/x86_64-linux-gnu/libz.so.1.2.8
7f90dc76a000-7f90dc76b000 r--p 00017000 08:05 9834431                    /lib/x86_64-linux-gnu/libz.so.1.2.8
7f90dc76b000-7f90dc76c000 rw-p 00018000 08:05 9834431                    /lib/x86_64-linux-gnu/libz.so.1.2.8
7f90dc76c000-7f90dc783000 r-xp 00000000 08:05 9834388                    /lib/x86_64-linux-gnu/libpthread-2.17.so
7f90dc783000-7f90dc983000 ---p 00017000 08:05 9834388                    /lib/x86_64-linux-gnu/libpthread-2.17.so
7f90dc983000-7f90dc984000 r--p 00017000 08:05 9834388                    /lib/x86_64-linux-gnu/libpthread-2.17.so
7f90dc984000-7f90dc985000 rw-p 00018000 08:05 9834388                    /lib/x86_64-linux-gnu/libpthread-2.17.so
7f90dc985000-7f90dc989000 rw-p 00000000 00:00 0 
7f90dc989000-7f90dc98c000 r-xp 00000000 08:05 9834288                    /lib/x86_64-linux-gnu/libdl-2.17.so
7f90dc98c000-7f90dcb8b000 ---p 00003000 08:05 9834288                    /lib/x86_64-linux-gnu/libdl-2.17.so
7f90dcb8b000-7f90dcb8c000 r--p 00002000 08:05 9834288                    /lib/x86_64-linux-gnu/libdl-2.17.so
7f90dcb8c000-7f90dcb8d000 rw-p 00003000 08:05 9834288                    /lib/x86_64-linux-gnu/libdl-2.17.so
7f90dcb8d000-7f90dcd4a000 r-xp 00000000 08:05 9834273                    /lib/x86_64-linux-gnu/libc-2.17.so
7f90dcd4a000-7f90dcf4a000 ---p 001bd000 08:05 9834273                    /lib/x86_64-linux-gnu/libc-2.17.so
7f90dcf4a000-7f90dcf4e000 r--p 001bd000 08:05 9834273                    /lib/x86_64-linux-gnu/libc-2.17.so
7f90dcf4e000-7f90dcf50000 rw-p 001c1000 08:05 9834273                    /lib/x86_64-linux-gnu/libc-2.17.so
7f90dcf50000-7f90dcf55000 rw-p 00000000 00:00 0 
7f90dcf55000-7f90dcf62000 r-xp 00000000 08:05 12322347                   /usr/lib/jvm/java-7-openjdk-amd64/jre/lib/amd64/jli/libjli.so
7f90dcf62000-7f90dd161000 ---p 0000d000 08:05 12322347                   /usr/lib/jvm/java-7-openjdk-amd64/jre/lib/amd64/jli/libjli.so
7f90dd161000-7f90dd162000 r--p 0000c000 08:05 12322347                   /usr/lib/jvm/java-7-openjdk-amd64/jre/lib/amd64/jli/libjli.so
7f90dd162000-7f90dd163000 rw-p 0000d000 08:05 12322347                   /usr/lib/jvm/java-7-openjdk-amd64/jre/lib/amd64/jli/libjli.so
7f90dd163000-7f90dd186000 r-xp 00000000 08:05 9834249                    /lib/x86_64-linux-gnu/ld-2.17.so
7f90dd18c000-7f90dd18d000 r-xp 00000000 00:00 0 
7f90dd18d000-7f90dd194000 r--s 00000000 08:05 12588976                   /usr/lib/x86_64-linux-gnu/gconv/gconv-modules.cache
7f90dd194000-7f90dd199000 r--s 0004c000 08:05 12322352                   /usr/lib/jvm/java-7-openjdk-amd64/jre/lib/jsse.jar
7f90dd199000-7f90dd19c000 r--s 00032000 08:05 12322366                   /usr/lib/jvm/java-7-openjdk-amd64/jre/lib/ext/sunjce_provider.jar
7f90dd19c000-7f90dd19f000 r--s 0000f000 08:05 12322362                   /usr/lib/jvm/java-7-openjdk-amd64/jre/lib/ext/pulse-java.jar
7f90dd19f000-7f90dd1ba000 rw-p 00000000 00:00 0 
7f90dd1ba000-7f90dd200000 rw-p 00000000 00:00 0 
7f90dd200000-7f90dd214000 rw-p 00000000 00:00 0 
7f90dd214000-7f90dd2a7000 rw-p 00000000 00:00 0 
7f90dd2a7000-7f90dd2b1000 rw-p 00000000 00:00 0 
7f90dd2b1000-7f90dd367000 rw-p 00000000 00:00 0 
7f90dd367000-7f90dd36c000 rw-p 00000000 00:00 0 
7f90dd36c000-7f90dd36e000 r--s 00006000 08:05 12717881                   /usr/share/java/java-atk-wrapper.jar
7f90dd36e000-7f90dd372000 r--s 00085000 08:05 12322360                   /usr/lib/jvm/java-7-openjdk-amd64/jre/lib/ext/localedata.jar
7f90dd372000-7f90dd376000 r--s 0003b000 08:05 12322372                   /usr/lib/jvm/java-7-openjdk-amd64/jre/lib/ext/sunpkcs11.jar
7f90dd376000-7f90dd377000 r--s 00002000 08:05 12322370                   /usr/lib/jvm/java-7-openjdk-amd64/jre/lib/ext/dnsns.jar
7f90dd377000-7f90dd379000 r--s 00012000 08:05 12322364                   /usr/lib/jvm/java-7-openjdk-amd64/jre/lib/ext/zipfs.jar
7f90dd379000-7f90dd381000 rw-s 00000000 08:05 7340084                    /tmp/hsperfdata_luis/12375
7f90dd381000-7f90dd382000 rw-p 00000000 00:00 0 
7f90dd382000-7f90dd383000 r--p 00000000 00:00 0 
7f90dd383000-7f90dd385000 rw-p 00000000 00:00 0 
7f90dd385000-7f90dd386000 r--p 00022000 08:05 9834249                    /lib/x86_64-linux-gnu/ld-2.17.so
7f90dd386000-7f90dd388000 rw-p 00023000 08:05 9834249                    /lib/x86_64-linux-gnu/ld-2.17.so
7fff135d5000-7fff135f6000 rw-p 00000000 00:00 0                          [stack]
7fff135f7000-7fff135f9000 r-xp 00000000 00:00 0                          [vdso]
ffffffffff600000-ffffffffff601000 r-xp 00000000 00:00 0                  [vsyscall]

VM Arguments:
jvm_args: -Djdk.home= -Djruby.home=/home/luis/.rbenv/versions/jruby-1.7.10 -Djruby.script=jruby -Djruby.shell=/bin/sh -Djffi.boot.library.path=/home/luis/.rbenv/versions/jruby-1.7.10/lib/jni:/home/luis/.rbenv/versions/jruby-1.7.10/lib/jni/arm-Linux:/home/luis/.rbenv/versions/jruby-1.7.10/lib/jni/x86_64-Linux:/home/luis/.rbenv/versions/jruby-1.7.10/lib/jni/i386-Linux -Xmx500m -Xss2048k -Xbootclasspath/a:/home/luis/.rbenv/versions/jruby-1.7.10/lib/jruby.jar 
java_command: org/jruby/Main Makefile.rb clean compile test
Launcher Type: SUN_STANDARD

Environment Variables:
PATH=/home/luis/.rbenv/versions/jruby-1.7.10/bin:/home/luis/.rbenv/libexec:/home/luis/.rbenv/plugins/ruby-build/bin:/home/luis/.rbenv/shims:~/.rbenv/bin:~/.rbenv/bin:/usr/local/sbin:/usr/local/bin:/usr/sbin:/usr/bin:/sbin:/bin:/usr/games:/usr/local/games
USERNAME=luis
SHELL=/bin/bash
DISPLAY=:0

Signal Handlers:
SIGSEGV: [libjvm.so+0x916ea0], sa_mask[0]=0x7ffbfeff, sa_flags=0x10000004
SIGBUS: [libjvm.so+0x916ea0], sa_mask[0]=0x7ffbfeff, sa_flags=0x10000004
SIGFPE: [libjvm.so+0x794800], sa_mask[0]=0x7ffbfeff, sa_flags=0x10000004
SIGPIPE: [libjvm.so+0x794800], sa_mask[0]=0x7ffbfeff, sa_flags=0x10000004
SIGXFSZ: [libjvm.so+0x794800], sa_mask[0]=0x7ffbfeff, sa_flags=0x10000004
SIGILL: [libjvm.so+0x794800], sa_mask[0]=0x7ffbfeff, sa_flags=0x10000004
SIGUSR1: SIG_DFL, sa_mask[0]=0x00000000, sa_flags=0x00000000
SIGUSR2: [libjvm.so+0x7946a0], sa_mask[0]=0x00000000, sa_flags=0x10000004
SIGHUP: [libjvm.so+0x794880], sa_mask[0]=0x7ffbfeff, sa_flags=0x10000004
SIGINT: [libjvm.so+0x794880], sa_mask[0]=0x7ffbfeff, sa_flags=0x10000004
SIGTERM: [libjvm.so+0x794880], sa_mask[0]=0x7ffbfeff, sa_flags=0x10000004
SIGQUIT: [libjvm.so+0x794880], sa_mask[0]=0x7ffbfeff, sa_flags=0x10000004


---------------  S Y S T E M  ---------------

OS:LinuxMint 16 (petra)
uname:Linux 3.11.0-12-generic #19-Ubuntu SMP Wed Oct 9 16:20:46 UTC 2013 x86_64
libc:glibc 2.17 NPTL 2.17 
rlimit: STACK 8192k, CORE 0k, NPROC 29806, NOFILE 4096, AS infinity
load average:0,99 0,80 0,64

/proc/meminfo:
MemTotal:        3844532 kB
MemFree:         2670272 kB
Buffers:            3572 kB
Cached:           330008 kB
SwapCached:            8 kB
Active:           614400 kB
Inactive:         439020 kB
Active(anon):     542912 kB
Inactive(anon):   345068 kB
Active(file):      71488 kB
Inactive(file):    93952 kB
Unevictable:           0 kB
Mlocked:               0 kB
SwapTotal:       3987452 kB
SwapFree:        3987164 kB
Dirty:              1740 kB
Writeback:             0 kB
AnonPages:        719972 kB
Mapped:           128352 kB
Shmem:            168120 kB
Slab:              55684 kB
SReclaimable:      33008 kB
SUnreclaim:        22676 kB
KernelStack:        3200 kB
PageTables:        18588 kB
NFS_Unstable:          0 kB
Bounce:                0 kB
WritebackTmp:          0 kB
CommitLimit:     5909716 kB
Committed_AS:    2553352 kB
VmallocTotal:   34359738367 kB
VmallocUsed:      348004 kB
VmallocChunk:   34359386120 kB
HardwareCorrupted:     0 kB
AnonHugePages:         0 kB
HugePages_Total:       0
HugePages_Free:        0
HugePages_Rsvd:        0
HugePages_Surp:        0
Hugepagesize:       2048 kB
DirectMap4k:       64756 kB
DirectMap2M:     3923968 kB


CPU:total 4 (2 cores per cpu, 2 threads per core) family 6 model 37 stepping 5, cmov, cx8, fxsr, mmx, sse, sse2, sse3, ssse3, sse4.1, sse4.2, popcnt, ht, tsc, tscinvbit

/proc/cpuinfo:
processor	: 0
vendor_id	: GenuineIntel
cpu family	: 6
model		: 37
model name	: Intel(R) Core(TM) i5 CPU       M 460  @ 2.53GHz
stepping	: 5
microcode	: 0x2
cpu MHz		: 2534.000
cache size	: 3072 KB
physical id	: 0
siblings	: 4
core id		: 0
cpu cores	: 2
apicid		: 0
initial apicid	: 0
fpu		: yes
fpu_exception	: yes
cpuid level	: 11
wp		: yes
flags		: fpu vme de pse tsc msr pae mce cx8 apic sep mtrr pge mca cmov pat pse36 clflush dts acpi mmx fxsr sse sse2 ss ht tm pbe syscall nx rdtscp lm constant_tsc arch_perfmon pebs bts rep_good nopl xtopology nonstop_tsc aperfmperf pni dtes64 monitor ds_cpl vmx est tm2 ssse3 cx16 xtpr pdcm pcid sse4_1 sse4_2 popcnt lahf_lm ida arat dtherm tpr_shadow vnmi flexpriority ept vpid
bogomips	: 5067.10
clflush size	: 64
cache_alignment	: 64
address sizes	: 36 bits physical, 48 bits virtual
power management:

processor	: 1
vendor_id	: GenuineIntel
cpu family	: 6
model		: 37
model name	: Intel(R) Core(TM) i5 CPU       M 460  @ 2.53GHz
stepping	: 5
microcode	: 0x2
cpu MHz		: 2534.000
cache size	: 3072 KB
physical id	: 0
siblings	: 4
core id		: 0
cpu cores	: 2
apicid		: 1
initial apicid	: 1
fpu		: yes
fpu_exception	: yes
cpuid level	: 11
wp		: yes
flags		: fpu vme de pse tsc msr pae mce cx8 apic sep mtrr pge mca cmov pat pse36 clflush dts acpi mmx fxsr sse sse2 ss ht tm pbe syscall nx rdtscp lm constant_tsc arch_perfmon pebs bts rep_good nopl xtopology nonstop_tsc aperfmperf pni dtes64 monitor ds_cpl vmx est tm2 ssse3 cx16 xtpr pdcm pcid sse4_1 sse4_2 popcnt lahf_lm ida arat dtherm tpr_shadow vnmi flexpriority ept vpid
bogomips	: 5067.10
clflush size	: 64
cache_alignment	: 64
address sizes	: 36 bits physical, 48 bits virtual
power management:

processor	: 2
vendor_id	: GenuineIntel
cpu family	: 6
model		: 37
model name	: Intel(R) Core(TM) i5 CPU       M 460  @ 2.53GHz
stepping	: 5
microcode	: 0x2
cpu MHz		: 2534.000
cache size	: 3072 KB
physical id	: 0
siblings	: 4
core id		: 2
cpu cores	: 2
apicid		: 4
initial apicid	: 4
fpu		: yes
fpu_exception	: yes
cpuid level	: 11
wp		: yes
flags		: fpu vme de pse tsc msr pae mce cx8 apic sep mtrr pge mca cmov pat pse36 clflush dts acpi mmx fxsr sse sse2 ss ht tm pbe syscall nx rdtscp lm constant_tsc arch_perfmon pebs bts rep_good nopl xtopology nonstop_tsc aperfmperf pni dtes64 monitor ds_cpl vmx est tm2 ssse3 cx16 xtpr pdcm pcid sse4_1 sse4_2 popcnt lahf_lm ida arat dtherm tpr_shadow vnmi flexpriority ept vpid
bogomips	: 5067.10
clflush size	: 64
cache_alignment	: 64
address sizes	: 36 bits physical, 48 bits virtual
power management:

processor	: 3
vendor_id	: GenuineIntel
cpu family	: 6
model		: 37
model name	: Intel(R) Core(TM) i5 CPU       M 460  @ 2.53GHz
stepping	: 5
microcode	: 0x2
cpu MHz		: 1199.000
cache size	: 3072 KB
physical id	: 0
siblings	: 4
core id		: 2
cpu cores	: 2
apicid		: 5
initial apicid	: 5
fpu		: yes
fpu_exception	: yes
cpuid level	: 11
wp		: yes
flags		: fpu vme de pse tsc msr pae mce cx8 apic sep mtrr pge mca cmov pat pse36 clflush dts acpi mmx fxsr sse sse2 ss ht tm pbe syscall nx rdtscp lm constant_tsc arch_perfmon pebs bts rep_good nopl xtopology nonstop_tsc aperfmperf pni dtes64 monitor ds_cpl vmx est tm2 ssse3 cx16 xtpr pdcm pcid sse4_1 sse4_2 popcnt lahf_lm ida arat dtherm tpr_shadow vnmi flexpriority ept vpid
bogomips	: 5067.10
clflush size	: 64
cache_alignment	: 64
address sizes	: 36 bits physical, 48 bits virtual
power management:



Memory: 4k page, physical 3844532k(2670272k free), swap 3987452k(3987164k free)

vm_info: OpenJDK 64-Bit Server VM (24.45-b08) for linux-amd64 JRE (1.7.0_51-b00), built on Jan 15 2014 22:02:57 by "buildd" with gcc 4.8.1

time: Mon Apr  7 00:38:08 2014
elapsed time: 4 seconds

