#
# A fatal error has been detected by the Java Runtime Environment:
#
#  SIGSEGV (0xb) at pc=0x00007f2b26dd0da4, pid=7587, tid=139824364840704
#
# JRE version: OpenJDK Runtime Environment (7.0_51) (build 1.7.0_51-b00)
# Java VM: OpenJDK 64-Bit Server VM (24.45-b08 mixed mode linux-amd64 compressed oops)
# Problematic frame:
# C  [libconvex_hull.so+0xda4]  puente_superior+0xdd
#
# Failed to write core dump. Core dumps have been disabled. To enable core dumping, try "ulimit -c unlimited" before starting Java again
#
# If you would like to submit a bug report, please include
# instructions on how to reproduce the bug and visit:
#   http://icedtea.classpath.org/bugzilla
# The crash happened outside the Java Virtual Machine in native code.
# See problematic frame for where to report the bug.
#

---------------  T H R E A D  ---------------

Current thread (0x00007f2b6000a800):  JavaThread "main" [_thread_in_native, id=7612, stack(0x00007f2b6578e000,0x00007f2b6598f000)]

siginfo:si_signo=SIGSEGV: si_errno=0, si_code=1 (SEGV_MAPERR), si_addr=0x0000000000000000

Registers:
RAX=0x0000000000000000, RBX=0x00000000d79ca6a0, RCX=0x0000000000000884, RDX=0x00000000fff5f25a
RSP=0x00007f2b6598bde0, RBP=0x00007f2b6598be20, RSI=0x00000000000005f3, RDI=0x00007f2b604924a0
R8 =0x00007f2b60492370, R9 =0x0000000000000018, R10=0x00007f2b6598bbb0, R11=0x00007f2b271d693f
R12=0x0000000000000000, R13=0x00000000d79ca6a0, R14=0x00007f2b6598c078, R15=0x00007f2b6000a800
RIP=0x00007f2b26dd0da4, EFLAGS=0x0000000000010297, CSGSFS=0x0000000000000033, ERR=0x0000000000000004
  TRAPNO=0x000000000000000e

Top of Stack: (sp=0x00007f2b6598bde0)
0x00007f2b6598bde0:   00007f2b604924a0 00007f2b60492320
0x00007f2b6598bdf0:   0000000300000002 0000000000000001
0x00007f2b6598be00:   00007f2b604923c0 00007f2b60492360
0x00007f2b6598be10:   00007f2b60492340 00007f2b60492360
0x00007f2b6598be20:   00007f2b6598bf10 00007f2b26dd0fd4
0x00007f2b6598be30:   00007f2b604924a0 00007f2b60492320
0x00007f2b6598be40:   0000000000000000 0000000200000000
0x00007f2b6598be50:   0000003000000002 0000006e0000005b
0x00007f2b6598be60:   0000007c00000077 00007f2b604923a0
0x00007f2b6598be70:   00007f2b604923c0 00007f2b604923e0
0x00007f2b6598be80:   00007f2b60492480 00007f2b60492420
0x00007f2b6598be90:   00007f2b604924a0 00007f2b60000020
0x00007f2b6598bea0:   0000000000000008 0000000000000000
0x00007f2b6598beb0:   00000000d79ca6a0 00007f2b6598c078
0x00007f2b6598bec0:   00007f2b6000a800 00007f2b6762a4d0
0x00007f2b6598bed0:   00007f2b60492320 00000000d79ca6a0
0x00007f2b6598bee0:   00007f2b6598bf10 00007f2b271d6900
0x00007f2b6598bef0:   00007f2b60492320 00000ad300000cf9
0x00007f2b6598bf00:   0000000000000008 00007f2b604924a0
0x00007f2b6598bf10:   00007f2b6598bf90 00007f2b26dd17db
0x00007f2b6598bf20:   0000000000000001 00007f2b6048a2b0
0x00007f2b6598bf30:   00000000f97a5fb8 000000066598bf38
0x00007f2b6598bf40:   00007f2b60492fd0 00007f2b60492320
0x00007f2b6598bf50:   00007f2b604922e0 00007f2b60492340
0x00007f2b6598bf60:   00007f2b604922a0 00007f2b60492360
0x00007f2b6598bf70:   00007f2b60492260 00007f2b60492380
0x00007f2b6598bf80:   00007f2b60492fb0 00007f2b604924a0
0x00007f2b6598bf90:   00007f2b60448670 00007f2b27be3cd9
0x00007f2b6598bfa0:   00000000d6aa2353 00000000d79ca6a0
0x00007f2b6598bfb0:   00007f2b6598c030 00007f2b5d012738
0x00007f2b6598bfc0:   00000000d6aa23d8 0000000000000000
0x00007f2b6598bfd0:   00007f2b6598bff8 00007f2b6598c058 

Instructions: (pc=0x00007f2b26dd0da4)
0x00007f2b26dd0d84:   45 e0 48 8b 00 48 89 45 e8 48 8b 45 e0 48 8b 40
0x00007f2b26dd0d94:   08 48 8b 00 48 89 45 f0 48 8b 45 e0 48 8b 40 10
0x00007f2b26dd0da4:   48 8b 00 48 89 45 f8 48 8b 55 f0 48 8b 4d e8 48
0x00007f2b26dd0db4:   8b 45 c0 48 89 ce 48 89 c7 e8 2e fc ff ff 89 45 

Register to memory mapping:

RAX=0x0000000000000000 is an unknown value
RBX=0x00000000d79ca6a0 is an oop
{method} 
 - klass: {other class}
RCX=0x0000000000000884 is an unknown value
RDX=0x00000000fff5f25a is an unallocated location in the heap
RSP=0x00007f2b6598bde0 is pointing into the stack for thread: 0x00007f2b6000a800
RBP=0x00007f2b6598be20 is pointing into the stack for thread: 0x00007f2b6000a800
RSI=0x00000000000005f3 is an unknown value
RDI=0x00007f2b604924a0 is an unknown value
R8 =0x00007f2b60492370 is an unknown value
R9 =0x0000000000000018 is an unknown value
R10=0x00007f2b6598bbb0 is pointing into the stack for thread: 0x00007f2b6000a800
R11=0x00007f2b271d693f: destroy_point+0 in lib/lib2d_points.so at 0x00007f2b271d6000
R12=0x0000000000000000 is an unknown value
R13=0x00000000d79ca6a0 is an oop
{method} 
 - klass: {other class}
R14=0x00007f2b6598c078 is pointing into the stack for thread: 0x00007f2b6000a800
R15=0x00007f2b6000a800 is a thread


Stack: [0x00007f2b6578e000,0x00007f2b6598f000],  sp=0x00007f2b6598bde0,  free space=2039k
Native frames: (J=compiled Java code, j=interpreted, Vv=VM code, C=native code)
C  [libconvex_hull.so+0xda4]  puente_superior+0xdd
C  [libconvex_hull.so+0xfd4]  insertion+0x5e
C  [libconvex_hull.so+0x17db]  convex_hull+0x171

Java frames: (J=compiled Java code, j=interpreted, Vv=VM code)
j  com.kenai.jffi.Foreign.invokeL1(JJJ)J+0
j  com.kenai.jffi.Invoker.invokeL1(Lcom/kenai/jffi/CallContext;JJ)J+7
j  org.jruby.ext.ffi.jffi.NativeInvoker$ffi$1.call(Lorg/jruby/runtime/ThreadContext;Lorg/jruby/runtime/builtin/IRubyObject;Lorg/jruby/RubyModule;Ljava/lang/String;Lorg/jruby/runtime/builtin/IRubyObject;)Lorg/jruby/runtime/builtin/IRubyObject;+76
j  org.jruby.runtime.callsite.CachingCallSite.cacheAndCall(Lorg/jruby/runtime/builtin/IRubyObject;Lorg/jruby/RubyClass;Lorg/jruby/runtime/ThreadContext;Lorg/jruby/runtime/builtin/IRubyObject;Lorg/jruby/runtime/builtin/IRubyObject;)Lorg/jruby/runtime/builtin/IRubyObject;+57
J  org.jruby.runtime.callsite.CachingCallSite.call(Lorg/jruby/runtime/ThreadContext;Lorg/jruby/runtime/builtin/IRubyObject;Lorg/jruby/runtime/builtin/IRubyObject;Lorg/jruby/runtime/builtin/IRubyObject;)Lorg/jruby/runtime/builtin/IRubyObject;
J  org.jruby.ast.CallOneArgNode.interpret(Lorg/jruby/Ruby;Lorg/jruby/runtime/ThreadContext;Lorg/jruby/runtime/builtin/IRubyObject;Lorg/jruby/runtime/Block;)Lorg/jruby/runtime/builtin/IRubyObject;
j  org.jruby.ast.LocalAsgnNode.interpret(Lorg/jruby/Ruby;Lorg/jruby/runtime/ThreadContext;Lorg/jruby/runtime/builtin/IRubyObject;Lorg/jruby/runtime/Block;)Lorg/jruby/runtime/builtin/IRubyObject;+30
J  org.jruby.ast.BlockNode.interpret(Lorg/jruby/Ruby;Lorg/jruby/runtime/ThreadContext;Lorg/jruby/runtime/builtin/IRubyObject;Lorg/jruby/runtime/Block;)Lorg/jruby/runtime/builtin/IRubyObject;
j  org.jruby.evaluator.ASTInterpreter.INTERPRET_METHOD(Lorg/jruby/Ruby;Lorg/jruby/runtime/ThreadContext;Ljava/lang/String;ILorg/jruby/RubyModule;Lorg/jruby/ast/Node;Ljava/lang/String;Lorg/jruby/runtime/builtin/IRubyObject;Lorg/jruby/runtime/Block;Z)Lorg/jruby/runtime/builtin/IRubyObject;+30
j  org.jruby.internal.runtime.methods.InterpretedMethod.call(Lorg/jruby/runtime/ThreadContext;Lorg/jruby/runtime/builtin/IRubyObject;Lorg/jruby/RubyModule;Ljava/lang/String;)Lorg/jruby/runtime/builtin/IRubyObject;+80
j  org.jruby.internal.runtime.methods.DefaultMethod.call(Lorg/jruby/runtime/ThreadContext;Lorg/jruby/runtime/builtin/IRubyObject;Lorg/jruby/RubyModule;Ljava/lang/String;)Lorg/jruby/runtime/builtin/IRubyObject;+20
j  org.jruby.runtime.callsite.CachingCallSite.cacheAndCall(Lorg/jruby/runtime/builtin/IRubyObject;Lorg/jruby/RubyClass;Lorg/jruby/runtime/ThreadContext;Lorg/jruby/runtime/builtin/IRubyObject;)Lorg/jruby/runtime/builtin/IRubyObject;+53
j  org.jruby.runtime.callsite.CachingCallSite.call(Lorg/jruby/runtime/ThreadContext;Lorg/jruby/runtime/builtin/IRubyObject;Lorg/jruby/runtime/builtin/IRubyObject;)Lorg/jruby/runtime/builtin/IRubyObject;+46
j  org.jruby.ast.CallNoArgNode.interpret(Lorg/jruby/Ruby;Lorg/jruby/runtime/ThreadContext;Lorg/jruby/runtime/builtin/IRubyObject;Lorg/jruby/runtime/Block;)Lorg/jruby/runtime/builtin/IRubyObject;+18
j  org.jruby.ast.FCallTwoArgNode.interpret(Lorg/jruby/Ruby;Lorg/jruby/runtime/ThreadContext;Lorg/jruby/runtime/builtin/IRubyObject;Lorg/jruby/runtime/Block;)Lorg/jruby/runtime/builtin/IRubyObject;+28
J  org.jruby.ast.BlockNode.interpret(Lorg/jruby/Ruby;Lorg/jruby/runtime/ThreadContext;Lorg/jruby/runtime/builtin/IRubyObject;Lorg/jruby/runtime/Block;)Lorg/jruby/runtime/builtin/IRubyObject;
j  org.jruby.evaluator.ASTInterpreter.INTERPRET_METHOD(Lorg/jruby/Ruby;Lorg/jruby/runtime/ThreadContext;Ljava/lang/String;ILorg/jruby/RubyModule;Lorg/jruby/ast/Node;Ljava/lang/String;Lorg/jruby/runtime/builtin/IRubyObject;Lorg/jruby/runtime/Block;Z)Lorg/jruby/runtime/builtin/IRubyObject;+30
j  org.jruby.internal.runtime.methods.InterpretedMethod.call(Lorg/jruby/runtime/ThreadContext;Lorg/jruby/runtime/builtin/IRubyObject;Lorg/jruby/RubyModule;Ljava/lang/String;)Lorg/jruby/runtime/builtin/IRubyObject;+80
j  org.jruby.internal.runtime.methods.DefaultMethod.call(Lorg/jruby/runtime/ThreadContext;Lorg/jruby/runtime/builtin/IRubyObject;Lorg/jruby/RubyModule;Ljava/lang/String;)Lorg/jruby/runtime/builtin/IRubyObject;+20
j  org.jruby.runtime.callsite.CachingCallSite.cacheAndCall(Lorg/jruby/runtime/builtin/IRubyObject;Lorg/jruby/RubyClass;Lorg/jruby/runtime/ThreadContext;Lorg/jruby/runtime/builtin/IRubyObject;)Lorg/jruby/runtime/builtin/IRubyObject;+53
j  org.jruby.runtime.callsite.CachingCallSite.call(Lorg/jruby/runtime/ThreadContext;Lorg/jruby/runtime/builtin/IRubyObject;Lorg/jruby/runtime/builtin/IRubyObject;)Lorg/jruby/runtime/builtin/IRubyObject;+46
j  Makefile.method__2$RUBY$test(LMakefile;Lorg/jruby/runtime/ThreadContext;Lorg/jruby/runtime/builtin/IRubyObject;Lorg/jruby/runtime/Block;)Lorg/jruby/runtime/builtin/IRubyObject;+130
j  Makefile$method__2$RUBY$test.call(Lorg/jruby/runtime/ThreadContext;Lorg/jruby/runtime/builtin/IRubyObject;Lorg/jruby/RubyModule;Ljava/lang/String;Lorg/jruby/runtime/Block;)Lorg/jruby/runtime/builtin/IRubyObject;+17
j  org.jruby.RubyClass.finvoke(Lorg/jruby/runtime/ThreadContext;Lorg/jruby/runtime/builtin/IRubyObject;Ljava/lang/String;Lorg/jruby/runtime/Block;)Lorg/jruby/runtime/builtin/IRubyObject;+41
j  org.jruby.RubyBasicObject.send19(Lorg/jruby/runtime/ThreadContext;Lorg/jruby/runtime/builtin/IRubyObject;Lorg/jruby/runtime/Block;)Lorg/jruby/runtime/builtin/IRubyObject;+15
j  org.jruby.RubyKernel.send19(Lorg/jruby/runtime/ThreadContext;Lorg/jruby/runtime/builtin/IRubyObject;Lorg/jruby/runtime/builtin/IRubyObject;Lorg/jruby/runtime/Block;)Lorg/jruby/runtime/builtin/IRubyObject;+7
j  org.jruby.RubyKernel$INVOKER$s$send19.call(Lorg/jruby/runtime/ThreadContext;Lorg/jruby/runtime/builtin/IRubyObject;Lorg/jruby/RubyModule;Ljava/lang/String;Lorg/jruby/runtime/builtin/IRubyObject;Lorg/jruby/runtime/Block;)Lorg/jruby/runtime/builtin/IRubyObject;+6
j  org.jruby.internal.runtime.methods.JavaMethod$JavaMethodOneOrNBlock.call(Lorg/jruby/runtime/ThreadContext;Lorg/jruby/runtime/builtin/IRubyObject;Lorg/jruby/RubyModule;Ljava/lang/String;Lorg/jruby/runtime/builtin/IRubyObject;)Lorg/jruby/runtime/builtin/IRubyObject;+11
j  org.jruby.runtime.callsite.CachingCallSite.call(Lorg/jruby/runtime/ThreadContext;Lorg/jruby/runtime/builtin/IRubyObject;Lorg/jruby/runtime/builtin/IRubyObject;Lorg/jruby/runtime/builtin/IRubyObject;)Lorg/jruby/runtime/builtin/IRubyObject;+38
j  Makefile.block_6$RUBY$__file__(LMakefile;Lorg/jruby/runtime/ThreadContext;Lorg/jruby/runtime/builtin/IRubyObject;[Lorg/jruby/runtime/builtin/IRubyObject;Lorg/jruby/runtime/Block;)Lorg/jruby/runtime/builtin/IRubyObject;+46
j  Makefile$block_6$RUBY$__file__.call(Lorg/jruby/runtime/ThreadContext;Lorg/jruby/runtime/builtin/IRubyObject;[Lorg/jruby/runtime/builtin/IRubyObject;Lorg/jruby/runtime/Block;)Lorg/jruby/runtime/builtin/IRubyObject;+9
j  org.jruby.runtime.CompiledBlock19.yield(Lorg/jruby/runtime/ThreadContext;Lorg/jruby/runtime/builtin/IRubyObject;Lorg/jruby/runtime/Binding;Lorg/jruby/runtime/Block$Type;)Lorg/jruby/runtime/builtin/IRubyObject;+52
j  org.jruby.runtime.Block.yield(Lorg/jruby/runtime/ThreadContext;Lorg/jruby/runtime/builtin/IRubyObject;)Lorg/jruby/runtime/builtin/IRubyObject;+14
j  org.jruby.RubyArray.eachCommon(Lorg/jruby/runtime/ThreadContext;Lorg/jruby/runtime/Block;)Lorg/jruby/runtime/builtin/IRubyObject;+41
j  org.jruby.RubyArray.each(Lorg/jruby/runtime/ThreadContext;Lorg/jruby/runtime/Block;)Lorg/jruby/runtime/builtin/IRubyObject;+10
j  org.jruby.RubyArray$INVOKER$i$0$0$each.call(Lorg/jruby/runtime/ThreadContext;Lorg/jruby/runtime/builtin/IRubyObject;Lorg/jruby/RubyModule;Ljava/lang/String;Lorg/jruby/runtime/Block;)Lorg/jruby/runtime/builtin/IRubyObject;+7
j  org.jruby.runtime.callsite.CachingCallSite.cacheAndCall(Lorg/jruby/runtime/builtin/IRubyObject;Lorg/jruby/RubyClass;Lorg/jruby/runtime/Block;Lorg/jruby/runtime/ThreadContext;Lorg/jruby/runtime/builtin/IRubyObject;)Lorg/jruby/runtime/builtin/IRubyObject;+57
j  org.jruby.runtime.callsite.CachingCallSite.callBlock(Lorg/jruby/runtime/ThreadContext;Lorg/jruby/runtime/builtin/IRubyObject;Lorg/jruby/runtime/builtin/IRubyObject;Lorg/jruby/runtime/Block;)Lorg/jruby/runtime/builtin/IRubyObject;+50
j  org.jruby.runtime.callsite.CachingCallSite.callIter(Lorg/jruby/runtime/ThreadContext;Lorg/jruby/runtime/builtin/IRubyObject;Lorg/jruby/runtime/builtin/IRubyObject;Lorg/jruby/runtime/Block;)Lorg/jruby/runtime/builtin/IRubyObject;+6
j  Makefile.__file__(LMakefile;Lorg/jruby/runtime/ThreadContext;Lorg/jruby/runtime/builtin/IRubyObject;[Lorg/jruby/runtime/builtin/IRubyObject;Lorg/jruby/runtime/Block;)Lorg/jruby/runtime/builtin/IRubyObject;+859
j  Makefile.load(Lorg/jruby/runtime/ThreadContext;Lorg/jruby/runtime/builtin/IRubyObject;Z)Lorg/jruby/runtime/builtin/IRubyObject;+22
j  org.jruby.Ruby.runScript(Lorg/jruby/ast/executable/Script;Z)Lorg/jruby/runtime/builtin/IRubyObject;+12
j  org.jruby.Ruby.runScript(Lorg/jruby/ast/executable/Script;)Lorg/jruby/runtime/builtin/IRubyObject;+3
j  org.jruby.Ruby.runNormally(Lorg/jruby/ast/Node;)Lorg/jruby/runtime/builtin/IRubyObject;+73
j  org.jruby.Ruby.runFromMain(Ljava/io/InputStream;Ljava/lang/String;)V+320
j  org.jruby.Main.doRunFromMain(Lorg/jruby/Ruby;Ljava/io/InputStream;Ljava/lang/String;)Lorg/jruby/Main$Status;+12
j  org.jruby.Main.internalRun()Lorg/jruby/Main$Status;+234
j  org.jruby.Main.run([Ljava/lang/String;)Lorg/jruby/Main$Status;+9
j  org.jruby.Main.main([Ljava/lang/String;)V+35
v  ~StubRoutines::call_stub

---------------  P R O C E S S  ---------------

Java Threads: ( => current thread )
  0x00007f2b60468800 JavaThread "JRubyJIT-2" daemon [_thread_blocked, id=7695, stack(0x00007f2b275d9000,0x00007f2b277da000)]
  0x00007f2b60463000 JavaThread "process reaper" daemon [_thread_blocked, id=7628, stack(0x00007f2b5c067000,0x00007f2b5c0a0000)]
  0x00007f2b6044d800 JavaThread "JRubyJIT-1" daemon [_thread_blocked, id=7625, stack(0x00007f2b279db000,0x00007f2b27bdc000)]
  0x00007f2b600ad000 JavaThread "Service Thread" daemon [_thread_blocked, id=7623, stack(0x00007f2b5582b000,0x00007f2b55a2c000)]
  0x00007f2b600aa800 JavaThread "C2 CompilerThread1" daemon [_thread_in_native, id=7622, stack(0x00007f2b55a2c000,0x00007f2b55b2d000)]
  0x00007f2b600a7800 JavaThread "C2 CompilerThread0" daemon [_thread_in_native, id=7621, stack(0x00007f2b55b2d000,0x00007f2b55c2e000)]
  0x00007f2b600a5800 JavaThread "Signal Dispatcher" daemon [_thread_blocked, id=7620, stack(0x00007f2b55c2e000,0x00007f2b55e2f000)]
  0x00007f2b60082800 JavaThread "Finalizer" daemon [_thread_blocked, id=7619, stack(0x00007f2b56229000,0x00007f2b5642a000)]
  0x00007f2b60080800 JavaThread "Reference Handler" daemon [_thread_blocked, id=7618, stack(0x00007f2b5642a000,0x00007f2b5662b000)]
=>0x00007f2b6000a800 JavaThread "main" [_thread_in_native, id=7612, stack(0x00007f2b6578e000,0x00007f2b6598f000)]

Other Threads:
  0x00007f2b6007c800 VMThread [stack: 0x00007f2b5662b000,0x00007f2b5672c000] [id=7617]
  0x00007f2b600b7800 WatcherThread [stack: 0x00007f2b5572a000,0x00007f2b5582b000] [id=7624]

VM state:not at safepoint (normal execution)

VM Mutex/Monitor currently owned by a thread: None

Heap
 PSYoungGen      total 64000K, used 26306K [0x00000000f5900000, 0x00000000f9a00000, 0x0000000100000000)
  eden space 61440K, 38% used [0x00000000f5900000,0x00000000f7033640,0x00000000f9500000)
  from space 2560K, 99% used [0x00000000f9780000,0x00000000f99fd528,0x00000000f9a00000)
  to   space 2560K, 0% used [0x00000000f9500000,0x00000000f9500000,0x00000000f9780000)
 ParOldGen       total 39936K, used 7717K [0x00000000e0c00000, 0x00000000e3300000, 0x00000000f5900000)
  object space 39936K, 19% used [0x00000000e0c00000,0x00000000e13894b0,0x00000000e3300000)
 PSPermGen       total 25600K, used 25477K [0x00000000d6600000, 0x00000000d7f00000, 0x00000000e0c00000)
  object space 25600K, 99% used [0x00000000d6600000,0x00000000d7ee1750,0x00000000d7f00000)

Card table byte_map: [0x00007f2b645b4000,0x00007f2b64702000] byte_map_base: 0x00007f2b63f01000

Polling page: 0x00007f2b67d9c000

Code Cache  [0x00007f2b5d000000, 0x00007f2b5d270000, 0x00007f2b60000000)
 total_blobs=959 nmethods=480 adapters=433 free_code_cache=47340Kb largest_free_block=48438336

Compilation events (10 events):
Event: 3,517 Thread 0x00007f2b600aa800 nmethod 480 0x00007f2b5d1c80d0 code [0x00007f2b5d1c8240, 0x00007f2b5d1c84d8]
Event: 3,517 Thread 0x00007f2b600aa800  481             org.jruby.runtime.ThreadContext::postMethodFrameOnly (10 bytes)
Event: 3,520 Thread 0x00007f2b600aa800 nmethod 481 0x00007f2b5d1c7b50 code [0x00007f2b5d1c7cc0, 0x00007f2b5d1c7ec8]
Event: 3,520 Thread 0x00007f2b600aa800  482             org.jruby.ast.executable.AbstractScript::getCallSite3 (10 bytes)
Event: 3,521 Thread 0x00007f2b600aa800 nmethod 482 0x00007f2b5d1b7850 code [0x00007f2b5d1b79a0, 0x00007f2b5d1b7a38]
Event: 3,521 Thread 0x00007f2b600aa800  483             org.jruby.ast.executable.AbstractScript::getCallSite1 (10 bytes)
Event: 3,522 Thread 0x00007f2b600aa800 nmethod 483 0x00007f2b5d1c0fd0 code [0x00007f2b5d1c1120, 0x00007f2b5d1c11b8]
Event: 3,522 Thread 0x00007f2b600aa800  484             org.jruby.ast.executable.AbstractScript::getCallSite4 (10 bytes)
Event: 3,522 Thread 0x00007f2b600aa800 nmethod 484 0x00007f2b5d1bfa10 code [0x00007f2b5d1bfb60, 0x00007f2b5d1bfbf8]
Event: 3,522 Thread 0x00007f2b600aa800  485             org.jruby.ast.FCallThreeArgNode::interpret (47 bytes)

GC Heap History (8 events):
Event: 1,303 GC heap before
{Heap before GC invocations=1 (full 0):
 PSYoungGen      total 17920K, used 15360K [0x00000000f5900000, 0x00000000f6d00000, 0x0000000100000000)
  eden space 15360K, 100% used [0x00000000f5900000,0x00000000f6800000,0x00000000f6800000)
  from space 2560K, 0% used [0x00000000f6a80000,0x00000000f6a80000,0x00000000f6d00000)
  to   space 2560K, 0% used [0x00000000f6800000,0x00000000f6800000,0x00000000f6a80000)
 ParOldGen       total 39936K, used 0K [0x00000000e0c00000, 0x00000000e3300000, 0x00000000f5900000)
  object space 39936K, 0% used [0x00000000e0c00000,0x00000000e0c00000,0x00000000e3300000)
 PSPermGen       total 21504K, used 19066K [0x00000000d6600000, 0x00000000d7b00000, 0x00000000e0c00000)
  object space 21504K, 88% used [0x00000000d6600000,0x00000000d789eba0,0x00000000d7b00000)
Event: 1,317 GC heap after
Heap after GC invocations=1 (full 0):
 PSYoungGen      total 17920K, used 2533K [0x00000000f5900000, 0x00000000f7c00000, 0x0000000100000000)
  eden space 15360K, 0% used [0x00000000f5900000,0x00000000f5900000,0x00000000f6800000)
  from space 2560K, 98% used [0x00000000f6800000,0x00000000f6a794c8,0x00000000f6a80000)
  to   space 2560K, 0% used [0x00000000f7980000,0x00000000f7980000,0x00000000f7c00000)
 ParOldGen       total 39936K, used 3291K [0x00000000e0c00000, 0x00000000e3300000, 0x00000000f5900000)
  object space 39936K, 8% used [0x00000000e0c00000,0x00000000e0f36ff8,0x00000000e3300000)
 PSPermGen       total 21504K, used 19066K [0x00000000d6600000, 0x00000000d7b00000, 0x00000000e0c00000)
  object space 21504K, 88% used [0x00000000d6600000,0x00000000d789eba0,0x00000000d7b00000)
}
Event: 2,412 GC heap before
{Heap before GC invocations=2 (full 0):
 PSYoungGen      total 17920K, used 17893K [0x00000000f5900000, 0x00000000f7c00000, 0x0000000100000000)
  eden space 15360K, 100% used [0x00000000f5900000,0x00000000f6800000,0x00000000f6800000)
  from space 2560K, 98% used [0x00000000f6800000,0x00000000f6a794c8,0x00000000f6a80000)
  to   space 2560K, 0% used [0x00000000f7980000,0x00000000f7980000,0x00000000f7c00000)
 ParOldGen       total 39936K, used 3291K [0x00000000e0c00000, 0x00000000e3300000, 0x00000000f5900000)
  object space 39936K, 8% used [0x00000000e0c00000,0x00000000e0f36ff8,0x00000000e3300000)
 PSPermGen       total 23552K, used 23551K [0x00000000d6600000, 0x00000000d7d00000, 0x00000000e0c00000)
  object space 23552K, 99% used [0x00000000d6600000,0x00000000d7cffd68,0x00000000d7d00000)
Event: 2,429 GC heap after
Heap after GC invocations=2 (full 0):
 PSYoungGen      total 33280K, used 2533K [0x00000000f5900000, 0x00000000f7c00000, 0x0000000100000000)
  eden space 30720K, 0% used [0x00000000f5900000,0x00000000f5900000,0x00000000f7700000)
  from space 2560K, 98% used [0x00000000f7980000,0x00000000f7bf9518,0x00000000f7c00000)
  to   space 2560K, 0% used [0x00000000f7700000,0x00000000f7700000,0x00000000f7980000)
 ParOldGen       total 39936K, used 5220K [0x00000000e0c00000, 0x00000000e3300000, 0x00000000f5900000)
  object space 39936K, 13% used [0x00000000e0c00000,0x00000000e1119320,0x00000000e3300000)
 PSPermGen       total 23552K, used 23551K [0x00000000d6600000, 0x00000000d7d00000, 0x00000000e0c00000)
  object space 23552K, 99% used [0x00000000d6600000,0x00000000d7cffd68,0x00000000d7d00000)
}
Event: 3,540 GC heap before
{Heap before GC invocations=3 (full 0):
 PSYoungGen      total 33280K, used 33253K [0x00000000f5900000, 0x00000000f7c00000, 0x0000000100000000)
  eden space 30720K, 100% used [0x00000000f5900000,0x00000000f7700000,0x00000000f7700000)
  from space 2560K, 98% used [0x00000000f7980000,0x00000000f7bf9518,0x00000000f7c00000)
  to   space 2560K, 0% used [0x00000000f7700000,0x00000000f7700000,0x00000000f7980000)
 ParOldGen       total 39936K, used 5220K [0x00000000e0c00000, 0x00000000e3300000, 0x00000000f5900000)
  object space 39936K, 13% used [0x00000000e0c00000,0x00000000e1119320,0x00000000e3300000)
 PSPermGen       total 25600K, used 25476K [0x00000000d6600000, 0x00000000d7f00000, 0x00000000e0c00000)
  object space 25600K, 99% used [0x00000000d6600000,0x00000000d7ee1338,0x00000000d7f00000)
Event: 3,555 GC heap after
Heap after GC invocations=3 (full 0):
 PSYoungGen      total 33280K, used 2549K [0x00000000f5900000, 0x00000000f9a00000, 0x0000000100000000)
  eden space 30720K, 0% used [0x00000000f5900000,0x00000000f5900000,0x00000000f7700000)
  from space 2560K, 99% used [0x00000000f7700000,0x00000000f797d528,0x00000000f7980000)
  to   space 2560K, 0% used [0x00000000f9780000,0x00000000f9780000,0x00000000f9a00000)
 ParOldGen       total 39936K, used 7661K [0x00000000e0c00000, 0x00000000e3300000, 0x00000000f5900000)
  object space 39936K, 19% used [0x00000000e0c00000,0x00000000e137b4b0,0x00000000e3300000)
 PSPermGen       total 25600K, used 25476K [0x00000000d6600000, 0x00000000d7f00000, 0x00000000e0c00000)
  object space 25600K, 99% used [0x00000000d6600000,0x00000000d7ee1338,0x00000000d7f00000)
}
Event: 3,713 GC heap before
{Heap before GC invocations=4 (full 0):
 PSYoungGen      total 33280K, used 33269K [0x00000000f5900000, 0x00000000f9a00000, 0x0000000100000000)
  eden space 30720K, 100% used [0x00000000f5900000,0x00000000f7700000,0x00000000f7700000)
  from space 2560K, 99% used [0x00000000f7700000,0x00000000f797d528,0x00000000f7980000)
  to   space 2560K, 0% used [0x00000000f9780000,0x00000000f9780000,0x00000000f9a00000)
 ParOldGen       total 39936K, used 7661K [0x00000000e0c00000, 0x00000000e3300000, 0x00000000f5900000)
  object space 39936K, 19% used [0x00000000e0c00000,0x00000000e137b4b0,0x00000000e3300000)
 PSPermGen       total 25600K, used 25477K [0x00000000d6600000, 0x00000000d7f00000, 0x00000000e0c00000)
  object space 25600K, 99% used [0x00000000d6600000,0x00000000d7ee1588,0x00000000d7f00000)
Event: 3,729 GC heap after
Heap after GC invocations=4 (full 0):
 PSYoungGen      total 64000K, used 2549K [0x00000000f5900000, 0x00000000f9a00000, 0x0000000100000000)
  eden space 61440K, 0% used [0x00000000f5900000,0x00000000f5900000,0x00000000f9500000)
  from space 2560K, 99% used [0x00000000f9780000,0x00000000f99fd528,0x00000000f9a00000)
  to   space 2560K, 0% used [0x00000000f9500000,0x00000000f9500000,0x00000000f9780000)
 ParOldGen       total 39936K, used 7717K [0x00000000e0c00000, 0x00000000e3300000, 0x00000000f5900000)
  object space 39936K, 19% used [0x00000000e0c00000,0x00000000e13894b0,0x00000000e3300000)
 PSPermGen       total 25600K, used 25477K [0x00000000d6600000, 0x00000000d7f00000, 0x00000000e0c00000)
  object space 25600K, 99% used [0x00000000d6600000,0x00000000d7ee1588,0x00000000d7f00000)
}

Deoptimization events (10 events):
Event: 3,048 Thread 0x00007f2b6000a800 Uncommon trap: reason=class_check action=maybe_recompile pc=0x00007f2b5d178b84 method=org.joni.Matcher.searchInterruptible(III)I @ 810
Event: 3,154 Thread 0x00007f2b6000a800 Uncommon trap: reason=bimorphic action=maybe_recompile pc=0x00007f2b5d17c748 method=org.jruby.runtime.scope.OneVarDynamicScope.getValue(II)Lorg/jruby/runtime/builtin/IRubyObject; @ 12
Event: 3,154 Thread 0x00007f2b6000a800 Uncommon trap: reason=bimorphic action=maybe_recompile pc=0x00007f2b5d17c748 method=org.jruby.runtime.scope.OneVarDynamicScope.getValue(II)Lorg/jruby/runtime/builtin/IRubyObject; @ 12
Event: 3,154 Thread 0x00007f2b6000a800 Uncommon trap: reason=bimorphic action=maybe_recompile pc=0x00007f2b5d17c748 method=org.jruby.runtime.scope.OneVarDynamicScope.getValue(II)Lorg/jruby/runtime/builtin/IRubyObject; @ 12
Event: 3,154 Thread 0x00007f2b6000a800 Uncommon trap: reason=bimorphic action=maybe_recompile pc=0x00007f2b5d17c748 method=org.jruby.runtime.scope.OneVarDynamicScope.getValue(II)Lorg/jruby/runtime/builtin/IRubyObject; @ 12
Event: 3,210 Thread 0x00007f2b6000a800 Uncommon trap: reason=class_check action=maybe_recompile pc=0x00007f2b5d16b238 method=org.jruby.RubyArray.compare(Lorg/jruby/runtime/ThreadContext;Lorg/jruby/runtime/invokedynamic/MethodNames;Lorg/jruby/runtime/builtin/IRubyObject;)Lorg/jruby/RubyBoolean;
Event: 3,210 Thread 0x00007f2b6000a800 Uncommon trap: reason=class_check action=maybe_recompile pc=0x00007f2b5d16b238 method=org.jruby.RubyArray.compare(Lorg/jruby/runtime/ThreadContext;Lorg/jruby/runtime/invokedynamic/MethodNames;Lorg/jruby/runtime/builtin/IRubyObject;)Lorg/jruby/RubyBoolean;
Event: 3,210 Thread 0x00007f2b6000a800 Uncommon trap: reason=class_check action=maybe_recompile pc=0x00007f2b5d16b238 method=org.jruby.RubyArray.compare(Lorg/jruby/runtime/ThreadContext;Lorg/jruby/runtime/invokedynamic/MethodNames;Lorg/jruby/runtime/builtin/IRubyObject;)Lorg/jruby/RubyBoolean;
Event: 3,210 Thread 0x00007f2b6000a800 Uncommon trap: reason=class_check action=maybe_recompile pc=0x00007f2b5d16b238 method=org.jruby.RubyArray.compare(Lorg/jruby/runtime/ThreadContext;Lorg/jruby/runtime/invokedynamic/MethodNames;Lorg/jruby/runtime/builtin/IRubyObject;)Lorg/jruby/RubyBoolean;
Event: 3,457 Thread 0x00007f2b6000a800 Uncommon trap: reason=unreached action=reinterpret pc=0x00007f2b5d1a7f90 method=java.util.HashSet.add(Ljava/lang/Object;)Z @ 11

Internal exceptions (10 events):
Event: 3,000 Thread 0x00007f2b60468800 Threw 0x00000000f628dbb8 at /build/buildd/openjdk-7-7u51-2.4.4/build/openjdk/hotspot/src/share/vm/prims/jvm.cpp:1244
Event: 3,000 Thread 0x00007f2b60468800 Threw 0x00000000f628ec58 at /build/buildd/openjdk-7-7u51-2.4.4/build/openjdk/hotspot/src/share/vm/prims/jvm.cpp:1244
Event: 3,041 Thread 0x00007f2b6044d800 Threw 0x00000000f62f5470 at /build/buildd/openjdk-7-7u51-2.4.4/build/openjdk/hotspot/src/share/vm/prims/jvm.cpp:1244
Event: 3,041 Thread 0x00007f2b60468800 Threw 0x00000000f649f7f0 at /build/buildd/openjdk-7-7u51-2.4.4/build/openjdk/hotspot/src/share/vm/prims/jvm.cpp:1244
Event: 3,041 Thread 0x00007f2b60468800 Threw 0x00000000f64a08f0 at /build/buildd/openjdk-7-7u51-2.4.4/build/openjdk/hotspot/src/share/vm/prims/jvm.cpp:1244
Event: 3,041 Thread 0x00007f2b6044d800 Threw 0x00000000f62f6570 at /build/buildd/openjdk-7-7u51-2.4.4/build/openjdk/hotspot/src/share/vm/prims/jvm.cpp:1244
Event: 3,044 Thread 0x00007f2b6044d800 Threw 0x00000000f650f470 at /build/buildd/openjdk-7-7u51-2.4.4/build/openjdk/hotspot/src/share/vm/prims/jvm.cpp:1244
Event: 3,044 Thread 0x00007f2b6044d800 Threw 0x00000000f6510618 at /build/buildd/openjdk-7-7u51-2.4.4/build/openjdk/hotspot/src/share/vm/prims/jvm.cpp:1244
Event: 3,220 Thread 0x00007f2b60468800 Threw 0x00000000f64cc728 at /build/buildd/openjdk-7-7u51-2.4.4/build/openjdk/hotspot/src/share/vm/prims/jvm.cpp:1244
Event: 3,220 Thread 0x00007f2b60468800 Threw 0x00000000f64cd9c8 at /build/buildd/openjdk-7-7u51-2.4.4/build/openjdk/hotspot/src/share/vm/prims/jvm.cpp:1244

Events (10 events):
Event: 3,210 Thread 0x00007f2b6000a800 DEOPT UNPACKING pc=0x00007f2b5d039045 sp=0x00007f2b6598beb8 mode 2
Event: 3,220 loading class 0x00007f2b1c001850
Event: 3,220 loading class 0x00007f2b1c001850 done
Event: 3,457 Thread 0x00007f2b6000a800 Uncommon trap: trap_request=0xffffffad fr.pc=0x00007f2b5d1a7f90
Event: 3,457 Thread 0x00007f2b6000a800 DEOPT PACKING pc=0x00007f2b5d1a7f90 sp=0x00007f2b6598ab60
Event: 3,457 Thread 0x00007f2b6000a800 DEOPT UNPACKING pc=0x00007f2b5d039045 sp=0x00007f2b6598ab18 mode 2
Event: 3,540 Executing VM operation: ParallelGCFailedAllocation
Event: 3,555 Executing VM operation: ParallelGCFailedAllocation done
Event: 3,712 Executing VM operation: ParallelGCFailedAllocation
Event: 3,729 Executing VM operation: ParallelGCFailedAllocation done


Dynamic libraries:
00400000-00401000 r-xp 00000000 08:05 12322450                           /usr/lib/jvm/java-7-openjdk-amd64/jre/bin/java
00600000-00601000 r--p 00000000 08:05 12322450                           /usr/lib/jvm/java-7-openjdk-amd64/jre/bin/java
00601000-00602000 rw-p 00001000 08:05 12322450                           /usr/lib/jvm/java-7-openjdk-amd64/jre/bin/java
00eaa000-00ecb000 rw-p 00000000 00:00 0                                  [heap]
d6600000-d7f00000 rw-p 00000000 00:00 0 
d7f00000-e0c00000 rw-p 00000000 00:00 0 
e0c00000-e3300000 rw-p 00000000 00:00 0 
e3300000-f5900000 rw-p 00000000 00:00 0 
f5900000-f9a00000 rw-p 00000000 00:00 0 
f9a00000-100000000 rw-p 00000000 00:00 0 
7f2b10000000-7f2b10021000 rw-p 00000000 00:00 0 
7f2b10021000-7f2b14000000 ---p 00000000 00:00 0 
7f2b14000000-7f2b14021000 rw-p 00000000 00:00 0 
7f2b14021000-7f2b18000000 ---p 00000000 00:00 0 
7f2b18000000-7f2b18021000 rw-p 00000000 00:00 0 
7f2b18021000-7f2b1c000000 ---p 00000000 00:00 0 
7f2b1c000000-7f2b1c021000 rw-p 00000000 00:00 0 
7f2b1c021000-7f2b20000000 ---p 00000000 00:00 0 
7f2b20000000-7f2b20027000 rw-p 00000000 00:00 0 
7f2b20027000-7f2b24000000 ---p 00000000 00:00 0 
7f2b26dd0000-7f2b26dd2000 r-xp 00000000 08:05 16778162                   /home/luis/practica01/src/lib/libconvex_hull.so
7f2b26dd2000-7f2b26fd1000 ---p 00002000 08:05 16778162                   /home/luis/practica01/src/lib/libconvex_hull.so
7f2b26fd1000-7f2b26fd2000 r--p 00001000 08:05 16778162                   /home/luis/practica01/src/lib/libconvex_hull.so
7f2b26fd2000-7f2b26fd3000 rw-p 00002000 08:05 16778162                   /home/luis/practica01/src/lib/libconvex_hull.so
7f2b26fd3000-7f2b26fd5000 r-xp 00000000 08:05 16777925                   /home/luis/practica01/src/lib/libdouble_linked_list.so
7f2b26fd5000-7f2b271d4000 ---p 00002000 08:05 16777925                   /home/luis/practica01/src/lib/libdouble_linked_list.so
7f2b271d4000-7f2b271d5000 r--p 00001000 08:05 16777925                   /home/luis/practica01/src/lib/libdouble_linked_list.so
7f2b271d5000-7f2b271d6000 rw-p 00002000 08:05 16777925                   /home/luis/practica01/src/lib/libdouble_linked_list.so
7f2b271d6000-7f2b271d7000 r-xp 00000000 08:05 16777919                   /home/luis/practica01/src/lib/lib2d_points.so
7f2b271d7000-7f2b273d6000 ---p 00001000 08:05 16777919                   /home/luis/practica01/src/lib/lib2d_points.so
7f2b273d6000-7f2b273d7000 r--p 00000000 08:05 16777919                   /home/luis/practica01/src/lib/lib2d_points.so
7f2b273d7000-7f2b273d8000 rw-p 00001000 08:05 16777919                   /home/luis/practica01/src/lib/lib2d_points.so
7f2b273d8000-7f2b273db000 ---p 00000000 00:00 0 
7f2b273db000-7f2b275d9000 rw-p 00000000 00:00 0 
7f2b275d9000-7f2b275dc000 ---p 00000000 00:00 0 
7f2b275dc000-7f2b277da000 rw-p 00000000 00:00 0                          [stack:7695]
7f2b277da000-7f2b277dd000 ---p 00000000 00:00 0 
7f2b277dd000-7f2b279db000 rw-p 00000000 00:00 0 
7f2b279db000-7f2b279de000 ---p 00000000 00:00 0 
7f2b279de000-7f2b27bdc000 rw-p 00000000 00:00 0                          [stack:7625]
7f2b27bdc000-7f2b27bee000 r-xp 00000000 08:05 16253453                   /home/luis/.rbenv/versions/jruby-1.7.10/lib/jni/x86_64-Linux/libjffi-1.2.so
7f2b27bee000-7f2b27ded000 ---p 00012000 08:05 16253453                   /home/luis/.rbenv/versions/jruby-1.7.10/lib/jni/x86_64-Linux/libjffi-1.2.so
7f2b27ded000-7f2b27dee000 rw-p 00011000 08:05 16253453                   /home/luis/.rbenv/versions/jruby-1.7.10/lib/jni/x86_64-Linux/libjffi-1.2.so
7f2b27dee000-7f2b27dfe000 r-xp 00000000 08:05 12322344                   /usr/lib/jvm/java-7-openjdk-amd64/jre/lib/amd64/libnio.so
7f2b27dfe000-7f2b27ffe000 ---p 00010000 08:05 12322344                   /usr/lib/jvm/java-7-openjdk-amd64/jre/lib/amd64/libnio.so
7f2b27ffe000-7f2b27fff000 r--p 00010000 08:05 12322344                   /usr/lib/jvm/java-7-openjdk-amd64/jre/lib/amd64/libnio.so
7f2b27fff000-7f2b28000000 rw-p 00011000 08:05 12322344                   /usr/lib/jvm/java-7-openjdk-amd64/jre/lib/amd64/libnio.so
7f2b28000000-7f2b28021000 rw-p 00000000 00:00 0 
7f2b28021000-7f2b2c000000 ---p 00000000 00:00 0 
7f2b2c000000-7f2b2c021000 rw-p 00000000 00:00 0 
7f2b2c021000-7f2b30000000 ---p 00000000 00:00 0 
7f2b30000000-7f2b310f6000 rw-p 00000000 00:00 0 
7f2b310f6000-7f2b34000000 ---p 00000000 00:00 0 
7f2b34000000-7f2b354a4000 rw-p 00000000 00:00 0 
7f2b354a4000-7f2b38000000 ---p 00000000 00:00 0 
7f2b38000000-7f2b38021000 rw-p 00000000 00:00 0 
7f2b38021000-7f2b3c000000 ---p 00000000 00:00 0 
7f2b3c000000-7f2b3c021000 rw-p 00000000 00:00 0 
7f2b3c021000-7f2b40000000 ---p 00000000 00:00 0 
7f2b40000000-7f2b40021000 rw-p 00000000 00:00 0 
7f2b40021000-7f2b44000000 ---p 00000000 00:00 0 
7f2b44000000-7f2b44021000 rw-p 00000000 00:00 0 
7f2b44021000-7f2b48000000 ---p 00000000 00:00 0 
7f2b48000000-7f2b48021000 rw-p 00000000 00:00 0 
7f2b48021000-7f2b4c000000 ---p 00000000 00:00 0 
7f2b4c000000-7f2b4c021000 rw-p 00000000 00:00 0 
7f2b4c021000-7f2b50000000 ---p 00000000 00:00 0 
7f2b50000000-7f2b50021000 rw-p 00000000 00:00 0 
7f2b50021000-7f2b54000000 ---p 00000000 00:00 0 
7f2b541d7000-7f2b54214000 r-xp 00000000 08:05 9834371                    /lib/x86_64-linux-gnu/libpcre.so.3.13.1
7f2b54214000-7f2b54414000 ---p 0003d000 08:05 9834371                    /lib/x86_64-linux-gnu/libpcre.so.3.13.1
7f2b54414000-7f2b54415000 r--p 0003d000 08:05 9834371                    /lib/x86_64-linux-gnu/libpcre.so.3.13.1
7f2b54415000-7f2b54416000 rw-p 0003e000 08:05 9834371                    /lib/x86_64-linux-gnu/libpcre.so.3.13.1
7f2b54416000-7f2b5441d000 r-xp 00000000 08:05 12196946                   /usr/lib/x86_64-linux-gnu/libffi.so.6.0.1
7f2b5441d000-7f2b5461c000 ---p 00007000 08:05 12196946                   /usr/lib/x86_64-linux-gnu/libffi.so.6.0.1
7f2b5461c000-7f2b5461d000 r--p 00006000 08:05 12196946                   /usr/lib/x86_64-linux-gnu/libffi.so.6.0.1
7f2b5461d000-7f2b5461e000 rw-p 00007000 08:05 12196946                   /usr/lib/x86_64-linux-gnu/libffi.so.6.0.1
7f2b5461e000-7f2b54634000 r-xp 00000000 08:05 9834394                    /lib/x86_64-linux-gnu/libresolv-2.17.so
7f2b54634000-7f2b54834000 ---p 00016000 08:05 9834394                    /lib/x86_64-linux-gnu/libresolv-2.17.so
7f2b54834000-7f2b54835000 r--p 00016000 08:05 9834394                    /lib/x86_64-linux-gnu/libresolv-2.17.so
7f2b54835000-7f2b54836000 rw-p 00017000 08:05 9834394                    /lib/x86_64-linux-gnu/libresolv-2.17.so
7f2b54836000-7f2b54838000 rw-p 00000000 00:00 0 
7f2b54838000-7f2b54857000 r-xp 00000000 08:05 9834398                    /lib/x86_64-linux-gnu/libselinux.so.1
7f2b54857000-7f2b54a57000 ---p 0001f000 08:05 9834398                    /lib/x86_64-linux-gnu/libselinux.so.1
7f2b54a57000-7f2b54a58000 r--p 0001f000 08:05 9834398                    /lib/x86_64-linux-gnu/libselinux.so.1
7f2b54a58000-7f2b54a59000 rw-p 00020000 08:05 9834398                    /lib/x86_64-linux-gnu/libselinux.so.1
7f2b54a59000-7f2b54a5a000 rw-p 00000000 00:00 0 
7f2b54a5a000-7f2b54a5d000 r-xp 00000000 08:05 12190134                   /usr/lib/x86_64-linux-gnu/libgmodule-2.0.so.0.3800.1
7f2b54a5d000-7f2b54c5c000 ---p 00003000 08:05 12190134                   /usr/lib/x86_64-linux-gnu/libgmodule-2.0.so.0.3800.1
7f2b54c5c000-7f2b54c5d000 r--p 00002000 08:05 12190134                   /usr/lib/x86_64-linux-gnu/libgmodule-2.0.so.0.3800.1
7f2b54c5d000-7f2b54c5e000 rw-p 00003000 08:05 12190134                   /usr/lib/x86_64-linux-gnu/libgmodule-2.0.so.0.3800.1
7f2b54c5e000-7f2b54d5c000 r-xp 00000000 08:05 9834386                    /lib/x86_64-linux-gnu/libglib-2.0.so.0.3800.1
7f2b54d5c000-7f2b54f5c000 ---p 000fe000 08:05 9834386                    /lib/x86_64-linux-gnu/libglib-2.0.so.0.3800.1
7f2b54f5c000-7f2b54f5d000 r--p 000fe000 08:05 9834386                    /lib/x86_64-linux-gnu/libglib-2.0.so.0.3800.1
7f2b54f5d000-7f2b54f5e000 rw-p 000ff000 08:05 9834386                    /lib/x86_64-linux-gnu/libglib-2.0.so.0.3800.1
7f2b54f5e000-7f2b54f5f000 rw-p 00000000 00:00 0 
7f2b54f5f000-7f2b54fae000 r-xp 00000000 08:05 12190125                   /usr/lib/x86_64-linux-gnu/libgobject-2.0.so.0.3800.1
7f2b54fae000-7f2b551ae000 ---p 0004f000 08:05 12190125                   /usr/lib/x86_64-linux-gnu/libgobject-2.0.so.0.3800.1
7f2b551ae000-7f2b551af000 r--p 0004f000 08:05 12190125                   /usr/lib/x86_64-linux-gnu/libgobject-2.0.so.0.3800.1
7f2b551af000-7f2b551b0000 rw-p 00050000 08:05 12190125                   /usr/lib/x86_64-linux-gnu/libgobject-2.0.so.0.3800.1
7f2b551b0000-7f2b5530c000 r-xp 00000000 08:05 12190099                   /usr/lib/x86_64-linux-gnu/libgio-2.0.so.0.3800.1
7f2b5530c000-7f2b5550b000 ---p 0015c000 08:05 12190099                   /usr/lib/x86_64-linux-gnu/libgio-2.0.so.0.3800.1
7f2b5550b000-7f2b5550f000 r--p 0015b000 08:05 12190099                   /usr/lib/x86_64-linux-gnu/libgio-2.0.so.0.3800.1
7f2b5550f000-7f2b55511000 rw-p 0015f000 08:05 12190099                   /usr/lib/x86_64-linux-gnu/libgio-2.0.so.0.3800.1
7f2b55511000-7f2b55513000 rw-p 00000000 00:00 0 
7f2b55513000-7f2b55529000 r-xp 00000000 08:05 12322132                   /usr/lib/jvm/java-7-openjdk-amd64/jre/lib/amd64/libnet.so
7f2b55529000-7f2b55728000 ---p 00016000 08:05 12322132                   /usr/lib/jvm/java-7-openjdk-amd64/jre/lib/amd64/libnet.so
7f2b55728000-7f2b55729000 r--p 00015000 08:05 12322132                   /usr/lib/jvm/java-7-openjdk-amd64/jre/lib/amd64/libnet.so
7f2b55729000-7f2b5572a000 rw-p 00016000 08:05 12322132                   /usr/lib/jvm/java-7-openjdk-amd64/jre/lib/amd64/libnet.so
7f2b5572a000-7f2b5572b000 ---p 00000000 00:00 0 
7f2b5572b000-7f2b5582b000 rw-p 00000000 00:00 0                          [stack:7624]
7f2b5582b000-7f2b5582e000 ---p 00000000 00:00 0 
7f2b5582e000-7f2b55a2c000 rw-p 00000000 00:00 0                          [stack:7623]
7f2b55a2c000-7f2b55a2f000 ---p 00000000 00:00 0 
7f2b55a2f000-7f2b55b2d000 rw-p 00000000 00:00 0                          [stack:7622]
7f2b55b2d000-7f2b55b30000 ---p 00000000 00:00 0 
7f2b55b30000-7f2b55c2e000 rw-p 00000000 00:00 0                          [stack:7621]
7f2b55c2e000-7f2b55c31000 ---p 00000000 00:00 0 
7f2b55c31000-7f2b55e2f000 rw-p 00000000 00:00 0                          [stack:7620]
7f2b55e2f000-7f2b56229000 r--p 00000000 08:05 12195384                   /usr/lib/locale/locale-archive
7f2b56229000-7f2b5622c000 ---p 00000000 00:00 0 
7f2b5622c000-7f2b5642a000 rw-p 00000000 00:00 0                          [stack:7619]
7f2b5642a000-7f2b5642d000 ---p 00000000 00:00 0 
7f2b5642d000-7f2b5662b000 rw-p 00000000 00:00 0                          [stack:7618]
7f2b5662b000-7f2b5662c000 ---p 00000000 00:00 0 
7f2b5662c000-7f2b58000000 rw-p 00000000 00:00 0                          [stack:7617]
7f2b58000000-7f2b58021000 rw-p 00000000 00:00 0 
7f2b58021000-7f2b5c000000 ---p 00000000 00:00 0 
7f2b5c067000-7f2b5c06a000 ---p 00000000 00:00 0 
7f2b5c06a000-7f2b5cc50000 rw-p 00000000 00:00 0                          [stack:7628]
7f2b5cc50000-7f2b5cd39000 r--s 00bb9000 08:05 16253440                   /home/luis/.rbenv/versions/jruby-1.7.10/lib/jruby.jar
7f2b5cd39000-7f2b5cd81000 rw-p 00000000 00:00 0 
7f2b5cd81000-7f2b5cf2f000 r--s 01cf4000 08:05 12322430                   /usr/lib/jvm/java-7-openjdk-amd64/jre/lib/rt.jar
7f2b5cf2f000-7f2b5d000000 rw-p 00000000 00:00 0 
7f2b5d000000-7f2b5d270000 rwxp 00000000 00:00 0 
7f2b5d270000-7f2b604a0000 rw-p 00000000 00:00 0 
7f2b604a0000-7f2b64000000 ---p 00000000 00:00 0 
7f2b64012000-7f2b641b0000 rw-p 00000000 00:00 0 
7f2b641b0000-7f2b641b1000 ---p 00000000 00:00 0 
7f2b641b1000-7f2b642b1000 rw-p 00000000 00:00 0                          [stack:7616]
7f2b642b1000-7f2b642b2000 ---p 00000000 00:00 0 
7f2b642b2000-7f2b643b2000 rw-p 00000000 00:00 0                          [stack:7615]
7f2b643b2000-7f2b643b3000 ---p 00000000 00:00 0 
7f2b643b3000-7f2b644b3000 rw-p 00000000 00:00 0                          [stack:7614]
7f2b644b3000-7f2b644b4000 ---p 00000000 00:00 0 
7f2b644b4000-7f2b645c1000 rw-p 00000000 00:00 0                          [stack:7613]
7f2b645c1000-7f2b64607000 rw-p 00000000 00:00 0 
7f2b64607000-7f2b6461b000 rw-p 00000000 00:00 0 
7f2b6461b000-7f2b646ad000 rw-p 00000000 00:00 0 
7f2b646ad000-7f2b646ce000 rw-p 00000000 00:00 0 
7f2b646ce000-7f2b64701000 rw-p 00000000 00:00 0 
7f2b64701000-7f2b64702000 rw-p 00000000 00:00 0 
7f2b64702000-7f2b6470a000 r-xp 00000000 08:05 12322081                   /usr/lib/jvm/java-7-openjdk-amd64/jre/lib/amd64/libzip.so
7f2b6470a000-7f2b64909000 ---p 00008000 08:05 12322081                   /usr/lib/jvm/java-7-openjdk-amd64/jre/lib/amd64/libzip.so
7f2b64909000-7f2b6490a000 r--p 00007000 08:05 12322081                   /usr/lib/jvm/java-7-openjdk-amd64/jre/lib/amd64/libzip.so
7f2b6490a000-7f2b6490b000 rw-p 00008000 08:05 12322081                   /usr/lib/jvm/java-7-openjdk-amd64/jre/lib/amd64/libzip.so
7f2b6490b000-7f2b64917000 r-xp 00000000 08:05 9834349                    /lib/x86_64-linux-gnu/libnss_files-2.17.so
7f2b64917000-7f2b64b16000 ---p 0000c000 08:05 9834349                    /lib/x86_64-linux-gnu/libnss_files-2.17.so
7f2b64b16000-7f2b64b17000 r--p 0000b000 08:05 9834349                    /lib/x86_64-linux-gnu/libnss_files-2.17.so
7f2b64b17000-7f2b64b18000 rw-p 0000c000 08:05 9834349                    /lib/x86_64-linux-gnu/libnss_files-2.17.so
7f2b64b18000-7f2b64b23000 r-xp 00000000 08:05 9834353                    /lib/x86_64-linux-gnu/libnss_nis-2.17.so
7f2b64b23000-7f2b64d22000 ---p 0000b000 08:05 9834353                    /lib/x86_64-linux-gnu/libnss_nis-2.17.so
7f2b64d22000-7f2b64d23000 r--p 0000a000 08:05 9834353                    /lib/x86_64-linux-gnu/libnss_nis-2.17.so
7f2b64d23000-7f2b64d24000 rw-p 0000b000 08:05 9834353                    /lib/x86_64-linux-gnu/libnss_nis-2.17.so
7f2b64d24000-7f2b64d3b000 r-xp 00000000 08:05 9834343                    /lib/x86_64-linux-gnu/libnsl-2.17.so
7f2b64d3b000-7f2b64f3a000 ---p 00017000 08:05 9834343                    /lib/x86_64-linux-gnu/libnsl-2.17.so
7f2b64f3a000-7f2b64f3b000 r--p 00016000 08:05 9834343                    /lib/x86_64-linux-gnu/libnsl-2.17.so
7f2b64f3b000-7f2b64f3c000 rw-p 00017000 08:05 9834343                    /lib/x86_64-linux-gnu/libnsl-2.17.so
7f2b64f3c000-7f2b64f3e000 rw-p 00000000 00:00 0 
7f2b64f3e000-7f2b64f46000 r-xp 00000000 08:05 9834345                    /lib/x86_64-linux-gnu/libnss_compat-2.17.so
7f2b64f46000-7f2b65145000 ---p 00008000 08:05 9834345                    /lib/x86_64-linux-gnu/libnss_compat-2.17.so
7f2b65145000-7f2b65146000 r--p 00007000 08:05 9834345                    /lib/x86_64-linux-gnu/libnss_compat-2.17.so
7f2b65146000-7f2b65147000 rw-p 00008000 08:05 9834345                    /lib/x86_64-linux-gnu/libnss_compat-2.17.so
7f2b65147000-7f2b65172000 r-xp 00000000 08:05 12322007                   /usr/lib/jvm/java-7-openjdk-amd64/jre/lib/amd64/libjava.so
7f2b65172000-7f2b65371000 ---p 0002b000 08:05 12322007                   /usr/lib/jvm/java-7-openjdk-amd64/jre/lib/amd64/libjava.so
7f2b65371000-7f2b65372000 r--p 0002a000 08:05 12322007                   /usr/lib/jvm/java-7-openjdk-amd64/jre/lib/amd64/libjava.so
7f2b65372000-7f2b65374000 rw-p 0002b000 08:05 12322007                   /usr/lib/jvm/java-7-openjdk-amd64/jre/lib/amd64/libjava.so
7f2b65374000-7f2b65384000 r-xp 00000000 08:05 12322321                   /usr/lib/jvm/java-7-openjdk-amd64/jre/lib/amd64/libverify.so
7f2b65384000-7f2b65583000 ---p 00010000 08:05 12322321                   /usr/lib/jvm/java-7-openjdk-amd64/jre/lib/amd64/libverify.so
7f2b65583000-7f2b65585000 r--p 0000f000 08:05 12322321                   /usr/lib/jvm/java-7-openjdk-amd64/jre/lib/amd64/libverify.so
7f2b65585000-7f2b65586000 rw-p 00011000 08:05 12322321                   /usr/lib/jvm/java-7-openjdk-amd64/jre/lib/amd64/libverify.so
7f2b65586000-7f2b6558d000 r-xp 00000000 08:05 9834396                    /lib/x86_64-linux-gnu/librt-2.17.so
7f2b6558d000-7f2b6578c000 ---p 00007000 08:05 9834396                    /lib/x86_64-linux-gnu/librt-2.17.so
7f2b6578c000-7f2b6578d000 r--p 00006000 08:05 9834396                    /lib/x86_64-linux-gnu/librt-2.17.so
7f2b6578d000-7f2b6578e000 rw-p 00007000 08:05 9834396                    /lib/x86_64-linux-gnu/librt-2.17.so
7f2b6578e000-7f2b65791000 ---p 00000000 00:00 0 
7f2b65791000-7f2b6598f000 rw-p 00000000 00:00 0                          [stack:7612]
7f2b6598f000-7f2b659a4000 r-xp 00000000 08:05 9830413                    /lib/x86_64-linux-gnu/libgcc_s.so.1
7f2b659a4000-7f2b65ba3000 ---p 00015000 08:05 9830413                    /lib/x86_64-linux-gnu/libgcc_s.so.1
7f2b65ba3000-7f2b65ba4000 r--p 00014000 08:05 9830413                    /lib/x86_64-linux-gnu/libgcc_s.so.1
7f2b65ba4000-7f2b65ba5000 rw-p 00015000 08:05 9830413                    /lib/x86_64-linux-gnu/libgcc_s.so.1
7f2b65ba5000-7f2b65ca8000 r-xp 00000000 08:05 9834324                    /lib/x86_64-linux-gnu/libm-2.17.so
7f2b65ca8000-7f2b65ea7000 ---p 00103000 08:05 9834324                    /lib/x86_64-linux-gnu/libm-2.17.so
7f2b65ea7000-7f2b65ea8000 r--p 00102000 08:05 9834324                    /lib/x86_64-linux-gnu/libm-2.17.so
7f2b65ea8000-7f2b65ea9000 rw-p 00103000 08:05 9834324                    /lib/x86_64-linux-gnu/libm-2.17.so
7f2b65ea9000-7f2b65f8f000 r-xp 00000000 08:05 12190887                   /usr/lib/x86_64-linux-gnu/libstdc++.so.6.0.18
7f2b65f8f000-7f2b6618e000 ---p 000e6000 08:05 12190887                   /usr/lib/x86_64-linux-gnu/libstdc++.so.6.0.18
7f2b6618e000-7f2b66196000 r--p 000e5000 08:05 12190887                   /usr/lib/x86_64-linux-gnu/libstdc++.so.6.0.18
7f2b66196000-7f2b66198000 rw-p 000ed000 08:05 12190887                   /usr/lib/x86_64-linux-gnu/libstdc++.so.6.0.18
7f2b66198000-7f2b661ad000 rw-p 00000000 00:00 0 
7f2b661ad000-7f2b66c8c000 r-xp 00000000 08:05 12322340                   /usr/lib/jvm/java-7-openjdk-amd64/jre/lib/amd64/server/libjvm.so
7f2b66c8c000-7f2b66e8b000 ---p 00adf000 08:05 12322340                   /usr/lib/jvm/java-7-openjdk-amd64/jre/lib/amd64/server/libjvm.so
7f2b66e8b000-7f2b66f1d000 r--p 00ade000 08:05 12322340                   /usr/lib/jvm/java-7-openjdk-amd64/jre/lib/amd64/server/libjvm.so
7f2b66f1d000-7f2b66f40000 rw-p 00b70000 08:05 12322340                   /usr/lib/jvm/java-7-openjdk-amd64/jre/lib/amd64/server/libjvm.so
7f2b66f40000-7f2b66f6d000 rw-p 00000000 00:00 0 
7f2b66f6d000-7f2b66f85000 r-xp 00000000 08:05 9834431                    /lib/x86_64-linux-gnu/libz.so.1.2.8
7f2b66f85000-7f2b67184000 ---p 00018000 08:05 9834431                    /lib/x86_64-linux-gnu/libz.so.1.2.8
7f2b67184000-7f2b67185000 r--p 00017000 08:05 9834431                    /lib/x86_64-linux-gnu/libz.so.1.2.8
7f2b67185000-7f2b67186000 rw-p 00018000 08:05 9834431                    /lib/x86_64-linux-gnu/libz.so.1.2.8
7f2b67186000-7f2b6719d000 r-xp 00000000 08:05 9834388                    /lib/x86_64-linux-gnu/libpthread-2.17.so
7f2b6719d000-7f2b6739d000 ---p 00017000 08:05 9834388                    /lib/x86_64-linux-gnu/libpthread-2.17.so
7f2b6739d000-7f2b6739e000 r--p 00017000 08:05 9834388                    /lib/x86_64-linux-gnu/libpthread-2.17.so
7f2b6739e000-7f2b6739f000 rw-p 00018000 08:05 9834388                    /lib/x86_64-linux-gnu/libpthread-2.17.so
7f2b6739f000-7f2b673a3000 rw-p 00000000 00:00 0 
7f2b673a3000-7f2b673a6000 r-xp 00000000 08:05 9834288                    /lib/x86_64-linux-gnu/libdl-2.17.so
7f2b673a6000-7f2b675a5000 ---p 00003000 08:05 9834288                    /lib/x86_64-linux-gnu/libdl-2.17.so
7f2b675a5000-7f2b675a6000 r--p 00002000 08:05 9834288                    /lib/x86_64-linux-gnu/libdl-2.17.so
7f2b675a6000-7f2b675a7000 rw-p 00003000 08:05 9834288                    /lib/x86_64-linux-gnu/libdl-2.17.so
7f2b675a7000-7f2b67764000 r-xp 00000000 08:05 9834273                    /lib/x86_64-linux-gnu/libc-2.17.so
7f2b67764000-7f2b67964000 ---p 001bd000 08:05 9834273                    /lib/x86_64-linux-gnu/libc-2.17.so
7f2b67964000-7f2b67968000 r--p 001bd000 08:05 9834273                    /lib/x86_64-linux-gnu/libc-2.17.so
7f2b67968000-7f2b6796a000 rw-p 001c1000 08:05 9834273                    /lib/x86_64-linux-gnu/libc-2.17.so
7f2b6796a000-7f2b6796f000 rw-p 00000000 00:00 0 
7f2b6796f000-7f2b6797c000 r-xp 00000000 08:05 12322347                   /usr/lib/jvm/java-7-openjdk-amd64/jre/lib/amd64/jli/libjli.so
7f2b6797c000-7f2b67b7b000 ---p 0000d000 08:05 12322347                   /usr/lib/jvm/java-7-openjdk-amd64/jre/lib/amd64/jli/libjli.so
7f2b67b7b000-7f2b67b7c000 r--p 0000c000 08:05 12322347                   /usr/lib/jvm/java-7-openjdk-amd64/jre/lib/amd64/jli/libjli.so
7f2b67b7c000-7f2b67b7d000 rw-p 0000d000 08:05 12322347                   /usr/lib/jvm/java-7-openjdk-amd64/jre/lib/amd64/jli/libjli.so
7f2b67b7d000-7f2b67ba0000 r-xp 00000000 08:05 9834249                    /lib/x86_64-linux-gnu/ld-2.17.so
7f2b67ba5000-7f2b67ba6000 rw-p 00000000 00:00 0 
7f2b67ba6000-7f2b67ba7000 r-xp 00000000 00:00 0 
7f2b67ba7000-7f2b67bae000 r--s 00000000 08:05 12588976                   /usr/lib/x86_64-linux-gnu/gconv/gconv-modules.cache
7f2b67bae000-7f2b67bb3000 r--s 0004c000 08:05 12322352                   /usr/lib/jvm/java-7-openjdk-amd64/jre/lib/jsse.jar
7f2b67bb3000-7f2b67bb6000 r--s 00032000 08:05 12322366                   /usr/lib/jvm/java-7-openjdk-amd64/jre/lib/ext/sunjce_provider.jar
7f2b67bb6000-7f2b67bb9000 r--s 0000f000 08:05 12322362                   /usr/lib/jvm/java-7-openjdk-amd64/jre/lib/ext/pulse-java.jar
7f2b67bb9000-7f2b67bd4000 rw-p 00000000 00:00 0 
7f2b67bd4000-7f2b67c1a000 rw-p 00000000 00:00 0 
7f2b67c1a000-7f2b67c2e000 rw-p 00000000 00:00 0 
7f2b67c2e000-7f2b67cc1000 rw-p 00000000 00:00 0 
7f2b67cc1000-7f2b67ccb000 rw-p 00000000 00:00 0 
7f2b67ccb000-7f2b67d81000 rw-p 00000000 00:00 0 
7f2b67d81000-7f2b67d86000 rw-p 00000000 00:00 0 
7f2b67d86000-7f2b67d88000 r--s 00006000 08:05 12717881                   /usr/share/java/java-atk-wrapper.jar
7f2b67d88000-7f2b67d8c000 r--s 00085000 08:05 12322360                   /usr/lib/jvm/java-7-openjdk-amd64/jre/lib/ext/localedata.jar
7f2b67d8c000-7f2b67d90000 r--s 0003b000 08:05 12322372                   /usr/lib/jvm/java-7-openjdk-amd64/jre/lib/ext/sunpkcs11.jar
7f2b67d90000-7f2b67d91000 r--s 00002000 08:05 12322370                   /usr/lib/jvm/java-7-openjdk-amd64/jre/lib/ext/dnsns.jar
7f2b67d91000-7f2b67d93000 r--s 00012000 08:05 12322364                   /usr/lib/jvm/java-7-openjdk-amd64/jre/lib/ext/zipfs.jar
7f2b67d93000-7f2b67d9b000 rw-s 00000000 08:05 7340078                    /tmp/hsperfdata_luis/7587
7f2b67d9b000-7f2b67d9c000 rw-p 00000000 00:00 0 
7f2b67d9c000-7f2b67d9d000 r--p 00000000 00:00 0 
7f2b67d9d000-7f2b67d9f000 rw-p 00000000 00:00 0 
7f2b67d9f000-7f2b67da0000 r--p 00022000 08:05 9834249                    /lib/x86_64-linux-gnu/ld-2.17.so
7f2b67da0000-7f2b67da2000 rw-p 00023000 08:05 9834249                    /lib/x86_64-linux-gnu/ld-2.17.so
7fff31248000-7fff31269000 rw-p 00000000 00:00 0                          [stack]
7fff312d6000-7fff312d8000 r-xp 00000000 00:00 0                          [vdso]
ffffffffff600000-ffffffffff601000 r-xp 00000000 00:00 0                  [vsyscall]

VM Arguments:
jvm_args: -Djdk.home= -Djruby.home=/home/luis/.rbenv/versions/jruby-1.7.10 -Djruby.script=jruby -Djruby.shell=/bin/sh -Djffi.boot.library.path=/home/luis/.rbenv/versions/jruby-1.7.10/lib/jni:/home/luis/.rbenv/versions/jruby-1.7.10/lib/jni/arm-Linux:/home/luis/.rbenv/versions/jruby-1.7.10/lib/jni/x86_64-Linux:/home/luis/.rbenv/versions/jruby-1.7.10/lib/jni/i386-Linux -Xmx500m -Xss2048k -Xbootclasspath/a:/home/luis/.rbenv/versions/jruby-1.7.10/lib/jruby.jar 
java_command: org/jruby/Main Makefile.rb clean compile test
Launcher Type: SUN_STANDARD

Environment Variables:
PATH=/home/luis/.rbenv/versions/jruby-1.7.10/bin:/home/luis/.rbenv/libexec:/home/luis/.rbenv/plugins/ruby-build/bin:/home/luis/.rbenv/shims:~/.rbenv/bin:~/.rbenv/bin:/usr/local/sbin:/usr/local/bin:/usr/sbin:/usr/bin:/sbin:/bin:/usr/games:/usr/local/games
USERNAME=luis
SHELL=/bin/bash
DISPLAY=:0

Signal Handlers:
SIGSEGV: [libjvm.so+0x916ea0], sa_mask[0]=0x7ffbfeff, sa_flags=0x10000004
SIGBUS: [libjvm.so+0x916ea0], sa_mask[0]=0x7ffbfeff, sa_flags=0x10000004
SIGFPE: [libjvm.so+0x794800], sa_mask[0]=0x7ffbfeff, sa_flags=0x10000004
SIGPIPE: [libjvm.so+0x794800], sa_mask[0]=0x7ffbfeff, sa_flags=0x10000004
SIGXFSZ: [libjvm.so+0x794800], sa_mask[0]=0x7ffbfeff, sa_flags=0x10000004
SIGILL: [libjvm.so+0x794800], sa_mask[0]=0x7ffbfeff, sa_flags=0x10000004
SIGUSR1: SIG_DFL, sa_mask[0]=0x00000000, sa_flags=0x00000000
SIGUSR2: [libjvm.so+0x7946a0], sa_mask[0]=0x00000000, sa_flags=0x10000004
SIGHUP: [libjvm.so+0x794880], sa_mask[0]=0x7ffbfeff, sa_flags=0x10000004
SIGINT: [libjvm.so+0x794880], sa_mask[0]=0x7ffbfeff, sa_flags=0x10000004
SIGTERM: [libjvm.so+0x794880], sa_mask[0]=0x7ffbfeff, sa_flags=0x10000004
SIGQUIT: [libjvm.so+0x794880], sa_mask[0]=0x7ffbfeff, sa_flags=0x10000004


---------------  S Y S T E M  ---------------

OS:LinuxMint 16 (petra)
uname:Linux 3.11.0-12-generic #19-Ubuntu SMP Wed Oct 9 16:20:46 UTC 2013 x86_64
libc:glibc 2.17 NPTL 2.17 
rlimit: STACK 8192k, CORE 0k, NPROC 29806, NOFILE 4096, AS infinity
load average:0,31 0,22 0,17

/proc/meminfo:
MemTotal:        3844532 kB
MemFree:         2831076 kB
Buffers:           55108 kB
Cached:           526648 kB
SwapCached:            0 kB
Active:           491756 kB
Inactive:         414508 kB
Active(anon):     325512 kB
Inactive(anon):   122884 kB
Active(file):     166244 kB
Inactive(file):   291624 kB
Unevictable:           0 kB
Mlocked:               0 kB
SwapTotal:       3987452 kB
SwapFree:        3987452 kB
Dirty:               188 kB
Writeback:             0 kB
AnonPages:        324720 kB
Mapped:            91336 kB
Shmem:            123892 kB
Slab:              47560 kB
SReclaimable:      27396 kB
SUnreclaim:        20164 kB
KernelStack:        2728 kB
PageTables:        14520 kB
NFS_Unstable:          0 kB
Bounce:                0 kB
WritebackTmp:          0 kB
CommitLimit:     5909716 kB
Committed_AS:    1547528 kB
VmallocTotal:   34359738367 kB
VmallocUsed:      348004 kB
VmallocChunk:   34359386120 kB
HardwareCorrupted:     0 kB
AnonHugePages:         0 kB
HugePages_Total:       0
HugePages_Free:        0
HugePages_Rsvd:        0
HugePages_Surp:        0
Hugepagesize:       2048 kB
DirectMap4k:       58612 kB
DirectMap2M:     3930112 kB


CPU:total 4 (2 cores per cpu, 2 threads per core) family 6 model 37 stepping 5, cmov, cx8, fxsr, mmx, sse, sse2, sse3, ssse3, sse4.1, sse4.2, popcnt, ht, tsc, tscinvbit

/proc/cpuinfo:
processor	: 0
vendor_id	: GenuineIntel
cpu family	: 6
model		: 37
model name	: Intel(R) Core(TM) i5 CPU       M 460  @ 2.53GHz
stepping	: 5
microcode	: 0x2
cpu MHz		: 1199.000
cache size	: 3072 KB
physical id	: 0
siblings	: 4
core id		: 0
cpu cores	: 2
apicid		: 0
initial apicid	: 0
fpu		: yes
fpu_exception	: yes
cpuid level	: 11
wp		: yes
flags		: fpu vme de pse tsc msr pae mce cx8 apic sep mtrr pge mca cmov pat pse36 clflush dts acpi mmx fxsr sse sse2 ss ht tm pbe syscall nx rdtscp lm constant_tsc arch_perfmon pebs bts rep_good nopl xtopology nonstop_tsc aperfmperf pni dtes64 monitor ds_cpl vmx est tm2 ssse3 cx16 xtpr pdcm pcid sse4_1 sse4_2 popcnt lahf_lm ida arat dtherm tpr_shadow vnmi flexpriority ept vpid
bogomips	: 5066.78
clflush size	: 64
cache_alignment	: 64
address sizes	: 36 bits physical, 48 bits virtual
power management:

processor	: 1
vendor_id	: GenuineIntel
cpu family	: 6
model		: 37
model name	: Intel(R) Core(TM) i5 CPU       M 460  @ 2.53GHz
stepping	: 5
microcode	: 0x2
cpu MHz		: 2534.000
cache size	: 3072 KB
physical id	: 0
siblings	: 4
core id		: 0
cpu cores	: 2
apicid		: 1
initial apicid	: 1
fpu		: yes
fpu_exception	: yes
cpuid level	: 11
wp		: yes
flags		: fpu vme de pse tsc msr pae mce cx8 apic sep mtrr pge mca cmov pat pse36 clflush dts acpi mmx fxsr sse sse2 ss ht tm pbe syscall nx rdtscp lm constant_tsc arch_perfmon pebs bts rep_good nopl xtopology nonstop_tsc aperfmperf pni dtes64 monitor ds_cpl vmx est tm2 ssse3 cx16 xtpr pdcm pcid sse4_1 sse4_2 popcnt lahf_lm ida arat dtherm tpr_shadow vnmi flexpriority ept vpid
bogomips	: 5066.78
clflush size	: 64
cache_alignment	: 64
address sizes	: 36 bits physical, 48 bits virtual
power management:

processor	: 2
vendor_id	: GenuineIntel
cpu family	: 6
model		: 37
model name	: Intel(R) Core(TM) i5 CPU       M 460  @ 2.53GHz
stepping	: 5
microcode	: 0x2
cpu MHz		: 2534.000
cache size	: 3072 KB
physical id	: 0
siblings	: 4
core id		: 2
cpu cores	: 2
apicid		: 4
initial apicid	: 4
fpu		: yes
fpu_exception	: yes
cpuid level	: 11
wp		: yes
flags		: fpu vme de pse tsc msr pae mce cx8 apic sep mtrr pge mca cmov pat pse36 clflush dts acpi mmx fxsr sse sse2 ss ht tm pbe syscall nx rdtscp lm constant_tsc arch_perfmon pebs bts rep_good nopl xtopology nonstop_tsc aperfmperf pni dtes64 monitor ds_cpl vmx est tm2 ssse3 cx16 xtpr pdcm pcid sse4_1 sse4_2 popcnt lahf_lm ida arat dtherm tpr_shadow vnmi flexpriority ept vpid
bogomips	: 5066.78
clflush size	: 64
cache_alignment	: 64
address sizes	: 36 bits physical, 48 bits virtual
power management:

processor	: 3
vendor_id	: GenuineIntel
cpu family	: 6
model		: 37
model name	: Intel(R) Core(TM) i5 CPU       M 460  @ 2.53GHz
stepping	: 5
microcode	: 0x2
cpu MHz		: 2534.000
cache size	: 3072 KB
physical id	: 0
siblings	: 4
core id		: 2
cpu cores	: 2
apicid		: 5
initial apicid	: 5
fpu		: yes
fpu_exception	: yes
cpuid level	: 11
wp		: yes
flags		: fpu vme de pse tsc msr pae mce cx8 apic sep mtrr pge mca cmov pat pse36 clflush dts acpi mmx fxsr sse sse2 ss ht tm pbe syscall nx rdtscp lm constant_tsc arch_perfmon pebs bts rep_good nopl xtopology nonstop_tsc aperfmperf pni dtes64 monitor ds_cpl vmx est tm2 ssse3 cx16 xtpr pdcm pcid sse4_1 sse4_2 popcnt lahf_lm ida arat dtherm tpr_shadow vnmi flexpriority ept vpid
bogomips	: 5066.78
clflush size	: 64
cache_alignment	: 64
address sizes	: 36 bits physical, 48 bits virtual
power management:



Memory: 4k page, physical 3844532k(2831076k free), swap 3987452k(3987452k free)

vm_info: OpenJDK 64-Bit Server VM (24.45-b08) for linux-amd64 JRE (1.7.0_51-b00), built on Jan 15 2014 22:02:57 by "buildd" with gcc 4.8.1

time: Mon Apr  7 11:28:21 2014
elapsed time: 3 seconds

