#
# A fatal error has been detected by the Java Runtime Environment:
#
#  SIGSEGV (0xb) at pc=0x00007fd8b8477e50, pid=3705, tid=140569093859072
#
# JRE version: OpenJDK Runtime Environment (7.0_51) (build 1.7.0_51-b00)
# Java VM: OpenJDK 64-Bit Server VM (24.45-b08 mixed mode linux-amd64 compressed oops)
# Problematic frame:
# C  [libconvex_hull.so+0xe50]  insertion+0x128
#
# Failed to write core dump. Core dumps have been disabled. To enable core dumping, try "ulimit -c unlimited" before starting Java again
#
# If you would like to submit a bug report, please include
# instructions on how to reproduce the bug and visit:
#   http://icedtea.classpath.org/bugzilla
# The crash happened outside the Java Virtual Machine in native code.
# See problematic frame for where to report the bug.
#

---------------  T H R E A D  ---------------

Current thread (0x00007fd8c400a800):  JavaThread "main" [_thread_in_native, id=3730, stack(0x00007fd8cac7e000,0x00007fd8cae7f000)]

siginfo:si_signo=SIGSEGV: si_errno=0, si_code=1 (SEGV_MAPERR), si_addr=0x0000000000000010

Registers:
RAX=0x0000000000000000, RBX=0x00000000d79ca640, RCX=0x00007fd8c4000020, RDX=0x00007fd8c44a8ad0
RSP=0x00007fd8cae7bec0, RBP=0x00007fd8cae7bf10, RSI=0x0000000000000220, RDI=0x0000000000000000
R8 =0x00007fd8c44a8760, R9 =0x0000000000000018, R10=0x0000000000000002, R11=0x00007fd8c4000078
R12=0x0000000000000000, R13=0x00000000d79ca640, R14=0x00007fd8cae7c078, R15=0x00007fd8c400a800
RIP=0x00007fd8b8477e50, EFLAGS=0x0000000000010202, CSGSFS=0x0000000000000033, ERR=0x0000000000000006
  TRAPNO=0x000000000000000e

Top of Stack: (sp=0x00007fd8cae7bec0)
0x00007fd8cae7bec0:   00007fd8c44a8890 00007fd8c44a89f0
0x00007fd8cae7bed0:   00007fd800000001 00007fd8c44a8a70
0x00007fd8cae7bee0:   00007fd8c44a8a70 00007fd8c44a88d0
0x00007fd8cae7bef0:   00007fd8c44a8a90 0000000000000000
0x00007fd8cae7bf00:   00007fd8c44a8ad0 00007fd8c444fa40
0x00007fd8cae7bf10:   00007fd8cae7bf90 00007fd8b8478102
0x00007fd8cae7bf20:   00007fd8c118a054 00007fd8c44a8760
0x00007fd8cae7bf30:   00000000e1241988 0000003bf9674d78
0x00007fd8cae7bf40:   00007fd8c44a89f0 00007fd8c44a88b0
0x00007fd8cae7bf50:   00007fd8c44a8990 00007fd8c44a8950
0x00007fd8cae7bf60:   00007fd8c44a8910 00007fd8c44a8890
0x00007fd8cae7bf70:   00000000e11c4ee8 00000000e11cce28
0x00007fd8cae7bf80:   00007fd8cae7bf80 00000000d6aa2219
0x00007fd8cae7bf90:   00007fd8c4428660 00007fd8b928acd9
0x00007fd8cae7bfa0:   0000000000000000 00000000d79ca640
0x00007fd8cae7bfb0:   00007fd8cae7c030 00007fd8c1012738
0x00007fd8cae7bfc0:   00007fd8cae7c050 00007fd8c1006233
0x00007fd8cae7bfd0:   00000000e11cce28 00007fd8c1006233
0x00007fd8cae7bfe0:   00000000f95b6fd8 00000000e1241988
0x00007fd8cae7bff0:   00007fd8cae7bff0 0000000000000000
0x00007fd8cae7c000:   00007fd8cae7c078 00000000d79d2b68
0x00007fd8cae7c010:   0000000000000000 00000000d79ca640
0x00007fd8cae7c020:   0000000000000000 00007fd8cae7c050
0x00007fd8cae7c030:   00007fd8cae7c0c0 00007fd8c1006175
0x00007fd8cae7c040:   00000000e0fde4c0 00007fd8c100ecd7
0x00007fd8cae7c050:   00007fd8c44a8760 00000000d7d614f0
0x00007fd8cae7c060:   00007fd8b8478034 00007fd8cae7c080
0x00007fd8cae7c070:   00007fd8c4428660 00007fd8c1006233
0x00007fd8cae7c080:   00007fd8cae7c080 00000000d7ac74a7
0x00007fd8cae7c090:   00007fd8cae7c0f8 00000000d7ad3700
0x00007fd8cae7c0a0:   0000000000000000 00000000d7ac74e8
0x00007fd8cae7c0b0:   00007fd8cae7c050 00007fd8cae7c0d0 

Instructions: (pc=0x00007fd8b8477e50)
0x00007fd8b8477e30:   48 89 50 10 48 8b 45 d0 48 8b 55 f0 48 89 50 08
0x00007fd8b8477e40:   48 8b 45 e0 48 c7 40 08 00 00 00 00 48 8b 45 e8
0x00007fd8b8477e50:   48 c7 40 10 00 00 00 00 48 8b 45 e0 48 89 c7 e8
0x00007fd8b8477e60:   dc fa ff ff 89 45 c4 e8 e4 fa ff ff 48 89 45 f8 

Register to memory mapping:

RAX=0x0000000000000000 is an unknown value
RBX=0x00000000d79ca640 is an oop
{method} 
 - klass: {other class}
RCX=0x00007fd8c4000020 is an unknown value
RDX=0x00007fd8c44a8ad0 is an unknown value
RSP=0x00007fd8cae7bec0 is pointing into the stack for thread: 0x00007fd8c400a800
RBP=0x00007fd8cae7bf10 is pointing into the stack for thread: 0x00007fd8c400a800
RSI=0x0000000000000220 is an unknown value
RDI=0x0000000000000000 is an unknown value
R8 =0x00007fd8c44a8760 is an unknown value
R9 =0x0000000000000018 is an unknown value
R10=0x0000000000000002 is an unknown value
R11=0x00007fd8c4000078 is an unknown value
R12=0x0000000000000000 is an unknown value
R13=0x00000000d79ca640 is an oop
{method} 
 - klass: {other class}
R14=0x00007fd8cae7c078 is pointing into the stack for thread: 0x00007fd8c400a800
R15=0x00007fd8c400a800 is a thread


Stack: [0x00007fd8cac7e000,0x00007fd8cae7f000],  sp=0x00007fd8cae7bec0,  free space=2039k
Native frames: (J=compiled Java code, j=interpreted, Vv=VM code, C=native code)
C  [libconvex_hull.so+0xe50]  insertion+0x128
C  [libconvex_hull.so+0x1102]  convex_hull+0xce

Java frames: (J=compiled Java code, j=interpreted, Vv=VM code)
j  com.kenai.jffi.Foreign.invokeL1(JJJ)J+0
j  com.kenai.jffi.Invoker.invokeL1(Lcom/kenai/jffi/CallContext;JJ)J+7
j  org.jruby.ext.ffi.jffi.NativeInvoker$ffi$1.call(Lorg/jruby/runtime/ThreadContext;Lorg/jruby/runtime/builtin/IRubyObject;Lorg/jruby/RubyModule;Ljava/lang/String;Lorg/jruby/runtime/builtin/IRubyObject;)Lorg/jruby/runtime/builtin/IRubyObject;+76
j  org.jruby.runtime.callsite.CachingCallSite.cacheAndCall(Lorg/jruby/runtime/builtin/IRubyObject;Lorg/jruby/RubyClass;Lorg/jruby/runtime/ThreadContext;Lorg/jruby/runtime/builtin/IRubyObject;Lorg/jruby/runtime/builtin/IRubyObject;)Lorg/jruby/runtime/builtin/IRubyObject;+57
J  org.jruby.runtime.callsite.CachingCallSite.call(Lorg/jruby/runtime/ThreadContext;Lorg/jruby/runtime/builtin/IRubyObject;Lorg/jruby/runtime/builtin/IRubyObject;Lorg/jruby/runtime/builtin/IRubyObject;)Lorg/jruby/runtime/builtin/IRubyObject;
J  org.jruby.ast.CallOneArgNode.interpret(Lorg/jruby/Ruby;Lorg/jruby/runtime/ThreadContext;Lorg/jruby/runtime/builtin/IRubyObject;Lorg/jruby/runtime/Block;)Lorg/jruby/runtime/builtin/IRubyObject;
j  org.jruby.ast.LocalAsgnNode.interpret(Lorg/jruby/Ruby;Lorg/jruby/runtime/ThreadContext;Lorg/jruby/runtime/builtin/IRubyObject;Lorg/jruby/runtime/Block;)Lorg/jruby/runtime/builtin/IRubyObject;+30
J  org.jruby.ast.BlockNode.interpret(Lorg/jruby/Ruby;Lorg/jruby/runtime/ThreadContext;Lorg/jruby/runtime/builtin/IRubyObject;Lorg/jruby/runtime/Block;)Lorg/jruby/runtime/builtin/IRubyObject;
j  org.jruby.evaluator.ASTInterpreter.INTERPRET_METHOD(Lorg/jruby/Ruby;Lorg/jruby/runtime/ThreadContext;Ljava/lang/String;ILorg/jruby/RubyModule;Lorg/jruby/ast/Node;Ljava/lang/String;Lorg/jruby/runtime/builtin/IRubyObject;Lorg/jruby/runtime/Block;Z)Lorg/jruby/runtime/builtin/IRubyObject;+30
j  org.jruby.internal.runtime.methods.InterpretedMethod.call(Lorg/jruby/runtime/ThreadContext;Lorg/jruby/runtime/builtin/IRubyObject;Lorg/jruby/RubyModule;Ljava/lang/String;)Lorg/jruby/runtime/builtin/IRubyObject;+80
j  org.jruby.internal.runtime.methods.DefaultMethod.call(Lorg/jruby/runtime/ThreadContext;Lorg/jruby/runtime/builtin/IRubyObject;Lorg/jruby/RubyModule;Ljava/lang/String;)Lorg/jruby/runtime/builtin/IRubyObject;+20
j  org.jruby.runtime.callsite.CachingCallSite.cacheAndCall(Lorg/jruby/runtime/builtin/IRubyObject;Lorg/jruby/RubyClass;Lorg/jruby/runtime/ThreadContext;Lorg/jruby/runtime/builtin/IRubyObject;)Lorg/jruby/runtime/builtin/IRubyObject;+53
j  org.jruby.runtime.callsite.CachingCallSite.call(Lorg/jruby/runtime/ThreadContext;Lorg/jruby/runtime/builtin/IRubyObject;Lorg/jruby/runtime/builtin/IRubyObject;)Lorg/jruby/runtime/builtin/IRubyObject;+46
j  org.jruby.ast.CallNoArgNode.interpret(Lorg/jruby/Ruby;Lorg/jruby/runtime/ThreadContext;Lorg/jruby/runtime/builtin/IRubyObject;Lorg/jruby/runtime/Block;)Lorg/jruby/runtime/builtin/IRubyObject;+18
j  org.jruby.ast.FCallTwoArgNode.interpret(Lorg/jruby/Ruby;Lorg/jruby/runtime/ThreadContext;Lorg/jruby/runtime/builtin/IRubyObject;Lorg/jruby/runtime/Block;)Lorg/jruby/runtime/builtin/IRubyObject;+28
J  org.jruby.ast.BlockNode.interpret(Lorg/jruby/Ruby;Lorg/jruby/runtime/ThreadContext;Lorg/jruby/runtime/builtin/IRubyObject;Lorg/jruby/runtime/Block;)Lorg/jruby/runtime/builtin/IRubyObject;
j  org.jruby.evaluator.ASTInterpreter.INTERPRET_METHOD(Lorg/jruby/Ruby;Lorg/jruby/runtime/ThreadContext;Ljava/lang/String;ILorg/jruby/RubyModule;Lorg/jruby/ast/Node;Ljava/lang/String;Lorg/jruby/runtime/builtin/IRubyObject;Lorg/jruby/runtime/Block;Z)Lorg/jruby/runtime/builtin/IRubyObject;+30
j  org.jruby.internal.runtime.methods.InterpretedMethod.call(Lorg/jruby/runtime/ThreadContext;Lorg/jruby/runtime/builtin/IRubyObject;Lorg/jruby/RubyModule;Ljava/lang/String;)Lorg/jruby/runtime/builtin/IRubyObject;+80
j  org.jruby.internal.runtime.methods.DefaultMethod.call(Lorg/jruby/runtime/ThreadContext;Lorg/jruby/runtime/builtin/IRubyObject;Lorg/jruby/RubyModule;Ljava/lang/String;)Lorg/jruby/runtime/builtin/IRubyObject;+20
j  org.jruby.runtime.callsite.CachingCallSite.cacheAndCall(Lorg/jruby/runtime/builtin/IRubyObject;Lorg/jruby/RubyClass;Lorg/jruby/runtime/ThreadContext;Lorg/jruby/runtime/builtin/IRubyObject;)Lorg/jruby/runtime/builtin/IRubyObject;+53
j  org.jruby.runtime.callsite.CachingCallSite.call(Lorg/jruby/runtime/ThreadContext;Lorg/jruby/runtime/builtin/IRubyObject;Lorg/jruby/runtime/builtin/IRubyObject;)Lorg/jruby/runtime/builtin/IRubyObject;+46
j  Makefile.method__2$RUBY$test(LMakefile;Lorg/jruby/runtime/ThreadContext;Lorg/jruby/runtime/builtin/IRubyObject;Lorg/jruby/runtime/Block;)Lorg/jruby/runtime/builtin/IRubyObject;+130
j  Makefile$method__2$RUBY$test.call(Lorg/jruby/runtime/ThreadContext;Lorg/jruby/runtime/builtin/IRubyObject;Lorg/jruby/RubyModule;Ljava/lang/String;Lorg/jruby/runtime/Block;)Lorg/jruby/runtime/builtin/IRubyObject;+17
j  org.jruby.RubyClass.finvoke(Lorg/jruby/runtime/ThreadContext;Lorg/jruby/runtime/builtin/IRubyObject;Ljava/lang/String;Lorg/jruby/runtime/Block;)Lorg/jruby/runtime/builtin/IRubyObject;+41
j  org.jruby.RubyBasicObject.send19(Lorg/jruby/runtime/ThreadContext;Lorg/jruby/runtime/builtin/IRubyObject;Lorg/jruby/runtime/Block;)Lorg/jruby/runtime/builtin/IRubyObject;+15
j  org.jruby.RubyKernel.send19(Lorg/jruby/runtime/ThreadContext;Lorg/jruby/runtime/builtin/IRubyObject;Lorg/jruby/runtime/builtin/IRubyObject;Lorg/jruby/runtime/Block;)Lorg/jruby/runtime/builtin/IRubyObject;+7
j  org.jruby.RubyKernel$INVOKER$s$send19.call(Lorg/jruby/runtime/ThreadContext;Lorg/jruby/runtime/builtin/IRubyObject;Lorg/jruby/RubyModule;Ljava/lang/String;Lorg/jruby/runtime/builtin/IRubyObject;Lorg/jruby/runtime/Block;)Lorg/jruby/runtime/builtin/IRubyObject;+6
j  org.jruby.internal.runtime.methods.JavaMethod$JavaMethodOneOrNBlock.call(Lorg/jruby/runtime/ThreadContext;Lorg/jruby/runtime/builtin/IRubyObject;Lorg/jruby/RubyModule;Ljava/lang/String;Lorg/jruby/runtime/builtin/IRubyObject;)Lorg/jruby/runtime/builtin/IRubyObject;+11
j  org.jruby.runtime.callsite.CachingCallSite.call(Lorg/jruby/runtime/ThreadContext;Lorg/jruby/runtime/builtin/IRubyObject;Lorg/jruby/runtime/builtin/IRubyObject;Lorg/jruby/runtime/builtin/IRubyObject;)Lorg/jruby/runtime/builtin/IRubyObject;+38
j  Makefile.block_6$RUBY$__file__(LMakefile;Lorg/jruby/runtime/ThreadContext;Lorg/jruby/runtime/builtin/IRubyObject;[Lorg/jruby/runtime/builtin/IRubyObject;Lorg/jruby/runtime/Block;)Lorg/jruby/runtime/builtin/IRubyObject;+46
j  Makefile$block_6$RUBY$__file__.call(Lorg/jruby/runtime/ThreadContext;Lorg/jruby/runtime/builtin/IRubyObject;[Lorg/jruby/runtime/builtin/IRubyObject;Lorg/jruby/runtime/Block;)Lorg/jruby/runtime/builtin/IRubyObject;+9
j  org.jruby.runtime.CompiledBlock19.yield(Lorg/jruby/runtime/ThreadContext;Lorg/jruby/runtime/builtin/IRubyObject;Lorg/jruby/runtime/Binding;Lorg/jruby/runtime/Block$Type;)Lorg/jruby/runtime/builtin/IRubyObject;+52
j  org.jruby.runtime.Block.yield(Lorg/jruby/runtime/ThreadContext;Lorg/jruby/runtime/builtin/IRubyObject;)Lorg/jruby/runtime/builtin/IRubyObject;+14
j  org.jruby.RubyArray.eachCommon(Lorg/jruby/runtime/ThreadContext;Lorg/jruby/runtime/Block;)Lorg/jruby/runtime/builtin/IRubyObject;+41
j  org.jruby.RubyArray.each(Lorg/jruby/runtime/ThreadContext;Lorg/jruby/runtime/Block;)Lorg/jruby/runtime/builtin/IRubyObject;+10
j  org.jruby.RubyArray$INVOKER$i$0$0$each.call(Lorg/jruby/runtime/ThreadContext;Lorg/jruby/runtime/builtin/IRubyObject;Lorg/jruby/RubyModule;Ljava/lang/String;Lorg/jruby/runtime/Block;)Lorg/jruby/runtime/builtin/IRubyObject;+7
j  org.jruby.runtime.callsite.CachingCallSite.cacheAndCall(Lorg/jruby/runtime/builtin/IRubyObject;Lorg/jruby/RubyClass;Lorg/jruby/runtime/Block;Lorg/jruby/runtime/ThreadContext;Lorg/jruby/runtime/builtin/IRubyObject;)Lorg/jruby/runtime/builtin/IRubyObject;+57
j  org.jruby.runtime.callsite.CachingCallSite.callBlock(Lorg/jruby/runtime/ThreadContext;Lorg/jruby/runtime/builtin/IRubyObject;Lorg/jruby/runtime/builtin/IRubyObject;Lorg/jruby/runtime/Block;)Lorg/jruby/runtime/builtin/IRubyObject;+50
j  org.jruby.runtime.callsite.CachingCallSite.callIter(Lorg/jruby/runtime/ThreadContext;Lorg/jruby/runtime/builtin/IRubyObject;Lorg/jruby/runtime/builtin/IRubyObject;Lorg/jruby/runtime/Block;)Lorg/jruby/runtime/builtin/IRubyObject;+6
j  Makefile.__file__(LMakefile;Lorg/jruby/runtime/ThreadContext;Lorg/jruby/runtime/builtin/IRubyObject;[Lorg/jruby/runtime/builtin/IRubyObject;Lorg/jruby/runtime/Block;)Lorg/jruby/runtime/builtin/IRubyObject;+859
j  Makefile.load(Lorg/jruby/runtime/ThreadContext;Lorg/jruby/runtime/builtin/IRubyObject;Z)Lorg/jruby/runtime/builtin/IRubyObject;+22
j  org.jruby.Ruby.runScript(Lorg/jruby/ast/executable/Script;Z)Lorg/jruby/runtime/builtin/IRubyObject;+12
j  org.jruby.Ruby.runScript(Lorg/jruby/ast/executable/Script;)Lorg/jruby/runtime/builtin/IRubyObject;+3
j  org.jruby.Ruby.runNormally(Lorg/jruby/ast/Node;)Lorg/jruby/runtime/builtin/IRubyObject;+73
j  org.jruby.Ruby.runFromMain(Ljava/io/InputStream;Ljava/lang/String;)V+320
j  org.jruby.Main.doRunFromMain(Lorg/jruby/Ruby;Ljava/io/InputStream;Ljava/lang/String;)Lorg/jruby/Main$Status;+12
j  org.jruby.Main.internalRun()Lorg/jruby/Main$Status;+234
j  org.jruby.Main.run([Ljava/lang/String;)Lorg/jruby/Main$Status;+9
j  org.jruby.Main.main([Ljava/lang/String;)V+35
v  ~StubRoutines::call_stub

---------------  P R O C E S S  ---------------

Java Threads: ( => current thread )
  0x00007fd8c446b800 JavaThread "JRubyJIT-2" daemon [_thread_blocked, id=3813, stack(0x00007fd8b8c80000,0x00007fd8b8e81000)]
  0x00007fd8c446a800 JavaThread "process reaper" daemon [_thread_blocked, id=3746, stack(0x00007fd8c0099000,0x00007fd8c00d2000)]
  0x00007fd8c4446000 JavaThread "JRubyJIT-1" daemon [_thread_blocked, id=3743, stack(0x00007fd8b9082000,0x00007fd8b9283000)]
  0x00007fd8c40ad000 JavaThread "Service Thread" daemon [_thread_blocked, id=3741, stack(0x00007fd8bacfb000,0x00007fd8baefc000)]
  0x00007fd8c40aa800 JavaThread "C2 CompilerThread1" daemon [_thread_blocked, id=3740, stack(0x00007fd8baefc000,0x00007fd8baffd000)]
  0x00007fd8c40a7800 JavaThread "C2 CompilerThread0" daemon [_thread_in_native, id=3739, stack(0x00007fd8baffd000,0x00007fd8bb0fe000)]
  0x00007fd8c40a5800 JavaThread "Signal Dispatcher" daemon [_thread_blocked, id=3738, stack(0x00007fd8bb0fe000,0x00007fd8bb2ff000)]
  0x00007fd8c4082800 JavaThread "Finalizer" daemon [_thread_blocked, id=3737, stack(0x00007fd8bb6f9000,0x00007fd8bb8fa000)]
  0x00007fd8c4080800 JavaThread "Reference Handler" daemon [_thread_blocked, id=3736, stack(0x00007fd8bb8fa000,0x00007fd8bbafb000)]
=>0x00007fd8c400a800 JavaThread "main" [_thread_in_native, id=3730, stack(0x00007fd8cac7e000,0x00007fd8cae7f000)]

Other Threads:
  0x00007fd8c407c800 VMThread [stack: 0x00007fd8bbafb000,0x00007fd8bbbfc000] [id=3735]
  0x00007fd8c40b7800 WatcherThread [stack: 0x00007fd8babfa000,0x00007fd8bacfb000] [id=3742]

VM state:not at safepoint (normal execution)

VM Mutex/Monitor currently owned by a thread: None

Heap
 PSYoungGen      total 64000K, used 35077K [0x00000000f5900000, 0x00000000fde00000, 0x0000000100000000)
  eden space 61440K, 52% used [0x00000000f5900000,0x00000000f78c80a8,0x00000000f9500000)
  from space 2560K, 98% used [0x00000000f9500000,0x00000000f9779518,0x00000000f9780000)
  to   space 6656K, 0% used [0x00000000fd780000,0x00000000fd780000,0x00000000fde00000)
 ParOldGen       total 39936K, used 7657K [0x00000000e0c00000, 0x00000000e3300000, 0x00000000f5900000)
  object space 39936K, 19% used [0x00000000e0c00000,0x00000000e137a448,0x00000000e3300000)
 PSPermGen       total 25600K, used 25478K [0x00000000d6600000, 0x00000000d7f00000, 0x00000000e0c00000)
  object space 25600K, 99% used [0x00000000d6600000,0x00000000d7ee1900,0x00000000d7f00000)

Card table byte_map: [0x00007fd8c9aa4000,0x00007fd8c9bf2000] byte_map_base: 0x00007fd8c93f1000

Polling page: 0x00007fd8cd28c000

Code Cache  [0x00007fd8c1000000, 0x00007fd8c1270000, 0x00007fd8c4000000)
 total_blobs=967 nmethods=488 adapters=433 free_code_cache=46956Kb largest_free_block=47976128

Compilation events (10 events):
Event: 4,510 Thread 0x00007fd8c40aa800  492             org.jruby.runtime.callsite.GtCallSite::call (67 bytes)
Event: 4,513 Thread 0x00007fd8c40aa800 nmethod 492 0x00007fd8c1072550 code [0x00007fd8c10726c0, 0x00007fd8c1072818]
Event: 4,513 Thread 0x00007fd8c40aa800  493             org.jruby.RubyFixnum::op_gt (22 bytes)
Event: 4,515 Thread 0x00007fd8c40aa800 nmethod 493 0x00007fd8c1072250 code [0x00007fd8c10723a0, 0x00007fd8c1072438]
Event: 4,516 Thread 0x00007fd8c40aa800  494             org.jruby.runtime.callsite.NormalCachingCallSite::methodMissing (37 bytes)
Event: 4,519 Thread 0x00007fd8c40aa800 nmethod 494 0x00007fd8c1071c90 code [0x00007fd8c1071e00, 0x00007fd8c1072068]
Event: 4,519 Thread 0x00007fd8c40aa800  495             org.jruby.internal.runtime.methods.DynamicMethod::isCallableFrom (59 bytes)
Event: 4,521 Thread 0x00007fd8c40aa800 nmethod 495 0x00007fd8c1071950 code [0x00007fd8c1071aa0, 0x00007fd8c1071b88]
Event: 4,521 Thread 0x00007fd8c40aa800  496             org.jruby.RubyModule::getNonIncludedClass (2 bytes)
Event: 4,521 Thread 0x00007fd8c40aa800 nmethod 496 0x00007fd8c11c32d0 code [0x00007fd8c11c3400, 0x00007fd8c11c3458]

GC Heap History (10 events):
Event: 1,299 GC heap before
{Heap before GC invocations=1 (full 0):
 PSYoungGen      total 17920K, used 15360K [0x00000000f5900000, 0x00000000f6d00000, 0x0000000100000000)
  eden space 15360K, 100% used [0x00000000f5900000,0x00000000f6800000,0x00000000f6800000)
  from space 2560K, 0% used [0x00000000f6a80000,0x00000000f6a80000,0x00000000f6d00000)
  to   space 2560K, 0% used [0x00000000f6800000,0x00000000f6800000,0x00000000f6a80000)
 ParOldGen       total 39936K, used 0K [0x00000000e0c00000, 0x00000000e3300000, 0x00000000f5900000)
  object space 39936K, 0% used [0x00000000e0c00000,0x00000000e0c00000,0x00000000e3300000)
 PSPermGen       total 21504K, used 19066K [0x00000000d6600000, 0x00000000d7b00000, 0x00000000e0c00000)
  object space 21504K, 88% used [0x00000000d6600000,0x00000000d789eba0,0x00000000d7b00000)
Event: 1,312 GC heap after
Heap after GC invocations=1 (full 0):
 PSYoungGen      total 17920K, used 2549K [0x00000000f5900000, 0x00000000f7c00000, 0x0000000100000000)
  eden space 15360K, 0% used [0x00000000f5900000,0x00000000f5900000,0x00000000f6800000)
  from space 2560K, 99% used [0x00000000f6800000,0x00000000f6a7d4d8,0x00000000f6a80000)
  to   space 2560K, 0% used [0x00000000f7980000,0x00000000f7980000,0x00000000f7c00000)
 ParOldGen       total 39936K, used 3271K [0x00000000e0c00000, 0x00000000e3300000, 0x00000000f5900000)
  object space 39936K, 8% used [0x00000000e0c00000,0x00000000e0f31fe0,0x00000000e3300000)
 PSPermGen       total 21504K, used 19066K [0x00000000d6600000, 0x00000000d7b00000, 0x00000000e0c00000)
  object space 21504K, 88% used [0x00000000d6600000,0x00000000d789eba0,0x00000000d7b00000)
}
Event: 2,427 GC heap before
{Heap before GC invocations=2 (full 0):
 PSYoungGen      total 17920K, used 17909K [0x00000000f5900000, 0x00000000f7c00000, 0x0000000100000000)
  eden space 15360K, 100% used [0x00000000f5900000,0x00000000f6800000,0x00000000f6800000)
  from space 2560K, 99% used [0x00000000f6800000,0x00000000f6a7d4d8,0x00000000f6a80000)
  to   space 2560K, 0% used [0x00000000f7980000,0x00000000f7980000,0x00000000f7c00000)
 ParOldGen       total 39936K, used 3271K [0x00000000e0c00000, 0x00000000e3300000, 0x00000000f5900000)
  object space 39936K, 8% used [0x00000000e0c00000,0x00000000e0f31fe0,0x00000000e3300000)
 PSPermGen       total 23552K, used 23549K [0x00000000d6600000, 0x00000000d7d00000, 0x00000000e0c00000)
  object space 23552K, 99% used [0x00000000d6600000,0x00000000d7cff5a8,0x00000000d7d00000)
Event: 2,448 GC heap after
Heap after GC invocations=2 (full 0):
 PSYoungGen      total 33280K, used 2533K [0x00000000f5900000, 0x00000000f7c00000, 0x0000000100000000)
  eden space 30720K, 0% used [0x00000000f5900000,0x00000000f5900000,0x00000000f7700000)
  from space 2560K, 98% used [0x00000000f7980000,0x00000000f7bf9518,0x00000000f7c00000)
  to   space 2560K, 0% used [0x00000000f7700000,0x00000000f7700000,0x00000000f7980000)
 ParOldGen       total 39936K, used 5232K [0x00000000e0c00000, 0x00000000e3300000, 0x00000000f5900000)
  object space 39936K, 13% used [0x00000000e0c00000,0x00000000e111c318,0x00000000e3300000)
 PSPermGen       total 23552K, used 23549K [0x00000000d6600000, 0x00000000d7d00000, 0x00000000e0c00000)
  object space 23552K, 99% used [0x00000000d6600000,0x00000000d7cff5a8,0x00000000d7d00000)
}
Event: 3,644 GC heap before
{Heap before GC invocations=3 (full 0):
 PSYoungGen      total 33280K, used 33253K [0x00000000f5900000, 0x00000000f7c00000, 0x0000000100000000)
  eden space 30720K, 100% used [0x00000000f5900000,0x00000000f7700000,0x00000000f7700000)
  from space 2560K, 98% used [0x00000000f7980000,0x00000000f7bf9518,0x00000000f7c00000)
  to   space 2560K, 0% used [0x00000000f7700000,0x00000000f7700000,0x00000000f7980000)
 ParOldGen       total 39936K, used 5232K [0x00000000e0c00000, 0x00000000e3300000, 0x00000000f5900000)
  object space 39936K, 13% used [0x00000000e0c00000,0x00000000e111c318,0x00000000e3300000)
 PSPermGen       total 25600K, used 25473K [0x00000000d6600000, 0x00000000d7f00000, 0x00000000e0c00000)
  object space 25600K, 99% used [0x00000000d6600000,0x00000000d7ee04e8,0x00000000d7f00000)
Event: 3,661 GC heap after
Heap after GC invocations=3 (full 0):
 PSYoungGen      total 33280K, used 2549K [0x00000000f5900000, 0x00000000f9a00000, 0x0000000100000000)
  eden space 30720K, 0% used [0x00000000f5900000,0x00000000f5900000,0x00000000f7700000)
  from space 2560K, 99% used [0x00000000f7700000,0x00000000f797d528,0x00000000f7980000)
  to   space 2560K, 0% used [0x00000000f9780000,0x00000000f9780000,0x00000000f9a00000)
 ParOldGen       total 39936K, used 7561K [0x00000000e0c00000, 0x00000000e3300000, 0x00000000f5900000)
  object space 39936K, 18% used [0x00000000e0c00000,0x00000000e1362448,0x00000000e3300000)
 PSPermGen       total 25600K, used 25473K [0x00000000d6600000, 0x00000000d7f00000, 0x00000000e0c00000)
  object space 25600K, 99% used [0x00000000d6600000,0x00000000d7ee04e8,0x00000000d7f00000)
}
Event: 3,916 GC heap before
{Heap before GC invocations=4 (full 0):
 PSYoungGen      total 33280K, used 33269K [0x00000000f5900000, 0x00000000f9a00000, 0x0000000100000000)
  eden space 30720K, 100% used [0x00000000f5900000,0x00000000f7700000,0x00000000f7700000)
  from space 2560K, 99% used [0x00000000f7700000,0x00000000f797d528,0x00000000f7980000)
  to   space 2560K, 0% used [0x00000000f9780000,0x00000000f9780000,0x00000000f9a00000)
 ParOldGen       total 39936K, used 7561K [0x00000000e0c00000, 0x00000000e3300000, 0x00000000f5900000)
  object space 39936K, 18% used [0x00000000e0c00000,0x00000000e1362448,0x00000000e3300000)
 PSPermGen       total 25600K, used 25473K [0x00000000d6600000, 0x00000000d7f00000, 0x00000000e0c00000)
  object space 25600K, 99% used [0x00000000d6600000,0x00000000d7ee04e8,0x00000000d7f00000)
Event: 3,934 GC heap after
Heap after GC invocations=4 (full 0):
 PSYoungGen      total 64000K, used 2549K [0x00000000f5900000, 0x00000000f9a00000, 0x0000000100000000)
  eden space 61440K, 0% used [0x00000000f5900000,0x00000000f5900000,0x00000000f9500000)
  from space 2560K, 99% used [0x00000000f9780000,0x00000000f99fd528,0x00000000f9a00000)
  to   space 2560K, 0% used [0x00000000f9500000,0x00000000f9500000,0x00000000f9780000)
 ParOldGen       total 39936K, used 7601K [0x00000000e0c00000, 0x00000000e3300000, 0x00000000f5900000)
  object space 39936K, 19% used [0x00000000e0c00000,0x00000000e136c448,0x00000000e3300000)
 PSPermGen       total 25600K, used 25473K [0x00000000d6600000, 0x00000000d7f00000, 0x00000000e0c00000)
  object space 25600K, 99% used [0x00000000d6600000,0x00000000d7ee04e8,0x00000000d7f00000)
}
Event: 4,407 GC heap before
{Heap before GC invocations=5 (full 0):
 PSYoungGen      total 64000K, used 63989K [0x00000000f5900000, 0x00000000f9a00000, 0x0000000100000000)
  eden space 61440K, 100% used [0x00000000f5900000,0x00000000f9500000,0x00000000f9500000)
  from space 2560K, 99% used [0x00000000f9780000,0x00000000f99fd528,0x00000000f9a00000)
  to   space 2560K, 0% used [0x00000000f9500000,0x00000000f9500000,0x00000000f9780000)
 ParOldGen       total 39936K, used 7601K [0x00000000e0c00000, 0x00000000e3300000, 0x00000000f5900000)
  object space 39936K, 19% used [0x00000000e0c00000,0x00000000e136c448,0x00000000e3300000)
 PSPermGen       total 25600K, used 25474K [0x00000000d6600000, 0x00000000d7f00000, 0x00000000e0c00000)
  object space 25600K, 99% used [0x00000000d6600000,0x00000000d7ee0a28,0x00000000d7f00000)
Event: 4,424 GC heap after
Heap after GC invocations=5 (full 0):
 PSYoungGen      total 64000K, used 2533K [0x00000000f5900000, 0x00000000fde00000, 0x0000000100000000)
  eden space 61440K, 0% used [0x00000000f5900000,0x00000000f5900000,0x00000000f9500000)
  from space 2560K, 98% used [0x00000000f9500000,0x00000000f9779518,0x00000000f9780000)
  to   space 6656K, 0% used [0x00000000fd780000,0x00000000fd780000,0x00000000fde00000)
 ParOldGen       total 39936K, used 7657K [0x00000000e0c00000, 0x00000000e3300000, 0x00000000f5900000)
  object space 39936K, 19% used [0x00000000e0c00000,0x00000000e137a448,0x00000000e3300000)
 PSPermGen       total 25600K, used 25474K [0x00000000d6600000, 0x00000000d7f00000, 0x00000000e0c00000)
  object space 25600K, 99% used [0x00000000d6600000,0x00000000d7ee0a28,0x00000000d7f00000)
}

Deoptimization events (10 events):
Event: 3,140 Thread 0x00007fd8c400a800 Uncommon trap: reason=class_check action=maybe_recompile pc=0x00007fd8c11849c4 method=org.joni.Matcher.searchInterruptible(III)I @ 810
Event: 3,244 Thread 0x00007fd8c400a800 Uncommon trap: reason=class_check action=maybe_recompile pc=0x00007fd8c1173fb8 method=org.jruby.RubyArray.compare(Lorg/jruby/runtime/ThreadContext;Lorg/jruby/runtime/invokedynamic/MethodNames;Lorg/jruby/runtime/builtin/IRubyObject;)Lorg/jruby/RubyBoolean;
Event: 3,245 Thread 0x00007fd8c400a800 Uncommon trap: reason=class_check action=maybe_recompile pc=0x00007fd8c1173fb8 method=org.jruby.RubyArray.compare(Lorg/jruby/runtime/ThreadContext;Lorg/jruby/runtime/invokedynamic/MethodNames;Lorg/jruby/runtime/builtin/IRubyObject;)Lorg/jruby/RubyBoolean;
Event: 3,245 Thread 0x00007fd8c400a800 Uncommon trap: reason=class_check action=maybe_recompile pc=0x00007fd8c1173fb8 method=org.jruby.RubyArray.compare(Lorg/jruby/runtime/ThreadContext;Lorg/jruby/runtime/invokedynamic/MethodNames;Lorg/jruby/runtime/builtin/IRubyObject;)Lorg/jruby/RubyBoolean;
Event: 3,245 Thread 0x00007fd8c400a800 Uncommon trap: reason=class_check action=maybe_recompile pc=0x00007fd8c1173fb8 method=org.jruby.RubyArray.compare(Lorg/jruby/runtime/ThreadContext;Lorg/jruby/runtime/invokedynamic/MethodNames;Lorg/jruby/runtime/builtin/IRubyObject;)Lorg/jruby/RubyBoolean;
Event: 3,545 Thread 0x00007fd8c400a800 Uncommon trap: reason=unreached action=reinterpret pc=0x00007fd8c11ae810 method=java.util.HashSet.add(Ljava/lang/Object;)Z @ 11
Event: 4,538 Thread 0x00007fd8c400a800 Uncommon trap: reason=class_check action=maybe_recompile pc=0x00007fd8c1071fbc method=org.jruby.runtime.callsite.NormalCachingCallSite.methodMissing(Lorg/jruby/internal/runtime/methods/DynamicMethod;Lorg/jruby/runtime/builtin/IRubyObject;)Z @ 25
Event: 4,538 Thread 0x00007fd8c400a800 Uncommon trap: reason=class_check action=maybe_recompile pc=0x00007fd8c1071fbc method=org.jruby.runtime.callsite.NormalCachingCallSite.methodMissing(Lorg/jruby/internal/runtime/methods/DynamicMethod;Lorg/jruby/runtime/builtin/IRubyObject;)Z @ 25
Event: 4,538 Thread 0x00007fd8c400a800 Uncommon trap: reason=class_check action=maybe_recompile pc=0x00007fd8c1071fbc method=org.jruby.runtime.callsite.NormalCachingCallSite.methodMissing(Lorg/jruby/internal/runtime/methods/DynamicMethod;Lorg/jruby/runtime/builtin/IRubyObject;)Z @ 25
Event: 4,538 Thread 0x00007fd8c400a800 Uncommon trap: reason=class_check action=maybe_recompile pc=0x00007fd8c1071fbc method=org.jruby.runtime.callsite.NormalCachingCallSite.methodMissing(Lorg/jruby/internal/runtime/methods/DynamicMethod;Lorg/jruby/runtime/builtin/IRubyObject;)Z @ 25

Internal exceptions (10 events):
Event: 3,086 Thread 0x00007fd8c446b800 Threw 0x00000000f6288818 at /build/buildd/openjdk-7-7u51-2.4.4/build/openjdk/hotspot/src/share/vm/prims/jvm.cpp:1244
Event: 3,086 Thread 0x00007fd8c446b800 Threw 0x00000000f62898b8 at /build/buildd/openjdk-7-7u51-2.4.4/build/openjdk/hotspot/src/share/vm/prims/jvm.cpp:1244
Event: 3,130 Thread 0x00007fd8c446b800 Threw 0x00000000f64973b0 at /build/buildd/openjdk-7-7u51-2.4.4/build/openjdk/hotspot/src/share/vm/prims/jvm.cpp:1244
Event: 3,130 Thread 0x00007fd8c4446000 Threw 0x00000000f62f00d0 at /build/buildd/openjdk-7-7u51-2.4.4/build/openjdk/hotspot/src/share/vm/prims/jvm.cpp:1244
Event: 3,131 Thread 0x00007fd8c446b800 Threw 0x00000000f64984b0 at /build/buildd/openjdk-7-7u51-2.4.4/build/openjdk/hotspot/src/share/vm/prims/jvm.cpp:1244
Event: 3,131 Thread 0x00007fd8c4446000 Threw 0x00000000f62f11d0 at /build/buildd/openjdk-7-7u51-2.4.4/build/openjdk/hotspot/src/share/vm/prims/jvm.cpp:1244
Event: 3,133 Thread 0x00007fd8c446b800 Threw 0x00000000f64bff18 at /build/buildd/openjdk-7-7u51-2.4.4/build/openjdk/hotspot/src/share/vm/prims/jvm.cpp:1244
Event: 3,134 Thread 0x00007fd8c446b800 Threw 0x00000000f64c10c0 at /build/buildd/openjdk-7-7u51-2.4.4/build/openjdk/hotspot/src/share/vm/prims/jvm.cpp:1244
Event: 3,254 Thread 0x00007fd8c4446000 Threw 0x00000000f650b400 at /build/buildd/openjdk-7-7u51-2.4.4/build/openjdk/hotspot/src/share/vm/prims/jvm.cpp:1244
Event: 3,254 Thread 0x00007fd8c4446000 Threw 0x00000000f666db48 at /build/buildd/openjdk-7-7u51-2.4.4/build/openjdk/hotspot/src/share/vm/prims/jvm.cpp:1244

Events (10 events):
Event: 4,538 Thread 0x00007fd8c400a800 DEOPT UNPACKING pc=0x00007fd8c1039045 sp=0x00007fd8cae7c0c8 mode 2
Event: 4,538 Thread 0x00007fd8c400a800 Uncommon trap: trap_request=0xffffffde fr.pc=0x00007fd8c1071fbc
Event: 4,538 Thread 0x00007fd8c400a800 DEOPT PACKING pc=0x00007fd8c1071fbc sp=0x00007fd8cae7bc10
Event: 4,538 Thread 0x00007fd8c400a800 DEOPT UNPACKING pc=0x00007fd8c1039045 sp=0x00007fd8cae7bbd8 mode 2
Event: 4,538 Thread 0x00007fd8c400a800 Uncommon trap: trap_request=0xffffffde fr.pc=0x00007fd8c1071fbc
Event: 4,538 Thread 0x00007fd8c400a800 DEOPT PACKING pc=0x00007fd8c1071fbc sp=0x00007fd8cae7bc10
Event: 4,538 Thread 0x00007fd8c400a800 DEOPT UNPACKING pc=0x00007fd8c1039045 sp=0x00007fd8cae7bbd8 mode 2
Event: 4,538 Thread 0x00007fd8c400a800 Uncommon trap: trap_request=0xffffffde fr.pc=0x00007fd8c1071fbc
Event: 4,538 Thread 0x00007fd8c400a800 DEOPT PACKING pc=0x00007fd8c1071fbc sp=0x00007fd8cae7bc70
Event: 4,538 Thread 0x00007fd8c400a800 DEOPT UNPACKING pc=0x00007fd8c1039045 sp=0x00007fd8cae7bc38 mode 2


Dynamic libraries:
00400000-00401000 r-xp 00000000 08:05 12322450                           /usr/lib/jvm/java-7-openjdk-amd64/jre/bin/java
00600000-00601000 r--p 00000000 08:05 12322450                           /usr/lib/jvm/java-7-openjdk-amd64/jre/bin/java
00601000-00602000 rw-p 00001000 08:05 12322450                           /usr/lib/jvm/java-7-openjdk-amd64/jre/bin/java
00a40000-00a61000 rw-p 00000000 00:00 0                                  [heap]
d6600000-d7f00000 rw-p 00000000 00:00 0 
d7f00000-e0c00000 rw-p 00000000 00:00 0 
e0c00000-e3300000 rw-p 00000000 00:00 0 
e3300000-f5900000 rw-p 00000000 00:00 0 
f5900000-fde00000 rw-p 00000000 00:00 0 
fde00000-100000000 rw-p 00000000 00:00 0 
7fd874000000-7fd874021000 rw-p 00000000 00:00 0 
7fd874021000-7fd878000000 ---p 00000000 00:00 0 
7fd878000000-7fd878021000 rw-p 00000000 00:00 0 
7fd878021000-7fd87c000000 ---p 00000000 00:00 0 
7fd87c000000-7fd87c021000 rw-p 00000000 00:00 0 
7fd87c021000-7fd880000000 ---p 00000000 00:00 0 
7fd880000000-7fd880021000 rw-p 00000000 00:00 0 
7fd880021000-7fd884000000 ---p 00000000 00:00 0 
7fd884000000-7fd884021000 rw-p 00000000 00:00 0 
7fd884021000-7fd888000000 ---p 00000000 00:00 0 
7fd888000000-7fd888027000 rw-p 00000000 00:00 0 
7fd888027000-7fd88c000000 ---p 00000000 00:00 0 
7fd88c000000-7fd88d472000 rw-p 00000000 00:00 0 
7fd88d472000-7fd890000000 ---p 00000000 00:00 0 
7fd890000000-7fd890021000 rw-p 00000000 00:00 0 
7fd890021000-7fd894000000 ---p 00000000 00:00 0 
7fd894000000-7fd894021000 rw-p 00000000 00:00 0 
7fd894021000-7fd898000000 ---p 00000000 00:00 0 
7fd898000000-7fd89924e000 rw-p 00000000 00:00 0 
7fd89924e000-7fd89c000000 ---p 00000000 00:00 0 
7fd89c000000-7fd89c021000 rw-p 00000000 00:00 0 
7fd89c021000-7fd8a0000000 ---p 00000000 00:00 0 
7fd8a0000000-7fd8a0021000 rw-p 00000000 00:00 0 
7fd8a0021000-7fd8a4000000 ---p 00000000 00:00 0 
7fd8a4000000-7fd8a4021000 rw-p 00000000 00:00 0 
7fd8a4021000-7fd8a8000000 ---p 00000000 00:00 0 
7fd8a8000000-7fd8a8021000 rw-p 00000000 00:00 0 
7fd8a8021000-7fd8ac000000 ---p 00000000 00:00 0 
7fd8ac000000-7fd8ac021000 rw-p 00000000 00:00 0 
7fd8ac021000-7fd8b0000000 ---p 00000000 00:00 0 
7fd8b4000000-7fd8b4021000 rw-p 00000000 00:00 0 
7fd8b4021000-7fd8b8000000 ---p 00000000 00:00 0 
7fd8b8477000-7fd8b8479000 r-xp 00000000 08:05 16777739                   /home/luis/practica01/src/lib/libconvex_hull.so
7fd8b8479000-7fd8b8678000 ---p 00002000 08:05 16777739                   /home/luis/practica01/src/lib/libconvex_hull.so
7fd8b8678000-7fd8b8679000 r--p 00001000 08:05 16777739                   /home/luis/practica01/src/lib/libconvex_hull.so
7fd8b8679000-7fd8b867a000 rw-p 00002000 08:05 16777739                   /home/luis/practica01/src/lib/libconvex_hull.so
7fd8b867a000-7fd8b867c000 r-xp 00000000 08:05 16777738                   /home/luis/practica01/src/lib/libdouble_linked_list.so
7fd8b867c000-7fd8b887b000 ---p 00002000 08:05 16777738                   /home/luis/practica01/src/lib/libdouble_linked_list.so
7fd8b887b000-7fd8b887c000 r--p 00001000 08:05 16777738                   /home/luis/practica01/src/lib/libdouble_linked_list.so
7fd8b887c000-7fd8b887d000 rw-p 00002000 08:05 16777738                   /home/luis/practica01/src/lib/libdouble_linked_list.so
7fd8b887d000-7fd8b887e000 r-xp 00000000 08:05 16777737                   /home/luis/practica01/src/lib/lib2d_points.so
7fd8b887e000-7fd8b8a7d000 ---p 00001000 08:05 16777737                   /home/luis/practica01/src/lib/lib2d_points.so
7fd8b8a7d000-7fd8b8a7e000 r--p 00000000 08:05 16777737                   /home/luis/practica01/src/lib/lib2d_points.so
7fd8b8a7e000-7fd8b8a7f000 rw-p 00001000 08:05 16777737                   /home/luis/practica01/src/lib/lib2d_points.so
7fd8b8a7f000-7fd8b8a82000 ---p 00000000 00:00 0 
7fd8b8a82000-7fd8b8c80000 rw-p 00000000 00:00 0 
7fd8b8c80000-7fd8b8c83000 ---p 00000000 00:00 0 
7fd8b8c83000-7fd8b8e81000 rw-p 00000000 00:00 0                          [stack:3813]
7fd8b8e81000-7fd8b8e84000 ---p 00000000 00:00 0 
7fd8b8e84000-7fd8b9082000 rw-p 00000000 00:00 0 
7fd8b9082000-7fd8b9085000 ---p 00000000 00:00 0 
7fd8b9085000-7fd8b9283000 rw-p 00000000 00:00 0                          [stack:3743]
7fd8b9283000-7fd8b9295000 r-xp 00000000 08:05 16253453                   /home/luis/.rbenv/versions/jruby-1.7.10/lib/jni/x86_64-Linux/libjffi-1.2.so
7fd8b9295000-7fd8b9494000 ---p 00012000 08:05 16253453                   /home/luis/.rbenv/versions/jruby-1.7.10/lib/jni/x86_64-Linux/libjffi-1.2.so
7fd8b9494000-7fd8b9495000 rw-p 00011000 08:05 16253453                   /home/luis/.rbenv/versions/jruby-1.7.10/lib/jni/x86_64-Linux/libjffi-1.2.so
7fd8b9495000-7fd8b94a5000 r-xp 00000000 08:05 12322344                   /usr/lib/jvm/java-7-openjdk-amd64/jre/lib/amd64/libnio.so
7fd8b94a5000-7fd8b96a5000 ---p 00010000 08:05 12322344                   /usr/lib/jvm/java-7-openjdk-amd64/jre/lib/amd64/libnio.so
7fd8b96a5000-7fd8b96a6000 r--p 00010000 08:05 12322344                   /usr/lib/jvm/java-7-openjdk-amd64/jre/lib/amd64/libnio.so
7fd8b96a6000-7fd8b96a7000 rw-p 00011000 08:05 12322344                   /usr/lib/jvm/java-7-openjdk-amd64/jre/lib/amd64/libnio.so
7fd8b96a7000-7fd8b96e4000 r-xp 00000000 08:05 9834371                    /lib/x86_64-linux-gnu/libpcre.so.3.13.1
7fd8b96e4000-7fd8b98e4000 ---p 0003d000 08:05 9834371                    /lib/x86_64-linux-gnu/libpcre.so.3.13.1
7fd8b98e4000-7fd8b98e5000 r--p 0003d000 08:05 9834371                    /lib/x86_64-linux-gnu/libpcre.so.3.13.1
7fd8b98e5000-7fd8b98e6000 rw-p 0003e000 08:05 9834371                    /lib/x86_64-linux-gnu/libpcre.so.3.13.1
7fd8b98e6000-7fd8b98ed000 r-xp 00000000 08:05 12196946                   /usr/lib/x86_64-linux-gnu/libffi.so.6.0.1
7fd8b98ed000-7fd8b9aec000 ---p 00007000 08:05 12196946                   /usr/lib/x86_64-linux-gnu/libffi.so.6.0.1
7fd8b9aec000-7fd8b9aed000 r--p 00006000 08:05 12196946                   /usr/lib/x86_64-linux-gnu/libffi.so.6.0.1
7fd8b9aed000-7fd8b9aee000 rw-p 00007000 08:05 12196946                   /usr/lib/x86_64-linux-gnu/libffi.so.6.0.1
7fd8b9aee000-7fd8b9b04000 r-xp 00000000 08:05 9834394                    /lib/x86_64-linux-gnu/libresolv-2.17.so
7fd8b9b04000-7fd8b9d04000 ---p 00016000 08:05 9834394                    /lib/x86_64-linux-gnu/libresolv-2.17.so
7fd8b9d04000-7fd8b9d05000 r--p 00016000 08:05 9834394                    /lib/x86_64-linux-gnu/libresolv-2.17.so
7fd8b9d05000-7fd8b9d06000 rw-p 00017000 08:05 9834394                    /lib/x86_64-linux-gnu/libresolv-2.17.so
7fd8b9d06000-7fd8b9d08000 rw-p 00000000 00:00 0 
7fd8b9d08000-7fd8b9d27000 r-xp 00000000 08:05 9834398                    /lib/x86_64-linux-gnu/libselinux.so.1
7fd8b9d27000-7fd8b9f27000 ---p 0001f000 08:05 9834398                    /lib/x86_64-linux-gnu/libselinux.so.1
7fd8b9f27000-7fd8b9f28000 r--p 0001f000 08:05 9834398                    /lib/x86_64-linux-gnu/libselinux.so.1
7fd8b9f28000-7fd8b9f29000 rw-p 00020000 08:05 9834398                    /lib/x86_64-linux-gnu/libselinux.so.1
7fd8b9f29000-7fd8b9f2a000 rw-p 00000000 00:00 0 
7fd8b9f2a000-7fd8b9f2d000 r-xp 00000000 08:05 12190134                   /usr/lib/x86_64-linux-gnu/libgmodule-2.0.so.0.3800.1
7fd8b9f2d000-7fd8ba12c000 ---p 00003000 08:05 12190134                   /usr/lib/x86_64-linux-gnu/libgmodule-2.0.so.0.3800.1
7fd8ba12c000-7fd8ba12d000 r--p 00002000 08:05 12190134                   /usr/lib/x86_64-linux-gnu/libgmodule-2.0.so.0.3800.1
7fd8ba12d000-7fd8ba12e000 rw-p 00003000 08:05 12190134                   /usr/lib/x86_64-linux-gnu/libgmodule-2.0.so.0.3800.1
7fd8ba12e000-7fd8ba22c000 r-xp 00000000 08:05 9834386                    /lib/x86_64-linux-gnu/libglib-2.0.so.0.3800.1
7fd8ba22c000-7fd8ba42c000 ---p 000fe000 08:05 9834386                    /lib/x86_64-linux-gnu/libglib-2.0.so.0.3800.1
7fd8ba42c000-7fd8ba42d000 r--p 000fe000 08:05 9834386                    /lib/x86_64-linux-gnu/libglib-2.0.so.0.3800.1
7fd8ba42d000-7fd8ba42e000 rw-p 000ff000 08:05 9834386                    /lib/x86_64-linux-gnu/libglib-2.0.so.0.3800.1
7fd8ba42e000-7fd8ba42f000 rw-p 00000000 00:00 0 
7fd8ba42f000-7fd8ba47e000 r-xp 00000000 08:05 12190125                   /usr/lib/x86_64-linux-gnu/libgobject-2.0.so.0.3800.1
7fd8ba47e000-7fd8ba67e000 ---p 0004f000 08:05 12190125                   /usr/lib/x86_64-linux-gnu/libgobject-2.0.so.0.3800.1
7fd8ba67e000-7fd8ba67f000 r--p 0004f000 08:05 12190125                   /usr/lib/x86_64-linux-gnu/libgobject-2.0.so.0.3800.1
7fd8ba67f000-7fd8ba680000 rw-p 00050000 08:05 12190125                   /usr/lib/x86_64-linux-gnu/libgobject-2.0.so.0.3800.1
7fd8ba680000-7fd8ba7dc000 r-xp 00000000 08:05 12190099                   /usr/lib/x86_64-linux-gnu/libgio-2.0.so.0.3800.1
7fd8ba7dc000-7fd8ba9db000 ---p 0015c000 08:05 12190099                   /usr/lib/x86_64-linux-gnu/libgio-2.0.so.0.3800.1
7fd8ba9db000-7fd8ba9df000 r--p 0015b000 08:05 12190099                   /usr/lib/x86_64-linux-gnu/libgio-2.0.so.0.3800.1
7fd8ba9df000-7fd8ba9e1000 rw-p 0015f000 08:05 12190099                   /usr/lib/x86_64-linux-gnu/libgio-2.0.so.0.3800.1
7fd8ba9e1000-7fd8ba9e3000 rw-p 00000000 00:00 0 
7fd8ba9e3000-7fd8ba9f9000 r-xp 00000000 08:05 12322132                   /usr/lib/jvm/java-7-openjdk-amd64/jre/lib/amd64/libnet.so
7fd8ba9f9000-7fd8babf8000 ---p 00016000 08:05 12322132                   /usr/lib/jvm/java-7-openjdk-amd64/jre/lib/amd64/libnet.so
7fd8babf8000-7fd8babf9000 r--p 00015000 08:05 12322132                   /usr/lib/jvm/java-7-openjdk-amd64/jre/lib/amd64/libnet.so
7fd8babf9000-7fd8babfa000 rw-p 00016000 08:05 12322132                   /usr/lib/jvm/java-7-openjdk-amd64/jre/lib/amd64/libnet.so
7fd8babfa000-7fd8babfb000 ---p 00000000 00:00 0 
7fd8babfb000-7fd8bacfb000 rw-p 00000000 00:00 0                          [stack:3742]
7fd8bacfb000-7fd8bacfe000 ---p 00000000 00:00 0 
7fd8bacfe000-7fd8baefc000 rw-p 00000000 00:00 0                          [stack:3741]
7fd8baefc000-7fd8baeff000 ---p 00000000 00:00 0 
7fd8baeff000-7fd8baffd000 rw-p 00000000 00:00 0                          [stack:3740]
7fd8baffd000-7fd8bb000000 ---p 00000000 00:00 0 
7fd8bb000000-7fd8bb0fe000 rw-p 00000000 00:00 0                          [stack:3739]
7fd8bb0fe000-7fd8bb101000 ---p 00000000 00:00 0 
7fd8bb101000-7fd8bb2ff000 rw-p 00000000 00:00 0                          [stack:3738]
7fd8bb2ff000-7fd8bb6f9000 r--p 00000000 08:05 12195384                   /usr/lib/locale/locale-archive
7fd8bb6f9000-7fd8bb6fc000 ---p 00000000 00:00 0 
7fd8bb6fc000-7fd8bb8fa000 rw-p 00000000 00:00 0                          [stack:3737]
7fd8bb8fa000-7fd8bb8fd000 ---p 00000000 00:00 0 
7fd8bb8fd000-7fd8bbafb000 rw-p 00000000 00:00 0                          [stack:3736]
7fd8bbafb000-7fd8bbafc000 ---p 00000000 00:00 0 
7fd8bbafc000-7fd8bc000000 rw-p 00000000 00:00 0                          [stack:3735]
7fd8bc000000-7fd8bc021000 rw-p 00000000 00:00 0 
7fd8bc021000-7fd8c0000000 ---p 00000000 00:00 0 
7fd8c0099000-7fd8c009c000 ---p 00000000 00:00 0 
7fd8c009c000-7fd8c0cab000 rw-p 00000000 00:00 0                          [stack:3746]
7fd8c0cab000-7fd8c0d94000 r--s 00bb9000 08:05 16253440                   /home/luis/.rbenv/versions/jruby-1.7.10/lib/jruby.jar
7fd8c0d94000-7fd8c0ddc000 rw-p 00000000 00:00 0 
7fd8c0ddc000-7fd8c0f8a000 r--s 01cf4000 08:05 12322430                   /usr/lib/jvm/java-7-openjdk-amd64/jre/lib/rt.jar
7fd8c0f8a000-7fd8c1000000 rw-p 00000000 00:00 0 
7fd8c1000000-7fd8c1270000 rwxp 00000000 00:00 0 
7fd8c1270000-7fd8c44b3000 rw-p 00000000 00:00 0 
7fd8c44b3000-7fd8c8000000 ---p 00000000 00:00 0 
7fd8c8000000-7fd8c96a0000 rw-p 00000000 00:00 0 
7fd8c96a0000-7fd8c96a1000 ---p 00000000 00:00 0 
7fd8c96a1000-7fd8c97a1000 rw-p 00000000 00:00 0                          [stack:3734]
7fd8c97a1000-7fd8c97a2000 ---p 00000000 00:00 0 
7fd8c97a2000-7fd8c98a2000 rw-p 00000000 00:00 0                          [stack:3733]
7fd8c98a2000-7fd8c98a3000 ---p 00000000 00:00 0 
7fd8c98a3000-7fd8c99a3000 rw-p 00000000 00:00 0                          [stack:3732]
7fd8c99a3000-7fd8c99a4000 ---p 00000000 00:00 0 
7fd8c99a4000-7fd8c9ab1000 rw-p 00000000 00:00 0                          [stack:3731]
7fd8c9ab1000-7fd8c9af7000 rw-p 00000000 00:00 0 
7fd8c9af7000-7fd8c9b0b000 rw-p 00000000 00:00 0 
7fd8c9b0b000-7fd8c9b9d000 rw-p 00000000 00:00 0 
7fd8c9b9d000-7fd8c9be0000 rw-p 00000000 00:00 0 
7fd8c9be0000-7fd8c9bf1000 rw-p 00000000 00:00 0 
7fd8c9bf1000-7fd8c9bf2000 rw-p 00000000 00:00 0 
7fd8c9bf2000-7fd8c9bfa000 r-xp 00000000 08:05 12322081                   /usr/lib/jvm/java-7-openjdk-amd64/jre/lib/amd64/libzip.so
7fd8c9bfa000-7fd8c9df9000 ---p 00008000 08:05 12322081                   /usr/lib/jvm/java-7-openjdk-amd64/jre/lib/amd64/libzip.so
7fd8c9df9000-7fd8c9dfa000 r--p 00007000 08:05 12322081                   /usr/lib/jvm/java-7-openjdk-amd64/jre/lib/amd64/libzip.so
7fd8c9dfa000-7fd8c9dfb000 rw-p 00008000 08:05 12322081                   /usr/lib/jvm/java-7-openjdk-amd64/jre/lib/amd64/libzip.so
7fd8c9dfb000-7fd8c9e07000 r-xp 00000000 08:05 9834349                    /lib/x86_64-linux-gnu/libnss_files-2.17.so
7fd8c9e07000-7fd8ca006000 ---p 0000c000 08:05 9834349                    /lib/x86_64-linux-gnu/libnss_files-2.17.so
7fd8ca006000-7fd8ca007000 r--p 0000b000 08:05 9834349                    /lib/x86_64-linux-gnu/libnss_files-2.17.so
7fd8ca007000-7fd8ca008000 rw-p 0000c000 08:05 9834349                    /lib/x86_64-linux-gnu/libnss_files-2.17.so
7fd8ca008000-7fd8ca013000 r-xp 00000000 08:05 9834353                    /lib/x86_64-linux-gnu/libnss_nis-2.17.so
7fd8ca013000-7fd8ca212000 ---p 0000b000 08:05 9834353                    /lib/x86_64-linux-gnu/libnss_nis-2.17.so
7fd8ca212000-7fd8ca213000 r--p 0000a000 08:05 9834353                    /lib/x86_64-linux-gnu/libnss_nis-2.17.so
7fd8ca213000-7fd8ca214000 rw-p 0000b000 08:05 9834353                    /lib/x86_64-linux-gnu/libnss_nis-2.17.so
7fd8ca214000-7fd8ca22b000 r-xp 00000000 08:05 9834343                    /lib/x86_64-linux-gnu/libnsl-2.17.so
7fd8ca22b000-7fd8ca42a000 ---p 00017000 08:05 9834343                    /lib/x86_64-linux-gnu/libnsl-2.17.so
7fd8ca42a000-7fd8ca42b000 r--p 00016000 08:05 9834343                    /lib/x86_64-linux-gnu/libnsl-2.17.so
7fd8ca42b000-7fd8ca42c000 rw-p 00017000 08:05 9834343                    /lib/x86_64-linux-gnu/libnsl-2.17.so
7fd8ca42c000-7fd8ca42e000 rw-p 00000000 00:00 0 
7fd8ca42e000-7fd8ca436000 r-xp 00000000 08:05 9834345                    /lib/x86_64-linux-gnu/libnss_compat-2.17.so
7fd8ca436000-7fd8ca635000 ---p 00008000 08:05 9834345                    /lib/x86_64-linux-gnu/libnss_compat-2.17.so
7fd8ca635000-7fd8ca636000 r--p 00007000 08:05 9834345                    /lib/x86_64-linux-gnu/libnss_compat-2.17.so
7fd8ca636000-7fd8ca637000 rw-p 00008000 08:05 9834345                    /lib/x86_64-linux-gnu/libnss_compat-2.17.so
7fd8ca637000-7fd8ca662000 r-xp 00000000 08:05 12322007                   /usr/lib/jvm/java-7-openjdk-amd64/jre/lib/amd64/libjava.so
7fd8ca662000-7fd8ca861000 ---p 0002b000 08:05 12322007                   /usr/lib/jvm/java-7-openjdk-amd64/jre/lib/amd64/libjava.so
7fd8ca861000-7fd8ca862000 r--p 0002a000 08:05 12322007                   /usr/lib/jvm/java-7-openjdk-amd64/jre/lib/amd64/libjava.so
7fd8ca862000-7fd8ca864000 rw-p 0002b000 08:05 12322007                   /usr/lib/jvm/java-7-openjdk-amd64/jre/lib/amd64/libjava.so
7fd8ca864000-7fd8ca874000 r-xp 00000000 08:05 12322321                   /usr/lib/jvm/java-7-openjdk-amd64/jre/lib/amd64/libverify.so
7fd8ca874000-7fd8caa73000 ---p 00010000 08:05 12322321                   /usr/lib/jvm/java-7-openjdk-amd64/jre/lib/amd64/libverify.so
7fd8caa73000-7fd8caa75000 r--p 0000f000 08:05 12322321                   /usr/lib/jvm/java-7-openjdk-amd64/jre/lib/amd64/libverify.so
7fd8caa75000-7fd8caa76000 rw-p 00011000 08:05 12322321                   /usr/lib/jvm/java-7-openjdk-amd64/jre/lib/amd64/libverify.so
7fd8caa76000-7fd8caa7d000 r-xp 00000000 08:05 9834396                    /lib/x86_64-linux-gnu/librt-2.17.so
7fd8caa7d000-7fd8cac7c000 ---p 00007000 08:05 9834396                    /lib/x86_64-linux-gnu/librt-2.17.so
7fd8cac7c000-7fd8cac7d000 r--p 00006000 08:05 9834396                    /lib/x86_64-linux-gnu/librt-2.17.so
7fd8cac7d000-7fd8cac7e000 rw-p 00007000 08:05 9834396                    /lib/x86_64-linux-gnu/librt-2.17.so
7fd8cac7e000-7fd8cac81000 ---p 00000000 00:00 0 
7fd8cac81000-7fd8cae7f000 rw-p 00000000 00:00 0                          [stack:3730]
7fd8cae7f000-7fd8cae94000 r-xp 00000000 08:05 9830413                    /lib/x86_64-linux-gnu/libgcc_s.so.1
7fd8cae94000-7fd8cb093000 ---p 00015000 08:05 9830413                    /lib/x86_64-linux-gnu/libgcc_s.so.1
7fd8cb093000-7fd8cb094000 r--p 00014000 08:05 9830413                    /lib/x86_64-linux-gnu/libgcc_s.so.1
7fd8cb094000-7fd8cb095000 rw-p 00015000 08:05 9830413                    /lib/x86_64-linux-gnu/libgcc_s.so.1
7fd8cb095000-7fd8cb198000 r-xp 00000000 08:05 9834324                    /lib/x86_64-linux-gnu/libm-2.17.so
7fd8cb198000-7fd8cb397000 ---p 00103000 08:05 9834324                    /lib/x86_64-linux-gnu/libm-2.17.so
7fd8cb397000-7fd8cb398000 r--p 00102000 08:05 9834324                    /lib/x86_64-linux-gnu/libm-2.17.so
7fd8cb398000-7fd8cb399000 rw-p 00103000 08:05 9834324                    /lib/x86_64-linux-gnu/libm-2.17.so
7fd8cb399000-7fd8cb47f000 r-xp 00000000 08:05 12190887                   /usr/lib/x86_64-linux-gnu/libstdc++.so.6.0.18
7fd8cb47f000-7fd8cb67e000 ---p 000e6000 08:05 12190887                   /usr/lib/x86_64-linux-gnu/libstdc++.so.6.0.18
7fd8cb67e000-7fd8cb686000 r--p 000e5000 08:05 12190887                   /usr/lib/x86_64-linux-gnu/libstdc++.so.6.0.18
7fd8cb686000-7fd8cb688000 rw-p 000ed000 08:05 12190887                   /usr/lib/x86_64-linux-gnu/libstdc++.so.6.0.18
7fd8cb688000-7fd8cb69d000 rw-p 00000000 00:00 0 
7fd8cb69d000-7fd8cc17c000 r-xp 00000000 08:05 12322340                   /usr/lib/jvm/java-7-openjdk-amd64/jre/lib/amd64/server/libjvm.so
7fd8cc17c000-7fd8cc37b000 ---p 00adf000 08:05 12322340                   /usr/lib/jvm/java-7-openjdk-amd64/jre/lib/amd64/server/libjvm.so
7fd8cc37b000-7fd8cc40d000 r--p 00ade000 08:05 12322340                   /usr/lib/jvm/java-7-openjdk-amd64/jre/lib/amd64/server/libjvm.so
7fd8cc40d000-7fd8cc430000 rw-p 00b70000 08:05 12322340                   /usr/lib/jvm/java-7-openjdk-amd64/jre/lib/amd64/server/libjvm.so
7fd8cc430000-7fd8cc45d000 rw-p 00000000 00:00 0 
7fd8cc45d000-7fd8cc475000 r-xp 00000000 08:05 9834431                    /lib/x86_64-linux-gnu/libz.so.1.2.8
7fd8cc475000-7fd8cc674000 ---p 00018000 08:05 9834431                    /lib/x86_64-linux-gnu/libz.so.1.2.8
7fd8cc674000-7fd8cc675000 r--p 00017000 08:05 9834431                    /lib/x86_64-linux-gnu/libz.so.1.2.8
7fd8cc675000-7fd8cc676000 rw-p 00018000 08:05 9834431                    /lib/x86_64-linux-gnu/libz.so.1.2.8
7fd8cc676000-7fd8cc68d000 r-xp 00000000 08:05 9834388                    /lib/x86_64-linux-gnu/libpthread-2.17.so
7fd8cc68d000-7fd8cc88d000 ---p 00017000 08:05 9834388                    /lib/x86_64-linux-gnu/libpthread-2.17.so
7fd8cc88d000-7fd8cc88e000 r--p 00017000 08:05 9834388                    /lib/x86_64-linux-gnu/libpthread-2.17.so
7fd8cc88e000-7fd8cc88f000 rw-p 00018000 08:05 9834388                    /lib/x86_64-linux-gnu/libpthread-2.17.so
7fd8cc88f000-7fd8cc893000 rw-p 00000000 00:00 0 
7fd8cc893000-7fd8cc896000 r-xp 00000000 08:05 9834288                    /lib/x86_64-linux-gnu/libdl-2.17.so
7fd8cc896000-7fd8cca95000 ---p 00003000 08:05 9834288                    /lib/x86_64-linux-gnu/libdl-2.17.so
7fd8cca95000-7fd8cca96000 r--p 00002000 08:05 9834288                    /lib/x86_64-linux-gnu/libdl-2.17.so
7fd8cca96000-7fd8cca97000 rw-p 00003000 08:05 9834288                    /lib/x86_64-linux-gnu/libdl-2.17.so
7fd8cca97000-7fd8ccc54000 r-xp 00000000 08:05 9834273                    /lib/x86_64-linux-gnu/libc-2.17.so
7fd8ccc54000-7fd8cce54000 ---p 001bd000 08:05 9834273                    /lib/x86_64-linux-gnu/libc-2.17.so
7fd8cce54000-7fd8cce58000 r--p 001bd000 08:05 9834273                    /lib/x86_64-linux-gnu/libc-2.17.so
7fd8cce58000-7fd8cce5a000 rw-p 001c1000 08:05 9834273                    /lib/x86_64-linux-gnu/libc-2.17.so
7fd8cce5a000-7fd8cce5f000 rw-p 00000000 00:00 0 
7fd8cce5f000-7fd8cce6c000 r-xp 00000000 08:05 12322347                   /usr/lib/jvm/java-7-openjdk-amd64/jre/lib/amd64/jli/libjli.so
7fd8cce6c000-7fd8cd06b000 ---p 0000d000 08:05 12322347                   /usr/lib/jvm/java-7-openjdk-amd64/jre/lib/amd64/jli/libjli.so
7fd8cd06b000-7fd8cd06c000 r--p 0000c000 08:05 12322347                   /usr/lib/jvm/java-7-openjdk-amd64/jre/lib/amd64/jli/libjli.so
7fd8cd06c000-7fd8cd06d000 rw-p 0000d000 08:05 12322347                   /usr/lib/jvm/java-7-openjdk-amd64/jre/lib/amd64/jli/libjli.so
7fd8cd06d000-7fd8cd090000 r-xp 00000000 08:05 9834249                    /lib/x86_64-linux-gnu/ld-2.17.so
7fd8cd096000-7fd8cd097000 r-xp 00000000 00:00 0 
7fd8cd097000-7fd8cd09e000 r--s 00000000 08:05 12588976                   /usr/lib/x86_64-linux-gnu/gconv/gconv-modules.cache
7fd8cd09e000-7fd8cd0a3000 r--s 0004c000 08:05 12322352                   /usr/lib/jvm/java-7-openjdk-amd64/jre/lib/jsse.jar
7fd8cd0a3000-7fd8cd0a6000 r--s 00032000 08:05 12322366                   /usr/lib/jvm/java-7-openjdk-amd64/jre/lib/ext/sunjce_provider.jar
7fd8cd0a6000-7fd8cd0a9000 r--s 0000f000 08:05 12322362                   /usr/lib/jvm/java-7-openjdk-amd64/jre/lib/ext/pulse-java.jar
7fd8cd0a9000-7fd8cd0c4000 rw-p 00000000 00:00 0 
7fd8cd0c4000-7fd8cd10a000 rw-p 00000000 00:00 0 
7fd8cd10a000-7fd8cd11e000 rw-p 00000000 00:00 0 
7fd8cd11e000-7fd8cd1b1000 rw-p 00000000 00:00 0 
7fd8cd1b1000-7fd8cd1bb000 rw-p 00000000 00:00 0 
7fd8cd1bb000-7fd8cd271000 rw-p 00000000 00:00 0 
7fd8cd271000-7fd8cd276000 rw-p 00000000 00:00 0 
7fd8cd276000-7fd8cd278000 r--s 00006000 08:05 12717881                   /usr/share/java/java-atk-wrapper.jar
7fd8cd278000-7fd8cd27c000 r--s 00085000 08:05 12322360                   /usr/lib/jvm/java-7-openjdk-amd64/jre/lib/ext/localedata.jar
7fd8cd27c000-7fd8cd280000 r--s 0003b000 08:05 12322372                   /usr/lib/jvm/java-7-openjdk-amd64/jre/lib/ext/sunpkcs11.jar
7fd8cd280000-7fd8cd281000 r--s 00002000 08:05 12322370                   /usr/lib/jvm/java-7-openjdk-amd64/jre/lib/ext/dnsns.jar
7fd8cd281000-7fd8cd283000 r--s 00012000 08:05 12322364                   /usr/lib/jvm/java-7-openjdk-amd64/jre/lib/ext/zipfs.jar
7fd8cd283000-7fd8cd28b000 rw-s 00000000 08:05 7340069                    /tmp/hsperfdata_luis/3705
7fd8cd28b000-7fd8cd28c000 rw-p 00000000 00:00 0 
7fd8cd28c000-7fd8cd28d000 r--p 00000000 00:00 0 
7fd8cd28d000-7fd8cd28f000 rw-p 00000000 00:00 0 
7fd8cd28f000-7fd8cd290000 r--p 00022000 08:05 9834249                    /lib/x86_64-linux-gnu/ld-2.17.so
7fd8cd290000-7fd8cd292000 rw-p 00023000 08:05 9834249                    /lib/x86_64-linux-gnu/ld-2.17.so
7fff10b34000-7fff10b55000 rw-p 00000000 00:00 0                          [stack]
7fff10bfe000-7fff10c00000 r-xp 00000000 00:00 0                          [vdso]
ffffffffff600000-ffffffffff601000 r-xp 00000000 00:00 0                  [vsyscall]

VM Arguments:
jvm_args: -Djdk.home= -Djruby.home=/home/luis/.rbenv/versions/jruby-1.7.10 -Djruby.script=jruby -Djruby.shell=/bin/sh -Djffi.boot.library.path=/home/luis/.rbenv/versions/jruby-1.7.10/lib/jni:/home/luis/.rbenv/versions/jruby-1.7.10/lib/jni/arm-Linux:/home/luis/.rbenv/versions/jruby-1.7.10/lib/jni/x86_64-Linux:/home/luis/.rbenv/versions/jruby-1.7.10/lib/jni/i386-Linux -Xmx500m -Xss2048k -Xbootclasspath/a:/home/luis/.rbenv/versions/jruby-1.7.10/lib/jruby.jar 
java_command: org/jruby/Main Makefile.rb clean compile test
Launcher Type: SUN_STANDARD

Environment Variables:
PATH=/home/luis/.rbenv/versions/jruby-1.7.10/bin:/home/luis/.rbenv/libexec:/home/luis/.rbenv/plugins/ruby-build/bin:/home/luis/.rbenv/shims:~/.rbenv/bin:~/.rbenv/bin:/usr/local/sbin:/usr/local/bin:/usr/sbin:/usr/bin:/sbin:/bin:/usr/games:/usr/local/games
USERNAME=luis
SHELL=/bin/bash
DISPLAY=:0

Signal Handlers:
SIGSEGV: [libjvm.so+0x916ea0], sa_mask[0]=0x7ffbfeff, sa_flags=0x10000004
SIGBUS: [libjvm.so+0x916ea0], sa_mask[0]=0x7ffbfeff, sa_flags=0x10000004
SIGFPE: [libjvm.so+0x794800], sa_mask[0]=0x7ffbfeff, sa_flags=0x10000004
SIGPIPE: [libjvm.so+0x794800], sa_mask[0]=0x7ffbfeff, sa_flags=0x10000004
SIGXFSZ: [libjvm.so+0x794800], sa_mask[0]=0x7ffbfeff, sa_flags=0x10000004
SIGILL: [libjvm.so+0x794800], sa_mask[0]=0x7ffbfeff, sa_flags=0x10000004
SIGUSR1: SIG_DFL, sa_mask[0]=0x00000000, sa_flags=0x00000000
SIGUSR2: [libjvm.so+0x7946a0], sa_mask[0]=0x00000000, sa_flags=0x10000004
SIGHUP: [libjvm.so+0x794880], sa_mask[0]=0x7ffbfeff, sa_flags=0x10000004
SIGINT: [libjvm.so+0x794880], sa_mask[0]=0x7ffbfeff, sa_flags=0x10000004
SIGTERM: [libjvm.so+0x794880], sa_mask[0]=0x7ffbfeff, sa_flags=0x10000004
SIGQUIT: [libjvm.so+0x794880], sa_mask[0]=0x7ffbfeff, sa_flags=0x10000004


---------------  S Y S T E M  ---------------

OS:LinuxMint 16 (petra)
uname:Linux 3.11.0-12-generic #19-Ubuntu SMP Wed Oct 9 16:20:46 UTC 2013 x86_64
libc:glibc 2.17 NPTL 2.17 
rlimit: STACK 8192k, CORE 0k, NPROC 29806, NOFILE 4096, AS infinity
load average:0,68 0,60 0,52

/proc/meminfo:
MemTotal:        3844532 kB
MemFree:         1879404 kB
Buffers:          106752 kB
Cached:           936024 kB
SwapCached:            0 kB
Active:          1093084 kB
Inactive:         722308 kB
Active(anon):     773536 kB
Inactive(anon):   165532 kB
Active(file):     319548 kB
Inactive(file):   556776 kB
Unevictable:           0 kB
Mlocked:               0 kB
SwapTotal:       3987452 kB
SwapFree:        3987452 kB
Dirty:              2016 kB
Writeback:             0 kB
AnonPages:        772872 kB
Mapped:           146748 kB
Shmem:            166456 kB
Slab:              86012 kB
SReclaimable:      63616 kB
SUnreclaim:        22396 kB
KernelStack:        3168 kB
PageTables:        17572 kB
NFS_Unstable:          0 kB
Bounce:                0 kB
WritebackTmp:          0 kB
CommitLimit:     5909716 kB
Committed_AS:    2487660 kB
VmallocTotal:   34359738367 kB
VmallocUsed:      348004 kB
VmallocChunk:   34359386076 kB
HardwareCorrupted:     0 kB
AnonHugePages:         0 kB
HugePages_Total:       0
HugePages_Free:        0
HugePages_Rsvd:        0
HugePages_Surp:        0
Hugepagesize:       2048 kB
DirectMap4k:       56564 kB
DirectMap2M:     3932160 kB


CPU:total 4 (2 cores per cpu, 2 threads per core) family 6 model 37 stepping 5, cmov, cx8, fxsr, mmx, sse, sse2, sse3, ssse3, sse4.1, sse4.2, popcnt, ht, tsc, tscinvbit

/proc/cpuinfo:
processor	: 0
vendor_id	: GenuineIntel
cpu family	: 6
model		: 37
model name	: Intel(R) Core(TM) i5 CPU       M 460  @ 2.53GHz
stepping	: 5
microcode	: 0x2
cpu MHz		: 1199.000
cache size	: 3072 KB
physical id	: 0
siblings	: 4
core id		: 0
cpu cores	: 2
apicid		: 0
initial apicid	: 0
fpu		: yes
fpu_exception	: yes
cpuid level	: 11
wp		: yes
flags		: fpu vme de pse tsc msr pae mce cx8 apic sep mtrr pge mca cmov pat pse36 clflush dts acpi mmx fxsr sse sse2 ss ht tm pbe syscall nx rdtscp lm constant_tsc arch_perfmon pebs bts rep_good nopl xtopology nonstop_tsc aperfmperf pni dtes64 monitor ds_cpl vmx est tm2 ssse3 cx16 xtpr pdcm pcid sse4_1 sse4_2 popcnt lahf_lm ida arat dtherm tpr_shadow vnmi flexpriority ept vpid
bogomips	: 5067.06
clflush size	: 64
cache_alignment	: 64
address sizes	: 36 bits physical, 48 bits virtual
power management:

processor	: 1
vendor_id	: GenuineIntel
cpu family	: 6
model		: 37
model name	: Intel(R) Core(TM) i5 CPU       M 460  @ 2.53GHz
stepping	: 5
microcode	: 0x2
cpu MHz		: 2534.000
cache size	: 3072 KB
physical id	: 0
siblings	: 4
core id		: 0
cpu cores	: 2
apicid		: 1
initial apicid	: 1
fpu		: yes
fpu_exception	: yes
cpuid level	: 11
wp		: yes
flags		: fpu vme de pse tsc msr pae mce cx8 apic sep mtrr pge mca cmov pat pse36 clflush dts acpi mmx fxsr sse sse2 ss ht tm pbe syscall nx rdtscp lm constant_tsc arch_perfmon pebs bts rep_good nopl xtopology nonstop_tsc aperfmperf pni dtes64 monitor ds_cpl vmx est tm2 ssse3 cx16 xtpr pdcm pcid sse4_1 sse4_2 popcnt lahf_lm ida arat dtherm tpr_shadow vnmi flexpriority ept vpid
bogomips	: 5067.06
clflush size	: 64
cache_alignment	: 64
address sizes	: 36 bits physical, 48 bits virtual
power management:

processor	: 2
vendor_id	: GenuineIntel
cpu family	: 6
model		: 37
model name	: Intel(R) Core(TM) i5 CPU       M 460  @ 2.53GHz
stepping	: 5
microcode	: 0x2
cpu MHz		: 2534.000
cache size	: 3072 KB
physical id	: 0
siblings	: 4
core id		: 2
cpu cores	: 2
apicid		: 4
initial apicid	: 4
fpu		: yes
fpu_exception	: yes
cpuid level	: 11
wp		: yes
flags		: fpu vme de pse tsc msr pae mce cx8 apic sep mtrr pge mca cmov pat pse36 clflush dts acpi mmx fxsr sse sse2 ss ht tm pbe syscall nx rdtscp lm constant_tsc arch_perfmon pebs bts rep_good nopl xtopology nonstop_tsc aperfmperf pni dtes64 monitor ds_cpl vmx est tm2 ssse3 cx16 xtpr pdcm pcid sse4_1 sse4_2 popcnt lahf_lm ida arat dtherm tpr_shadow vnmi flexpriority ept vpid
bogomips	: 5067.06
clflush size	: 64
cache_alignment	: 64
address sizes	: 36 bits physical, 48 bits virtual
power management:

processor	: 3
vendor_id	: GenuineIntel
cpu family	: 6
model		: 37
model name	: Intel(R) Core(TM) i5 CPU       M 460  @ 2.53GHz
stepping	: 5
microcode	: 0x2
cpu MHz		: 2534.000
cache size	: 3072 KB
physical id	: 0
siblings	: 4
core id		: 2
cpu cores	: 2
apicid		: 5
initial apicid	: 5
fpu		: yes
fpu_exception	: yes
cpuid level	: 11
wp		: yes
flags		: fpu vme de pse tsc msr pae mce cx8 apic sep mtrr pge mca cmov pat pse36 clflush dts acpi mmx fxsr sse sse2 ss ht tm pbe syscall nx rdtscp lm constant_tsc arch_perfmon pebs bts rep_good nopl xtopology nonstop_tsc aperfmperf pni dtes64 monitor ds_cpl vmx est tm2 ssse3 cx16 xtpr pdcm pcid sse4_1 sse4_2 popcnt lahf_lm ida arat dtherm tpr_shadow vnmi flexpriority ept vpid
bogomips	: 5067.06
clflush size	: 64
cache_alignment	: 64
address sizes	: 36 bits physical, 48 bits virtual
power management:



Memory: 4k page, physical 3844532k(1879404k free), swap 3987452k(3987452k free)

vm_info: OpenJDK 64-Bit Server VM (24.45-b08) for linux-amd64 JRE (1.7.0_51-b00), built on Jan 15 2014 22:02:57 by "buildd" with gcc 4.8.1

time: Sun Mar  9 17:35:48 2014
elapsed time: 4 seconds

