#
# A fatal error has been detected by the Java Runtime Environment:
#
#  SIGSEGV (0xb) at pc=0x00007f4e8e34a5a7, pid=13053, tid=139976422053632
#
# JRE version: OpenJDK Runtime Environment (7.0_51) (build 1.7.0_51-b00)
# Java VM: OpenJDK 64-Bit Server VM (24.45-b08 mixed mode linux-amd64 compressed oops)
# Problematic frame:
# C  [libconvex_hull.so+0x15a7]  imprime_lista+0x2e
#
# Failed to write core dump. Core dumps have been disabled. To enable core dumping, try "ulimit -c unlimited" before starting Java again
#
# If you would like to submit a bug report, please include
# instructions on how to reproduce the bug and visit:
#   http://icedtea.classpath.org/bugzilla
# The crash happened outside the Java Virtual Machine in native code.
# See problematic frame for where to report the bug.
#

---------------  T H R E A D  ---------------

Current thread (0x00007f4ec800a800):  JavaThread "main" [_thread_in_native, id=13078, stack(0x00007f4eccc9d000,0x00007f4ecce9e000)]

siginfo:si_signo=SIGSEGV: si_errno=0, si_code=1 (SEGV_MAPERR), si_addr=0x0000000000000000

Registers:
RAX=0x0000000000000000, RBX=0x00000000d79ca820, RCX=0x0000000000000021, RDX=0x0000000000000000
RSP=0x00007f4ecce9add0, RBP=0x00007f4ecce9ae00, RSI=0x0000000000000000, RDI=0x00007f4ecce9a8a0
R8 =0x00007f4ecee766a0, R9 =0x00007f4eceb04134, R10=0x0000000000000000, R11=0x0000000000000000
R12=0x0000000000000000, R13=0x00000000d79ca820, R14=0x00007f4ecce9af98, R15=0x00007f4ec800a800
RIP=0x00007f4e8e34a5a7, EFLAGS=0x0000000000010293, CSGSFS=0x0000000000000033, ERR=0x0000000000000004
  TRAPNO=0x000000000000000e

Top of Stack: (sp=0x00007f4ecce9add0)
0x00007f4ecce9add0:   0000000000000000 00007f4ec84b0980
0x00007f4ecce9ade0:   00007f4ec84ad660 0000000300000001
0x00007f4ecce9adf0:   0000051d000001c6 0000000000000000
0x00007f4ecce9ae00:   00007f4ecce9aeb0 00007f4e8e34a8eb
0x00007f4ecce9ae10:   00000000d7e47be8 00007f4ec8418a00
0x00007f4ecce9ae20:   00000000d7e47780 00007f4ec84b0830
0x00007f4ecce9ae30:   00007f4ec84b0980 00000000e158a0d0
0x00007f4ecce9ae40:   00007f4ec4d7f554 00000000e13d0398
0x00007f4ecce9ae50:   00000000e110cef8 00000000e151a3c0
0x00007f4ecce9ae60:   00000000e1556e48 00000000e1589c48
0x00007f4ecce9ae70:   00007f4ec84ab330 00007f4ec84b09a0
0x00007f4ecce9ae80:   00007f4ec84b0890 00007f4ec84ad660
0x00007f4ecce9ae90:   00007f4ec84b0850 00007f4ec84ab080
0x00007f4ecce9aea0:   00007f4ecce9aea0 00000000d6aa2219
0x00007f4ecce9aeb0:   00007f4ec8458ae0 00007f4e8f15ccd9
0x00007f4ecce9aec0:   0000000000000000 00000000d79ca820
0x00007f4ecce9aed0:   00007f4ecce9af50 00007f4ec4bfc738
0x00007f4ecce9aee0:   00007f4ecce9af70 00007f4ec4bf0233
0x00007f4ecce9aef0:   00000000e1592f60 00007f4ec4bf0233
0x00007f4ecce9af00:   00000000e13d0398 00000000e110cef8
0x00007f4ecce9af10:   00007f4ecce9af10 0000000000000000
0x00007f4ecce9af20:   00007f4ecce9af98 00000000d79d2d48
0x00007f4ecce9af30:   0000000000000000 00000000d79ca820
0x00007f4ecce9af40:   0000000000000000 00007f4ecce9af70
0x00007f4ecce9af50:   00007f4ecce9afe0 00007f4ec4bf0175
0x00007f4ecce9af60:   00000000e10a5ff8 00007f4ec4bf8cd7
0x00007f4ecce9af70:   00007f4ec8418a00 00000000d7d61818
0x00007f4ecce9af80:   00007f4e8e34a6e9 00007f4ecce9afa0
0x00007f4ecce9af90:   00007f4ec8458ae0 00007f4ec4bf0233
0x00007f4ecce9afa0:   00007f4ecce9afa0 00000000d7ac7687
0x00007f4ecce9afb0:   00007f4ecce9b018 00000000d7ad38e0
0x00007f4ecce9afc0:   0000000000000000 00000000d7ac76c8 

Instructions: (pc=0x00007f4e8e34a5a7)
0x00007f4e8e34a587:   45 d8 48 8b 00 48 89 45 f8 48 8b 45 d8 8b 40 10
0x00007f4e8e34a597:   89 45 ec c7 45 e8 00 00 00 00 eb 4b 48 8b 45 f8
0x00007f4e8e34a5a7:   48 8b 00 8b 00 89 45 f0 48 8b 45 f8 48 8b 00 8b
0x00007f4e8e34a5b7:   40 04 89 45 f4 8b 75 f4 8b 4d f0 8b 55 e8 8b 45 

Register to memory mapping:

RAX=0x0000000000000000 is an unknown value
RBX=0x00000000d79ca820 is an oop
{method} 
 - klass: {other class}
RCX=0x0000000000000021 is an unknown value
RDX=0x0000000000000000 is an unknown value
RSP=0x00007f4ecce9add0 is pointing into the stack for thread: 0x00007f4ec800a800
RBP=0x00007f4ecce9ae00 is pointing into the stack for thread: 0x00007f4ec800a800
RSI=0x0000000000000000 is an unknown value
RDI=0x00007f4ecce9a8a0 is pointing into the stack for thread: 0x00007f4ec800a800
R8 =0x00007f4ecee766a0: _IO_file_jumps+0 in /lib/x86_64-linux-gnu/libc.so.6 at 0x00007f4eceab6000
R9 =0x00007f4eceb04134: _IO_vfprintf+0x49b4 in /lib/x86_64-linux-gnu/libc.so.6 at 0x00007f4eceab6000
R10=0x0000000000000000 is an unknown value
R11=0x0000000000000000 is an unknown value
R12=0x0000000000000000 is an unknown value
R13=0x00000000d79ca820 is an oop
{method} 
 - klass: {other class}
R14=0x00007f4ecce9af98 is pointing into the stack for thread: 0x00007f4ec800a800
R15=0x00007f4ec800a800 is a thread


Stack: [0x00007f4eccc9d000,0x00007f4ecce9e000],  sp=0x00007f4ecce9add0,  free space=2039k
Native frames: (J=compiled Java code, j=interpreted, Vv=VM code, C=native code)
C  [libconvex_hull.so+0x15a7]  imprime_lista+0x2e
C  [libconvex_hull.so+0x18eb]  convex_hull+0x202

Java frames: (J=compiled Java code, j=interpreted, Vv=VM code)
j  com.kenai.jffi.Foreign.invokeL1(JJJ)J+0
j  com.kenai.jffi.Invoker.invokeL1(Lcom/kenai/jffi/CallContext;JJ)J+7
j  org.jruby.ext.ffi.jffi.NativeInvoker$ffi$1.call(Lorg/jruby/runtime/ThreadContext;Lorg/jruby/runtime/builtin/IRubyObject;Lorg/jruby/RubyModule;Ljava/lang/String;Lorg/jruby/runtime/builtin/IRubyObject;)Lorg/jruby/runtime/builtin/IRubyObject;+76
j  org.jruby.runtime.callsite.CachingCallSite.cacheAndCall(Lorg/jruby/runtime/builtin/IRubyObject;Lorg/jruby/RubyClass;Lorg/jruby/runtime/ThreadContext;Lorg/jruby/runtime/builtin/IRubyObject;Lorg/jruby/runtime/builtin/IRubyObject;)Lorg/jruby/runtime/builtin/IRubyObject;+57
J  org.jruby.runtime.callsite.CachingCallSite.call(Lorg/jruby/runtime/ThreadContext;Lorg/jruby/runtime/builtin/IRubyObject;Lorg/jruby/runtime/builtin/IRubyObject;Lorg/jruby/runtime/builtin/IRubyObject;)Lorg/jruby/runtime/builtin/IRubyObject;
J  org.jruby.ast.CallOneArgNode.interpret(Lorg/jruby/Ruby;Lorg/jruby/runtime/ThreadContext;Lorg/jruby/runtime/builtin/IRubyObject;Lorg/jruby/runtime/Block;)Lorg/jruby/runtime/builtin/IRubyObject;
j  org.jruby.ast.LocalAsgnNode.interpret(Lorg/jruby/Ruby;Lorg/jruby/runtime/ThreadContext;Lorg/jruby/runtime/builtin/IRubyObject;Lorg/jruby/runtime/Block;)Lorg/jruby/runtime/builtin/IRubyObject;+30
J  org.jruby.ast.NewlineNode.interpret(Lorg/jruby/Ruby;Lorg/jruby/runtime/ThreadContext;Lorg/jruby/runtime/builtin/IRubyObject;Lorg/jruby/runtime/Block;)Lorg/jruby/runtime/builtin/IRubyObject;
j  org.jruby.ast.BlockNode.interpret(Lorg/jruby/Ruby;Lorg/jruby/runtime/ThreadContext;Lorg/jruby/runtime/builtin/IRubyObject;Lorg/jruby/runtime/Block;)Lorg/jruby/runtime/builtin/IRubyObject;+33
j  org.jruby.evaluator.ASTInterpreter.INTERPRET_METHOD(Lorg/jruby/Ruby;Lorg/jruby/runtime/ThreadContext;Ljava/lang/String;ILorg/jruby/RubyModule;Lorg/jruby/ast/Node;Ljava/lang/String;Lorg/jruby/runtime/builtin/IRubyObject;Lorg/jruby/runtime/Block;Z)Lorg/jruby/runtime/builtin/IRubyObject;+30
j  org.jruby.internal.runtime.methods.InterpretedMethod.call(Lorg/jruby/runtime/ThreadContext;Lorg/jruby/runtime/builtin/IRubyObject;Lorg/jruby/RubyModule;Ljava/lang/String;)Lorg/jruby/runtime/builtin/IRubyObject;+80
j  org.jruby.internal.runtime.methods.DefaultMethod.call(Lorg/jruby/runtime/ThreadContext;Lorg/jruby/runtime/builtin/IRubyObject;Lorg/jruby/RubyModule;Ljava/lang/String;)Lorg/jruby/runtime/builtin/IRubyObject;+20
j  org.jruby.runtime.callsite.CachingCallSite.cacheAndCall(Lorg/jruby/runtime/builtin/IRubyObject;Lorg/jruby/RubyClass;Lorg/jruby/runtime/ThreadContext;Lorg/jruby/runtime/builtin/IRubyObject;)Lorg/jruby/runtime/builtin/IRubyObject;+53
j  org.jruby.runtime.callsite.CachingCallSite.call(Lorg/jruby/runtime/ThreadContext;Lorg/jruby/runtime/builtin/IRubyObject;Lorg/jruby/runtime/builtin/IRubyObject;)Lorg/jruby/runtime/builtin/IRubyObject;+46
j  org.jruby.ast.CallNoArgNode.interpret(Lorg/jruby/Ruby;Lorg/jruby/runtime/ThreadContext;Lorg/jruby/runtime/builtin/IRubyObject;Lorg/jruby/runtime/Block;)Lorg/jruby/runtime/builtin/IRubyObject;+18
j  org.jruby.ast.FCallTwoArgNode.interpret(Lorg/jruby/Ruby;Lorg/jruby/runtime/ThreadContext;Lorg/jruby/runtime/builtin/IRubyObject;Lorg/jruby/runtime/Block;)Lorg/jruby/runtime/builtin/IRubyObject;+28
J  org.jruby.ast.NewlineNode.interpret(Lorg/jruby/Ruby;Lorg/jruby/runtime/ThreadContext;Lorg/jruby/runtime/builtin/IRubyObject;Lorg/jruby/runtime/Block;)Lorg/jruby/runtime/builtin/IRubyObject;
j  org.jruby.ast.BlockNode.interpret(Lorg/jruby/Ruby;Lorg/jruby/runtime/ThreadContext;Lorg/jruby/runtime/builtin/IRubyObject;Lorg/jruby/runtime/Block;)Lorg/jruby/runtime/builtin/IRubyObject;+33
j  org.jruby.evaluator.ASTInterpreter.INTERPRET_METHOD(Lorg/jruby/Ruby;Lorg/jruby/runtime/ThreadContext;Ljava/lang/String;ILorg/jruby/RubyModule;Lorg/jruby/ast/Node;Ljava/lang/String;Lorg/jruby/runtime/builtin/IRubyObject;Lorg/jruby/runtime/Block;Z)Lorg/jruby/runtime/builtin/IRubyObject;+30
j  org.jruby.internal.runtime.methods.InterpretedMethod.call(Lorg/jruby/runtime/ThreadContext;Lorg/jruby/runtime/builtin/IRubyObject;Lorg/jruby/RubyModule;Ljava/lang/String;)Lorg/jruby/runtime/builtin/IRubyObject;+80
j  org.jruby.internal.runtime.methods.DefaultMethod.call(Lorg/jruby/runtime/ThreadContext;Lorg/jruby/runtime/builtin/IRubyObject;Lorg/jruby/RubyModule;Ljava/lang/String;)Lorg/jruby/runtime/builtin/IRubyObject;+20
j  org.jruby.runtime.callsite.CachingCallSite.cacheAndCall(Lorg/jruby/runtime/builtin/IRubyObject;Lorg/jruby/RubyClass;Lorg/jruby/runtime/ThreadContext;Lorg/jruby/runtime/builtin/IRubyObject;)Lorg/jruby/runtime/builtin/IRubyObject;+53
j  org.jruby.runtime.callsite.CachingCallSite.call(Lorg/jruby/runtime/ThreadContext;Lorg/jruby/runtime/builtin/IRubyObject;Lorg/jruby/runtime/builtin/IRubyObject;)Lorg/jruby/runtime/builtin/IRubyObject;+46
j  Makefile.method__2$RUBY$test(LMakefile;Lorg/jruby/runtime/ThreadContext;Lorg/jruby/runtime/builtin/IRubyObject;Lorg/jruby/runtime/Block;)Lorg/jruby/runtime/builtin/IRubyObject;+130
j  Makefile$method__2$RUBY$test.call(Lorg/jruby/runtime/ThreadContext;Lorg/jruby/runtime/builtin/IRubyObject;Lorg/jruby/RubyModule;Ljava/lang/String;Lorg/jruby/runtime/Block;)Lorg/jruby/runtime/builtin/IRubyObject;+17
j  org.jruby.RubyClass.finvoke(Lorg/jruby/runtime/ThreadContext;Lorg/jruby/runtime/builtin/IRubyObject;Ljava/lang/String;Lorg/jruby/runtime/Block;)Lorg/jruby/runtime/builtin/IRubyObject;+41
j  org.jruby.RubyBasicObject.send19(Lorg/jruby/runtime/ThreadContext;Lorg/jruby/runtime/builtin/IRubyObject;Lorg/jruby/runtime/Block;)Lorg/jruby/runtime/builtin/IRubyObject;+15
j  org.jruby.RubyKernel.send19(Lorg/jruby/runtime/ThreadContext;Lorg/jruby/runtime/builtin/IRubyObject;Lorg/jruby/runtime/builtin/IRubyObject;Lorg/jruby/runtime/Block;)Lorg/jruby/runtime/builtin/IRubyObject;+7
j  org.jruby.RubyKernel$INVOKER$s$send19.call(Lorg/jruby/runtime/ThreadContext;Lorg/jruby/runtime/builtin/IRubyObject;Lorg/jruby/RubyModule;Ljava/lang/String;Lorg/jruby/runtime/builtin/IRubyObject;Lorg/jruby/runtime/Block;)Lorg/jruby/runtime/builtin/IRubyObject;+6
j  org.jruby.internal.runtime.methods.JavaMethod$JavaMethodOneOrNBlock.call(Lorg/jruby/runtime/ThreadContext;Lorg/jruby/runtime/builtin/IRubyObject;Lorg/jruby/RubyModule;Ljava/lang/String;Lorg/jruby/runtime/builtin/IRubyObject;)Lorg/jruby/runtime/builtin/IRubyObject;+11
j  org.jruby.runtime.callsite.CachingCallSite.call(Lorg/jruby/runtime/ThreadContext;Lorg/jruby/runtime/builtin/IRubyObject;Lorg/jruby/runtime/builtin/IRubyObject;Lorg/jruby/runtime/builtin/IRubyObject;)Lorg/jruby/runtime/builtin/IRubyObject;+38
j  Makefile.block_6$RUBY$__file__(LMakefile;Lorg/jruby/runtime/ThreadContext;Lorg/jruby/runtime/builtin/IRubyObject;[Lorg/jruby/runtime/builtin/IRubyObject;Lorg/jruby/runtime/Block;)Lorg/jruby/runtime/builtin/IRubyObject;+46
j  Makefile$block_6$RUBY$__file__.call(Lorg/jruby/runtime/ThreadContext;Lorg/jruby/runtime/builtin/IRubyObject;[Lorg/jruby/runtime/builtin/IRubyObject;Lorg/jruby/runtime/Block;)Lorg/jruby/runtime/builtin/IRubyObject;+9
j  org.jruby.runtime.CompiledBlock19.yield(Lorg/jruby/runtime/ThreadContext;Lorg/jruby/runtime/builtin/IRubyObject;Lorg/jruby/runtime/Binding;Lorg/jruby/runtime/Block$Type;)Lorg/jruby/runtime/builtin/IRubyObject;+52
j  org.jruby.runtime.Block.yield(Lorg/jruby/runtime/ThreadContext;Lorg/jruby/runtime/builtin/IRubyObject;)Lorg/jruby/runtime/builtin/IRubyObject;+14
j  org.jruby.RubyArray.eachCommon(Lorg/jruby/runtime/ThreadContext;Lorg/jruby/runtime/Block;)Lorg/jruby/runtime/builtin/IRubyObject;+41
j  org.jruby.RubyArray.each(Lorg/jruby/runtime/ThreadContext;Lorg/jruby/runtime/Block;)Lorg/jruby/runtime/builtin/IRubyObject;+10
j  org.jruby.RubyArray$INVOKER$i$0$0$each.call(Lorg/jruby/runtime/ThreadContext;Lorg/jruby/runtime/builtin/IRubyObject;Lorg/jruby/RubyModule;Ljava/lang/String;Lorg/jruby/runtime/Block;)Lorg/jruby/runtime/builtin/IRubyObject;+7
j  org.jruby.runtime.callsite.CachingCallSite.cacheAndCall(Lorg/jruby/runtime/builtin/IRubyObject;Lorg/jruby/RubyClass;Lorg/jruby/runtime/Block;Lorg/jruby/runtime/ThreadContext;Lorg/jruby/runtime/builtin/IRubyObject;)Lorg/jruby/runtime/builtin/IRubyObject;+57
j  org.jruby.runtime.callsite.CachingCallSite.callBlock(Lorg/jruby/runtime/ThreadContext;Lorg/jruby/runtime/builtin/IRubyObject;Lorg/jruby/runtime/builtin/IRubyObject;Lorg/jruby/runtime/Block;)Lorg/jruby/runtime/builtin/IRubyObject;+50
j  org.jruby.runtime.callsite.CachingCallSite.callIter(Lorg/jruby/runtime/ThreadContext;Lorg/jruby/runtime/builtin/IRubyObject;Lorg/jruby/runtime/builtin/IRubyObject;Lorg/jruby/runtime/Block;)Lorg/jruby/runtime/builtin/IRubyObject;+6
j  Makefile.__file__(LMakefile;Lorg/jruby/runtime/ThreadContext;Lorg/jruby/runtime/builtin/IRubyObject;[Lorg/jruby/runtime/builtin/IRubyObject;Lorg/jruby/runtime/Block;)Lorg/jruby/runtime/builtin/IRubyObject;+859
j  Makefile.load(Lorg/jruby/runtime/ThreadContext;Lorg/jruby/runtime/builtin/IRubyObject;Z)Lorg/jruby/runtime/builtin/IRubyObject;+22
j  org.jruby.Ruby.runScript(Lorg/jruby/ast/executable/Script;Z)Lorg/jruby/runtime/builtin/IRubyObject;+12
j  org.jruby.Ruby.runScript(Lorg/jruby/ast/executable/Script;)Lorg/jruby/runtime/builtin/IRubyObject;+3
j  org.jruby.Ruby.runNormally(Lorg/jruby/ast/Node;)Lorg/jruby/runtime/builtin/IRubyObject;+73
j  org.jruby.Ruby.runFromMain(Ljava/io/InputStream;Ljava/lang/String;)V+320
j  org.jruby.Main.doRunFromMain(Lorg/jruby/Ruby;Ljava/io/InputStream;Ljava/lang/String;)Lorg/jruby/Main$Status;+12
j  org.jruby.Main.internalRun()Lorg/jruby/Main$Status;+234
j  org.jruby.Main.run([Ljava/lang/String;)Lorg/jruby/Main$Status;+9
j  org.jruby.Main.main([Ljava/lang/String;)V+35
v  ~StubRoutines::call_stub

---------------  P R O C E S S  ---------------

Java Threads: ( => current thread )
  0x00007f4ec8483000 JavaThread "JRubyJIT-2" daemon [_thread_blocked, id=13161, stack(0x00007f4e8ed53000,0x00007f4e8ef54000)]
  0x00007f4ec8481000 JavaThread "process reaper" daemon [_thread_blocked, id=13094, stack(0x00007f4eb41c2000,0x00007f4eb41fb000)]
  0x00007f4ec8461000 JavaThread "JRubyJIT-1" daemon [_thread_blocked, id=13091, stack(0x00007f4e8ef54000,0x00007f4e8f155000)]
  0x00007f4ec80ad000 JavaThread "Service Thread" daemon [_thread_blocked, id=13089, stack(0x00007f4eb4ddf000,0x00007f4eb4fe0000)]
  0x00007f4ec80aa800 JavaThread "C2 CompilerThread1" daemon [_thread_blocked, id=13088, stack(0x00007f4eb4fe0000,0x00007f4eb50e1000)]
  0x00007f4ec80a7800 JavaThread "C2 CompilerThread0" daemon [_thread_blocked, id=13087, stack(0x00007f4eb50e1000,0x00007f4eb51e2000)]
  0x00007f4ec80a5800 JavaThread "Signal Dispatcher" daemon [_thread_blocked, id=13086, stack(0x00007f4eb51e2000,0x00007f4eb53e3000)]
  0x00007f4ec8082800 JavaThread "Finalizer" daemon [_thread_blocked, id=13085, stack(0x00007f4eb57dd000,0x00007f4eb59de000)]
  0x00007f4ec8080800 JavaThread "Reference Handler" daemon [_thread_blocked, id=13084, stack(0x00007f4eb59de000,0x00007f4eb5bdf000)]
=>0x00007f4ec800a800 JavaThread "main" [_thread_in_native, id=13078, stack(0x00007f4eccc9d000,0x00007f4ecce9e000)]

Other Threads:
  0x00007f4ec807c800 VMThread [stack: 0x00007f4eb5bdf000,0x00007f4eb5ce0000] [id=13083]
  0x00007f4ec80b7800 WatcherThread [stack: 0x00007f4eb4cde000,0x00007f4eb4ddf000] [id=13090]

VM state:not at safepoint (normal execution)

VM Mutex/Monitor currently owned by a thread: None

Heap
 PSYoungGen      total 163840K, used 146260K [0x00000000f5900000, 0x0000000100000000, 0x0000000100000000)
  eden space 156672K, 93% used [0x00000000f5900000,0x00000000fe7b53a8,0x00000000ff200000)
  from space 7168K, 1% used [0x00000000ff900000,0x00000000ff920000,0x0000000100000000)
  to   space 7168K, 0% used [0x00000000ff200000,0x00000000ff200000,0x00000000ff900000)
 ParOldGen       total 39936K, used 10234K [0x00000000e0c00000, 0x00000000e3300000, 0x00000000f5900000)
  object space 39936K, 25% used [0x00000000e0c00000,0x00000000e15fe9e0,0x00000000e3300000)
 PSPermGen       total 25600K, used 25479K [0x00000000d6600000, 0x00000000d7f00000, 0x00000000e0c00000)
  object space 25600K, 99% used [0x00000000d6600000,0x00000000d7ee1dd0,0x00000000d7f00000)

Card table byte_map: [0x00007f4ec4a9c000,0x00007f4ec4bea000] byte_map_base: 0x00007f4ec43e9000

Polling page: 0x00007f4ecf2ab000

Code Cache  [0x00007f4ec4bea000, 0x00007f4ec4e5a000, 0x00007f4ec7bea000)
 total_blobs=954 nmethods=475 adapters=433 free_code_cache=47061Kb largest_free_block=47942464

Compilation events (10 events):
Event: 4,722 Thread 0x00007f4ec80aa800 nmethod 499 0x00007f4ec4d8c9d0 code [0x00007f4ec4d8cb00, 0x00007f4ec4d8cb58]
Event: 4,747 Thread 0x00007f4ec80a7800 nmethod 492 0x00007f4ec4e218d0 code [0x00007f4ec4e22140, 0x00007f4ec4e277c0]
Event: 4,871 Thread 0x00007f4ec80aa800  500             org.jruby.ast.IterNode::getBlockBody (5 bytes)
Event: 4,871 Thread 0x00007f4ec80aa800 nmethod 500 0x00007f4ec4dad990 code [0x00007f4ec4dadac0, 0x00007f4ec4dadb18]
Event: 4,879 Thread 0x00007f4ec80a7800  501             org.jruby.runtime.Block::escape (9 bytes)
Event: 4,880 Thread 0x00007f4ec80a7800 nmethod 501 0x00007f4ec4c5b4d0 code [0x00007f4ec4c5b600, 0x00007f4ec4c5b678]
Event: 5,053 Thread 0x00007f4ec80a7800  502             org.jruby.runtime.ThreadContext::getCurrentFrame (10 bytes)
Event: 5,054 Thread 0x00007f4ec80a7800 nmethod 502 0x00007f4ec4c62bd0 code [0x00007f4ec4c62d20, 0x00007f4ec4c62db8]
Event: 5,133 Thread 0x00007f4ec80aa800  503             org.jruby.parser.StaticScope::determineModule (57 bytes)
Event: 5,134 Thread 0x00007f4ec80aa800 nmethod 503 0x00007f4ec4db5b10 code [0x00007f4ec4db5c40, 0x00007f4ec4db5cb8]

GC Heap History (10 events):
Event: 4,030 GC heap before
{Heap before GC invocations=4 (full 0):
 PSYoungGen      total 33280K, used 33253K [0x00000000f5900000, 0x00000000f9a00000, 0x0000000100000000)
  eden space 30720K, 100% used [0x00000000f5900000,0x00000000f7700000,0x00000000f7700000)
  from space 2560K, 98% used [0x00000000f7700000,0x00000000f7979538,0x00000000f7980000)
  to   space 2560K, 0% used [0x00000000f9780000,0x00000000f9780000,0x00000000f9a00000)
 ParOldGen       total 39936K, used 7657K [0x00000000e0c00000, 0x00000000e3300000, 0x00000000f5900000)
  object space 39936K, 19% used [0x00000000e0c00000,0x00000000e137a418,0x00000000e3300000)
 PSPermGen       total 25600K, used 25471K [0x00000000d6600000, 0x00000000d7f00000, 0x00000000e0c00000)
  object space 25600K, 99% used [0x00000000d6600000,0x00000000d7edfe68,0x00000000d7f00000)
Event: 4,056 GC heap after
Heap after GC invocations=4 (full 0):
 PSYoungGen      total 64000K, used 2533K [0x00000000f5900000, 0x00000000f9a00000, 0x0000000100000000)
  eden space 61440K, 0% used [0x00000000f5900000,0x00000000f5900000,0x00000000f9500000)
  from space 2560K, 98% used [0x00000000f9780000,0x00000000f99f9518,0x00000000f9a00000)
  to   space 2560K, 0% used [0x00000000f9500000,0x00000000f9500000,0x00000000f9780000)
 ParOldGen       total 39936K, used 7697K [0x00000000e0c00000, 0x00000000e3300000, 0x00000000f5900000)
  object space 39936K, 19% used [0x00000000e0c00000,0x00000000e1384418,0x00000000e3300000)
 PSPermGen       total 25600K, used 25471K [0x00000000d6600000, 0x00000000d7f00000, 0x00000000e0c00000)
  object space 25600K, 99% used [0x00000000d6600000,0x00000000d7edfe68,0x00000000d7f00000)
}
Event: 4,506 GC heap before
{Heap before GC invocations=5 (full 0):
 PSYoungGen      total 64000K, used 63973K [0x00000000f5900000, 0x00000000f9a00000, 0x0000000100000000)
  eden space 61440K, 100% used [0x00000000f5900000,0x00000000f9500000,0x00000000f9500000)
  from space 2560K, 98% used [0x00000000f9780000,0x00000000f99f9518,0x00000000f9a00000)
  to   space 2560K, 0% used [0x00000000f9500000,0x00000000f9500000,0x00000000f9780000)
 ParOldGen       total 39936K, used 7697K [0x00000000e0c00000, 0x00000000e3300000, 0x00000000f5900000)
  object space 39936K, 19% used [0x00000000e0c00000,0x00000000e1384418,0x00000000e3300000)
 PSPermGen       total 25600K, used 25472K [0x00000000d6600000, 0x00000000d7f00000, 0x00000000e0c00000)
  object space 25600K, 99% used [0x00000000d6600000,0x00000000d7ee0160,0x00000000d7f00000)
Event: 4,523 GC heap after
Heap after GC invocations=5 (full 0):
 PSYoungGen      total 64000K, used 2549K [0x00000000f5900000, 0x00000000fde00000, 0x0000000100000000)
  eden space 61440K, 0% used [0x00000000f5900000,0x00000000f5900000,0x00000000f9500000)
  from space 2560K, 99% used [0x00000000f9500000,0x00000000f977d528,0x00000000f9780000)
  to   space 6656K, 0% used [0x00000000fd780000,0x00000000fd780000,0x00000000fde00000)
 ParOldGen       total 39936K, used 7713K [0x00000000e0c00000, 0x00000000e3300000, 0x00000000f5900000)
  object space 39936K, 19% used [0x00000000e0c00000,0x00000000e1388418,0x00000000e3300000)
 PSPermGen       total 25600K, used 25472K [0x00000000d6600000, 0x00000000d7f00000, 0x00000000e0c00000)
  object space 25600K, 99% used [0x00000000d6600000,0x00000000d7ee0160,0x00000000d7f00000)
}
Event: 4,648 GC heap before
{Heap before GC invocations=6 (full 0):
 PSYoungGen      total 64000K, used 63989K [0x00000000f5900000, 0x00000000fde00000, 0x0000000100000000)
  eden space 61440K, 100% used [0x00000000f5900000,0x00000000f9500000,0x00000000f9500000)
  from space 2560K, 99% used [0x00000000f9500000,0x00000000f977d528,0x00000000f9780000)
  to   space 6656K, 0% used [0x00000000fd780000,0x00000000fd780000,0x00000000fde00000)
 ParOldGen       total 39936K, used 7713K [0x00000000e0c00000, 0x00000000e3300000, 0x00000000f5900000)
  object space 39936K, 19% used [0x00000000e0c00000,0x00000000e1388418,0x00000000e3300000)
 PSPermGen       total 25600K, used 25472K [0x00000000d6600000, 0x00000000d7f00000, 0x00000000e0c00000)
  object space 25600K, 99% used [0x00000000d6600000,0x00000000d7ee03a8,0x00000000d7f00000)
Event: 4,666 GC heap after
Heap after GC invocations=6 (full 0):
 PSYoungGen      total 129536K, used 2533K [0x00000000f5900000, 0x00000000fde00000, 0x0000000100000000)
  eden space 122880K, 0% used [0x00000000f5900000,0x00000000f5900000,0x00000000fd100000)
  from space 6656K, 38% used [0x00000000fd780000,0x00000000fd9f9538,0x00000000fde00000)
  to   space 6656K, 0% used [0x00000000fd100000,0x00000000fd100000,0x00000000fd780000)
 ParOldGen       total 39936K, used 7713K [0x00000000e0c00000, 0x00000000e3300000, 0x00000000f5900000)
  object space 39936K, 19% used [0x00000000e0c00000,0x00000000e1388418,0x00000000e3300000)
 PSPermGen       total 25600K, used 25472K [0x00000000d6600000, 0x00000000d7f00000, 0x00000000e0c00000)
  object space 25600K, 99% used [0x00000000d6600000,0x00000000d7ee03a8,0x00000000d7f00000)
}
Event: 4,841 GC heap before
{Heap before GC invocations=7 (full 0):
 PSYoungGen      total 129536K, used 125413K [0x00000000f5900000, 0x00000000fde00000, 0x0000000100000000)
  eden space 122880K, 100% used [0x00000000f5900000,0x00000000fd100000,0x00000000fd100000)
  from space 6656K, 38% used [0x00000000fd780000,0x00000000fd9f9538,0x00000000fde00000)
  to   space 6656K, 0% used [0x00000000fd100000,0x00000000fd100000,0x00000000fd780000)
 ParOldGen       total 39936K, used 7713K [0x00000000e0c00000, 0x00000000e3300000, 0x00000000f5900000)
  object space 39936K, 19% used [0x00000000e0c00000,0x00000000e1388418,0x00000000e3300000)
 PSPermGen       total 25600K, used 25477K [0x00000000d6600000, 0x00000000d7f00000, 0x00000000e0c00000)
  object space 25600K, 99% used [0x00000000d6600000,0x00000000d7ee1488,0x00000000d7f00000)
Event: 4,853 GC heap after
Heap after GC invocations=7 (full 0):
 PSYoungGen      total 129536K, used 1056K [0x00000000f5900000, 0x0000000100000000, 0x0000000100000000)
  eden space 122880K, 0% used [0x00000000f5900000,0x00000000f5900000,0x00000000fd100000)
  from space 6656K, 15% used [0x00000000fd100000,0x00000000fd208000,0x00000000fd780000)
  to   space 7168K, 0% used [0x00000000ff900000,0x00000000ff900000,0x0000000100000000)
 ParOldGen       total 39936K, used 9198K [0x00000000e0c00000, 0x00000000e3300000, 0x00000000f5900000)
  object space 39936K, 23% used [0x00000000e0c00000,0x00000000e14fb9b0,0x00000000e3300000)
 PSPermGen       total 25600K, used 25477K [0x00000000d6600000, 0x00000000d7f00000, 0x00000000e0c00000)
  object space 25600K, 99% used [0x00000000d6600000,0x00000000d7ee1488,0x00000000d7f00000)
}
Event: 4,994 GC heap before
{Heap before GC invocations=8 (full 0):
 PSYoungGen      total 129536K, used 123936K [0x00000000f5900000, 0x0000000100000000, 0x0000000100000000)
  eden space 122880K, 100% used [0x00000000f5900000,0x00000000fd100000,0x00000000fd100000)
  from space 6656K, 15% used [0x00000000fd100000,0x00000000fd208000,0x00000000fd780000)
  to   space 7168K, 0% used [0x00000000ff900000,0x00000000ff900000,0x0000000100000000)
 ParOldGen       total 39936K, used 9198K [0x00000000e0c00000, 0x00000000e3300000, 0x00000000f5900000)
  object space 39936K, 23% used [0x00000000e0c00000,0x00000000e14fb9b0,0x00000000e3300000)
 PSPermGen       total 25600K, used 25477K [0x00000000d6600000, 0x00000000d7f00000, 0x00000000e0c00000)
  object space 25600K, 99% used [0x00000000d6600000,0x00000000d7ee1488,0x00000000d7f00000)
Event: 4,998 GC heap after
Heap after GC invocations=8 (full 0):
 PSYoungGen      total 163840K, used 128K [0x00000000f5900000, 0x0000000100000000, 0x0000000100000000)
  eden space 156672K, 0% used [0x00000000f5900000,0x00000000f5900000,0x00000000ff200000)
  from space 7168K, 1% used [0x00000000ff900000,0x00000000ff920000,0x0000000100000000)
  to   space 7168K, 0% used [0x00000000ff200000,0x00000000ff200000,0x00000000ff900000)
 ParOldGen       total 39936K, used 10234K [0x00000000e0c00000, 0x00000000e3300000, 0x00000000f5900000)
  object space 39936K, 25% used [0x00000000e0c00000,0x00000000e15fe9e0,0x00000000e3300000)
 PSPermGen       total 25600K, used 25477K [0x00000000d6600000, 0x00000000d7f00000, 0x00000000e0c00000)
  object space 25600K, 99% used [0x00000000d6600000,0x00000000d7ee1488,0x00000000d7f00000)
}

Deoptimization events (10 events):
Event: 3,343 Thread 0x00007f4ec800a800 Uncommon trap: reason=class_check action=maybe_recompile pc=0x00007f4ec4d510f8 method=org.jruby.RubyArray.compare(Lorg/jruby/runtime/ThreadContext;Lorg/jruby/runtime/invokedynamic/MethodNames;Lorg/jruby/runtime/builtin/IRubyObject;)Lorg/jruby/RubyBoolean;
Event: 3,343 Thread 0x00007f4ec800a800 Uncommon trap: reason=class_check action=maybe_recompile pc=0x00007f4ec4d510f8 method=org.jruby.RubyArray.compare(Lorg/jruby/runtime/ThreadContext;Lorg/jruby/runtime/invokedynamic/MethodNames;Lorg/jruby/runtime/builtin/IRubyObject;)Lorg/jruby/RubyBoolean;
Event: 3,343 Thread 0x00007f4ec800a800 Uncommon trap: reason=class_check action=maybe_recompile pc=0x00007f4ec4d510f8 method=org.jruby.RubyArray.compare(Lorg/jruby/runtime/ThreadContext;Lorg/jruby/runtime/invokedynamic/MethodNames;Lorg/jruby/runtime/builtin/IRubyObject;)Lorg/jruby/RubyBoolean;
Event: 3,343 Thread 0x00007f4ec800a800 Uncommon trap: reason=class_check action=maybe_recompile pc=0x00007f4ec4d510f8 method=org.jruby.RubyArray.compare(Lorg/jruby/runtime/ThreadContext;Lorg/jruby/runtime/invokedynamic/MethodNames;Lorg/jruby/runtime/builtin/IRubyObject;)Lorg/jruby/RubyBoolean;
Event: 3,657 Thread 0x00007f4ec800a800 Uncommon trap: reason=unreached action=reinterpret pc=0x00007f4ec4d985d0 method=java.util.HashSet.add(Ljava/lang/Object;)Z @ 11
Event: 5,178 Thread 0x00007f4ec800a800 Uncommon trap: reason=unreached action=reinterpret pc=0x00007f4ec4db5c88 method=org.jruby.parser.StaticScope.determineModule()Lorg/jruby/RubyModule; @ 4
Event: 5,178 Thread 0x00007f4ec800a800 Uncommon trap: reason=class_check action=maybe_recompile pc=0x00007f4ec4db63bc method=org.jruby.runtime.callsite.NormalCachingCallSite.methodMissing(Lorg/jruby/internal/runtime/methods/DynamicMethod;Lorg/jruby/runtime/builtin/IRubyObject;)Z @ 25
Event: 5,178 Thread 0x00007f4ec800a800 Uncommon trap: reason=class_check action=maybe_recompile pc=0x00007f4ec4db63bc method=org.jruby.runtime.callsite.NormalCachingCallSite.methodMissing(Lorg/jruby/internal/runtime/methods/DynamicMethod;Lorg/jruby/runtime/builtin/IRubyObject;)Z @ 25
Event: 5,178 Thread 0x00007f4ec800a800 Uncommon trap: reason=class_check action=maybe_recompile pc=0x00007f4ec4db63bc method=org.jruby.runtime.callsite.NormalCachingCallSite.methodMissing(Lorg/jruby/internal/runtime/methods/DynamicMethod;Lorg/jruby/runtime/builtin/IRubyObject;)Z @ 25
Event: 5,178 Thread 0x00007f4ec800a800 Uncommon trap: reason=class_check action=maybe_recompile pc=0x00007f4ec4db63bc method=org.jruby.runtime.callsite.NormalCachingCallSite.methodMissing(Lorg/jruby/internal/runtime/methods/DynamicMethod;Lorg/jruby/runtime/builtin/IRubyObject;)Z @ 25

Internal exceptions (10 events):
Event: 3,168 Thread 0x00007f4ec8483000 Threw 0x00000000f62d7890 at /build/buildd/openjdk-7-7u51-2.4.4/build/openjdk/hotspot/src/share/vm/prims/jvm.cpp:1244
Event: 3,169 Thread 0x00007f4ec8483000 Threw 0x00000000f62d8930 at /build/buildd/openjdk-7-7u51-2.4.4/build/openjdk/hotspot/src/share/vm/prims/jvm.cpp:1244
Event: 3,216 Thread 0x00007f4ec8461000 Threw 0x00000000f633f148 at /build/buildd/openjdk-7-7u51-2.4.4/build/openjdk/hotspot/src/share/vm/prims/jvm.cpp:1244
Event: 3,216 Thread 0x00007f4ec8483000 Threw 0x00000000f64e6400 at /build/buildd/openjdk-7-7u51-2.4.4/build/openjdk/hotspot/src/share/vm/prims/jvm.cpp:1244
Event: 3,216 Thread 0x00007f4ec8483000 Threw 0x00000000f64e7500 at /build/buildd/openjdk-7-7u51-2.4.4/build/openjdk/hotspot/src/share/vm/prims/jvm.cpp:1244
Event: 3,216 Thread 0x00007f4ec8461000 Threw 0x00000000f6340248 at /build/buildd/openjdk-7-7u51-2.4.4/build/openjdk/hotspot/src/share/vm/prims/jvm.cpp:1244
Event: 3,221 Thread 0x00007f4ec8483000 Threw 0x00000000f650ef68 at /build/buildd/openjdk-7-7u51-2.4.4/build/openjdk/hotspot/src/share/vm/prims/jvm.cpp:1244
Event: 3,221 Thread 0x00007f4ec8483000 Threw 0x00000000f6510110 at /build/buildd/openjdk-7-7u51-2.4.4/build/openjdk/hotspot/src/share/vm/prims/jvm.cpp:1244
Event: 3,357 Thread 0x00007f4ec8461000 Threw 0x00000000f655a450 at /build/buildd/openjdk-7-7u51-2.4.4/build/openjdk/hotspot/src/share/vm/prims/jvm.cpp:1244
Event: 3,358 Thread 0x00007f4ec8461000 Threw 0x00000000f66bcdc0 at /build/buildd/openjdk-7-7u51-2.4.4/build/openjdk/hotspot/src/share/vm/prims/jvm.cpp:1244

Events (10 events):
Event: 5,178 Thread 0x00007f4ec800a800 DEOPT UNPACKING pc=0x00007f4ec4c23045 sp=0x00007f4ecce9afe8 mode 2
Event: 5,178 Thread 0x00007f4ec800a800 Uncommon trap: trap_request=0xffffffde fr.pc=0x00007f4ec4db63bc
Event: 5,178 Thread 0x00007f4ec800a800 DEOPT PACKING pc=0x00007f4ec4db63bc sp=0x00007f4ecce9ab40
Event: 5,178 Thread 0x00007f4ec800a800 DEOPT UNPACKING pc=0x00007f4ec4c23045 sp=0x00007f4ecce9ab08 mode 2
Event: 5,178 Thread 0x00007f4ec800a800 Uncommon trap: trap_request=0xffffffde fr.pc=0x00007f4ec4db63bc
Event: 5,178 Thread 0x00007f4ec800a800 DEOPT PACKING pc=0x00007f4ec4db63bc sp=0x00007f4ecce9ab40
Event: 5,178 Thread 0x00007f4ec800a800 DEOPT UNPACKING pc=0x00007f4ec4c23045 sp=0x00007f4ecce9ab08 mode 2
Event: 5,178 Thread 0x00007f4ec800a800 Uncommon trap: trap_request=0xffffffde fr.pc=0x00007f4ec4db63bc
Event: 5,178 Thread 0x00007f4ec800a800 DEOPT PACKING pc=0x00007f4ec4db63bc sp=0x00007f4ecce9aba0
Event: 5,178 Thread 0x00007f4ec800a800 DEOPT UNPACKING pc=0x00007f4ec4c23045 sp=0x00007f4ecce9ab68 mode 2


Dynamic libraries:
00400000-00401000 r-xp 00000000 08:05 12322450                           /usr/lib/jvm/java-7-openjdk-amd64/jre/bin/java
00600000-00601000 r--p 00000000 08:05 12322450                           /usr/lib/jvm/java-7-openjdk-amd64/jre/bin/java
00601000-00602000 rw-p 00001000 08:05 12322450                           /usr/lib/jvm/java-7-openjdk-amd64/jre/bin/java
00765000-00786000 rw-p 00000000 00:00 0                                  [heap]
d6600000-d7f00000 rw-p 00000000 00:00 0 
d7f00000-e0c00000 rw-p 00000000 00:00 0 
e0c00000-e3300000 rw-p 00000000 00:00 0 
e3300000-f5900000 rw-p 00000000 00:00 0 
f5900000-100000000 rw-p 00000000 00:00 0 
7f4e74000000-7f4e74021000 rw-p 00000000 00:00 0 
7f4e74021000-7f4e78000000 ---p 00000000 00:00 0 
7f4e78000000-7f4e78021000 rw-p 00000000 00:00 0 
7f4e78021000-7f4e7c000000 ---p 00000000 00:00 0 
7f4e80000000-7f4e80021000 rw-p 00000000 00:00 0 
7f4e80021000-7f4e84000000 ---p 00000000 00:00 0 
7f4e84000000-7f4e84021000 rw-p 00000000 00:00 0 
7f4e84021000-7f4e88000000 ---p 00000000 00:00 0 
7f4e88000000-7f4e88027000 rw-p 00000000 00:00 0 
7f4e88027000-7f4e8c000000 ---p 00000000 00:00 0 
7f4e8e349000-7f4e8e34b000 r-xp 00000000 08:05 16778100                   /home/luis/practica01/src/lib/libconvex_hull.so
7f4e8e34b000-7f4e8e54a000 ---p 00002000 08:05 16778100                   /home/luis/practica01/src/lib/libconvex_hull.so
7f4e8e54a000-7f4e8e54b000 r--p 00001000 08:05 16778100                   /home/luis/practica01/src/lib/libconvex_hull.so
7f4e8e54b000-7f4e8e54c000 rw-p 00002000 08:05 16778100                   /home/luis/practica01/src/lib/libconvex_hull.so
7f4e8e54c000-7f4e8e54e000 r-xp 00000000 08:05 16777925                   /home/luis/practica01/src/lib/libdouble_linked_list.so
7f4e8e54e000-7f4e8e74d000 ---p 00002000 08:05 16777925                   /home/luis/practica01/src/lib/libdouble_linked_list.so
7f4e8e74d000-7f4e8e74e000 r--p 00001000 08:05 16777925                   /home/luis/practica01/src/lib/libdouble_linked_list.so
7f4e8e74e000-7f4e8e74f000 rw-p 00002000 08:05 16777925                   /home/luis/practica01/src/lib/libdouble_linked_list.so
7f4e8e74f000-7f4e8e750000 r-xp 00000000 08:05 16777919                   /home/luis/practica01/src/lib/lib2d_points.so
7f4e8e750000-7f4e8e94f000 ---p 00001000 08:05 16777919                   /home/luis/practica01/src/lib/lib2d_points.so
7f4e8e94f000-7f4e8e950000 r--p 00000000 08:05 16777919                   /home/luis/practica01/src/lib/lib2d_points.so
7f4e8e950000-7f4e8e951000 rw-p 00001000 08:05 16777919                   /home/luis/practica01/src/lib/lib2d_points.so
7f4e8e951000-7f4e8e954000 ---p 00000000 00:00 0 
7f4e8e954000-7f4e8eb52000 rw-p 00000000 00:00 0 
7f4e8eb52000-7f4e8eb55000 ---p 00000000 00:00 0 
7f4e8eb55000-7f4e8ed53000 rw-p 00000000 00:00 0 
7f4e8ed53000-7f4e8ed56000 ---p 00000000 00:00 0 
7f4e8ed56000-7f4e8ef54000 rw-p 00000000 00:00 0                          [stack:13161]
7f4e8ef54000-7f4e8ef57000 ---p 00000000 00:00 0 
7f4e8ef57000-7f4e8f155000 rw-p 00000000 00:00 0                          [stack:13091]
7f4e8f155000-7f4e8f167000 r-xp 00000000 08:05 16253453                   /home/luis/.rbenv/versions/jruby-1.7.10/lib/jni/x86_64-Linux/libjffi-1.2.so
7f4e8f167000-7f4e8f366000 ---p 00012000 08:05 16253453                   /home/luis/.rbenv/versions/jruby-1.7.10/lib/jni/x86_64-Linux/libjffi-1.2.so
7f4e8f366000-7f4e8f367000 rw-p 00011000 08:05 16253453                   /home/luis/.rbenv/versions/jruby-1.7.10/lib/jni/x86_64-Linux/libjffi-1.2.so
7f4e8f367000-7f4e8f377000 r-xp 00000000 08:05 12322344                   /usr/lib/jvm/java-7-openjdk-amd64/jre/lib/amd64/libnio.so
7f4e8f377000-7f4e8f577000 ---p 00010000 08:05 12322344                   /usr/lib/jvm/java-7-openjdk-amd64/jre/lib/amd64/libnio.so
7f4e8f577000-7f4e8f578000 r--p 00010000 08:05 12322344                   /usr/lib/jvm/java-7-openjdk-amd64/jre/lib/amd64/libnio.so
7f4e8f578000-7f4e8f579000 rw-p 00011000 08:05 12322344                   /usr/lib/jvm/java-7-openjdk-amd64/jre/lib/amd64/libnio.so
7f4e8f579000-7f4e8f5b6000 r-xp 00000000 08:05 9834371                    /lib/x86_64-linux-gnu/libpcre.so.3.13.1
7f4e8f5b6000-7f4e8f7b6000 ---p 0003d000 08:05 9834371                    /lib/x86_64-linux-gnu/libpcre.so.3.13.1
7f4e8f7b6000-7f4e8f7b7000 r--p 0003d000 08:05 9834371                    /lib/x86_64-linux-gnu/libpcre.so.3.13.1
7f4e8f7b7000-7f4e8f7b8000 rw-p 0003e000 08:05 9834371                    /lib/x86_64-linux-gnu/libpcre.so.3.13.1
7f4e8f7b8000-7f4e8f7bf000 r-xp 00000000 08:05 12196946                   /usr/lib/x86_64-linux-gnu/libffi.so.6.0.1
7f4e8f7bf000-7f4e8f9be000 ---p 00007000 08:05 12196946                   /usr/lib/x86_64-linux-gnu/libffi.so.6.0.1
7f4e8f9be000-7f4e8f9bf000 r--p 00006000 08:05 12196946                   /usr/lib/x86_64-linux-gnu/libffi.so.6.0.1
7f4e8f9bf000-7f4e8f9c0000 rw-p 00007000 08:05 12196946                   /usr/lib/x86_64-linux-gnu/libffi.so.6.0.1
7f4e8f9c0000-7f4e8f9d6000 r-xp 00000000 08:05 9834394                    /lib/x86_64-linux-gnu/libresolv-2.17.so
7f4e8f9d6000-7f4e8fbd6000 ---p 00016000 08:05 9834394                    /lib/x86_64-linux-gnu/libresolv-2.17.so
7f4e8fbd6000-7f4e8fbd7000 r--p 00016000 08:05 9834394                    /lib/x86_64-linux-gnu/libresolv-2.17.so
7f4e8fbd7000-7f4e8fbd8000 rw-p 00017000 08:05 9834394                    /lib/x86_64-linux-gnu/libresolv-2.17.so
7f4e8fbd8000-7f4e8fbda000 rw-p 00000000 00:00 0 
7f4e8fbda000-7f4e8fbf9000 r-xp 00000000 08:05 9834398                    /lib/x86_64-linux-gnu/libselinux.so.1
7f4e8fbf9000-7f4e8fdf9000 ---p 0001f000 08:05 9834398                    /lib/x86_64-linux-gnu/libselinux.so.1
7f4e8fdf9000-7f4e8fdfa000 r--p 0001f000 08:05 9834398                    /lib/x86_64-linux-gnu/libselinux.so.1
7f4e8fdfa000-7f4e8fdfb000 rw-p 00020000 08:05 9834398                    /lib/x86_64-linux-gnu/libselinux.so.1
7f4e8fdfb000-7f4e8fdfc000 rw-p 00000000 00:00 0 
7f4e8fdfc000-7f4e8fdff000 r-xp 00000000 08:05 12190134                   /usr/lib/x86_64-linux-gnu/libgmodule-2.0.so.0.3800.1
7f4e8fdff000-7f4e8fffe000 ---p 00003000 08:05 12190134                   /usr/lib/x86_64-linux-gnu/libgmodule-2.0.so.0.3800.1
7f4e8fffe000-7f4e8ffff000 r--p 00002000 08:05 12190134                   /usr/lib/x86_64-linux-gnu/libgmodule-2.0.so.0.3800.1
7f4e8ffff000-7f4e90000000 rw-p 00003000 08:05 12190134                   /usr/lib/x86_64-linux-gnu/libgmodule-2.0.so.0.3800.1
7f4e90000000-7f4e90021000 rw-p 00000000 00:00 0 
7f4e90021000-7f4e94000000 ---p 00000000 00:00 0 
7f4e94000000-7f4e94021000 rw-p 00000000 00:00 0 
7f4e94021000-7f4e98000000 ---p 00000000 00:00 0 
7f4e98000000-7f4e993ea000 rw-p 00000000 00:00 0 
7f4e993ea000-7f4e9c000000 ---p 00000000 00:00 0 
7f4e9c000000-7f4e9d4ac000 rw-p 00000000 00:00 0 
7f4e9d4ac000-7f4ea0000000 ---p 00000000 00:00 0 
7f4ea0000000-7f4ea0021000 rw-p 00000000 00:00 0 
7f4ea0021000-7f4ea4000000 ---p 00000000 00:00 0 
7f4ea4000000-7f4ea4021000 rw-p 00000000 00:00 0 
7f4ea4021000-7f4ea8000000 ---p 00000000 00:00 0 
7f4ea8000000-7f4ea8021000 rw-p 00000000 00:00 0 
7f4ea8021000-7f4eac000000 ---p 00000000 00:00 0 
7f4eac000000-7f4eac021000 rw-p 00000000 00:00 0 
7f4eac021000-7f4eb0000000 ---p 00000000 00:00 0 
7f4eb0000000-7f4eb0021000 rw-p 00000000 00:00 0 
7f4eb0021000-7f4eb4000000 ---p 00000000 00:00 0 
7f4eb41c2000-7f4eb41c5000 ---p 00000000 00:00 0 
7f4eb41c5000-7f4eb41fb000 rw-p 00000000 00:00 0                          [stack:13094]
7f4eb41fb000-7f4eb42f9000 r-xp 00000000 08:05 9834386                    /lib/x86_64-linux-gnu/libglib-2.0.so.0.3800.1
7f4eb42f9000-7f4eb44f9000 ---p 000fe000 08:05 9834386                    /lib/x86_64-linux-gnu/libglib-2.0.so.0.3800.1
7f4eb44f9000-7f4eb44fa000 r--p 000fe000 08:05 9834386                    /lib/x86_64-linux-gnu/libglib-2.0.so.0.3800.1
7f4eb44fa000-7f4eb44fb000 rw-p 000ff000 08:05 9834386                    /lib/x86_64-linux-gnu/libglib-2.0.so.0.3800.1
7f4eb44fb000-7f4eb44fc000 rw-p 00000000 00:00 0 
7f4eb44fc000-7f4eb454b000 r-xp 00000000 08:05 12190125                   /usr/lib/x86_64-linux-gnu/libgobject-2.0.so.0.3800.1
7f4eb454b000-7f4eb474b000 ---p 0004f000 08:05 12190125                   /usr/lib/x86_64-linux-gnu/libgobject-2.0.so.0.3800.1
7f4eb474b000-7f4eb474c000 r--p 0004f000 08:05 12190125                   /usr/lib/x86_64-linux-gnu/libgobject-2.0.so.0.3800.1
7f4eb474c000-7f4eb474d000 rw-p 00050000 08:05 12190125                   /usr/lib/x86_64-linux-gnu/libgobject-2.0.so.0.3800.1
7f4eb474d000-7f4eb48a9000 r-xp 00000000 08:05 12190099                   /usr/lib/x86_64-linux-gnu/libgio-2.0.so.0.3800.1
7f4eb48a9000-7f4eb4aa8000 ---p 0015c000 08:05 12190099                   /usr/lib/x86_64-linux-gnu/libgio-2.0.so.0.3800.1
7f4eb4aa8000-7f4eb4aac000 r--p 0015b000 08:05 12190099                   /usr/lib/x86_64-linux-gnu/libgio-2.0.so.0.3800.1
7f4eb4aac000-7f4eb4aae000 rw-p 0015f000 08:05 12190099                   /usr/lib/x86_64-linux-gnu/libgio-2.0.so.0.3800.1
7f4eb4aae000-7f4eb4ab0000 rw-p 00000000 00:00 0 
7f4eb4ac7000-7f4eb4add000 r-xp 00000000 08:05 12322132                   /usr/lib/jvm/java-7-openjdk-amd64/jre/lib/amd64/libnet.so
7f4eb4add000-7f4eb4cdc000 ---p 00016000 08:05 12322132                   /usr/lib/jvm/java-7-openjdk-amd64/jre/lib/amd64/libnet.so
7f4eb4cdc000-7f4eb4cdd000 r--p 00015000 08:05 12322132                   /usr/lib/jvm/java-7-openjdk-amd64/jre/lib/amd64/libnet.so
7f4eb4cdd000-7f4eb4cde000 rw-p 00016000 08:05 12322132                   /usr/lib/jvm/java-7-openjdk-amd64/jre/lib/amd64/libnet.so
7f4eb4cde000-7f4eb4cdf000 ---p 00000000 00:00 0 
7f4eb4cdf000-7f4eb4ddf000 rw-p 00000000 00:00 0                          [stack:13090]
7f4eb4ddf000-7f4eb4de2000 ---p 00000000 00:00 0 
7f4eb4de2000-7f4eb4fe0000 rw-p 00000000 00:00 0                          [stack:13089]
7f4eb4fe0000-7f4eb4fe3000 ---p 00000000 00:00 0 
7f4eb4fe3000-7f4eb50e1000 rw-p 00000000 00:00 0                          [stack:13088]
7f4eb50e1000-7f4eb50e4000 ---p 00000000 00:00 0 
7f4eb50e4000-7f4eb51e2000 rw-p 00000000 00:00 0                          [stack:13087]
7f4eb51e2000-7f4eb51e5000 ---p 00000000 00:00 0 
7f4eb51e5000-7f4eb53e3000 rw-p 00000000 00:00 0                          [stack:13086]
7f4eb53e3000-7f4eb57dd000 r--p 00000000 08:05 12195384                   /usr/lib/locale/locale-archive
7f4eb57dd000-7f4eb57e0000 ---p 00000000 00:00 0 
7f4eb57e0000-7f4eb59de000 rw-p 00000000 00:00 0                          [stack:13085]
7f4eb59de000-7f4eb59e1000 ---p 00000000 00:00 0 
7f4eb59e1000-7f4eb5bdf000 rw-p 00000000 00:00 0                          [stack:13084]
7f4eb5bdf000-7f4eb5be0000 ---p 00000000 00:00 0 
7f4eb5be0000-7f4eb8000000 rw-p 00000000 00:00 0                          [stack:13083]
7f4eb8000000-7f4eb8021000 rw-p 00000000 00:00 0 
7f4eb8021000-7f4ebc000000 ---p 00000000 00:00 0 
7f4ebc000000-7f4ebc021000 rw-p 00000000 00:00 0 
7f4ebc021000-7f4ec0000000 ---p 00000000 00:00 0 
7f4ec0000000-7f4ec0021000 rw-p 00000000 00:00 0 
7f4ec0021000-7f4ec4000000 ---p 00000000 00:00 0 
7f4ec4007000-7f4ec4173000 rw-p 00000000 00:00 0 
7f4ec4173000-7f4ec425c000 r--s 00bb9000 08:05 16253440                   /home/luis/.rbenv/versions/jruby-1.7.10/lib/jruby.jar
7f4ec425c000-7f4ec42a4000 rw-p 00000000 00:00 0 
7f4ec42a4000-7f4ec4452000 r--s 01cf4000 08:05 12322430                   /usr/lib/jvm/java-7-openjdk-amd64/jre/lib/rt.jar
7f4ec4452000-7f4ec4698000 rw-p 00000000 00:00 0 
7f4ec4698000-7f4ec4699000 ---p 00000000 00:00 0 
7f4ec4699000-7f4ec4799000 rw-p 00000000 00:00 0                          [stack:13082]
7f4ec4799000-7f4ec479a000 ---p 00000000 00:00 0 
7f4ec479a000-7f4ec489a000 rw-p 00000000 00:00 0                          [stack:13081]
7f4ec489a000-7f4ec489b000 ---p 00000000 00:00 0 
7f4ec489b000-7f4ec499b000 rw-p 00000000 00:00 0                          [stack:13080]
7f4ec499b000-7f4ec499c000 ---p 00000000 00:00 0 
7f4ec499c000-7f4ec4aa9000 rw-p 00000000 00:00 0                          [stack:13079]
7f4ec4aa9000-7f4ec4aef000 rw-p 00000000 00:00 0 
7f4ec4aef000-7f4ec4b03000 rw-p 00000000 00:00 0 
7f4ec4b03000-7f4ec4b95000 rw-p 00000000 00:00 0 
7f4ec4b95000-7f4ec4be9000 rw-p 00000000 00:00 0 
7f4ec4be9000-7f4ec4bea000 rw-p 00000000 00:00 0 
7f4ec4bea000-7f4ec4e5a000 rwxp 00000000 00:00 0 
7f4ec4e5a000-7f4ec7bea000 rw-p 00000000 00:00 0 
7f4ec7bea000-7f4ec7bf2000 r-xp 00000000 08:05 12322081                   /usr/lib/jvm/java-7-openjdk-amd64/jre/lib/amd64/libzip.so
7f4ec7bf2000-7f4ec7df1000 ---p 00008000 08:05 12322081                   /usr/lib/jvm/java-7-openjdk-amd64/jre/lib/amd64/libzip.so
7f4ec7df1000-7f4ec7df2000 r--p 00007000 08:05 12322081                   /usr/lib/jvm/java-7-openjdk-amd64/jre/lib/amd64/libzip.so
7f4ec7df2000-7f4ec7df3000 rw-p 00008000 08:05 12322081                   /usr/lib/jvm/java-7-openjdk-amd64/jre/lib/amd64/libzip.so
7f4ec7df3000-7f4ec7dff000 r-xp 00000000 08:05 9834349                    /lib/x86_64-linux-gnu/libnss_files-2.17.so
7f4ec7dff000-7f4ec7ffe000 ---p 0000c000 08:05 9834349                    /lib/x86_64-linux-gnu/libnss_files-2.17.so
7f4ec7ffe000-7f4ec7fff000 r--p 0000b000 08:05 9834349                    /lib/x86_64-linux-gnu/libnss_files-2.17.so
7f4ec7fff000-7f4ec8000000 rw-p 0000c000 08:05 9834349                    /lib/x86_64-linux-gnu/libnss_files-2.17.so
7f4ec8000000-7f4ec84bc000 rw-p 00000000 00:00 0 
7f4ec84bc000-7f4ecc000000 ---p 00000000 00:00 0 
7f4ecc006000-7f4ecc027000 rw-p 00000000 00:00 0 
7f4ecc027000-7f4ecc032000 r-xp 00000000 08:05 9834353                    /lib/x86_64-linux-gnu/libnss_nis-2.17.so
7f4ecc032000-7f4ecc231000 ---p 0000b000 08:05 9834353                    /lib/x86_64-linux-gnu/libnss_nis-2.17.so
7f4ecc231000-7f4ecc232000 r--p 0000a000 08:05 9834353                    /lib/x86_64-linux-gnu/libnss_nis-2.17.so
7f4ecc232000-7f4ecc233000 rw-p 0000b000 08:05 9834353                    /lib/x86_64-linux-gnu/libnss_nis-2.17.so
7f4ecc233000-7f4ecc24a000 r-xp 00000000 08:05 9834343                    /lib/x86_64-linux-gnu/libnsl-2.17.so
7f4ecc24a000-7f4ecc449000 ---p 00017000 08:05 9834343                    /lib/x86_64-linux-gnu/libnsl-2.17.so
7f4ecc449000-7f4ecc44a000 r--p 00016000 08:05 9834343                    /lib/x86_64-linux-gnu/libnsl-2.17.so
7f4ecc44a000-7f4ecc44b000 rw-p 00017000 08:05 9834343                    /lib/x86_64-linux-gnu/libnsl-2.17.so
7f4ecc44b000-7f4ecc44d000 rw-p 00000000 00:00 0 
7f4ecc44d000-7f4ecc455000 r-xp 00000000 08:05 9834345                    /lib/x86_64-linux-gnu/libnss_compat-2.17.so
7f4ecc455000-7f4ecc654000 ---p 00008000 08:05 9834345                    /lib/x86_64-linux-gnu/libnss_compat-2.17.so
7f4ecc654000-7f4ecc655000 r--p 00007000 08:05 9834345                    /lib/x86_64-linux-gnu/libnss_compat-2.17.so
7f4ecc655000-7f4ecc656000 rw-p 00008000 08:05 9834345                    /lib/x86_64-linux-gnu/libnss_compat-2.17.so
7f4ecc656000-7f4ecc681000 r-xp 00000000 08:05 12322007                   /usr/lib/jvm/java-7-openjdk-amd64/jre/lib/amd64/libjava.so
7f4ecc681000-7f4ecc880000 ---p 0002b000 08:05 12322007                   /usr/lib/jvm/java-7-openjdk-amd64/jre/lib/amd64/libjava.so
7f4ecc880000-7f4ecc881000 r--p 0002a000 08:05 12322007                   /usr/lib/jvm/java-7-openjdk-amd64/jre/lib/amd64/libjava.so
7f4ecc881000-7f4ecc883000 rw-p 0002b000 08:05 12322007                   /usr/lib/jvm/java-7-openjdk-amd64/jre/lib/amd64/libjava.so
7f4ecc883000-7f4ecc893000 r-xp 00000000 08:05 12322321                   /usr/lib/jvm/java-7-openjdk-amd64/jre/lib/amd64/libverify.so
7f4ecc893000-7f4ecca92000 ---p 00010000 08:05 12322321                   /usr/lib/jvm/java-7-openjdk-amd64/jre/lib/amd64/libverify.so
7f4ecca92000-7f4ecca94000 r--p 0000f000 08:05 12322321                   /usr/lib/jvm/java-7-openjdk-amd64/jre/lib/amd64/libverify.so
7f4ecca94000-7f4ecca95000 rw-p 00011000 08:05 12322321                   /usr/lib/jvm/java-7-openjdk-amd64/jre/lib/amd64/libverify.so
7f4ecca95000-7f4ecca9c000 r-xp 00000000 08:05 9834396                    /lib/x86_64-linux-gnu/librt-2.17.so
7f4ecca9c000-7f4eccc9b000 ---p 00007000 08:05 9834396                    /lib/x86_64-linux-gnu/librt-2.17.so
7f4eccc9b000-7f4eccc9c000 r--p 00006000 08:05 9834396                    /lib/x86_64-linux-gnu/librt-2.17.so
7f4eccc9c000-7f4eccc9d000 rw-p 00007000 08:05 9834396                    /lib/x86_64-linux-gnu/librt-2.17.so
7f4eccc9d000-7f4eccca0000 ---p 00000000 00:00 0 
7f4eccca0000-7f4ecce9e000 rw-p 00000000 00:00 0                          [stack:13078]
7f4ecce9e000-7f4ecceb3000 r-xp 00000000 08:05 9830413                    /lib/x86_64-linux-gnu/libgcc_s.so.1
7f4ecceb3000-7f4ecd0b2000 ---p 00015000 08:05 9830413                    /lib/x86_64-linux-gnu/libgcc_s.so.1
7f4ecd0b2000-7f4ecd0b3000 r--p 00014000 08:05 9830413                    /lib/x86_64-linux-gnu/libgcc_s.so.1
7f4ecd0b3000-7f4ecd0b4000 rw-p 00015000 08:05 9830413                    /lib/x86_64-linux-gnu/libgcc_s.so.1
7f4ecd0b4000-7f4ecd1b7000 r-xp 00000000 08:05 9834324                    /lib/x86_64-linux-gnu/libm-2.17.so
7f4ecd1b7000-7f4ecd3b6000 ---p 00103000 08:05 9834324                    /lib/x86_64-linux-gnu/libm-2.17.so
7f4ecd3b6000-7f4ecd3b7000 r--p 00102000 08:05 9834324                    /lib/x86_64-linux-gnu/libm-2.17.so
7f4ecd3b7000-7f4ecd3b8000 rw-p 00103000 08:05 9834324                    /lib/x86_64-linux-gnu/libm-2.17.so
7f4ecd3b8000-7f4ecd49e000 r-xp 00000000 08:05 12190887                   /usr/lib/x86_64-linux-gnu/libstdc++.so.6.0.18
7f4ecd49e000-7f4ecd69d000 ---p 000e6000 08:05 12190887                   /usr/lib/x86_64-linux-gnu/libstdc++.so.6.0.18
7f4ecd69d000-7f4ecd6a5000 r--p 000e5000 08:05 12190887                   /usr/lib/x86_64-linux-gnu/libstdc++.so.6.0.18
7f4ecd6a5000-7f4ecd6a7000 rw-p 000ed000 08:05 12190887                   /usr/lib/x86_64-linux-gnu/libstdc++.so.6.0.18
7f4ecd6a7000-7f4ecd6bc000 rw-p 00000000 00:00 0 
7f4ecd6bc000-7f4ece19b000 r-xp 00000000 08:05 12322340                   /usr/lib/jvm/java-7-openjdk-amd64/jre/lib/amd64/server/libjvm.so
7f4ece19b000-7f4ece39a000 ---p 00adf000 08:05 12322340                   /usr/lib/jvm/java-7-openjdk-amd64/jre/lib/amd64/server/libjvm.so
7f4ece39a000-7f4ece42c000 r--p 00ade000 08:05 12322340                   /usr/lib/jvm/java-7-openjdk-amd64/jre/lib/amd64/server/libjvm.so
7f4ece42c000-7f4ece44f000 rw-p 00b70000 08:05 12322340                   /usr/lib/jvm/java-7-openjdk-amd64/jre/lib/amd64/server/libjvm.so
7f4ece44f000-7f4ece47c000 rw-p 00000000 00:00 0 
7f4ece47c000-7f4ece494000 r-xp 00000000 08:05 9834431                    /lib/x86_64-linux-gnu/libz.so.1.2.8
7f4ece494000-7f4ece693000 ---p 00018000 08:05 9834431                    /lib/x86_64-linux-gnu/libz.so.1.2.8
7f4ece693000-7f4ece694000 r--p 00017000 08:05 9834431                    /lib/x86_64-linux-gnu/libz.so.1.2.8
7f4ece694000-7f4ece695000 rw-p 00018000 08:05 9834431                    /lib/x86_64-linux-gnu/libz.so.1.2.8
7f4ece695000-7f4ece6ac000 r-xp 00000000 08:05 9834388                    /lib/x86_64-linux-gnu/libpthread-2.17.so
7f4ece6ac000-7f4ece8ac000 ---p 00017000 08:05 9834388                    /lib/x86_64-linux-gnu/libpthread-2.17.so
7f4ece8ac000-7f4ece8ad000 r--p 00017000 08:05 9834388                    /lib/x86_64-linux-gnu/libpthread-2.17.so
7f4ece8ad000-7f4ece8ae000 rw-p 00018000 08:05 9834388                    /lib/x86_64-linux-gnu/libpthread-2.17.so
7f4ece8ae000-7f4ece8b2000 rw-p 00000000 00:00 0 
7f4ece8b2000-7f4ece8b5000 r-xp 00000000 08:05 9834288                    /lib/x86_64-linux-gnu/libdl-2.17.so
7f4ece8b5000-7f4eceab4000 ---p 00003000 08:05 9834288                    /lib/x86_64-linux-gnu/libdl-2.17.so
7f4eceab4000-7f4eceab5000 r--p 00002000 08:05 9834288                    /lib/x86_64-linux-gnu/libdl-2.17.so
7f4eceab5000-7f4eceab6000 rw-p 00003000 08:05 9834288                    /lib/x86_64-linux-gnu/libdl-2.17.so
7f4eceab6000-7f4ecec73000 r-xp 00000000 08:05 9834273                    /lib/x86_64-linux-gnu/libc-2.17.so
7f4ecec73000-7f4ecee73000 ---p 001bd000 08:05 9834273                    /lib/x86_64-linux-gnu/libc-2.17.so
7f4ecee73000-7f4ecee77000 r--p 001bd000 08:05 9834273                    /lib/x86_64-linux-gnu/libc-2.17.so
7f4ecee77000-7f4ecee79000 rw-p 001c1000 08:05 9834273                    /lib/x86_64-linux-gnu/libc-2.17.so
7f4ecee79000-7f4ecee7e000 rw-p 00000000 00:00 0 
7f4ecee7e000-7f4ecee8b000 r-xp 00000000 08:05 12322347                   /usr/lib/jvm/java-7-openjdk-amd64/jre/lib/amd64/jli/libjli.so
7f4ecee8b000-7f4ecf08a000 ---p 0000d000 08:05 12322347                   /usr/lib/jvm/java-7-openjdk-amd64/jre/lib/amd64/jli/libjli.so
7f4ecf08a000-7f4ecf08b000 r--p 0000c000 08:05 12322347                   /usr/lib/jvm/java-7-openjdk-amd64/jre/lib/amd64/jli/libjli.so
7f4ecf08b000-7f4ecf08c000 rw-p 0000d000 08:05 12322347                   /usr/lib/jvm/java-7-openjdk-amd64/jre/lib/amd64/jli/libjli.so
7f4ecf08c000-7f4ecf0af000 r-xp 00000000 08:05 9834249                    /lib/x86_64-linux-gnu/ld-2.17.so
7f4ecf0b4000-7f4ecf0b5000 rw-p 00000000 00:00 0 
7f4ecf0b5000-7f4ecf0b6000 r-xp 00000000 00:00 0 
7f4ecf0b6000-7f4ecf0bd000 r--s 00000000 08:05 12588976                   /usr/lib/x86_64-linux-gnu/gconv/gconv-modules.cache
7f4ecf0bd000-7f4ecf0c2000 r--s 0004c000 08:05 12322352                   /usr/lib/jvm/java-7-openjdk-amd64/jre/lib/jsse.jar
7f4ecf0c2000-7f4ecf0c5000 r--s 00032000 08:05 12322366                   /usr/lib/jvm/java-7-openjdk-amd64/jre/lib/ext/sunjce_provider.jar
7f4ecf0c5000-7f4ecf0c8000 r--s 0000f000 08:05 12322362                   /usr/lib/jvm/java-7-openjdk-amd64/jre/lib/ext/pulse-java.jar
7f4ecf0c8000-7f4ecf0e3000 rw-p 00000000 00:00 0 
7f4ecf0e3000-7f4ecf129000 rw-p 00000000 00:00 0 
7f4ecf129000-7f4ecf13d000 rw-p 00000000 00:00 0 
7f4ecf13d000-7f4ecf1d0000 rw-p 00000000 00:00 0 
7f4ecf1d0000-7f4ecf1da000 rw-p 00000000 00:00 0 
7f4ecf1da000-7f4ecf290000 rw-p 00000000 00:00 0 
7f4ecf290000-7f4ecf295000 rw-p 00000000 00:00 0 
7f4ecf295000-7f4ecf297000 r--s 00006000 08:05 12717881                   /usr/share/java/java-atk-wrapper.jar
7f4ecf297000-7f4ecf29b000 r--s 00085000 08:05 12322360                   /usr/lib/jvm/java-7-openjdk-amd64/jre/lib/ext/localedata.jar
7f4ecf29b000-7f4ecf29f000 r--s 0003b000 08:05 12322372                   /usr/lib/jvm/java-7-openjdk-amd64/jre/lib/ext/sunpkcs11.jar
7f4ecf29f000-7f4ecf2a0000 r--s 00002000 08:05 12322370                   /usr/lib/jvm/java-7-openjdk-amd64/jre/lib/ext/dnsns.jar
7f4ecf2a0000-7f4ecf2a2000 r--s 00012000 08:05 12322364                   /usr/lib/jvm/java-7-openjdk-amd64/jre/lib/ext/zipfs.jar
7f4ecf2a2000-7f4ecf2aa000 rw-s 00000000 08:05 7340084                    /tmp/hsperfdata_luis/13053
7f4ecf2aa000-7f4ecf2ab000 rw-p 00000000 00:00 0 
7f4ecf2ab000-7f4ecf2ac000 r--p 00000000 00:00 0 
7f4ecf2ac000-7f4ecf2ae000 rw-p 00000000 00:00 0 
7f4ecf2ae000-7f4ecf2af000 r--p 00022000 08:05 9834249                    /lib/x86_64-linux-gnu/ld-2.17.so
7f4ecf2af000-7f4ecf2b1000 rw-p 00023000 08:05 9834249                    /lib/x86_64-linux-gnu/ld-2.17.so
7fff71e27000-7fff71e48000 rw-p 00000000 00:00 0                          [stack]
7fff71f40000-7fff71f42000 r-xp 00000000 00:00 0                          [vdso]
ffffffffff600000-ffffffffff601000 r-xp 00000000 00:00 0                  [vsyscall]

VM Arguments:
jvm_args: -Djdk.home= -Djruby.home=/home/luis/.rbenv/versions/jruby-1.7.10 -Djruby.script=jruby -Djruby.shell=/bin/sh -Djffi.boot.library.path=/home/luis/.rbenv/versions/jruby-1.7.10/lib/jni:/home/luis/.rbenv/versions/jruby-1.7.10/lib/jni/arm-Linux:/home/luis/.rbenv/versions/jruby-1.7.10/lib/jni/x86_64-Linux:/home/luis/.rbenv/versions/jruby-1.7.10/lib/jni/i386-Linux -Xmx500m -Xss2048k -Xbootclasspath/a:/home/luis/.rbenv/versions/jruby-1.7.10/lib/jruby.jar 
java_command: org/jruby/Main Makefile.rb clean compile test
Launcher Type: SUN_STANDARD

Environment Variables:
PATH=/home/luis/.rbenv/versions/jruby-1.7.10/bin:/home/luis/.rbenv/libexec:/home/luis/.rbenv/plugins/ruby-build/bin:/home/luis/.rbenv/shims:~/.rbenv/bin:~/.rbenv/bin:/usr/local/sbin:/usr/local/bin:/usr/sbin:/usr/bin:/sbin:/bin:/usr/games:/usr/local/games
USERNAME=luis
SHELL=/bin/bash
DISPLAY=:0

Signal Handlers:
SIGSEGV: [libjvm.so+0x916ea0], sa_mask[0]=0x7ffbfeff, sa_flags=0x10000004
SIGBUS: [libjvm.so+0x916ea0], sa_mask[0]=0x7ffbfeff, sa_flags=0x10000004
SIGFPE: [libjvm.so+0x794800], sa_mask[0]=0x7ffbfeff, sa_flags=0x10000004
SIGPIPE: [libjvm.so+0x794800], sa_mask[0]=0x7ffbfeff, sa_flags=0x10000004
SIGXFSZ: [libjvm.so+0x794800], sa_mask[0]=0x7ffbfeff, sa_flags=0x10000004
SIGILL: [libjvm.so+0x794800], sa_mask[0]=0x7ffbfeff, sa_flags=0x10000004
SIGUSR1: SIG_DFL, sa_mask[0]=0x00000000, sa_flags=0x00000000
SIGUSR2: [libjvm.so+0x7946a0], sa_mask[0]=0x00000000, sa_flags=0x10000004
SIGHUP: [libjvm.so+0x794880], sa_mask[0]=0x7ffbfeff, sa_flags=0x10000004
SIGINT: [libjvm.so+0x794880], sa_mask[0]=0x7ffbfeff, sa_flags=0x10000004
SIGTERM: [libjvm.so+0x794880], sa_mask[0]=0x7ffbfeff, sa_flags=0x10000004
SIGQUIT: [libjvm.so+0x794880], sa_mask[0]=0x7ffbfeff, sa_flags=0x10000004


---------------  S Y S T E M  ---------------

OS:LinuxMint 16 (petra)
uname:Linux 3.11.0-12-generic #19-Ubuntu SMP Wed Oct 9 16:20:46 UTC 2013 x86_64
libc:glibc 2.17 NPTL 2.17 
rlimit: STACK 8192k, CORE 0k, NPROC 29806, NOFILE 4096, AS infinity
load average:0,84 0,76 0,65

/proc/meminfo:
MemTotal:        3844532 kB
MemFree:         2431788 kB
Buffers:            5420 kB
Cached:           466500 kB
SwapCached:            8 kB
Active:           805544 kB
Inactive:         485560 kB
Active(anon):     642268 kB
Inactive(anon):   341156 kB
Active(file):     163276 kB
Inactive(file):   144404 kB
Unevictable:           0 kB
Mlocked:               0 kB
SwapTotal:       3987452 kB
SwapFree:        3987164 kB
Dirty:               264 kB
Writeback:             0 kB
AnonPages:        819132 kB
Mapped:           129296 kB
Shmem:            164240 kB
Slab:              56512 kB
SReclaimable:      33888 kB
SUnreclaim:        22624 kB
KernelStack:        3208 kB
PageTables:        18832 kB
NFS_Unstable:          0 kB
Bounce:                0 kB
WritebackTmp:          0 kB
CommitLimit:     5909716 kB
Committed_AS:    2651364 kB
VmallocTotal:   34359738367 kB
VmallocUsed:      348004 kB
VmallocChunk:   34359386120 kB
HardwareCorrupted:     0 kB
AnonHugePages:         0 kB
HugePages_Total:       0
HugePages_Free:        0
HugePages_Rsvd:        0
HugePages_Surp:        0
Hugepagesize:       2048 kB
DirectMap4k:       64756 kB
DirectMap2M:     3923968 kB


CPU:total 4 (2 cores per cpu, 2 threads per core) family 6 model 37 stepping 5, cmov, cx8, fxsr, mmx, sse, sse2, sse3, ssse3, sse4.1, sse4.2, popcnt, ht, tsc, tscinvbit

/proc/cpuinfo:
processor	: 0
vendor_id	: GenuineIntel
cpu family	: 6
model		: 37
model name	: Intel(R) Core(TM) i5 CPU       M 460  @ 2.53GHz
stepping	: 5
microcode	: 0x2
cpu MHz		: 1199.000
cache size	: 3072 KB
physical id	: 0
siblings	: 4
core id		: 0
cpu cores	: 2
apicid		: 0
initial apicid	: 0
fpu		: yes
fpu_exception	: yes
cpuid level	: 11
wp		: yes
flags		: fpu vme de pse tsc msr pae mce cx8 apic sep mtrr pge mca cmov pat pse36 clflush dts acpi mmx fxsr sse sse2 ss ht tm pbe syscall nx rdtscp lm constant_tsc arch_perfmon pebs bts rep_good nopl xtopology nonstop_tsc aperfmperf pni dtes64 monitor ds_cpl vmx est tm2 ssse3 cx16 xtpr pdcm pcid sse4_1 sse4_2 popcnt lahf_lm ida arat dtherm tpr_shadow vnmi flexpriority ept vpid
bogomips	: 5067.10
clflush size	: 64
cache_alignment	: 64
address sizes	: 36 bits physical, 48 bits virtual
power management:

processor	: 1
vendor_id	: GenuineIntel
cpu family	: 6
model		: 37
model name	: Intel(R) Core(TM) i5 CPU       M 460  @ 2.53GHz
stepping	: 5
microcode	: 0x2
cpu MHz		: 1199.000
cache size	: 3072 KB
physical id	: 0
siblings	: 4
core id		: 0
cpu cores	: 2
apicid		: 1
initial apicid	: 1
fpu		: yes
fpu_exception	: yes
cpuid level	: 11
wp		: yes
flags		: fpu vme de pse tsc msr pae mce cx8 apic sep mtrr pge mca cmov pat pse36 clflush dts acpi mmx fxsr sse sse2 ss ht tm pbe syscall nx rdtscp lm constant_tsc arch_perfmon pebs bts rep_good nopl xtopology nonstop_tsc aperfmperf pni dtes64 monitor ds_cpl vmx est tm2 ssse3 cx16 xtpr pdcm pcid sse4_1 sse4_2 popcnt lahf_lm ida arat dtherm tpr_shadow vnmi flexpriority ept vpid
bogomips	: 5067.10
clflush size	: 64
cache_alignment	: 64
address sizes	: 36 bits physical, 48 bits virtual
power management:

processor	: 2
vendor_id	: GenuineIntel
cpu family	: 6
model		: 37
model name	: Intel(R) Core(TM) i5 CPU       M 460  @ 2.53GHz
stepping	: 5
microcode	: 0x2
cpu MHz		: 2534.000
cache size	: 3072 KB
physical id	: 0
siblings	: 4
core id		: 2
cpu cores	: 2
apicid		: 4
initial apicid	: 4
fpu		: yes
fpu_exception	: yes
cpuid level	: 11
wp		: yes
flags		: fpu vme de pse tsc msr pae mce cx8 apic sep mtrr pge mca cmov pat pse36 clflush dts acpi mmx fxsr sse sse2 ss ht tm pbe syscall nx rdtscp lm constant_tsc arch_perfmon pebs bts rep_good nopl xtopology nonstop_tsc aperfmperf pni dtes64 monitor ds_cpl vmx est tm2 ssse3 cx16 xtpr pdcm pcid sse4_1 sse4_2 popcnt lahf_lm ida arat dtherm tpr_shadow vnmi flexpriority ept vpid
bogomips	: 5067.10
clflush size	: 64
cache_alignment	: 64
address sizes	: 36 bits physical, 48 bits virtual
power management:

processor	: 3
vendor_id	: GenuineIntel
cpu family	: 6
model		: 37
model name	: Intel(R) Core(TM) i5 CPU       M 460  @ 2.53GHz
stepping	: 5
microcode	: 0x2
cpu MHz		: 1199.000
cache size	: 3072 KB
physical id	: 0
siblings	: 4
core id		: 2
cpu cores	: 2
apicid		: 5
initial apicid	: 5
fpu		: yes
fpu_exception	: yes
cpuid level	: 11
wp		: yes
flags		: fpu vme de pse tsc msr pae mce cx8 apic sep mtrr pge mca cmov pat pse36 clflush dts acpi mmx fxsr sse sse2 ss ht tm pbe syscall nx rdtscp lm constant_tsc arch_perfmon pebs bts rep_good nopl xtopology nonstop_tsc aperfmperf pni dtes64 monitor ds_cpl vmx est tm2 ssse3 cx16 xtpr pdcm pcid sse4_1 sse4_2 popcnt lahf_lm ida arat dtherm tpr_shadow vnmi flexpriority ept vpid
bogomips	: 5067.10
clflush size	: 64
cache_alignment	: 64
address sizes	: 36 bits physical, 48 bits virtual
power management:



Memory: 4k page, physical 3844532k(2431788k free), swap 3987452k(3987164k free)

vm_info: OpenJDK 64-Bit Server VM (24.45-b08) for linux-amd64 JRE (1.7.0_51-b00), built on Jan 15 2014 22:02:57 by "buildd" with gcc 4.8.1

time: Mon Apr  7 00:42:07 2014
elapsed time: 5 seconds

