#
# A fatal error has been detected by the Java Runtime Environment:
#
#  SIGSEGV (0xb) at pc=0x00007fc8e81f78be, pid=4116, tid=140501178722048
#
# JRE version: OpenJDK Runtime Environment (7.0_51) (build 1.7.0_51-b00)
# Java VM: OpenJDK 64-Bit Server VM (24.45-b08 mixed mode linux-amd64 compressed oops)
# Problematic frame:
# C  [libconvex_hull.so+0x18be]  convex_hull+0x274
#
# Failed to write core dump. Core dumps have been disabled. To enable core dumping, try "ulimit -c unlimited" before starting Java again
#
# If you would like to submit a bug report, please include
# instructions on how to reproduce the bug and visit:
#   http://icedtea.classpath.org/bugzilla
# The crash happened outside the Java Virtual Machine in native code.
# See problematic frame for where to report the bug.
#

---------------  T H R E A D  ---------------

Current thread (0x00007fc8f400a800):  JavaThread "main" [_thread_in_native, id=4141, stack(0x00007fc8fab92000,0x00007fc8fad93000)]

siginfo:si_signo=SIGSEGV: si_errno=0, si_code=1 (SEGV_MAPERR), si_addr=0x0000000000000000

Registers:
RAX=0x0000000000000000, RBX=0x00000000d79ca640, RCX=0x00007fc8f4000028, RDX=0x0000000000000005
RSP=0x00007fc8fad8fe70, RBP=0x00007fc8fad8ff20, RSI=0x0000000000000000, RDI=0x00007fc8f4000020
R8 =0x0000000000000000, R9 =0x0000000000000018, R10=0x00007fc8fad8fb00, R11=0x00007fc8e85fc93f
R12=0x0000000000000000, R13=0x00000000d79ca640, R14=0x00007fc8fad90008, R15=0x00007fc8f400a800
RIP=0x00007fc8e81f78be, EFLAGS=0x0000000000010206, CSGSFS=0x0000000000000033, ERR=0x0000000000000004
  TRAPNO=0x000000000000000e

Top of Stack: (sp=0x00007fc8fad8fe70)
0x00007fc8fad8fe70:   00000000e127a2c0 00007fc8f447f860
0x00007fc8fad8fe80:   00000008e1178c90 0000000000000000
0x00007fc8fad8fe90:   00007fc8f447fb10 00007fc8f447fb30
0x00007fc8fad8fea0:   00007fc8f447fb50 00007fc8f447fb70
0x00007fc8fad8feb0:   00007fc8f447fb90 00007fc8f447fbb0
0x00007fc8fad8fec0:   00007fc8f447fbd0 00007fc8f447fbf0
0x00007fc8fad8fed0:   00007fc8f447fc10 00007fc8f447fd30
0x00007fc8fad8fee0:   00007fc8f447fb30 00007fc8f447fd50
0x00007fc8fad8fef0:   00007fc8f447fb50 00007fc8f447fd70
0x00007fc8fad8ff00:   00007fc8f447fb70 00007fc8f447fd90
0x00007fc8fad8ff10:   00007fc8f447fc10 00007fc8f449c310
0x00007fc8fad8ff20:   00007fc8f4432a50 00007fc8e9189cd9
0x00007fc8fad8ff30:   00000000d7ecf7f8 00000000d79ca640
0x00007fc8fad8ff40:   00007fc8fad8ffc0 00007fc8f1012738
0x00007fc8fad8ff50:   00007fc8fad8ffe0 00007fc8f1006233
0x00007fc8fad8ff60:   00000000e156b588 00000000e1565440
0x00007fc8fad8ff70:   00000000e13e2db8 00000000e127a2c0
0x00007fc8fad8ff80:   00007fc8fad8ff80 0000000000000000
0x00007fc8fad8ff90:   00007fc8fad90008 00000000d79d2b68
0x00007fc8fad8ffa0:   0000000000000000 00000000d79ca640
0x00007fc8fad8ffb0:   0000000000000000 00007fc8fad8ffe0
0x00007fc8fad8ffc0:   00007fc8fad90050 00007fc8f1006175
0x00007fc8fad8ffd0:   00000000e10b7150 00007fc8f100ecd7
0x00007fc8fad8ffe0:   00007fc8f447f860 00000000d7d61a78
0x00007fc8fad8fff0:   00007fc8e81f764a 00007fc8fad90010
0x00007fc8fad90000:   00007fc8f4432a50 00007fc8f1006233
0x00007fc8fad90010:   00007fc8fad90010 00000000d7ac74a7
0x00007fc8fad90020:   00007fc8fad90088 00000000d7ad3700
0x00007fc8fad90030:   0000000000000000 00000000d7ac74e8
0x00007fc8fad90040:   00007fc8fad8ffe0 00007fc8fad90060
0x00007fc8fad90050:   00007fc8fad900d8 00007fc8f1006175
0x00007fc8fad90060:   00007fc8f447f860 00000000e127a2f0 

Instructions: (pc=0x00007fc8e81f78be)
0x00007fc8e81f789e:   ff 03 00 00 00 eb 54 48 8b 85 68 ff ff ff 48 8b
0x00007fc8e81f78ae:   40 10 48 89 85 68 ff ff ff 48 8b 85 68 ff ff ff
0x00007fc8e81f78be:   48 8b 00 48 89 45 f0 48 8b 45 f0 8b 50 04 48 8b
0x00007fc8e81f78ce:   45 f0 8b 00 89 d6 89 c7 e8 65 f1 ff ff 48 89 45 

Register to memory mapping:

RAX=0x0000000000000000 is an unknown value
RBX=0x00000000d79ca640 is an oop
{method} 
 - klass: {other class}
RCX=0x00007fc8f4000028 is an unknown value
RDX=0x0000000000000005 is an unknown value
RSP=0x00007fc8fad8fe70 is pointing into the stack for thread: 0x00007fc8f400a800
RBP=0x00007fc8fad8ff20 is pointing into the stack for thread: 0x00007fc8f400a800
RSI=0x0000000000000000 is an unknown value
RDI=0x00007fc8f4000020 is an unknown value
R8 =0x0000000000000000 is an unknown value
R9 =0x0000000000000018 is an unknown value
R10=0x00007fc8fad8fb00 is pointing into the stack for thread: 0x00007fc8f400a800
R11=0x00007fc8e85fc93f: destroy_point+0 in lib/lib2d_points.so at 0x00007fc8e85fc000
R12=0x0000000000000000 is an unknown value
R13=0x00000000d79ca640 is an oop
{method} 
 - klass: {other class}
R14=0x00007fc8fad90008 is pointing into the stack for thread: 0x00007fc8f400a800
R15=0x00007fc8f400a800 is a thread


Stack: [0x00007fc8fab92000,0x00007fc8fad93000],  sp=0x00007fc8fad8fe70,  free space=2039k
Native frames: (J=compiled Java code, j=interpreted, Vv=VM code, C=native code)
C  [libconvex_hull.so+0x18be]  convex_hull+0x274

Java frames: (J=compiled Java code, j=interpreted, Vv=VM code)
j  com.kenai.jffi.Foreign.invokeL1(JJJ)J+0
j  com.kenai.jffi.Invoker.invokeL1(Lcom/kenai/jffi/CallContext;JJ)J+7
j  org.jruby.ext.ffi.jffi.NativeInvoker$ffi$1.call(Lorg/jruby/runtime/ThreadContext;Lorg/jruby/runtime/builtin/IRubyObject;Lorg/jruby/RubyModule;Ljava/lang/String;Lorg/jruby/runtime/builtin/IRubyObject;)Lorg/jruby/runtime/builtin/IRubyObject;+76
j  org.jruby.runtime.callsite.CachingCallSite.cacheAndCall(Lorg/jruby/runtime/builtin/IRubyObject;Lorg/jruby/RubyClass;Lorg/jruby/runtime/ThreadContext;Lorg/jruby/runtime/builtin/IRubyObject;Lorg/jruby/runtime/builtin/IRubyObject;)Lorg/jruby/runtime/builtin/IRubyObject;+57
J  org.jruby.runtime.callsite.CachingCallSite.call(Lorg/jruby/runtime/ThreadContext;Lorg/jruby/runtime/builtin/IRubyObject;Lorg/jruby/runtime/builtin/IRubyObject;Lorg/jruby/runtime/builtin/IRubyObject;)Lorg/jruby/runtime/builtin/IRubyObject;
J  org.jruby.ast.CallOneArgNode.interpret(Lorg/jruby/Ruby;Lorg/jruby/runtime/ThreadContext;Lorg/jruby/runtime/builtin/IRubyObject;Lorg/jruby/runtime/Block;)Lorg/jruby/runtime/builtin/IRubyObject;
j  org.jruby.ast.LocalAsgnNode.interpret(Lorg/jruby/Ruby;Lorg/jruby/runtime/ThreadContext;Lorg/jruby/runtime/builtin/IRubyObject;Lorg/jruby/runtime/Block;)Lorg/jruby/runtime/builtin/IRubyObject;+30
J  org.jruby.ast.BlockNode.interpret(Lorg/jruby/Ruby;Lorg/jruby/runtime/ThreadContext;Lorg/jruby/runtime/builtin/IRubyObject;Lorg/jruby/runtime/Block;)Lorg/jruby/runtime/builtin/IRubyObject;
j  org.jruby.evaluator.ASTInterpreter.INTERPRET_METHOD(Lorg/jruby/Ruby;Lorg/jruby/runtime/ThreadContext;Ljava/lang/String;ILorg/jruby/RubyModule;Lorg/jruby/ast/Node;Ljava/lang/String;Lorg/jruby/runtime/builtin/IRubyObject;Lorg/jruby/runtime/Block;Z)Lorg/jruby/runtime/builtin/IRubyObject;+30
j  org.jruby.internal.runtime.methods.InterpretedMethod.call(Lorg/jruby/runtime/ThreadContext;Lorg/jruby/runtime/builtin/IRubyObject;Lorg/jruby/RubyModule;Ljava/lang/String;)Lorg/jruby/runtime/builtin/IRubyObject;+80
j  org.jruby.internal.runtime.methods.DefaultMethod.call(Lorg/jruby/runtime/ThreadContext;Lorg/jruby/runtime/builtin/IRubyObject;Lorg/jruby/RubyModule;Ljava/lang/String;)Lorg/jruby/runtime/builtin/IRubyObject;+20
j  org.jruby.runtime.callsite.CachingCallSite.cacheAndCall(Lorg/jruby/runtime/builtin/IRubyObject;Lorg/jruby/RubyClass;Lorg/jruby/runtime/ThreadContext;Lorg/jruby/runtime/builtin/IRubyObject;)Lorg/jruby/runtime/builtin/IRubyObject;+53
j  org.jruby.runtime.callsite.CachingCallSite.call(Lorg/jruby/runtime/ThreadContext;Lorg/jruby/runtime/builtin/IRubyObject;Lorg/jruby/runtime/builtin/IRubyObject;)Lorg/jruby/runtime/builtin/IRubyObject;+46
j  org.jruby.ast.CallNoArgNode.interpret(Lorg/jruby/Ruby;Lorg/jruby/runtime/ThreadContext;Lorg/jruby/runtime/builtin/IRubyObject;Lorg/jruby/runtime/Block;)Lorg/jruby/runtime/builtin/IRubyObject;+18
j  org.jruby.ast.FCallTwoArgNode.interpret(Lorg/jruby/Ruby;Lorg/jruby/runtime/ThreadContext;Lorg/jruby/runtime/builtin/IRubyObject;Lorg/jruby/runtime/Block;)Lorg/jruby/runtime/builtin/IRubyObject;+28
J  org.jruby.ast.NewlineNode.interpret(Lorg/jruby/Ruby;Lorg/jruby/runtime/ThreadContext;Lorg/jruby/runtime/builtin/IRubyObject;Lorg/jruby/runtime/Block;)Lorg/jruby/runtime/builtin/IRubyObject;
j  org.jruby.ast.BlockNode.interpret(Lorg/jruby/Ruby;Lorg/jruby/runtime/ThreadContext;Lorg/jruby/runtime/builtin/IRubyObject;Lorg/jruby/runtime/Block;)Lorg/jruby/runtime/builtin/IRubyObject;+33
j  org.jruby.evaluator.ASTInterpreter.INTERPRET_METHOD(Lorg/jruby/Ruby;Lorg/jruby/runtime/ThreadContext;Ljava/lang/String;ILorg/jruby/RubyModule;Lorg/jruby/ast/Node;Ljava/lang/String;Lorg/jruby/runtime/builtin/IRubyObject;Lorg/jruby/runtime/Block;Z)Lorg/jruby/runtime/builtin/IRubyObject;+30
j  org.jruby.internal.runtime.methods.InterpretedMethod.call(Lorg/jruby/runtime/ThreadContext;Lorg/jruby/runtime/builtin/IRubyObject;Lorg/jruby/RubyModule;Ljava/lang/String;)Lorg/jruby/runtime/builtin/IRubyObject;+80
j  org.jruby.internal.runtime.methods.DefaultMethod.call(Lorg/jruby/runtime/ThreadContext;Lorg/jruby/runtime/builtin/IRubyObject;Lorg/jruby/RubyModule;Ljava/lang/String;)Lorg/jruby/runtime/builtin/IRubyObject;+20
j  org.jruby.runtime.callsite.CachingCallSite.cacheAndCall(Lorg/jruby/runtime/builtin/IRubyObject;Lorg/jruby/RubyClass;Lorg/jruby/runtime/ThreadContext;Lorg/jruby/runtime/builtin/IRubyObject;)Lorg/jruby/runtime/builtin/IRubyObject;+53
j  org.jruby.runtime.callsite.CachingCallSite.call(Lorg/jruby/runtime/ThreadContext;Lorg/jruby/runtime/builtin/IRubyObject;Lorg/jruby/runtime/builtin/IRubyObject;)Lorg/jruby/runtime/builtin/IRubyObject;+46
j  Makefile.method__2$RUBY$test(LMakefile;Lorg/jruby/runtime/ThreadContext;Lorg/jruby/runtime/builtin/IRubyObject;Lorg/jruby/runtime/Block;)Lorg/jruby/runtime/builtin/IRubyObject;+130
j  Makefile$method__2$RUBY$test.call(Lorg/jruby/runtime/ThreadContext;Lorg/jruby/runtime/builtin/IRubyObject;Lorg/jruby/RubyModule;Ljava/lang/String;Lorg/jruby/runtime/Block;)Lorg/jruby/runtime/builtin/IRubyObject;+17
j  org.jruby.RubyClass.finvoke(Lorg/jruby/runtime/ThreadContext;Lorg/jruby/runtime/builtin/IRubyObject;Ljava/lang/String;Lorg/jruby/runtime/Block;)Lorg/jruby/runtime/builtin/IRubyObject;+41
j  org.jruby.RubyBasicObject.send19(Lorg/jruby/runtime/ThreadContext;Lorg/jruby/runtime/builtin/IRubyObject;Lorg/jruby/runtime/Block;)Lorg/jruby/runtime/builtin/IRubyObject;+15
j  org.jruby.RubyKernel.send19(Lorg/jruby/runtime/ThreadContext;Lorg/jruby/runtime/builtin/IRubyObject;Lorg/jruby/runtime/builtin/IRubyObject;Lorg/jruby/runtime/Block;)Lorg/jruby/runtime/builtin/IRubyObject;+7
j  org.jruby.RubyKernel$INVOKER$s$send19.call(Lorg/jruby/runtime/ThreadContext;Lorg/jruby/runtime/builtin/IRubyObject;Lorg/jruby/RubyModule;Ljava/lang/String;Lorg/jruby/runtime/builtin/IRubyObject;Lorg/jruby/runtime/Block;)Lorg/jruby/runtime/builtin/IRubyObject;+6
j  org.jruby.internal.runtime.methods.JavaMethod$JavaMethodOneOrNBlock.call(Lorg/jruby/runtime/ThreadContext;Lorg/jruby/runtime/builtin/IRubyObject;Lorg/jruby/RubyModule;Ljava/lang/String;Lorg/jruby/runtime/builtin/IRubyObject;)Lorg/jruby/runtime/builtin/IRubyObject;+11
j  org.jruby.runtime.callsite.CachingCallSite.call(Lorg/jruby/runtime/ThreadContext;Lorg/jruby/runtime/builtin/IRubyObject;Lorg/jruby/runtime/builtin/IRubyObject;Lorg/jruby/runtime/builtin/IRubyObject;)Lorg/jruby/runtime/builtin/IRubyObject;+38
j  Makefile.block_6$RUBY$__file__(LMakefile;Lorg/jruby/runtime/ThreadContext;Lorg/jruby/runtime/builtin/IRubyObject;[Lorg/jruby/runtime/builtin/IRubyObject;Lorg/jruby/runtime/Block;)Lorg/jruby/runtime/builtin/IRubyObject;+46
j  Makefile$block_6$RUBY$__file__.call(Lorg/jruby/runtime/ThreadContext;Lorg/jruby/runtime/builtin/IRubyObject;[Lorg/jruby/runtime/builtin/IRubyObject;Lorg/jruby/runtime/Block;)Lorg/jruby/runtime/builtin/IRubyObject;+9
j  org.jruby.runtime.CompiledBlock19.yield(Lorg/jruby/runtime/ThreadContext;Lorg/jruby/runtime/builtin/IRubyObject;Lorg/jruby/runtime/Binding;Lorg/jruby/runtime/Block$Type;)Lorg/jruby/runtime/builtin/IRubyObject;+52
j  org.jruby.runtime.Block.yield(Lorg/jruby/runtime/ThreadContext;Lorg/jruby/runtime/builtin/IRubyObject;)Lorg/jruby/runtime/builtin/IRubyObject;+14
j  org.jruby.RubyArray.eachCommon(Lorg/jruby/runtime/ThreadContext;Lorg/jruby/runtime/Block;)Lorg/jruby/runtime/builtin/IRubyObject;+41
j  org.jruby.RubyArray.each(Lorg/jruby/runtime/ThreadContext;Lorg/jruby/runtime/Block;)Lorg/jruby/runtime/builtin/IRubyObject;+10
j  org.jruby.RubyArray$INVOKER$i$0$0$each.call(Lorg/jruby/runtime/ThreadContext;Lorg/jruby/runtime/builtin/IRubyObject;Lorg/jruby/RubyModule;Ljava/lang/String;Lorg/jruby/runtime/Block;)Lorg/jruby/runtime/builtin/IRubyObject;+7
j  org.jruby.runtime.callsite.CachingCallSite.cacheAndCall(Lorg/jruby/runtime/builtin/IRubyObject;Lorg/jruby/RubyClass;Lorg/jruby/runtime/Block;Lorg/jruby/runtime/ThreadContext;Lorg/jruby/runtime/builtin/IRubyObject;)Lorg/jruby/runtime/builtin/IRubyObject;+57
j  org.jruby.runtime.callsite.CachingCallSite.callBlock(Lorg/jruby/runtime/ThreadContext;Lorg/jruby/runtime/builtin/IRubyObject;Lorg/jruby/runtime/builtin/IRubyObject;Lorg/jruby/runtime/Block;)Lorg/jruby/runtime/builtin/IRubyObject;+50
j  org.jruby.runtime.callsite.CachingCallSite.callIter(Lorg/jruby/runtime/ThreadContext;Lorg/jruby/runtime/builtin/IRubyObject;Lorg/jruby/runtime/builtin/IRubyObject;Lorg/jruby/runtime/Block;)Lorg/jruby/runtime/builtin/IRubyObject;+6
j  Makefile.__file__(LMakefile;Lorg/jruby/runtime/ThreadContext;Lorg/jruby/runtime/builtin/IRubyObject;[Lorg/jruby/runtime/builtin/IRubyObject;Lorg/jruby/runtime/Block;)Lorg/jruby/runtime/builtin/IRubyObject;+859
j  Makefile.load(Lorg/jruby/runtime/ThreadContext;Lorg/jruby/runtime/builtin/IRubyObject;Z)Lorg/jruby/runtime/builtin/IRubyObject;+22
j  org.jruby.Ruby.runScript(Lorg/jruby/ast/executable/Script;Z)Lorg/jruby/runtime/builtin/IRubyObject;+12
j  org.jruby.Ruby.runScript(Lorg/jruby/ast/executable/Script;)Lorg/jruby/runtime/builtin/IRubyObject;+3
j  org.jruby.Ruby.runNormally(Lorg/jruby/ast/Node;)Lorg/jruby/runtime/builtin/IRubyObject;+73
j  org.jruby.Ruby.runFromMain(Ljava/io/InputStream;Ljava/lang/String;)V+320
j  org.jruby.Main.doRunFromMain(Lorg/jruby/Ruby;Ljava/io/InputStream;Ljava/lang/String;)Lorg/jruby/Main$Status;+12
j  org.jruby.Main.internalRun()Lorg/jruby/Main$Status;+234
j  org.jruby.Main.run([Ljava/lang/String;)Lorg/jruby/Main$Status;+9
j  org.jruby.Main.main([Ljava/lang/String;)V+35
v  ~StubRoutines::call_stub

---------------  P R O C E S S  ---------------

Java Threads: ( => current thread )
  0x00007fc8f447b000 JavaThread "JRubyJIT-2" daemon [_thread_blocked, id=4224, stack(0x00007fc8e87fe000,0x00007fc8e89ff000)]
  0x00007fc8f4472000 JavaThread "process reaper" daemon [_thread_blocked, id=4157, stack(0x00007fc8f0095000,0x00007fc8f00ce000)]
  0x00007fc8f4441000 JavaThread "JRubyJIT-1" daemon [_thread_blocked, id=4154, stack(0x00007fc8e8f81000,0x00007fc8e9182000)]
  0x00007fc8f40ad000 JavaThread "Service Thread" daemon [_thread_blocked, id=4152, stack(0x00007fc8eabfa000,0x00007fc8eadfb000)]
  0x00007fc8f40aa800 JavaThread "C2 CompilerThread1" daemon [_thread_blocked, id=4151, stack(0x00007fc8eadfb000,0x00007fc8eaefc000)]
  0x00007fc8f40a7800 JavaThread "C2 CompilerThread0" daemon [_thread_blocked, id=4150, stack(0x00007fc8eaefc000,0x00007fc8eaffd000)]
  0x00007fc8f40a5800 JavaThread "Signal Dispatcher" daemon [_thread_blocked, id=4149, stack(0x00007fc8eaffd000,0x00007fc8eb1fe000)]
  0x00007fc8f4082800 JavaThread "Finalizer" daemon [_thread_blocked, id=4148, stack(0x00007fc8eb5f8000,0x00007fc8eb7f9000)]
  0x00007fc8f4080800 JavaThread "Reference Handler" daemon [_thread_blocked, id=4147, stack(0x00007fc8eb7f9000,0x00007fc8eb9fa000)]
=>0x00007fc8f400a800 JavaThread "main" [_thread_in_native, id=4141, stack(0x00007fc8fab92000,0x00007fc8fad93000)]

Other Threads:
  0x00007fc8f407c800 VMThread [stack: 0x00007fc8eb9fa000,0x00007fc8ebafb000] [id=4146]
  0x00007fc8f40b7800 WatcherThread [stack: 0x00007fc8eaaf9000,0x00007fc8eabfa000] [id=4153]

VM state:not at safepoint (normal execution)

VM Mutex/Monitor currently owned by a thread: None

Heap
 PSYoungGen      total 163840K, used 59179K [0x00000000f5900000, 0x0000000100000000, 0x0000000100000000)
  eden space 156672K, 37% used [0x00000000f5900000,0x00000000f92bac70,0x00000000ff200000)
  from space 7168K, 0% used [0x00000000ff900000,0x00000000ff910000,0x0000000100000000)
  to   space 7168K, 0% used [0x00000000ff200000,0x00000000ff200000,0x00000000ff900000)
 ParOldGen       total 39936K, used 10299K [0x00000000e0c00000, 0x00000000e3300000, 0x00000000f5900000)
  object space 39936K, 25% used [0x00000000e0c00000,0x00000000e160ede0,0x00000000e3300000)
 PSPermGen       total 25600K, used 25474K [0x00000000d6600000, 0x00000000d7f00000, 0x00000000e0c00000)
  object space 25600K, 99% used [0x00000000d6600000,0x00000000d7ee0a88,0x00000000d7f00000)

Card table byte_map: [0x00007fc8f99b8000,0x00007fc8f9b06000] byte_map_base: 0x00007fc8f9305000

Polling page: 0x00007fc8fd1a0000

Code Cache  [0x00007fc8f1000000, 0x00007fc8f1270000, 0x00007fc8f4000000)
 total_blobs=976 nmethods=497 adapters=433 free_code_cache=46880Kb largest_free_block=47793984

Compilation events (10 events):
Event: 4,772 Thread 0x00007fc8f40aa800 nmethod 507 0x00007fc8f10daf50 code [0x00007fc8f10db080, 0x00007fc8f10db118]
Event: 4,772 Thread 0x00007fc8f40aa800  510             org.jruby.RubyInteger::<init> (6 bytes)
Event: 4,772 Thread 0x00007fc8f40a7800 nmethod 509 0x00007fc8f10dad50 code [0x00007fc8f10dae80, 0x00007fc8f10daef8]
Event: 4,772 Thread 0x00007fc8f40aa800 nmethod 510 0x00007fc8f10dab50 code [0x00007fc8f10dac80, 0x00007fc8f10dacf8]
Event: 4,890 Thread 0x00007fc8f40a7800  511             org.jruby.ast.IterNode::getBlockBody (5 bytes)
Event: 4,891 Thread 0x00007fc8f40a7800 nmethod 511 0x00007fc8f10da950 code [0x00007fc8f10daa80, 0x00007fc8f10daad8]
Event: 4,892 Thread 0x00007fc8f40aa800  512             org.jruby.runtime.Block::escape (9 bytes)
Event: 4,892 Thread 0x00007fc8f40aa800 nmethod 512 0x00007fc8f10da710 code [0x00007fc8f10da840, 0x00007fc8f10da8b8]
Event: 4,927 Thread 0x00007fc8f40a7800  513             org.jruby.RubyModule::getNonIncludedClass (2 bytes)
Event: 4,928 Thread 0x00007fc8f40a7800 nmethod 513 0x00007fc8f10d8550 code [0x00007fc8f10d8680, 0x00007fc8f10d86d8]

GC Heap History (10 events):
Event: 3,654 GC heap before
{Heap before GC invocations=4 (full 0):
 PSYoungGen      total 33280K, used 33269K [0x00000000f5900000, 0x00000000f9a00000, 0x0000000100000000)
  eden space 30720K, 100% used [0x00000000f5900000,0x00000000f7700000,0x00000000f7700000)
  from space 2560K, 99% used [0x00000000f7700000,0x00000000f797d528,0x00000000f7980000)
  to   space 2560K, 0% used [0x00000000f9780000,0x00000000f9780000,0x00000000f9a00000)
 ParOldGen       total 39936K, used 7709K [0x00000000e0c00000, 0x00000000e3300000, 0x00000000f5900000)
  object space 39936K, 19% used [0x00000000e0c00000,0x00000000e1387598,0x00000000e3300000)
 PSPermGen       total 25600K, used 25469K [0x00000000d6600000, 0x00000000d7f00000, 0x00000000e0c00000)
  object space 25600K, 99% used [0x00000000d6600000,0x00000000d7edf428,0x00000000d7f00000)
Event: 3,672 GC heap after
Heap after GC invocations=4 (full 0):
 PSYoungGen      total 64000K, used 2533K [0x00000000f5900000, 0x00000000f9a00000, 0x0000000100000000)
  eden space 61440K, 0% used [0x00000000f5900000,0x00000000f5900000,0x00000000f9500000)
  from space 2560K, 98% used [0x00000000f9780000,0x00000000f99f9518,0x00000000f9a00000)
  to   space 2560K, 0% used [0x00000000f9500000,0x00000000f9500000,0x00000000f9780000)
 ParOldGen       total 39936K, used 7757K [0x00000000e0c00000, 0x00000000e3300000, 0x00000000f5900000)
  object space 39936K, 19% used [0x00000000e0c00000,0x00000000e1393598,0x00000000e3300000)
 PSPermGen       total 25600K, used 25469K [0x00000000d6600000, 0x00000000d7f00000, 0x00000000e0c00000)
  object space 25600K, 99% used [0x00000000d6600000,0x00000000d7edf428,0x00000000d7f00000)
}
Event: 4,068 GC heap before
{Heap before GC invocations=5 (full 0):
 PSYoungGen      total 64000K, used 63973K [0x00000000f5900000, 0x00000000f9a00000, 0x0000000100000000)
  eden space 61440K, 100% used [0x00000000f5900000,0x00000000f9500000,0x00000000f9500000)
  from space 2560K, 98% used [0x00000000f9780000,0x00000000f99f9518,0x00000000f9a00000)
  to   space 2560K, 0% used [0x00000000f9500000,0x00000000f9500000,0x00000000f9780000)
 ParOldGen       total 39936K, used 7757K [0x00000000e0c00000, 0x00000000e3300000, 0x00000000f5900000)
  object space 39936K, 19% used [0x00000000e0c00000,0x00000000e1393598,0x00000000e3300000)
 PSPermGen       total 25600K, used 25469K [0x00000000d6600000, 0x00000000d7f00000, 0x00000000e0c00000)
  object space 25600K, 99% used [0x00000000d6600000,0x00000000d7edf720,0x00000000d7f00000)
Event: 4,088 GC heap after
Heap after GC invocations=5 (full 0):
 PSYoungGen      total 64000K, used 2549K [0x00000000f5900000, 0x00000000fde00000, 0x0000000100000000)
  eden space 61440K, 0% used [0x00000000f5900000,0x00000000f5900000,0x00000000f9500000)
  from space 2560K, 99% used [0x00000000f9500000,0x00000000f977d528,0x00000000f9780000)
  to   space 6656K, 0% used [0x00000000fd780000,0x00000000fd780000,0x00000000fde00000)
 ParOldGen       total 39936K, used 7773K [0x00000000e0c00000, 0x00000000e3300000, 0x00000000f5900000)
  object space 39936K, 19% used [0x00000000e0c00000,0x00000000e1397598,0x00000000e3300000)
 PSPermGen       total 25600K, used 25469K [0x00000000d6600000, 0x00000000d7f00000, 0x00000000e0c00000)
  object space 25600K, 99% used [0x00000000d6600000,0x00000000d7edf720,0x00000000d7f00000)
}
Event: 4,500 GC heap before
{Heap before GC invocations=6 (full 0):
 PSYoungGen      total 64000K, used 63989K [0x00000000f5900000, 0x00000000fde00000, 0x0000000100000000)
  eden space 61440K, 100% used [0x00000000f5900000,0x00000000f9500000,0x00000000f9500000)
  from space 2560K, 99% used [0x00000000f9500000,0x00000000f977d528,0x00000000f9780000)
  to   space 6656K, 0% used [0x00000000fd780000,0x00000000fd780000,0x00000000fde00000)
 ParOldGen       total 39936K, used 7773K [0x00000000e0c00000, 0x00000000e3300000, 0x00000000f5900000)
  object space 39936K, 19% used [0x00000000e0c00000,0x00000000e1397598,0x00000000e3300000)
 PSPermGen       total 25600K, used 25470K [0x00000000d6600000, 0x00000000d7f00000, 0x00000000e0c00000)
  object space 25600K, 99% used [0x00000000d6600000,0x00000000d7edfa10,0x00000000d7f00000)
Event: 4,520 GC heap after
Heap after GC invocations=6 (full 0):
 PSYoungGen      total 129536K, used 2533K [0x00000000f5900000, 0x00000000fde00000, 0x0000000100000000)
  eden space 122880K, 0% used [0x00000000f5900000,0x00000000f5900000,0x00000000fd100000)
  from space 6656K, 38% used [0x00000000fd780000,0x00000000fd9f9518,0x00000000fde00000)
  to   space 6656K, 0% used [0x00000000fd100000,0x00000000fd100000,0x00000000fd780000)
 ParOldGen       total 39936K, used 7773K [0x00000000e0c00000, 0x00000000e3300000, 0x00000000f5900000)
  object space 39936K, 19% used [0x00000000e0c00000,0x00000000e1397598,0x00000000e3300000)
 PSPermGen       total 25600K, used 25470K [0x00000000d6600000, 0x00000000d7f00000, 0x00000000e0c00000)
  object space 25600K, 99% used [0x00000000d6600000,0x00000000d7edfa10,0x00000000d7f00000)
}
Event: 4,895 GC heap before
{Heap before GC invocations=7 (full 0):
 PSYoungGen      total 129536K, used 125413K [0x00000000f5900000, 0x00000000fde00000, 0x0000000100000000)
  eden space 122880K, 100% used [0x00000000f5900000,0x00000000fd100000,0x00000000fd100000)
  from space 6656K, 38% used [0x00000000fd780000,0x00000000fd9f9518,0x00000000fde00000)
  to   space 6656K, 0% used [0x00000000fd100000,0x00000000fd100000,0x00000000fd780000)
 ParOldGen       total 39936K, used 7773K [0x00000000e0c00000, 0x00000000e3300000, 0x00000000f5900000)
  object space 39936K, 19% used [0x00000000e0c00000,0x00000000e1397598,0x00000000e3300000)
 PSPermGen       total 25600K, used 25474K [0x00000000d6600000, 0x00000000d7f00000, 0x00000000e0c00000)
  object space 25600K, 99% used [0x00000000d6600000,0x00000000d7ee0a48,0x00000000d7f00000)
Event: 4,909 GC heap after
Heap after GC invocations=7 (full 0):
 PSYoungGen      total 129536K, used 928K [0x00000000f5900000, 0x0000000100000000, 0x0000000100000000)
  eden space 122880K, 0% used [0x00000000f5900000,0x00000000f5900000,0x00000000fd100000)
  from space 6656K, 13% used [0x00000000fd100000,0x00000000fd1e8000,0x00000000fd780000)
  to   space 7168K, 0% used [0x00000000ff900000,0x00000000ff900000,0x0000000100000000)
 ParOldGen       total 39936K, used 9431K [0x00000000e0c00000, 0x00000000e3300000, 0x00000000f5900000)
  object space 39936K, 23% used [0x00000000e0c00000,0x00000000e1535da0,0x00000000e3300000)
 PSPermGen       total 25600K, used 25474K [0x00000000d6600000, 0x00000000d7f00000, 0x00000000e0c00000)
  object space 25600K, 99% used [0x00000000d6600000,0x00000000d7ee0a48,0x00000000d7f00000)
}
Event: 5,049 GC heap before
{Heap before GC invocations=8 (full 0):
 PSYoungGen      total 129536K, used 123808K [0x00000000f5900000, 0x0000000100000000, 0x0000000100000000)
  eden space 122880K, 100% used [0x00000000f5900000,0x00000000fd100000,0x00000000fd100000)
  from space 6656K, 13% used [0x00000000fd100000,0x00000000fd1e8000,0x00000000fd780000)
  to   space 7168K, 0% used [0x00000000ff900000,0x00000000ff900000,0x0000000100000000)
 ParOldGen       total 39936K, used 9431K [0x00000000e0c00000, 0x00000000e3300000, 0x00000000f5900000)
  object space 39936K, 23% used [0x00000000e0c00000,0x00000000e1535da0,0x00000000e3300000)
 PSPermGen       total 25600K, used 25474K [0x00000000d6600000, 0x00000000d7f00000, 0x00000000e0c00000)
  object space 25600K, 99% used [0x00000000d6600000,0x00000000d7ee0a48,0x00000000d7f00000)
Event: 5,057 GC heap after
Heap after GC invocations=8 (full 0):
 PSYoungGen      total 163840K, used 64K [0x00000000f5900000, 0x0000000100000000, 0x0000000100000000)
  eden space 156672K, 0% used [0x00000000f5900000,0x00000000f5900000,0x00000000ff200000)
  from space 7168K, 0% used [0x00000000ff900000,0x00000000ff910000,0x0000000100000000)
  to   space 7168K, 0% used [0x00000000ff200000,0x00000000ff200000,0x00000000ff900000)
 ParOldGen       total 39936K, used 10299K [0x00000000e0c00000, 0x00000000e3300000, 0x00000000f5900000)
  object space 39936K, 25% used [0x00000000e0c00000,0x00000000e160ede0,0x00000000e3300000)
 PSPermGen       total 25600K, used 25474K [0x00000000d6600000, 0x00000000d7f00000, 0x00000000e0c00000)
  object space 25600K, 99% used [0x00000000d6600000,0x00000000d7ee0a48,0x00000000d7f00000)
}

Deoptimization events (10 events):
Event: 2,058 Thread 0x00007fc8f400a800 Uncommon trap: reason=class_check action=maybe_recompile pc=0x00007fc8f10975b4 method=java.util.concurrent.ConcurrentHashMap$Segment.put(Ljava/lang/Object;ILjava/lang/Object;Z)Ljava/lang/Object; @ 77
Event: 2,070 Thread 0x00007fc8f447b000 Uncommon trap: reason=null_check action=make_not_entrant pc=0x00007fc8f111cfec method=org.jruby.internal.runtime.ThreadService.getCurrentContext()Lorg/jruby/runtime/ThreadContext; @ 15
Event: 2,595 Thread 0x00007fc8f400a800 Uncommon trap: reason=unreached action=reinterpret pc=0x00007fc8f1072af4 method=java.util.concurrent.locks.AbstractQueuedSynchronizer.release(I)Z @ 14
Event: 2,595 Thread 0x00007fc8f4441000 Uncommon trap: reason=unreached action=reinterpret pc=0x00007fc8f106efcc method=java.util.concurrent.locks.AbstractQueuedSynchronizer.release(I)Z @ 14
Event: 2,615 Thread 0x00007fc8f400a800 Uncommon trap: reason=unreached action=reinterpret pc=0x00007fc8f11141a8 method=org.jruby.parser.ParserSupport.checkExpression(Lorg/jruby/ast/Node;)Z @ 3
Event: 2,921 Thread 0x00007fc8f400a800 Uncommon trap: reason=class_check action=maybe_recompile pc=0x00007fc8f1168d38 method=org.jruby.RubyArray.compare(Lorg/jruby/runtime/ThreadContext;Lorg/jruby/runtime/invokedynamic/MethodNames;Lorg/jruby/runtime/builtin/IRubyObject;)Lorg/jruby/RubyBoolean;
Event: 2,923 Thread 0x00007fc8f400a800 Uncommon trap: reason=class_check action=maybe_recompile pc=0x00007fc8f1168d38 method=org.jruby.RubyArray.compare(Lorg/jruby/runtime/ThreadContext;Lorg/jruby/runtime/invokedynamic/MethodNames;Lorg/jruby/runtime/builtin/IRubyObject;)Lorg/jruby/RubyBoolean;
Event: 2,924 Thread 0x00007fc8f400a800 Uncommon trap: reason=class_check action=maybe_recompile pc=0x00007fc8f1168d38 method=org.jruby.RubyArray.compare(Lorg/jruby/runtime/ThreadContext;Lorg/jruby/runtime/invokedynamic/MethodNames;Lorg/jruby/runtime/builtin/IRubyObject;)Lorg/jruby/RubyBoolean;
Event: 2,924 Thread 0x00007fc8f400a800 Uncommon trap: reason=class_check action=maybe_recompile pc=0x00007fc8f1168d38 method=org.jruby.RubyArray.compare(Lorg/jruby/runtime/ThreadContext;Lorg/jruby/runtime/invokedynamic/MethodNames;Lorg/jruby/runtime/builtin/IRubyObject;)Lorg/jruby/RubyBoolean;
Event: 3,207 Thread 0x00007fc8f400a800 Uncommon trap: reason=unreached action=reinterpret pc=0x00007fc8f119a150 method=java.util.HashSet.add(Ljava/lang/Object;)Z @ 11

Internal exceptions (10 events):
Event: 2,793 Thread 0x00007fc8f447b000 Threw 0x00000000f62d6f78 at /build/buildd/openjdk-7-7u51-2.4.4/build/openjdk/hotspot/src/share/vm/prims/jvm.cpp:1244
Event: 2,793 Thread 0x00007fc8f447b000 Threw 0x00000000f62d8018 at /build/buildd/openjdk-7-7u51-2.4.4/build/openjdk/hotspot/src/share/vm/prims/jvm.cpp:1244
Event: 2,845 Thread 0x00007fc8f4441000 Threw 0x00000000f633e830 at /build/buildd/openjdk-7-7u51-2.4.4/build/openjdk/hotspot/src/share/vm/prims/jvm.cpp:1244
Event: 2,845 Thread 0x00007fc8f4441000 Threw 0x00000000f633f930 at /build/buildd/openjdk-7-7u51-2.4.4/build/openjdk/hotspot/src/share/vm/prims/jvm.cpp:1244
Event: 2,848 Thread 0x00007fc8f4441000 Threw 0x00000000f6508cb0 at /build/buildd/openjdk-7-7u51-2.4.4/build/openjdk/hotspot/src/share/vm/prims/jvm.cpp:1244
Event: 2,849 Thread 0x00007fc8f4441000 Threw 0x00000000f6509db0 at /build/buildd/openjdk-7-7u51-2.4.4/build/openjdk/hotspot/src/share/vm/prims/jvm.cpp:1244
Event: 2,852 Thread 0x00007fc8f4441000 Threw 0x00000000f6531760 at /build/buildd/openjdk-7-7u51-2.4.4/build/openjdk/hotspot/src/share/vm/prims/jvm.cpp:1244
Event: 2,852 Thread 0x00007fc8f4441000 Threw 0x00000000f6532908 at /build/buildd/openjdk-7-7u51-2.4.4/build/openjdk/hotspot/src/share/vm/prims/jvm.cpp:1244
Event: 2,929 Thread 0x00007fc8f4441000 Threw 0x00000000f66721e0 at /build/buildd/openjdk-7-7u51-2.4.4/build/openjdk/hotspot/src/share/vm/prims/jvm.cpp:1244
Event: 2,929 Thread 0x00007fc8f4441000 Threw 0x00000000f6673480 at /build/buildd/openjdk-7-7u51-2.4.4/build/openjdk/hotspot/src/share/vm/prims/jvm.cpp:1244

Events (10 events):
Event: 4,068 Executing VM operation: ParallelGCFailedAllocation
Event: 4,089 Executing VM operation: ParallelGCFailedAllocation done
Event: 4,500 Executing VM operation: ParallelGCFailedAllocation
Event: 4,520 Executing VM operation: ParallelGCFailedAllocation done
Event: 4,894 Executing VM operation: ParallelGCFailedAllocation
Event: 4,909 Executing VM operation: ParallelGCFailedAllocation done
Event: 4,928 Thread 0x00007fc8f40a7800 flushing nmethod 0x00007fc8f1075b90
Event: 4,928 Thread 0x00007fc8f40a7800 flushing nmethod 0x00007fc8f1076010
Event: 5,049 Executing VM operation: ParallelGCFailedAllocation
Event: 5,057 Executing VM operation: ParallelGCFailedAllocation done


Dynamic libraries:
00400000-00401000 r-xp 00000000 08:05 12322450                           /usr/lib/jvm/java-7-openjdk-amd64/jre/bin/java
00600000-00601000 r--p 00000000 08:05 12322450                           /usr/lib/jvm/java-7-openjdk-amd64/jre/bin/java
00601000-00602000 rw-p 00001000 08:05 12322450                           /usr/lib/jvm/java-7-openjdk-amd64/jre/bin/java
0125c000-0127d000 rw-p 00000000 00:00 0                                  [heap]
d6600000-d7f00000 rw-p 00000000 00:00 0 
d7f00000-e0c00000 rw-p 00000000 00:00 0 
e0c00000-e3300000 rw-p 00000000 00:00 0 
e3300000-f5900000 rw-p 00000000 00:00 0 
f5900000-100000000 rw-p 00000000 00:00 0 
7fc8a8000000-7fc8a8021000 rw-p 00000000 00:00 0 
7fc8a8021000-7fc8ac000000 ---p 00000000 00:00 0 
7fc8ac000000-7fc8ac021000 rw-p 00000000 00:00 0 
7fc8ac021000-7fc8b0000000 ---p 00000000 00:00 0 
7fc8b0000000-7fc8b0021000 rw-p 00000000 00:00 0 
7fc8b0021000-7fc8b4000000 ---p 00000000 00:00 0 
7fc8b4000000-7fc8b4021000 rw-p 00000000 00:00 0 
7fc8b4021000-7fc8b8000000 ---p 00000000 00:00 0 
7fc8b8000000-7fc8b8021000 rw-p 00000000 00:00 0 
7fc8b8021000-7fc8bc000000 ---p 00000000 00:00 0 
7fc8bc000000-7fc8bc027000 rw-p 00000000 00:00 0 
7fc8bc027000-7fc8c0000000 ---p 00000000 00:00 0 
7fc8c0000000-7fc8c1ab9000 rw-p 00000000 00:00 0 
7fc8c1ab9000-7fc8c4000000 ---p 00000000 00:00 0 
7fc8c4000000-7fc8c4021000 rw-p 00000000 00:00 0 
7fc8c4021000-7fc8c8000000 ---p 00000000 00:00 0 
7fc8c8000000-7fc8c8021000 rw-p 00000000 00:00 0 
7fc8c8021000-7fc8cc000000 ---p 00000000 00:00 0 
7fc8cc000000-7fc8cdf4e000 rw-p 00000000 00:00 0 
7fc8cdf4e000-7fc8d0000000 ---p 00000000 00:00 0 
7fc8d0000000-7fc8d0021000 rw-p 00000000 00:00 0 
7fc8d0021000-7fc8d4000000 ---p 00000000 00:00 0 
7fc8d4000000-7fc8d4021000 rw-p 00000000 00:00 0 
7fc8d4021000-7fc8d8000000 ---p 00000000 00:00 0 
7fc8d8000000-7fc8d8021000 rw-p 00000000 00:00 0 
7fc8d8021000-7fc8dc000000 ---p 00000000 00:00 0 
7fc8dc000000-7fc8dc021000 rw-p 00000000 00:00 0 
7fc8dc021000-7fc8e0000000 ---p 00000000 00:00 0 
7fc8e0000000-7fc8e0021000 rw-p 00000000 00:00 0 
7fc8e0021000-7fc8e4000000 ---p 00000000 00:00 0 
7fc8e4000000-7fc8e4021000 rw-p 00000000 00:00 0 
7fc8e4021000-7fc8e8000000 ---p 00000000 00:00 0 
7fc8e81f6000-7fc8e81f8000 r-xp 00000000 08:05 16778162                   /home/luis/practica01/src/lib/libconvex_hull.so
7fc8e81f8000-7fc8e83f7000 ---p 00002000 08:05 16778162                   /home/luis/practica01/src/lib/libconvex_hull.so
7fc8e83f7000-7fc8e83f8000 r--p 00001000 08:05 16778162                   /home/luis/practica01/src/lib/libconvex_hull.so
7fc8e83f8000-7fc8e83f9000 rw-p 00002000 08:05 16778162                   /home/luis/practica01/src/lib/libconvex_hull.so
7fc8e83f9000-7fc8e83fb000 r-xp 00000000 08:05 16777925                   /home/luis/practica01/src/lib/libdouble_linked_list.so
7fc8e83fb000-7fc8e85fa000 ---p 00002000 08:05 16777925                   /home/luis/practica01/src/lib/libdouble_linked_list.so
7fc8e85fa000-7fc8e85fb000 r--p 00001000 08:05 16777925                   /home/luis/practica01/src/lib/libdouble_linked_list.so
7fc8e85fb000-7fc8e85fc000 rw-p 00002000 08:05 16777925                   /home/luis/practica01/src/lib/libdouble_linked_list.so
7fc8e85fc000-7fc8e85fd000 r-xp 00000000 08:05 16777919                   /home/luis/practica01/src/lib/lib2d_points.so
7fc8e85fd000-7fc8e87fc000 ---p 00001000 08:05 16777919                   /home/luis/practica01/src/lib/lib2d_points.so
7fc8e87fc000-7fc8e87fd000 r--p 00000000 08:05 16777919                   /home/luis/practica01/src/lib/lib2d_points.so
7fc8e87fd000-7fc8e87fe000 rw-p 00001000 08:05 16777919                   /home/luis/practica01/src/lib/lib2d_points.so
7fc8e87fe000-7fc8e8801000 ---p 00000000 00:00 0 
7fc8e8801000-7fc8e89ff000 rw-p 00000000 00:00 0                          [stack:4224]
7fc8e89ff000-7fc8e8a02000 ---p 00000000 00:00 0 
7fc8e8a02000-7fc8e8c00000 rw-p 00000000 00:00 0 
7fc8e8c00000-7fc8e8c03000 ---p 00000000 00:00 0 
7fc8e8c03000-7fc8e8e01000 rw-p 00000000 00:00 0 
7fc8e8f81000-7fc8e8f84000 ---p 00000000 00:00 0 
7fc8e8f84000-7fc8e9182000 rw-p 00000000 00:00 0                          [stack:4154]
7fc8e9182000-7fc8e9194000 r-xp 00000000 08:05 16253453                   /home/luis/.rbenv/versions/jruby-1.7.10/lib/jni/x86_64-Linux/libjffi-1.2.so
7fc8e9194000-7fc8e9393000 ---p 00012000 08:05 16253453                   /home/luis/.rbenv/versions/jruby-1.7.10/lib/jni/x86_64-Linux/libjffi-1.2.so
7fc8e9393000-7fc8e9394000 rw-p 00011000 08:05 16253453                   /home/luis/.rbenv/versions/jruby-1.7.10/lib/jni/x86_64-Linux/libjffi-1.2.so
7fc8e9394000-7fc8e93a4000 r-xp 00000000 08:05 12322344                   /usr/lib/jvm/java-7-openjdk-amd64/jre/lib/amd64/libnio.so
7fc8e93a4000-7fc8e95a4000 ---p 00010000 08:05 12322344                   /usr/lib/jvm/java-7-openjdk-amd64/jre/lib/amd64/libnio.so
7fc8e95a4000-7fc8e95a5000 r--p 00010000 08:05 12322344                   /usr/lib/jvm/java-7-openjdk-amd64/jre/lib/amd64/libnio.so
7fc8e95a5000-7fc8e95a6000 rw-p 00011000 08:05 12322344                   /usr/lib/jvm/java-7-openjdk-amd64/jre/lib/amd64/libnio.so
7fc8e95a6000-7fc8e95e3000 r-xp 00000000 08:05 9834371                    /lib/x86_64-linux-gnu/libpcre.so.3.13.1
7fc8e95e3000-7fc8e97e3000 ---p 0003d000 08:05 9834371                    /lib/x86_64-linux-gnu/libpcre.so.3.13.1
7fc8e97e3000-7fc8e97e4000 r--p 0003d000 08:05 9834371                    /lib/x86_64-linux-gnu/libpcre.so.3.13.1
7fc8e97e4000-7fc8e97e5000 rw-p 0003e000 08:05 9834371                    /lib/x86_64-linux-gnu/libpcre.so.3.13.1
7fc8e97e5000-7fc8e97ec000 r-xp 00000000 08:05 12196946                   /usr/lib/x86_64-linux-gnu/libffi.so.6.0.1
7fc8e97ec000-7fc8e99eb000 ---p 00007000 08:05 12196946                   /usr/lib/x86_64-linux-gnu/libffi.so.6.0.1
7fc8e99eb000-7fc8e99ec000 r--p 00006000 08:05 12196946                   /usr/lib/x86_64-linux-gnu/libffi.so.6.0.1
7fc8e99ec000-7fc8e99ed000 rw-p 00007000 08:05 12196946                   /usr/lib/x86_64-linux-gnu/libffi.so.6.0.1
7fc8e99ed000-7fc8e9a03000 r-xp 00000000 08:05 9834394                    /lib/x86_64-linux-gnu/libresolv-2.17.so
7fc8e9a03000-7fc8e9c03000 ---p 00016000 08:05 9834394                    /lib/x86_64-linux-gnu/libresolv-2.17.so
7fc8e9c03000-7fc8e9c04000 r--p 00016000 08:05 9834394                    /lib/x86_64-linux-gnu/libresolv-2.17.so
7fc8e9c04000-7fc8e9c05000 rw-p 00017000 08:05 9834394                    /lib/x86_64-linux-gnu/libresolv-2.17.so
7fc8e9c05000-7fc8e9c07000 rw-p 00000000 00:00 0 
7fc8e9c07000-7fc8e9c26000 r-xp 00000000 08:05 9834398                    /lib/x86_64-linux-gnu/libselinux.so.1
7fc8e9c26000-7fc8e9e26000 ---p 0001f000 08:05 9834398                    /lib/x86_64-linux-gnu/libselinux.so.1
7fc8e9e26000-7fc8e9e27000 r--p 0001f000 08:05 9834398                    /lib/x86_64-linux-gnu/libselinux.so.1
7fc8e9e27000-7fc8e9e28000 rw-p 00020000 08:05 9834398                    /lib/x86_64-linux-gnu/libselinux.so.1
7fc8e9e28000-7fc8e9e29000 rw-p 00000000 00:00 0 
7fc8e9e29000-7fc8e9e2c000 r-xp 00000000 08:05 12190134                   /usr/lib/x86_64-linux-gnu/libgmodule-2.0.so.0.3800.1
7fc8e9e2c000-7fc8ea02b000 ---p 00003000 08:05 12190134                   /usr/lib/x86_64-linux-gnu/libgmodule-2.0.so.0.3800.1
7fc8ea02b000-7fc8ea02c000 r--p 00002000 08:05 12190134                   /usr/lib/x86_64-linux-gnu/libgmodule-2.0.so.0.3800.1
7fc8ea02c000-7fc8ea02d000 rw-p 00003000 08:05 12190134                   /usr/lib/x86_64-linux-gnu/libgmodule-2.0.so.0.3800.1
7fc8ea02d000-7fc8ea12b000 r-xp 00000000 08:05 9834386                    /lib/x86_64-linux-gnu/libglib-2.0.so.0.3800.1
7fc8ea12b000-7fc8ea32b000 ---p 000fe000 08:05 9834386                    /lib/x86_64-linux-gnu/libglib-2.0.so.0.3800.1
7fc8ea32b000-7fc8ea32c000 r--p 000fe000 08:05 9834386                    /lib/x86_64-linux-gnu/libglib-2.0.so.0.3800.1
7fc8ea32c000-7fc8ea32d000 rw-p 000ff000 08:05 9834386                    /lib/x86_64-linux-gnu/libglib-2.0.so.0.3800.1
7fc8ea32d000-7fc8ea32e000 rw-p 00000000 00:00 0 
7fc8ea32e000-7fc8ea37d000 r-xp 00000000 08:05 12190125                   /usr/lib/x86_64-linux-gnu/libgobject-2.0.so.0.3800.1
7fc8ea37d000-7fc8ea57d000 ---p 0004f000 08:05 12190125                   /usr/lib/x86_64-linux-gnu/libgobject-2.0.so.0.3800.1
7fc8ea57d000-7fc8ea57e000 r--p 0004f000 08:05 12190125                   /usr/lib/x86_64-linux-gnu/libgobject-2.0.so.0.3800.1
7fc8ea57e000-7fc8ea57f000 rw-p 00050000 08:05 12190125                   /usr/lib/x86_64-linux-gnu/libgobject-2.0.so.0.3800.1
7fc8ea57f000-7fc8ea6db000 r-xp 00000000 08:05 12190099                   /usr/lib/x86_64-linux-gnu/libgio-2.0.so.0.3800.1
7fc8ea6db000-7fc8ea8da000 ---p 0015c000 08:05 12190099                   /usr/lib/x86_64-linux-gnu/libgio-2.0.so.0.3800.1
7fc8ea8da000-7fc8ea8de000 r--p 0015b000 08:05 12190099                   /usr/lib/x86_64-linux-gnu/libgio-2.0.so.0.3800.1
7fc8ea8de000-7fc8ea8e0000 rw-p 0015f000 08:05 12190099                   /usr/lib/x86_64-linux-gnu/libgio-2.0.so.0.3800.1
7fc8ea8e0000-7fc8ea8e2000 rw-p 00000000 00:00 0 
7fc8ea8e2000-7fc8ea8f8000 r-xp 00000000 08:05 12322132                   /usr/lib/jvm/java-7-openjdk-amd64/jre/lib/amd64/libnet.so
7fc8ea8f8000-7fc8eaaf7000 ---p 00016000 08:05 12322132                   /usr/lib/jvm/java-7-openjdk-amd64/jre/lib/amd64/libnet.so
7fc8eaaf7000-7fc8eaaf8000 r--p 00015000 08:05 12322132                   /usr/lib/jvm/java-7-openjdk-amd64/jre/lib/amd64/libnet.so
7fc8eaaf8000-7fc8eaaf9000 rw-p 00016000 08:05 12322132                   /usr/lib/jvm/java-7-openjdk-amd64/jre/lib/amd64/libnet.so
7fc8eaaf9000-7fc8eaafa000 ---p 00000000 00:00 0 
7fc8eaafa000-7fc8eabfa000 rw-p 00000000 00:00 0                          [stack:4153]
7fc8eabfa000-7fc8eabfd000 ---p 00000000 00:00 0 
7fc8eabfd000-7fc8eadfb000 rw-p 00000000 00:00 0                          [stack:4152]
7fc8eadfb000-7fc8eadfe000 ---p 00000000 00:00 0 
7fc8eadfe000-7fc8eaefc000 rw-p 00000000 00:00 0                          [stack:4151]
7fc8eaefc000-7fc8eaeff000 ---p 00000000 00:00 0 
7fc8eaeff000-7fc8eaffd000 rw-p 00000000 00:00 0                          [stack:4150]
7fc8eaffd000-7fc8eb000000 ---p 00000000 00:00 0 
7fc8eb000000-7fc8eb1fe000 rw-p 00000000 00:00 0                          [stack:4149]
7fc8eb1fe000-7fc8eb5f8000 r--p 00000000 08:05 12195384                   /usr/lib/locale/locale-archive
7fc8eb5f8000-7fc8eb5fb000 ---p 00000000 00:00 0 
7fc8eb5fb000-7fc8eb7f9000 rw-p 00000000 00:00 0                          [stack:4148]
7fc8eb7f9000-7fc8eb7fc000 ---p 00000000 00:00 0 
7fc8eb7fc000-7fc8eb9fa000 rw-p 00000000 00:00 0                          [stack:4147]
7fc8eb9fa000-7fc8eb9fb000 ---p 00000000 00:00 0 
7fc8eb9fb000-7fc8ec000000 rw-p 00000000 00:00 0                          [stack:4146]
7fc8ec000000-7fc8ec021000 rw-p 00000000 00:00 0 
7fc8ec021000-7fc8f0000000 ---p 00000000 00:00 0 
7fc8f0095000-7fc8f0098000 ---p 00000000 00:00 0 
7fc8f0098000-7fc8f0ba6000 rw-p 00000000 00:00 0                          [stack:4157]
7fc8f0ba6000-7fc8f0c8f000 r--s 00bb9000 08:05 16253440                   /home/luis/.rbenv/versions/jruby-1.7.10/lib/jruby.jar
7fc8f0c8f000-7fc8f0e3d000 r--s 01cf4000 08:05 12322430                   /usr/lib/jvm/java-7-openjdk-amd64/jre/lib/rt.jar
7fc8f0e3d000-7fc8f1000000 rw-p 00000000 00:00 0 
7fc8f1000000-7fc8f1270000 rwxp 00000000 00:00 0 
7fc8f1270000-7fc8f44b2000 rw-p 00000000 00:00 0 
7fc8f44b2000-7fc8f8000000 ---p 00000000 00:00 0 
7fc8f8019000-7fc8f95b4000 rw-p 00000000 00:00 0 
7fc8f95b4000-7fc8f95b5000 ---p 00000000 00:00 0 
7fc8f95b5000-7fc8f96b5000 rw-p 00000000 00:00 0                          [stack:4145]
7fc8f96b5000-7fc8f96b6000 ---p 00000000 00:00 0 
7fc8f96b6000-7fc8f97b6000 rw-p 00000000 00:00 0                          [stack:4144]
7fc8f97b6000-7fc8f97b7000 ---p 00000000 00:00 0 
7fc8f97b7000-7fc8f98b7000 rw-p 00000000 00:00 0                          [stack:4143]
7fc8f98b7000-7fc8f98b8000 ---p 00000000 00:00 0 
7fc8f98b8000-7fc8f99c5000 rw-p 00000000 00:00 0                          [stack:4142]
7fc8f99c5000-7fc8f9a0b000 rw-p 00000000 00:00 0 
7fc8f9a0b000-7fc8f9a1f000 rw-p 00000000 00:00 0 
7fc8f9a1f000-7fc8f9ab1000 rw-p 00000000 00:00 0 
7fc8f9ab1000-7fc8f9b05000 rw-p 00000000 00:00 0 
7fc8f9b05000-7fc8f9b06000 rw-p 00000000 00:00 0 
7fc8f9b06000-7fc8f9b0e000 r-xp 00000000 08:05 12322081                   /usr/lib/jvm/java-7-openjdk-amd64/jre/lib/amd64/libzip.so
7fc8f9b0e000-7fc8f9d0d000 ---p 00008000 08:05 12322081                   /usr/lib/jvm/java-7-openjdk-amd64/jre/lib/amd64/libzip.so
7fc8f9d0d000-7fc8f9d0e000 r--p 00007000 08:05 12322081                   /usr/lib/jvm/java-7-openjdk-amd64/jre/lib/amd64/libzip.so
7fc8f9d0e000-7fc8f9d0f000 rw-p 00008000 08:05 12322081                   /usr/lib/jvm/java-7-openjdk-amd64/jre/lib/amd64/libzip.so
7fc8f9d0f000-7fc8f9d1b000 r-xp 00000000 08:05 9834349                    /lib/x86_64-linux-gnu/libnss_files-2.17.so
7fc8f9d1b000-7fc8f9f1a000 ---p 0000c000 08:05 9834349                    /lib/x86_64-linux-gnu/libnss_files-2.17.so
7fc8f9f1a000-7fc8f9f1b000 r--p 0000b000 08:05 9834349                    /lib/x86_64-linux-gnu/libnss_files-2.17.so
7fc8f9f1b000-7fc8f9f1c000 rw-p 0000c000 08:05 9834349                    /lib/x86_64-linux-gnu/libnss_files-2.17.so
7fc8f9f1c000-7fc8f9f27000 r-xp 00000000 08:05 9834353                    /lib/x86_64-linux-gnu/libnss_nis-2.17.so
7fc8f9f27000-7fc8fa126000 ---p 0000b000 08:05 9834353                    /lib/x86_64-linux-gnu/libnss_nis-2.17.so
7fc8fa126000-7fc8fa127000 r--p 0000a000 08:05 9834353                    /lib/x86_64-linux-gnu/libnss_nis-2.17.so
7fc8fa127000-7fc8fa128000 rw-p 0000b000 08:05 9834353                    /lib/x86_64-linux-gnu/libnss_nis-2.17.so
7fc8fa128000-7fc8fa13f000 r-xp 00000000 08:05 9834343                    /lib/x86_64-linux-gnu/libnsl-2.17.so
7fc8fa13f000-7fc8fa33e000 ---p 00017000 08:05 9834343                    /lib/x86_64-linux-gnu/libnsl-2.17.so
7fc8fa33e000-7fc8fa33f000 r--p 00016000 08:05 9834343                    /lib/x86_64-linux-gnu/libnsl-2.17.so
7fc8fa33f000-7fc8fa340000 rw-p 00017000 08:05 9834343                    /lib/x86_64-linux-gnu/libnsl-2.17.so
7fc8fa340000-7fc8fa342000 rw-p 00000000 00:00 0 
7fc8fa342000-7fc8fa34a000 r-xp 00000000 08:05 9834345                    /lib/x86_64-linux-gnu/libnss_compat-2.17.so
7fc8fa34a000-7fc8fa549000 ---p 00008000 08:05 9834345                    /lib/x86_64-linux-gnu/libnss_compat-2.17.so
7fc8fa549000-7fc8fa54a000 r--p 00007000 08:05 9834345                    /lib/x86_64-linux-gnu/libnss_compat-2.17.so
7fc8fa54a000-7fc8fa54b000 rw-p 00008000 08:05 9834345                    /lib/x86_64-linux-gnu/libnss_compat-2.17.so
7fc8fa54b000-7fc8fa576000 r-xp 00000000 08:05 12322007                   /usr/lib/jvm/java-7-openjdk-amd64/jre/lib/amd64/libjava.so
7fc8fa576000-7fc8fa775000 ---p 0002b000 08:05 12322007                   /usr/lib/jvm/java-7-openjdk-amd64/jre/lib/amd64/libjava.so
7fc8fa775000-7fc8fa776000 r--p 0002a000 08:05 12322007                   /usr/lib/jvm/java-7-openjdk-amd64/jre/lib/amd64/libjava.so
7fc8fa776000-7fc8fa778000 rw-p 0002b000 08:05 12322007                   /usr/lib/jvm/java-7-openjdk-amd64/jre/lib/amd64/libjava.so
7fc8fa778000-7fc8fa788000 r-xp 00000000 08:05 12322321                   /usr/lib/jvm/java-7-openjdk-amd64/jre/lib/amd64/libverify.so
7fc8fa788000-7fc8fa987000 ---p 00010000 08:05 12322321                   /usr/lib/jvm/java-7-openjdk-amd64/jre/lib/amd64/libverify.so
7fc8fa987000-7fc8fa989000 r--p 0000f000 08:05 12322321                   /usr/lib/jvm/java-7-openjdk-amd64/jre/lib/amd64/libverify.so
7fc8fa989000-7fc8fa98a000 rw-p 00011000 08:05 12322321                   /usr/lib/jvm/java-7-openjdk-amd64/jre/lib/amd64/libverify.so
7fc8fa98a000-7fc8fa991000 r-xp 00000000 08:05 9834396                    /lib/x86_64-linux-gnu/librt-2.17.so
7fc8fa991000-7fc8fab90000 ---p 00007000 08:05 9834396                    /lib/x86_64-linux-gnu/librt-2.17.so
7fc8fab90000-7fc8fab91000 r--p 00006000 08:05 9834396                    /lib/x86_64-linux-gnu/librt-2.17.so
7fc8fab91000-7fc8fab92000 rw-p 00007000 08:05 9834396                    /lib/x86_64-linux-gnu/librt-2.17.so
7fc8fab92000-7fc8fab95000 ---p 00000000 00:00 0 
7fc8fab95000-7fc8fad93000 rw-p 00000000 00:00 0                          [stack:4141]
7fc8fad93000-7fc8fada8000 r-xp 00000000 08:05 9830413                    /lib/x86_64-linux-gnu/libgcc_s.so.1
7fc8fada8000-7fc8fafa7000 ---p 00015000 08:05 9830413                    /lib/x86_64-linux-gnu/libgcc_s.so.1
7fc8fafa7000-7fc8fafa8000 r--p 00014000 08:05 9830413                    /lib/x86_64-linux-gnu/libgcc_s.so.1
7fc8fafa8000-7fc8fafa9000 rw-p 00015000 08:05 9830413                    /lib/x86_64-linux-gnu/libgcc_s.so.1
7fc8fafa9000-7fc8fb0ac000 r-xp 00000000 08:05 9834324                    /lib/x86_64-linux-gnu/libm-2.17.so
7fc8fb0ac000-7fc8fb2ab000 ---p 00103000 08:05 9834324                    /lib/x86_64-linux-gnu/libm-2.17.so
7fc8fb2ab000-7fc8fb2ac000 r--p 00102000 08:05 9834324                    /lib/x86_64-linux-gnu/libm-2.17.so
7fc8fb2ac000-7fc8fb2ad000 rw-p 00103000 08:05 9834324                    /lib/x86_64-linux-gnu/libm-2.17.so
7fc8fb2ad000-7fc8fb393000 r-xp 00000000 08:05 12190887                   /usr/lib/x86_64-linux-gnu/libstdc++.so.6.0.18
7fc8fb393000-7fc8fb592000 ---p 000e6000 08:05 12190887                   /usr/lib/x86_64-linux-gnu/libstdc++.so.6.0.18
7fc8fb592000-7fc8fb59a000 r--p 000e5000 08:05 12190887                   /usr/lib/x86_64-linux-gnu/libstdc++.so.6.0.18
7fc8fb59a000-7fc8fb59c000 rw-p 000ed000 08:05 12190887                   /usr/lib/x86_64-linux-gnu/libstdc++.so.6.0.18
7fc8fb59c000-7fc8fb5b1000 rw-p 00000000 00:00 0 
7fc8fb5b1000-7fc8fc090000 r-xp 00000000 08:05 12322340                   /usr/lib/jvm/java-7-openjdk-amd64/jre/lib/amd64/server/libjvm.so
7fc8fc090000-7fc8fc28f000 ---p 00adf000 08:05 12322340                   /usr/lib/jvm/java-7-openjdk-amd64/jre/lib/amd64/server/libjvm.so
7fc8fc28f000-7fc8fc321000 r--p 00ade000 08:05 12322340                   /usr/lib/jvm/java-7-openjdk-amd64/jre/lib/amd64/server/libjvm.so
7fc8fc321000-7fc8fc344000 rw-p 00b70000 08:05 12322340                   /usr/lib/jvm/java-7-openjdk-amd64/jre/lib/amd64/server/libjvm.so
7fc8fc344000-7fc8fc371000 rw-p 00000000 00:00 0 
7fc8fc371000-7fc8fc389000 r-xp 00000000 08:05 9834431                    /lib/x86_64-linux-gnu/libz.so.1.2.8
7fc8fc389000-7fc8fc588000 ---p 00018000 08:05 9834431                    /lib/x86_64-linux-gnu/libz.so.1.2.8
7fc8fc588000-7fc8fc589000 r--p 00017000 08:05 9834431                    /lib/x86_64-linux-gnu/libz.so.1.2.8
7fc8fc589000-7fc8fc58a000 rw-p 00018000 08:05 9834431                    /lib/x86_64-linux-gnu/libz.so.1.2.8
7fc8fc58a000-7fc8fc5a1000 r-xp 00000000 08:05 9834388                    /lib/x86_64-linux-gnu/libpthread-2.17.so
7fc8fc5a1000-7fc8fc7a1000 ---p 00017000 08:05 9834388                    /lib/x86_64-linux-gnu/libpthread-2.17.so
7fc8fc7a1000-7fc8fc7a2000 r--p 00017000 08:05 9834388                    /lib/x86_64-linux-gnu/libpthread-2.17.so
7fc8fc7a2000-7fc8fc7a3000 rw-p 00018000 08:05 9834388                    /lib/x86_64-linux-gnu/libpthread-2.17.so
7fc8fc7a3000-7fc8fc7a7000 rw-p 00000000 00:00 0 
7fc8fc7a7000-7fc8fc7aa000 r-xp 00000000 08:05 9834288                    /lib/x86_64-linux-gnu/libdl-2.17.so
7fc8fc7aa000-7fc8fc9a9000 ---p 00003000 08:05 9834288                    /lib/x86_64-linux-gnu/libdl-2.17.so
7fc8fc9a9000-7fc8fc9aa000 r--p 00002000 08:05 9834288                    /lib/x86_64-linux-gnu/libdl-2.17.so
7fc8fc9aa000-7fc8fc9ab000 rw-p 00003000 08:05 9834288                    /lib/x86_64-linux-gnu/libdl-2.17.so
7fc8fc9ab000-7fc8fcb68000 r-xp 00000000 08:05 9834273                    /lib/x86_64-linux-gnu/libc-2.17.so
7fc8fcb68000-7fc8fcd68000 ---p 001bd000 08:05 9834273                    /lib/x86_64-linux-gnu/libc-2.17.so
7fc8fcd68000-7fc8fcd6c000 r--p 001bd000 08:05 9834273                    /lib/x86_64-linux-gnu/libc-2.17.so
7fc8fcd6c000-7fc8fcd6e000 rw-p 001c1000 08:05 9834273                    /lib/x86_64-linux-gnu/libc-2.17.so
7fc8fcd6e000-7fc8fcd73000 rw-p 00000000 00:00 0 
7fc8fcd73000-7fc8fcd80000 r-xp 00000000 08:05 12322347                   /usr/lib/jvm/java-7-openjdk-amd64/jre/lib/amd64/jli/libjli.so
7fc8fcd80000-7fc8fcf7f000 ---p 0000d000 08:05 12322347                   /usr/lib/jvm/java-7-openjdk-amd64/jre/lib/amd64/jli/libjli.so
7fc8fcf7f000-7fc8fcf80000 r--p 0000c000 08:05 12322347                   /usr/lib/jvm/java-7-openjdk-amd64/jre/lib/amd64/jli/libjli.so
7fc8fcf80000-7fc8fcf81000 rw-p 0000d000 08:05 12322347                   /usr/lib/jvm/java-7-openjdk-amd64/jre/lib/amd64/jli/libjli.so
7fc8fcf81000-7fc8fcfa4000 r-xp 00000000 08:05 9834249                    /lib/x86_64-linux-gnu/ld-2.17.so
7fc8fcfa9000-7fc8fcfaa000 rw-p 00000000 00:00 0 
7fc8fcfaa000-7fc8fcfab000 r-xp 00000000 00:00 0 
7fc8fcfab000-7fc8fcfb2000 r--s 00000000 08:05 12588976                   /usr/lib/x86_64-linux-gnu/gconv/gconv-modules.cache
7fc8fcfb2000-7fc8fcfb7000 r--s 0004c000 08:05 12322352                   /usr/lib/jvm/java-7-openjdk-amd64/jre/lib/jsse.jar
7fc8fcfb7000-7fc8fcfba000 r--s 00032000 08:05 12322366                   /usr/lib/jvm/java-7-openjdk-amd64/jre/lib/ext/sunjce_provider.jar
7fc8fcfba000-7fc8fcfbd000 r--s 0000f000 08:05 12322362                   /usr/lib/jvm/java-7-openjdk-amd64/jre/lib/ext/pulse-java.jar
7fc8fcfbd000-7fc8fcfd8000 rw-p 00000000 00:00 0 
7fc8fcfd8000-7fc8fd01e000 rw-p 00000000 00:00 0 
7fc8fd01e000-7fc8fd032000 rw-p 00000000 00:00 0 
7fc8fd032000-7fc8fd0c5000 rw-p 00000000 00:00 0 
7fc8fd0c5000-7fc8fd0cf000 rw-p 00000000 00:00 0 
7fc8fd0cf000-7fc8fd185000 rw-p 00000000 00:00 0 
7fc8fd185000-7fc8fd18a000 rw-p 00000000 00:00 0 
7fc8fd18a000-7fc8fd18c000 r--s 00006000 08:05 12717881                   /usr/share/java/java-atk-wrapper.jar
7fc8fd18c000-7fc8fd190000 r--s 00085000 08:05 12322360                   /usr/lib/jvm/java-7-openjdk-amd64/jre/lib/ext/localedata.jar
7fc8fd190000-7fc8fd194000 r--s 0003b000 08:05 12322372                   /usr/lib/jvm/java-7-openjdk-amd64/jre/lib/ext/sunpkcs11.jar
7fc8fd194000-7fc8fd195000 r--s 00002000 08:05 12322370                   /usr/lib/jvm/java-7-openjdk-amd64/jre/lib/ext/dnsns.jar
7fc8fd195000-7fc8fd197000 r--s 00012000 08:05 12322364                   /usr/lib/jvm/java-7-openjdk-amd64/jre/lib/ext/zipfs.jar
7fc8fd197000-7fc8fd19f000 rw-s 00000000 08:05 7340078                    /tmp/hsperfdata_luis/4116
7fc8fd19f000-7fc8fd1a0000 rw-p 00000000 00:00 0 
7fc8fd1a0000-7fc8fd1a1000 r--p 00000000 00:00 0 
7fc8fd1a1000-7fc8fd1a3000 rw-p 00000000 00:00 0 
7fc8fd1a3000-7fc8fd1a4000 r--p 00022000 08:05 9834249                    /lib/x86_64-linux-gnu/ld-2.17.so
7fc8fd1a4000-7fc8fd1a6000 rw-p 00023000 08:05 9834249                    /lib/x86_64-linux-gnu/ld-2.17.so
7fff4bf1e000-7fff4bf3f000 rw-p 00000000 00:00 0                          [stack]
7fff4bffe000-7fff4c000000 r-xp 00000000 00:00 0                          [vdso]
ffffffffff600000-ffffffffff601000 r-xp 00000000 00:00 0                  [vsyscall]

VM Arguments:
jvm_args: -Djdk.home= -Djruby.home=/home/luis/.rbenv/versions/jruby-1.7.10 -Djruby.script=jruby -Djruby.shell=/bin/sh -Djffi.boot.library.path=/home/luis/.rbenv/versions/jruby-1.7.10/lib/jni:/home/luis/.rbenv/versions/jruby-1.7.10/lib/jni/arm-Linux:/home/luis/.rbenv/versions/jruby-1.7.10/lib/jni/x86_64-Linux:/home/luis/.rbenv/versions/jruby-1.7.10/lib/jni/i386-Linux -Xmx500m -Xss2048k -Xbootclasspath/a:/home/luis/.rbenv/versions/jruby-1.7.10/lib/jruby.jar 
java_command: org/jruby/Main Makefile.rb clean compile test
Launcher Type: SUN_STANDARD

Environment Variables:
PATH=/home/luis/.rbenv/versions/jruby-1.7.10/bin:/home/luis/.rbenv/libexec:/home/luis/.rbenv/plugins/ruby-build/bin:/home/luis/.rbenv/shims:~/.rbenv/bin:~/.rbenv/bin:/usr/local/sbin:/usr/local/bin:/usr/sbin:/usr/bin:/sbin:/bin:/usr/games:/usr/local/games
USERNAME=luis
SHELL=/bin/bash
DISPLAY=:0

Signal Handlers:
SIGSEGV: [libjvm.so+0x916ea0], sa_mask[0]=0x7ffbfeff, sa_flags=0x10000004
SIGBUS: [libjvm.so+0x916ea0], sa_mask[0]=0x7ffbfeff, sa_flags=0x10000004
SIGFPE: [libjvm.so+0x794800], sa_mask[0]=0x7ffbfeff, sa_flags=0x10000004
SIGPIPE: [libjvm.so+0x794800], sa_mask[0]=0x7ffbfeff, sa_flags=0x10000004
SIGXFSZ: [libjvm.so+0x794800], sa_mask[0]=0x7ffbfeff, sa_flags=0x10000004
SIGILL: [libjvm.so+0x794800], sa_mask[0]=0x7ffbfeff, sa_flags=0x10000004
SIGUSR1: SIG_DFL, sa_mask[0]=0x00000000, sa_flags=0x00000000
SIGUSR2: [libjvm.so+0x7946a0], sa_mask[0]=0x00000000, sa_flags=0x10000004
SIGHUP: [libjvm.so+0x794880], sa_mask[0]=0x7ffbfeff, sa_flags=0x10000004
SIGINT: [libjvm.so+0x794880], sa_mask[0]=0x7ffbfeff, sa_flags=0x10000004
SIGTERM: [libjvm.so+0x794880], sa_mask[0]=0x7ffbfeff, sa_flags=0x10000004
SIGQUIT: [libjvm.so+0x794880], sa_mask[0]=0x7ffbfeff, sa_flags=0x10000004


---------------  S Y S T E M  ---------------

OS:LinuxMint 16 (petra)
uname:Linux 3.11.0-12-generic #19-Ubuntu SMP Wed Oct 9 16:20:46 UTC 2013 x86_64
libc:glibc 2.17 NPTL 2.17 
rlimit: STACK 8192k, CORE 0k, NPROC 29806, NOFILE 4096, AS infinity
load average:0,36 0,20 0,15

/proc/meminfo:
MemTotal:        3844532 kB
MemFree:         2757060 kB
Buffers:           53748 kB
Cached:           516116 kB
SwapCached:            0 kB
Active:           574516 kB
Inactive:         405900 kB
Active(anon):     411460 kB
Inactive(anon):   114824 kB
Active(file):     163056 kB
Inactive(file):   291076 kB
Unevictable:           0 kB
Mlocked:               0 kB
SwapTotal:       3987452 kB
SwapFree:        3987452 kB
Dirty:               168 kB
Writeback:             0 kB
AnonPages:        410700 kB
Mapped:            86020 kB
Shmem:            115736 kB
Slab:              47112 kB
SReclaimable:      27212 kB
SUnreclaim:        19900 kB
KernelStack:        2704 kB
PageTables:        14592 kB
NFS_Unstable:          0 kB
Bounce:                0 kB
WritebackTmp:          0 kB
CommitLimit:     5909716 kB
Committed_AS:    1598060 kB
VmallocTotal:   34359738367 kB
VmallocUsed:      348004 kB
VmallocChunk:   34359386120 kB
HardwareCorrupted:     0 kB
AnonHugePages:         0 kB
HugePages_Total:       0
HugePages_Free:        0
HugePages_Rsvd:        0
HugePages_Surp:        0
Hugepagesize:       2048 kB
DirectMap4k:       58612 kB
DirectMap2M:     3930112 kB


CPU:total 4 (2 cores per cpu, 2 threads per core) family 6 model 37 stepping 5, cmov, cx8, fxsr, mmx, sse, sse2, sse3, ssse3, sse4.1, sse4.2, popcnt, ht, tsc, tscinvbit

/proc/cpuinfo:
processor	: 0
vendor_id	: GenuineIntel
cpu family	: 6
model		: 37
model name	: Intel(R) Core(TM) i5 CPU       M 460  @ 2.53GHz
stepping	: 5
microcode	: 0x2
cpu MHz		: 1199.000
cache size	: 3072 KB
physical id	: 0
siblings	: 4
core id		: 0
cpu cores	: 2
apicid		: 0
initial apicid	: 0
fpu		: yes
fpu_exception	: yes
cpuid level	: 11
wp		: yes
flags		: fpu vme de pse tsc msr pae mce cx8 apic sep mtrr pge mca cmov pat pse36 clflush dts acpi mmx fxsr sse sse2 ss ht tm pbe syscall nx rdtscp lm constant_tsc arch_perfmon pebs bts rep_good nopl xtopology nonstop_tsc aperfmperf pni dtes64 monitor ds_cpl vmx est tm2 ssse3 cx16 xtpr pdcm pcid sse4_1 sse4_2 popcnt lahf_lm ida arat dtherm tpr_shadow vnmi flexpriority ept vpid
bogomips	: 5066.78
clflush size	: 64
cache_alignment	: 64
address sizes	: 36 bits physical, 48 bits virtual
power management:

processor	: 1
vendor_id	: GenuineIntel
cpu family	: 6
model		: 37
model name	: Intel(R) Core(TM) i5 CPU       M 460  @ 2.53GHz
stepping	: 5
microcode	: 0x2
cpu MHz		: 1199.000
cache size	: 3072 KB
physical id	: 0
siblings	: 4
core id		: 0
cpu cores	: 2
apicid		: 1
initial apicid	: 1
fpu		: yes
fpu_exception	: yes
cpuid level	: 11
wp		: yes
flags		: fpu vme de pse tsc msr pae mce cx8 apic sep mtrr pge mca cmov pat pse36 clflush dts acpi mmx fxsr sse sse2 ss ht tm pbe syscall nx rdtscp lm constant_tsc arch_perfmon pebs bts rep_good nopl xtopology nonstop_tsc aperfmperf pni dtes64 monitor ds_cpl vmx est tm2 ssse3 cx16 xtpr pdcm pcid sse4_1 sse4_2 popcnt lahf_lm ida arat dtherm tpr_shadow vnmi flexpriority ept vpid
bogomips	: 5066.78
clflush size	: 64
cache_alignment	: 64
address sizes	: 36 bits physical, 48 bits virtual
power management:

processor	: 2
vendor_id	: GenuineIntel
cpu family	: 6
model		: 37
model name	: Intel(R) Core(TM) i5 CPU       M 460  @ 2.53GHz
stepping	: 5
microcode	: 0x2
cpu MHz		: 1199.000
cache size	: 3072 KB
physical id	: 0
siblings	: 4
core id		: 2
cpu cores	: 2
apicid		: 4
initial apicid	: 4
fpu		: yes
fpu_exception	: yes
cpuid level	: 11
wp		: yes
flags		: fpu vme de pse tsc msr pae mce cx8 apic sep mtrr pge mca cmov pat pse36 clflush dts acpi mmx fxsr sse sse2 ss ht tm pbe syscall nx rdtscp lm constant_tsc arch_perfmon pebs bts rep_good nopl xtopology nonstop_tsc aperfmperf pni dtes64 monitor ds_cpl vmx est tm2 ssse3 cx16 xtpr pdcm pcid sse4_1 sse4_2 popcnt lahf_lm ida arat dtherm tpr_shadow vnmi flexpriority ept vpid
bogomips	: 5066.78
clflush size	: 64
cache_alignment	: 64
address sizes	: 36 bits physical, 48 bits virtual
power management:

processor	: 3
vendor_id	: GenuineIntel
cpu family	: 6
model		: 37
model name	: Intel(R) Core(TM) i5 CPU       M 460  @ 2.53GHz
stepping	: 5
microcode	: 0x2
cpu MHz		: 2534.000
cache size	: 3072 KB
physical id	: 0
siblings	: 4
core id		: 2
cpu cores	: 2
apicid		: 5
initial apicid	: 5
fpu		: yes
fpu_exception	: yes
cpuid level	: 11
wp		: yes
flags		: fpu vme de pse tsc msr pae mce cx8 apic sep mtrr pge mca cmov pat pse36 clflush dts acpi mmx fxsr sse sse2 ss ht tm pbe syscall nx rdtscp lm constant_tsc arch_perfmon pebs bts rep_good nopl xtopology nonstop_tsc aperfmperf pni dtes64 monitor ds_cpl vmx est tm2 ssse3 cx16 xtpr pdcm pcid sse4_1 sse4_2 popcnt lahf_lm ida arat dtherm tpr_shadow vnmi flexpriority ept vpid
bogomips	: 5066.78
clflush size	: 64
cache_alignment	: 64
address sizes	: 36 bits physical, 48 bits virtual
power management:



Memory: 4k page, physical 3844532k(2757060k free), swap 3987452k(3987452k free)

vm_info: OpenJDK 64-Bit Server VM (24.45-b08) for linux-amd64 JRE (1.7.0_51-b00), built on Jan 15 2014 22:02:57 by "buildd" with gcc 4.8.1

time: Mon Apr  7 10:45:49 2014
elapsed time: 5 seconds

