#
# A fatal error has been detected by the Java Runtime Environment:
#
#  SIGSEGV (0xb) at pc=0x00007f13a205cb3a, pid=4264, tid=139722269329152
#
# JRE version: OpenJDK Runtime Environment (7.0_51) (build 1.7.0_51-b00)
# Java VM: OpenJDK 64-Bit Server VM (24.45-b08 mixed mode linux-amd64 compressed oops)
# Problematic frame:
# C  [libc.so.6+0x93b3a]  strchrnul+0x1a
#
# Failed to write core dump. Core dumps have been disabled. To enable core dumping, try "ulimit -c unlimited" before starting Java again
#
# If you would like to submit a bug report, please include
# instructions on how to reproduce the bug and visit:
#   http://icedtea.classpath.org/bugzilla
# The crash happened outside the Java Virtual Machine in native code.
# See problematic frame for where to report the bug.
#

---------------  T H R E A D  ---------------

Current thread (0x00007f139c00a800):  JavaThread "main" [_thread_in_native, id=4289, stack(0x00007f13a01b0000,0x00007f13a03b1000)]

siginfo:si_signo=SIGSEGV: si_errno=0, si_code=1 (SEGV_MAPERR), si_addr=0x0000000000000080

Registers:
RAX=0x00007f13a03addd0, RBX=0x00007f13a238b280, RCX=0x000000000000008b, RDX=0x00007f13a03addb8
RSP=0x00007f13a03ad758, RBP=0x00007f13a03adda0, RSI=0x00000000ffffffff, RDI=0x0000000000000080
R8 =0x0000000000000002, R9 =0x00000000f61b7ab8, R10=0x00007f13a03adc30, R11=0x00007f13a201cf60
R12=0x000000000000008b, R13=0x00000000fbad2084, R14=0x00007f13a03addb8, R15=0x00007f139c00a800
RIP=0x00007f13a205cb3a, EFLAGS=0x0000000000010286, CSGSFS=0x0000000000000033, ERR=0x0000000000000004
  TRAPNO=0x000000000000000e

Top of Stack: (sp=0x00007f13a03ad758)
0x00007f13a03ad758:   00007f13a201281f 0000000000000000
0x00007f13a03ad768:   00007f13a03ad780 00007f13a03ad7f8
0x00007f13a03ad778:   00007f1397f7a233 00007f13a03ad808
0x00007f13a03ad788:   00007f13a03ad788 0000000000000000
0x00007f13a03ad798:   00007f13a03ad820 00000000d79d2ab8
0x00007f13a03ad7a8:   0000000000000000 00000000d79ca660
0x00007f13a03ad7b8:   0000000000000000 00007f13a03ad7e8
0x00007f13a03ad7c8:   00007f13a03ad868 00007f1397f7a175
0x00007f13a03ad7d8:   00000000e10e9b58 00007f1397f82cd7
0x00007f13a03ad7e8:   00007f139c5107c0 00000000d7d63220
0x00007f13a03ad7f8:   00007f139c510540 00000000d7d61418
0x00007f13a03ad808:   00007f1365a80e00 00007f13a03ad828
0x00007f13a03ad818:   00007f139c4d0130 00007f1397f7a233
0x00007f13a03ad828:   00007f13a03ad828 00000000d7ac7501
0x00007f13a03ad838:   00007f13a03ad8b0 00000000d7ad3650
0x00007f13a03ad848:   0000000000000000 00000000d7ac7548
0x00007f13a03ad858:   0000000000000000 00007f13a03ad878
0x00007f13a03ad868:   00007f13a03ad900 00007f1300000002
0x00007f13a03ad878:   00007f139c5107c0 00000000f6630920
0x00007f13a03ad888:   00007f139c510540 00000000f66301f0
0x00007f13a03ad898:   00007f1365a80e00 00007f13a03ad8a0
0x00007f13a03ad8a8:   00007f139c510540 00000000e10ed5a0
0x00007f13a03ad8b8:   00000000f798f960 00007f13a03ad8c0
0x00007f13a03ad8c8:   00000000d7ecdc0c 00007f13a03ad958
0x00007f13a03ad8d8:   00000000d7ece828 0000000000000000
0x00007f13a03ad8e8:   00000000d7ecdc30 0000000000000000
0x00007f13a03ad8f8:   00007f13a03ad960 00000000f647bc60
0x00007f13a03ad908:   00007f13980fa214 00000000f6630920
0x00007f13a03ad918:   00000000f66301f0 0000000000000000
0x00007f13a03ad928:   00000000f66308f0 00000000f66301c0
0x00007f13a03ad938:   00000000f5f9bc80 0000003000000008
0x00007f13a03ad948:   00007f13a03ade90 00007f13a03addd0 

Instructions: (pc=0x00007f13a205cb3a)
0x00007f13a205cb1a:   00 00 00 00 66 90 66 0f 6e ce 48 89 f9 66 0f 60
0x00007f13a205cb2a:   c9 48 83 e7 f0 66 0f ef d2 66 0f 60 c9 83 ce ff
0x00007f13a205cb3a:   66 0f 6f 07 66 0f 70 c9 00 48 29 f9 66 0f 6f d8
0x00007f13a205cb4a:   48 8d 7f 10 66 0f 74 c1 66 0f 74 da d3 e6 66 0f 

Register to memory mapping:

RAX=0x00007f13a03addd0 is pointing into the stack for thread: 0x00007f139c00a800
RBX=0x00007f13a238b280: _IO_2_1_stdout_+0 in /lib/x86_64-linux-gnu/libc.so.6 at 0x00007f13a1fc9000
RCX=0x000000000000008b is an unknown value
RDX=0x00007f13a03addb8 is pointing into the stack for thread: 0x00007f139c00a800
RSP=0x00007f13a03ad758 is pointing into the stack for thread: 0x00007f139c00a800
RBP=0x00007f13a03adda0 is pointing into the stack for thread: 0x00007f139c00a800
RSI=0x00000000ffffffff is an unallocated location in the heap
RDI=0x0000000000000080 is an unknown value
R8 =0x0000000000000002 is an unknown value
R9 =0x00000000f61b7ab8 is an oop
java.lang.String 
 - klass: 'java/lang/String'
R10=0x00007f13a03adc30 is pointing into the stack for thread: 0x00007f139c00a800
R11=0x00007f13a201cf60: _IO_printf+0 in /lib/x86_64-linux-gnu/libc.so.6 at 0x00007f13a1fc9000
R12=0x000000000000008b is an unknown value
R13=0x00000000fbad2084 is an unallocated location in the heap
R14=0x00007f13a03addb8 is pointing into the stack for thread: 0x00007f139c00a800
R15=0x00007f139c00a800 is a thread


Stack: [0x00007f13a01b0000,0x00007f13a03b1000],  sp=0x00007f13a03ad758,  free space=2037k
Native frames: (J=compiled Java code, j=interpreted, Vv=VM code, C=native code)
C  [libc.so.6+0x93b3a]  strchrnul+0x1a
C  [libc.so.6+0x53ff9]  _IO_printf+0x99
C  [libconvex_hull.so+0x11dc]  convex_hull+0x107

Java frames: (J=compiled Java code, j=interpreted, Vv=VM code)
j  com.kenai.jffi.Foreign.invokeL1(JJJ)J+0
j  com.kenai.jffi.Invoker.invokeL1(Lcom/kenai/jffi/CallContext;JJ)J+7
j  org.jruby.ext.ffi.jffi.NativeInvoker$ffi$2.call(Lorg/jruby/runtime/ThreadContext;Lorg/jruby/runtime/builtin/IRubyObject;Lorg/jruby/RubyModule;Ljava/lang/String;Lorg/jruby/runtime/builtin/IRubyObject;)Lorg/jruby/runtime/builtin/IRubyObject;+76
j  org.jruby.runtime.callsite.CachingCallSite.cacheAndCall(Lorg/jruby/runtime/builtin/IRubyObject;Lorg/jruby/RubyClass;Lorg/jruby/runtime/ThreadContext;Lorg/jruby/runtime/builtin/IRubyObject;Lorg/jruby/runtime/builtin/IRubyObject;)Lorg/jruby/runtime/builtin/IRubyObject;+57
J  org.jruby.runtime.callsite.CachingCallSite.call(Lorg/jruby/runtime/ThreadContext;Lorg/jruby/runtime/builtin/IRubyObject;Lorg/jruby/runtime/builtin/IRubyObject;Lorg/jruby/runtime/builtin/IRubyObject;)Lorg/jruby/runtime/builtin/IRubyObject;
j  org.jruby.ast.CallOneArgNode.interpret(Lorg/jruby/Ruby;Lorg/jruby/runtime/ThreadContext;Lorg/jruby/runtime/builtin/IRubyObject;Lorg/jruby/runtime/Block;)Lorg/jruby/runtime/builtin/IRubyObject;+30
j  org.jruby.ast.LocalAsgnNode.interpret(Lorg/jruby/Ruby;Lorg/jruby/runtime/ThreadContext;Lorg/jruby/runtime/builtin/IRubyObject;Lorg/jruby/runtime/Block;)Lorg/jruby/runtime/builtin/IRubyObject;+30
J  org.jruby.ast.BlockNode.interpret(Lorg/jruby/Ruby;Lorg/jruby/runtime/ThreadContext;Lorg/jruby/runtime/builtin/IRubyObject;Lorg/jruby/runtime/Block;)Lorg/jruby/runtime/builtin/IRubyObject;
j  org.jruby.evaluator.ASTInterpreter.INTERPRET_METHOD(Lorg/jruby/Ruby;Lorg/jruby/runtime/ThreadContext;Ljava/lang/String;ILorg/jruby/RubyModule;Lorg/jruby/ast/Node;Ljava/lang/String;Lorg/jruby/runtime/builtin/IRubyObject;Lorg/jruby/runtime/Block;Z)Lorg/jruby/runtime/builtin/IRubyObject;+30
j  org.jruby.internal.runtime.methods.InterpretedMethod.call(Lorg/jruby/runtime/ThreadContext;Lorg/jruby/runtime/builtin/IRubyObject;Lorg/jruby/RubyModule;Ljava/lang/String;)Lorg/jruby/runtime/builtin/IRubyObject;+80
j  org.jruby.internal.runtime.methods.DefaultMethod.call(Lorg/jruby/runtime/ThreadContext;Lorg/jruby/runtime/builtin/IRubyObject;Lorg/jruby/RubyModule;Ljava/lang/String;)Lorg/jruby/runtime/builtin/IRubyObject;+20
j  org.jruby.runtime.callsite.CachingCallSite.cacheAndCall(Lorg/jruby/runtime/builtin/IRubyObject;Lorg/jruby/RubyClass;Lorg/jruby/runtime/ThreadContext;Lorg/jruby/runtime/builtin/IRubyObject;)Lorg/jruby/runtime/builtin/IRubyObject;+53
j  org.jruby.runtime.callsite.CachingCallSite.call(Lorg/jruby/runtime/ThreadContext;Lorg/jruby/runtime/builtin/IRubyObject;Lorg/jruby/runtime/builtin/IRubyObject;)Lorg/jruby/runtime/builtin/IRubyObject;+46
j  org.jruby.ast.CallNoArgNode.interpret(Lorg/jruby/Ruby;Lorg/jruby/runtime/ThreadContext;Lorg/jruby/runtime/builtin/IRubyObject;Lorg/jruby/runtime/Block;)Lorg/jruby/runtime/builtin/IRubyObject;+18
j  org.jruby.ast.FCallTwoArgNode.interpret(Lorg/jruby/Ruby;Lorg/jruby/runtime/ThreadContext;Lorg/jruby/runtime/builtin/IRubyObject;Lorg/jruby/runtime/Block;)Lorg/jruby/runtime/builtin/IRubyObject;+28
J  org.jruby.ast.BlockNode.interpret(Lorg/jruby/Ruby;Lorg/jruby/runtime/ThreadContext;Lorg/jruby/runtime/builtin/IRubyObject;Lorg/jruby/runtime/Block;)Lorg/jruby/runtime/builtin/IRubyObject;
j  org.jruby.evaluator.ASTInterpreter.INTERPRET_METHOD(Lorg/jruby/Ruby;Lorg/jruby/runtime/ThreadContext;Ljava/lang/String;ILorg/jruby/RubyModule;Lorg/jruby/ast/Node;Ljava/lang/String;Lorg/jruby/runtime/builtin/IRubyObject;Lorg/jruby/runtime/Block;Z)Lorg/jruby/runtime/builtin/IRubyObject;+30
j  org.jruby.internal.runtime.methods.InterpretedMethod.call(Lorg/jruby/runtime/ThreadContext;Lorg/jruby/runtime/builtin/IRubyObject;Lorg/jruby/RubyModule;Ljava/lang/String;)Lorg/jruby/runtime/builtin/IRubyObject;+80
j  org.jruby.internal.runtime.methods.DefaultMethod.call(Lorg/jruby/runtime/ThreadContext;Lorg/jruby/runtime/builtin/IRubyObject;Lorg/jruby/RubyModule;Ljava/lang/String;)Lorg/jruby/runtime/builtin/IRubyObject;+20
j  org.jruby.runtime.callsite.CachingCallSite.cacheAndCall(Lorg/jruby/runtime/builtin/IRubyObject;Lorg/jruby/RubyClass;Lorg/jruby/runtime/ThreadContext;Lorg/jruby/runtime/builtin/IRubyObject;)Lorg/jruby/runtime/builtin/IRubyObject;+53
j  org.jruby.runtime.callsite.CachingCallSite.call(Lorg/jruby/runtime/ThreadContext;Lorg/jruby/runtime/builtin/IRubyObject;Lorg/jruby/runtime/builtin/IRubyObject;)Lorg/jruby/runtime/builtin/IRubyObject;+46
j  Makefile.method__2$RUBY$test(LMakefile;Lorg/jruby/runtime/ThreadContext;Lorg/jruby/runtime/builtin/IRubyObject;Lorg/jruby/runtime/Block;)Lorg/jruby/runtime/builtin/IRubyObject;+130
j  Makefile$method__2$RUBY$test.call(Lorg/jruby/runtime/ThreadContext;Lorg/jruby/runtime/builtin/IRubyObject;Lorg/jruby/RubyModule;Ljava/lang/String;Lorg/jruby/runtime/Block;)Lorg/jruby/runtime/builtin/IRubyObject;+17
j  org.jruby.RubyClass.finvoke(Lorg/jruby/runtime/ThreadContext;Lorg/jruby/runtime/builtin/IRubyObject;Ljava/lang/String;Lorg/jruby/runtime/Block;)Lorg/jruby/runtime/builtin/IRubyObject;+41
j  org.jruby.RubyBasicObject.send19(Lorg/jruby/runtime/ThreadContext;Lorg/jruby/runtime/builtin/IRubyObject;Lorg/jruby/runtime/Block;)Lorg/jruby/runtime/builtin/IRubyObject;+15
j  org.jruby.RubyKernel.send19(Lorg/jruby/runtime/ThreadContext;Lorg/jruby/runtime/builtin/IRubyObject;Lorg/jruby/runtime/builtin/IRubyObject;Lorg/jruby/runtime/Block;)Lorg/jruby/runtime/builtin/IRubyObject;+7
j  org.jruby.RubyKernel$INVOKER$s$send19.call(Lorg/jruby/runtime/ThreadContext;Lorg/jruby/runtime/builtin/IRubyObject;Lorg/jruby/RubyModule;Ljava/lang/String;Lorg/jruby/runtime/builtin/IRubyObject;Lorg/jruby/runtime/Block;)Lorg/jruby/runtime/builtin/IRubyObject;+6
j  org.jruby.internal.runtime.methods.JavaMethod$JavaMethodOneOrNBlock.call(Lorg/jruby/runtime/ThreadContext;Lorg/jruby/runtime/builtin/IRubyObject;Lorg/jruby/RubyModule;Ljava/lang/String;Lorg/jruby/runtime/builtin/IRubyObject;)Lorg/jruby/runtime/builtin/IRubyObject;+11
j  org.jruby.runtime.callsite.CachingCallSite.call(Lorg/jruby/runtime/ThreadContext;Lorg/jruby/runtime/builtin/IRubyObject;Lorg/jruby/runtime/builtin/IRubyObject;Lorg/jruby/runtime/builtin/IRubyObject;)Lorg/jruby/runtime/builtin/IRubyObject;+38
j  Makefile.block_6$RUBY$__file__(LMakefile;Lorg/jruby/runtime/ThreadContext;Lorg/jruby/runtime/builtin/IRubyObject;[Lorg/jruby/runtime/builtin/IRubyObject;Lorg/jruby/runtime/Block;)Lorg/jruby/runtime/builtin/IRubyObject;+46
j  Makefile$block_6$RUBY$__file__.call(Lorg/jruby/runtime/ThreadContext;Lorg/jruby/runtime/builtin/IRubyObject;[Lorg/jruby/runtime/builtin/IRubyObject;Lorg/jruby/runtime/Block;)Lorg/jruby/runtime/builtin/IRubyObject;+9
j  org.jruby.runtime.CompiledBlock19.yield(Lorg/jruby/runtime/ThreadContext;Lorg/jruby/runtime/builtin/IRubyObject;Lorg/jruby/runtime/Binding;Lorg/jruby/runtime/Block$Type;)Lorg/jruby/runtime/builtin/IRubyObject;+52
j  org.jruby.runtime.Block.yield(Lorg/jruby/runtime/ThreadContext;Lorg/jruby/runtime/builtin/IRubyObject;)Lorg/jruby/runtime/builtin/IRubyObject;+14
j  org.jruby.RubyArray.eachCommon(Lorg/jruby/runtime/ThreadContext;Lorg/jruby/runtime/Block;)Lorg/jruby/runtime/builtin/IRubyObject;+41
j  org.jruby.RubyArray.each(Lorg/jruby/runtime/ThreadContext;Lorg/jruby/runtime/Block;)Lorg/jruby/runtime/builtin/IRubyObject;+10
j  org.jruby.RubyArray$INVOKER$i$0$0$each.call(Lorg/jruby/runtime/ThreadContext;Lorg/jruby/runtime/builtin/IRubyObject;Lorg/jruby/RubyModule;Ljava/lang/String;Lorg/jruby/runtime/Block;)Lorg/jruby/runtime/builtin/IRubyObject;+7
j  org.jruby.runtime.callsite.CachingCallSite.cacheAndCall(Lorg/jruby/runtime/builtin/IRubyObject;Lorg/jruby/RubyClass;Lorg/jruby/runtime/Block;Lorg/jruby/runtime/ThreadContext;Lorg/jruby/runtime/builtin/IRubyObject;)Lorg/jruby/runtime/builtin/IRubyObject;+57
j  org.jruby.runtime.callsite.CachingCallSite.callBlock(Lorg/jruby/runtime/ThreadContext;Lorg/jruby/runtime/builtin/IRubyObject;Lorg/jruby/runtime/builtin/IRubyObject;Lorg/jruby/runtime/Block;)Lorg/jruby/runtime/builtin/IRubyObject;+50
j  org.jruby.runtime.callsite.CachingCallSite.callIter(Lorg/jruby/runtime/ThreadContext;Lorg/jruby/runtime/builtin/IRubyObject;Lorg/jruby/runtime/builtin/IRubyObject;Lorg/jruby/runtime/Block;)Lorg/jruby/runtime/builtin/IRubyObject;+6
j  Makefile.__file__(LMakefile;Lorg/jruby/runtime/ThreadContext;Lorg/jruby/runtime/builtin/IRubyObject;[Lorg/jruby/runtime/builtin/IRubyObject;Lorg/jruby/runtime/Block;)Lorg/jruby/runtime/builtin/IRubyObject;+859
j  Makefile.load(Lorg/jruby/runtime/ThreadContext;Lorg/jruby/runtime/builtin/IRubyObject;Z)Lorg/jruby/runtime/builtin/IRubyObject;+22
j  org.jruby.Ruby.runScript(Lorg/jruby/ast/executable/Script;Z)Lorg/jruby/runtime/builtin/IRubyObject;+12
j  org.jruby.Ruby.runScript(Lorg/jruby/ast/executable/Script;)Lorg/jruby/runtime/builtin/IRubyObject;+3
j  org.jruby.Ruby.runNormally(Lorg/jruby/ast/Node;)Lorg/jruby/runtime/builtin/IRubyObject;+73
j  org.jruby.Ruby.runFromMain(Ljava/io/InputStream;Ljava/lang/String;)V+320
j  org.jruby.Main.doRunFromMain(Lorg/jruby/Ruby;Ljava/io/InputStream;Ljava/lang/String;)Lorg/jruby/Main$Status;+12
j  org.jruby.Main.internalRun()Lorg/jruby/Main$Status;+234
j  org.jruby.Main.run([Ljava/lang/String;)Lorg/jruby/Main$Status;+9
j  org.jruby.Main.main([Ljava/lang/String;)V+35
v  ~StubRoutines::call_stub

---------------  P R O C E S S  ---------------

Java Threads: ( => current thread )
  0x00007f139c4e3800 JavaThread "JRubyJIT-2" daemon [_thread_blocked, id=4372, stack(0x00007f1366086000,0x00007f1366287000)]
  0x00007f139c4e1800 JavaThread "process reaper" daemon [_thread_blocked, id=4305, stack(0x00007f13941b4000,0x00007f13941ed000)]
  0x00007f139c4ce000 JavaThread "JRubyJIT-1" daemon [_thread_blocked, id=4302, stack(0x00007f1366488000,0x00007f1366689000)]
  0x00007f139c0ad000 JavaThread "Service Thread" daemon [_thread_blocked, id=4300, stack(0x00007f13942ee000,0x00007f13944ef000)]
  0x00007f139c0aa800 JavaThread "C2 CompilerThread1" daemon [_thread_in_native, id=4299, stack(0x00007f13944ef000,0x00007f13945f0000)]
  0x00007f139c0a7800 JavaThread "C2 CompilerThread0" daemon [_thread_blocked, id=4298, stack(0x00007f13945f0000,0x00007f13946f1000)]
  0x00007f139c0a5800 JavaThread "Signal Dispatcher" daemon [_thread_blocked, id=4297, stack(0x00007f13946f1000,0x00007f13948f2000)]
  0x00007f139c082800 JavaThread "Finalizer" daemon [_thread_blocked, id=4296, stack(0x00007f1394cec000,0x00007f1394eed000)]
  0x00007f139c080800 JavaThread "Reference Handler" daemon [_thread_blocked, id=4295, stack(0x00007f1394eed000,0x00007f13950ee000)]
=>0x00007f139c00a800 JavaThread "main" [_thread_in_native, id=4289, stack(0x00007f13a01b0000,0x00007f13a03b1000)]

Other Threads:
  0x00007f139c07c800 VMThread [stack: 0x00007f13950ee000,0x00007f13951ef000] [id=4294]
  0x00007f139c0b7800 WatcherThread [stack: 0x00007f13941ed000,0x00007f13942ee000] [id=4301]

VM state:not at safepoint (normal execution)

VM Mutex/Monitor currently owned by a thread: None

Heap
 PSYoungGen      total 33280K, used 16484K [0x00000000f5900000, 0x00000000f7c00000, 0x0000000100000000)
  eden space 30720K, 45% used [0x00000000f5900000,0x00000000f669f318,0x00000000f7700000)
  from space 2560K, 99% used [0x00000000f7980000,0x00000000f7bf9f98,0x00000000f7c00000)
  to   space 2560K, 0% used [0x00000000f7700000,0x00000000f7700000,0x00000000f7980000)
 ParOldGen       total 39936K, used 5360K [0x00000000e0c00000, 0x00000000e3300000, 0x00000000f5900000)
  object space 39936K, 13% used [0x00000000e0c00000,0x00000000e113c3a8,0x00000000e3300000)
 PSPermGen       total 25600K, used 25430K [0x00000000d6600000, 0x00000000d7f00000, 0x00000000e0c00000)
  object space 25600K, 99% used [0x00000000d6600000,0x00000000d7ed5958,0x00000000d7f00000)

Card table byte_map: [0x00007f13a0062000,0x00007f13a01b0000] byte_map_base: 0x00007f139f9af000

Polling page: 0x00007f13a27be000

Code Cache  [0x00007f1397f74000, 0x00007f13981e4000, 0x00007f139af74000)
 total_blobs=823 nmethods=344 adapters=433 free_code_cache=47584Kb largest_free_block=48695680

Compilation events (10 events):
Event: 3,655 Thread 0x00007f139c0a7800  348             org.jruby.ast.DVarNode::getDepth (8 bytes)
Event: 3,656 Thread 0x00007f139c0a7800 nmethod 348 0x00007f13980fb110 code [0x00007f13980fb240, 0x00007f13980fb298]
Event: 3,656 Thread 0x00007f139c0a7800  349             org.jruby.ast.LocalVarNode::interpret (32 bytes)
Event: 3,658 Thread 0x00007f139c0a7800 nmethod 349 0x00007f13980fad50 code [0x00007f13980faea0, 0x00007f13980faf98]
Event: 3,659 Thread 0x00007f139c0a7800  350             org.jruby.ast.DVarNode::interpret (32 bytes)
Event: 3,661 Thread 0x00007f139c0a7800 nmethod 350 0x00007f13980fa990 code [0x00007f13980faae0, 0x00007f13980fabd8]
Event: 3,672 Thread 0x00007f139c0a7800  351             org.jruby.runtime.callsite.CachingCallSite::call (58 bytes)
Event: 3,680 Thread 0x00007f139c0a7800 nmethod 351 0x00007f13980f9fd0 code [0x00007f13980fa160, 0x00007f13980fa478]
Event: 3,680 Thread 0x00007f139c0a7800  352             org.jruby.runtime.ThreadContext::pollThreadEvents (9 bytes)
Event: 3,684 Thread 0x00007f139c0a7800 nmethod 352 0x00007f13980f8250 code [0x00007f13980f83a0, 0x00007f13980f8498]

GC Heap History (4 events):
Event: 1,419 GC heap before
{Heap before GC invocations=1 (full 0):
 PSYoungGen      total 17920K, used 15360K [0x00000000f5900000, 0x00000000f6d00000, 0x0000000100000000)
  eden space 15360K, 100% used [0x00000000f5900000,0x00000000f6800000,0x00000000f6800000)
  from space 2560K, 0% used [0x00000000f6a80000,0x00000000f6a80000,0x00000000f6d00000)
  to   space 2560K, 0% used [0x00000000f6800000,0x00000000f6800000,0x00000000f6a80000)
 ParOldGen       total 39936K, used 0K [0x00000000e0c00000, 0x00000000e3300000, 0x00000000f5900000)
  object space 39936K, 0% used [0x00000000e0c00000,0x00000000e0c00000,0x00000000e3300000)
 PSPermGen       total 21504K, used 19066K [0x00000000d6600000, 0x00000000d7b00000, 0x00000000e0c00000)
  object space 21504K, 88% used [0x00000000d6600000,0x00000000d789eba0,0x00000000d7b00000)
Event: 1,441 GC heap after
Heap after GC invocations=1 (full 0):
 PSYoungGen      total 17920K, used 2549K [0x00000000f5900000, 0x00000000f7c00000, 0x0000000100000000)
  eden space 15360K, 0% used [0x00000000f5900000,0x00000000f5900000,0x00000000f6800000)
  from space 2560K, 99% used [0x00000000f6800000,0x00000000f6a7d4b8,0x00000000f6a80000)
  to   space 2560K, 0% used [0x00000000f7980000,0x00000000f7980000,0x00000000f7c00000)
 ParOldGen       total 39936K, used 3291K [0x00000000e0c00000, 0x00000000e3300000, 0x00000000f5900000)
  object space 39936K, 8% used [0x00000000e0c00000,0x00000000e0f36fd8,0x00000000e3300000)
 PSPermGen       total 21504K, used 19066K [0x00000000d6600000, 0x00000000d7b00000, 0x00000000e0c00000)
  object space 21504K, 88% used [0x00000000d6600000,0x00000000d789eba0,0x00000000d7b00000)
}
Event: 2,796 GC heap before
{Heap before GC invocations=2 (full 0):
 PSYoungGen      total 17920K, used 17909K [0x00000000f5900000, 0x00000000f7c00000, 0x0000000100000000)
  eden space 15360K, 100% used [0x00000000f5900000,0x00000000f6800000,0x00000000f6800000)
  from space 2560K, 99% used [0x00000000f6800000,0x00000000f6a7d4b8,0x00000000f6a80000)
  to   space 2560K, 0% used [0x00000000f7980000,0x00000000f7980000,0x00000000f7c00000)
 ParOldGen       total 39936K, used 3291K [0x00000000e0c00000, 0x00000000e3300000, 0x00000000f5900000)
  object space 39936K, 8% used [0x00000000e0c00000,0x00000000e0f36fd8,0x00000000e3300000)
 PSPermGen       total 23552K, used 23550K [0x00000000d6600000, 0x00000000d7d00000, 0x00000000e0c00000)
  object space 23552K, 99% used [0x00000000d6600000,0x00000000d7cffb10,0x00000000d7d00000)
Event: 2,826 GC heap after
Heap after GC invocations=2 (full 0):
 PSYoungGen      total 33280K, used 2535K [0x00000000f5900000, 0x00000000f7c00000, 0x0000000100000000)
  eden space 30720K, 0% used [0x00000000f5900000,0x00000000f5900000,0x00000000f7700000)
  from space 2560K, 99% used [0x00000000f7980000,0x00000000f7bf9f98,0x00000000f7c00000)
  to   space 2560K, 0% used [0x00000000f7700000,0x00000000f7700000,0x00000000f7980000)
 ParOldGen       total 39936K, used 5360K [0x00000000e0c00000, 0x00000000e3300000, 0x00000000f5900000)
  object space 39936K, 13% used [0x00000000e0c00000,0x00000000e113c3a8,0x00000000e3300000)
 PSPermGen       total 23552K, used 23550K [0x00000000d6600000, 0x00000000d7d00000, 0x00000000e0c00000)
  object space 23552K, 99% used [0x00000000d6600000,0x00000000d7cffb10,0x00000000d7d00000)
}

Deoptimization events (10 events):
Event: 3,265 Thread 0x00007f139c00a800 Uncommon trap: reason=unreached action=reinterpret pc=0x00007f13980a76f4 method=java.util.concurrent.locks.AbstractQueuedSynchronizer.release(I)Z @ 14
Event: 3,265 Thread 0x00007f139c4ce000 Uncommon trap: reason=unreached action=reinterpret pc=0x00007f1398008b4c method=java.util.concurrent.locks.AbstractQueuedSynchronizer.release(I)Z @ 14
Event: 3,296 Thread 0x00007f139c00a800 Uncommon trap: reason=unreached action=reinterpret pc=0x00007f139808ed68 method=org.jruby.parser.ParserSupport.checkExpression(Lorg/jruby/ast/Node;)Z @ 3
Event: 3,483 Thread 0x00007f139c00a800 Uncommon trap: reason=class_check action=maybe_recompile pc=0x00007f13980f1084 method=org.joni.Matcher.searchInterruptible(III)I @ 810
Event: 3,533 Thread 0x00007f139c00a800 Uncommon trap: reason=class_check action=maybe_recompile pc=0x00007f13980f1084 method=org.joni.Matcher.searchInterruptible(III)I @ 810
Event: 3,542 Thread 0x00007f139c00a800 Uncommon trap: reason=class_check action=maybe_recompile pc=0x00007f13980f1084 method=org.joni.Matcher.searchInterruptible(III)I @ 810
Event: 3,658 Thread 0x00007f139c00a800 Uncommon trap: reason=bimorphic action=maybe_recompile pc=0x00007f13980efb08 method=org.jruby.runtime.scope.OneVarDynamicScope.getValue(II)Lorg/jruby/runtime/builtin/IRubyObject; @ 12
Event: 3,658 Thread 0x00007f139c00a800 Uncommon trap: reason=bimorphic action=maybe_recompile pc=0x00007f13980efb08 method=org.jruby.runtime.scope.OneVarDynamicScope.getValue(II)Lorg/jruby/runtime/builtin/IRubyObject; @ 12
Event: 3,659 Thread 0x00007f139c00a800 Uncommon trap: reason=bimorphic action=maybe_recompile pc=0x00007f13980efb08 method=org.jruby.runtime.scope.OneVarDynamicScope.getValue(II)Lorg/jruby/runtime/builtin/IRubyObject; @ 12
Event: 3,659 Thread 0x00007f139c00a800 Uncommon trap: reason=bimorphic action=maybe_recompile pc=0x00007f13980efb08 method=org.jruby.runtime.scope.OneVarDynamicScope.getValue(II)Lorg/jruby/runtime/builtin/IRubyObject; @ 12

Internal exceptions (10 events):
Event: 3,266 Thread 0x00007f139c4ce000 Threw 0x00000000f62dd628 at /build/buildd/openjdk-7-7u51-2.4.4/build/openjdk/hotspot/src/share/vm/prims/jvm.cpp:1244
Event: 3,266 Thread 0x00007f139c4ce000 Threw 0x00000000f62de6c8 at /build/buildd/openjdk-7-7u51-2.4.4/build/openjdk/hotspot/src/share/vm/prims/jvm.cpp:1244
Event: 3,464 Thread 0x00007f139c4e3800 Threw 0x00000000f62b62b8 at /build/buildd/openjdk-7-7u51-2.4.4/build/openjdk/hotspot/src/share/vm/prims/jvm.cpp:1244
Event: 3,465 Thread 0x00007f139c4e3800 Threw 0x00000000f62b7390 at /build/buildd/openjdk-7-7u51-2.4.4/build/openjdk/hotspot/src/share/vm/prims/jvm.cpp:1244
Event: 3,527 Thread 0x00007f139c4e3800 Threw 0x00000000f64c7ff8 at /build/buildd/openjdk-7-7u51-2.4.4/build/openjdk/hotspot/src/share/vm/prims/jvm.cpp:1244
Event: 3,527 Thread 0x00007f139c4ce000 Threw 0x00000000f631dd90 at /build/buildd/openjdk-7-7u51-2.4.4/build/openjdk/hotspot/src/share/vm/prims/jvm.cpp:1244
Event: 3,527 Thread 0x00007f139c4e3800 Threw 0x00000000f64c9138 at /build/buildd/openjdk-7-7u51-2.4.4/build/openjdk/hotspot/src/share/vm/prims/jvm.cpp:1244
Event: 3,527 Thread 0x00007f139c4ce000 Threw 0x00000000f631eed0 at /build/buildd/openjdk-7-7u51-2.4.4/build/openjdk/hotspot/src/share/vm/prims/jvm.cpp:1244
Event: 3,531 Thread 0x00007f139c4e3800 Threw 0x00000000f64f0ec0 at /build/buildd/openjdk-7-7u51-2.4.4/build/openjdk/hotspot/src/share/vm/prims/jvm.cpp:1244
Event: 3,531 Thread 0x00007f139c4e3800 Threw 0x00000000f64f2090 at /build/buildd/openjdk-7-7u51-2.4.4/build/openjdk/hotspot/src/share/vm/prims/jvm.cpp:1244

Events (10 events):
Event: 3,658 Thread 0x00007f139c00a800 DEOPT UNPACKING pc=0x00007f1397fad045 sp=0x00007f13a03ad760 mode 2
Event: 3,658 Thread 0x00007f139c00a800 Uncommon trap: trap_request=0xffffffc6 fr.pc=0x00007f13980efb08
Event: 3,658 Thread 0x00007f139c00a800 DEOPT PACKING pc=0x00007f13980efb08 sp=0x00007f13a03ad7c0
Event: 3,658 Thread 0x00007f139c00a800 DEOPT UNPACKING pc=0x00007f1397fad045 sp=0x00007f13a03ad760 mode 2
Event: 3,659 Thread 0x00007f139c00a800 Uncommon trap: trap_request=0xffffffc6 fr.pc=0x00007f13980efb08
Event: 3,659 Thread 0x00007f139c00a800 DEOPT PACKING pc=0x00007f13980efb08 sp=0x00007f13a03ad7c0
Event: 3,659 Thread 0x00007f139c00a800 DEOPT UNPACKING pc=0x00007f1397fad045 sp=0x00007f13a03ad760 mode 2
Event: 3,659 Thread 0x00007f139c00a800 Uncommon trap: trap_request=0xffffffc6 fr.pc=0x00007f13980efb08
Event: 3,659 Thread 0x00007f139c00a800 DEOPT PACKING pc=0x00007f13980efb08 sp=0x00007f13a03ad7c0
Event: 3,659 Thread 0x00007f139c00a800 DEOPT UNPACKING pc=0x00007f1397fad045 sp=0x00007f13a03ad760 mode 2


Dynamic libraries:
00400000-00401000 r-xp 00000000 08:05 12322450                           /usr/lib/jvm/java-7-openjdk-amd64/jre/bin/java
00600000-00601000 r--p 00000000 08:05 12322450                           /usr/lib/jvm/java-7-openjdk-amd64/jre/bin/java
00601000-00602000 rw-p 00001000 08:05 12322450                           /usr/lib/jvm/java-7-openjdk-amd64/jre/bin/java
00fb9000-00fda000 rw-p 00000000 00:00 0                                  [heap]
d6600000-d7f00000 rw-p 00000000 00:00 0 
d7f00000-e0c00000 rw-p 00000000 00:00 0 
e0c00000-e3300000 rw-p 00000000 00:00 0 
e3300000-f5900000 rw-p 00000000 00:00 0 
f5900000-f7c00000 rw-p 00000000 00:00 0 
f7c00000-100000000 rw-p 00000000 00:00 0 
7f134c000000-7f134c021000 rw-p 00000000 00:00 0 
7f134c021000-7f1350000000 ---p 00000000 00:00 0 
7f1350000000-7f1350021000 rw-p 00000000 00:00 0 
7f1350021000-7f1354000000 ---p 00000000 00:00 0 
7f1354000000-7f1354021000 rw-p 00000000 00:00 0 
7f1354021000-7f1358000000 ---p 00000000 00:00 0 
7f1358000000-7f1358021000 rw-p 00000000 00:00 0 
7f1358021000-7f135c000000 ---p 00000000 00:00 0 
7f135c000000-7f135c027000 rw-p 00000000 00:00 0 
7f135c027000-7f1360000000 ---p 00000000 00:00 0 
7f1360000000-7f1360021000 rw-p 00000000 00:00 0 
7f1360021000-7f1364000000 ---p 00000000 00:00 0 
7f136587d000-7f136587f000 r-xp 00000000 08:05 16777738                   /home/luis/practica01/src/lib/libconvex_hull.so
7f136587f000-7f1365a7e000 ---p 00002000 08:05 16777738                   /home/luis/practica01/src/lib/libconvex_hull.so
7f1365a7e000-7f1365a7f000 r--p 00001000 08:05 16777738                   /home/luis/practica01/src/lib/libconvex_hull.so
7f1365a7f000-7f1365a80000 rw-p 00002000 08:05 16777738                   /home/luis/practica01/src/lib/libconvex_hull.so
7f1365a80000-7f1365a82000 r-xp 00000000 08:05 16777737                   /home/luis/practica01/src/lib/libdouble_linked_list.so
7f1365a82000-7f1365c81000 ---p 00002000 08:05 16777737                   /home/luis/practica01/src/lib/libdouble_linked_list.so
7f1365c81000-7f1365c82000 r--p 00001000 08:05 16777737                   /home/luis/practica01/src/lib/libdouble_linked_list.so
7f1365c82000-7f1365c83000 rw-p 00002000 08:05 16777737                   /home/luis/practica01/src/lib/libdouble_linked_list.so
7f1365c83000-7f1365c84000 r-xp 00000000 08:05 16777736                   /home/luis/practica01/src/lib/lib2d_points.so
7f1365c84000-7f1365e83000 ---p 00001000 08:05 16777736                   /home/luis/practica01/src/lib/lib2d_points.so
7f1365e83000-7f1365e84000 r--p 00000000 08:05 16777736                   /home/luis/practica01/src/lib/lib2d_points.so
7f1365e84000-7f1365e85000 rw-p 00001000 08:05 16777736                   /home/luis/practica01/src/lib/lib2d_points.so
7f1365e85000-7f1365e88000 ---p 00000000 00:00 0 
7f1365e88000-7f1366086000 rw-p 00000000 00:00 0 
7f1366086000-7f1366089000 ---p 00000000 00:00 0 
7f1366089000-7f1366287000 rw-p 00000000 00:00 0                          [stack:4372]
7f1366287000-7f136628a000 ---p 00000000 00:00 0 
7f136628a000-7f1366488000 rw-p 00000000 00:00 0 
7f1366488000-7f136648b000 ---p 00000000 00:00 0 
7f136648b000-7f1366689000 rw-p 00000000 00:00 0                          [stack:4302]
7f1366689000-7f136669b000 r-xp 00000000 08:05 16253453                   /home/luis/.rbenv/versions/jruby-1.7.10/lib/jni/x86_64-Linux/libjffi-1.2.so
7f136669b000-7f136689a000 ---p 00012000 08:05 16253453                   /home/luis/.rbenv/versions/jruby-1.7.10/lib/jni/x86_64-Linux/libjffi-1.2.so
7f136689a000-7f136689b000 rw-p 00011000 08:05 16253453                   /home/luis/.rbenv/versions/jruby-1.7.10/lib/jni/x86_64-Linux/libjffi-1.2.so
7f136689b000-7f13668ab000 r-xp 00000000 08:05 12322344                   /usr/lib/jvm/java-7-openjdk-amd64/jre/lib/amd64/libnio.so
7f13668ab000-7f1366aab000 ---p 00010000 08:05 12322344                   /usr/lib/jvm/java-7-openjdk-amd64/jre/lib/amd64/libnio.so
7f1366aab000-7f1366aac000 r--p 00010000 08:05 12322344                   /usr/lib/jvm/java-7-openjdk-amd64/jre/lib/amd64/libnio.so
7f1366aac000-7f1366aad000 rw-p 00011000 08:05 12322344                   /usr/lib/jvm/java-7-openjdk-amd64/jre/lib/amd64/libnio.so
7f1366aad000-7f1366aea000 r-xp 00000000 08:05 9834371                    /lib/x86_64-linux-gnu/libpcre.so.3.13.1
7f1366aea000-7f1366cea000 ---p 0003d000 08:05 9834371                    /lib/x86_64-linux-gnu/libpcre.so.3.13.1
7f1366cea000-7f1366ceb000 r--p 0003d000 08:05 9834371                    /lib/x86_64-linux-gnu/libpcre.so.3.13.1
7f1366ceb000-7f1366cec000 rw-p 0003e000 08:05 9834371                    /lib/x86_64-linux-gnu/libpcre.so.3.13.1
7f1366cec000-7f1366cf3000 r-xp 00000000 08:05 12196946                   /usr/lib/x86_64-linux-gnu/libffi.so.6.0.1
7f1366cf3000-7f1366ef2000 ---p 00007000 08:05 12196946                   /usr/lib/x86_64-linux-gnu/libffi.so.6.0.1
7f1366ef2000-7f1366ef3000 r--p 00006000 08:05 12196946                   /usr/lib/x86_64-linux-gnu/libffi.so.6.0.1
7f1366ef3000-7f1366ef4000 rw-p 00007000 08:05 12196946                   /usr/lib/x86_64-linux-gnu/libffi.so.6.0.1
7f1366ef4000-7f1366f0a000 r-xp 00000000 08:05 9834394                    /lib/x86_64-linux-gnu/libresolv-2.17.so
7f1366f0a000-7f136710a000 ---p 00016000 08:05 9834394                    /lib/x86_64-linux-gnu/libresolv-2.17.so
7f136710a000-7f136710b000 r--p 00016000 08:05 9834394                    /lib/x86_64-linux-gnu/libresolv-2.17.so
7f136710b000-7f136710c000 rw-p 00017000 08:05 9834394                    /lib/x86_64-linux-gnu/libresolv-2.17.so
7f136710c000-7f136710e000 rw-p 00000000 00:00 0 
7f136710e000-7f136712d000 r-xp 00000000 08:05 9834398                    /lib/x86_64-linux-gnu/libselinux.so.1
7f136712d000-7f136732d000 ---p 0001f000 08:05 9834398                    /lib/x86_64-linux-gnu/libselinux.so.1
7f136732d000-7f136732e000 r--p 0001f000 08:05 9834398                    /lib/x86_64-linux-gnu/libselinux.so.1
7f136732e000-7f136732f000 rw-p 00020000 08:05 9834398                    /lib/x86_64-linux-gnu/libselinux.so.1
7f136732f000-7f1367330000 rw-p 00000000 00:00 0 
7f1367330000-7f1367333000 r-xp 00000000 08:05 12190134                   /usr/lib/x86_64-linux-gnu/libgmodule-2.0.so.0.3800.1
7f1367333000-7f1367532000 ---p 00003000 08:05 12190134                   /usr/lib/x86_64-linux-gnu/libgmodule-2.0.so.0.3800.1
7f1367532000-7f1367533000 r--p 00002000 08:05 12190134                   /usr/lib/x86_64-linux-gnu/libgmodule-2.0.so.0.3800.1
7f1367533000-7f1367534000 rw-p 00003000 08:05 12190134                   /usr/lib/x86_64-linux-gnu/libgmodule-2.0.so.0.3800.1
7f1367534000-7f1367632000 r-xp 00000000 08:05 9834386                    /lib/x86_64-linux-gnu/libglib-2.0.so.0.3800.1
7f1367632000-7f1367832000 ---p 000fe000 08:05 9834386                    /lib/x86_64-linux-gnu/libglib-2.0.so.0.3800.1
7f1367832000-7f1367833000 r--p 000fe000 08:05 9834386                    /lib/x86_64-linux-gnu/libglib-2.0.so.0.3800.1
7f1367833000-7f1367834000 rw-p 000ff000 08:05 9834386                    /lib/x86_64-linux-gnu/libglib-2.0.so.0.3800.1
7f1367834000-7f1367835000 rw-p 00000000 00:00 0 
7f1367835000-7f1367884000 r-xp 00000000 08:05 12190125                   /usr/lib/x86_64-linux-gnu/libgobject-2.0.so.0.3800.1
7f1367884000-7f1367a84000 ---p 0004f000 08:05 12190125                   /usr/lib/x86_64-linux-gnu/libgobject-2.0.so.0.3800.1
7f1367a84000-7f1367a85000 r--p 0004f000 08:05 12190125                   /usr/lib/x86_64-linux-gnu/libgobject-2.0.so.0.3800.1
7f1367a85000-7f1367a86000 rw-p 00050000 08:05 12190125                   /usr/lib/x86_64-linux-gnu/libgobject-2.0.so.0.3800.1
7f1367a86000-7f1367be2000 r-xp 00000000 08:05 12190099                   /usr/lib/x86_64-linux-gnu/libgio-2.0.so.0.3800.1
7f1367be2000-7f1367de1000 ---p 0015c000 08:05 12190099                   /usr/lib/x86_64-linux-gnu/libgio-2.0.so.0.3800.1
7f1367de1000-7f1367de5000 r--p 0015b000 08:05 12190099                   /usr/lib/x86_64-linux-gnu/libgio-2.0.so.0.3800.1
7f1367de5000-7f1367de7000 rw-p 0015f000 08:05 12190099                   /usr/lib/x86_64-linux-gnu/libgio-2.0.so.0.3800.1
7f1367de7000-7f1367de9000 rw-p 00000000 00:00 0 
7f1367de9000-7f1367dff000 r-xp 00000000 08:05 12322132                   /usr/lib/jvm/java-7-openjdk-amd64/jre/lib/amd64/libnet.so
7f1367dff000-7f1367ffe000 ---p 00016000 08:05 12322132                   /usr/lib/jvm/java-7-openjdk-amd64/jre/lib/amd64/libnet.so
7f1367ffe000-7f1367fff000 r--p 00015000 08:05 12322132                   /usr/lib/jvm/java-7-openjdk-amd64/jre/lib/amd64/libnet.so
7f1367fff000-7f1368000000 rw-p 00016000 08:05 12322132                   /usr/lib/jvm/java-7-openjdk-amd64/jre/lib/amd64/libnet.so
7f1368000000-7f1368ccb000 rw-p 00000000 00:00 0 
7f1368ccb000-7f136c000000 ---p 00000000 00:00 0 
7f136c000000-7f136c021000 rw-p 00000000 00:00 0 
7f136c021000-7f1370000000 ---p 00000000 00:00 0 
7f1370000000-7f1370021000 rw-p 00000000 00:00 0 
7f1370021000-7f1374000000 ---p 00000000 00:00 0 
7f1374000000-7f1374e32000 rw-p 00000000 00:00 0 
7f1374e32000-7f1378000000 ---p 00000000 00:00 0 
7f1378000000-7f1378021000 rw-p 00000000 00:00 0 
7f1378021000-7f137c000000 ---p 00000000 00:00 0 
7f137c000000-7f137c021000 rw-p 00000000 00:00 0 
7f137c021000-7f1380000000 ---p 00000000 00:00 0 
7f1380000000-7f1380021000 rw-p 00000000 00:00 0 
7f1380021000-7f1384000000 ---p 00000000 00:00 0 
7f1384000000-7f1384021000 rw-p 00000000 00:00 0 
7f1384021000-7f1388000000 ---p 00000000 00:00 0 
7f1388000000-7f1388021000 rw-p 00000000 00:00 0 
7f1388021000-7f138c000000 ---p 00000000 00:00 0 
7f138c000000-7f138c021000 rw-p 00000000 00:00 0 
7f138c021000-7f1390000000 ---p 00000000 00:00 0 
7f1390000000-7f1390021000 rw-p 00000000 00:00 0 
7f1390021000-7f1394000000 ---p 00000000 00:00 0 
7f13941b4000-7f13941b7000 ---p 00000000 00:00 0 
7f13941b7000-7f13941ed000 rw-p 00000000 00:00 0                          [stack:4305]
7f13941ed000-7f13941ee000 ---p 00000000 00:00 0 
7f13941ee000-7f13942ee000 rw-p 00000000 00:00 0                          [stack:4301]
7f13942ee000-7f13942f1000 ---p 00000000 00:00 0 
7f13942f1000-7f13944ef000 rw-p 00000000 00:00 0                          [stack:4300]
7f13944ef000-7f13944f2000 ---p 00000000 00:00 0 
7f13944f2000-7f13945f0000 rw-p 00000000 00:00 0                          [stack:4299]
7f13945f0000-7f13945f3000 ---p 00000000 00:00 0 
7f13945f3000-7f13946f1000 rw-p 00000000 00:00 0                          [stack:4298]
7f13946f1000-7f13946f4000 ---p 00000000 00:00 0 
7f13946f4000-7f13948f2000 rw-p 00000000 00:00 0                          [stack:4297]
7f13948f2000-7f1394cec000 r--p 00000000 08:05 12195384                   /usr/lib/locale/locale-archive
7f1394cec000-7f1394cef000 ---p 00000000 00:00 0 
7f1394cef000-7f1394eed000 rw-p 00000000 00:00 0                          [stack:4296]
7f1394eed000-7f1394ef0000 ---p 00000000 00:00 0 
7f1394ef0000-7f13950ee000 rw-p 00000000 00:00 0                          [stack:4295]
7f13950ee000-7f13950ef000 ---p 00000000 00:00 0 
7f13950ef000-7f13961a3000 rw-p 00000000 00:00 0                          [stack:4294]
7f13961a3000-7f139628c000 r--s 00bb9000 08:05 16253440                   /home/luis/.rbenv/versions/jruby-1.7.10/lib/jruby.jar
7f139628c000-7f13962d4000 rw-p 00000000 00:00 0 
7f13962d4000-7f1396482000 r--s 01cf4000 08:05 12322430                   /usr/lib/jvm/java-7-openjdk-amd64/jre/lib/rt.jar
7f1396482000-7f1397b70000 rw-p 00000000 00:00 0 
7f1397b70000-7f1397b71000 ---p 00000000 00:00 0 
7f1397b71000-7f1397c71000 rw-p 00000000 00:00 0                          [stack:4293]
7f1397c71000-7f1397c72000 ---p 00000000 00:00 0 
7f1397c72000-7f1397d72000 rw-p 00000000 00:00 0                          [stack:4292]
7f1397d72000-7f1397d73000 ---p 00000000 00:00 0 
7f1397d73000-7f1397e73000 rw-p 00000000 00:00 0                          [stack:4291]
7f1397e73000-7f1397e74000 ---p 00000000 00:00 0 
7f1397e74000-7f1397f74000 rw-p 00000000 00:00 0                          [stack:4290]
7f1397f74000-7f13981e4000 rwxp 00000000 00:00 0 
7f13981e4000-7f139af74000 rw-p 00000000 00:00 0 
7f139af74000-7f139af7c000 r-xp 00000000 08:05 12322081                   /usr/lib/jvm/java-7-openjdk-amd64/jre/lib/amd64/libzip.so
7f139af7c000-7f139b17b000 ---p 00008000 08:05 12322081                   /usr/lib/jvm/java-7-openjdk-amd64/jre/lib/amd64/libzip.so
7f139b17b000-7f139b17c000 r--p 00007000 08:05 12322081                   /usr/lib/jvm/java-7-openjdk-amd64/jre/lib/amd64/libzip.so
7f139b17c000-7f139b17d000 rw-p 00008000 08:05 12322081                   /usr/lib/jvm/java-7-openjdk-amd64/jre/lib/amd64/libzip.so
7f139b17d000-7f139b189000 r-xp 00000000 08:05 9834349                    /lib/x86_64-linux-gnu/libnss_files-2.17.so
7f139b189000-7f139b388000 ---p 0000c000 08:05 9834349                    /lib/x86_64-linux-gnu/libnss_files-2.17.so
7f139b388000-7f139b389000 r--p 0000b000 08:05 9834349                    /lib/x86_64-linux-gnu/libnss_files-2.17.so
7f139b389000-7f139b38a000 rw-p 0000c000 08:05 9834349                    /lib/x86_64-linux-gnu/libnss_files-2.17.so
7f139b38a000-7f139b395000 r-xp 00000000 08:05 9834353                    /lib/x86_64-linux-gnu/libnss_nis-2.17.so
7f139b395000-7f139b594000 ---p 0000b000 08:05 9834353                    /lib/x86_64-linux-gnu/libnss_nis-2.17.so
7f139b594000-7f139b595000 r--p 0000a000 08:05 9834353                    /lib/x86_64-linux-gnu/libnss_nis-2.17.so
7f139b595000-7f139b596000 rw-p 0000b000 08:05 9834353                    /lib/x86_64-linux-gnu/libnss_nis-2.17.so
7f139b596000-7f139b5ad000 r-xp 00000000 08:05 9834343                    /lib/x86_64-linux-gnu/libnsl-2.17.so
7f139b5ad000-7f139b7ac000 ---p 00017000 08:05 9834343                    /lib/x86_64-linux-gnu/libnsl-2.17.so
7f139b7ac000-7f139b7ad000 r--p 00016000 08:05 9834343                    /lib/x86_64-linux-gnu/libnsl-2.17.so
7f139b7ad000-7f139b7ae000 rw-p 00017000 08:05 9834343                    /lib/x86_64-linux-gnu/libnsl-2.17.so
7f139b7ae000-7f139b7b0000 rw-p 00000000 00:00 0 
7f139b7b0000-7f139b7b8000 r-xp 00000000 08:05 9834345                    /lib/x86_64-linux-gnu/libnss_compat-2.17.so
7f139b7b8000-7f139b9b7000 ---p 00008000 08:05 9834345                    /lib/x86_64-linux-gnu/libnss_compat-2.17.so
7f139b9b7000-7f139b9b8000 r--p 00007000 08:05 9834345                    /lib/x86_64-linux-gnu/libnss_compat-2.17.so
7f139b9b8000-7f139b9b9000 rw-p 00008000 08:05 9834345                    /lib/x86_64-linux-gnu/libnss_compat-2.17.so
7f139b9b9000-7f139b9e4000 r-xp 00000000 08:05 12322007                   /usr/lib/jvm/java-7-openjdk-amd64/jre/lib/amd64/libjava.so
7f139b9e4000-7f139bbe3000 ---p 0002b000 08:05 12322007                   /usr/lib/jvm/java-7-openjdk-amd64/jre/lib/amd64/libjava.so
7f139bbe3000-7f139bbe4000 r--p 0002a000 08:05 12322007                   /usr/lib/jvm/java-7-openjdk-amd64/jre/lib/amd64/libjava.so
7f139bbe4000-7f139bbe6000 rw-p 0002b000 08:05 12322007                   /usr/lib/jvm/java-7-openjdk-amd64/jre/lib/amd64/libjava.so
7f139bbe6000-7f139bbf6000 r-xp 00000000 08:05 12322321                   /usr/lib/jvm/java-7-openjdk-amd64/jre/lib/amd64/libverify.so
7f139bbf6000-7f139bdf5000 ---p 00010000 08:05 12322321                   /usr/lib/jvm/java-7-openjdk-amd64/jre/lib/amd64/libverify.so
7f139bdf5000-7f139bdf7000 r--p 0000f000 08:05 12322321                   /usr/lib/jvm/java-7-openjdk-amd64/jre/lib/amd64/libverify.so
7f139bdf7000-7f139bdf8000 rw-p 00011000 08:05 12322321                   /usr/lib/jvm/java-7-openjdk-amd64/jre/lib/amd64/libverify.so
7f139bdf8000-7f139bdff000 r-xp 00000000 08:05 9834396                    /lib/x86_64-linux-gnu/librt-2.17.so
7f139bdff000-7f139bffe000 ---p 00007000 08:05 9834396                    /lib/x86_64-linux-gnu/librt-2.17.so
7f139bffe000-7f139bfff000 r--p 00006000 08:05 9834396                    /lib/x86_64-linux-gnu/librt-2.17.so
7f139bfff000-7f139c000000 rw-p 00007000 08:05 9834396                    /lib/x86_64-linux-gnu/librt-2.17.so
7f139c000000-7f139c51a000 rw-p 00000000 00:00 0 
7f139c51a000-7f13a0000000 ---p 00000000 00:00 0 
7f13a0011000-7f13a006f000 rw-p 00000000 00:00 0 
7f13a006f000-7f13a00b5000 rw-p 00000000 00:00 0 
7f13a00b5000-7f13a00c9000 rw-p 00000000 00:00 0 
7f13a00c9000-7f13a015b000 rw-p 00000000 00:00 0 
7f13a015b000-7f13a016d000 rw-p 00000000 00:00 0 
7f13a016d000-7f13a01af000 rw-p 00000000 00:00 0 
7f13a01af000-7f13a01b0000 rw-p 00000000 00:00 0 
7f13a01b0000-7f13a01b3000 ---p 00000000 00:00 0 
7f13a01b3000-7f13a03b1000 rw-p 00000000 00:00 0                          [stack:4289]
7f13a03b1000-7f13a03c6000 r-xp 00000000 08:05 9830413                    /lib/x86_64-linux-gnu/libgcc_s.so.1
7f13a03c6000-7f13a05c5000 ---p 00015000 08:05 9830413                    /lib/x86_64-linux-gnu/libgcc_s.so.1
7f13a05c5000-7f13a05c6000 r--p 00014000 08:05 9830413                    /lib/x86_64-linux-gnu/libgcc_s.so.1
7f13a05c6000-7f13a05c7000 rw-p 00015000 08:05 9830413                    /lib/x86_64-linux-gnu/libgcc_s.so.1
7f13a05c7000-7f13a06ca000 r-xp 00000000 08:05 9834324                    /lib/x86_64-linux-gnu/libm-2.17.so
7f13a06ca000-7f13a08c9000 ---p 00103000 08:05 9834324                    /lib/x86_64-linux-gnu/libm-2.17.so
7f13a08c9000-7f13a08ca000 r--p 00102000 08:05 9834324                    /lib/x86_64-linux-gnu/libm-2.17.so
7f13a08ca000-7f13a08cb000 rw-p 00103000 08:05 9834324                    /lib/x86_64-linux-gnu/libm-2.17.so
7f13a08cb000-7f13a09b1000 r-xp 00000000 08:05 12190887                   /usr/lib/x86_64-linux-gnu/libstdc++.so.6.0.18
7f13a09b1000-7f13a0bb0000 ---p 000e6000 08:05 12190887                   /usr/lib/x86_64-linux-gnu/libstdc++.so.6.0.18
7f13a0bb0000-7f13a0bb8000 r--p 000e5000 08:05 12190887                   /usr/lib/x86_64-linux-gnu/libstdc++.so.6.0.18
7f13a0bb8000-7f13a0bba000 rw-p 000ed000 08:05 12190887                   /usr/lib/x86_64-linux-gnu/libstdc++.so.6.0.18
7f13a0bba000-7f13a0bcf000 rw-p 00000000 00:00 0 
7f13a0bcf000-7f13a16ae000 r-xp 00000000 08:05 12322340                   /usr/lib/jvm/java-7-openjdk-amd64/jre/lib/amd64/server/libjvm.so
7f13a16ae000-7f13a18ad000 ---p 00adf000 08:05 12322340                   /usr/lib/jvm/java-7-openjdk-amd64/jre/lib/amd64/server/libjvm.so
7f13a18ad000-7f13a193f000 r--p 00ade000 08:05 12322340                   /usr/lib/jvm/java-7-openjdk-amd64/jre/lib/amd64/server/libjvm.so
7f13a193f000-7f13a1962000 rw-p 00b70000 08:05 12322340                   /usr/lib/jvm/java-7-openjdk-amd64/jre/lib/amd64/server/libjvm.so
7f13a1962000-7f13a198f000 rw-p 00000000 00:00 0 
7f13a198f000-7f13a19a7000 r-xp 00000000 08:05 9834431                    /lib/x86_64-linux-gnu/libz.so.1.2.8
7f13a19a7000-7f13a1ba6000 ---p 00018000 08:05 9834431                    /lib/x86_64-linux-gnu/libz.so.1.2.8
7f13a1ba6000-7f13a1ba7000 r--p 00017000 08:05 9834431                    /lib/x86_64-linux-gnu/libz.so.1.2.8
7f13a1ba7000-7f13a1ba8000 rw-p 00018000 08:05 9834431                    /lib/x86_64-linux-gnu/libz.so.1.2.8
7f13a1ba8000-7f13a1bbf000 r-xp 00000000 08:05 9834388                    /lib/x86_64-linux-gnu/libpthread-2.17.so
7f13a1bbf000-7f13a1dbf000 ---p 00017000 08:05 9834388                    /lib/x86_64-linux-gnu/libpthread-2.17.so
7f13a1dbf000-7f13a1dc0000 r--p 00017000 08:05 9834388                    /lib/x86_64-linux-gnu/libpthread-2.17.so
7f13a1dc0000-7f13a1dc1000 rw-p 00018000 08:05 9834388                    /lib/x86_64-linux-gnu/libpthread-2.17.so
7f13a1dc1000-7f13a1dc5000 rw-p 00000000 00:00 0 
7f13a1dc5000-7f13a1dc8000 r-xp 00000000 08:05 9834288                    /lib/x86_64-linux-gnu/libdl-2.17.so
7f13a1dc8000-7f13a1fc7000 ---p 00003000 08:05 9834288                    /lib/x86_64-linux-gnu/libdl-2.17.so
7f13a1fc7000-7f13a1fc8000 r--p 00002000 08:05 9834288                    /lib/x86_64-linux-gnu/libdl-2.17.so
7f13a1fc8000-7f13a1fc9000 rw-p 00003000 08:05 9834288                    /lib/x86_64-linux-gnu/libdl-2.17.so
7f13a1fc9000-7f13a2186000 r-xp 00000000 08:05 9834273                    /lib/x86_64-linux-gnu/libc-2.17.so
7f13a2186000-7f13a2386000 ---p 001bd000 08:05 9834273                    /lib/x86_64-linux-gnu/libc-2.17.so
7f13a2386000-7f13a238a000 r--p 001bd000 08:05 9834273                    /lib/x86_64-linux-gnu/libc-2.17.so
7f13a238a000-7f13a238c000 rw-p 001c1000 08:05 9834273                    /lib/x86_64-linux-gnu/libc-2.17.so
7f13a238c000-7f13a2391000 rw-p 00000000 00:00 0 
7f13a2391000-7f13a239e000 r-xp 00000000 08:05 12322347                   /usr/lib/jvm/java-7-openjdk-amd64/jre/lib/amd64/jli/libjli.so
7f13a239e000-7f13a259d000 ---p 0000d000 08:05 12322347                   /usr/lib/jvm/java-7-openjdk-amd64/jre/lib/amd64/jli/libjli.so
7f13a259d000-7f13a259e000 r--p 0000c000 08:05 12322347                   /usr/lib/jvm/java-7-openjdk-amd64/jre/lib/amd64/jli/libjli.so
7f13a259e000-7f13a259f000 rw-p 0000d000 08:05 12322347                   /usr/lib/jvm/java-7-openjdk-amd64/jre/lib/amd64/jli/libjli.so
7f13a259f000-7f13a25c2000 r-xp 00000000 08:05 9834249                    /lib/x86_64-linux-gnu/ld-2.17.so
7f13a25c8000-7f13a25c9000 r-xp 00000000 00:00 0 
7f13a25c9000-7f13a25d0000 r--s 00000000 08:05 12588976                   /usr/lib/x86_64-linux-gnu/gconv/gconv-modules.cache
7f13a25d0000-7f13a25d5000 r--s 0004c000 08:05 12322352                   /usr/lib/jvm/java-7-openjdk-amd64/jre/lib/jsse.jar
7f13a25d5000-7f13a25d8000 r--s 00032000 08:05 12322366                   /usr/lib/jvm/java-7-openjdk-amd64/jre/lib/ext/sunjce_provider.jar
7f13a25d8000-7f13a25db000 r--s 0000f000 08:05 12322362                   /usr/lib/jvm/java-7-openjdk-amd64/jre/lib/ext/pulse-java.jar
7f13a25db000-7f13a25f6000 rw-p 00000000 00:00 0 
7f13a25f6000-7f13a263c000 rw-p 00000000 00:00 0 
7f13a263c000-7f13a2650000 rw-p 00000000 00:00 0 
7f13a2650000-7f13a26e3000 rw-p 00000000 00:00 0 
7f13a26e3000-7f13a26ed000 rw-p 00000000 00:00 0 
7f13a26ed000-7f13a27a3000 rw-p 00000000 00:00 0 
7f13a27a3000-7f13a27a8000 rw-p 00000000 00:00 0 
7f13a27a8000-7f13a27aa000 r--s 00006000 08:05 12717881                   /usr/share/java/java-atk-wrapper.jar
7f13a27aa000-7f13a27ae000 r--s 00085000 08:05 12322360                   /usr/lib/jvm/java-7-openjdk-amd64/jre/lib/ext/localedata.jar
7f13a27ae000-7f13a27b2000 r--s 0003b000 08:05 12322372                   /usr/lib/jvm/java-7-openjdk-amd64/jre/lib/ext/sunpkcs11.jar
7f13a27b2000-7f13a27b3000 r--s 00002000 08:05 12322370                   /usr/lib/jvm/java-7-openjdk-amd64/jre/lib/ext/dnsns.jar
7f13a27b3000-7f13a27b5000 r--s 00012000 08:05 12322364                   /usr/lib/jvm/java-7-openjdk-amd64/jre/lib/ext/zipfs.jar
7f13a27b5000-7f13a27bd000 rw-s 00000000 08:05 7340069                    /tmp/hsperfdata_luis/4264
7f13a27bd000-7f13a27be000 rw-p 00000000 00:00 0 
7f13a27be000-7f13a27bf000 r--p 00000000 00:00 0 
7f13a27bf000-7f13a27c1000 rw-p 00000000 00:00 0 
7f13a27c1000-7f13a27c2000 r--p 00022000 08:05 9834249                    /lib/x86_64-linux-gnu/ld-2.17.so
7f13a27c2000-7f13a27c4000 rw-p 00023000 08:05 9834249                    /lib/x86_64-linux-gnu/ld-2.17.so
7fff50fb9000-7fff50fda000 rw-p 00000000 00:00 0                          [stack]
7fff50ffe000-7fff51000000 r-xp 00000000 00:00 0                          [vdso]
ffffffffff600000-ffffffffff601000 r-xp 00000000 00:00 0                  [vsyscall]

VM Arguments:
jvm_args: -Djdk.home= -Djruby.home=/home/luis/.rbenv/versions/jruby-1.7.10 -Djruby.script=jruby -Djruby.shell=/bin/sh -Djffi.boot.library.path=/home/luis/.rbenv/versions/jruby-1.7.10/lib/jni:/home/luis/.rbenv/versions/jruby-1.7.10/lib/jni/arm-Linux:/home/luis/.rbenv/versions/jruby-1.7.10/lib/jni/x86_64-Linux:/home/luis/.rbenv/versions/jruby-1.7.10/lib/jni/i386-Linux -Xmx500m -Xss2048k -Xbootclasspath/a:/home/luis/.rbenv/versions/jruby-1.7.10/lib/jruby.jar 
java_command: org/jruby/Main Makefile.rb clean compile test
Launcher Type: SUN_STANDARD

Environment Variables:
PATH=/home/luis/.rbenv/versions/jruby-1.7.10/bin:/home/luis/.rbenv/libexec:/home/luis/.rbenv/plugins/ruby-build/bin:/home/luis/.rbenv/shims:~/.rbenv/bin:~/.rbenv/bin:/usr/local/sbin:/usr/local/bin:/usr/sbin:/usr/bin:/sbin:/bin:/usr/games:/usr/local/games
USERNAME=luis
SHELL=/bin/bash
DISPLAY=:0

Signal Handlers:
SIGSEGV: [libjvm.so+0x916ea0], sa_mask[0]=0x7ffbfeff, sa_flags=0x10000004
SIGBUS: [libjvm.so+0x916ea0], sa_mask[0]=0x7ffbfeff, sa_flags=0x10000004
SIGFPE: [libjvm.so+0x794800], sa_mask[0]=0x7ffbfeff, sa_flags=0x10000004
SIGPIPE: [libjvm.so+0x794800], sa_mask[0]=0x7ffbfeff, sa_flags=0x10000004
SIGXFSZ: [libjvm.so+0x794800], sa_mask[0]=0x7ffbfeff, sa_flags=0x10000004
SIGILL: [libjvm.so+0x794800], sa_mask[0]=0x7ffbfeff, sa_flags=0x10000004
SIGUSR1: SIG_DFL, sa_mask[0]=0x00000000, sa_flags=0x00000000
SIGUSR2: [libjvm.so+0x7946a0], sa_mask[0]=0x00000000, sa_flags=0x10000004
SIGHUP: [libjvm.so+0x794880], sa_mask[0]=0x7ffbfeff, sa_flags=0x10000004
SIGINT: [libjvm.so+0x794880], sa_mask[0]=0x7ffbfeff, sa_flags=0x10000004
SIGTERM: [libjvm.so+0x794880], sa_mask[0]=0x7ffbfeff, sa_flags=0x10000004
SIGQUIT: [libjvm.so+0x794880], sa_mask[0]=0x7ffbfeff, sa_flags=0x10000004


---------------  S Y S T E M  ---------------

OS:LinuxMint 16 (petra)
uname:Linux 3.11.0-12-generic #19-Ubuntu SMP Wed Oct 9 16:20:46 UTC 2013 x86_64
libc:glibc 2.17 NPTL 2.17 
rlimit: STACK 8192k, CORE 0k, NPROC 29806, NOFILE 4096, AS infinity
load average:1,12 0,87 0,65

/proc/meminfo:
MemTotal:        3844532 kB
MemFree:         1911200 kB
Buffers:          107540 kB
Cached:           959392 kB
SwapCached:            0 kB
Active:          1042932 kB
Inactive:         741108 kB
Active(anon):     718084 kB
Inactive(anon):   171404 kB
Active(file):     324848 kB
Inactive(file):   569704 kB
Unevictable:           0 kB
Mlocked:               0 kB
SwapTotal:       3987452 kB
SwapFree:        3987452 kB
Dirty:              2648 kB
Writeback:             0 kB
AnonPages:        717204 kB
Mapped:           143908 kB
Shmem:            172328 kB
Slab:              86644 kB
SReclaimable:      64292 kB
SUnreclaim:        22352 kB
KernelStack:        3120 kB
PageTables:        17572 kB
NFS_Unstable:          0 kB
Bounce:                0 kB
WritebackTmp:          0 kB
CommitLimit:     5909716 kB
Committed_AS:    2383392 kB
VmallocTotal:   34359738367 kB
VmallocUsed:      348004 kB
VmallocChunk:   34359386076 kB
HardwareCorrupted:     0 kB
AnonHugePages:         0 kB
HugePages_Total:       0
HugePages_Free:        0
HugePages_Rsvd:        0
HugePages_Surp:        0
Hugepagesize:       2048 kB
DirectMap4k:       56564 kB
DirectMap2M:     3932160 kB


CPU:total 4 (2 cores per cpu, 2 threads per core) family 6 model 37 stepping 5, cmov, cx8, fxsr, mmx, sse, sse2, sse3, ssse3, sse4.1, sse4.2, popcnt, ht, tsc, tscinvbit

/proc/cpuinfo:
processor	: 0
vendor_id	: GenuineIntel
cpu family	: 6
model		: 37
model name	: Intel(R) Core(TM) i5 CPU       M 460  @ 2.53GHz
stepping	: 5
microcode	: 0x2
cpu MHz		: 2534.000
cache size	: 3072 KB
physical id	: 0
siblings	: 4
core id		: 0
cpu cores	: 2
apicid		: 0
initial apicid	: 0
fpu		: yes
fpu_exception	: yes
cpuid level	: 11
wp		: yes
flags		: fpu vme de pse tsc msr pae mce cx8 apic sep mtrr pge mca cmov pat pse36 clflush dts acpi mmx fxsr sse sse2 ss ht tm pbe syscall nx rdtscp lm constant_tsc arch_perfmon pebs bts rep_good nopl xtopology nonstop_tsc aperfmperf pni dtes64 monitor ds_cpl vmx est tm2 ssse3 cx16 xtpr pdcm pcid sse4_1 sse4_2 popcnt lahf_lm ida arat dtherm tpr_shadow vnmi flexpriority ept vpid
bogomips	: 5067.06
clflush size	: 64
cache_alignment	: 64
address sizes	: 36 bits physical, 48 bits virtual
power management:

processor	: 1
vendor_id	: GenuineIntel
cpu family	: 6
model		: 37
model name	: Intel(R) Core(TM) i5 CPU       M 460  @ 2.53GHz
stepping	: 5
microcode	: 0x2
cpu MHz		: 2534.000
cache size	: 3072 KB
physical id	: 0
siblings	: 4
core id		: 0
cpu cores	: 2
apicid		: 1
initial apicid	: 1
fpu		: yes
fpu_exception	: yes
cpuid level	: 11
wp		: yes
flags		: fpu vme de pse tsc msr pae mce cx8 apic sep mtrr pge mca cmov pat pse36 clflush dts acpi mmx fxsr sse sse2 ss ht tm pbe syscall nx rdtscp lm constant_tsc arch_perfmon pebs bts rep_good nopl xtopology nonstop_tsc aperfmperf pni dtes64 monitor ds_cpl vmx est tm2 ssse3 cx16 xtpr pdcm pcid sse4_1 sse4_2 popcnt lahf_lm ida arat dtherm tpr_shadow vnmi flexpriority ept vpid
bogomips	: 5067.06
clflush size	: 64
cache_alignment	: 64
address sizes	: 36 bits physical, 48 bits virtual
power management:

processor	: 2
vendor_id	: GenuineIntel
cpu family	: 6
model		: 37
model name	: Intel(R) Core(TM) i5 CPU       M 460  @ 2.53GHz
stepping	: 5
microcode	: 0x2
cpu MHz		: 1333.000
cache size	: 3072 KB
physical id	: 0
siblings	: 4
core id		: 2
cpu cores	: 2
apicid		: 4
initial apicid	: 4
fpu		: yes
fpu_exception	: yes
cpuid level	: 11
wp		: yes
flags		: fpu vme de pse tsc msr pae mce cx8 apic sep mtrr pge mca cmov pat pse36 clflush dts acpi mmx fxsr sse sse2 ss ht tm pbe syscall nx rdtscp lm constant_tsc arch_perfmon pebs bts rep_good nopl xtopology nonstop_tsc aperfmperf pni dtes64 monitor ds_cpl vmx est tm2 ssse3 cx16 xtpr pdcm pcid sse4_1 sse4_2 popcnt lahf_lm ida arat dtherm tpr_shadow vnmi flexpriority ept vpid
bogomips	: 5067.06
clflush size	: 64
cache_alignment	: 64
address sizes	: 36 bits physical, 48 bits virtual
power management:

processor	: 3
vendor_id	: GenuineIntel
cpu family	: 6
model		: 37
model name	: Intel(R) Core(TM) i5 CPU       M 460  @ 2.53GHz
stepping	: 5
microcode	: 0x2
cpu MHz		: 2534.000
cache size	: 3072 KB
physical id	: 0
siblings	: 4
core id		: 2
cpu cores	: 2
apicid		: 5
initial apicid	: 5
fpu		: yes
fpu_exception	: yes
cpuid level	: 11
wp		: yes
flags		: fpu vme de pse tsc msr pae mce cx8 apic sep mtrr pge mca cmov pat pse36 clflush dts acpi mmx fxsr sse sse2 ss ht tm pbe syscall nx rdtscp lm constant_tsc arch_perfmon pebs bts rep_good nopl xtopology nonstop_tsc aperfmperf pni dtes64 monitor ds_cpl vmx est tm2 ssse3 cx16 xtpr pdcm pcid sse4_1 sse4_2 popcnt lahf_lm ida arat dtherm tpr_shadow vnmi flexpriority ept vpid
bogomips	: 5067.06
clflush size	: 64
cache_alignment	: 64
address sizes	: 36 bits physical, 48 bits virtual
power management:



Memory: 4k page, physical 3844532k(1911200k free), swap 3987452k(3987452k free)

vm_info: OpenJDK 64-Bit Server VM (24.45-b08) for linux-amd64 JRE (1.7.0_51-b00), built on Jan 15 2014 22:02:57 by "buildd" with gcc 4.8.1

time: Sun Mar  9 17:40:28 2014
elapsed time: 3 seconds

