#
# A fatal error has been detected by the Java Runtime Environment:
#
#  SIGSEGV (0xb) at pc=0x00007fefa1a94c38, pid=2136, tid=140667632396032
#
# JRE version: OpenJDK Runtime Environment (7.0_51) (build 1.7.0_51-b00)
# Java VM: OpenJDK 64-Bit Server VM (24.45-b08 mixed mode linux-amd64 compressed oops)
# Problematic frame:
# C  [libconvex_hull.so+0xc38]  puente_superior+0xee
#
# Failed to write core dump. Core dumps have been disabled. To enable core dumping, try "ulimit -c unlimited" before starting Java again
#
# If you would like to submit a bug report, please include
# instructions on how to reproduce the bug and visit:
#   http://icedtea.classpath.org/bugzilla
# The crash happened outside the Java Virtual Machine in native code.
# See problematic frame for where to report the bug.
#

---------------  T H R E A D  ---------------

Current thread (0x00007fefb800a800):  JavaThread "main" [_thread_in_native, id=2161, stack(0x00007fefbc22a000,0x00007fefbc42b000)]

siginfo:si_signo=SIGSEGV: si_errno=0, si_code=1 (SEGV_MAPERR), si_addr=0x0000000000000000

Registers:
RAX=0x0000000000000000, RBX=0x00000000d79ca6c0, RCX=0x00000000000010e5, RDX=0x00000000007fb1cc
RSP=0x00007fefbc427e80, RBP=0x00007fefbc427ec0, RSI=0x0000000000000520, RDI=0x00007fefb8410120
R8 =0x00007fefbe4036a0, R9 =0x00007fefbe091134, R10=0x0000000000000000, R11=0x0000000000000000
R12=0x0000000000000000, R13=0x00000000d79ca6c0, R14=0x00007fefbc428078, R15=0x00007fefb800a800
RIP=0x00007fefa1a94c38, EFLAGS=0x0000000000010297, CSGSFS=0x0000000000000033, ERR=0x0000000000000004
  TRAPNO=0x000000000000000e

Top of Stack: (sp=0x00007fefbc427e80)
0x00007fefbc427e80:   00007fefb8410120 00007fefb84103a0
0x00007fefbc427e90:   0000000300000002 0000000000000001
0x00007fefbc427ea0:   00007fefb8410400 00007fefb8410380
0x00007fefbc427eb0:   00007fefb8410360 00007fefb8410380
0x00007fefbc427ec0:   00007fefbc427f00 00007fefa1a94ead
0x00007fefbc427ed0:   00007fefb8410120 00007fefb84103a0
0x00007fefbc427ee0:   00007fefb84103a0 ffffec87be4036a0
0x00007fefbc427ef0:   0000000100000b0b 00007fefb84103e0
0x00007fefbc427f00:   00007fefbc427f90 00007fefa1a9538c
0x00007fefbc427f10:   00007fefbc427f60 00007fefb8410df0
0x00007fefbc427f20:   00007fefb426bd54 00000023f6b33198
0x00007fefbc427f30:   00000b0bffffec87 fffffc1dffffed37
0x00007fefbc427f40:   00000f59fffff1a7 00007fefb84103a0
0x00007fefbc427f50:   00007fefb8410140 00007fefb84102e0
0x00007fefbc427f60:   00007fefb84102a0 00007fefb8410260
0x00007fefbc427f70:   00007fefb8410120 00000000e114a868
0x00007fefbc427f80:   00007fefbc427f80 00000000d6aa2219
0x00007fefbc427f90:   00007fefb83ea070 00007fefa28a7cd9
0x00007fefbc427fa0:   0000000000000000 00000000d79ca6c0
0x00007fefbc427fb0:   00007fefbc428030 00007fefb418e738
0x00007fefbc427fc0:   00007fefbc428050 00007fefb4182233
0x00007fefbc427fd0:   00000000e114a868 00007fefb4182233
0x00007fefbc427fe0:   00000000f6b33198 00000000e11a2720
0x00007fefbc427ff0:   00007fefbc427ff0 0000000000000000
0x00007fefbc428000:   00007fefbc428078 00000000d79d2be8
0x00007fefbc428010:   0000000000000000 00000000d79ca6c0
0x00007fefbc428020:   0000000000000000 00007fefbc428050
0x00007fefbc428030:   00007fefbc4280c0 00007fefb4182175
0x00007fefbc428040:   00000000e10b8c48 00007fefb418acd7
0x00007fefbc428050:   00007fefb8410df0 00000000d7d61e08
0x00007fefbc428060:   00007fefa1a95202 00007fefbc428080
0x00007fefbc428070:   00007fefb83ea070 00007fefb4182233 

Instructions: (pc=0x00007fefa1a94c38)
0x00007fefa1a94c18:   45 e0 48 8b 00 48 89 45 e8 48 8b 45 e0 48 8b 40
0x00007fefa1a94c28:   08 48 8b 00 48 89 45 f0 48 8b 45 e0 48 8b 40 10
0x00007fefa1a94c38:   48 8b 00 48 89 45 f8 48 8b 55 f0 48 8b 4d e8 48
0x00007fefa1a94c48:   8b 45 c0 48 89 ce 48 89 c7 e8 aa fc ff ff 89 45 

Register to memory mapping:

RAX=0x0000000000000000 is an unknown value
RBX=0x00000000d79ca6c0 is an oop
{method} 
 - klass: {other class}
RCX=0x00000000000010e5 is an unknown value
RDX=0x00000000007fb1cc is an unknown value
RSP=0x00007fefbc427e80 is pointing into the stack for thread: 0x00007fefb800a800
RBP=0x00007fefbc427ec0 is pointing into the stack for thread: 0x00007fefb800a800
RSI=0x0000000000000520 is an unknown value
RDI=0x00007fefb8410120 is an unknown value
R8 =0x00007fefbe4036a0: _IO_file_jumps+0 in /lib/x86_64-linux-gnu/libc.so.6 at 0x00007fefbe043000
R9 =0x00007fefbe091134: _IO_vfprintf+0x49b4 in /lib/x86_64-linux-gnu/libc.so.6 at 0x00007fefbe043000
R10=0x0000000000000000 is an unknown value
R11=0x0000000000000000 is an unknown value
R12=0x0000000000000000 is an unknown value
R13=0x00000000d79ca6c0 is an oop
{method} 
 - klass: {other class}
R14=0x00007fefbc428078 is pointing into the stack for thread: 0x00007fefb800a800
R15=0x00007fefb800a800 is a thread


Stack: [0x00007fefbc22a000,0x00007fefbc42b000],  sp=0x00007fefbc427e80,  free space=2039k
Native frames: (J=compiled Java code, j=interpreted, Vv=VM code, C=native code)
C  [libconvex_hull.so+0xc38]  puente_superior+0xee
C  [libconvex_hull.so+0xead]  insertion+0x52
C  [libconvex_hull.so+0x138c]  convex_hull+0x18a

Java frames: (J=compiled Java code, j=interpreted, Vv=VM code)
j  com.kenai.jffi.Foreign.invokeL1(JJJ)J+0
j  com.kenai.jffi.Invoker.invokeL1(Lcom/kenai/jffi/CallContext;JJ)J+7
j  org.jruby.ext.ffi.jffi.NativeInvoker$ffi$1.call(Lorg/jruby/runtime/ThreadContext;Lorg/jruby/runtime/builtin/IRubyObject;Lorg/jruby/RubyModule;Ljava/lang/String;Lorg/jruby/runtime/builtin/IRubyObject;)Lorg/jruby/runtime/builtin/IRubyObject;+76
j  org.jruby.runtime.callsite.CachingCallSite.cacheAndCall(Lorg/jruby/runtime/builtin/IRubyObject;Lorg/jruby/RubyClass;Lorg/jruby/runtime/ThreadContext;Lorg/jruby/runtime/builtin/IRubyObject;Lorg/jruby/runtime/builtin/IRubyObject;)Lorg/jruby/runtime/builtin/IRubyObject;+57
J  org.jruby.runtime.callsite.CachingCallSite.call(Lorg/jruby/runtime/ThreadContext;Lorg/jruby/runtime/builtin/IRubyObject;Lorg/jruby/runtime/builtin/IRubyObject;Lorg/jruby/runtime/builtin/IRubyObject;)Lorg/jruby/runtime/builtin/IRubyObject;
J  org.jruby.ast.CallOneArgNode.interpret(Lorg/jruby/Ruby;Lorg/jruby/runtime/ThreadContext;Lorg/jruby/runtime/builtin/IRubyObject;Lorg/jruby/runtime/Block;)Lorg/jruby/runtime/builtin/IRubyObject;
j  org.jruby.ast.LocalAsgnNode.interpret(Lorg/jruby/Ruby;Lorg/jruby/runtime/ThreadContext;Lorg/jruby/runtime/builtin/IRubyObject;Lorg/jruby/runtime/Block;)Lorg/jruby/runtime/builtin/IRubyObject;+30
J  org.jruby.ast.BlockNode.interpret(Lorg/jruby/Ruby;Lorg/jruby/runtime/ThreadContext;Lorg/jruby/runtime/builtin/IRubyObject;Lorg/jruby/runtime/Block;)Lorg/jruby/runtime/builtin/IRubyObject;
j  org.jruby.evaluator.ASTInterpreter.INTERPRET_METHOD(Lorg/jruby/Ruby;Lorg/jruby/runtime/ThreadContext;Ljava/lang/String;ILorg/jruby/RubyModule;Lorg/jruby/ast/Node;Ljava/lang/String;Lorg/jruby/runtime/builtin/IRubyObject;Lorg/jruby/runtime/Block;Z)Lorg/jruby/runtime/builtin/IRubyObject;+30
j  org.jruby.internal.runtime.methods.InterpretedMethod.call(Lorg/jruby/runtime/ThreadContext;Lorg/jruby/runtime/builtin/IRubyObject;Lorg/jruby/RubyModule;Ljava/lang/String;)Lorg/jruby/runtime/builtin/IRubyObject;+80
j  org.jruby.internal.runtime.methods.DefaultMethod.call(Lorg/jruby/runtime/ThreadContext;Lorg/jruby/runtime/builtin/IRubyObject;Lorg/jruby/RubyModule;Ljava/lang/String;)Lorg/jruby/runtime/builtin/IRubyObject;+20
j  org.jruby.runtime.callsite.CachingCallSite.cacheAndCall(Lorg/jruby/runtime/builtin/IRubyObject;Lorg/jruby/RubyClass;Lorg/jruby/runtime/ThreadContext;Lorg/jruby/runtime/builtin/IRubyObject;)Lorg/jruby/runtime/builtin/IRubyObject;+53
j  org.jruby.runtime.callsite.CachingCallSite.call(Lorg/jruby/runtime/ThreadContext;Lorg/jruby/runtime/builtin/IRubyObject;Lorg/jruby/runtime/builtin/IRubyObject;)Lorg/jruby/runtime/builtin/IRubyObject;+46
j  org.jruby.ast.CallNoArgNode.interpret(Lorg/jruby/Ruby;Lorg/jruby/runtime/ThreadContext;Lorg/jruby/runtime/builtin/IRubyObject;Lorg/jruby/runtime/Block;)Lorg/jruby/runtime/builtin/IRubyObject;+18
j  org.jruby.ast.FCallTwoArgNode.interpret(Lorg/jruby/Ruby;Lorg/jruby/runtime/ThreadContext;Lorg/jruby/runtime/builtin/IRubyObject;Lorg/jruby/runtime/Block;)Lorg/jruby/runtime/builtin/IRubyObject;+28
J  org.jruby.ast.BlockNode.interpret(Lorg/jruby/Ruby;Lorg/jruby/runtime/ThreadContext;Lorg/jruby/runtime/builtin/IRubyObject;Lorg/jruby/runtime/Block;)Lorg/jruby/runtime/builtin/IRubyObject;
j  org.jruby.evaluator.ASTInterpreter.INTERPRET_METHOD(Lorg/jruby/Ruby;Lorg/jruby/runtime/ThreadContext;Ljava/lang/String;ILorg/jruby/RubyModule;Lorg/jruby/ast/Node;Ljava/lang/String;Lorg/jruby/runtime/builtin/IRubyObject;Lorg/jruby/runtime/Block;Z)Lorg/jruby/runtime/builtin/IRubyObject;+30
j  org.jruby.internal.runtime.methods.InterpretedMethod.call(Lorg/jruby/runtime/ThreadContext;Lorg/jruby/runtime/builtin/IRubyObject;Lorg/jruby/RubyModule;Ljava/lang/String;)Lorg/jruby/runtime/builtin/IRubyObject;+80
j  org.jruby.internal.runtime.methods.DefaultMethod.call(Lorg/jruby/runtime/ThreadContext;Lorg/jruby/runtime/builtin/IRubyObject;Lorg/jruby/RubyModule;Ljava/lang/String;)Lorg/jruby/runtime/builtin/IRubyObject;+20
j  org.jruby.runtime.callsite.CachingCallSite.cacheAndCall(Lorg/jruby/runtime/builtin/IRubyObject;Lorg/jruby/RubyClass;Lorg/jruby/runtime/ThreadContext;Lorg/jruby/runtime/builtin/IRubyObject;)Lorg/jruby/runtime/builtin/IRubyObject;+53
j  org.jruby.runtime.callsite.CachingCallSite.call(Lorg/jruby/runtime/ThreadContext;Lorg/jruby/runtime/builtin/IRubyObject;Lorg/jruby/runtime/builtin/IRubyObject;)Lorg/jruby/runtime/builtin/IRubyObject;+46
j  Makefile.method__2$RUBY$test(LMakefile;Lorg/jruby/runtime/ThreadContext;Lorg/jruby/runtime/builtin/IRubyObject;Lorg/jruby/runtime/Block;)Lorg/jruby/runtime/builtin/IRubyObject;+130
j  Makefile$method__2$RUBY$test.call(Lorg/jruby/runtime/ThreadContext;Lorg/jruby/runtime/builtin/IRubyObject;Lorg/jruby/RubyModule;Ljava/lang/String;Lorg/jruby/runtime/Block;)Lorg/jruby/runtime/builtin/IRubyObject;+17
j  org.jruby.RubyClass.finvoke(Lorg/jruby/runtime/ThreadContext;Lorg/jruby/runtime/builtin/IRubyObject;Ljava/lang/String;Lorg/jruby/runtime/Block;)Lorg/jruby/runtime/builtin/IRubyObject;+41
j  org.jruby.RubyBasicObject.send19(Lorg/jruby/runtime/ThreadContext;Lorg/jruby/runtime/builtin/IRubyObject;Lorg/jruby/runtime/Block;)Lorg/jruby/runtime/builtin/IRubyObject;+15
j  org.jruby.RubyKernel.send19(Lorg/jruby/runtime/ThreadContext;Lorg/jruby/runtime/builtin/IRubyObject;Lorg/jruby/runtime/builtin/IRubyObject;Lorg/jruby/runtime/Block;)Lorg/jruby/runtime/builtin/IRubyObject;+7
j  org.jruby.RubyKernel$INVOKER$s$send19.call(Lorg/jruby/runtime/ThreadContext;Lorg/jruby/runtime/builtin/IRubyObject;Lorg/jruby/RubyModule;Ljava/lang/String;Lorg/jruby/runtime/builtin/IRubyObject;Lorg/jruby/runtime/Block;)Lorg/jruby/runtime/builtin/IRubyObject;+6
j  org.jruby.internal.runtime.methods.JavaMethod$JavaMethodOneOrNBlock.call(Lorg/jruby/runtime/ThreadContext;Lorg/jruby/runtime/builtin/IRubyObject;Lorg/jruby/RubyModule;Ljava/lang/String;Lorg/jruby/runtime/builtin/IRubyObject;)Lorg/jruby/runtime/builtin/IRubyObject;+11
j  org.jruby.runtime.callsite.CachingCallSite.call(Lorg/jruby/runtime/ThreadContext;Lorg/jruby/runtime/builtin/IRubyObject;Lorg/jruby/runtime/builtin/IRubyObject;Lorg/jruby/runtime/builtin/IRubyObject;)Lorg/jruby/runtime/builtin/IRubyObject;+38
j  Makefile.block_6$RUBY$__file__(LMakefile;Lorg/jruby/runtime/ThreadContext;Lorg/jruby/runtime/builtin/IRubyObject;[Lorg/jruby/runtime/builtin/IRubyObject;Lorg/jruby/runtime/Block;)Lorg/jruby/runtime/builtin/IRubyObject;+46
j  Makefile$block_6$RUBY$__file__.call(Lorg/jruby/runtime/ThreadContext;Lorg/jruby/runtime/builtin/IRubyObject;[Lorg/jruby/runtime/builtin/IRubyObject;Lorg/jruby/runtime/Block;)Lorg/jruby/runtime/builtin/IRubyObject;+9
j  org.jruby.runtime.CompiledBlock19.yield(Lorg/jruby/runtime/ThreadContext;Lorg/jruby/runtime/builtin/IRubyObject;Lorg/jruby/runtime/Binding;Lorg/jruby/runtime/Block$Type;)Lorg/jruby/runtime/builtin/IRubyObject;+52
j  org.jruby.runtime.Block.yield(Lorg/jruby/runtime/ThreadContext;Lorg/jruby/runtime/builtin/IRubyObject;)Lorg/jruby/runtime/builtin/IRubyObject;+14
j  org.jruby.RubyArray.eachCommon(Lorg/jruby/runtime/ThreadContext;Lorg/jruby/runtime/Block;)Lorg/jruby/runtime/builtin/IRubyObject;+41
j  org.jruby.RubyArray.each(Lorg/jruby/runtime/ThreadContext;Lorg/jruby/runtime/Block;)Lorg/jruby/runtime/builtin/IRubyObject;+10
j  org.jruby.RubyArray$INVOKER$i$0$0$each.call(Lorg/jruby/runtime/ThreadContext;Lorg/jruby/runtime/builtin/IRubyObject;Lorg/jruby/RubyModule;Ljava/lang/String;Lorg/jruby/runtime/Block;)Lorg/jruby/runtime/builtin/IRubyObject;+7
j  org.jruby.runtime.callsite.CachingCallSite.cacheAndCall(Lorg/jruby/runtime/builtin/IRubyObject;Lorg/jruby/RubyClass;Lorg/jruby/runtime/Block;Lorg/jruby/runtime/ThreadContext;Lorg/jruby/runtime/builtin/IRubyObject;)Lorg/jruby/runtime/builtin/IRubyObject;+57
j  org.jruby.runtime.callsite.CachingCallSite.callBlock(Lorg/jruby/runtime/ThreadContext;Lorg/jruby/runtime/builtin/IRubyObject;Lorg/jruby/runtime/builtin/IRubyObject;Lorg/jruby/runtime/Block;)Lorg/jruby/runtime/builtin/IRubyObject;+50
j  org.jruby.runtime.callsite.CachingCallSite.callIter(Lorg/jruby/runtime/ThreadContext;Lorg/jruby/runtime/builtin/IRubyObject;Lorg/jruby/runtime/builtin/IRubyObject;Lorg/jruby/runtime/Block;)Lorg/jruby/runtime/builtin/IRubyObject;+6
j  Makefile.__file__(LMakefile;Lorg/jruby/runtime/ThreadContext;Lorg/jruby/runtime/builtin/IRubyObject;[Lorg/jruby/runtime/builtin/IRubyObject;Lorg/jruby/runtime/Block;)Lorg/jruby/runtime/builtin/IRubyObject;+859
j  Makefile.load(Lorg/jruby/runtime/ThreadContext;Lorg/jruby/runtime/builtin/IRubyObject;Z)Lorg/jruby/runtime/builtin/IRubyObject;+22
j  org.jruby.Ruby.runScript(Lorg/jruby/ast/executable/Script;Z)Lorg/jruby/runtime/builtin/IRubyObject;+12
j  org.jruby.Ruby.runScript(Lorg/jruby/ast/executable/Script;)Lorg/jruby/runtime/builtin/IRubyObject;+3
j  org.jruby.Ruby.runNormally(Lorg/jruby/ast/Node;)Lorg/jruby/runtime/builtin/IRubyObject;+73
j  org.jruby.Ruby.runFromMain(Ljava/io/InputStream;Ljava/lang/String;)V+320
j  org.jruby.Main.doRunFromMain(Lorg/jruby/Ruby;Ljava/io/InputStream;Ljava/lang/String;)Lorg/jruby/Main$Status;+12
j  org.jruby.Main.internalRun()Lorg/jruby/Main$Status;+234
j  org.jruby.Main.run([Ljava/lang/String;)Lorg/jruby/Main$Status;+9
j  org.jruby.Main.main([Ljava/lang/String;)V+35
v  ~StubRoutines::call_stub

---------------  P R O C E S S  ---------------

Java Threads: ( => current thread )
  0x00007fefb8332000 JavaThread "JRubyJIT-2" daemon [_thread_blocked, id=2244, stack(0x00007fefa209c000,0x00007fefa229d000)]
  0x00007fefb832d000 JavaThread "process reaper" daemon [_thread_blocked, id=2176, stack(0x00007fefb0027000,0x00007fefb0060000)]
  0x00007fefb83ab000 JavaThread "JRubyJIT-1" daemon [_thread_blocked, id=2174, stack(0x00007fefa269f000,0x00007fefa28a0000)]
  0x00007fefb80ad000 JavaThread "Service Thread" daemon [_thread_blocked, id=2172, stack(0x00007fefb0378000,0x00007fefb0579000)]
  0x00007fefb80aa800 JavaThread "C2 CompilerThread1" daemon [_thread_in_native, id=2171, stack(0x00007fefb0579000,0x00007fefb067a000)]
  0x00007fefb80a7800 JavaThread "C2 CompilerThread0" daemon [_thread_in_native, id=2170, stack(0x00007fefb067a000,0x00007fefb077b000)]
  0x00007fefb80a5800 JavaThread "Signal Dispatcher" daemon [_thread_blocked, id=2169, stack(0x00007fefb077b000,0x00007fefb097c000)]
  0x00007fefb8082800 JavaThread "Finalizer" daemon [_thread_blocked, id=2168, stack(0x00007fefb0d76000,0x00007fefb0f77000)]
  0x00007fefb8080800 JavaThread "Reference Handler" daemon [_thread_blocked, id=2167, stack(0x00007fefb0f77000,0x00007fefb1178000)]
=>0x00007fefb800a800 JavaThread "main" [_thread_in_native, id=2161, stack(0x00007fefbc22a000,0x00007fefbc42b000)]

Other Threads:
  0x00007fefb807c800 VMThread [stack: 0x00007fefb1178000,0x00007fefb1279000] [id=2166]
  0x00007fefb80b7800 WatcherThread [stack: 0x00007fefb0277000,0x00007fefb0378000] [id=2173]

VM state:not at safepoint (normal execution)

VM Mutex/Monitor currently owned by a thread: None

Heap
 PSYoungGen      total 17920K, used 11512K [0x00000000f5900000, 0x00000000f7c00000, 0x0000000100000000)
  eden space 15360K, 58% used [0x00000000f5900000,0x00000000f61c4c88,0x00000000f6800000)
  from space 2560K, 98% used [0x00000000f6a80000,0x00000000f6cf9518,0x00000000f6d00000)
  to   space 2560K, 0% used [0x00000000f6800000,0x00000000f6800000,0x00000000f6a80000)
 ParOldGen       total 39936K, used 7769K [0x00000000e0c00000, 0x00000000e3300000, 0x00000000f5900000)
  object space 39936K, 19% used [0x00000000e0c00000,0x00000000e1396598,0x00000000e3300000)
 PSPermGen       total 25600K, used 25469K [0x00000000d6600000, 0x00000000d7f00000, 0x00000000e0c00000)
  object space 25600K, 99% used [0x00000000d6600000,0x00000000d7edf4c0,0x00000000d7f00000)

Card table byte_map: [0x00007fefb402e000,0x00007fefb417c000] byte_map_base: 0x00007fefb397b000

Polling page: 0x00007fefbe838000

Code Cache  [0x00007fefb417c000, 0x00007fefb43ec000, 0x00007fefb717c000)
 total_blobs=931 nmethods=452 adapters=433 free_code_cache=47579Kb largest_free_block=48679232

Compilation events (10 events):
Event: 9,163 Thread 0x00007fefb80a7800  464             org.jruby.internal.runtime.methods.CallConfiguration$3::post (5 bytes)
Event: 9,163 Thread 0x00007fefb80aa800  465             org.jruby.runtime.callsite.CachingCallSite::call (62 bytes)
Event: 9,166 Thread 0x00007fefb80a7800 nmethod 464 0x00007fefb42513d0 code [0x00007fefb4251540, 0x00007fefb4251768]
Event: 9,166 Thread 0x00007fefb80a7800  466             org.jruby.ast.executable.AbstractScript::getCallSite1 (10 bytes)
Event: 9,167 Thread 0x00007fefb80a7800 nmethod 466 0x00007fefb4300e50 code [0x00007fefb4300fa0, 0x00007fefb4301038]
Event: 9,167 Thread 0x00007fefb80a7800  467             org.jruby.ast.executable.AbstractScript::getCallSite3 (10 bytes)
Event: 9,168 Thread 0x00007fefb80a7800 nmethod 467 0x00007fefb4300b90 code [0x00007fefb4300ce0, 0x00007fefb4300d78]
Event: 9,168 Thread 0x00007fefb80a7800  468             org.jruby.ast.executable.AbstractScript::getCallSite4 (10 bytes)
Event: 9,168 Thread 0x00007fefb80a7800 nmethod 468 0x00007fefb43008d0 code [0x00007fefb4300a20, 0x00007fefb4300ab8]
Event: 9,168 Thread 0x00007fefb80a7800  469             org.jruby.ast.FCallThreeArgNode::interpret (47 bytes)

GC Heap History (8 events):
Event: 5,055 GC heap before
{Heap before GC invocations=1 (full 0):
 PSYoungGen      total 17920K, used 15360K [0x00000000f5900000, 0x00000000f6d00000, 0x0000000100000000)
  eden space 15360K, 100% used [0x00000000f5900000,0x00000000f6800000,0x00000000f6800000)
  from space 2560K, 0% used [0x00000000f6a80000,0x00000000f6a80000,0x00000000f6d00000)
  to   space 2560K, 0% used [0x00000000f6800000,0x00000000f6800000,0x00000000f6a80000)
 ParOldGen       total 39936K, used 0K [0x00000000e0c00000, 0x00000000e3300000, 0x00000000f5900000)
  object space 39936K, 0% used [0x00000000e0c00000,0x00000000e0c00000,0x00000000e3300000)
 PSPermGen       total 21504K, used 19066K [0x00000000d6600000, 0x00000000d7b00000, 0x00000000e0c00000)
  object space 21504K, 88% used [0x00000000d6600000,0x00000000d789eba0,0x00000000d7b00000)
Event: 5,069 GC heap after
Heap after GC invocations=1 (full 0):
 PSYoungGen      total 17920K, used 2533K [0x00000000f5900000, 0x00000000f6d00000, 0x0000000100000000)
  eden space 15360K, 0% used [0x00000000f5900000,0x00000000f5900000,0x00000000f6800000)
  from space 2560K, 98% used [0x00000000f6800000,0x00000000f6a794c8,0x00000000f6a80000)
  to   space 2560K, 0% used [0x00000000f6a80000,0x00000000f6a80000,0x00000000f6d00000)
 ParOldGen       total 39936K, used 3324K [0x00000000e0c00000, 0x00000000e3300000, 0x00000000f5900000)
  object space 39936K, 8% used [0x00000000e0c00000,0x00000000e0f3f0e0,0x00000000e3300000)
 PSPermGen       total 21504K, used 19066K [0x00000000d6600000, 0x00000000d7b00000, 0x00000000e0c00000)
  object space 21504K, 88% used [0x00000000d6600000,0x00000000d789eba0,0x00000000d7b00000)
}
Event: 7,584 GC heap before
{Heap before GC invocations=2 (full 0):
 PSYoungGen      total 17920K, used 17893K [0x00000000f5900000, 0x00000000f6d00000, 0x0000000100000000)
  eden space 15360K, 100% used [0x00000000f5900000,0x00000000f6800000,0x00000000f6800000)
  from space 2560K, 98% used [0x00000000f6800000,0x00000000f6a794c8,0x00000000f6a80000)
  to   space 2560K, 0% used [0x00000000f6a80000,0x00000000f6a80000,0x00000000f6d00000)
 ParOldGen       total 39936K, used 3324K [0x00000000e0c00000, 0x00000000e3300000, 0x00000000f5900000)
  object space 39936K, 8% used [0x00000000e0c00000,0x00000000e0f3f0e0,0x00000000e3300000)
 PSPermGen       total 23552K, used 23549K [0x00000000d6600000, 0x00000000d7d00000, 0x00000000e0c00000)
  object space 23552K, 99% used [0x00000000d6600000,0x00000000d7cff4d8,0x00000000d7d00000)
Event: 7,600 GC heap after
Heap after GC invocations=2 (full 0):
 PSYoungGen      total 17920K, used 2549K [0x00000000f5900000, 0x00000000f6d00000, 0x0000000100000000)
  eden space 15360K, 0% used [0x00000000f5900000,0x00000000f5900000,0x00000000f6800000)
  from space 2560K, 99% used [0x00000000f6a80000,0x00000000f6cfd528,0x00000000f6d00000)
  to   space 2560K, 0% used [0x00000000f6800000,0x00000000f6800000,0x00000000f6a80000)
 ParOldGen       total 39936K, used 5245K [0x00000000e0c00000, 0x00000000e3300000, 0x00000000f5900000)
  object space 39936K, 13% used [0x00000000e0c00000,0x00000000e111f418,0x00000000e3300000)
 PSPermGen       total 23552K, used 23549K [0x00000000d6600000, 0x00000000d7d00000, 0x00000000e0c00000)
  object space 23552K, 99% used [0x00000000d6600000,0x00000000d7cff4d8,0x00000000d7d00000)
}
Event: 9,053 GC heap before
{Heap before GC invocations=3 (full 0):
 PSYoungGen      total 17920K, used 17909K [0x00000000f5900000, 0x00000000f6d00000, 0x0000000100000000)
  eden space 15360K, 100% used [0x00000000f5900000,0x00000000f6800000,0x00000000f6800000)
  from space 2560K, 99% used [0x00000000f6a80000,0x00000000f6cfd528,0x00000000f6d00000)
  to   space 2560K, 0% used [0x00000000f6800000,0x00000000f6800000,0x00000000f6a80000)
 ParOldGen       total 39936K, used 5245K [0x00000000e0c00000, 0x00000000e3300000, 0x00000000f5900000)
  object space 39936K, 13% used [0x00000000e0c00000,0x00000000e111f418,0x00000000e3300000)
 PSPermGen       total 25600K, used 25468K [0x00000000d6600000, 0x00000000d7f00000, 0x00000000e0c00000)
  object space 25600K, 99% used [0x00000000d6600000,0x00000000d7edf058,0x00000000d7f00000)
Event: 9,071 GC heap after
Heap after GC invocations=3 (full 0):
 PSYoungGen      total 17920K, used 2549K [0x00000000f5900000, 0x00000000f6d00000, 0x0000000100000000)
  eden space 15360K, 0% used [0x00000000f5900000,0x00000000f5900000,0x00000000f6800000)
  from space 2560K, 99% used [0x00000000f6800000,0x00000000f6a7d528,0x00000000f6a80000)
  to   space 2560K, 0% used [0x00000000f6a80000,0x00000000f6a80000,0x00000000f6d00000)
 ParOldGen       total 39936K, used 7697K [0x00000000e0c00000, 0x00000000e3300000, 0x00000000f5900000)
  object space 39936K, 19% used [0x00000000e0c00000,0x00000000e1384598,0x00000000e3300000)
 PSPermGen       total 25600K, used 25468K [0x00000000d6600000, 0x00000000d7f00000, 0x00000000e0c00000)
  object space 25600K, 99% used [0x00000000d6600000,0x00000000d7edf058,0x00000000d7f00000)
}
Event: 9,201 GC heap before
{Heap before GC invocations=4 (full 0):
 PSYoungGen      total 17920K, used 17909K [0x00000000f5900000, 0x00000000f6d00000, 0x0000000100000000)
  eden space 15360K, 100% used [0x00000000f5900000,0x00000000f6800000,0x00000000f6800000)
  from space 2560K, 99% used [0x00000000f6800000,0x00000000f6a7d528,0x00000000f6a80000)
  to   space 2560K, 0% used [0x00000000f6a80000,0x00000000f6a80000,0x00000000f6d00000)
 ParOldGen       total 39936K, used 7697K [0x00000000e0c00000, 0x00000000e3300000, 0x00000000f5900000)
  object space 39936K, 19% used [0x00000000e0c00000,0x00000000e1384598,0x00000000e3300000)
 PSPermGen       total 25600K, used 25469K [0x00000000d6600000, 0x00000000d7f00000, 0x00000000e0c00000)
  object space 25600K, 99% used [0x00000000d6600000,0x00000000d7edf4c0,0x00000000d7f00000)
Event: 9,213 GC heap after
Heap after GC invocations=4 (full 0):
 PSYoungGen      total 17920K, used 2533K [0x00000000f5900000, 0x00000000f7c00000, 0x0000000100000000)
  eden space 15360K, 0% used [0x00000000f5900000,0x00000000f5900000,0x00000000f6800000)
  from space 2560K, 98% used [0x00000000f6a80000,0x00000000f6cf9518,0x00000000f6d00000)
  to   space 2560K, 0% used [0x00000000f6800000,0x00000000f6800000,0x00000000f6a80000)
 ParOldGen       total 39936K, used 7769K [0x00000000e0c00000, 0x00000000e3300000, 0x00000000f5900000)
  object space 39936K, 19% used [0x00000000e0c00000,0x00000000e1396598,0x00000000e3300000)
 PSPermGen       total 25600K, used 25469K [0x00000000d6600000, 0x00000000d7f00000, 0x00000000e0c00000)
  object space 25600K, 99% used [0x00000000d6600000,0x00000000d7edf4c0,0x00000000d7f00000)
}

Deoptimization events (10 events):
Event: 8,759 Thread 0x00007fefb800a800 Uncommon trap: reason=class_check action=maybe_recompile pc=0x00007fefb4267244 method=org.joni.Matcher.searchInterruptible(III)I @ 810
Event: 8,827 Thread 0x00007fefb800a800 Uncommon trap: reason=bimorphic action=maybe_recompile pc=0x00007fefb4239fc8 method=org.jruby.runtime.scope.OneVarDynamicScope.getValue(II)Lorg/jruby/runtime/builtin/IRubyObject; @ 12
Event: 8,827 Thread 0x00007fefb800a800 Uncommon trap: reason=bimorphic action=maybe_recompile pc=0x00007fefb4239fc8 method=org.jruby.runtime.scope.OneVarDynamicScope.getValue(II)Lorg/jruby/runtime/builtin/IRubyObject; @ 12
Event: 8,827 Thread 0x00007fefb800a800 Uncommon trap: reason=bimorphic action=maybe_recompile pc=0x00007fefb4239fc8 method=org.jruby.runtime.scope.OneVarDynamicScope.getValue(II)Lorg/jruby/runtime/builtin/IRubyObject; @ 12
Event: 8,827 Thread 0x00007fefb800a800 Uncommon trap: reason=bimorphic action=maybe_recompile pc=0x00007fefb4239fc8 method=org.jruby.runtime.scope.OneVarDynamicScope.getValue(II)Lorg/jruby/runtime/builtin/IRubyObject; @ 12
Event: 8,858 Thread 0x00007fefb800a800 Uncommon trap: reason=class_check action=maybe_recompile pc=0x00007fefb42d29b8 method=org.jruby.RubyArray.compare(Lorg/jruby/runtime/ThreadContext;Lorg/jruby/runtime/invokedynamic/MethodNames;Lorg/jruby/runtime/builtin/IRubyObject;)Lorg/jruby/RubyBoolean;
Event: 8,858 Thread 0x00007fefb800a800 Uncommon trap: reason=class_check action=maybe_recompile pc=0x00007fefb42d29b8 method=org.jruby.RubyArray.compare(Lorg/jruby/runtime/ThreadContext;Lorg/jruby/runtime/invokedynamic/MethodNames;Lorg/jruby/runtime/builtin/IRubyObject;)Lorg/jruby/RubyBoolean;
Event: 8,858 Thread 0x00007fefb800a800 Uncommon trap: reason=class_check action=maybe_recompile pc=0x00007fefb42d29b8 method=org.jruby.RubyArray.compare(Lorg/jruby/runtime/ThreadContext;Lorg/jruby/runtime/invokedynamic/MethodNames;Lorg/jruby/runtime/builtin/IRubyObject;)Lorg/jruby/RubyBoolean;
Event: 8,858 Thread 0x00007fefb800a800 Uncommon trap: reason=class_check action=maybe_recompile pc=0x00007fefb42d29b8 method=org.jruby.RubyArray.compare(Lorg/jruby/runtime/ThreadContext;Lorg/jruby/runtime/invokedynamic/MethodNames;Lorg/jruby/runtime/builtin/IRubyObject;)Lorg/jruby/RubyBoolean;
Event: 9,114 Thread 0x00007fefb800a800 Uncommon trap: reason=unreached action=reinterpret pc=0x00007fefb4303cd0 method=java.util.HashSet.add(Ljava/lang/Object;)Z @ 11

Internal exceptions (10 events):
Event: 8,710 Thread 0x00007fefb8332000 Threw 0x00000000f602bf10 at /build/buildd/openjdk-7-7u51-2.4.4/build/openjdk/hotspot/src/share/vm/prims/jvm.cpp:1244
Event: 8,710 Thread 0x00007fefb8332000 Threw 0x00000000f602cfb0 at /build/buildd/openjdk-7-7u51-2.4.4/build/openjdk/hotspot/src/share/vm/prims/jvm.cpp:1244
Event: 8,750 Thread 0x00007fefb8332000 Threw 0x00000000f622b530 at /build/buildd/openjdk-7-7u51-2.4.4/build/openjdk/hotspot/src/share/vm/prims/jvm.cpp:1244
Event: 8,750 Thread 0x00007fefb83ab000 Threw 0x00000000f6065fc8 at /build/buildd/openjdk-7-7u51-2.4.4/build/openjdk/hotspot/src/share/vm/prims/jvm.cpp:1244
Event: 8,750 Thread 0x00007fefb8332000 Threw 0x00000000f622c630 at /build/buildd/openjdk-7-7u51-2.4.4/build/openjdk/hotspot/src/share/vm/prims/jvm.cpp:1244
Event: 8,750 Thread 0x00007fefb83ab000 Threw 0x00000000f60670c8 at /build/buildd/openjdk-7-7u51-2.4.4/build/openjdk/hotspot/src/share/vm/prims/jvm.cpp:1244
Event: 8,755 Thread 0x00007fefb83ab000 Threw 0x00000000f6281830 at /build/buildd/openjdk-7-7u51-2.4.4/build/openjdk/hotspot/src/share/vm/prims/jvm.cpp:1244
Event: 8,755 Thread 0x00007fefb83ab000 Threw 0x00000000f62829d8 at /build/buildd/openjdk-7-7u51-2.4.4/build/openjdk/hotspot/src/share/vm/prims/jvm.cpp:1244
Event: 8,865 Thread 0x00007fefb8332000 Threw 0x00000000f626c650 at /build/buildd/openjdk-7-7u51-2.4.4/build/openjdk/hotspot/src/share/vm/prims/jvm.cpp:1244
Event: 8,866 Thread 0x00007fefb8332000 Threw 0x00000000f626d8f0 at /build/buildd/openjdk-7-7u51-2.4.4/build/openjdk/hotspot/src/share/vm/prims/jvm.cpp:1244

Events (10 events):
Event: 8,865 loading class 0x00007fef6c0018e0
Event: 8,865 loading class 0x00007fef6c0018e0 done
Event: 9,053 Executing VM operation: ParallelGCFailedAllocation
Event: 9,071 Executing VM operation: ParallelGCFailedAllocation done
Event: 9,076 Thread 0x00007fefb80aa800 flushing nmethod 0x00007fefb424d4d0
Event: 9,114 Thread 0x00007fefb800a800 Uncommon trap: trap_request=0xffffffad fr.pc=0x00007fefb4303cd0
Event: 9,114 Thread 0x00007fefb800a800 DEOPT PACKING pc=0x00007fefb4303cd0 sp=0x00007fefbc426bc0
Event: 9,114 Thread 0x00007fefb800a800 DEOPT UNPACKING pc=0x00007fefb41b5045 sp=0x00007fefbc426b78 mode 2
Event: 9,201 Executing VM operation: ParallelGCFailedAllocation
Event: 9,213 Executing VM operation: ParallelGCFailedAllocation done


Dynamic libraries:
00400000-00401000 r-xp 00000000 08:05 12322450                           /usr/lib/jvm/java-7-openjdk-amd64/jre/bin/java
00600000-00601000 r--p 00000000 08:05 12322450                           /usr/lib/jvm/java-7-openjdk-amd64/jre/bin/java
00601000-00602000 rw-p 00001000 08:05 12322450                           /usr/lib/jvm/java-7-openjdk-amd64/jre/bin/java
01c88000-01ca9000 rw-p 00000000 00:00 0                                  [heap]
d6600000-d7f00000 rw-p 00000000 00:00 0 
d7f00000-e0c00000 rw-p 00000000 00:00 0 
e0c00000-e3300000 rw-p 00000000 00:00 0 
e3300000-f5900000 rw-p 00000000 00:00 0 
f5900000-f7c00000 rw-p 00000000 00:00 0 
f7c00000-100000000 rw-p 00000000 00:00 0 
7fef64000000-7fef64021000 rw-p 00000000 00:00 0 
7fef64021000-7fef68000000 ---p 00000000 00:00 0 
7fef6c000000-7fef6c021000 rw-p 00000000 00:00 0 
7fef6c021000-7fef70000000 ---p 00000000 00:00 0 
7fef70000000-7fef70021000 rw-p 00000000 00:00 0 
7fef70021000-7fef74000000 ---p 00000000 00:00 0 
7fef74000000-7fef74097000 rw-p 00000000 00:00 0 
7fef74097000-7fef78000000 ---p 00000000 00:00 0 
7fef78000000-7fef78021000 rw-p 00000000 00:00 0 
7fef78021000-7fef7c000000 ---p 00000000 00:00 0 
7fef7c000000-7fef7c021000 rw-p 00000000 00:00 0 
7fef7c021000-7fef80000000 ---p 00000000 00:00 0 
7fef80000000-7fef80021000 rw-p 00000000 00:00 0 
7fef80021000-7fef84000000 ---p 00000000 00:00 0 
7fef84000000-7fef84dc6000 rw-p 00000000 00:00 0 
7fef84dc6000-7fef88000000 ---p 00000000 00:00 0 
7fef88000000-7fef88dc7000 rw-p 00000000 00:00 0 
7fef88dc7000-7fef8c000000 ---p 00000000 00:00 0 
7fef8c000000-7fef8c021000 rw-p 00000000 00:00 0 
7fef8c021000-7fef90000000 ---p 00000000 00:00 0 
7fef90000000-7fef90021000 rw-p 00000000 00:00 0 
7fef90021000-7fef94000000 ---p 00000000 00:00 0 
7fef94000000-7fef94021000 rw-p 00000000 00:00 0 
7fef94021000-7fef98000000 ---p 00000000 00:00 0 
7fef98000000-7fef98021000 rw-p 00000000 00:00 0 
7fef98021000-7fef9c000000 ---p 00000000 00:00 0 
7fef9c000000-7fef9c021000 rw-p 00000000 00:00 0 
7fef9c021000-7fefa0000000 ---p 00000000 00:00 0 
7fefa1a94000-7fefa1a96000 r-xp 00000000 08:05 16777738                   /home/luis/practica01/src/lib/libconvex_hull.so
7fefa1a96000-7fefa1c95000 ---p 00002000 08:05 16777738                   /home/luis/practica01/src/lib/libconvex_hull.so
7fefa1c95000-7fefa1c96000 r--p 00001000 08:05 16777738                   /home/luis/practica01/src/lib/libconvex_hull.so
7fefa1c96000-7fefa1c97000 rw-p 00002000 08:05 16777738                   /home/luis/practica01/src/lib/libconvex_hull.so
7fefa1c97000-7fefa1c99000 r-xp 00000000 08:05 16777737                   /home/luis/practica01/src/lib/libdouble_linked_list.so
7fefa1c99000-7fefa1e98000 ---p 00002000 08:05 16777737                   /home/luis/practica01/src/lib/libdouble_linked_list.so
7fefa1e98000-7fefa1e99000 r--p 00001000 08:05 16777737                   /home/luis/practica01/src/lib/libdouble_linked_list.so
7fefa1e99000-7fefa1e9a000 rw-p 00002000 08:05 16777737                   /home/luis/practica01/src/lib/libdouble_linked_list.so
7fefa1e9a000-7fefa1e9b000 r-xp 00000000 08:05 16777736                   /home/luis/practica01/src/lib/lib2d_points.so
7fefa1e9b000-7fefa209a000 ---p 00001000 08:05 16777736                   /home/luis/practica01/src/lib/lib2d_points.so
7fefa209a000-7fefa209b000 r--p 00000000 08:05 16777736                   /home/luis/practica01/src/lib/lib2d_points.so
7fefa209b000-7fefa209c000 rw-p 00001000 08:05 16777736                   /home/luis/practica01/src/lib/lib2d_points.so
7fefa209c000-7fefa209f000 ---p 00000000 00:00 0 
7fefa209f000-7fefa229d000 rw-p 00000000 00:00 0                          [stack:2244]
7fefa229d000-7fefa22a0000 ---p 00000000 00:00 0 
7fefa22a0000-7fefa249e000 rw-p 00000000 00:00 0 
7fefa249e000-7fefa24a1000 ---p 00000000 00:00 0 
7fefa24a1000-7fefa269f000 rw-p 00000000 00:00 0 
7fefa269f000-7fefa26a2000 ---p 00000000 00:00 0 
7fefa26a2000-7fefa28a0000 rw-p 00000000 00:00 0                          [stack:2174]
7fefa28a0000-7fefa28b2000 r-xp 00000000 08:05 16253453                   /home/luis/.rbenv/versions/jruby-1.7.10/lib/jni/x86_64-Linux/libjffi-1.2.so
7fefa28b2000-7fefa2ab1000 ---p 00012000 08:05 16253453                   /home/luis/.rbenv/versions/jruby-1.7.10/lib/jni/x86_64-Linux/libjffi-1.2.so
7fefa2ab1000-7fefa2ab2000 rw-p 00011000 08:05 16253453                   /home/luis/.rbenv/versions/jruby-1.7.10/lib/jni/x86_64-Linux/libjffi-1.2.so
7fefa2ab2000-7fefa2ac2000 r-xp 00000000 08:05 12322344                   /usr/lib/jvm/java-7-openjdk-amd64/jre/lib/amd64/libnio.so
7fefa2ac2000-7fefa2cc2000 ---p 00010000 08:05 12322344                   /usr/lib/jvm/java-7-openjdk-amd64/jre/lib/amd64/libnio.so
7fefa2cc2000-7fefa2cc3000 r--p 00010000 08:05 12322344                   /usr/lib/jvm/java-7-openjdk-amd64/jre/lib/amd64/libnio.so
7fefa2cc3000-7fefa2cc4000 rw-p 00011000 08:05 12322344                   /usr/lib/jvm/java-7-openjdk-amd64/jre/lib/amd64/libnio.so
7fefa2cc4000-7fefa2d01000 r-xp 00000000 08:05 9834371                    /lib/x86_64-linux-gnu/libpcre.so.3.13.1
7fefa2d01000-7fefa2f01000 ---p 0003d000 08:05 9834371                    /lib/x86_64-linux-gnu/libpcre.so.3.13.1
7fefa2f01000-7fefa2f02000 r--p 0003d000 08:05 9834371                    /lib/x86_64-linux-gnu/libpcre.so.3.13.1
7fefa2f02000-7fefa2f03000 rw-p 0003e000 08:05 9834371                    /lib/x86_64-linux-gnu/libpcre.so.3.13.1
7fefa2f03000-7fefa2f0a000 r-xp 00000000 08:05 12196946                   /usr/lib/x86_64-linux-gnu/libffi.so.6.0.1
7fefa2f0a000-7fefa3109000 ---p 00007000 08:05 12196946                   /usr/lib/x86_64-linux-gnu/libffi.so.6.0.1
7fefa3109000-7fefa310a000 r--p 00006000 08:05 12196946                   /usr/lib/x86_64-linux-gnu/libffi.so.6.0.1
7fefa310a000-7fefa310b000 rw-p 00007000 08:05 12196946                   /usr/lib/x86_64-linux-gnu/libffi.so.6.0.1
7fefa310b000-7fefa3121000 r-xp 00000000 08:05 9834394                    /lib/x86_64-linux-gnu/libresolv-2.17.so
7fefa3121000-7fefa3321000 ---p 00016000 08:05 9834394                    /lib/x86_64-linux-gnu/libresolv-2.17.so
7fefa3321000-7fefa3322000 r--p 00016000 08:05 9834394                    /lib/x86_64-linux-gnu/libresolv-2.17.so
7fefa3322000-7fefa3323000 rw-p 00017000 08:05 9834394                    /lib/x86_64-linux-gnu/libresolv-2.17.so
7fefa3323000-7fefa3325000 rw-p 00000000 00:00 0 
7fefa3325000-7fefa3344000 r-xp 00000000 08:05 9834398                    /lib/x86_64-linux-gnu/libselinux.so.1
7fefa3344000-7fefa3544000 ---p 0001f000 08:05 9834398                    /lib/x86_64-linux-gnu/libselinux.so.1
7fefa3544000-7fefa3545000 r--p 0001f000 08:05 9834398                    /lib/x86_64-linux-gnu/libselinux.so.1
7fefa3545000-7fefa3546000 rw-p 00020000 08:05 9834398                    /lib/x86_64-linux-gnu/libselinux.so.1
7fefa3546000-7fefa3547000 rw-p 00000000 00:00 0 
7fefa3547000-7fefa354a000 r-xp 00000000 08:05 12190134                   /usr/lib/x86_64-linux-gnu/libgmodule-2.0.so.0.3800.1
7fefa354a000-7fefa3749000 ---p 00003000 08:05 12190134                   /usr/lib/x86_64-linux-gnu/libgmodule-2.0.so.0.3800.1
7fefa3749000-7fefa374a000 r--p 00002000 08:05 12190134                   /usr/lib/x86_64-linux-gnu/libgmodule-2.0.so.0.3800.1
7fefa374a000-7fefa374b000 rw-p 00003000 08:05 12190134                   /usr/lib/x86_64-linux-gnu/libgmodule-2.0.so.0.3800.1
7fefa374b000-7fefa3849000 r-xp 00000000 08:05 9834386                    /lib/x86_64-linux-gnu/libglib-2.0.so.0.3800.1
7fefa3849000-7fefa3a49000 ---p 000fe000 08:05 9834386                    /lib/x86_64-linux-gnu/libglib-2.0.so.0.3800.1
7fefa3a49000-7fefa3a4a000 r--p 000fe000 08:05 9834386                    /lib/x86_64-linux-gnu/libglib-2.0.so.0.3800.1
7fefa3a4a000-7fefa3a4b000 rw-p 000ff000 08:05 9834386                    /lib/x86_64-linux-gnu/libglib-2.0.so.0.3800.1
7fefa3a4b000-7fefa3a4c000 rw-p 00000000 00:00 0 
7fefa3a4c000-7fefa3a9b000 r-xp 00000000 08:05 12190125                   /usr/lib/x86_64-linux-gnu/libgobject-2.0.so.0.3800.1
7fefa3a9b000-7fefa3c9b000 ---p 0004f000 08:05 12190125                   /usr/lib/x86_64-linux-gnu/libgobject-2.0.so.0.3800.1
7fefa3c9b000-7fefa3c9c000 r--p 0004f000 08:05 12190125                   /usr/lib/x86_64-linux-gnu/libgobject-2.0.so.0.3800.1
7fefa3c9c000-7fefa3c9d000 rw-p 00050000 08:05 12190125                   /usr/lib/x86_64-linux-gnu/libgobject-2.0.so.0.3800.1
7fefa3c9d000-7fefa3df9000 r-xp 00000000 08:05 12190099                   /usr/lib/x86_64-linux-gnu/libgio-2.0.so.0.3800.1
7fefa3df9000-7fefa3ff8000 ---p 0015c000 08:05 12190099                   /usr/lib/x86_64-linux-gnu/libgio-2.0.so.0.3800.1
7fefa3ff8000-7fefa3ffc000 r--p 0015b000 08:05 12190099                   /usr/lib/x86_64-linux-gnu/libgio-2.0.so.0.3800.1
7fefa3ffc000-7fefa3ffe000 rw-p 0015f000 08:05 12190099                   /usr/lib/x86_64-linux-gnu/libgio-2.0.so.0.3800.1
7fefa3ffe000-7fefa4000000 rw-p 00000000 00:00 0 
7fefa4000000-7fefa4021000 rw-p 00000000 00:00 0 
7fefa4021000-7fefa8000000 ---p 00000000 00:00 0 
7fefa8000000-7fefa8021000 rw-p 00000000 00:00 0 
7fefa8021000-7fefac000000 ---p 00000000 00:00 0 
7fefac000000-7fefac021000 rw-p 00000000 00:00 0 
7fefac021000-7fefb0000000 ---p 00000000 00:00 0 
7fefb0027000-7fefb002a000 ---p 00000000 00:00 0 
7fefb002a000-7fefb0060000 rw-p 00000000 00:00 0                          [stack:2176]
7fefb0060000-7fefb0076000 r-xp 00000000 08:05 12322132                   /usr/lib/jvm/java-7-openjdk-amd64/jre/lib/amd64/libnet.so
7fefb0076000-7fefb0275000 ---p 00016000 08:05 12322132                   /usr/lib/jvm/java-7-openjdk-amd64/jre/lib/amd64/libnet.so
7fefb0275000-7fefb0276000 r--p 00015000 08:05 12322132                   /usr/lib/jvm/java-7-openjdk-amd64/jre/lib/amd64/libnet.so
7fefb0276000-7fefb0277000 rw-p 00016000 08:05 12322132                   /usr/lib/jvm/java-7-openjdk-amd64/jre/lib/amd64/libnet.so
7fefb0277000-7fefb0278000 ---p 00000000 00:00 0 
7fefb0278000-7fefb0378000 rw-p 00000000 00:00 0                          [stack:2173]
7fefb0378000-7fefb037b000 ---p 00000000 00:00 0 
7fefb037b000-7fefb0579000 rw-p 00000000 00:00 0                          [stack:2172]
7fefb0579000-7fefb057c000 ---p 00000000 00:00 0 
7fefb057c000-7fefb067a000 rw-p 00000000 00:00 0                          [stack:2171]
7fefb067a000-7fefb067d000 ---p 00000000 00:00 0 
7fefb067d000-7fefb077b000 rw-p 00000000 00:00 0                          [stack:2170]
7fefb077b000-7fefb077e000 ---p 00000000 00:00 0 
7fefb077e000-7fefb097c000 rw-p 00000000 00:00 0                          [stack:2169]
7fefb097c000-7fefb0d76000 r--p 00000000 08:05 12195384                   /usr/lib/locale/locale-archive
7fefb0d76000-7fefb0d79000 ---p 00000000 00:00 0 
7fefb0d79000-7fefb0f77000 rw-p 00000000 00:00 0                          [stack:2168]
7fefb0f77000-7fefb0f7a000 ---p 00000000 00:00 0 
7fefb0f7a000-7fefb1178000 rw-p 00000000 00:00 0                          [stack:2167]
7fefb1178000-7fefb1179000 ---p 00000000 00:00 0 
7fefb1179000-7fefb2235000 rw-p 00000000 00:00 0                          [stack:2166]
7fefb2235000-7fefb231e000 r--s 00bb9000 08:05 16253440                   /home/luis/.rbenv/versions/jruby-1.7.10/lib/jruby.jar
7fefb231e000-7fefb2366000 rw-p 00000000 00:00 0 
7fefb2366000-7fefb2514000 r--s 01cf4000 08:05 12322430                   /usr/lib/jvm/java-7-openjdk-amd64/jre/lib/rt.jar
7fefb2514000-7fefb3c2a000 rw-p 00000000 00:00 0 
7fefb3c2a000-7fefb3c2b000 ---p 00000000 00:00 0 
7fefb3c2b000-7fefb3d2b000 rw-p 00000000 00:00 0                          [stack:2165]
7fefb3d2b000-7fefb3d2c000 ---p 00000000 00:00 0 
7fefb3d2c000-7fefb3e2c000 rw-p 00000000 00:00 0                          [stack:2164]
7fefb3e2c000-7fefb3e2d000 ---p 00000000 00:00 0 
7fefb3e2d000-7fefb3f2d000 rw-p 00000000 00:00 0                          [stack:2163]
7fefb3f2d000-7fefb3f2e000 ---p 00000000 00:00 0 
7fefb3f2e000-7fefb403b000 rw-p 00000000 00:00 0                          [stack:2162]
7fefb403b000-7fefb4081000 rw-p 00000000 00:00 0 
7fefb4081000-7fefb4095000 rw-p 00000000 00:00 0 
7fefb4095000-7fefb4127000 rw-p 00000000 00:00 0 
7fefb4127000-7fefb4139000 rw-p 00000000 00:00 0 
7fefb4139000-7fefb417b000 rw-p 00000000 00:00 0 
7fefb417b000-7fefb417c000 rw-p 00000000 00:00 0 
7fefb417c000-7fefb43ec000 rwxp 00000000 00:00 0 
7fefb43ec000-7fefb717c000 rw-p 00000000 00:00 0 
7fefb717c000-7fefb7184000 r-xp 00000000 08:05 12322081                   /usr/lib/jvm/java-7-openjdk-amd64/jre/lib/amd64/libzip.so
7fefb7184000-7fefb7383000 ---p 00008000 08:05 12322081                   /usr/lib/jvm/java-7-openjdk-amd64/jre/lib/amd64/libzip.so
7fefb7383000-7fefb7384000 r--p 00007000 08:05 12322081                   /usr/lib/jvm/java-7-openjdk-amd64/jre/lib/amd64/libzip.so
7fefb7384000-7fefb7385000 rw-p 00008000 08:05 12322081                   /usr/lib/jvm/java-7-openjdk-amd64/jre/lib/amd64/libzip.so
7fefb7385000-7fefb7391000 r-xp 00000000 08:05 9834349                    /lib/x86_64-linux-gnu/libnss_files-2.17.so
7fefb7391000-7fefb7590000 ---p 0000c000 08:05 9834349                    /lib/x86_64-linux-gnu/libnss_files-2.17.so
7fefb7590000-7fefb7591000 r--p 0000b000 08:05 9834349                    /lib/x86_64-linux-gnu/libnss_files-2.17.so
7fefb7591000-7fefb7592000 rw-p 0000c000 08:05 9834349                    /lib/x86_64-linux-gnu/libnss_files-2.17.so
7fefb7592000-7fefb759d000 r-xp 00000000 08:05 9834353                    /lib/x86_64-linux-gnu/libnss_nis-2.17.so
7fefb759d000-7fefb779c000 ---p 0000b000 08:05 9834353                    /lib/x86_64-linux-gnu/libnss_nis-2.17.so
7fefb779c000-7fefb779d000 r--p 0000a000 08:05 9834353                    /lib/x86_64-linux-gnu/libnss_nis-2.17.so
7fefb779d000-7fefb779e000 rw-p 0000b000 08:05 9834353                    /lib/x86_64-linux-gnu/libnss_nis-2.17.so
7fefb779e000-7fefb77b5000 r-xp 00000000 08:05 9834343                    /lib/x86_64-linux-gnu/libnsl-2.17.so
7fefb77b5000-7fefb79b4000 ---p 00017000 08:05 9834343                    /lib/x86_64-linux-gnu/libnsl-2.17.so
7fefb79b4000-7fefb79b5000 r--p 00016000 08:05 9834343                    /lib/x86_64-linux-gnu/libnsl-2.17.so
7fefb79b5000-7fefb79b6000 rw-p 00017000 08:05 9834343                    /lib/x86_64-linux-gnu/libnsl-2.17.so
7fefb79b6000-7fefb79b8000 rw-p 00000000 00:00 0 
7fefb79b8000-7fefb79c0000 r-xp 00000000 08:05 9834345                    /lib/x86_64-linux-gnu/libnss_compat-2.17.so
7fefb79c0000-7fefb7bbf000 ---p 00008000 08:05 9834345                    /lib/x86_64-linux-gnu/libnss_compat-2.17.so
7fefb7bbf000-7fefb7bc0000 r--p 00007000 08:05 9834345                    /lib/x86_64-linux-gnu/libnss_compat-2.17.so
7fefb7bc0000-7fefb7bc1000 rw-p 00008000 08:05 9834345                    /lib/x86_64-linux-gnu/libnss_compat-2.17.so
7fefb7bc1000-7fefb7bec000 r-xp 00000000 08:05 12322007                   /usr/lib/jvm/java-7-openjdk-amd64/jre/lib/amd64/libjava.so
7fefb7bec000-7fefb7deb000 ---p 0002b000 08:05 12322007                   /usr/lib/jvm/java-7-openjdk-amd64/jre/lib/amd64/libjava.so
7fefb7deb000-7fefb7dec000 r--p 0002a000 08:05 12322007                   /usr/lib/jvm/java-7-openjdk-amd64/jre/lib/amd64/libjava.so
7fefb7dec000-7fefb7dee000 rw-p 0002b000 08:05 12322007                   /usr/lib/jvm/java-7-openjdk-amd64/jre/lib/amd64/libjava.so
7fefb7dee000-7fefb7dfe000 r-xp 00000000 08:05 12322321                   /usr/lib/jvm/java-7-openjdk-amd64/jre/lib/amd64/libverify.so
7fefb7dfe000-7fefb7ffd000 ---p 00010000 08:05 12322321                   /usr/lib/jvm/java-7-openjdk-amd64/jre/lib/amd64/libverify.so
7fefb7ffd000-7fefb7fff000 r--p 0000f000 08:05 12322321                   /usr/lib/jvm/java-7-openjdk-amd64/jre/lib/amd64/libverify.so
7fefb7fff000-7fefb8000000 rw-p 00011000 08:05 12322321                   /usr/lib/jvm/java-7-openjdk-amd64/jre/lib/amd64/libverify.so
7fefb8000000-7fefb841e000 rw-p 00000000 00:00 0 
7fefb841e000-7fefbc000000 ---p 00000000 00:00 0 
7fefbc001000-7fefbc022000 rw-p 00000000 00:00 0 
7fefbc022000-7fefbc029000 r-xp 00000000 08:05 9834396                    /lib/x86_64-linux-gnu/librt-2.17.so
7fefbc029000-7fefbc228000 ---p 00007000 08:05 9834396                    /lib/x86_64-linux-gnu/librt-2.17.so
7fefbc228000-7fefbc229000 r--p 00006000 08:05 9834396                    /lib/x86_64-linux-gnu/librt-2.17.so
7fefbc229000-7fefbc22a000 rw-p 00007000 08:05 9834396                    /lib/x86_64-linux-gnu/librt-2.17.so
7fefbc22a000-7fefbc22d000 ---p 00000000 00:00 0 
7fefbc22d000-7fefbc42b000 rw-p 00000000 00:00 0                          [stack:2161]
7fefbc42b000-7fefbc440000 r-xp 00000000 08:05 9830413                    /lib/x86_64-linux-gnu/libgcc_s.so.1
7fefbc440000-7fefbc63f000 ---p 00015000 08:05 9830413                    /lib/x86_64-linux-gnu/libgcc_s.so.1
7fefbc63f000-7fefbc640000 r--p 00014000 08:05 9830413                    /lib/x86_64-linux-gnu/libgcc_s.so.1
7fefbc640000-7fefbc641000 rw-p 00015000 08:05 9830413                    /lib/x86_64-linux-gnu/libgcc_s.so.1
7fefbc641000-7fefbc744000 r-xp 00000000 08:05 9834324                    /lib/x86_64-linux-gnu/libm-2.17.so
7fefbc744000-7fefbc943000 ---p 00103000 08:05 9834324                    /lib/x86_64-linux-gnu/libm-2.17.so
7fefbc943000-7fefbc944000 r--p 00102000 08:05 9834324                    /lib/x86_64-linux-gnu/libm-2.17.so
7fefbc944000-7fefbc945000 rw-p 00103000 08:05 9834324                    /lib/x86_64-linux-gnu/libm-2.17.so
7fefbc945000-7fefbca2b000 r-xp 00000000 08:05 12190887                   /usr/lib/x86_64-linux-gnu/libstdc++.so.6.0.18
7fefbca2b000-7fefbcc2a000 ---p 000e6000 08:05 12190887                   /usr/lib/x86_64-linux-gnu/libstdc++.so.6.0.18
7fefbcc2a000-7fefbcc32000 r--p 000e5000 08:05 12190887                   /usr/lib/x86_64-linux-gnu/libstdc++.so.6.0.18
7fefbcc32000-7fefbcc34000 rw-p 000ed000 08:05 12190887                   /usr/lib/x86_64-linux-gnu/libstdc++.so.6.0.18
7fefbcc34000-7fefbcc49000 rw-p 00000000 00:00 0 
7fefbcc49000-7fefbd728000 r-xp 00000000 08:05 12322340                   /usr/lib/jvm/java-7-openjdk-amd64/jre/lib/amd64/server/libjvm.so
7fefbd728000-7fefbd927000 ---p 00adf000 08:05 12322340                   /usr/lib/jvm/java-7-openjdk-amd64/jre/lib/amd64/server/libjvm.so
7fefbd927000-7fefbd9b9000 r--p 00ade000 08:05 12322340                   /usr/lib/jvm/java-7-openjdk-amd64/jre/lib/amd64/server/libjvm.so
7fefbd9b9000-7fefbd9dc000 rw-p 00b70000 08:05 12322340                   /usr/lib/jvm/java-7-openjdk-amd64/jre/lib/amd64/server/libjvm.so
7fefbd9dc000-7fefbda09000 rw-p 00000000 00:00 0 
7fefbda09000-7fefbda21000 r-xp 00000000 08:05 9834431                    /lib/x86_64-linux-gnu/libz.so.1.2.8
7fefbda21000-7fefbdc20000 ---p 00018000 08:05 9834431                    /lib/x86_64-linux-gnu/libz.so.1.2.8
7fefbdc20000-7fefbdc21000 r--p 00017000 08:05 9834431                    /lib/x86_64-linux-gnu/libz.so.1.2.8
7fefbdc21000-7fefbdc22000 rw-p 00018000 08:05 9834431                    /lib/x86_64-linux-gnu/libz.so.1.2.8
7fefbdc22000-7fefbdc39000 r-xp 00000000 08:05 9834388                    /lib/x86_64-linux-gnu/libpthread-2.17.so
7fefbdc39000-7fefbde39000 ---p 00017000 08:05 9834388                    /lib/x86_64-linux-gnu/libpthread-2.17.so
7fefbde39000-7fefbde3a000 r--p 00017000 08:05 9834388                    /lib/x86_64-linux-gnu/libpthread-2.17.so
7fefbde3a000-7fefbde3b000 rw-p 00018000 08:05 9834388                    /lib/x86_64-linux-gnu/libpthread-2.17.so
7fefbde3b000-7fefbde3f000 rw-p 00000000 00:00 0 
7fefbde3f000-7fefbde42000 r-xp 00000000 08:05 9834288                    /lib/x86_64-linux-gnu/libdl-2.17.so
7fefbde42000-7fefbe041000 ---p 00003000 08:05 9834288                    /lib/x86_64-linux-gnu/libdl-2.17.so
7fefbe041000-7fefbe042000 r--p 00002000 08:05 9834288                    /lib/x86_64-linux-gnu/libdl-2.17.so
7fefbe042000-7fefbe043000 rw-p 00003000 08:05 9834288                    /lib/x86_64-linux-gnu/libdl-2.17.so
7fefbe043000-7fefbe200000 r-xp 00000000 08:05 9834273                    /lib/x86_64-linux-gnu/libc-2.17.so
7fefbe200000-7fefbe400000 ---p 001bd000 08:05 9834273                    /lib/x86_64-linux-gnu/libc-2.17.so
7fefbe400000-7fefbe404000 r--p 001bd000 08:05 9834273                    /lib/x86_64-linux-gnu/libc-2.17.so
7fefbe404000-7fefbe406000 rw-p 001c1000 08:05 9834273                    /lib/x86_64-linux-gnu/libc-2.17.so
7fefbe406000-7fefbe40b000 rw-p 00000000 00:00 0 
7fefbe40b000-7fefbe418000 r-xp 00000000 08:05 12322347                   /usr/lib/jvm/java-7-openjdk-amd64/jre/lib/amd64/jli/libjli.so
7fefbe418000-7fefbe617000 ---p 0000d000 08:05 12322347                   /usr/lib/jvm/java-7-openjdk-amd64/jre/lib/amd64/jli/libjli.so
7fefbe617000-7fefbe618000 r--p 0000c000 08:05 12322347                   /usr/lib/jvm/java-7-openjdk-amd64/jre/lib/amd64/jli/libjli.so
7fefbe618000-7fefbe619000 rw-p 0000d000 08:05 12322347                   /usr/lib/jvm/java-7-openjdk-amd64/jre/lib/amd64/jli/libjli.so
7fefbe619000-7fefbe63c000 r-xp 00000000 08:05 9834249                    /lib/x86_64-linux-gnu/ld-2.17.so
7fefbe641000-7fefbe642000 rw-p 00000000 00:00 0 
7fefbe642000-7fefbe643000 r-xp 00000000 00:00 0 
7fefbe643000-7fefbe64a000 r--s 00000000 08:05 12588976                   /usr/lib/x86_64-linux-gnu/gconv/gconv-modules.cache
7fefbe64a000-7fefbe64f000 r--s 0004c000 08:05 12322352                   /usr/lib/jvm/java-7-openjdk-amd64/jre/lib/jsse.jar
7fefbe64f000-7fefbe652000 r--s 00032000 08:05 12322366                   /usr/lib/jvm/java-7-openjdk-amd64/jre/lib/ext/sunjce_provider.jar
7fefbe652000-7fefbe655000 r--s 0000f000 08:05 12322362                   /usr/lib/jvm/java-7-openjdk-amd64/jre/lib/ext/pulse-java.jar
7fefbe655000-7fefbe670000 rw-p 00000000 00:00 0 
7fefbe670000-7fefbe6b6000 rw-p 00000000 00:00 0 
7fefbe6b6000-7fefbe6ca000 rw-p 00000000 00:00 0 
7fefbe6ca000-7fefbe75d000 rw-p 00000000 00:00 0 
7fefbe75d000-7fefbe767000 rw-p 00000000 00:00 0 
7fefbe767000-7fefbe81d000 rw-p 00000000 00:00 0 
7fefbe81d000-7fefbe822000 rw-p 00000000 00:00 0 
7fefbe822000-7fefbe824000 r--s 00006000 08:05 12717881                   /usr/share/java/java-atk-wrapper.jar
7fefbe824000-7fefbe828000 r--s 00085000 08:05 12322360                   /usr/lib/jvm/java-7-openjdk-amd64/jre/lib/ext/localedata.jar
7fefbe828000-7fefbe82c000 r--s 0003b000 08:05 12322372                   /usr/lib/jvm/java-7-openjdk-amd64/jre/lib/ext/sunpkcs11.jar
7fefbe82c000-7fefbe82d000 r--s 00002000 08:05 12322370                   /usr/lib/jvm/java-7-openjdk-amd64/jre/lib/ext/dnsns.jar
7fefbe82d000-7fefbe82f000 r--s 00012000 08:05 12322364                   /usr/lib/jvm/java-7-openjdk-amd64/jre/lib/ext/zipfs.jar
7fefbe82f000-7fefbe837000 rw-s 00000000 08:05 7340052                    /tmp/hsperfdata_luis/2136
7fefbe837000-7fefbe838000 rw-p 00000000 00:00 0 
7fefbe838000-7fefbe839000 r--p 00000000 00:00 0 
7fefbe839000-7fefbe83b000 rw-p 00000000 00:00 0 
7fefbe83b000-7fefbe83c000 r--p 00022000 08:05 9834249                    /lib/x86_64-linux-gnu/ld-2.17.so
7fefbe83c000-7fefbe83e000 rw-p 00023000 08:05 9834249                    /lib/x86_64-linux-gnu/ld-2.17.so
7fff26ad8000-7fff26af9000 rw-p 00000000 00:00 0                          [stack]
7fff26be3000-7fff26be5000 r-xp 00000000 00:00 0                          [vdso]
ffffffffff600000-ffffffffff601000 r-xp 00000000 00:00 0                  [vsyscall]
ffffffffff600000-ffffffffff601000 r-xp 00000000 00:00 0                  [vsyscall]

VM Arguments:
jvm_args: -Djdk.home= -Djruby.home=/home/luis/.rbenv/versions/jruby-1.7.10 -Djruby.script=jruby -Djruby.shell=/bin/sh -Djffi.boot.library.path=/home/luis/.rbenv/versions/jruby-1.7.10/lib/jni:/home/luis/.rbenv/versions/jruby-1.7.10/lib/jni/arm-Linux:/home/luis/.rbenv/versions/jruby-1.7.10/lib/jni/x86_64-Linux:/home/luis/.rbenv/versions/jruby-1.7.10/lib/jni/i386-Linux -Xmx500m -Xss2048k -Xbootclasspath/a:/home/luis/.rbenv/versions/jruby-1.7.10/lib/jruby.jar 
java_command: org/jruby/Main Makefile.rb clean compile test
Launcher Type: SUN_STANDARD

Environment Variables:
PATH=/home/luis/.rbenv/versions/jruby-1.7.10/bin:/home/luis/.rbenv/libexec:/home/luis/.rbenv/plugins/ruby-build/bin:/home/luis/.rbenv/shims:~/.rbenv/bin:~/.rbenv/bin:/usr/local/sbin:/usr/local/bin:/usr/sbin:/usr/bin:/sbin:/bin:/usr/games:/usr/local/games
USERNAME=luis
SHELL=/bin/bash
DISPLAY=:0

Signal Handlers:
SIGSEGV: [libjvm.so+0x916ea0], sa_mask[0]=0x7ffbfeff, sa_flags=0x10000004
SIGBUS: [libjvm.so+0x916ea0], sa_mask[0]=0x7ffbfeff, sa_flags=0x10000004
SIGFPE: [libjvm.so+0x794800], sa_mask[0]=0x7ffbfeff, sa_flags=0x10000004
SIGPIPE: [libjvm.so+0x794800], sa_mask[0]=0x7ffbfeff, sa_flags=0x10000004
SIGXFSZ: [libjvm.so+0x794800], sa_mask[0]=0x7ffbfeff, sa_flags=0x10000004
SIGILL: [libjvm.so+0x794800], sa_mask[0]=0x7ffbfeff, sa_flags=0x10000004
SIGUSR1: SIG_DFL, sa_mask[0]=0x00000000, sa_flags=0x00000000
SIGUSR2: [libjvm.so+0x7946a0], sa_mask[0]=0x00000000, sa_flags=0x10000004
SIGHUP: [libjvm.so+0x794880], sa_mask[0]=0x7ffbfeff, sa_flags=0x10000004
SIGINT: [libjvm.so+0x794880], sa_mask[0]=0x7ffbfeff, sa_flags=0x10000004
SIGTERM: [libjvm.so+0x794880], sa_mask[0]=0x7ffbfeff, sa_flags=0x10000004
SIGQUIT: [libjvm.so+0x794880], sa_mask[0]=0x7ffbfeff, sa_flags=0x10000004


---------------  S Y S T E M  ---------------

OS:LinuxMint 16 (petra)
uname:Linux 3.11.0-12-generic #19-Ubuntu SMP Wed Oct 9 16:20:46 UTC 2013 x86_64
libc:glibc 2.17 NPTL 2.17 
rlimit: STACK 8192k, CORE 0k, NPROC 29806, NOFILE 4096, AS infinity
load average:0,62 0,30 0,11

/proc/meminfo:
MemTotal:        3844532 kB
MemFree:         2920264 kB
Buffers:           51980 kB
Cached:           496356 kB
SwapCached:            0 kB
Active:           418732 kB
Inactive:         399932 kB
Active(anon):     271472 kB
Inactive(anon):    99952 kB
Active(file):     147260 kB
Inactive(file):   299980 kB
Unevictable:           0 kB
Mlocked:               0 kB
SwapTotal:       3987452 kB
SwapFree:        3987452 kB
Dirty:               544 kB
Writeback:             0 kB
AnonPages:        270372 kB
Mapped:            82848 kB
Shmem:            100856 kB
Slab:              45888 kB
SReclaimable:      26508 kB
SUnreclaim:        19380 kB
KernelStack:        2744 kB
PageTables:        13936 kB
NFS_Unstable:          0 kB
Bounce:                0 kB
WritebackTmp:          0 kB
CommitLimit:     5909716 kB
Committed_AS:    1405412 kB
VmallocTotal:   34359738367 kB
VmallocUsed:      348004 kB
VmallocChunk:   34359386120 kB
HardwareCorrupted:     0 kB
AnonHugePages:         0 kB
HugePages_Total:       0
HugePages_Free:        0
HugePages_Rsvd:        0
HugePages_Surp:        0
Hugepagesize:       2048 kB
DirectMap4k:       50420 kB
DirectMap2M:     3938304 kB


CPU:total 4 (2 cores per cpu, 2 threads per core) family 6 model 37 stepping 5, cmov, cx8, fxsr, mmx, sse, sse2, sse3, ssse3, sse4.1, sse4.2, popcnt, ht, tsc, tscinvbit

/proc/cpuinfo:
processor	: 0
vendor_id	: GenuineIntel
cpu family	: 6
model		: 37
model name	: Intel(R) Core(TM) i5 CPU       M 460  @ 2.53GHz
stepping	: 5
microcode	: 0x2
cpu MHz		: 2534.000
cache size	: 3072 KB
physical id	: 0
siblings	: 4
core id		: 0
cpu cores	: 2
apicid		: 0
initial apicid	: 0
fpu		: yes
fpu_exception	: yes
cpuid level	: 11
wp		: yes
flags		: fpu vme de pse tsc msr pae mce cx8 apic sep mtrr pge mca cmov pat pse36 clflush dts acpi mmx fxsr sse sse2 ss ht tm pbe syscall nx rdtscp lm constant_tsc arch_perfmon pebs bts rep_good nopl xtopology nonstop_tsc aperfmperf pni dtes64 monitor ds_cpl vmx est tm2 ssse3 cx16 xtpr pdcm pcid sse4_1 sse4_2 popcnt lahf_lm ida arat dtherm tpr_shadow vnmi flexpriority ept vpid
bogomips	: 5067.02
clflush size	: 64
cache_alignment	: 64
address sizes	: 36 bits physical, 48 bits virtual
power management:

processor	: 1
vendor_id	: GenuineIntel
cpu family	: 6
model		: 37
model name	: Intel(R) Core(TM) i5 CPU       M 460  @ 2.53GHz
stepping	: 5
microcode	: 0x2
cpu MHz		: 2534.000
cache size	: 3072 KB
physical id	: 0
siblings	: 4
core id		: 0
cpu cores	: 2
apicid		: 1
initial apicid	: 1
fpu		: yes
fpu_exception	: yes
cpuid level	: 11
wp		: yes
flags		: fpu vme de pse tsc msr pae mce cx8 apic sep mtrr pge mca cmov pat pse36 clflush dts acpi mmx fxsr sse sse2 ss ht tm pbe syscall nx rdtscp lm constant_tsc arch_perfmon pebs bts rep_good nopl xtopology nonstop_tsc aperfmperf pni dtes64 monitor ds_cpl vmx est tm2 ssse3 cx16 xtpr pdcm pcid sse4_1 sse4_2 popcnt lahf_lm ida arat dtherm tpr_shadow vnmi flexpriority ept vpid
bogomips	: 5067.02
clflush size	: 64
cache_alignment	: 64
address sizes	: 36 bits physical, 48 bits virtual
power management:

processor	: 2
vendor_id	: GenuineIntel
cpu family	: 6
model		: 37
model name	: Intel(R) Core(TM) i5 CPU       M 460  @ 2.53GHz
stepping	: 5
microcode	: 0x2
cpu MHz		: 2534.000
cache size	: 3072 KB
physical id	: 0
siblings	: 4
core id		: 2
cpu cores	: 2
apicid		: 4
initial apicid	: 4
fpu		: yes
fpu_exception	: yes
cpuid level	: 11
wp		: yes
flags		: fpu vme de pse tsc msr pae mce cx8 apic sep mtrr pge mca cmov pat pse36 clflush dts acpi mmx fxsr sse sse2 ss ht tm pbe syscall nx rdtscp lm constant_tsc arch_perfmon pebs bts rep_good nopl xtopology nonstop_tsc aperfmperf pni dtes64 monitor ds_cpl vmx est tm2 ssse3 cx16 xtpr pdcm pcid sse4_1 sse4_2 popcnt lahf_lm ida arat dtherm tpr_shadow vnmi flexpriority ept vpid
bogomips	: 5067.02
clflush size	: 64
cache_alignment	: 64
address sizes	: 36 bits physical, 48 bits virtual
power management:

processor	: 3
vendor_id	: GenuineIntel
cpu family	: 6
model		: 37
model name	: Intel(R) Core(TM) i5 CPU       M 460  @ 2.53GHz
stepping	: 5
microcode	: 0x2
cpu MHz		: 2534.000
cache size	: 3072 KB
physical id	: 0
siblings	: 4
core id		: 2
cpu cores	: 2
apicid		: 5
initial apicid	: 5
fpu		: yes
fpu_exception	: yes
cpuid level	: 11
wp		: yes
flags		: fpu vme de pse tsc msr pae mce cx8 apic sep mtrr pge mca cmov pat pse36 clflush dts acpi mmx fxsr sse sse2 ss ht tm pbe syscall nx rdtscp lm constant_tsc arch_perfmon pebs bts rep_good nopl xtopology nonstop_tsc aperfmperf pni dtes64 monitor ds_cpl vmx est tm2 ssse3 cx16 xtpr pdcm pcid sse4_1 sse4_2 popcnt lahf_lm ida arat dtherm tpr_shadow vnmi flexpriority ept vpid
bogomips	: 5067.02
clflush size	: 64
cache_alignment	: 64
address sizes	: 36 bits physical, 48 bits virtual
power management:



Memory: 4k page, physical 3844532k(2920264k free), swap 3987452k(3987452k free)

vm_info: OpenJDK 64-Bit Server VM (24.45-b08) for linux-amd64 JRE (1.7.0_51-b00), built on Jan 15 2014 22:02:57 by "buildd" with gcc 4.8.1

time: Sun Mar 30 19:55:11 2014
elapsed time: 9 seconds

