#
# A fatal error has been detected by the Java Runtime Environment:
#
#  SIGSEGV (0xb) at pc=0x00007fb95dc6051b, pid=6908, tid=140434430990080
#
# JRE version: OpenJDK Runtime Environment (7.0_51) (build 1.7.0_51-b00)
# Java VM: OpenJDK 64-Bit Server VM (24.45-b08 mixed mode linux-amd64 compressed oops)
# Problematic frame:
# C  [libconvex_hull.so+0x151b]  imprime_lista+0x2e
#
# Failed to write core dump. Core dumps have been disabled. To enable core dumping, try "ulimit -c unlimited" before starting Java again
#
# If you would like to submit a bug report, please include
# instructions on how to reproduce the bug and visit:
#   http://icedtea.classpath.org/bugzilla
# The crash happened outside the Java Virtual Machine in native code.
# See problematic frame for where to report the bug.
#

---------------  T H R E A D  ---------------

Current thread (0x00007fb96c00a800):  JavaThread "main" [_thread_in_native, id=6933, stack(0x00007fb9703f9000,0x00007fb9705fa000)]

siginfo:si_signo=SIGSEGV: si_errno=0, si_code=1 (SEGV_MAPERR), si_addr=0x0000000000000000

Registers:
RAX=0x0000000000000000, RBX=0x00000000d79ca7a0, RCX=0x0000000000000024, RDX=0x0000000000000000
RSP=0x00007fb9705f6e70, RBP=0x00007fb9705f6ea0, RSI=0x0000000000000000, RDI=0x00007fb9705f6940
R8 =0x00007fb9725d26a0, R9 =0x00007fb972260134, R10=0x0000000000000001, R11=0x0000000000000000
R12=0x0000000000000000, R13=0x00000000d79ca7a0, R14=0x00007fb9705f7008, R15=0x00007fb96c00a800
RIP=0x00007fb95dc6051b, EFLAGS=0x0000000000010293, CSGSFS=0x0000000000000033, ERR=0x0000000000000004
  TRAPNO=0x000000000000000e

Top of Stack: (sp=0x00007fb9705f6e70)
0x00007fb9705f6e70:   00007fb96c4bc460 00007fb96c4bc3e0
0x00007fb9705f6e80:   00007fb96c4bc3e0 0000000300000001
0x00007fb9705f6e90:   ffffec8fffffef7b 0000000000000000
0x00007fb9705f6ea0:   00007fb9705f6f20 00007fb95dc6075e
0x00007fb9705f6eb0:   00007fb96830c514 00007fb96c47e600
0x00007fb9705f6ec0:   00000000e127cff8 00000000f790bfd8
0x00007fb9705f6ed0:   00007fb96c4bc340 00007fb96c4bc3e0
0x00007fb9705f6ee0:   00007fb96c4bc3a0 00007fb96c4bc400
0x00007fb9705f6ef0:   00007fb96c4bc360 00007fb96c4bc420
0x00007fb9705f6f00:   00007fb96c4c0c70 00007fb96c4bc440
0x00007fb9705f6f10:   00007fb9705f6f10 00000000d6aa2219
0x00007fb9705f6f20:   00007fb96c4783a0 00007fb95eaabcd9
0x00007fb9705f6f30:   0000000000000000 00000000d79ca7a0
0x00007fb9705f6f40:   00007fb9705f6fc0 00007fb96818e738
0x00007fb9705f6f50:   00007fb9705f6fe0 00007fb968182233
0x00007fb9705f6f60:   00000000e11fae68 00007fb968182233
0x00007fb9705f6f70:   00000000f77c55c8 00000000e127cff8
0x00007fb9705f6f80:   00007fb9705f6f80 0000000000000000
0x00007fb9705f6f90:   00007fb9705f7008 00000000d79d2cc8
0x00007fb9705f6fa0:   0000000000000000 00000000d79ca7a0
0x00007fb9705f6fb0:   0000000000000000 00007fb9705f6fe0
0x00007fb9705f6fc0:   00007fb9705f7050 00007fb968182175
0x00007fb9705f6fd0:   00000000e10ccaa0 00007fb96818acd7
0x00007fb9705f6fe0:   00007fb96c47e600 00000000d7d61418
0x00007fb9705f6ff0:   00007fb95dc6063a 00007fb9705f7010
0x00007fb9705f7000:   00007fb96c4783a0 00007fb968182233
0x00007fb9705f7010:   00007fb9705f7010 00000000d7ac7607
0x00007fb9705f7020:   00007fb9705f7088 00000000d7ad3860
0x00007fb9705f7030:   0000000000000000 00000000d7ac7648
0x00007fb9705f7040:   00007fb9705f6fe0 00007fb9705f7060
0x00007fb9705f7050:   00007fb9705f70d8 00007fb968182175
0x00007fb9705f7060:   00007fb96c47e600 00000000e127d028 

Instructions: (pc=0x00007fb95dc6051b)
0x00007fb95dc604fb:   45 d8 48 8b 00 48 89 45 f8 48 8b 45 d8 8b 40 10
0x00007fb95dc6050b:   89 45 ec c7 45 e8 00 00 00 00 eb 4b 48 8b 45 f8
0x00007fb95dc6051b:   48 8b 00 8b 00 89 45 f0 48 8b 45 f8 48 8b 00 8b
0x00007fb95dc6052b:   40 04 89 45 f4 8b 75 f4 8b 4d f0 8b 55 e8 8b 45 

Register to memory mapping:

RAX=0x0000000000000000 is an unknown value
RBX=0x00000000d79ca7a0 is an oop
{method} 
 - klass: {other class}
RCX=0x0000000000000024 is an unknown value
RDX=0x0000000000000000 is an unknown value
RSP=0x00007fb9705f6e70 is pointing into the stack for thread: 0x00007fb96c00a800
RBP=0x00007fb9705f6ea0 is pointing into the stack for thread: 0x00007fb96c00a800
RSI=0x0000000000000000 is an unknown value
RDI=0x00007fb9705f6940 is pointing into the stack for thread: 0x00007fb96c00a800
R8 =0x00007fb9725d26a0: _IO_file_jumps+0 in /lib/x86_64-linux-gnu/libc.so.6 at 0x00007fb972212000
R9 =0x00007fb972260134: _IO_vfprintf+0x49b4 in /lib/x86_64-linux-gnu/libc.so.6 at 0x00007fb972212000
R10=0x0000000000000001 is an unknown value
R11=0x0000000000000000 is an unknown value
R12=0x0000000000000000 is an unknown value
R13=0x00000000d79ca7a0 is an oop
{method} 
 - klass: {other class}
R14=0x00007fb9705f7008 is pointing into the stack for thread: 0x00007fb96c00a800
R15=0x00007fb96c00a800 is a thread


Stack: [0x00007fb9703f9000,0x00007fb9705fa000],  sp=0x00007fb9705f6e70,  free space=2039k
Native frames: (J=compiled Java code, j=interpreted, Vv=VM code, C=native code)
C  [libconvex_hull.so+0x151b]  imprime_lista+0x2e
C  [libconvex_hull.so+0x175e]  convex_hull+0x124

Java frames: (J=compiled Java code, j=interpreted, Vv=VM code)
j  com.kenai.jffi.Foreign.invokeL1(JJJ)J+0
j  com.kenai.jffi.Invoker.invokeL1(Lcom/kenai/jffi/CallContext;JJ)J+7
j  org.jruby.ext.ffi.jffi.NativeInvoker$ffi$1.call(Lorg/jruby/runtime/ThreadContext;Lorg/jruby/runtime/builtin/IRubyObject;Lorg/jruby/RubyModule;Ljava/lang/String;Lorg/jruby/runtime/builtin/IRubyObject;)Lorg/jruby/runtime/builtin/IRubyObject;+76
j  org.jruby.runtime.callsite.CachingCallSite.cacheAndCall(Lorg/jruby/runtime/builtin/IRubyObject;Lorg/jruby/RubyClass;Lorg/jruby/runtime/ThreadContext;Lorg/jruby/runtime/builtin/IRubyObject;Lorg/jruby/runtime/builtin/IRubyObject;)Lorg/jruby/runtime/builtin/IRubyObject;+57
J  org.jruby.runtime.callsite.CachingCallSite.call(Lorg/jruby/runtime/ThreadContext;Lorg/jruby/runtime/builtin/IRubyObject;Lorg/jruby/runtime/builtin/IRubyObject;Lorg/jruby/runtime/builtin/IRubyObject;)Lorg/jruby/runtime/builtin/IRubyObject;
J  org.jruby.ast.CallOneArgNode.interpret(Lorg/jruby/Ruby;Lorg/jruby/runtime/ThreadContext;Lorg/jruby/runtime/builtin/IRubyObject;Lorg/jruby/runtime/Block;)Lorg/jruby/runtime/builtin/IRubyObject;
j  org.jruby.ast.LocalAsgnNode.interpret(Lorg/jruby/Ruby;Lorg/jruby/runtime/ThreadContext;Lorg/jruby/runtime/builtin/IRubyObject;Lorg/jruby/runtime/Block;)Lorg/jruby/runtime/builtin/IRubyObject;+30
J  org.jruby.ast.BlockNode.interpret(Lorg/jruby/Ruby;Lorg/jruby/runtime/ThreadContext;Lorg/jruby/runtime/builtin/IRubyObject;Lorg/jruby/runtime/Block;)Lorg/jruby/runtime/builtin/IRubyObject;
j  org.jruby.evaluator.ASTInterpreter.INTERPRET_METHOD(Lorg/jruby/Ruby;Lorg/jruby/runtime/ThreadContext;Ljava/lang/String;ILorg/jruby/RubyModule;Lorg/jruby/ast/Node;Ljava/lang/String;Lorg/jruby/runtime/builtin/IRubyObject;Lorg/jruby/runtime/Block;Z)Lorg/jruby/runtime/builtin/IRubyObject;+30
j  org.jruby.internal.runtime.methods.InterpretedMethod.call(Lorg/jruby/runtime/ThreadContext;Lorg/jruby/runtime/builtin/IRubyObject;Lorg/jruby/RubyModule;Ljava/lang/String;)Lorg/jruby/runtime/builtin/IRubyObject;+80
j  org.jruby.internal.runtime.methods.DefaultMethod.call(Lorg/jruby/runtime/ThreadContext;Lorg/jruby/runtime/builtin/IRubyObject;Lorg/jruby/RubyModule;Ljava/lang/String;)Lorg/jruby/runtime/builtin/IRubyObject;+20
j  org.jruby.runtime.callsite.CachingCallSite.cacheAndCall(Lorg/jruby/runtime/builtin/IRubyObject;Lorg/jruby/RubyClass;Lorg/jruby/runtime/ThreadContext;Lorg/jruby/runtime/builtin/IRubyObject;)Lorg/jruby/runtime/builtin/IRubyObject;+53
j  org.jruby.runtime.callsite.CachingCallSite.call(Lorg/jruby/runtime/ThreadContext;Lorg/jruby/runtime/builtin/IRubyObject;Lorg/jruby/runtime/builtin/IRubyObject;)Lorg/jruby/runtime/builtin/IRubyObject;+46
j  org.jruby.ast.CallNoArgNode.interpret(Lorg/jruby/Ruby;Lorg/jruby/runtime/ThreadContext;Lorg/jruby/runtime/builtin/IRubyObject;Lorg/jruby/runtime/Block;)Lorg/jruby/runtime/builtin/IRubyObject;+18
j  org.jruby.ast.FCallTwoArgNode.interpret(Lorg/jruby/Ruby;Lorg/jruby/runtime/ThreadContext;Lorg/jruby/runtime/builtin/IRubyObject;Lorg/jruby/runtime/Block;)Lorg/jruby/runtime/builtin/IRubyObject;+28
J  org.jruby.ast.NewlineNode.interpret(Lorg/jruby/Ruby;Lorg/jruby/runtime/ThreadContext;Lorg/jruby/runtime/builtin/IRubyObject;Lorg/jruby/runtime/Block;)Lorg/jruby/runtime/builtin/IRubyObject;
j  org.jruby.ast.BlockNode.interpret(Lorg/jruby/Ruby;Lorg/jruby/runtime/ThreadContext;Lorg/jruby/runtime/builtin/IRubyObject;Lorg/jruby/runtime/Block;)Lorg/jruby/runtime/builtin/IRubyObject;+33
j  org.jruby.evaluator.ASTInterpreter.INTERPRET_METHOD(Lorg/jruby/Ruby;Lorg/jruby/runtime/ThreadContext;Ljava/lang/String;ILorg/jruby/RubyModule;Lorg/jruby/ast/Node;Ljava/lang/String;Lorg/jruby/runtime/builtin/IRubyObject;Lorg/jruby/runtime/Block;Z)Lorg/jruby/runtime/builtin/IRubyObject;+30
j  org.jruby.internal.runtime.methods.InterpretedMethod.call(Lorg/jruby/runtime/ThreadContext;Lorg/jruby/runtime/builtin/IRubyObject;Lorg/jruby/RubyModule;Ljava/lang/String;)Lorg/jruby/runtime/builtin/IRubyObject;+80
j  org.jruby.internal.runtime.methods.DefaultMethod.call(Lorg/jruby/runtime/ThreadContext;Lorg/jruby/runtime/builtin/IRubyObject;Lorg/jruby/RubyModule;Ljava/lang/String;)Lorg/jruby/runtime/builtin/IRubyObject;+20
j  org.jruby.runtime.callsite.CachingCallSite.cacheAndCall(Lorg/jruby/runtime/builtin/IRubyObject;Lorg/jruby/RubyClass;Lorg/jruby/runtime/ThreadContext;Lorg/jruby/runtime/builtin/IRubyObject;)Lorg/jruby/runtime/builtin/IRubyObject;+53
j  org.jruby.runtime.callsite.CachingCallSite.call(Lorg/jruby/runtime/ThreadContext;Lorg/jruby/runtime/builtin/IRubyObject;Lorg/jruby/runtime/builtin/IRubyObject;)Lorg/jruby/runtime/builtin/IRubyObject;+46
j  Makefile.method__2$RUBY$test(LMakefile;Lorg/jruby/runtime/ThreadContext;Lorg/jruby/runtime/builtin/IRubyObject;Lorg/jruby/runtime/Block;)Lorg/jruby/runtime/builtin/IRubyObject;+130
j  Makefile$method__2$RUBY$test.call(Lorg/jruby/runtime/ThreadContext;Lorg/jruby/runtime/builtin/IRubyObject;Lorg/jruby/RubyModule;Ljava/lang/String;Lorg/jruby/runtime/Block;)Lorg/jruby/runtime/builtin/IRubyObject;+17
j  org.jruby.RubyClass.finvoke(Lorg/jruby/runtime/ThreadContext;Lorg/jruby/runtime/builtin/IRubyObject;Ljava/lang/String;Lorg/jruby/runtime/Block;)Lorg/jruby/runtime/builtin/IRubyObject;+41
j  org.jruby.RubyBasicObject.send19(Lorg/jruby/runtime/ThreadContext;Lorg/jruby/runtime/builtin/IRubyObject;Lorg/jruby/runtime/Block;)Lorg/jruby/runtime/builtin/IRubyObject;+15
j  org.jruby.RubyKernel.send19(Lorg/jruby/runtime/ThreadContext;Lorg/jruby/runtime/builtin/IRubyObject;Lorg/jruby/runtime/builtin/IRubyObject;Lorg/jruby/runtime/Block;)Lorg/jruby/runtime/builtin/IRubyObject;+7
j  org.jruby.RubyKernel$INVOKER$s$send19.call(Lorg/jruby/runtime/ThreadContext;Lorg/jruby/runtime/builtin/IRubyObject;Lorg/jruby/RubyModule;Ljava/lang/String;Lorg/jruby/runtime/builtin/IRubyObject;Lorg/jruby/runtime/Block;)Lorg/jruby/runtime/builtin/IRubyObject;+6
j  org.jruby.internal.runtime.methods.JavaMethod$JavaMethodOneOrNBlock.call(Lorg/jruby/runtime/ThreadContext;Lorg/jruby/runtime/builtin/IRubyObject;Lorg/jruby/RubyModule;Ljava/lang/String;Lorg/jruby/runtime/builtin/IRubyObject;)Lorg/jruby/runtime/builtin/IRubyObject;+11
j  org.jruby.runtime.callsite.CachingCallSite.call(Lorg/jruby/runtime/ThreadContext;Lorg/jruby/runtime/builtin/IRubyObject;Lorg/jruby/runtime/builtin/IRubyObject;Lorg/jruby/runtime/builtin/IRubyObject;)Lorg/jruby/runtime/builtin/IRubyObject;+38
j  Makefile.block_6$RUBY$__file__(LMakefile;Lorg/jruby/runtime/ThreadContext;Lorg/jruby/runtime/builtin/IRubyObject;[Lorg/jruby/runtime/builtin/IRubyObject;Lorg/jruby/runtime/Block;)Lorg/jruby/runtime/builtin/IRubyObject;+46
j  Makefile$block_6$RUBY$__file__.call(Lorg/jruby/runtime/ThreadContext;Lorg/jruby/runtime/builtin/IRubyObject;[Lorg/jruby/runtime/builtin/IRubyObject;Lorg/jruby/runtime/Block;)Lorg/jruby/runtime/builtin/IRubyObject;+9
j  org.jruby.runtime.CompiledBlock19.yield(Lorg/jruby/runtime/ThreadContext;Lorg/jruby/runtime/builtin/IRubyObject;Lorg/jruby/runtime/Binding;Lorg/jruby/runtime/Block$Type;)Lorg/jruby/runtime/builtin/IRubyObject;+52
j  org.jruby.runtime.Block.yield(Lorg/jruby/runtime/ThreadContext;Lorg/jruby/runtime/builtin/IRubyObject;)Lorg/jruby/runtime/builtin/IRubyObject;+14
j  org.jruby.RubyArray.eachCommon(Lorg/jruby/runtime/ThreadContext;Lorg/jruby/runtime/Block;)Lorg/jruby/runtime/builtin/IRubyObject;+41
j  org.jruby.RubyArray.each(Lorg/jruby/runtime/ThreadContext;Lorg/jruby/runtime/Block;)Lorg/jruby/runtime/builtin/IRubyObject;+10
j  org.jruby.RubyArray$INVOKER$i$0$0$each.call(Lorg/jruby/runtime/ThreadContext;Lorg/jruby/runtime/builtin/IRubyObject;Lorg/jruby/RubyModule;Ljava/lang/String;Lorg/jruby/runtime/Block;)Lorg/jruby/runtime/builtin/IRubyObject;+7
j  org.jruby.runtime.callsite.CachingCallSite.cacheAndCall(Lorg/jruby/runtime/builtin/IRubyObject;Lorg/jruby/RubyClass;Lorg/jruby/runtime/Block;Lorg/jruby/runtime/ThreadContext;Lorg/jruby/runtime/builtin/IRubyObject;)Lorg/jruby/runtime/builtin/IRubyObject;+57
j  org.jruby.runtime.callsite.CachingCallSite.callBlock(Lorg/jruby/runtime/ThreadContext;Lorg/jruby/runtime/builtin/IRubyObject;Lorg/jruby/runtime/builtin/IRubyObject;Lorg/jruby/runtime/Block;)Lorg/jruby/runtime/builtin/IRubyObject;+50
j  org.jruby.runtime.callsite.CachingCallSite.callIter(Lorg/jruby/runtime/ThreadContext;Lorg/jruby/runtime/builtin/IRubyObject;Lorg/jruby/runtime/builtin/IRubyObject;Lorg/jruby/runtime/Block;)Lorg/jruby/runtime/builtin/IRubyObject;+6
j  Makefile.__file__(LMakefile;Lorg/jruby/runtime/ThreadContext;Lorg/jruby/runtime/builtin/IRubyObject;[Lorg/jruby/runtime/builtin/IRubyObject;Lorg/jruby/runtime/Block;)Lorg/jruby/runtime/builtin/IRubyObject;+859
j  Makefile.load(Lorg/jruby/runtime/ThreadContext;Lorg/jruby/runtime/builtin/IRubyObject;Z)Lorg/jruby/runtime/builtin/IRubyObject;+22
j  org.jruby.Ruby.runScript(Lorg/jruby/ast/executable/Script;Z)Lorg/jruby/runtime/builtin/IRubyObject;+12
j  org.jruby.Ruby.runScript(Lorg/jruby/ast/executable/Script;)Lorg/jruby/runtime/builtin/IRubyObject;+3
j  org.jruby.Ruby.runNormally(Lorg/jruby/ast/Node;)Lorg/jruby/runtime/builtin/IRubyObject;+73
j  org.jruby.Ruby.runFromMain(Ljava/io/InputStream;Ljava/lang/String;)V+320
j  org.jruby.Main.doRunFromMain(Lorg/jruby/Ruby;Ljava/io/InputStream;Ljava/lang/String;)Lorg/jruby/Main$Status;+12
j  org.jruby.Main.internalRun()Lorg/jruby/Main$Status;+234
j  org.jruby.Main.run([Ljava/lang/String;)Lorg/jruby/Main$Status;+9
j  org.jruby.Main.main([Ljava/lang/String;)V+35
v  ~StubRoutines::call_stub

---------------  P R O C E S S  ---------------

Java Threads: ( => current thread )
  0x00007fb96c493000 JavaThread "JRubyJIT-2" daemon [_thread_blocked, id=7016, stack(0x00007fb95e468000,0x00007fb95e669000)]
  0x00007fb96c491000 JavaThread "process reaper" daemon [_thread_blocked, id=6949, stack(0x00007fb95e86a000,0x00007fb95e8a3000)]
  0x00007fb96c408000 JavaThread "JRubyJIT-1" daemon [_thread_blocked, id=6946, stack(0x00007fb95e8a3000,0x00007fb95eaa4000)]
  0x00007fb96c0ad000 JavaThread "Service Thread" daemon [_thread_blocked, id=6944, stack(0x00007fb964528000,0x00007fb964729000)]
  0x00007fb96c0aa800 JavaThread "C2 CompilerThread1" daemon [_thread_in_native, id=6943, stack(0x00007fb964729000,0x00007fb96482a000)]
  0x00007fb96c0a7800 JavaThread "C2 CompilerThread0" daemon [_thread_in_native, id=6942, stack(0x00007fb96482a000,0x00007fb96492b000)]
  0x00007fb96c0a5800 JavaThread "Signal Dispatcher" daemon [_thread_blocked, id=6941, stack(0x00007fb96492b000,0x00007fb964b2c000)]
  0x00007fb96c082800 JavaThread "Finalizer" daemon [_thread_blocked, id=6940, stack(0x00007fb964f26000,0x00007fb965127000)]
  0x00007fb96c080800 JavaThread "Reference Handler" daemon [_thread_blocked, id=6939, stack(0x00007fb965127000,0x00007fb965328000)]
=>0x00007fb96c00a800 JavaThread "main" [_thread_in_native, id=6933, stack(0x00007fb9703f9000,0x00007fb9705fa000)]

Other Threads:
  0x00007fb96c07c800 VMThread [stack: 0x00007fb965328000,0x00007fb965429000] [id=6938]
  0x00007fb96c0b7800 WatcherThread [stack: 0x00007fb964427000,0x00007fb964528000] [id=6945]

VM state:not at safepoint (normal execution)

VM Mutex/Monitor currently owned by a thread: None

Heap
 PSYoungGen      total 33280K, used 14318K [0x00000000f5900000, 0x00000000f9a00000, 0x0000000100000000)
  eden space 30720K, 38% used [0x00000000f5900000,0x00000000f64823e8,0x00000000f7700000)
  from space 2560K, 98% used [0x00000000f7700000,0x00000000f7979518,0x00000000f7980000)
  to   space 2560K, 0% used [0x00000000f9780000,0x00000000f9780000,0x00000000f9a00000)
 ParOldGen       total 39936K, used 7705K [0x00000000e0c00000, 0x00000000e3300000, 0x00000000f5900000)
  object space 39936K, 19% used [0x00000000e0c00000,0x00000000e1386510,0x00000000e3300000)
 PSPermGen       total 25600K, used 25474K [0x00000000d6600000, 0x00000000d7f00000, 0x00000000e0c00000)
  object space 25600K, 99% used [0x00000000d6600000,0x00000000d7ee09c8,0x00000000d7f00000)

Card table byte_map: [0x00007fb9700a3000,0x00007fb9701f1000] byte_map_base: 0x00007fb96f9f0000

Polling page: 0x00007fb972a07000

Code Cache  [0x00007fb96817c000, 0x00007fb9683ec000, 0x00007fb96b17c000)
 total_blobs=946 nmethods=467 adapters=433 free_code_cache=47342Kb largest_free_block=48440576

Compilation events (10 events):
Event: 3,431 Thread 0x00007fb96c0a7800 nmethod 471 0x00007fb968340fd0 code [0x00007fb968341140, 0x00007fb9683413d8]
Event: 3,431 Thread 0x00007fb96c0a7800  472             org.jruby.runtime.ThreadContext::postMethodFrameOnly (10 bytes)
Event: 3,433 Thread 0x00007fb96c0a7800 nmethod 472 0x00007fb968334bd0 code [0x00007fb968334d40, 0x00007fb968334f48]
Event: 3,433 Thread 0x00007fb96c0a7800  473             org.jruby.ast.executable.AbstractScript::getCallSite1 (10 bytes)
Event: 3,434 Thread 0x00007fb96c0a7800 nmethod 473 0x00007fb968340d10 code [0x00007fb968340e60, 0x00007fb968340ef8]
Event: 3,434 Thread 0x00007fb96c0a7800  474             org.jruby.ast.executable.AbstractScript::getCallSite3 (10 bytes)
Event: 3,434 Thread 0x00007fb96c0a7800 nmethod 474 0x00007fb968344250 code [0x00007fb9683443a0, 0x00007fb968344438]
Event: 3,434 Thread 0x00007fb96c0a7800  475             org.jruby.ast.executable.AbstractScript::getCallSite4 (10 bytes)
Event: 3,435 Thread 0x00007fb96c0a7800 nmethod 475 0x00007fb968343f90 code [0x00007fb9683440e0, 0x00007fb968344178]
Event: 3,435 Thread 0x00007fb96c0a7800  476             org.jruby.ast.FCallThreeArgNode::interpret (47 bytes)

GC Heap History (6 events):
Event: 1,262 GC heap before
{Heap before GC invocations=1 (full 0):
 PSYoungGen      total 17920K, used 15360K [0x00000000f5900000, 0x00000000f6d00000, 0x0000000100000000)
  eden space 15360K, 100% used [0x00000000f5900000,0x00000000f6800000,0x00000000f6800000)
  from space 2560K, 0% used [0x00000000f6a80000,0x00000000f6a80000,0x00000000f6d00000)
  to   space 2560K, 0% used [0x00000000f6800000,0x00000000f6800000,0x00000000f6a80000)
 ParOldGen       total 39936K, used 0K [0x00000000e0c00000, 0x00000000e3300000, 0x00000000f5900000)
  object space 39936K, 0% used [0x00000000e0c00000,0x00000000e0c00000,0x00000000e3300000)
 PSPermGen       total 21504K, used 19066K [0x00000000d6600000, 0x00000000d7b00000, 0x00000000e0c00000)
  object space 21504K, 88% used [0x00000000d6600000,0x00000000d789eba0,0x00000000d7b00000)
Event: 1,277 GC heap after
Heap after GC invocations=1 (full 0):
 PSYoungGen      total 17920K, used 2549K [0x00000000f5900000, 0x00000000f7c00000, 0x0000000100000000)
  eden space 15360K, 0% used [0x00000000f5900000,0x00000000f5900000,0x00000000f6800000)
  from space 2560K, 99% used [0x00000000f6800000,0x00000000f6a7d4d8,0x00000000f6a80000)
  to   space 2560K, 0% used [0x00000000f7980000,0x00000000f7980000,0x00000000f7c00000)
 ParOldGen       total 39936K, used 3275K [0x00000000e0c00000, 0x00000000e3300000, 0x00000000f5900000)
  object space 39936K, 8% used [0x00000000e0c00000,0x00000000e0f32ff8,0x00000000e3300000)
 PSPermGen       total 21504K, used 19066K [0x00000000d6600000, 0x00000000d7b00000, 0x00000000e0c00000)
  object space 21504K, 88% used [0x00000000d6600000,0x00000000d789eba0,0x00000000d7b00000)
}
Event: 2,336 GC heap before
{Heap before GC invocations=2 (full 0):
 PSYoungGen      total 17920K, used 17909K [0x00000000f5900000, 0x00000000f7c00000, 0x0000000100000000)
  eden space 15360K, 100% used [0x00000000f5900000,0x00000000f6800000,0x00000000f6800000)
  from space 2560K, 99% used [0x00000000f6800000,0x00000000f6a7d4d8,0x00000000f6a80000)
  to   space 2560K, 0% used [0x00000000f7980000,0x00000000f7980000,0x00000000f7c00000)
 ParOldGen       total 39936K, used 3275K [0x00000000e0c00000, 0x00000000e3300000, 0x00000000f5900000)
  object space 39936K, 8% used [0x00000000e0c00000,0x00000000e0f32ff8,0x00000000e3300000)
 PSPermGen       total 23552K, used 23551K [0x00000000d6600000, 0x00000000d7d00000, 0x00000000e0c00000)
  object space 23552K, 99% used [0x00000000d6600000,0x00000000d7cffd88,0x00000000d7d00000)
Event: 2,358 GC heap after
Heap after GC invocations=2 (full 0):
 PSYoungGen      total 33280K, used 2549K [0x00000000f5900000, 0x00000000f7c00000, 0x0000000100000000)
  eden space 30720K, 0% used [0x00000000f5900000,0x00000000f5900000,0x00000000f7700000)
  from space 2560K, 99% used [0x00000000f7980000,0x00000000f7bfd528,0x00000000f7c00000)
  to   space 2560K, 0% used [0x00000000f7700000,0x00000000f7700000,0x00000000f7980000)
 ParOldGen       total 39936K, used 5228K [0x00000000e0c00000, 0x00000000e3300000, 0x00000000f5900000)
  object space 39936K, 13% used [0x00000000e0c00000,0x00000000e111b380,0x00000000e3300000)
 PSPermGen       total 23552K, used 23551K [0x00000000d6600000, 0x00000000d7d00000, 0x00000000e0c00000)
  object space 23552K, 99% used [0x00000000d6600000,0x00000000d7cffd88,0x00000000d7d00000)
}
Event: 3,480 GC heap before
{Heap before GC invocations=3 (full 0):
 PSYoungGen      total 33280K, used 33269K [0x00000000f5900000, 0x00000000f7c00000, 0x0000000100000000)
  eden space 30720K, 100% used [0x00000000f5900000,0x00000000f7700000,0x00000000f7700000)
  from space 2560K, 99% used [0x00000000f7980000,0x00000000f7bfd528,0x00000000f7c00000)
  to   space 2560K, 0% used [0x00000000f7700000,0x00000000f7700000,0x00000000f7980000)
 ParOldGen       total 39936K, used 5228K [0x00000000e0c00000, 0x00000000e3300000, 0x00000000f5900000)
  object space 39936K, 13% used [0x00000000e0c00000,0x00000000e111b380,0x00000000e3300000)
 PSPermGen       total 25600K, used 25474K [0x00000000d6600000, 0x00000000d7f00000, 0x00000000e0c00000)
  object space 25600K, 99% used [0x00000000d6600000,0x00000000d7ee0968,0x00000000d7f00000)
Event: 3,496 GC heap after
Heap after GC invocations=3 (full 0):
 PSYoungGen      total 33280K, used 2533K [0x00000000f5900000, 0x00000000f9a00000, 0x0000000100000000)
  eden space 30720K, 0% used [0x00000000f5900000,0x00000000f5900000,0x00000000f7700000)
  from space 2560K, 98% used [0x00000000f7700000,0x00000000f7979518,0x00000000f7980000)
  to   space 2560K, 0% used [0x00000000f9780000,0x00000000f9780000,0x00000000f9a00000)
 ParOldGen       total 39936K, used 7705K [0x00000000e0c00000, 0x00000000e3300000, 0x00000000f5900000)
  object space 39936K, 19% used [0x00000000e0c00000,0x00000000e1386510,0x00000000e3300000)
 PSPermGen       total 25600K, used 25474K [0x00000000d6600000, 0x00000000d7f00000, 0x00000000e0c00000)
  object space 25600K, 99% used [0x00000000d6600000,0x00000000d7ee0968,0x00000000d7f00000)
}

Deoptimization events (10 events):
Event: 2,162 Thread 0x00007fb96c497000 Uncommon trap: reason=null_check action=make_not_entrant pc=0x00007fb9682a922c method=org.jruby.internal.runtime.ThreadService.getCurrentContext()Lorg/jruby/runtime/ThreadContext; @ 15
Event: 2,166 Thread 0x00007fb96c495000 Uncommon trap: reason=null_check action=make_not_entrant pc=0x00007fb9682a922c method=org.jruby.internal.runtime.ThreadService.getCurrentContext()Lorg/jruby/runtime/ThreadContext; @ 15
Event: 2,780 Thread 0x00007fb96c00a800 Uncommon trap: reason=unreached action=reinterpret pc=0x00007fb9682af7b4 method=java.util.concurrent.locks.AbstractQueuedSynchronizer.release(I)Z @ 14
Event: 2,780 Thread 0x00007fb96c408000 Uncommon trap: reason=unreached action=reinterpret pc=0x00007fb968210b8c method=java.util.concurrent.locks.AbstractQueuedSynchronizer.release(I)Z @ 14
Event: 2,801 Thread 0x00007fb96c00a800 Uncommon trap: reason=unreached action=reinterpret pc=0x00007fb9682a29a8 method=org.jruby.parser.ParserSupport.checkExpression(Lorg/jruby/ast/Node;)Z @ 3
Event: 3,121 Thread 0x00007fb96c00a800 Uncommon trap: reason=class_check action=maybe_recompile pc=0x00007fb9682d0af8 method=org.jruby.RubyArray.compare(Lorg/jruby/runtime/ThreadContext;Lorg/jruby/runtime/invokedynamic/MethodNames;Lorg/jruby/runtime/builtin/IRubyObject;)Lorg/jruby/RubyBoolean;
Event: 3,122 Thread 0x00007fb96c00a800 Uncommon trap: reason=class_check action=maybe_recompile pc=0x00007fb9682d0af8 method=org.jruby.RubyArray.compare(Lorg/jruby/runtime/ThreadContext;Lorg/jruby/runtime/invokedynamic/MethodNames;Lorg/jruby/runtime/builtin/IRubyObject;)Lorg/jruby/RubyBoolean;
Event: 3,122 Thread 0x00007fb96c00a800 Uncommon trap: reason=class_check action=maybe_recompile pc=0x00007fb9682d0af8 method=org.jruby.RubyArray.compare(Lorg/jruby/runtime/ThreadContext;Lorg/jruby/runtime/invokedynamic/MethodNames;Lorg/jruby/runtime/builtin/IRubyObject;)Lorg/jruby/RubyBoolean;
Event: 3,122 Thread 0x00007fb96c00a800 Uncommon trap: reason=class_check action=maybe_recompile pc=0x00007fb9682d0af8 method=org.jruby.RubyArray.compare(Lorg/jruby/runtime/ThreadContext;Lorg/jruby/runtime/invokedynamic/MethodNames;Lorg/jruby/runtime/builtin/IRubyObject;)Lorg/jruby/RubyBoolean;
Event: 3,373 Thread 0x00007fb96c00a800 Uncommon trap: reason=unreached action=reinterpret pc=0x00007fb96832f390 method=java.util.HashSet.add(Ljava/lang/Object;)Z @ 11

Internal exceptions (10 events):
Event: 2,932 Thread 0x00007fb96c493000 Threw 0x00000000f628e3d0 at /build/buildd/openjdk-7-7u51-2.4.4/build/openjdk/hotspot/src/share/vm/prims/jvm.cpp:1244
Event: 2,933 Thread 0x00007fb96c493000 Threw 0x00000000f628f470 at /build/buildd/openjdk-7-7u51-2.4.4/build/openjdk/hotspot/src/share/vm/prims/jvm.cpp:1244
Event: 2,985 Thread 0x00007fb96c493000 Threw 0x00000000f64a0100 at /build/buildd/openjdk-7-7u51-2.4.4/build/openjdk/hotspot/src/share/vm/prims/jvm.cpp:1244
Event: 2,985 Thread 0x00007fb96c408000 Threw 0x00000000f62f5c88 at /build/buildd/openjdk-7-7u51-2.4.4/build/openjdk/hotspot/src/share/vm/prims/jvm.cpp:1244
Event: 2,985 Thread 0x00007fb96c408000 Threw 0x00000000f62f6d88 at /build/buildd/openjdk-7-7u51-2.4.4/build/openjdk/hotspot/src/share/vm/prims/jvm.cpp:1244
Event: 2,985 Thread 0x00007fb96c493000 Threw 0x00000000f64a1200 at /build/buildd/openjdk-7-7u51-2.4.4/build/openjdk/hotspot/src/share/vm/prims/jvm.cpp:1244
Event: 2,989 Thread 0x00007fb96c408000 Threw 0x00000000f650fd80 at /build/buildd/openjdk-7-7u51-2.4.4/build/openjdk/hotspot/src/share/vm/prims/jvm.cpp:1244
Event: 2,989 Thread 0x00007fb96c408000 Threw 0x00000000f6510f28 at /build/buildd/openjdk-7-7u51-2.4.4/build/openjdk/hotspot/src/share/vm/prims/jvm.cpp:1244
Event: 3,129 Thread 0x00007fb96c493000 Threw 0x00000000f64ccb00 at /build/buildd/openjdk-7-7u51-2.4.4/build/openjdk/hotspot/src/share/vm/prims/jvm.cpp:1244
Event: 3,129 Thread 0x00007fb96c493000 Threw 0x00000000f64cdda0 at /build/buildd/openjdk-7-7u51-2.4.4/build/openjdk/hotspot/src/share/vm/prims/jvm.cpp:1244

Events (10 events):
Event: 3,122 Thread 0x00007fb96c00a800 Uncommon trap: trap_request=0xffffffde fr.pc=0x00007fb9682d0af8
Event: 3,122 Thread 0x00007fb96c00a800 DEOPT PACKING pc=0x00007fb9682d0af8 sp=0x00007fb9705f6e70
Event: 3,122 Thread 0x00007fb96c00a800 DEOPT UNPACKING pc=0x00007fb9681b5045 sp=0x00007fb9705f6e48 mode 2
Event: 3,129 loading class 0x00007fb9240015d0
Event: 3,129 loading class 0x00007fb9240015d0 done
Event: 3,373 Thread 0x00007fb96c00a800 Uncommon trap: trap_request=0xffffffad fr.pc=0x00007fb96832f390
Event: 3,373 Thread 0x00007fb96c00a800 DEOPT PACKING pc=0x00007fb96832f390 sp=0x00007fb9705f5b60
Event: 3,373 Thread 0x00007fb96c00a800 DEOPT UNPACKING pc=0x00007fb9681b5045 sp=0x00007fb9705f5b18 mode 2
Event: 3,479 Executing VM operation: ParallelGCFailedAllocation
Event: 3,496 Executing VM operation: ParallelGCFailedAllocation done


Dynamic libraries:
00400000-00401000 r-xp 00000000 08:05 12322450                           /usr/lib/jvm/java-7-openjdk-amd64/jre/bin/java
00600000-00601000 r--p 00000000 08:05 12322450                           /usr/lib/jvm/java-7-openjdk-amd64/jre/bin/java
00601000-00602000 rw-p 00001000 08:05 12322450                           /usr/lib/jvm/java-7-openjdk-amd64/jre/bin/java
01614000-01635000 rw-p 00000000 00:00 0                                  [heap]
d6600000-d7f00000 rw-p 00000000 00:00 0 
d7f00000-e0c00000 rw-p 00000000 00:00 0 
e0c00000-e3300000 rw-p 00000000 00:00 0 
e3300000-f5900000 rw-p 00000000 00:00 0 
f5900000-f9a00000 rw-p 00000000 00:00 0 
f9a00000-100000000 rw-p 00000000 00:00 0 
7fb918000000-7fb918021000 rw-p 00000000 00:00 0 
7fb918021000-7fb91c000000 ---p 00000000 00:00 0 
7fb91c000000-7fb91c021000 rw-p 00000000 00:00 0 
7fb91c021000-7fb920000000 ---p 00000000 00:00 0 
7fb920000000-7fb920021000 rw-p 00000000 00:00 0 
7fb920021000-7fb924000000 ---p 00000000 00:00 0 
7fb924000000-7fb924021000 rw-p 00000000 00:00 0 
7fb924021000-7fb928000000 ---p 00000000 00:00 0 
7fb928000000-7fb928021000 rw-p 00000000 00:00 0 
7fb928021000-7fb92c000000 ---p 00000000 00:00 0 
7fb92c000000-7fb92c027000 rw-p 00000000 00:00 0 
7fb92c027000-7fb930000000 ---p 00000000 00:00 0 
7fb930000000-7fb930d8d000 rw-p 00000000 00:00 0 
7fb930d8d000-7fb934000000 ---p 00000000 00:00 0 
7fb934000000-7fb934021000 rw-p 00000000 00:00 0 
7fb934021000-7fb938000000 ---p 00000000 00:00 0 
7fb938000000-7fb938021000 rw-p 00000000 00:00 0 
7fb938021000-7fb93c000000 ---p 00000000 00:00 0 
7fb93c000000-7fb93cd76000 rw-p 00000000 00:00 0 
7fb93cd76000-7fb940000000 ---p 00000000 00:00 0 
7fb940000000-7fb940021000 rw-p 00000000 00:00 0 
7fb940021000-7fb944000000 ---p 00000000 00:00 0 
7fb944000000-7fb944021000 rw-p 00000000 00:00 0 
7fb944021000-7fb948000000 ---p 00000000 00:00 0 
7fb948000000-7fb948021000 rw-p 00000000 00:00 0 
7fb948021000-7fb94c000000 ---p 00000000 00:00 0 
7fb94c000000-7fb94c021000 rw-p 00000000 00:00 0 
7fb94c021000-7fb950000000 ---p 00000000 00:00 0 
7fb950000000-7fb950021000 rw-p 00000000 00:00 0 
7fb950021000-7fb954000000 ---p 00000000 00:00 0 
7fb958000000-7fb958021000 rw-p 00000000 00:00 0 
7fb958021000-7fb95c000000 ---p 00000000 00:00 0 
7fb95dc5f000-7fb95dc61000 r-xp 00000000 08:05 16778162                   /home/luis/practica01/src/lib/libconvex_hull.so
7fb95dc61000-7fb95de60000 ---p 00002000 08:05 16778162                   /home/luis/practica01/src/lib/libconvex_hull.so
7fb95de60000-7fb95de61000 r--p 00001000 08:05 16778162                   /home/luis/practica01/src/lib/libconvex_hull.so
7fb95de61000-7fb95de62000 rw-p 00002000 08:05 16778162                   /home/luis/practica01/src/lib/libconvex_hull.so
7fb95de62000-7fb95de64000 r-xp 00000000 08:05 16777925                   /home/luis/practica01/src/lib/libdouble_linked_list.so
7fb95de64000-7fb95e063000 ---p 00002000 08:05 16777925                   /home/luis/practica01/src/lib/libdouble_linked_list.so
7fb95e063000-7fb95e064000 r--p 00001000 08:05 16777925                   /home/luis/practica01/src/lib/libdouble_linked_list.so
7fb95e064000-7fb95e065000 rw-p 00002000 08:05 16777925                   /home/luis/practica01/src/lib/libdouble_linked_list.so
7fb95e065000-7fb95e066000 r-xp 00000000 08:05 16777919                   /home/luis/practica01/src/lib/lib2d_points.so
7fb95e066000-7fb95e265000 ---p 00001000 08:05 16777919                   /home/luis/practica01/src/lib/lib2d_points.so
7fb95e265000-7fb95e266000 r--p 00000000 08:05 16777919                   /home/luis/practica01/src/lib/lib2d_points.so
7fb95e266000-7fb95e267000 rw-p 00001000 08:05 16777919                   /home/luis/practica01/src/lib/lib2d_points.so
7fb95e267000-7fb95e26a000 ---p 00000000 00:00 0 
7fb95e26a000-7fb95e468000 rw-p 00000000 00:00 0 
7fb95e468000-7fb95e46b000 ---p 00000000 00:00 0 
7fb95e46b000-7fb95e669000 rw-p 00000000 00:00 0                          [stack:7016]
7fb95e669000-7fb95e66c000 ---p 00000000 00:00 0 
7fb95e66c000-7fb95e86a000 rw-p 00000000 00:00 0 
7fb95e86a000-7fb95e86d000 ---p 00000000 00:00 0 
7fb95e86d000-7fb95e8a3000 rw-p 00000000 00:00 0                          [stack:6949]
7fb95e8a3000-7fb95e8a6000 ---p 00000000 00:00 0 
7fb95e8a6000-7fb95eaa4000 rw-p 00000000 00:00 0                          [stack:6946]
7fb95eaa4000-7fb95eab6000 r-xp 00000000 08:05 16253453                   /home/luis/.rbenv/versions/jruby-1.7.10/lib/jni/x86_64-Linux/libjffi-1.2.so
7fb95eab6000-7fb95ecb5000 ---p 00012000 08:05 16253453                   /home/luis/.rbenv/versions/jruby-1.7.10/lib/jni/x86_64-Linux/libjffi-1.2.so
7fb95ecb5000-7fb95ecb6000 rw-p 00011000 08:05 16253453                   /home/luis/.rbenv/versions/jruby-1.7.10/lib/jni/x86_64-Linux/libjffi-1.2.so
7fb95ecb6000-7fb95ecc6000 r-xp 00000000 08:05 12322344                   /usr/lib/jvm/java-7-openjdk-amd64/jre/lib/amd64/libnio.so
7fb95ecc6000-7fb95eec6000 ---p 00010000 08:05 12322344                   /usr/lib/jvm/java-7-openjdk-amd64/jre/lib/amd64/libnio.so
7fb95eec6000-7fb95eec7000 r--p 00010000 08:05 12322344                   /usr/lib/jvm/java-7-openjdk-amd64/jre/lib/amd64/libnio.so
7fb95eec7000-7fb95eec8000 rw-p 00011000 08:05 12322344                   /usr/lib/jvm/java-7-openjdk-amd64/jre/lib/amd64/libnio.so
7fb95eec8000-7fb95ef05000 r-xp 00000000 08:05 9834371                    /lib/x86_64-linux-gnu/libpcre.so.3.13.1
7fb95ef05000-7fb95f105000 ---p 0003d000 08:05 9834371                    /lib/x86_64-linux-gnu/libpcre.so.3.13.1
7fb95f105000-7fb95f106000 r--p 0003d000 08:05 9834371                    /lib/x86_64-linux-gnu/libpcre.so.3.13.1
7fb95f106000-7fb95f107000 rw-p 0003e000 08:05 9834371                    /lib/x86_64-linux-gnu/libpcre.so.3.13.1
7fb95f107000-7fb95f10e000 r-xp 00000000 08:05 12196946                   /usr/lib/x86_64-linux-gnu/libffi.so.6.0.1
7fb95f10e000-7fb95f30d000 ---p 00007000 08:05 12196946                   /usr/lib/x86_64-linux-gnu/libffi.so.6.0.1
7fb95f30d000-7fb95f30e000 r--p 00006000 08:05 12196946                   /usr/lib/x86_64-linux-gnu/libffi.so.6.0.1
7fb95f30e000-7fb95f30f000 rw-p 00007000 08:05 12196946                   /usr/lib/x86_64-linux-gnu/libffi.so.6.0.1
7fb95f30f000-7fb95f325000 r-xp 00000000 08:05 9834394                    /lib/x86_64-linux-gnu/libresolv-2.17.so
7fb95f325000-7fb95f525000 ---p 00016000 08:05 9834394                    /lib/x86_64-linux-gnu/libresolv-2.17.so
7fb95f525000-7fb95f526000 r--p 00016000 08:05 9834394                    /lib/x86_64-linux-gnu/libresolv-2.17.so
7fb95f526000-7fb95f527000 rw-p 00017000 08:05 9834394                    /lib/x86_64-linux-gnu/libresolv-2.17.so
7fb95f527000-7fb95f529000 rw-p 00000000 00:00 0 
7fb95f529000-7fb95f548000 r-xp 00000000 08:05 9834398                    /lib/x86_64-linux-gnu/libselinux.so.1
7fb95f548000-7fb95f748000 ---p 0001f000 08:05 9834398                    /lib/x86_64-linux-gnu/libselinux.so.1
7fb95f748000-7fb95f749000 r--p 0001f000 08:05 9834398                    /lib/x86_64-linux-gnu/libselinux.so.1
7fb95f749000-7fb95f74a000 rw-p 00020000 08:05 9834398                    /lib/x86_64-linux-gnu/libselinux.so.1
7fb95f74a000-7fb95f74b000 rw-p 00000000 00:00 0 
7fb95f74b000-7fb95f849000 r-xp 00000000 08:05 9834386                    /lib/x86_64-linux-gnu/libglib-2.0.so.0.3800.1
7fb95f849000-7fb95fa49000 ---p 000fe000 08:05 9834386                    /lib/x86_64-linux-gnu/libglib-2.0.so.0.3800.1
7fb95fa49000-7fb95fa4a000 r--p 000fe000 08:05 9834386                    /lib/x86_64-linux-gnu/libglib-2.0.so.0.3800.1
7fb95fa4a000-7fb95fa4b000 rw-p 000ff000 08:05 9834386                    /lib/x86_64-linux-gnu/libglib-2.0.so.0.3800.1
7fb95fa4b000-7fb95fa4c000 rw-p 00000000 00:00 0 
7fb95fa4c000-7fb95fa9b000 r-xp 00000000 08:05 12190125                   /usr/lib/x86_64-linux-gnu/libgobject-2.0.so.0.3800.1
7fb95fa9b000-7fb95fc9b000 ---p 0004f000 08:05 12190125                   /usr/lib/x86_64-linux-gnu/libgobject-2.0.so.0.3800.1
7fb95fc9b000-7fb95fc9c000 r--p 0004f000 08:05 12190125                   /usr/lib/x86_64-linux-gnu/libgobject-2.0.so.0.3800.1
7fb95fc9c000-7fb95fc9d000 rw-p 00050000 08:05 12190125                   /usr/lib/x86_64-linux-gnu/libgobject-2.0.so.0.3800.1
7fb95fc9d000-7fb95fdf9000 r-xp 00000000 08:05 12190099                   /usr/lib/x86_64-linux-gnu/libgio-2.0.so.0.3800.1
7fb95fdf9000-7fb95fff8000 ---p 0015c000 08:05 12190099                   /usr/lib/x86_64-linux-gnu/libgio-2.0.so.0.3800.1
7fb95fff8000-7fb95fffc000 r--p 0015b000 08:05 12190099                   /usr/lib/x86_64-linux-gnu/libgio-2.0.so.0.3800.1
7fb95fffc000-7fb95fffe000 rw-p 0015f000 08:05 12190099                   /usr/lib/x86_64-linux-gnu/libgio-2.0.so.0.3800.1
7fb95fffe000-7fb960000000 rw-p 00000000 00:00 0 
7fb960000000-7fb960021000 rw-p 00000000 00:00 0 
7fb960021000-7fb964000000 ---p 00000000 00:00 0 
7fb96400c000-7fb96400f000 r-xp 00000000 08:05 12190134                   /usr/lib/x86_64-linux-gnu/libgmodule-2.0.so.0.3800.1
7fb96400f000-7fb96420e000 ---p 00003000 08:05 12190134                   /usr/lib/x86_64-linux-gnu/libgmodule-2.0.so.0.3800.1
7fb96420e000-7fb96420f000 r--p 00002000 08:05 12190134                   /usr/lib/x86_64-linux-gnu/libgmodule-2.0.so.0.3800.1
7fb96420f000-7fb964210000 rw-p 00003000 08:05 12190134                   /usr/lib/x86_64-linux-gnu/libgmodule-2.0.so.0.3800.1
7fb964210000-7fb964226000 r-xp 00000000 08:05 12322132                   /usr/lib/jvm/java-7-openjdk-amd64/jre/lib/amd64/libnet.so
7fb964226000-7fb964425000 ---p 00016000 08:05 12322132                   /usr/lib/jvm/java-7-openjdk-amd64/jre/lib/amd64/libnet.so
7fb964425000-7fb964426000 r--p 00015000 08:05 12322132                   /usr/lib/jvm/java-7-openjdk-amd64/jre/lib/amd64/libnet.so
7fb964426000-7fb964427000 rw-p 00016000 08:05 12322132                   /usr/lib/jvm/java-7-openjdk-amd64/jre/lib/amd64/libnet.so
7fb964427000-7fb964428000 ---p 00000000 00:00 0 
7fb964428000-7fb964528000 rw-p 00000000 00:00 0                          [stack:6945]
7fb964528000-7fb96452b000 ---p 00000000 00:00 0 
7fb96452b000-7fb964729000 rw-p 00000000 00:00 0                          [stack:6944]
7fb964729000-7fb96472c000 ---p 00000000 00:00 0 
7fb96472c000-7fb96482a000 rw-p 00000000 00:00 0                          [stack:6943]
7fb96482a000-7fb96482d000 ---p 00000000 00:00 0 
7fb96482d000-7fb96492b000 rw-p 00000000 00:00 0                          [stack:6942]
7fb96492b000-7fb96492e000 ---p 00000000 00:00 0 
7fb96492e000-7fb964b2c000 rw-p 00000000 00:00 0                          [stack:6941]
7fb964b2c000-7fb964f26000 r--p 00000000 08:05 12195384                   /usr/lib/locale/locale-archive
7fb964f26000-7fb964f29000 ---p 00000000 00:00 0 
7fb964f29000-7fb965127000 rw-p 00000000 00:00 0                          [stack:6940]
7fb965127000-7fb96512a000 ---p 00000000 00:00 0 
7fb96512a000-7fb965328000 rw-p 00000000 00:00 0                          [stack:6939]
7fb965328000-7fb965329000 ---p 00000000 00:00 0 
7fb965329000-7fb966406000 rw-p 00000000 00:00 0                          [stack:6938]
7fb966406000-7fb9664ef000 r--s 00bb9000 08:05 16253440                   /home/luis/.rbenv/versions/jruby-1.7.10/lib/jruby.jar
7fb9664ef000-7fb966537000 rw-p 00000000 00:00 0 
7fb966537000-7fb9666e5000 r--s 01cf4000 08:05 12322430                   /usr/lib/jvm/java-7-openjdk-amd64/jre/lib/rt.jar
7fb9666e5000-7fb967d78000 rw-p 00000000 00:00 0 
7fb967d78000-7fb967d79000 ---p 00000000 00:00 0 
7fb967d79000-7fb967e79000 rw-p 00000000 00:00 0                          [stack:6937]
7fb967e79000-7fb967e7a000 ---p 00000000 00:00 0 
7fb967e7a000-7fb967f7a000 rw-p 00000000 00:00 0                          [stack:6936]
7fb967f7a000-7fb967f7b000 ---p 00000000 00:00 0 
7fb967f7b000-7fb96807b000 rw-p 00000000 00:00 0                          [stack:6935]
7fb96807b000-7fb96807c000 ---p 00000000 00:00 0 
7fb96807c000-7fb96817c000 rw-p 00000000 00:00 0                          [stack:6934]
7fb96817c000-7fb9683ec000 rwxp 00000000 00:00 0 
7fb9683ec000-7fb96b17c000 rw-p 00000000 00:00 0 
7fb96b17c000-7fb96b184000 r-xp 00000000 08:05 12322081                   /usr/lib/jvm/java-7-openjdk-amd64/jre/lib/amd64/libzip.so
7fb96b184000-7fb96b383000 ---p 00008000 08:05 12322081                   /usr/lib/jvm/java-7-openjdk-amd64/jre/lib/amd64/libzip.so
7fb96b383000-7fb96b384000 r--p 00007000 08:05 12322081                   /usr/lib/jvm/java-7-openjdk-amd64/jre/lib/amd64/libzip.so
7fb96b384000-7fb96b385000 rw-p 00008000 08:05 12322081                   /usr/lib/jvm/java-7-openjdk-amd64/jre/lib/amd64/libzip.so
7fb96b385000-7fb96b391000 r-xp 00000000 08:05 9834349                    /lib/x86_64-linux-gnu/libnss_files-2.17.so
7fb96b391000-7fb96b590000 ---p 0000c000 08:05 9834349                    /lib/x86_64-linux-gnu/libnss_files-2.17.so
7fb96b590000-7fb96b591000 r--p 0000b000 08:05 9834349                    /lib/x86_64-linux-gnu/libnss_files-2.17.so
7fb96b591000-7fb96b592000 rw-p 0000c000 08:05 9834349                    /lib/x86_64-linux-gnu/libnss_files-2.17.so
7fb96b592000-7fb96b59d000 r-xp 00000000 08:05 9834353                    /lib/x86_64-linux-gnu/libnss_nis-2.17.so
7fb96b59d000-7fb96b79c000 ---p 0000b000 08:05 9834353                    /lib/x86_64-linux-gnu/libnss_nis-2.17.so
7fb96b79c000-7fb96b79d000 r--p 0000a000 08:05 9834353                    /lib/x86_64-linux-gnu/libnss_nis-2.17.so
7fb96b79d000-7fb96b79e000 rw-p 0000b000 08:05 9834353                    /lib/x86_64-linux-gnu/libnss_nis-2.17.so
7fb96b79e000-7fb96b7b5000 r-xp 00000000 08:05 9834343                    /lib/x86_64-linux-gnu/libnsl-2.17.so
7fb96b7b5000-7fb96b9b4000 ---p 00017000 08:05 9834343                    /lib/x86_64-linux-gnu/libnsl-2.17.so
7fb96b9b4000-7fb96b9b5000 r--p 00016000 08:05 9834343                    /lib/x86_64-linux-gnu/libnsl-2.17.so
7fb96b9b5000-7fb96b9b6000 rw-p 00017000 08:05 9834343                    /lib/x86_64-linux-gnu/libnsl-2.17.so
7fb96b9b6000-7fb96b9b8000 rw-p 00000000 00:00 0 
7fb96b9b8000-7fb96b9c0000 r-xp 00000000 08:05 9834345                    /lib/x86_64-linux-gnu/libnss_compat-2.17.so
7fb96b9c0000-7fb96bbbf000 ---p 00008000 08:05 9834345                    /lib/x86_64-linux-gnu/libnss_compat-2.17.so
7fb96bbbf000-7fb96bbc0000 r--p 00007000 08:05 9834345                    /lib/x86_64-linux-gnu/libnss_compat-2.17.so
7fb96bbc0000-7fb96bbc1000 rw-p 00008000 08:05 9834345                    /lib/x86_64-linux-gnu/libnss_compat-2.17.so
7fb96bbc1000-7fb96bbec000 r-xp 00000000 08:05 12322007                   /usr/lib/jvm/java-7-openjdk-amd64/jre/lib/amd64/libjava.so
7fb96bbec000-7fb96bdeb000 ---p 0002b000 08:05 12322007                   /usr/lib/jvm/java-7-openjdk-amd64/jre/lib/amd64/libjava.so
7fb96bdeb000-7fb96bdec000 r--p 0002a000 08:05 12322007                   /usr/lib/jvm/java-7-openjdk-amd64/jre/lib/amd64/libjava.so
7fb96bdec000-7fb96bdee000 rw-p 0002b000 08:05 12322007                   /usr/lib/jvm/java-7-openjdk-amd64/jre/lib/amd64/libjava.so
7fb96bdee000-7fb96bdfe000 r-xp 00000000 08:05 12322321                   /usr/lib/jvm/java-7-openjdk-amd64/jre/lib/amd64/libverify.so
7fb96bdfe000-7fb96bffd000 ---p 00010000 08:05 12322321                   /usr/lib/jvm/java-7-openjdk-amd64/jre/lib/amd64/libverify.so
7fb96bffd000-7fb96bfff000 r--p 0000f000 08:05 12322321                   /usr/lib/jvm/java-7-openjdk-amd64/jre/lib/amd64/libverify.so
7fb96bfff000-7fb96c000000 rw-p 00011000 08:05 12322321                   /usr/lib/jvm/java-7-openjdk-amd64/jre/lib/amd64/libverify.so
7fb96c000000-7fb96c4cd000 rw-p 00000000 00:00 0 
7fb96c4cd000-7fb970000000 ---p 00000000 00:00 0 
7fb970020000-7fb9700b0000 rw-p 00000000 00:00 0 
7fb9700b0000-7fb9700f6000 rw-p 00000000 00:00 0 
7fb9700f6000-7fb97010a000 rw-p 00000000 00:00 0 
7fb97010a000-7fb97019c000 rw-p 00000000 00:00 0 
7fb97019c000-7fb9701bd000 rw-p 00000000 00:00 0 
7fb9701bd000-7fb9701f0000 rw-p 00000000 00:00 0 
7fb9701f0000-7fb9701f1000 rw-p 00000000 00:00 0 
7fb9701f1000-7fb9701f8000 r-xp 00000000 08:05 9834396                    /lib/x86_64-linux-gnu/librt-2.17.so
7fb9701f8000-7fb9703f7000 ---p 00007000 08:05 9834396                    /lib/x86_64-linux-gnu/librt-2.17.so
7fb9703f7000-7fb9703f8000 r--p 00006000 08:05 9834396                    /lib/x86_64-linux-gnu/librt-2.17.so
7fb9703f8000-7fb9703f9000 rw-p 00007000 08:05 9834396                    /lib/x86_64-linux-gnu/librt-2.17.so
7fb9703f9000-7fb9703fc000 ---p 00000000 00:00 0 
7fb9703fc000-7fb9705fa000 rw-p 00000000 00:00 0                          [stack:6933]
7fb9705fa000-7fb97060f000 r-xp 00000000 08:05 9830413                    /lib/x86_64-linux-gnu/libgcc_s.so.1
7fb97060f000-7fb97080e000 ---p 00015000 08:05 9830413                    /lib/x86_64-linux-gnu/libgcc_s.so.1
7fb97080e000-7fb97080f000 r--p 00014000 08:05 9830413                    /lib/x86_64-linux-gnu/libgcc_s.so.1
7fb97080f000-7fb970810000 rw-p 00015000 08:05 9830413                    /lib/x86_64-linux-gnu/libgcc_s.so.1
7fb970810000-7fb970913000 r-xp 00000000 08:05 9834324                    /lib/x86_64-linux-gnu/libm-2.17.so
7fb970913000-7fb970b12000 ---p 00103000 08:05 9834324                    /lib/x86_64-linux-gnu/libm-2.17.so
7fb970b12000-7fb970b13000 r--p 00102000 08:05 9834324                    /lib/x86_64-linux-gnu/libm-2.17.so
7fb970b13000-7fb970b14000 rw-p 00103000 08:05 9834324                    /lib/x86_64-linux-gnu/libm-2.17.so
7fb970b14000-7fb970bfa000 r-xp 00000000 08:05 12190887                   /usr/lib/x86_64-linux-gnu/libstdc++.so.6.0.18
7fb970bfa000-7fb970df9000 ---p 000e6000 08:05 12190887                   /usr/lib/x86_64-linux-gnu/libstdc++.so.6.0.18
7fb970df9000-7fb970e01000 r--p 000e5000 08:05 12190887                   /usr/lib/x86_64-linux-gnu/libstdc++.so.6.0.18
7fb970e01000-7fb970e03000 rw-p 000ed000 08:05 12190887                   /usr/lib/x86_64-linux-gnu/libstdc++.so.6.0.18
7fb970e03000-7fb970e18000 rw-p 00000000 00:00 0 
7fb970e18000-7fb9718f7000 r-xp 00000000 08:05 12322340                   /usr/lib/jvm/java-7-openjdk-amd64/jre/lib/amd64/server/libjvm.so
7fb9718f7000-7fb971af6000 ---p 00adf000 08:05 12322340                   /usr/lib/jvm/java-7-openjdk-amd64/jre/lib/amd64/server/libjvm.so
7fb971af6000-7fb971b88000 r--p 00ade000 08:05 12322340                   /usr/lib/jvm/java-7-openjdk-amd64/jre/lib/amd64/server/libjvm.so
7fb971b88000-7fb971bab000 rw-p 00b70000 08:05 12322340                   /usr/lib/jvm/java-7-openjdk-amd64/jre/lib/amd64/server/libjvm.so
7fb971bab000-7fb971bd8000 rw-p 00000000 00:00 0 
7fb971bd8000-7fb971bf0000 r-xp 00000000 08:05 9834431                    /lib/x86_64-linux-gnu/libz.so.1.2.8
7fb971bf0000-7fb971def000 ---p 00018000 08:05 9834431                    /lib/x86_64-linux-gnu/libz.so.1.2.8
7fb971def000-7fb971df0000 r--p 00017000 08:05 9834431                    /lib/x86_64-linux-gnu/libz.so.1.2.8
7fb971df0000-7fb971df1000 rw-p 00018000 08:05 9834431                    /lib/x86_64-linux-gnu/libz.so.1.2.8
7fb971df1000-7fb971e08000 r-xp 00000000 08:05 9834388                    /lib/x86_64-linux-gnu/libpthread-2.17.so
7fb971e08000-7fb972008000 ---p 00017000 08:05 9834388                    /lib/x86_64-linux-gnu/libpthread-2.17.so
7fb972008000-7fb972009000 r--p 00017000 08:05 9834388                    /lib/x86_64-linux-gnu/libpthread-2.17.so
7fb972009000-7fb97200a000 rw-p 00018000 08:05 9834388                    /lib/x86_64-linux-gnu/libpthread-2.17.so
7fb97200a000-7fb97200e000 rw-p 00000000 00:00 0 
7fb97200e000-7fb972011000 r-xp 00000000 08:05 9834288                    /lib/x86_64-linux-gnu/libdl-2.17.so
7fb972011000-7fb972210000 ---p 00003000 08:05 9834288                    /lib/x86_64-linux-gnu/libdl-2.17.so
7fb972210000-7fb972211000 r--p 00002000 08:05 9834288                    /lib/x86_64-linux-gnu/libdl-2.17.so
7fb972211000-7fb972212000 rw-p 00003000 08:05 9834288                    /lib/x86_64-linux-gnu/libdl-2.17.so
7fb972212000-7fb9723cf000 r-xp 00000000 08:05 9834273                    /lib/x86_64-linux-gnu/libc-2.17.so
7fb9723cf000-7fb9725cf000 ---p 001bd000 08:05 9834273                    /lib/x86_64-linux-gnu/libc-2.17.so
7fb9725cf000-7fb9725d3000 r--p 001bd000 08:05 9834273                    /lib/x86_64-linux-gnu/libc-2.17.so
7fb9725d3000-7fb9725d5000 rw-p 001c1000 08:05 9834273                    /lib/x86_64-linux-gnu/libc-2.17.so
7fb9725d5000-7fb9725da000 rw-p 00000000 00:00 0 
7fb9725da000-7fb9725e7000 r-xp 00000000 08:05 12322347                   /usr/lib/jvm/java-7-openjdk-amd64/jre/lib/amd64/jli/libjli.so
7fb9725e7000-7fb9727e6000 ---p 0000d000 08:05 12322347                   /usr/lib/jvm/java-7-openjdk-amd64/jre/lib/amd64/jli/libjli.so
7fb9727e6000-7fb9727e7000 r--p 0000c000 08:05 12322347                   /usr/lib/jvm/java-7-openjdk-amd64/jre/lib/amd64/jli/libjli.so
7fb9727e7000-7fb9727e8000 rw-p 0000d000 08:05 12322347                   /usr/lib/jvm/java-7-openjdk-amd64/jre/lib/amd64/jli/libjli.so
7fb9727e8000-7fb97280b000 r-xp 00000000 08:05 9834249                    /lib/x86_64-linux-gnu/ld-2.17.so
7fb972810000-7fb972811000 rw-p 00000000 00:00 0 
7fb972811000-7fb972812000 r-xp 00000000 00:00 0 
7fb972812000-7fb972819000 r--s 00000000 08:05 12588976                   /usr/lib/x86_64-linux-gnu/gconv/gconv-modules.cache
7fb972819000-7fb97281e000 r--s 0004c000 08:05 12322352                   /usr/lib/jvm/java-7-openjdk-amd64/jre/lib/jsse.jar
7fb97281e000-7fb972821000 r--s 00032000 08:05 12322366                   /usr/lib/jvm/java-7-openjdk-amd64/jre/lib/ext/sunjce_provider.jar
7fb972821000-7fb972824000 r--s 0000f000 08:05 12322362                   /usr/lib/jvm/java-7-openjdk-amd64/jre/lib/ext/pulse-java.jar
7fb972824000-7fb97283f000 rw-p 00000000 00:00 0 
7fb97283f000-7fb972885000 rw-p 00000000 00:00 0 
7fb972885000-7fb972899000 rw-p 00000000 00:00 0 
7fb972899000-7fb97292c000 rw-p 00000000 00:00 0 
7fb97292c000-7fb972936000 rw-p 00000000 00:00 0 
7fb972936000-7fb9729ec000 rw-p 00000000 00:00 0 
7fb9729ec000-7fb9729f1000 rw-p 00000000 00:00 0 
7fb9729f1000-7fb9729f3000 r--s 00006000 08:05 12717881                   /usr/share/java/java-atk-wrapper.jar
7fb9729f3000-7fb9729f7000 r--s 00085000 08:05 12322360                   /usr/lib/jvm/java-7-openjdk-amd64/jre/lib/ext/localedata.jar
7fb9729f7000-7fb9729fb000 r--s 0003b000 08:05 12322372                   /usr/lib/jvm/java-7-openjdk-amd64/jre/lib/ext/sunpkcs11.jar
7fb9729fb000-7fb9729fc000 r--s 00002000 08:05 12322370                   /usr/lib/jvm/java-7-openjdk-amd64/jre/lib/ext/dnsns.jar
7fb9729fc000-7fb9729fe000 r--s 00012000 08:05 12322364                   /usr/lib/jvm/java-7-openjdk-amd64/jre/lib/ext/zipfs.jar
7fb9729fe000-7fb972a06000 rw-s 00000000 08:05 7340078                    /tmp/hsperfdata_luis/6908
7fb972a06000-7fb972a07000 rw-p 00000000 00:00 0 
7fb972a07000-7fb972a08000 r--p 00000000 00:00 0 
7fb972a08000-7fb972a0a000 rw-p 00000000 00:00 0 
7fb972a0a000-7fb972a0b000 r--p 00022000 08:05 9834249                    /lib/x86_64-linux-gnu/ld-2.17.so
7fb972a0b000-7fb972a0d000 rw-p 00023000 08:05 9834249                    /lib/x86_64-linux-gnu/ld-2.17.so
7fff3322f000-7fff33250000 rw-p 00000000 00:00 0                          [stack]
7fff332e6000-7fff332e8000 r-xp 00000000 00:00 0                          [vdso]
ffffffffff600000-ffffffffff601000 r-xp 00000000 00:00 0                  [vsyscall]

VM Arguments:
jvm_args: -Djdk.home= -Djruby.home=/home/luis/.rbenv/versions/jruby-1.7.10 -Djruby.script=jruby -Djruby.shell=/bin/sh -Djffi.boot.library.path=/home/luis/.rbenv/versions/jruby-1.7.10/lib/jni:/home/luis/.rbenv/versions/jruby-1.7.10/lib/jni/arm-Linux:/home/luis/.rbenv/versions/jruby-1.7.10/lib/jni/x86_64-Linux:/home/luis/.rbenv/versions/jruby-1.7.10/lib/jni/i386-Linux -Xmx500m -Xss2048k -Xbootclasspath/a:/home/luis/.rbenv/versions/jruby-1.7.10/lib/jruby.jar 
java_command: org/jruby/Main Makefile.rb clean compile test
Launcher Type: SUN_STANDARD

Environment Variables:
PATH=/home/luis/.rbenv/versions/jruby-1.7.10/bin:/home/luis/.rbenv/libexec:/home/luis/.rbenv/plugins/ruby-build/bin:/home/luis/.rbenv/shims:~/.rbenv/bin:~/.rbenv/bin:/usr/local/sbin:/usr/local/bin:/usr/sbin:/usr/bin:/sbin:/bin:/usr/games:/usr/local/games
USERNAME=luis
SHELL=/bin/bash
DISPLAY=:0

Signal Handlers:
SIGSEGV: [libjvm.so+0x916ea0], sa_mask[0]=0x7ffbfeff, sa_flags=0x10000004
SIGBUS: [libjvm.so+0x916ea0], sa_mask[0]=0x7ffbfeff, sa_flags=0x10000004
SIGFPE: [libjvm.so+0x794800], sa_mask[0]=0x7ffbfeff, sa_flags=0x10000004
SIGPIPE: [libjvm.so+0x794800], sa_mask[0]=0x7ffbfeff, sa_flags=0x10000004
SIGXFSZ: [libjvm.so+0x794800], sa_mask[0]=0x7ffbfeff, sa_flags=0x10000004
SIGILL: [libjvm.so+0x794800], sa_mask[0]=0x7ffbfeff, sa_flags=0x10000004
SIGUSR1: SIG_DFL, sa_mask[0]=0x00000000, sa_flags=0x00000000
SIGUSR2: [libjvm.so+0x7946a0], sa_mask[0]=0x00000000, sa_flags=0x10000004
SIGHUP: [libjvm.so+0x794880], sa_mask[0]=0x7ffbfeff, sa_flags=0x10000004
SIGINT: [libjvm.so+0x794880], sa_mask[0]=0x7ffbfeff, sa_flags=0x10000004
SIGTERM: [libjvm.so+0x794880], sa_mask[0]=0x7ffbfeff, sa_flags=0x10000004
SIGQUIT: [libjvm.so+0x794880], sa_mask[0]=0x7ffbfeff, sa_flags=0x10000004


---------------  S Y S T E M  ---------------

OS:LinuxMint 16 (petra)
uname:Linux 3.11.0-12-generic #19-Ubuntu SMP Wed Oct 9 16:20:46 UTC 2013 x86_64
libc:glibc 2.17 NPTL 2.17 
rlimit: STACK 8192k, CORE 0k, NPROC 29806, NOFILE 4096, AS infinity
load average:0,29 0,15 0,14

/proc/meminfo:
MemTotal:        3844532 kB
MemFree:         2846948 kB
Buffers:           54852 kB
Cached:           520308 kB
SwapCached:            0 kB
Active:           481496 kB
Inactive:         408116 kB
Active(anon):     315504 kB
Inactive(anon):   116752 kB
Active(file):     165992 kB
Inactive(file):   291364 kB
Unevictable:           0 kB
Mlocked:               0 kB
SwapTotal:       3987452 kB
SwapFree:        3987452 kB
Dirty:               140 kB
Writeback:             0 kB
AnonPages:        314512 kB
Mapped:            90016 kB
Shmem:            117808 kB
Slab:              47540 kB
SReclaimable:      27368 kB
SUnreclaim:        20172 kB
KernelStack:        2784 kB
PageTables:        14540 kB
NFS_Unstable:          0 kB
Bounce:                0 kB
WritebackTmp:          0 kB
CommitLimit:     5909716 kB
Committed_AS:    1542592 kB
VmallocTotal:   34359738367 kB
VmallocUsed:      348004 kB
VmallocChunk:   34359386120 kB
HardwareCorrupted:     0 kB
AnonHugePages:         0 kB
HugePages_Total:       0
HugePages_Free:        0
HugePages_Rsvd:        0
HugePages_Surp:        0
Hugepagesize:       2048 kB
DirectMap4k:       58612 kB
DirectMap2M:     3930112 kB


CPU:total 4 (2 cores per cpu, 2 threads per core) family 6 model 37 stepping 5, cmov, cx8, fxsr, mmx, sse, sse2, sse3, ssse3, sse4.1, sse4.2, popcnt, ht, tsc, tscinvbit

/proc/cpuinfo:
processor	: 0
vendor_id	: GenuineIntel
cpu family	: 6
model		: 37
model name	: Intel(R) Core(TM) i5 CPU       M 460  @ 2.53GHz
stepping	: 5
microcode	: 0x2
cpu MHz		: 2534.000
cache size	: 3072 KB
physical id	: 0
siblings	: 4
core id		: 0
cpu cores	: 2
apicid		: 0
initial apicid	: 0
fpu		: yes
fpu_exception	: yes
cpuid level	: 11
wp		: yes
flags		: fpu vme de pse tsc msr pae mce cx8 apic sep mtrr pge mca cmov pat pse36 clflush dts acpi mmx fxsr sse sse2 ss ht tm pbe syscall nx rdtscp lm constant_tsc arch_perfmon pebs bts rep_good nopl xtopology nonstop_tsc aperfmperf pni dtes64 monitor ds_cpl vmx est tm2 ssse3 cx16 xtpr pdcm pcid sse4_1 sse4_2 popcnt lahf_lm ida arat dtherm tpr_shadow vnmi flexpriority ept vpid
bogomips	: 5066.78
clflush size	: 64
cache_alignment	: 64
address sizes	: 36 bits physical, 48 bits virtual
power management:

processor	: 1
vendor_id	: GenuineIntel
cpu family	: 6
model		: 37
model name	: Intel(R) Core(TM) i5 CPU       M 460  @ 2.53GHz
stepping	: 5
microcode	: 0x2
cpu MHz		: 1199.000
cache size	: 3072 KB
physical id	: 0
siblings	: 4
core id		: 0
cpu cores	: 2
apicid		: 1
initial apicid	: 1
fpu		: yes
fpu_exception	: yes
cpuid level	: 11
wp		: yes
flags		: fpu vme de pse tsc msr pae mce cx8 apic sep mtrr pge mca cmov pat pse36 clflush dts acpi mmx fxsr sse sse2 ss ht tm pbe syscall nx rdtscp lm constant_tsc arch_perfmon pebs bts rep_good nopl xtopology nonstop_tsc aperfmperf pni dtes64 monitor ds_cpl vmx est tm2 ssse3 cx16 xtpr pdcm pcid sse4_1 sse4_2 popcnt lahf_lm ida arat dtherm tpr_shadow vnmi flexpriority ept vpid
bogomips	: 5066.78
clflush size	: 64
cache_alignment	: 64
address sizes	: 36 bits physical, 48 bits virtual
power management:

processor	: 2
vendor_id	: GenuineIntel
cpu family	: 6
model		: 37
model name	: Intel(R) Core(TM) i5 CPU       M 460  @ 2.53GHz
stepping	: 5
microcode	: 0x2
cpu MHz		: 2534.000
cache size	: 3072 KB
physical id	: 0
siblings	: 4
core id		: 2
cpu cores	: 2
apicid		: 4
initial apicid	: 4
fpu		: yes
fpu_exception	: yes
cpuid level	: 11
wp		: yes
flags		: fpu vme de pse tsc msr pae mce cx8 apic sep mtrr pge mca cmov pat pse36 clflush dts acpi mmx fxsr sse sse2 ss ht tm pbe syscall nx rdtscp lm constant_tsc arch_perfmon pebs bts rep_good nopl xtopology nonstop_tsc aperfmperf pni dtes64 monitor ds_cpl vmx est tm2 ssse3 cx16 xtpr pdcm pcid sse4_1 sse4_2 popcnt lahf_lm ida arat dtherm tpr_shadow vnmi flexpriority ept vpid
bogomips	: 5066.78
clflush size	: 64
cache_alignment	: 64
address sizes	: 36 bits physical, 48 bits virtual
power management:

processor	: 3
vendor_id	: GenuineIntel
cpu family	: 6
model		: 37
model name	: Intel(R) Core(TM) i5 CPU       M 460  @ 2.53GHz
stepping	: 5
microcode	: 0x2
cpu MHz		: 2534.000
cache size	: 3072 KB
physical id	: 0
siblings	: 4
core id		: 2
cpu cores	: 2
apicid		: 5
initial apicid	: 5
fpu		: yes
fpu_exception	: yes
cpuid level	: 11
wp		: yes
flags		: fpu vme de pse tsc msr pae mce cx8 apic sep mtrr pge mca cmov pat pse36 clflush dts acpi mmx fxsr sse sse2 ss ht tm pbe syscall nx rdtscp lm constant_tsc arch_perfmon pebs bts rep_good nopl xtopology nonstop_tsc aperfmperf pni dtes64 monitor ds_cpl vmx est tm2 ssse3 cx16 xtpr pdcm pcid sse4_1 sse4_2 popcnt lahf_lm ida arat dtherm tpr_shadow vnmi flexpriority ept vpid
bogomips	: 5066.78
clflush size	: 64
cache_alignment	: 64
address sizes	: 36 bits physical, 48 bits virtual
power management:



Memory: 4k page, physical 3844532k(2846948k free), swap 3987452k(3987452k free)

vm_info: OpenJDK 64-Bit Server VM (24.45-b08) for linux-amd64 JRE (1.7.0_51-b00), built on Jan 15 2014 22:02:57 by "buildd" with gcc 4.8.1

time: Mon Apr  7 11:24:22 2014
elapsed time: 3 seconds

