#
# A fatal error has been detected by the Java Runtime Environment:
#
#  SIGSEGV (0xb) at pc=0x00007f225897cc21, pid=11785, tid=139785804723968
#
# JRE version: OpenJDK Runtime Environment (7.0_51) (build 1.7.0_51-b00)
# Java VM: OpenJDK 64-Bit Server VM (24.45-b08 mixed mode linux-amd64 compressed oops)
# Problematic frame:
# C  [libconvex_hull.so+0xc21]  adentro+0x37
#
# Failed to write core dump. Core dumps have been disabled. To enable core dumping, try "ulimit -c unlimited" before starting Java again
#
# If you would like to submit a bug report, please include
# instructions on how to reproduce the bug and visit:
#   http://icedtea.classpath.org/bugzilla
# The crash happened outside the Java Virtual Machine in native code.
# See problematic frame for where to report the bug.
#

---------------  T H R E A D  ---------------

Current thread (0x00007f226400a800):  JavaThread "main" [_thread_in_native, id=11810, stack(0x00007f226b1c3000,0x00007f226b3c4000)]

siginfo:si_signo=SIGSEGV: si_errno=0, si_code=1 (SEGV_MAPERR), si_addr=0x0000000000000000

Registers:
RAX=0x0000000000000000, RBX=0x00000000d79ca640, RCX=0x00007f2264000020, RDX=0x00007f2264467bd0
RSP=0x00007f226b3c0d60, RBP=0x00007f226b3c0d90, RSI=0x00007f2264467bd0, RDI=0x00007f2264467af0
R8 =0x00007f22644aa7b0, R9 =0x0000000000000008, R10=0x00007f226b3c0b40, R11=0x00007f225897cbea
R12=0x0000000000000000, R13=0x00000000d79ca640, R14=0x00007f226b3c1008, R15=0x00007f226400a800
RIP=0x00007f225897cc21, EFLAGS=0x0000000000010202, CSGSFS=0x0000000000000033, ERR=0x0000000000000004
  TRAPNO=0x000000000000000e

Top of Stack: (sp=0x00007f226b3c0d60)
0x00007f226b3c0d60:   00007f2264467bd0 00007f2264467af0
0x00007f226b3c0d70:   00007f2200000001 00007f2264467bb0
0x00007f226b3c0d80:   00007f2264467b50 00007f22644a0d90
0x00007f226b3c0d90:   00007f226b3c0e80 00007f225897cf88
0x00007f226b3c0da0:   00007f2264467bd0 00007f2264467af0
0x00007f226b3c0db0:   0000007c00000077 00007f2258d82378
0x00007f226b3c0dc0:   00000000d79ca640 00007f2258b7e058
0x00007f226b3c0dd0:   0000000000000000 00000000d79ca640
0x00007f226b3c0de0:   00007f226b3c1008 00007f226400a800
0x00007f226b3c0df0:   00007f226b3c0f20 00007f226d5c0c75
0x00007f226b3c0e00:   00007f2200000005 0000000000000000
0x00007f226b3c0e10:   0000000000000018 00007f225897c3f0
0x00007f226b3c0e20:   00000000d79ca640 00007f226b3c0f20
0x00007f226b3c0e30:   0000000000000000 00007f226d5c7725
0x00007f226b3c0e40:   00007f2264467af0 00007f2264000020
0x00007f226b3c0e50:   00007f2264467bd0 00007f2264467bd0
0x00007f226b3c0e60:   00007f2264467af0 00007f22644aa7b0
0x00007f226b3c0e70:   0000000000000008 00007f22644a0d90
0x00007f226b3c0e80:   00007f226b3c0f20 00007f225897d86e
0x00007f226b3c0e90:   00000000d7e478b0 00007f22644aa7b0
0x00007f226b3c0ea0:   00007f2264467af0 00000000e15c01f0
0x00007f226b3c0eb0:   00007f2261191fd4 00000000e141e110
0x00007f226b3c0ec0:   00000000e1177750 00000000e154a308
0x00007f226b3c0ed0:   00000000e154b2c8 00000000e15c01c8
0x00007f226b3c0ee0:   00007f2264467a50 00007f2264467ab0
0x00007f226b3c0ef0:   00007f2264467b10 00007f2264467a70
0x00007f226b3c0f00:   00007f2264467b30 00007f2264467a30
0x00007f226b3c0f10:   00007f2264467b50 00007f2264467bd0
0x00007f226b3c0f20:   00007f2264448a30 00007f225978fcd9
0x00007f226b3c0f30:   0000000000000000 00000000d79ca640
0x00007f226b3c0f40:   00007f226b3c0fc0 00007f2261012738
0x00007f226b3c0f50:   00007f226b3c0fe0 00007f2261006233 

Instructions: (pc=0x00007f225897cc21)
0x00007f225897cc01:   48 89 45 e8 c7 45 e0 01 00 00 00 eb 51 48 8b 45
0x00007f225897cc11:   e8 48 8b 00 48 89 45 f0 48 8b 45 e8 48 8b 40 10
0x00007f225897cc21:   48 8b 00 48 89 45 f8 48 8b 55 d0 48 8b 4d f8 48
0x00007f225897cc31:   8b 45 f0 48 89 ce 48 89 c7 e8 a1 fd ff ff 89 45 

Register to memory mapping:

RAX=0x0000000000000000 is an unknown value
RBX=0x00000000d79ca640 is an oop
{method} 
 - klass: {other class}
RCX=0x00007f2264000020 is an unknown value
RDX=0x00007f2264467bd0 is an unknown value
RSP=0x00007f226b3c0d60 is pointing into the stack for thread: 0x00007f226400a800
RBP=0x00007f226b3c0d90 is pointing into the stack for thread: 0x00007f226400a800
RSI=0x00007f2264467bd0 is an unknown value
RDI=0x00007f2264467af0 is an unknown value
R8 =0x00007f22644aa7b0 is an unknown value
R9 =0x0000000000000008 is an unknown value
R10=0x00007f226b3c0b40 is pointing into the stack for thread: 0x00007f226400a800
R11=0x00007f225897cbea: adentro+0 in lib/libconvex_hull.so at 0x00007f225897c000
R12=0x0000000000000000 is an unknown value
R13=0x00000000d79ca640 is an oop
{method} 
 - klass: {other class}
R14=0x00007f226b3c1008 is pointing into the stack for thread: 0x00007f226400a800
R15=0x00007f226400a800 is a thread


Stack: [0x00007f226b1c3000,0x00007f226b3c4000],  sp=0x00007f226b3c0d60,  free space=2039k
Native frames: (J=compiled Java code, j=interpreted, Vv=VM code, C=native code)
C  [libconvex_hull.so+0xc21]  adentro+0x37
C  [libconvex_hull.so+0xf88]  insertion+0x32
C  [libconvex_hull.so+0x186e]  convex_hull+0x1e8

Java frames: (J=compiled Java code, j=interpreted, Vv=VM code)
j  com.kenai.jffi.Foreign.invokeL1(JJJ)J+0
j  com.kenai.jffi.Invoker.invokeL1(Lcom/kenai/jffi/CallContext;JJ)J+7
j  org.jruby.ext.ffi.jffi.NativeInvoker$ffi$2.call(Lorg/jruby/runtime/ThreadContext;Lorg/jruby/runtime/builtin/IRubyObject;Lorg/jruby/RubyModule;Ljava/lang/String;Lorg/jruby/runtime/builtin/IRubyObject;)Lorg/jruby/runtime/builtin/IRubyObject;+76
j  org.jruby.runtime.callsite.CachingCallSite.cacheAndCall(Lorg/jruby/runtime/builtin/IRubyObject;Lorg/jruby/RubyClass;Lorg/jruby/runtime/ThreadContext;Lorg/jruby/runtime/builtin/IRubyObject;Lorg/jruby/runtime/builtin/IRubyObject;)Lorg/jruby/runtime/builtin/IRubyObject;+57
J  org.jruby.runtime.callsite.CachingCallSite.call(Lorg/jruby/runtime/ThreadContext;Lorg/jruby/runtime/builtin/IRubyObject;Lorg/jruby/runtime/builtin/IRubyObject;Lorg/jruby/runtime/builtin/IRubyObject;)Lorg/jruby/runtime/builtin/IRubyObject;
J  org.jruby.ast.CallOneArgNode.interpret(Lorg/jruby/Ruby;Lorg/jruby/runtime/ThreadContext;Lorg/jruby/runtime/builtin/IRubyObject;Lorg/jruby/runtime/Block;)Lorg/jruby/runtime/builtin/IRubyObject;
j  org.jruby.ast.LocalAsgnNode.interpret(Lorg/jruby/Ruby;Lorg/jruby/runtime/ThreadContext;Lorg/jruby/runtime/builtin/IRubyObject;Lorg/jruby/runtime/Block;)Lorg/jruby/runtime/builtin/IRubyObject;+30
J  org.jruby.ast.BlockNode.interpret(Lorg/jruby/Ruby;Lorg/jruby/runtime/ThreadContext;Lorg/jruby/runtime/builtin/IRubyObject;Lorg/jruby/runtime/Block;)Lorg/jruby/runtime/builtin/IRubyObject;
j  org.jruby.evaluator.ASTInterpreter.INTERPRET_METHOD(Lorg/jruby/Ruby;Lorg/jruby/runtime/ThreadContext;Ljava/lang/String;ILorg/jruby/RubyModule;Lorg/jruby/ast/Node;Ljava/lang/String;Lorg/jruby/runtime/builtin/IRubyObject;Lorg/jruby/runtime/Block;Z)Lorg/jruby/runtime/builtin/IRubyObject;+30
j  org.jruby.internal.runtime.methods.InterpretedMethod.call(Lorg/jruby/runtime/ThreadContext;Lorg/jruby/runtime/builtin/IRubyObject;Lorg/jruby/RubyModule;Ljava/lang/String;)Lorg/jruby/runtime/builtin/IRubyObject;+80
j  org.jruby.internal.runtime.methods.DefaultMethod.call(Lorg/jruby/runtime/ThreadContext;Lorg/jruby/runtime/builtin/IRubyObject;Lorg/jruby/RubyModule;Ljava/lang/String;)Lorg/jruby/runtime/builtin/IRubyObject;+20
j  org.jruby.runtime.callsite.CachingCallSite.cacheAndCall(Lorg/jruby/runtime/builtin/IRubyObject;Lorg/jruby/RubyClass;Lorg/jruby/runtime/ThreadContext;Lorg/jruby/runtime/builtin/IRubyObject;)Lorg/jruby/runtime/builtin/IRubyObject;+53
j  org.jruby.runtime.callsite.CachingCallSite.call(Lorg/jruby/runtime/ThreadContext;Lorg/jruby/runtime/builtin/IRubyObject;Lorg/jruby/runtime/builtin/IRubyObject;)Lorg/jruby/runtime/builtin/IRubyObject;+46
j  org.jruby.ast.CallNoArgNode.interpret(Lorg/jruby/Ruby;Lorg/jruby/runtime/ThreadContext;Lorg/jruby/runtime/builtin/IRubyObject;Lorg/jruby/runtime/Block;)Lorg/jruby/runtime/builtin/IRubyObject;+18
j  org.jruby.ast.FCallTwoArgNode.interpret(Lorg/jruby/Ruby;Lorg/jruby/runtime/ThreadContext;Lorg/jruby/runtime/builtin/IRubyObject;Lorg/jruby/runtime/Block;)Lorg/jruby/runtime/builtin/IRubyObject;+28
J  org.jruby.ast.NewlineNode.interpret(Lorg/jruby/Ruby;Lorg/jruby/runtime/ThreadContext;Lorg/jruby/runtime/builtin/IRubyObject;Lorg/jruby/runtime/Block;)Lorg/jruby/runtime/builtin/IRubyObject;
j  org.jruby.ast.BlockNode.interpret(Lorg/jruby/Ruby;Lorg/jruby/runtime/ThreadContext;Lorg/jruby/runtime/builtin/IRubyObject;Lorg/jruby/runtime/Block;)Lorg/jruby/runtime/builtin/IRubyObject;+33
j  org.jruby.evaluator.ASTInterpreter.INTERPRET_METHOD(Lorg/jruby/Ruby;Lorg/jruby/runtime/ThreadContext;Ljava/lang/String;ILorg/jruby/RubyModule;Lorg/jruby/ast/Node;Ljava/lang/String;Lorg/jruby/runtime/builtin/IRubyObject;Lorg/jruby/runtime/Block;Z)Lorg/jruby/runtime/builtin/IRubyObject;+30
j  org.jruby.internal.runtime.methods.InterpretedMethod.call(Lorg/jruby/runtime/ThreadContext;Lorg/jruby/runtime/builtin/IRubyObject;Lorg/jruby/RubyModule;Ljava/lang/String;)Lorg/jruby/runtime/builtin/IRubyObject;+80
j  org.jruby.internal.runtime.methods.DefaultMethod.call(Lorg/jruby/runtime/ThreadContext;Lorg/jruby/runtime/builtin/IRubyObject;Lorg/jruby/RubyModule;Ljava/lang/String;)Lorg/jruby/runtime/builtin/IRubyObject;+20
j  org.jruby.runtime.callsite.CachingCallSite.cacheAndCall(Lorg/jruby/runtime/builtin/IRubyObject;Lorg/jruby/RubyClass;Lorg/jruby/runtime/ThreadContext;Lorg/jruby/runtime/builtin/IRubyObject;)Lorg/jruby/runtime/builtin/IRubyObject;+53
j  org.jruby.runtime.callsite.CachingCallSite.call(Lorg/jruby/runtime/ThreadContext;Lorg/jruby/runtime/builtin/IRubyObject;Lorg/jruby/runtime/builtin/IRubyObject;)Lorg/jruby/runtime/builtin/IRubyObject;+46
j  Makefile.method__2$RUBY$test(LMakefile;Lorg/jruby/runtime/ThreadContext;Lorg/jruby/runtime/builtin/IRubyObject;Lorg/jruby/runtime/Block;)Lorg/jruby/runtime/builtin/IRubyObject;+130
j  Makefile$method__2$RUBY$test.call(Lorg/jruby/runtime/ThreadContext;Lorg/jruby/runtime/builtin/IRubyObject;Lorg/jruby/RubyModule;Ljava/lang/String;Lorg/jruby/runtime/Block;)Lorg/jruby/runtime/builtin/IRubyObject;+17
j  org.jruby.RubyClass.finvoke(Lorg/jruby/runtime/ThreadContext;Lorg/jruby/runtime/builtin/IRubyObject;Ljava/lang/String;Lorg/jruby/runtime/Block;)Lorg/jruby/runtime/builtin/IRubyObject;+41
j  org.jruby.RubyBasicObject.send19(Lorg/jruby/runtime/ThreadContext;Lorg/jruby/runtime/builtin/IRubyObject;Lorg/jruby/runtime/Block;)Lorg/jruby/runtime/builtin/IRubyObject;+15
j  org.jruby.RubyKernel.send19(Lorg/jruby/runtime/ThreadContext;Lorg/jruby/runtime/builtin/IRubyObject;Lorg/jruby/runtime/builtin/IRubyObject;Lorg/jruby/runtime/Block;)Lorg/jruby/runtime/builtin/IRubyObject;+7
j  org.jruby.RubyKernel$INVOKER$s$send19.call(Lorg/jruby/runtime/ThreadContext;Lorg/jruby/runtime/builtin/IRubyObject;Lorg/jruby/RubyModule;Ljava/lang/String;Lorg/jruby/runtime/builtin/IRubyObject;Lorg/jruby/runtime/Block;)Lorg/jruby/runtime/builtin/IRubyObject;+6
j  org.jruby.internal.runtime.methods.JavaMethod$JavaMethodOneOrNBlock.call(Lorg/jruby/runtime/ThreadContext;Lorg/jruby/runtime/builtin/IRubyObject;Lorg/jruby/RubyModule;Ljava/lang/String;Lorg/jruby/runtime/builtin/IRubyObject;)Lorg/jruby/runtime/builtin/IRubyObject;+11
j  org.jruby.runtime.callsite.CachingCallSite.call(Lorg/jruby/runtime/ThreadContext;Lorg/jruby/runtime/builtin/IRubyObject;Lorg/jruby/runtime/builtin/IRubyObject;Lorg/jruby/runtime/builtin/IRubyObject;)Lorg/jruby/runtime/builtin/IRubyObject;+38
j  Makefile.block_6$RUBY$__file__(LMakefile;Lorg/jruby/runtime/ThreadContext;Lorg/jruby/runtime/builtin/IRubyObject;[Lorg/jruby/runtime/builtin/IRubyObject;Lorg/jruby/runtime/Block;)Lorg/jruby/runtime/builtin/IRubyObject;+46
j  Makefile$block_6$RUBY$__file__.call(Lorg/jruby/runtime/ThreadContext;Lorg/jruby/runtime/builtin/IRubyObject;[Lorg/jruby/runtime/builtin/IRubyObject;Lorg/jruby/runtime/Block;)Lorg/jruby/runtime/builtin/IRubyObject;+9
j  org.jruby.runtime.CompiledBlock19.yield(Lorg/jruby/runtime/ThreadContext;Lorg/jruby/runtime/builtin/IRubyObject;Lorg/jruby/runtime/Binding;Lorg/jruby/runtime/Block$Type;)Lorg/jruby/runtime/builtin/IRubyObject;+52
j  org.jruby.runtime.Block.yield(Lorg/jruby/runtime/ThreadContext;Lorg/jruby/runtime/builtin/IRubyObject;)Lorg/jruby/runtime/builtin/IRubyObject;+14
j  org.jruby.RubyArray.eachCommon(Lorg/jruby/runtime/ThreadContext;Lorg/jruby/runtime/Block;)Lorg/jruby/runtime/builtin/IRubyObject;+41
j  org.jruby.RubyArray.each(Lorg/jruby/runtime/ThreadContext;Lorg/jruby/runtime/Block;)Lorg/jruby/runtime/builtin/IRubyObject;+10
j  org.jruby.RubyArray$INVOKER$i$0$0$each.call(Lorg/jruby/runtime/ThreadContext;Lorg/jruby/runtime/builtin/IRubyObject;Lorg/jruby/RubyModule;Ljava/lang/String;Lorg/jruby/runtime/Block;)Lorg/jruby/runtime/builtin/IRubyObject;+7
j  org.jruby.runtime.callsite.CachingCallSite.cacheAndCall(Lorg/jruby/runtime/builtin/IRubyObject;Lorg/jruby/RubyClass;Lorg/jruby/runtime/Block;Lorg/jruby/runtime/ThreadContext;Lorg/jruby/runtime/builtin/IRubyObject;)Lorg/jruby/runtime/builtin/IRubyObject;+57
j  org.jruby.runtime.callsite.CachingCallSite.callBlock(Lorg/jruby/runtime/ThreadContext;Lorg/jruby/runtime/builtin/IRubyObject;Lorg/jruby/runtime/builtin/IRubyObject;Lorg/jruby/runtime/Block;)Lorg/jruby/runtime/builtin/IRubyObject;+50
j  org.jruby.runtime.callsite.CachingCallSite.callIter(Lorg/jruby/runtime/ThreadContext;Lorg/jruby/runtime/builtin/IRubyObject;Lorg/jruby/runtime/builtin/IRubyObject;Lorg/jruby/runtime/Block;)Lorg/jruby/runtime/builtin/IRubyObject;+6
j  Makefile.__file__(LMakefile;Lorg/jruby/runtime/ThreadContext;Lorg/jruby/runtime/builtin/IRubyObject;[Lorg/jruby/runtime/builtin/IRubyObject;Lorg/jruby/runtime/Block;)Lorg/jruby/runtime/builtin/IRubyObject;+859
j  Makefile.load(Lorg/jruby/runtime/ThreadContext;Lorg/jruby/runtime/builtin/IRubyObject;Z)Lorg/jruby/runtime/builtin/IRubyObject;+22
j  org.jruby.Ruby.runScript(Lorg/jruby/ast/executable/Script;Z)Lorg/jruby/runtime/builtin/IRubyObject;+12
j  org.jruby.Ruby.runScript(Lorg/jruby/ast/executable/Script;)Lorg/jruby/runtime/builtin/IRubyObject;+3
j  org.jruby.Ruby.runNormally(Lorg/jruby/ast/Node;)Lorg/jruby/runtime/builtin/IRubyObject;+73
j  org.jruby.Ruby.runFromMain(Ljava/io/InputStream;Ljava/lang/String;)V+320
j  org.jruby.Main.doRunFromMain(Lorg/jruby/Ruby;Ljava/io/InputStream;Ljava/lang/String;)Lorg/jruby/Main$Status;+12
j  org.jruby.Main.internalRun()Lorg/jruby/Main$Status;+234
j  org.jruby.Main.run([Ljava/lang/String;)Lorg/jruby/Main$Status;+9
j  org.jruby.Main.main([Ljava/lang/String;)V+35
v  ~StubRoutines::call_stub

---------------  P R O C E S S  ---------------

Java Threads: ( => current thread )
  0x00007f226447c000 JavaThread "JRubyJIT-2" daemon [_thread_blocked, id=11893, stack(0x00007f2259386000,0x00007f2259587000)]
  0x00007f226447a800 JavaThread "process reaper" daemon [_thread_blocked, id=11826, stack(0x00007f22600b8000,0x00007f22600f1000)]
  0x00007f2264466000 JavaThread "JRubyJIT-1" daemon [_thread_blocked, id=11823, stack(0x00007f2259587000,0x00007f2259788000)]
  0x00007f22640ad000 JavaThread "Service Thread" daemon [_thread_blocked, id=11821, stack(0x00007f225b200000,0x00007f225b401000)]
  0x00007f22640aa800 JavaThread "C2 CompilerThread1" daemon [_thread_blocked, id=11820, stack(0x00007f225b401000,0x00007f225b502000)]
  0x00007f22640a7800 JavaThread "C2 CompilerThread0" daemon [_thread_blocked, id=11819, stack(0x00007f225b502000,0x00007f225b603000)]
  0x00007f22640a5800 JavaThread "Signal Dispatcher" daemon [_thread_blocked, id=11818, stack(0x00007f225b603000,0x00007f225b804000)]
  0x00007f2264082800 JavaThread "Finalizer" daemon [_thread_blocked, id=11817, stack(0x00007f225bbfe000,0x00007f225bdff000)]
  0x00007f2264080800 JavaThread "Reference Handler" daemon [_thread_blocked, id=11816, stack(0x00007f225bdff000,0x00007f225c000000)]
=>0x00007f226400a800 JavaThread "main" [_thread_in_native, id=11810, stack(0x00007f226b1c3000,0x00007f226b3c4000)]

Other Threads:
  0x00007f226407c800 VMThread [stack: 0x00007f22600f1000,0x00007f22601f2000] [id=11815]
  0x00007f22640b7800 WatcherThread [stack: 0x00007f225b0ff000,0x00007f225b200000] [id=11822]

VM state:not at safepoint (normal execution)

VM Mutex/Monitor currently owned by a thread: None

Heap
 PSYoungGen      total 157184K, used 81561K [0x00000000f5900000, 0x0000000100000000, 0x0000000100000000)
  eden space 156672K, 52% used [0x00000000f5900000,0x00000000fa896678,0x00000000ff200000)
  from space 512K, 12% used [0x00000000ff200000,0x00000000ff210000,0x00000000ff280000)
  to   space 7680K, 0% used [0x00000000ff880000,0x00000000ff880000,0x0000000100000000)
 ParOldGen       total 39936K, used 10359K [0x00000000e0c00000, 0x00000000e3300000, 0x00000000f5900000)
  object space 39936K, 25% used [0x00000000e0c00000,0x00000000e161dc08,0x00000000e3300000)
 PSPermGen       total 25600K, used 25481K [0x00000000d6600000, 0x00000000d7f00000, 0x00000000e0c00000)
  object space 25600K, 99% used [0x00000000d6600000,0x00000000d7ee2458,0x00000000d7f00000)

Card table byte_map: [0x00007f2269fe9000,0x00007f226a137000] byte_map_base: 0x00007f2269936000

Polling page: 0x00007f226d7d1000

Code Cache  [0x00007f2261000000, 0x00007f2261280000, 0x00007f2264000000)
 total_blobs=958 nmethods=479 adapters=433 free_code_cache=46986Kb largest_free_block=47746880

Compilation events (10 events):
Event: 5,778 Thread 0x00007f22640a7800  507             org.jruby.runtime.Block::isGiven (13 bytes)
Event: 5,778 Thread 0x00007f22640a7800 nmethod 507 0x00007f2261077b50 code [0x00007f2261077c80, 0x00007f2261077cf8]
Event: 5,800 Thread 0x00007f22640aa800  508             org.jruby.runtime.callsite.CachingCallSite::callBlock (54 bytes)
Event: 5,807 Thread 0x00007f22640aa800 nmethod 508 0x00007f22610955d0 code [0x00007f2261095780, 0x00007f2261095b78]
Event: 5,830 Thread 0x00007f22640a7800  509             org.jruby.runtime.ThreadContext::getRubyClass (40 bytes)
Event: 5,831 Thread 0x00007f22640aa800  510             org.jruby.ast.IterNode::getScope (5 bytes)
Event: 5,831 Thread 0x00007f22640aa800 nmethod 510 0x00007f2261077950 code [0x00007f2261077a80, 0x00007f2261077ad8]
Event: 5,831 Thread 0x00007f22640a7800 nmethod 509 0x00007f226108b950 code [0x00007f226108baa0, 0x00007f226108bb58]
Event: 5,841 Thread 0x00007f22640a7800  511             org.jruby.ext.ffi.MemoryObject::getMemoryIO (19 bytes)
Event: 5,842 Thread 0x00007f22640a7800 nmethod 511 0x00007f226107c910 code [0x00007f226107ca40, 0x00007f226107cab8]

GC Heap History (10 events):
Event: 4,476 GC heap before
{Heap before GC invocations=5 (full 0):
 PSYoungGen      total 64000K, used 63989K [0x00000000f5900000, 0x00000000f9a00000, 0x0000000100000000)
  eden space 61440K, 100% used [0x00000000f5900000,0x00000000f9500000,0x00000000f9500000)
  from space 2560K, 99% used [0x00000000f9780000,0x00000000f99fd528,0x00000000f9a00000)
  to   space 2560K, 0% used [0x00000000f9500000,0x00000000f9500000,0x00000000f9780000)
 ParOldGen       total 39936K, used 7797K [0x00000000e0c00000, 0x00000000e3300000, 0x00000000f5900000)
  object space 39936K, 19% used [0x00000000e0c00000,0x00000000e139d620,0x00000000e3300000)
 PSPermGen       total 25600K, used 25474K [0x00000000d6600000, 0x00000000d7f00000, 0x00000000e0c00000)
  object space 25600K, 99% used [0x00000000d6600000,0x00000000d7ee0808,0x00000000d7f00000)
Event: 4,498 GC heap after
Heap after GC invocations=5 (full 0):
 PSYoungGen      total 64000K, used 2549K [0x00000000f5900000, 0x00000000fde00000, 0x0000000100000000)
  eden space 61440K, 0% used [0x00000000f5900000,0x00000000f5900000,0x00000000f9500000)
  from space 2560K, 99% used [0x00000000f9500000,0x00000000f977d528,0x00000000f9780000)
  to   space 6656K, 0% used [0x00000000fd780000,0x00000000fd780000,0x00000000fde00000)
 ParOldGen       total 39936K, used 7837K [0x00000000e0c00000, 0x00000000e3300000, 0x00000000f5900000)
  object space 39936K, 19% used [0x00000000e0c00000,0x00000000e13a7620,0x00000000e3300000)
 PSPermGen       total 25600K, used 25474K [0x00000000d6600000, 0x00000000d7f00000, 0x00000000e0c00000)
  object space 25600K, 99% used [0x00000000d6600000,0x00000000d7ee0808,0x00000000d7f00000)
}
Event: 4,940 GC heap before
{Heap before GC invocations=6 (full 0):
 PSYoungGen      total 64000K, used 63989K [0x00000000f5900000, 0x00000000fde00000, 0x0000000100000000)
  eden space 61440K, 100% used [0x00000000f5900000,0x00000000f9500000,0x00000000f9500000)
  from space 2560K, 99% used [0x00000000f9500000,0x00000000f977d528,0x00000000f9780000)
  to   space 6656K, 0% used [0x00000000fd780000,0x00000000fd780000,0x00000000fde00000)
 ParOldGen       total 39936K, used 7837K [0x00000000e0c00000, 0x00000000e3300000, 0x00000000f5900000)
  object space 39936K, 19% used [0x00000000e0c00000,0x00000000e13a7620,0x00000000e3300000)
 PSPermGen       total 25600K, used 25474K [0x00000000d6600000, 0x00000000d7f00000, 0x00000000e0c00000)
  object space 25600K, 99% used [0x00000000d6600000,0x00000000d7ee0a50,0x00000000d7f00000)
Event: 4,961 GC heap after
Heap after GC invocations=6 (full 0):
 PSYoungGen      total 129536K, used 2565K [0x00000000f5900000, 0x00000000fde00000, 0x0000000100000000)
  eden space 122880K, 0% used [0x00000000f5900000,0x00000000f5900000,0x00000000fd100000)
  from space 6656K, 38% used [0x00000000fd780000,0x00000000fda01538,0x00000000fde00000)
  to   space 6656K, 0% used [0x00000000fd100000,0x00000000fd100000,0x00000000fd780000)
 ParOldGen       total 39936K, used 7837K [0x00000000e0c00000, 0x00000000e3300000, 0x00000000f5900000)
  object space 39936K, 19% used [0x00000000e0c00000,0x00000000e13a7620,0x00000000e3300000)
 PSPermGen       total 25600K, used 25474K [0x00000000d6600000, 0x00000000d7f00000, 0x00000000e0c00000)
  object space 25600K, 99% used [0x00000000d6600000,0x00000000d7ee0a50,0x00000000d7f00000)
}
Event: 5,382 GC heap before
{Heap before GC invocations=7 (full 0):
 PSYoungGen      total 129536K, used 125445K [0x00000000f5900000, 0x00000000fde00000, 0x0000000100000000)
  eden space 122880K, 100% used [0x00000000f5900000,0x00000000fd100000,0x00000000fd100000)
  from space 6656K, 38% used [0x00000000fd780000,0x00000000fda01538,0x00000000fde00000)
  to   space 6656K, 0% used [0x00000000fd100000,0x00000000fd100000,0x00000000fd780000)
 ParOldGen       total 39936K, used 7837K [0x00000000e0c00000, 0x00000000e3300000, 0x00000000f5900000)
  object space 39936K, 19% used [0x00000000e0c00000,0x00000000e13a7620,0x00000000e3300000)
 PSPermGen       total 25600K, used 25478K [0x00000000d6600000, 0x00000000d7f00000, 0x00000000e0c00000)
  object space 25600K, 99% used [0x00000000d6600000,0x00000000d7ee1b30,0x00000000d7f00000)
Event: 5,399 GC heap after
Heap after GC invocations=7 (full 0):
 PSYoungGen      total 129536K, used 1056K [0x00000000f5900000, 0x0000000100000000, 0x0000000100000000)
  eden space 122880K, 0% used [0x00000000f5900000,0x00000000f5900000,0x00000000fd100000)
  from space 6656K, 15% used [0x00000000fd100000,0x00000000fd208000,0x00000000fd780000)
  to   space 7168K, 0% used [0x00000000ff900000,0x00000000ff900000,0x0000000100000000)
 ParOldGen       total 39936K, used 9374K [0x00000000e0c00000, 0x00000000e3300000, 0x00000000f5900000)
  object space 39936K, 23% used [0x00000000e0c00000,0x00000000e1527bb8,0x00000000e3300000)
 PSPermGen       total 25600K, used 25478K [0x00000000d6600000, 0x00000000d7f00000, 0x00000000e0c00000)
  object space 25600K, 99% used [0x00000000d6600000,0x00000000d7ee1b30,0x00000000d7f00000)
}
Event: 5,542 GC heap before
{Heap before GC invocations=8 (full 0):
 PSYoungGen      total 129536K, used 123936K [0x00000000f5900000, 0x0000000100000000, 0x0000000100000000)
  eden space 122880K, 100% used [0x00000000f5900000,0x00000000fd100000,0x00000000fd100000)
  from space 6656K, 15% used [0x00000000fd100000,0x00000000fd208000,0x00000000fd780000)
  to   space 7168K, 0% used [0x00000000ff900000,0x00000000ff900000,0x0000000100000000)
 ParOldGen       total 39936K, used 9374K [0x00000000e0c00000, 0x00000000e3300000, 0x00000000f5900000)
  object space 39936K, 23% used [0x00000000e0c00000,0x00000000e1527bb8,0x00000000e3300000)
 PSPermGen       total 25600K, used 25478K [0x00000000d6600000, 0x00000000d7f00000, 0x00000000e0c00000)
  object space 25600K, 99% used [0x00000000d6600000,0x00000000d7ee1b30,0x00000000d7f00000)
Event: 5,547 GC heap after
Heap after GC invocations=8 (full 0):
 PSYoungGen      total 163840K, used 96K [0x00000000f5900000, 0x0000000100000000, 0x0000000100000000)
  eden space 156672K, 0% used [0x00000000f5900000,0x00000000f5900000,0x00000000ff200000)
  from space 7168K, 1% used [0x00000000ff900000,0x00000000ff918000,0x0000000100000000)
  to   space 7168K, 0% used [0x00000000ff200000,0x00000000ff200000,0x00000000ff900000)
 ParOldGen       total 39936K, used 10351K [0x00000000e0c00000, 0x00000000e3300000, 0x00000000f5900000)
  object space 39936K, 25% used [0x00000000e0c00000,0x00000000e161bc08,0x00000000e3300000)
 PSPermGen       total 25600K, used 25478K [0x00000000d6600000, 0x00000000d7f00000, 0x00000000e0c00000)
  object space 25600K, 99% used [0x00000000d6600000,0x00000000d7ee1b30,0x00000000d7f00000)
}
Event: 5,739 GC heap before
{Heap before GC invocations=9 (full 0):
 PSYoungGen      total 163840K, used 156768K [0x00000000f5900000, 0x0000000100000000, 0x0000000100000000)
  eden space 156672K, 100% used [0x00000000f5900000,0x00000000ff200000,0x00000000ff200000)
  from space 7168K, 1% used [0x00000000ff900000,0x00000000ff918000,0x0000000100000000)
  to   space 7168K, 0% used [0x00000000ff200000,0x00000000ff200000,0x00000000ff900000)
 ParOldGen       total 39936K, used 10351K [0x00000000e0c00000, 0x00000000e3300000, 0x00000000f5900000)
  object space 39936K, 25% used [0x00000000e0c00000,0x00000000e161bc08,0x00000000e3300000)
 PSPermGen       total 25600K, used 25478K [0x00000000d6600000, 0x00000000d7f00000, 0x00000000e0c00000)
  object space 25600K, 99% used [0x00000000d6600000,0x00000000d7ee1b30,0x00000000d7f00000)
Event: 5,747 GC heap after
Heap after GC invocations=9 (full 0):
 PSYoungGen      total 157184K, used 64K [0x00000000f5900000, 0x0000000100000000, 0x0000000100000000)
  eden space 156672K, 0% used [0x00000000f5900000,0x00000000f5900000,0x00000000ff200000)
  from space 512K, 12% used [0x00000000ff200000,0x00000000ff210000,0x00000000ff280000)
  to   space 7680K, 0% used [0x00000000ff880000,0x00000000ff880000,0x0000000100000000)
 ParOldGen       total 39936K, used 10359K [0x00000000e0c00000, 0x00000000e3300000, 0x00000000f5900000)
  object space 39936K, 25% used [0x00000000e0c00000,0x00000000e161dc08,0x00000000e3300000)
 PSPermGen       total 25600K, used 25478K [0x00000000d6600000, 0x00000000d7f00000, 0x00000000e0c00000)
  object space 25600K, 99% used [0x00000000d6600000,0x00000000d7ee1b30,0x00000000d7f00000)
}

Deoptimization events (10 events):
Event: 3,281 Thread 0x00007f226400a800 Uncommon trap: reason=class_check action=maybe_recompile pc=0x00007f226116aa78 method=org.jruby.RubyArray.compare(Lorg/jruby/runtime/ThreadContext;Lorg/jruby/runtime/invokedynamic/MethodNames;Lorg/jruby/runtime/builtin/IRubyObject;)Lorg/jruby/RubyBoolean;
Event: 3,281 Thread 0x00007f226400a800 Uncommon trap: reason=class_check action=maybe_recompile pc=0x00007f226116aa78 method=org.jruby.RubyArray.compare(Lorg/jruby/runtime/ThreadContext;Lorg/jruby/runtime/invokedynamic/MethodNames;Lorg/jruby/runtime/builtin/IRubyObject;)Lorg/jruby/RubyBoolean;
Event: 3,281 Thread 0x00007f226400a800 Uncommon trap: reason=class_check action=maybe_recompile pc=0x00007f226116aa78 method=org.jruby.RubyArray.compare(Lorg/jruby/runtime/ThreadContext;Lorg/jruby/runtime/invokedynamic/MethodNames;Lorg/jruby/runtime/builtin/IRubyObject;)Lorg/jruby/RubyBoolean;
Event: 3,598 Thread 0x00007f226400a800 Uncommon trap: reason=unreached action=reinterpret pc=0x00007f22611b5050 method=java.util.HashSet.add(Ljava/lang/Object;)Z @ 11
Event: 5,839 Thread 0x00007f226400a800 Uncommon trap: reason=unreached action=reinterpret pc=0x00007f2261086f08 method=org.jruby.parser.StaticScope.determineModule()Lorg/jruby/RubyModule; @ 4
Event: 5,839 Thread 0x00007f226400a800 Uncommon trap: reason=class_check action=maybe_recompile pc=0x00007f22611cca7c method=org.jruby.runtime.callsite.NormalCachingCallSite.methodMissing(Lorg/jruby/internal/runtime/methods/DynamicMethod;Lorg/jruby/runtime/builtin/IRubyObject;)Z @ 25
Event: 5,840 Thread 0x00007f226400a800 Uncommon trap: reason=class_check action=maybe_recompile pc=0x00007f22611cca7c method=org.jruby.runtime.callsite.NormalCachingCallSite.methodMissing(Lorg/jruby/internal/runtime/methods/DynamicMethod;Lorg/jruby/runtime/builtin/IRubyObject;)Z @ 25
Event: 5,840 Thread 0x00007f226400a800 Uncommon trap: reason=class_check action=maybe_recompile pc=0x00007f22611cca7c method=org.jruby.runtime.callsite.NormalCachingCallSite.methodMissing(Lorg/jruby/internal/runtime/methods/DynamicMethod;Lorg/jruby/runtime/builtin/IRubyObject;)Z @ 25
Event: 5,840 Thread 0x00007f226400a800 Uncommon trap: reason=class_check action=maybe_recompile pc=0x00007f22611cca7c method=org.jruby.runtime.callsite.NormalCachingCallSite.methodMissing(Lorg/jruby/internal/runtime/methods/DynamicMethod;Lorg/jruby/runtime/builtin/IRubyObject;)Z @ 25
Event: 5,840 Thread 0x00007f226400a800 Uncommon trap: reason=unreached action=reinterpret pc=0x00007f2261077ccc method=org.jruby.runtime.Block.isGiven()Z @ 4

Internal exceptions (10 events):
Event: 3,089 Thread 0x00007f226447c000 Threw 0x00000000f6292a28 at /build/buildd/openjdk-7-7u51-2.4.4/build/openjdk/hotspot/src/share/vm/prims/jvm.cpp:1244
Event: 3,089 Thread 0x00007f226447c000 Threw 0x00000000f6293ac8 at /build/buildd/openjdk-7-7u51-2.4.4/build/openjdk/hotspot/src/share/vm/prims/jvm.cpp:1244
Event: 3,144 Thread 0x00007f2264466000 Threw 0x00000000f62fa2e0 at /build/buildd/openjdk-7-7u51-2.4.4/build/openjdk/hotspot/src/share/vm/prims/jvm.cpp:1244
Event: 3,144 Thread 0x00007f2264466000 Threw 0x00000000f62fb3e0 at /build/buildd/openjdk-7-7u51-2.4.4/build/openjdk/hotspot/src/share/vm/prims/jvm.cpp:1244
Event: 3,153 Thread 0x00007f2264466000 Threw 0x00000000f64c7790 at /build/buildd/openjdk-7-7u51-2.4.4/build/openjdk/hotspot/src/share/vm/prims/jvm.cpp:1244
Event: 3,153 Thread 0x00007f2264466000 Threw 0x00000000f64c8890 at /build/buildd/openjdk-7-7u51-2.4.4/build/openjdk/hotspot/src/share/vm/prims/jvm.cpp:1244
Event: 3,157 Thread 0x00007f2264466000 Threw 0x00000000f64f0240 at /build/buildd/openjdk-7-7u51-2.4.4/build/openjdk/hotspot/src/share/vm/prims/jvm.cpp:1244
Event: 3,157 Thread 0x00007f2264466000 Threw 0x00000000f64f13e8 at /build/buildd/openjdk-7-7u51-2.4.4/build/openjdk/hotspot/src/share/vm/prims/jvm.cpp:1244
Event: 3,289 Thread 0x00007f226447c000 Threw 0x00000000f6636410 at /build/buildd/openjdk-7-7u51-2.4.4/build/openjdk/hotspot/src/share/vm/prims/jvm.cpp:1244
Event: 3,289 Thread 0x00007f226447c000 Threw 0x00000000f66376b0 at /build/buildd/openjdk-7-7u51-2.4.4/build/openjdk/hotspot/src/share/vm/prims/jvm.cpp:1244

Events (10 events):
Event: 5,840 Thread 0x00007f226400a800 DEOPT PACKING pc=0x00007f22611cca7c sp=0x00007f226b3c0b90
Event: 5,840 Thread 0x00007f226400a800 DEOPT UNPACKING pc=0x00007f2261039045 sp=0x00007f226b3c0b58 mode 2
Event: 5,840 Thread 0x00007f226400a800 Uncommon trap: trap_request=0xffffffde fr.pc=0x00007f22611cca7c
Event: 5,840 Thread 0x00007f226400a800 DEOPT PACKING pc=0x00007f22611cca7c sp=0x00007f226b3c0bf0
Event: 5,840 Thread 0x00007f226400a800 DEOPT UNPACKING pc=0x00007f2261039045 sp=0x00007f226b3c0bb8 mode 2
Event: 5,840 Thread 0x00007f226400a800 Uncommon trap: trap_request=0xffffffad fr.pc=0x00007f2261077ccc
Event: 5,840 Thread 0x00007f226400a800 DEOPT PACKING pc=0x00007f2261077ccc sp=0x00007f226b3c09e0
Event: 5,840 Thread 0x00007f226400a800 DEOPT UNPACKING pc=0x00007f2261039045 sp=0x00007f226b3c0990 mode 2
Event: 5,842 Thread 0x00007f22640a7800 flushing nmethod 0x00007f2261118ed0
Event: 5,842 Thread 0x00007f22640a7800 flushing nmethod 0x00007f2261126790


Dynamic libraries:
00400000-00401000 r-xp 00000000 08:05 12322450                           /usr/lib/jvm/java-7-openjdk-amd64/jre/bin/java
00600000-00601000 r--p 00000000 08:05 12322450                           /usr/lib/jvm/java-7-openjdk-amd64/jre/bin/java
00601000-00602000 rw-p 00001000 08:05 12322450                           /usr/lib/jvm/java-7-openjdk-amd64/jre/bin/java
01144000-01165000 rw-p 00000000 00:00 0                                  [heap]
d6600000-d7f00000 rw-p 00000000 00:00 0 
d7f00000-e0c00000 rw-p 00000000 00:00 0 
e0c00000-e3300000 rw-p 00000000 00:00 0 
e3300000-f5900000 rw-p 00000000 00:00 0 
f5900000-100000000 rw-p 00000000 00:00 0 
7f2214000000-7f2214021000 rw-p 00000000 00:00 0 
7f2214021000-7f2218000000 ---p 00000000 00:00 0 
7f2218000000-7f2218021000 rw-p 00000000 00:00 0 
7f2218021000-7f221c000000 ---p 00000000 00:00 0 
7f221c000000-7f221c021000 rw-p 00000000 00:00 0 
7f221c021000-7f2220000000 ---p 00000000 00:00 0 
7f2220000000-7f2220021000 rw-p 00000000 00:00 0 
7f2220021000-7f2224000000 ---p 00000000 00:00 0 
7f2224000000-7f2224021000 rw-p 00000000 00:00 0 
7f2224021000-7f2228000000 ---p 00000000 00:00 0 
7f2228000000-7f2228027000 rw-p 00000000 00:00 0 
7f2228027000-7f222c000000 ---p 00000000 00:00 0 
7f222c000000-7f222dd44000 rw-p 00000000 00:00 0 
7f222dd44000-7f2230000000 ---p 00000000 00:00 0 
7f2230000000-7f2230021000 rw-p 00000000 00:00 0 
7f2230021000-7f2234000000 ---p 00000000 00:00 0 
7f2234000000-7f2234021000 rw-p 00000000 00:00 0 
7f2234021000-7f2238000000 ---p 00000000 00:00 0 
7f2238000000-7f2239aad000 rw-p 00000000 00:00 0 
7f2239aad000-7f223c000000 ---p 00000000 00:00 0 
7f223c000000-7f223c021000 rw-p 00000000 00:00 0 
7f223c021000-7f2240000000 ---p 00000000 00:00 0 
7f2240000000-7f2240021000 rw-p 00000000 00:00 0 
7f2240021000-7f2244000000 ---p 00000000 00:00 0 
7f2244000000-7f2244021000 rw-p 00000000 00:00 0 
7f2244021000-7f2248000000 ---p 00000000 00:00 0 
7f2248000000-7f2248021000 rw-p 00000000 00:00 0 
7f2248021000-7f224c000000 ---p 00000000 00:00 0 
7f224c000000-7f224c021000 rw-p 00000000 00:00 0 
7f224c021000-7f2250000000 ---p 00000000 00:00 0 
7f2254000000-7f2254021000 rw-p 00000000 00:00 0 
7f2254021000-7f2258000000 ---p 00000000 00:00 0 
7f225897c000-7f225897e000 r-xp 00000000 08:05 16777919                   /home/luis/practica01/src/lib/libconvex_hull.so
7f225897e000-7f2258b7d000 ---p 00002000 08:05 16777919                   /home/luis/practica01/src/lib/libconvex_hull.so
7f2258b7d000-7f2258b7e000 r--p 00001000 08:05 16777919                   /home/luis/practica01/src/lib/libconvex_hull.so
7f2258b7e000-7f2258b7f000 rw-p 00002000 08:05 16777919                   /home/luis/practica01/src/lib/libconvex_hull.so
7f2258b7f000-7f2258b81000 r-xp 00000000 08:05 16777820                   /home/luis/practica01/src/lib/libdouble_linked_list.so
7f2258b81000-7f2258d80000 ---p 00002000 08:05 16777820                   /home/luis/practica01/src/lib/libdouble_linked_list.so
7f2258d80000-7f2258d81000 r--p 00001000 08:05 16777820                   /home/luis/practica01/src/lib/libdouble_linked_list.so
7f2258d81000-7f2258d82000 rw-p 00002000 08:05 16777820                   /home/luis/practica01/src/lib/libdouble_linked_list.so
7f2258d82000-7f2258d83000 r-xp 00000000 08:05 16777791                   /home/luis/practica01/src/lib/lib2d_points.so
7f2258d83000-7f2258f82000 ---p 00001000 08:05 16777791                   /home/luis/practica01/src/lib/lib2d_points.so
7f2258f82000-7f2258f83000 r--p 00000000 08:05 16777791                   /home/luis/practica01/src/lib/lib2d_points.so
7f2258f83000-7f2258f84000 rw-p 00001000 08:05 16777791                   /home/luis/practica01/src/lib/lib2d_points.so
7f2258f84000-7f2258f87000 ---p 00000000 00:00 0 
7f2258f87000-7f2259185000 rw-p 00000000 00:00 0 
7f2259185000-7f2259188000 ---p 00000000 00:00 0 
7f2259188000-7f2259386000 rw-p 00000000 00:00 0 
7f2259386000-7f2259389000 ---p 00000000 00:00 0 
7f2259389000-7f2259587000 rw-p 00000000 00:00 0                          [stack:11893]
7f2259587000-7f225958a000 ---p 00000000 00:00 0 
7f225958a000-7f2259788000 rw-p 00000000 00:00 0                          [stack:11823]
7f2259788000-7f225979a000 r-xp 00000000 08:05 16253453                   /home/luis/.rbenv/versions/jruby-1.7.10/lib/jni/x86_64-Linux/libjffi-1.2.so
7f225979a000-7f2259999000 ---p 00012000 08:05 16253453                   /home/luis/.rbenv/versions/jruby-1.7.10/lib/jni/x86_64-Linux/libjffi-1.2.so
7f2259999000-7f225999a000 rw-p 00011000 08:05 16253453                   /home/luis/.rbenv/versions/jruby-1.7.10/lib/jni/x86_64-Linux/libjffi-1.2.so
7f225999a000-7f22599aa000 r-xp 00000000 08:05 12322344                   /usr/lib/jvm/java-7-openjdk-amd64/jre/lib/amd64/libnio.so
7f22599aa000-7f2259baa000 ---p 00010000 08:05 12322344                   /usr/lib/jvm/java-7-openjdk-amd64/jre/lib/amd64/libnio.so
7f2259baa000-7f2259bab000 r--p 00010000 08:05 12322344                   /usr/lib/jvm/java-7-openjdk-amd64/jre/lib/amd64/libnio.so
7f2259bab000-7f2259bac000 rw-p 00011000 08:05 12322344                   /usr/lib/jvm/java-7-openjdk-amd64/jre/lib/amd64/libnio.so
7f2259bac000-7f2259be9000 r-xp 00000000 08:05 9834371                    /lib/x86_64-linux-gnu/libpcre.so.3.13.1
7f2259be9000-7f2259de9000 ---p 0003d000 08:05 9834371                    /lib/x86_64-linux-gnu/libpcre.so.3.13.1
7f2259de9000-7f2259dea000 r--p 0003d000 08:05 9834371                    /lib/x86_64-linux-gnu/libpcre.so.3.13.1
7f2259dea000-7f2259deb000 rw-p 0003e000 08:05 9834371                    /lib/x86_64-linux-gnu/libpcre.so.3.13.1
7f2259deb000-7f2259df2000 r-xp 00000000 08:05 12196946                   /usr/lib/x86_64-linux-gnu/libffi.so.6.0.1
7f2259df2000-7f2259ff1000 ---p 00007000 08:05 12196946                   /usr/lib/x86_64-linux-gnu/libffi.so.6.0.1
7f2259ff1000-7f2259ff2000 r--p 00006000 08:05 12196946                   /usr/lib/x86_64-linux-gnu/libffi.so.6.0.1
7f2259ff2000-7f2259ff3000 rw-p 00007000 08:05 12196946                   /usr/lib/x86_64-linux-gnu/libffi.so.6.0.1
7f2259ff3000-7f225a009000 r-xp 00000000 08:05 9834394                    /lib/x86_64-linux-gnu/libresolv-2.17.so
7f225a009000-7f225a209000 ---p 00016000 08:05 9834394                    /lib/x86_64-linux-gnu/libresolv-2.17.so
7f225a209000-7f225a20a000 r--p 00016000 08:05 9834394                    /lib/x86_64-linux-gnu/libresolv-2.17.so
7f225a20a000-7f225a20b000 rw-p 00017000 08:05 9834394                    /lib/x86_64-linux-gnu/libresolv-2.17.so
7f225a20b000-7f225a20d000 rw-p 00000000 00:00 0 
7f225a20d000-7f225a22c000 r-xp 00000000 08:05 9834398                    /lib/x86_64-linux-gnu/libselinux.so.1
7f225a22c000-7f225a42c000 ---p 0001f000 08:05 9834398                    /lib/x86_64-linux-gnu/libselinux.so.1
7f225a42c000-7f225a42d000 r--p 0001f000 08:05 9834398                    /lib/x86_64-linux-gnu/libselinux.so.1
7f225a42d000-7f225a42e000 rw-p 00020000 08:05 9834398                    /lib/x86_64-linux-gnu/libselinux.so.1
7f225a42e000-7f225a42f000 rw-p 00000000 00:00 0 
7f225a42f000-7f225a432000 r-xp 00000000 08:05 12190134                   /usr/lib/x86_64-linux-gnu/libgmodule-2.0.so.0.3800.1
7f225a432000-7f225a631000 ---p 00003000 08:05 12190134                   /usr/lib/x86_64-linux-gnu/libgmodule-2.0.so.0.3800.1
7f225a631000-7f225a632000 r--p 00002000 08:05 12190134                   /usr/lib/x86_64-linux-gnu/libgmodule-2.0.so.0.3800.1
7f225a632000-7f225a633000 rw-p 00003000 08:05 12190134                   /usr/lib/x86_64-linux-gnu/libgmodule-2.0.so.0.3800.1
7f225a633000-7f225a731000 r-xp 00000000 08:05 9834386                    /lib/x86_64-linux-gnu/libglib-2.0.so.0.3800.1
7f225a731000-7f225a931000 ---p 000fe000 08:05 9834386                    /lib/x86_64-linux-gnu/libglib-2.0.so.0.3800.1
7f225a931000-7f225a932000 r--p 000fe000 08:05 9834386                    /lib/x86_64-linux-gnu/libglib-2.0.so.0.3800.1
7f225a932000-7f225a933000 rw-p 000ff000 08:05 9834386                    /lib/x86_64-linux-gnu/libglib-2.0.so.0.3800.1
7f225a933000-7f225a934000 rw-p 00000000 00:00 0 
7f225a934000-7f225a983000 r-xp 00000000 08:05 12190125                   /usr/lib/x86_64-linux-gnu/libgobject-2.0.so.0.3800.1
7f225a983000-7f225ab83000 ---p 0004f000 08:05 12190125                   /usr/lib/x86_64-linux-gnu/libgobject-2.0.so.0.3800.1
7f225ab83000-7f225ab84000 r--p 0004f000 08:05 12190125                   /usr/lib/x86_64-linux-gnu/libgobject-2.0.so.0.3800.1
7f225ab84000-7f225ab85000 rw-p 00050000 08:05 12190125                   /usr/lib/x86_64-linux-gnu/libgobject-2.0.so.0.3800.1
7f225ab85000-7f225ace1000 r-xp 00000000 08:05 12190099                   /usr/lib/x86_64-linux-gnu/libgio-2.0.so.0.3800.1
7f225ace1000-7f225aee0000 ---p 0015c000 08:05 12190099                   /usr/lib/x86_64-linux-gnu/libgio-2.0.so.0.3800.1
7f225aee0000-7f225aee4000 r--p 0015b000 08:05 12190099                   /usr/lib/x86_64-linux-gnu/libgio-2.0.so.0.3800.1
7f225aee4000-7f225aee6000 rw-p 0015f000 08:05 12190099                   /usr/lib/x86_64-linux-gnu/libgio-2.0.so.0.3800.1
7f225aee6000-7f225aee8000 rw-p 00000000 00:00 0 
7f225aee8000-7f225aefe000 r-xp 00000000 08:05 12322132                   /usr/lib/jvm/java-7-openjdk-amd64/jre/lib/amd64/libnet.so
7f225aefe000-7f225b0fd000 ---p 00016000 08:05 12322132                   /usr/lib/jvm/java-7-openjdk-amd64/jre/lib/amd64/libnet.so
7f225b0fd000-7f225b0fe000 r--p 00015000 08:05 12322132                   /usr/lib/jvm/java-7-openjdk-amd64/jre/lib/amd64/libnet.so
7f225b0fe000-7f225b0ff000 rw-p 00016000 08:05 12322132                   /usr/lib/jvm/java-7-openjdk-amd64/jre/lib/amd64/libnet.so
7f225b0ff000-7f225b100000 ---p 00000000 00:00 0 
7f225b100000-7f225b200000 rw-p 00000000 00:00 0                          [stack:11822]
7f225b200000-7f225b203000 ---p 00000000 00:00 0 
7f225b203000-7f225b401000 rw-p 00000000 00:00 0                          [stack:11821]
7f225b401000-7f225b404000 ---p 00000000 00:00 0 
7f225b404000-7f225b502000 rw-p 00000000 00:00 0                          [stack:11820]
7f225b502000-7f225b505000 ---p 00000000 00:00 0 
7f225b505000-7f225b603000 rw-p 00000000 00:00 0                          [stack:11819]
7f225b603000-7f225b606000 ---p 00000000 00:00 0 
7f225b606000-7f225b804000 rw-p 00000000 00:00 0                          [stack:11818]
7f225b804000-7f225bbfe000 r--p 00000000 08:05 12195384                   /usr/lib/locale/locale-archive
7f225bbfe000-7f225bc01000 ---p 00000000 00:00 0 
7f225bc01000-7f225bdff000 rw-p 00000000 00:00 0                          [stack:11817]
7f225bdff000-7f225be02000 ---p 00000000 00:00 0 
7f225be02000-7f225c000000 rw-p 00000000 00:00 0                          [stack:11816]
7f225c000000-7f225c021000 rw-p 00000000 00:00 0 
7f225c021000-7f2260000000 ---p 00000000 00:00 0 
7f22600b8000-7f22600bb000 ---p 00000000 00:00 0 
7f22600bb000-7f22600f1000 rw-p 00000000 00:00 0                          [stack:11826]
7f22600f1000-7f22600f2000 ---p 00000000 00:00 0 
7f22600f2000-7f2261000000 rw-p 00000000 00:00 0                          [stack:11815]
7f2261000000-7f2261280000 rwxp 00000000 00:00 0 
7f2261280000-7f22644b8000 rw-p 00000000 00:00 0 
7f22644b8000-7f2268000000 ---p 00000000 00:00 0 
7f2268021000-7f22681f0000 rw-p 00000000 00:00 0 
7f22681f0000-7f22682d9000 r--s 00bb9000 08:05 16253440                   /home/luis/.rbenv/versions/jruby-1.7.10/lib/jruby.jar
7f22682d9000-7f2268321000 rw-p 00000000 00:00 0 
7f2268321000-7f22684cf000 r--s 01cf4000 08:05 12322430                   /usr/lib/jvm/java-7-openjdk-amd64/jre/lib/rt.jar
7f22684cf000-7f2269be5000 rw-p 00000000 00:00 0 
7f2269be5000-7f2269be6000 ---p 00000000 00:00 0 
7f2269be6000-7f2269ce6000 rw-p 00000000 00:00 0                          [stack:11814]
7f2269ce6000-7f2269ce7000 ---p 00000000 00:00 0 
7f2269ce7000-7f2269de7000 rw-p 00000000 00:00 0                          [stack:11813]
7f2269de7000-7f2269de8000 ---p 00000000 00:00 0 
7f2269de8000-7f2269ee8000 rw-p 00000000 00:00 0                          [stack:11812]
7f2269ee8000-7f2269ee9000 ---p 00000000 00:00 0 
7f2269ee9000-7f2269ff6000 rw-p 00000000 00:00 0                          [stack:11811]
7f2269ff6000-7f226a03c000 rw-p 00000000 00:00 0 
7f226a03c000-7f226a050000 rw-p 00000000 00:00 0 
7f226a050000-7f226a0e2000 rw-p 00000000 00:00 0 
7f226a0e2000-7f226a136000 rw-p 00000000 00:00 0 
7f226a136000-7f226a137000 rw-p 00000000 00:00 0 
7f226a137000-7f226a13f000 r-xp 00000000 08:05 12322081                   /usr/lib/jvm/java-7-openjdk-amd64/jre/lib/amd64/libzip.so
7f226a13f000-7f226a33e000 ---p 00008000 08:05 12322081                   /usr/lib/jvm/java-7-openjdk-amd64/jre/lib/amd64/libzip.so
7f226a33e000-7f226a33f000 r--p 00007000 08:05 12322081                   /usr/lib/jvm/java-7-openjdk-amd64/jre/lib/amd64/libzip.so
7f226a33f000-7f226a340000 rw-p 00008000 08:05 12322081                   /usr/lib/jvm/java-7-openjdk-amd64/jre/lib/amd64/libzip.so
7f226a340000-7f226a34c000 r-xp 00000000 08:05 9834349                    /lib/x86_64-linux-gnu/libnss_files-2.17.so
7f226a34c000-7f226a54b000 ---p 0000c000 08:05 9834349                    /lib/x86_64-linux-gnu/libnss_files-2.17.so
7f226a54b000-7f226a54c000 r--p 0000b000 08:05 9834349                    /lib/x86_64-linux-gnu/libnss_files-2.17.so
7f226a54c000-7f226a54d000 rw-p 0000c000 08:05 9834349                    /lib/x86_64-linux-gnu/libnss_files-2.17.so
7f226a54d000-7f226a558000 r-xp 00000000 08:05 9834353                    /lib/x86_64-linux-gnu/libnss_nis-2.17.so
7f226a558000-7f226a757000 ---p 0000b000 08:05 9834353                    /lib/x86_64-linux-gnu/libnss_nis-2.17.so
7f226a757000-7f226a758000 r--p 0000a000 08:05 9834353                    /lib/x86_64-linux-gnu/libnss_nis-2.17.so
7f226a758000-7f226a759000 rw-p 0000b000 08:05 9834353                    /lib/x86_64-linux-gnu/libnss_nis-2.17.so
7f226a759000-7f226a770000 r-xp 00000000 08:05 9834343                    /lib/x86_64-linux-gnu/libnsl-2.17.so
7f226a770000-7f226a96f000 ---p 00017000 08:05 9834343                    /lib/x86_64-linux-gnu/libnsl-2.17.so
7f226a96f000-7f226a970000 r--p 00016000 08:05 9834343                    /lib/x86_64-linux-gnu/libnsl-2.17.so
7f226a970000-7f226a971000 rw-p 00017000 08:05 9834343                    /lib/x86_64-linux-gnu/libnsl-2.17.so
7f226a971000-7f226a973000 rw-p 00000000 00:00 0 
7f226a973000-7f226a97b000 r-xp 00000000 08:05 9834345                    /lib/x86_64-linux-gnu/libnss_compat-2.17.so
7f226a97b000-7f226ab7a000 ---p 00008000 08:05 9834345                    /lib/x86_64-linux-gnu/libnss_compat-2.17.so
7f226ab7a000-7f226ab7b000 r--p 00007000 08:05 9834345                    /lib/x86_64-linux-gnu/libnss_compat-2.17.so
7f226ab7b000-7f226ab7c000 rw-p 00008000 08:05 9834345                    /lib/x86_64-linux-gnu/libnss_compat-2.17.so
7f226ab7c000-7f226aba7000 r-xp 00000000 08:05 12322007                   /usr/lib/jvm/java-7-openjdk-amd64/jre/lib/amd64/libjava.so
7f226aba7000-7f226ada6000 ---p 0002b000 08:05 12322007                   /usr/lib/jvm/java-7-openjdk-amd64/jre/lib/amd64/libjava.so
7f226ada6000-7f226ada7000 r--p 0002a000 08:05 12322007                   /usr/lib/jvm/java-7-openjdk-amd64/jre/lib/amd64/libjava.so
7f226ada7000-7f226ada9000 rw-p 0002b000 08:05 12322007                   /usr/lib/jvm/java-7-openjdk-amd64/jre/lib/amd64/libjava.so
7f226ada9000-7f226adb9000 r-xp 00000000 08:05 12322321                   /usr/lib/jvm/java-7-openjdk-amd64/jre/lib/amd64/libverify.so
7f226adb9000-7f226afb8000 ---p 00010000 08:05 12322321                   /usr/lib/jvm/java-7-openjdk-amd64/jre/lib/amd64/libverify.so
7f226afb8000-7f226afba000 r--p 0000f000 08:05 12322321                   /usr/lib/jvm/java-7-openjdk-amd64/jre/lib/amd64/libverify.so
7f226afba000-7f226afbb000 rw-p 00011000 08:05 12322321                   /usr/lib/jvm/java-7-openjdk-amd64/jre/lib/amd64/libverify.so
7f226afbb000-7f226afc2000 r-xp 00000000 08:05 9834396                    /lib/x86_64-linux-gnu/librt-2.17.so
7f226afc2000-7f226b1c1000 ---p 00007000 08:05 9834396                    /lib/x86_64-linux-gnu/librt-2.17.so
7f226b1c1000-7f226b1c2000 r--p 00006000 08:05 9834396                    /lib/x86_64-linux-gnu/librt-2.17.so
7f226b1c2000-7f226b1c3000 rw-p 00007000 08:05 9834396                    /lib/x86_64-linux-gnu/librt-2.17.so
7f226b1c3000-7f226b1c6000 ---p 00000000 00:00 0 
7f226b1c6000-7f226b3c4000 rw-p 00000000 00:00 0                          [stack:11810]
7f226b3c4000-7f226b3d9000 r-xp 00000000 08:05 9830413                    /lib/x86_64-linux-gnu/libgcc_s.so.1
7f226b3d9000-7f226b5d8000 ---p 00015000 08:05 9830413                    /lib/x86_64-linux-gnu/libgcc_s.so.1
7f226b5d8000-7f226b5d9000 r--p 00014000 08:05 9830413                    /lib/x86_64-linux-gnu/libgcc_s.so.1
7f226b5d9000-7f226b5da000 rw-p 00015000 08:05 9830413                    /lib/x86_64-linux-gnu/libgcc_s.so.1
7f226b5da000-7f226b6dd000 r-xp 00000000 08:05 9834324                    /lib/x86_64-linux-gnu/libm-2.17.so
7f226b6dd000-7f226b8dc000 ---p 00103000 08:05 9834324                    /lib/x86_64-linux-gnu/libm-2.17.so
7f226b8dc000-7f226b8dd000 r--p 00102000 08:05 9834324                    /lib/x86_64-linux-gnu/libm-2.17.so
7f226b8dd000-7f226b8de000 rw-p 00103000 08:05 9834324                    /lib/x86_64-linux-gnu/libm-2.17.so
7f226b8de000-7f226b9c4000 r-xp 00000000 08:05 12190887                   /usr/lib/x86_64-linux-gnu/libstdc++.so.6.0.18
7f226b9c4000-7f226bbc3000 ---p 000e6000 08:05 12190887                   /usr/lib/x86_64-linux-gnu/libstdc++.so.6.0.18
7f226bbc3000-7f226bbcb000 r--p 000e5000 08:05 12190887                   /usr/lib/x86_64-linux-gnu/libstdc++.so.6.0.18
7f226bbcb000-7f226bbcd000 rw-p 000ed000 08:05 12190887                   /usr/lib/x86_64-linux-gnu/libstdc++.so.6.0.18
7f226bbcd000-7f226bbe2000 rw-p 00000000 00:00 0 
7f226bbe2000-7f226c6c1000 r-xp 00000000 08:05 12322340                   /usr/lib/jvm/java-7-openjdk-amd64/jre/lib/amd64/server/libjvm.so
7f226c6c1000-7f226c8c0000 ---p 00adf000 08:05 12322340                   /usr/lib/jvm/java-7-openjdk-amd64/jre/lib/amd64/server/libjvm.so
7f226c8c0000-7f226c952000 r--p 00ade000 08:05 12322340                   /usr/lib/jvm/java-7-openjdk-amd64/jre/lib/amd64/server/libjvm.so
7f226c952000-7f226c975000 rw-p 00b70000 08:05 12322340                   /usr/lib/jvm/java-7-openjdk-amd64/jre/lib/amd64/server/libjvm.so
7f226c975000-7f226c9a2000 rw-p 00000000 00:00 0 
7f226c9a2000-7f226c9ba000 r-xp 00000000 08:05 9834431                    /lib/x86_64-linux-gnu/libz.so.1.2.8
7f226c9ba000-7f226cbb9000 ---p 00018000 08:05 9834431                    /lib/x86_64-linux-gnu/libz.so.1.2.8
7f226cbb9000-7f226cbba000 r--p 00017000 08:05 9834431                    /lib/x86_64-linux-gnu/libz.so.1.2.8
7f226cbba000-7f226cbbb000 rw-p 00018000 08:05 9834431                    /lib/x86_64-linux-gnu/libz.so.1.2.8
7f226cbbb000-7f226cbd2000 r-xp 00000000 08:05 9834388                    /lib/x86_64-linux-gnu/libpthread-2.17.so
7f226cbd2000-7f226cdd2000 ---p 00017000 08:05 9834388                    /lib/x86_64-linux-gnu/libpthread-2.17.so
7f226cdd2000-7f226cdd3000 r--p 00017000 08:05 9834388                    /lib/x86_64-linux-gnu/libpthread-2.17.so
7f226cdd3000-7f226cdd4000 rw-p 00018000 08:05 9834388                    /lib/x86_64-linux-gnu/libpthread-2.17.so
7f226cdd4000-7f226cdd8000 rw-p 00000000 00:00 0 
7f226cdd8000-7f226cddb000 r-xp 00000000 08:05 9834288                    /lib/x86_64-linux-gnu/libdl-2.17.so
7f226cddb000-7f226cfda000 ---p 00003000 08:05 9834288                    /lib/x86_64-linux-gnu/libdl-2.17.so
7f226cfda000-7f226cfdb000 r--p 00002000 08:05 9834288                    /lib/x86_64-linux-gnu/libdl-2.17.so
7f226cfdb000-7f226cfdc000 rw-p 00003000 08:05 9834288                    /lib/x86_64-linux-gnu/libdl-2.17.so
7f226cfdc000-7f226d199000 r-xp 00000000 08:05 9834273                    /lib/x86_64-linux-gnu/libc-2.17.so
7f226d199000-7f226d399000 ---p 001bd000 08:05 9834273                    /lib/x86_64-linux-gnu/libc-2.17.so
7f226d399000-7f226d39d000 r--p 001bd000 08:05 9834273                    /lib/x86_64-linux-gnu/libc-2.17.so
7f226d39d000-7f226d39f000 rw-p 001c1000 08:05 9834273                    /lib/x86_64-linux-gnu/libc-2.17.so
7f226d39f000-7f226d3a4000 rw-p 00000000 00:00 0 
7f226d3a4000-7f226d3b1000 r-xp 00000000 08:05 12322347                   /usr/lib/jvm/java-7-openjdk-amd64/jre/lib/amd64/jli/libjli.so
7f226d3b1000-7f226d5b0000 ---p 0000d000 08:05 12322347                   /usr/lib/jvm/java-7-openjdk-amd64/jre/lib/amd64/jli/libjli.so
7f226d5b0000-7f226d5b1000 r--p 0000c000 08:05 12322347                   /usr/lib/jvm/java-7-openjdk-amd64/jre/lib/amd64/jli/libjli.so
7f226d5b1000-7f226d5b2000 rw-p 0000d000 08:05 12322347                   /usr/lib/jvm/java-7-openjdk-amd64/jre/lib/amd64/jli/libjli.so
7f226d5b2000-7f226d5d5000 r-xp 00000000 08:05 9834249                    /lib/x86_64-linux-gnu/ld-2.17.so
7f226d5db000-7f226d5dc000 r-xp 00000000 00:00 0 
7f226d5dc000-7f226d5e3000 r--s 00000000 08:05 12588976                   /usr/lib/x86_64-linux-gnu/gconv/gconv-modules.cache
7f226d5e3000-7f226d5e8000 r--s 0004c000 08:05 12322352                   /usr/lib/jvm/java-7-openjdk-amd64/jre/lib/jsse.jar
7f226d5e8000-7f226d5eb000 r--s 00032000 08:05 12322366                   /usr/lib/jvm/java-7-openjdk-amd64/jre/lib/ext/sunjce_provider.jar
7f226d5eb000-7f226d5ee000 r--s 0000f000 08:05 12322362                   /usr/lib/jvm/java-7-openjdk-amd64/jre/lib/ext/pulse-java.jar
7f226d5ee000-7f226d609000 rw-p 00000000 00:00 0 
7f226d609000-7f226d64f000 rw-p 00000000 00:00 0 
7f226d64f000-7f226d663000 rw-p 00000000 00:00 0 
7f226d663000-7f226d6f6000 rw-p 00000000 00:00 0 
7f226d6f6000-7f226d700000 rw-p 00000000 00:00 0 
7f226d700000-7f226d7b6000 rw-p 00000000 00:00 0 
7f226d7b6000-7f226d7bb000 rw-p 00000000 00:00 0 
7f226d7bb000-7f226d7bd000 r--s 00006000 08:05 12717881                   /usr/share/java/java-atk-wrapper.jar
7f226d7bd000-7f226d7c1000 r--s 00085000 08:05 12322360                   /usr/lib/jvm/java-7-openjdk-amd64/jre/lib/ext/localedata.jar
7f226d7c1000-7f226d7c5000 r--s 0003b000 08:05 12322372                   /usr/lib/jvm/java-7-openjdk-amd64/jre/lib/ext/sunpkcs11.jar
7f226d7c5000-7f226d7c6000 r--s 00002000 08:05 12322370                   /usr/lib/jvm/java-7-openjdk-amd64/jre/lib/ext/dnsns.jar
7f226d7c6000-7f226d7c8000 r--s 00012000 08:05 12322364                   /usr/lib/jvm/java-7-openjdk-amd64/jre/lib/ext/zipfs.jar
7f226d7c8000-7f226d7d0000 rw-s 00000000 08:05 7340084                    /tmp/hsperfdata_luis/11785
7f226d7d0000-7f226d7d1000 rw-p 00000000 00:00 0 
7f226d7d1000-7f226d7d2000 r--p 00000000 00:00 0 
7f226d7d2000-7f226d7d4000 rw-p 00000000 00:00 0 
7f226d7d4000-7f226d7d5000 r--p 00022000 08:05 9834249                    /lib/x86_64-linux-gnu/ld-2.17.so
7f226d7d5000-7f226d7d7000 rw-p 00023000 08:05 9834249                    /lib/x86_64-linux-gnu/ld-2.17.so
7fff5e92c000-7fff5e94d000 rw-p 00000000 00:00 0                          [stack]
7fff5e9fe000-7fff5ea00000 r-xp 00000000 00:00 0                          [vdso]
ffffffffff600000-ffffffffff601000 r-xp 00000000 00:00 0                  [vsyscall]

VM Arguments:
jvm_args: -Djdk.home= -Djruby.home=/home/luis/.rbenv/versions/jruby-1.7.10 -Djruby.script=jruby -Djruby.shell=/bin/sh -Djffi.boot.library.path=/home/luis/.rbenv/versions/jruby-1.7.10/lib/jni:/home/luis/.rbenv/versions/jruby-1.7.10/lib/jni/arm-Linux:/home/luis/.rbenv/versions/jruby-1.7.10/lib/jni/x86_64-Linux:/home/luis/.rbenv/versions/jruby-1.7.10/lib/jni/i386-Linux -Xmx500m -Xss2048k -Xbootclasspath/a:/home/luis/.rbenv/versions/jruby-1.7.10/lib/jruby.jar 
java_command: org/jruby/Main Makefile.rb clean compile test
Launcher Type: SUN_STANDARD

Environment Variables:
PATH=/home/luis/.rbenv/versions/jruby-1.7.10/bin:/home/luis/.rbenv/libexec:/home/luis/.rbenv/plugins/ruby-build/bin:/home/luis/.rbenv/shims:~/.rbenv/bin:~/.rbenv/bin:/usr/local/sbin:/usr/local/bin:/usr/sbin:/usr/bin:/sbin:/bin:/usr/games:/usr/local/games
USERNAME=luis
SHELL=/bin/bash
DISPLAY=:0

Signal Handlers:
SIGSEGV: [libjvm.so+0x916ea0], sa_mask[0]=0x7ffbfeff, sa_flags=0x10000004
SIGBUS: [libjvm.so+0x916ea0], sa_mask[0]=0x7ffbfeff, sa_flags=0x10000004
SIGFPE: [libjvm.so+0x794800], sa_mask[0]=0x7ffbfeff, sa_flags=0x10000004
SIGPIPE: [libjvm.so+0x794800], sa_mask[0]=0x7ffbfeff, sa_flags=0x10000004
SIGXFSZ: [libjvm.so+0x794800], sa_mask[0]=0x7ffbfeff, sa_flags=0x10000004
SIGILL: [libjvm.so+0x794800], sa_mask[0]=0x7ffbfeff, sa_flags=0x10000004
SIGUSR1: SIG_DFL, sa_mask[0]=0x00000000, sa_flags=0x00000000
SIGUSR2: [libjvm.so+0x7946a0], sa_mask[0]=0x00000000, sa_flags=0x10000004
SIGHUP: [libjvm.so+0x794880], sa_mask[0]=0x7ffbfeff, sa_flags=0x10000004
SIGINT: [libjvm.so+0x794880], sa_mask[0]=0x7ffbfeff, sa_flags=0x10000004
SIGTERM: [libjvm.so+0x794880], sa_mask[0]=0x7ffbfeff, sa_flags=0x10000004
SIGQUIT: [libjvm.so+0x794880], sa_mask[0]=0x7ffbfeff, sa_flags=0x10000004


---------------  S Y S T E M  ---------------

OS:LinuxMint 16 (petra)
uname:Linux 3.11.0-12-generic #19-Ubuntu SMP Wed Oct 9 16:20:46 UTC 2013 x86_64
libc:glibc 2.17 NPTL 2.17 
rlimit: STACK 8192k, CORE 0k, NPROC 29806, NOFILE 4096, AS infinity
load average:0,67 0,66 0,57

/proc/meminfo:
MemTotal:        3844532 kB
MemFree:         1703820 kB
Buffers:           95856 kB
Cached:          1052304 kB
SwapCached:            0 kB
Active:          1110272 kB
Inactive:         895400 kB
Active(anon):     858560 kB
Inactive(anon):   158700 kB
Active(file):     251712 kB
Inactive(file):   736700 kB
Unevictable:           0 kB
Mlocked:               0 kB
SwapTotal:       3987452 kB
SwapFree:        3987452 kB
Dirty:              2808 kB
Writeback:             0 kB
AnonPages:        857772 kB
Mapped:           152264 kB
Shmem:            159668 kB
Slab:              70716 kB
SReclaimable:      48060 kB
SUnreclaim:        22656 kB
KernelStack:        3200 kB
PageTables:        18932 kB
NFS_Unstable:          0 kB
Bounce:                0 kB
WritebackTmp:          0 kB
CommitLimit:     5909716 kB
Committed_AS:    2655544 kB
VmallocTotal:   34359738367 kB
VmallocUsed:      348004 kB
VmallocChunk:   34359386120 kB
HardwareCorrupted:     0 kB
AnonHugePages:         0 kB
HugePages_Total:       0
HugePages_Free:        0
HugePages_Rsvd:        0
HugePages_Surp:        0
Hugepagesize:       2048 kB
DirectMap4k:       64756 kB
DirectMap2M:     3923968 kB


CPU:total 4 (2 cores per cpu, 2 threads per core) family 6 model 37 stepping 5, cmov, cx8, fxsr, mmx, sse, sse2, sse3, ssse3, sse4.1, sse4.2, popcnt, ht, tsc, tscinvbit

/proc/cpuinfo:
processor	: 0
vendor_id	: GenuineIntel
cpu family	: 6
model		: 37
model name	: Intel(R) Core(TM) i5 CPU       M 460  @ 2.53GHz
stepping	: 5
microcode	: 0x2
cpu MHz		: 2534.000
cache size	: 3072 KB
physical id	: 0
siblings	: 4
core id		: 0
cpu cores	: 2
apicid		: 0
initial apicid	: 0
fpu		: yes
fpu_exception	: yes
cpuid level	: 11
wp		: yes
flags		: fpu vme de pse tsc msr pae mce cx8 apic sep mtrr pge mca cmov pat pse36 clflush dts acpi mmx fxsr sse sse2 ss ht tm pbe syscall nx rdtscp lm constant_tsc arch_perfmon pebs bts rep_good nopl xtopology nonstop_tsc aperfmperf pni dtes64 monitor ds_cpl vmx est tm2 ssse3 cx16 xtpr pdcm pcid sse4_1 sse4_2 popcnt lahf_lm ida arat dtherm tpr_shadow vnmi flexpriority ept vpid
bogomips	: 5067.10
clflush size	: 64
cache_alignment	: 64
address sizes	: 36 bits physical, 48 bits virtual
power management:

processor	: 1
vendor_id	: GenuineIntel
cpu family	: 6
model		: 37
model name	: Intel(R) Core(TM) i5 CPU       M 460  @ 2.53GHz
stepping	: 5
microcode	: 0x2
cpu MHz		: 1199.000
cache size	: 3072 KB
physical id	: 0
siblings	: 4
core id		: 0
cpu cores	: 2
apicid		: 1
initial apicid	: 1
fpu		: yes
fpu_exception	: yes
cpuid level	: 11
wp		: yes
flags		: fpu vme de pse tsc msr pae mce cx8 apic sep mtrr pge mca cmov pat pse36 clflush dts acpi mmx fxsr sse sse2 ss ht tm pbe syscall nx rdtscp lm constant_tsc arch_perfmon pebs bts rep_good nopl xtopology nonstop_tsc aperfmperf pni dtes64 monitor ds_cpl vmx est tm2 ssse3 cx16 xtpr pdcm pcid sse4_1 sse4_2 popcnt lahf_lm ida arat dtherm tpr_shadow vnmi flexpriority ept vpid
bogomips	: 5067.10
clflush size	: 64
cache_alignment	: 64
address sizes	: 36 bits physical, 48 bits virtual
power management:

processor	: 2
vendor_id	: GenuineIntel
cpu family	: 6
model		: 37
model name	: Intel(R) Core(TM) i5 CPU       M 460  @ 2.53GHz
stepping	: 5
microcode	: 0x2
cpu MHz		: 1199.000
cache size	: 3072 KB
physical id	: 0
siblings	: 4
core id		: 2
cpu cores	: 2
apicid		: 4
initial apicid	: 4
fpu		: yes
fpu_exception	: yes
cpuid level	: 11
wp		: yes
flags		: fpu vme de pse tsc msr pae mce cx8 apic sep mtrr pge mca cmov pat pse36 clflush dts acpi mmx fxsr sse sse2 ss ht tm pbe syscall nx rdtscp lm constant_tsc arch_perfmon pebs bts rep_good nopl xtopology nonstop_tsc aperfmperf pni dtes64 monitor ds_cpl vmx est tm2 ssse3 cx16 xtpr pdcm pcid sse4_1 sse4_2 popcnt lahf_lm ida arat dtherm tpr_shadow vnmi flexpriority ept vpid
bogomips	: 5067.10
clflush size	: 64
cache_alignment	: 64
address sizes	: 36 bits physical, 48 bits virtual
power management:

processor	: 3
vendor_id	: GenuineIntel
cpu family	: 6
model		: 37
model name	: Intel(R) Core(TM) i5 CPU       M 460  @ 2.53GHz
stepping	: 5
microcode	: 0x2
cpu MHz		: 1199.000
cache size	: 3072 KB
physical id	: 0
siblings	: 4
core id		: 2
cpu cores	: 2
apicid		: 5
initial apicid	: 5
fpu		: yes
fpu_exception	: yes
cpuid level	: 11
wp		: yes
flags		: fpu vme de pse tsc msr pae mce cx8 apic sep mtrr pge mca cmov pat pse36 clflush dts acpi mmx fxsr sse sse2 ss ht tm pbe syscall nx rdtscp lm constant_tsc arch_perfmon pebs bts rep_good nopl xtopology nonstop_tsc aperfmperf pni dtes64 monitor ds_cpl vmx est tm2 ssse3 cx16 xtpr pdcm pcid sse4_1 sse4_2 popcnt lahf_lm ida arat dtherm tpr_shadow vnmi flexpriority ept vpid
bogomips	: 5067.10
clflush size	: 64
cache_alignment	: 64
address sizes	: 36 bits physical, 48 bits virtual
power management:



Memory: 4k page, physical 3844532k(1703820k free), swap 3987452k(3987452k free)

vm_info: OpenJDK 64-Bit Server VM (24.45-b08) for linux-amd64 JRE (1.7.0_51-b00), built on Jan 15 2014 22:02:57 by "buildd" with gcc 4.8.1

time: Mon Apr  7 00:34:51 2014
elapsed time: 5 seconds

