#
# A fatal error has been detected by the Java Runtime Environment:
#
#  SIGSEGV (0xb) at pc=0x00007f9c86b91e30, pid=2401, tid=140310631589632
#
# JRE version: OpenJDK Runtime Environment (7.0_51) (build 1.7.0_51-b00)
# Java VM: OpenJDK 64-Bit Server VM (24.45-b08 mixed mode linux-amd64 compressed oops)
# Problematic frame:
# C  [libconvex_hull.so+0xe30]  convex_hull+0x4b
#
# Failed to write core dump. Core dumps have been disabled. To enable core dumping, try "ulimit -c unlimited" before starting Java again
#
# If you would like to submit a bug report, please include
# instructions on how to reproduce the bug and visit:
#   http://icedtea.classpath.org/bugzilla
# The crash happened outside the Java Virtual Machine in native code.
# See problematic frame for where to report the bug.
#

---------------  T H R E A D  ---------------

Current thread (0x00007f9c9800a800):  JavaThread "main" [_thread_in_native, id=2426, stack(0x00007f9c9d3aa000,0x00007f9c9d5ab000)]

siginfo:si_signo=SIGSEGV: si_errno=0, si_code=1 (SEGV_MAPERR), si_addr=0x0000000000000000

Registers:
RAX=0x0000000000000000, RBX=0x00000000d79ca6a0, RCX=0x00007f9c98000020, RDX=0x0000000000000000
RSP=0x00007f9c9d5a7c50, RBP=0x00007f9c9d5a7cb0, RSI=0x00007f9c98505640, RDI=0x0000000000000000
R8 =0x00007f9c98505620, R9 =0x0000000000000002, R10=0x00007f9c9d5a79f0, R11=0x00007f9c86d94b85
R12=0x0000000000000000, R13=0x00000000d79ca6a0, R14=0x00007f9c9d5a7da0, R15=0x00007f9c9800a800
RIP=0x00007f9c86b91e30, EFLAGS=0x0000000000010293, CSGSFS=0x0000000000000033, ERR=0x0000000000000004
  TRAPNO=0x000000000000000e

Top of Stack: (sp=0x00007f9c9d5a7c50)
0x00007f9c9d5a7c50:   0000000000000000 00007f9c98507800
0x00007f9c9d5a7c60:   00007f9c9d5a7ce8 0000000095006233
0x00007f9c9d5a7c70:   00007f9c98505650 0000000000000000
0x00007f9c9d5a7c80:   00000000f61cb038 00000000f6207b40
0x00007f9c9d5a7c90:   00000000f646d198 00000000f7ac8370
0x00007f9c9d5a7ca0:   00000000f6208c28 00007f9c9d5a7ca8
0x00007f9c9d5a7cb0:   00007f9c984c0d30 00007f9c879a4cd9
0x00007f9c9d5a7cc0:   00000000d6be4180 00000000d79ca6a0
0x00007f9c9d5a7cd0:   00007f9c9d5a7d58 00007f9c95012738
0x00007f9c9d5a7ce0:   00007f9c9d5a7d08 00007f9c9d5a7d78
0x00007f9c9d5a7cf0:   00007f9c95006233 00000000f64a9760
0x00007f9c9d5a7d00:   00000000f6207b40 00000000f7a195e8
0x00007f9c9d5a7d10:   00000000f65dcfb8 00007f9c9d5a7d18
0x00007f9c9d5a7d20:   0000000000000000 00007f9c9d5a7da0
0x00007f9c9d5a7d30:   00000000d79d2bc8 0000000000000000
0x00007f9c9d5a7d40:   00000000d79ca6a0 0000000000000000
0x00007f9c9d5a7d50:   00007f9c9d5a7d78 00007f9c9d5a7de8
0x00007f9c9d5a7d60:   00007f9c95006175 00000000e10c29f8
0x00007f9c9d5a7d70:   00007f9c9500ecd7 00007f9c98507800
0x00007f9c9d5a7d80:   00000000d7d61940 00007f9c86b91de5
0x00007f9c9d5a7d90:   00007f9c9d5a7da8 00007f9c984c0d30
0x00007f9c9d5a7da0:   00007f9c95006233 00007f9c9d5a7da8
0x00007f9c9d5a7db0:   00000000d7ac7507 00007f9c9d5a7e20
0x00007f9c9d5a7dc0:   00000000d7ad3760 0000000000000000
0x00007f9c9d5a7dd0:   00000000d7ac7548 00007f9c9d5a7d78
0x00007f9c9d5a7de0:   00007f9c9d5a7df8 00007f9c9d5a7e70
0x00007f9c9d5a7df0:   00007f9c95006175 00007f9c98507800
0x00007f9c9d5a7e00:   00000000f65dcf98 00007f9c86b91de5
0x00007f9c9d5a7e10:   00007f9c9d5a7e10 00000000e0f4a1f0
0x00007f9c9d5a7e20:   00000000e10c5380 00000000f7ac8370
0x00007f9c9d5a7e30:   00007f9c9d5a7e30 00000000d7ed159c
0x00007f9c9d5a7e40:   00007f9c9d5a7eb8 00000000d7ed19f8 

Instructions: (pc=0x00007f9c86b91e30)
0x00007f9c86b91e10:   a8 8b 40 10 89 45 bc 83 7d bc 03 0f 8f c2 00 00
0x00007f9c86b91e20:   00 48 8b 45 a8 48 8b 00 48 89 45 c8 48 8b 45 c8
0x00007f9c86b91e30:   48 8b 00 48 89 45 d0 48 8b 45 c8 48 8b 40 10 48
0x00007f9c86b91e40:   89 45 c8 48 8b 45 c8 48 8b 00 48 89 45 d8 48 8b 

Register to memory mapping:

RAX=0x0000000000000000 is an unknown value
RBX=0x00000000d79ca6a0 is an oop
{method} 
 - klass: {other class}
RCX=0x00007f9c98000020 is an unknown value
RDX=0x0000000000000000 is an unknown value
RSP=0x00007f9c9d5a7c50 is pointing into the stack for thread: 0x00007f9c9800a800
RBP=0x00007f9c9d5a7cb0 is pointing into the stack for thread: 0x00007f9c9800a800
RSI=0x00007f9c98505640 is an unknown value
RDI=0x0000000000000000 is an unknown value
R8 =0x00007f9c98505620 is an unknown value
R9 =0x0000000000000002 is an unknown value
R10=0x00007f9c9d5a79f0 is pointing into the stack for thread: 0x00007f9c9800a800
R11=0x00007f9c86d94b85: init_double_linked_list+0 in lib/libdouble_linked_list.so at 0x00007f9c86d94000
R12=0x0000000000000000 is an unknown value
R13=0x00000000d79ca6a0 is an oop
{method} 
 - klass: {other class}
R14=0x00007f9c9d5a7da0 is pointing into the stack for thread: 0x00007f9c9800a800
R15=0x00007f9c9800a800 is a thread


Stack: [0x00007f9c9d3aa000,0x00007f9c9d5ab000],  sp=0x00007f9c9d5a7c50,  free space=2039k
Native frames: (J=compiled Java code, j=interpreted, Vv=VM code, C=native code)
C  [libconvex_hull.so+0xe30]  convex_hull+0x4b

Java frames: (J=compiled Java code, j=interpreted, Vv=VM code)
j  com.kenai.jffi.Foreign.invokeL1(JJJ)J+0
j  com.kenai.jffi.Invoker.invokeL1(Lcom/kenai/jffi/CallContext;JJ)J+7
j  org.jruby.ext.ffi.jffi.NativeInvoker$ffi$1.call(Lorg/jruby/runtime/ThreadContext;Lorg/jruby/runtime/builtin/IRubyObject;Lorg/jruby/RubyModule;Ljava/lang/String;Lorg/jruby/runtime/builtin/IRubyObject;)Lorg/jruby/runtime/builtin/IRubyObject;+76
j  org.jruby.ext.ffi.jffi.JITNativeInvoker.call(Lorg/jruby/runtime/ThreadContext;Lorg/jruby/runtime/builtin/IRubyObject;Lorg/jruby/RubyModule;Ljava/lang/String;[Lorg/jruby/runtime/builtin/IRubyObject;)Lorg/jruby/runtime/builtin/IRubyObject;+92
j  org.jruby.ext.ffi.jffi.NativeInvoker.call(Lorg/jruby/runtime/ThreadContext;Lorg/jruby/runtime/builtin/IRubyObject;Lorg/jruby/RubyModule;Ljava/lang/String;[Lorg/jruby/runtime/builtin/IRubyObject;Lorg/jruby/runtime/Block;)Lorg/jruby/runtime/builtin/IRubyObject;+36
j  org.jruby.ext.ffi.jffi.DefaultMethod.call(Lorg/jruby/runtime/ThreadContext;Lorg/jruby/runtime/builtin/IRubyObject;Lorg/jruby/RubyModule;Ljava/lang/String;[Lorg/jruby/runtime/builtin/IRubyObject;Lorg/jruby/runtime/Block;)Lorg/jruby/runtime/builtin/IRubyObject;+13
j  org.jruby.internal.runtime.methods.DynamicMethod.call(Lorg/jruby/runtime/ThreadContext;Lorg/jruby/runtime/builtin/IRubyObject;Lorg/jruby/RubyModule;Ljava/lang/String;Lorg/jruby/runtime/builtin/IRubyObject;Lorg/jruby/runtime/Block;)Lorg/jruby/runtime/builtin/IRubyObject;+17
j  org.jruby.internal.runtime.methods.DynamicMethod.call(Lorg/jruby/runtime/ThreadContext;Lorg/jruby/runtime/builtin/IRubyObject;Lorg/jruby/RubyModule;Ljava/lang/String;Lorg/jruby/runtime/builtin/IRubyObject;)Lorg/jruby/runtime/builtin/IRubyObject;+11
j  org.jruby.runtime.callsite.CachingCallSite.cacheAndCall(Lorg/jruby/runtime/builtin/IRubyObject;Lorg/jruby/RubyClass;Lorg/jruby/runtime/ThreadContext;Lorg/jruby/runtime/builtin/IRubyObject;Lorg/jruby/runtime/builtin/IRubyObject;)Lorg/jruby/runtime/builtin/IRubyObject;+57
J  org.jruby.runtime.callsite.CachingCallSite.call(Lorg/jruby/runtime/ThreadContext;Lorg/jruby/runtime/builtin/IRubyObject;Lorg/jruby/runtime/builtin/IRubyObject;Lorg/jruby/runtime/builtin/IRubyObject;)Lorg/jruby/runtime/builtin/IRubyObject;
j  org.jruby.ast.CallOneArgNode.interpret(Lorg/jruby/Ruby;Lorg/jruby/runtime/ThreadContext;Lorg/jruby/runtime/builtin/IRubyObject;Lorg/jruby/runtime/Block;)Lorg/jruby/runtime/builtin/IRubyObject;+30
j  org.jruby.ast.LocalAsgnNode.interpret(Lorg/jruby/Ruby;Lorg/jruby/runtime/ThreadContext;Lorg/jruby/runtime/builtin/IRubyObject;Lorg/jruby/runtime/Block;)Lorg/jruby/runtime/builtin/IRubyObject;+30
J  org.jruby.ast.BlockNode.interpret(Lorg/jruby/Ruby;Lorg/jruby/runtime/ThreadContext;Lorg/jruby/runtime/builtin/IRubyObject;Lorg/jruby/runtime/Block;)Lorg/jruby/runtime/builtin/IRubyObject;
j  org.jruby.evaluator.ASTInterpreter.INTERPRET_METHOD(Lorg/jruby/Ruby;Lorg/jruby/runtime/ThreadContext;Ljava/lang/String;ILorg/jruby/RubyModule;Lorg/jruby/ast/Node;Ljava/lang/String;Lorg/jruby/runtime/builtin/IRubyObject;Lorg/jruby/runtime/Block;Z)Lorg/jruby/runtime/builtin/IRubyObject;+30
j  org.jruby.internal.runtime.methods.InterpretedMethod.call(Lorg/jruby/runtime/ThreadContext;Lorg/jruby/runtime/builtin/IRubyObject;Lorg/jruby/RubyModule;Ljava/lang/String;)Lorg/jruby/runtime/builtin/IRubyObject;+80
j  org.jruby.internal.runtime.methods.DefaultMethod.call(Lorg/jruby/runtime/ThreadContext;Lorg/jruby/runtime/builtin/IRubyObject;Lorg/jruby/RubyModule;Ljava/lang/String;)Lorg/jruby/runtime/builtin/IRubyObject;+20
j  org.jruby.runtime.callsite.CachingCallSite.cacheAndCall(Lorg/jruby/runtime/builtin/IRubyObject;Lorg/jruby/RubyClass;Lorg/jruby/runtime/ThreadContext;Lorg/jruby/runtime/builtin/IRubyObject;)Lorg/jruby/runtime/builtin/IRubyObject;+53
j  org.jruby.runtime.callsite.CachingCallSite.call(Lorg/jruby/runtime/ThreadContext;Lorg/jruby/runtime/builtin/IRubyObject;Lorg/jruby/runtime/builtin/IRubyObject;)Lorg/jruby/runtime/builtin/IRubyObject;+46
j  org.jruby.ast.CallNoArgNode.interpret(Lorg/jruby/Ruby;Lorg/jruby/runtime/ThreadContext;Lorg/jruby/runtime/builtin/IRubyObject;Lorg/jruby/runtime/Block;)Lorg/jruby/runtime/builtin/IRubyObject;+18
j  org.jruby.ast.FCallTwoArgNode.interpret(Lorg/jruby/Ruby;Lorg/jruby/runtime/ThreadContext;Lorg/jruby/runtime/builtin/IRubyObject;Lorg/jruby/runtime/Block;)Lorg/jruby/runtime/builtin/IRubyObject;+28
J  org.jruby.ast.BlockNode.interpret(Lorg/jruby/Ruby;Lorg/jruby/runtime/ThreadContext;Lorg/jruby/runtime/builtin/IRubyObject;Lorg/jruby/runtime/Block;)Lorg/jruby/runtime/builtin/IRubyObject;
j  org.jruby.evaluator.ASTInterpreter.INTERPRET_METHOD(Lorg/jruby/Ruby;Lorg/jruby/runtime/ThreadContext;Ljava/lang/String;ILorg/jruby/RubyModule;Lorg/jruby/ast/Node;Ljava/lang/String;Lorg/jruby/runtime/builtin/IRubyObject;Lorg/jruby/runtime/Block;Z)Lorg/jruby/runtime/builtin/IRubyObject;+30
j  org.jruby.internal.runtime.methods.InterpretedMethod.call(Lorg/jruby/runtime/ThreadContext;Lorg/jruby/runtime/builtin/IRubyObject;Lorg/jruby/RubyModule;Ljava/lang/String;)Lorg/jruby/runtime/builtin/IRubyObject;+80
j  org.jruby.internal.runtime.methods.DefaultMethod.call(Lorg/jruby/runtime/ThreadContext;Lorg/jruby/runtime/builtin/IRubyObject;Lorg/jruby/RubyModule;Ljava/lang/String;)Lorg/jruby/runtime/builtin/IRubyObject;+20
j  org.jruby.runtime.callsite.CachingCallSite.cacheAndCall(Lorg/jruby/runtime/builtin/IRubyObject;Lorg/jruby/RubyClass;Lorg/jruby/runtime/ThreadContext;Lorg/jruby/runtime/builtin/IRubyObject;)Lorg/jruby/runtime/builtin/IRubyObject;+53
j  org.jruby.runtime.callsite.CachingCallSite.call(Lorg/jruby/runtime/ThreadContext;Lorg/jruby/runtime/builtin/IRubyObject;Lorg/jruby/runtime/builtin/IRubyObject;)Lorg/jruby/runtime/builtin/IRubyObject;+46
j  Makefile.method__2$RUBY$test(LMakefile;Lorg/jruby/runtime/ThreadContext;Lorg/jruby/runtime/builtin/IRubyObject;Lorg/jruby/runtime/Block;)Lorg/jruby/runtime/builtin/IRubyObject;+130
j  Makefile$method__2$RUBY$test.call(Lorg/jruby/runtime/ThreadContext;Lorg/jruby/runtime/builtin/IRubyObject;Lorg/jruby/RubyModule;Ljava/lang/String;Lorg/jruby/runtime/Block;)Lorg/jruby/runtime/builtin/IRubyObject;+17
j  org.jruby.RubyClass.finvoke(Lorg/jruby/runtime/ThreadContext;Lorg/jruby/runtime/builtin/IRubyObject;Ljava/lang/String;Lorg/jruby/runtime/Block;)Lorg/jruby/runtime/builtin/IRubyObject;+41
j  org.jruby.RubyBasicObject.send19(Lorg/jruby/runtime/ThreadContext;Lorg/jruby/runtime/builtin/IRubyObject;Lorg/jruby/runtime/Block;)Lorg/jruby/runtime/builtin/IRubyObject;+15
j  org.jruby.RubyKernel.send19(Lorg/jruby/runtime/ThreadContext;Lorg/jruby/runtime/builtin/IRubyObject;Lorg/jruby/runtime/builtin/IRubyObject;Lorg/jruby/runtime/Block;)Lorg/jruby/runtime/builtin/IRubyObject;+7
j  org.jruby.RubyKernel$INVOKER$s$send19.call(Lorg/jruby/runtime/ThreadContext;Lorg/jruby/runtime/builtin/IRubyObject;Lorg/jruby/RubyModule;Ljava/lang/String;Lorg/jruby/runtime/builtin/IRubyObject;Lorg/jruby/runtime/Block;)Lorg/jruby/runtime/builtin/IRubyObject;+6
j  org.jruby.internal.runtime.methods.JavaMethod$JavaMethodOneOrNBlock.call(Lorg/jruby/runtime/ThreadContext;Lorg/jruby/runtime/builtin/IRubyObject;Lorg/jruby/RubyModule;Ljava/lang/String;Lorg/jruby/runtime/builtin/IRubyObject;)Lorg/jruby/runtime/builtin/IRubyObject;+11
j  org.jruby.runtime.callsite.CachingCallSite.call(Lorg/jruby/runtime/ThreadContext;Lorg/jruby/runtime/builtin/IRubyObject;Lorg/jruby/runtime/builtin/IRubyObject;Lorg/jruby/runtime/builtin/IRubyObject;)Lorg/jruby/runtime/builtin/IRubyObject;+38
j  Makefile.block_6$RUBY$__file__(LMakefile;Lorg/jruby/runtime/ThreadContext;Lorg/jruby/runtime/builtin/IRubyObject;[Lorg/jruby/runtime/builtin/IRubyObject;Lorg/jruby/runtime/Block;)Lorg/jruby/runtime/builtin/IRubyObject;+46
j  Makefile$block_6$RUBY$__file__.call(Lorg/jruby/runtime/ThreadContext;Lorg/jruby/runtime/builtin/IRubyObject;[Lorg/jruby/runtime/builtin/IRubyObject;Lorg/jruby/runtime/Block;)Lorg/jruby/runtime/builtin/IRubyObject;+9
j  org.jruby.runtime.CompiledBlock19.yield(Lorg/jruby/runtime/ThreadContext;Lorg/jruby/runtime/builtin/IRubyObject;Lorg/jruby/runtime/Binding;Lorg/jruby/runtime/Block$Type;)Lorg/jruby/runtime/builtin/IRubyObject;+52
j  org.jruby.runtime.Block.yield(Lorg/jruby/runtime/ThreadContext;Lorg/jruby/runtime/builtin/IRubyObject;)Lorg/jruby/runtime/builtin/IRubyObject;+14
j  org.jruby.RubyArray.eachCommon(Lorg/jruby/runtime/ThreadContext;Lorg/jruby/runtime/Block;)Lorg/jruby/runtime/builtin/IRubyObject;+41
j  org.jruby.RubyArray.each(Lorg/jruby/runtime/ThreadContext;Lorg/jruby/runtime/Block;)Lorg/jruby/runtime/builtin/IRubyObject;+10
j  org.jruby.RubyArray$INVOKER$i$0$0$each.call(Lorg/jruby/runtime/ThreadContext;Lorg/jruby/runtime/builtin/IRubyObject;Lorg/jruby/RubyModule;Ljava/lang/String;Lorg/jruby/runtime/Block;)Lorg/jruby/runtime/builtin/IRubyObject;+7
j  org.jruby.runtime.callsite.CachingCallSite.cacheAndCall(Lorg/jruby/runtime/builtin/IRubyObject;Lorg/jruby/RubyClass;Lorg/jruby/runtime/Block;Lorg/jruby/runtime/ThreadContext;Lorg/jruby/runtime/builtin/IRubyObject;)Lorg/jruby/runtime/builtin/IRubyObject;+57
j  org.jruby.runtime.callsite.CachingCallSite.callBlock(Lorg/jruby/runtime/ThreadContext;Lorg/jruby/runtime/builtin/IRubyObject;Lorg/jruby/runtime/builtin/IRubyObject;Lorg/jruby/runtime/Block;)Lorg/jruby/runtime/builtin/IRubyObject;+50
j  org.jruby.runtime.callsite.CachingCallSite.callIter(Lorg/jruby/runtime/ThreadContext;Lorg/jruby/runtime/builtin/IRubyObject;Lorg/jruby/runtime/builtin/IRubyObject;Lorg/jruby/runtime/Block;)Lorg/jruby/runtime/builtin/IRubyObject;+6
j  Makefile.__file__(LMakefile;Lorg/jruby/runtime/ThreadContext;Lorg/jruby/runtime/builtin/IRubyObject;[Lorg/jruby/runtime/builtin/IRubyObject;Lorg/jruby/runtime/Block;)Lorg/jruby/runtime/builtin/IRubyObject;+859
j  Makefile.load(Lorg/jruby/runtime/ThreadContext;Lorg/jruby/runtime/builtin/IRubyObject;Z)Lorg/jruby/runtime/builtin/IRubyObject;+22
j  org.jruby.Ruby.runScript(Lorg/jruby/ast/executable/Script;Z)Lorg/jruby/runtime/builtin/IRubyObject;+12
j  org.jruby.Ruby.runScript(Lorg/jruby/ast/executable/Script;)Lorg/jruby/runtime/builtin/IRubyObject;+3
j  org.jruby.Ruby.runNormally(Lorg/jruby/ast/Node;)Lorg/jruby/runtime/builtin/IRubyObject;+73
j  org.jruby.Ruby.runFromMain(Ljava/io/InputStream;Ljava/lang/String;)V+320
j  org.jruby.Main.doRunFromMain(Lorg/jruby/Ruby;Ljava/io/InputStream;Ljava/lang/String;)Lorg/jruby/Main$Status;+12
j  org.jruby.Main.internalRun()Lorg/jruby/Main$Status;+234
j  org.jruby.Main.run([Ljava/lang/String;)Lorg/jruby/Main$Status;+9
j  org.jruby.Main.main([Ljava/lang/String;)V+35
v  ~StubRoutines::call_stub

---------------  P R O C E S S  ---------------

Java Threads: ( => current thread )
  0x00007f9c984dd000 JavaThread "JRubyJIT-2" daemon [_thread_blocked, id=2509, stack(0x00007f9c8759b000,0x00007f9c8779c000)]
  0x00007f9c984db000 JavaThread "process reaper" daemon [_thread_blocked, id=2441, stack(0x00007f9c8c081000,0x00007f9c8c0ba000)]
  0x00007f9c984c5800 JavaThread "JRubyJIT-1" daemon [_thread_blocked, id=2439, stack(0x00007f9c8779c000,0x00007f9c8799d000)]
  0x00007f9c980ad000 JavaThread "Service Thread" daemon [_thread_blocked, id=2437, stack(0x00007f9c8d4e6000,0x00007f9c8d6e7000)]
  0x00007f9c980aa800 JavaThread "C2 CompilerThread1" daemon [_thread_blocked, id=2436, stack(0x00007f9c8d6e7000,0x00007f9c8d7e8000)]
  0x00007f9c980a7800 JavaThread "C2 CompilerThread0" daemon [_thread_in_native, id=2435, stack(0x00007f9c8d7e8000,0x00007f9c8d8e9000)]
  0x00007f9c980a5800 JavaThread "Signal Dispatcher" daemon [_thread_blocked, id=2434, stack(0x00007f9c8d8e9000,0x00007f9c8daea000)]
  0x00007f9c98082800 JavaThread "Finalizer" daemon [_thread_blocked, id=2433, stack(0x00007f9c8dee4000,0x00007f9c8e0e5000)]
  0x00007f9c98080800 JavaThread "Reference Handler" daemon [_thread_blocked, id=2432, stack(0x00007f9c8e0e5000,0x00007f9c8e2e6000)]
=>0x00007f9c9800a800 JavaThread "main" [_thread_in_native, id=2426, stack(0x00007f9c9d3aa000,0x00007f9c9d5ab000)]

Other Threads:
  0x00007f9c9807c800 VMThread [stack: 0x00007f9c8e2e6000,0x00007f9c8e3e7000] [id=2431]
  0x00007f9c980b7800 WatcherThread [stack: 0x00007f9c8d3e5000,0x00007f9c8d4e6000] [id=2438]

VM state:not at safepoint (normal execution)

VM Mutex/Monitor currently owned by a thread: None

Heap
 PSYoungGen      total 33280K, used 15954K [0x00000000f5900000, 0x00000000f7c00000, 0x0000000100000000)
  eden space 30720K, 43% used [0x00000000f5900000,0x00000000f661b608,0x00000000f7700000)
  from space 2560K, 98% used [0x00000000f7980000,0x00000000f7bf9518,0x00000000f7c00000)
  to   space 2560K, 0% used [0x00000000f7700000,0x00000000f7700000,0x00000000f7980000)
 ParOldGen       total 39936K, used 5265K [0x00000000e0c00000, 0x00000000e3300000, 0x00000000f5900000)
  object space 39936K, 13% used [0x00000000e0c00000,0x00000000e1124448,0x00000000e3300000)
 PSPermGen       total 25600K, used 25424K [0x00000000d6600000, 0x00000000d7f00000, 0x00000000e0c00000)
  object space 25600K, 99% used [0x00000000d6600000,0x00000000d7ed4240,0x00000000d7f00000)

Card table byte_map: [0x00007f9c9c1d0000,0x00007f9c9c31e000] byte_map_base: 0x00007f9c9bb1d000

Polling page: 0x00007f9c9f9b8000

Code Cache  [0x00007f9c95000000, 0x00007f9c95270000, 0x00007f9c98000000)
 total_blobs=822 nmethods=343 adapters=433 free_code_cache=47591Kb largest_free_block=48691776

Compilation events (10 events):
Event: 2,978 Thread 0x00007f9c980aa800 nmethod 345 0x00007f9c951851d0 code [0x00007f9c95185340, 0x00007f9c95185558]
Event: 3,001 Thread 0x00007f9c980a7800  347             org.jruby.runtime.Frame::setVisibility (6 bytes)
Event: 3,002 Thread 0x00007f9c980a7800 nmethod 347 0x00007f9c95184fd0 code [0x00007f9c95185100, 0x00007f9c95185178]
Event: 3,003 Thread 0x00007f9c980aa800  348             org.jruby.ast.LocalVarNode::getIndex (8 bytes)
Event: 3,003 Thread 0x00007f9c980a7800  349             org.jruby.ast.LocalVarNode::getDepth (8 bytes)
Event: 3,004 Thread 0x00007f9c980aa800 nmethod 348 0x00007f9c95185810 code [0x00007f9c95185940, 0x00007f9c95185998]
Event: 3,004 Thread 0x00007f9c980a7800 nmethod 349 0x00007f9c95184dd0 code [0x00007f9c95184f00, 0x00007f9c95184f58]
Event: 3,004 Thread 0x00007f9c980aa800  350             org.jruby.ast.LocalVarNode::interpret (32 bytes)
Event: 3,005 Thread 0x00007f9c980aa800 nmethod 350 0x00007f9c95186d90 code [0x00007f9c95186ee0, 0x00007f9c95186fd8]
Event: 3,007 Thread 0x00007f9c980a7800  351             org.jruby.runtime.callsite.CachingCallSite::call (58 bytes)

GC Heap History (4 events):
Event: 1,236 GC heap before
{Heap before GC invocations=1 (full 0):
 PSYoungGen      total 17920K, used 15360K [0x00000000f5900000, 0x00000000f6d00000, 0x0000000100000000)
  eden space 15360K, 100% used [0x00000000f5900000,0x00000000f6800000,0x00000000f6800000)
  from space 2560K, 0% used [0x00000000f6a80000,0x00000000f6a80000,0x00000000f6d00000)
  to   space 2560K, 0% used [0x00000000f6800000,0x00000000f6800000,0x00000000f6a80000)
 ParOldGen       total 39936K, used 0K [0x00000000e0c00000, 0x00000000e3300000, 0x00000000f5900000)
  object space 39936K, 0% used [0x00000000e0c00000,0x00000000e0c00000,0x00000000e3300000)
 PSPermGen       total 21504K, used 19066K [0x00000000d6600000, 0x00000000d7b00000, 0x00000000e0c00000)
  object space 21504K, 88% used [0x00000000d6600000,0x00000000d789eba0,0x00000000d7b00000)
Event: 1,250 GC heap after
Heap after GC invocations=1 (full 0):
 PSYoungGen      total 17920K, used 2549K [0x00000000f5900000, 0x00000000f7c00000, 0x0000000100000000)
  eden space 15360K, 0% used [0x00000000f5900000,0x00000000f5900000,0x00000000f6800000)
  from space 2560K, 99% used [0x00000000f6800000,0x00000000f6a7d4b8,0x00000000f6a80000)
  to   space 2560K, 0% used [0x00000000f7980000,0x00000000f7980000,0x00000000f7c00000)
 ParOldGen       total 39936K, used 3280K [0x00000000e0c00000, 0x00000000e3300000, 0x00000000f5900000)
  object space 39936K, 8% used [0x00000000e0c00000,0x00000000e0f34120,0x00000000e3300000)
 PSPermGen       total 21504K, used 19066K [0x00000000d6600000, 0x00000000d7b00000, 0x00000000e0c00000)
  object space 21504K, 88% used [0x00000000d6600000,0x00000000d789eba0,0x00000000d7b00000)
}
Event: 2,331 GC heap before
{Heap before GC invocations=2 (full 0):
 PSYoungGen      total 17920K, used 17909K [0x00000000f5900000, 0x00000000f7c00000, 0x0000000100000000)
  eden space 15360K, 100% used [0x00000000f5900000,0x00000000f6800000,0x00000000f6800000)
  from space 2560K, 99% used [0x00000000f6800000,0x00000000f6a7d4b8,0x00000000f6a80000)
  to   space 2560K, 0% used [0x00000000f7980000,0x00000000f7980000,0x00000000f7c00000)
 ParOldGen       total 39936K, used 3280K [0x00000000e0c00000, 0x00000000e3300000, 0x00000000f5900000)
  object space 39936K, 8% used [0x00000000e0c00000,0x00000000e0f34120,0x00000000e3300000)
 PSPermGen       total 23552K, used 23551K [0x00000000d6600000, 0x00000000d7d00000, 0x00000000e0c00000)
  object space 23552K, 99% used [0x00000000d6600000,0x00000000d7cfff38,0x00000000d7d00000)
Event: 2,357 GC heap after
Heap after GC invocations=2 (full 0):
 PSYoungGen      total 33280K, used 2533K [0x00000000f5900000, 0x00000000f7c00000, 0x0000000100000000)
  eden space 30720K, 0% used [0x00000000f5900000,0x00000000f5900000,0x00000000f7700000)
  from space 2560K, 98% used [0x00000000f7980000,0x00000000f7bf9518,0x00000000f7c00000)
  to   space 2560K, 0% used [0x00000000f7700000,0x00000000f7700000,0x00000000f7980000)
 ParOldGen       total 39936K, used 5265K [0x00000000e0c00000, 0x00000000e3300000, 0x00000000f5900000)
  object space 39936K, 13% used [0x00000000e0c00000,0x00000000e1124448,0x00000000e3300000)
 PSPermGen       total 23552K, used 23551K [0x00000000d6600000, 0x00000000d7d00000, 0x00000000e0c00000)
  object space 23552K, 99% used [0x00000000d6600000,0x00000000d7cfff38,0x00000000d7d00000)
}

Deoptimization events (10 events):
Event: 2,696 Thread 0x00007f9c9800a800 Uncommon trap: reason=unreached action=reinterpret pc=0x00007f9c9514c6f4 method=java.util.concurrent.locks.AbstractQueuedSynchronizer.release(I)Z @ 14
Event: 2,696 Thread 0x00007f9c984c5800 Uncommon trap: reason=unreached action=reinterpret pc=0x00007f9c9509158c method=java.util.concurrent.locks.AbstractQueuedSynchronizer.release(I)Z @ 14
Event: 2,718 Thread 0x00007f9c9800a800 Uncommon trap: reason=unreached action=reinterpret pc=0x00007f9c9511fea8 method=org.jruby.parser.ParserSupport.checkExpression(Lorg/jruby/ast/Node;)Z @ 3
Event: 2,879 Thread 0x00007f9c9800a800 Uncommon trap: reason=class_check action=maybe_recompile pc=0x00007f9c9517b644 method=org.joni.Matcher.searchInterruptible(III)I @ 810
Event: 2,914 Thread 0x00007f9c9800a800 Uncommon trap: reason=class_check action=maybe_recompile pc=0x00007f9c9517b644 method=org.joni.Matcher.searchInterruptible(III)I @ 810
Event: 2,921 Thread 0x00007f9c9800a800 Uncommon trap: reason=class_check action=maybe_recompile pc=0x00007f9c9517b644 method=org.joni.Matcher.searchInterruptible(III)I @ 810
Event: 2,989 Thread 0x00007f9c9800a800 Uncommon trap: reason=bimorphic action=maybe_recompile pc=0x00007f9c951854c8 method=org.jruby.runtime.scope.OneVarDynamicScope.getValue(II)Lorg/jruby/runtime/builtin/IRubyObject; @ 12
Event: 2,989 Thread 0x00007f9c9800a800 Uncommon trap: reason=bimorphic action=maybe_recompile pc=0x00007f9c951854c8 method=org.jruby.runtime.scope.OneVarDynamicScope.getValue(II)Lorg/jruby/runtime/builtin/IRubyObject; @ 12
Event: 2,989 Thread 0x00007f9c9800a800 Uncommon trap: reason=bimorphic action=maybe_recompile pc=0x00007f9c951854c8 method=org.jruby.runtime.scope.OneVarDynamicScope.getValue(II)Lorg/jruby/runtime/builtin/IRubyObject; @ 12
Event: 2,989 Thread 0x00007f9c9800a800 Uncommon trap: reason=bimorphic action=maybe_recompile pc=0x00007f9c951854c8 method=org.jruby.runtime.scope.OneVarDynamicScope.getValue(II)Lorg/jruby/runtime/builtin/IRubyObject; @ 12

Internal exceptions (10 events):
Event: 2,697 Thread 0x00007f9c984c5800 Threw 0x00000000f6309d50 at /build/buildd/openjdk-7-7u51-2.4.4/build/openjdk/hotspot/src/share/vm/prims/jvm.cpp:1244
Event: 2,697 Thread 0x00007f9c984c5800 Threw 0x00000000f630adc0 at /build/buildd/openjdk-7-7u51-2.4.4/build/openjdk/hotspot/src/share/vm/prims/jvm.cpp:1244
Event: 2,867 Thread 0x00007f9c984dd000 Threw 0x00000000f62e2b70 at /build/buildd/openjdk-7-7u51-2.4.4/build/openjdk/hotspot/src/share/vm/prims/jvm.cpp:1244
Event: 2,868 Thread 0x00007f9c984dd000 Threw 0x00000000f62e3c10 at /build/buildd/openjdk-7-7u51-2.4.4/build/openjdk/hotspot/src/share/vm/prims/jvm.cpp:1244
Event: 2,913 Thread 0x00007f9c984c5800 Threw 0x00000000f634a428 at /build/buildd/openjdk-7-7u51-2.4.4/build/openjdk/hotspot/src/share/vm/prims/jvm.cpp:1244
Event: 2,913 Thread 0x00007f9c984dd000 Threw 0x00000000f64f47e0 at /build/buildd/openjdk-7-7u51-2.4.4/build/openjdk/hotspot/src/share/vm/prims/jvm.cpp:1244
Event: 2,913 Thread 0x00007f9c984dd000 Threw 0x00000000f64f58e0 at /build/buildd/openjdk-7-7u51-2.4.4/build/openjdk/hotspot/src/share/vm/prims/jvm.cpp:1244
Event: 2,913 Thread 0x00007f9c984c5800 Threw 0x00000000f634b528 at /build/buildd/openjdk-7-7u51-2.4.4/build/openjdk/hotspot/src/share/vm/prims/jvm.cpp:1244
Event: 2,916 Thread 0x00007f9c984c5800 Threw 0x00000000f6564450 at /build/buildd/openjdk-7-7u51-2.4.4/build/openjdk/hotspot/src/share/vm/prims/jvm.cpp:1244
Event: 2,916 Thread 0x00007f9c984c5800 Threw 0x00000000f65655f8 at /build/buildd/openjdk-7-7u51-2.4.4/build/openjdk/hotspot/src/share/vm/prims/jvm.cpp:1244

Events (10 events):
Event: 2,989 Thread 0x00007f9c9800a800 DEOPT UNPACKING pc=0x00007f9c95039045 sp=0x00007f9c9d5a7748 mode 2
Event: 2,989 Thread 0x00007f9c9800a800 Uncommon trap: trap_request=0xffffffc6 fr.pc=0x00007f9c951854c8
Event: 2,989 Thread 0x00007f9c9800a800 DEOPT PACKING pc=0x00007f9c951854c8 sp=0x00007f9c9d5a7790
Event: 2,989 Thread 0x00007f9c9800a800 DEOPT UNPACKING pc=0x00007f9c95039045 sp=0x00007f9c9d5a7748 mode 2
Event: 2,989 Thread 0x00007f9c9800a800 Uncommon trap: trap_request=0xffffffc6 fr.pc=0x00007f9c951854c8
Event: 2,989 Thread 0x00007f9c9800a800 DEOPT PACKING pc=0x00007f9c951854c8 sp=0x00007f9c9d5a7790
Event: 2,989 Thread 0x00007f9c9800a800 DEOPT UNPACKING pc=0x00007f9c95039045 sp=0x00007f9c9d5a7748 mode 2
Event: 2,989 Thread 0x00007f9c9800a800 Uncommon trap: trap_request=0xffffffc6 fr.pc=0x00007f9c951854c8
Event: 2,989 Thread 0x00007f9c9800a800 DEOPT PACKING pc=0x00007f9c951854c8 sp=0x00007f9c9d5a7790
Event: 2,989 Thread 0x00007f9c9800a800 DEOPT UNPACKING pc=0x00007f9c95039045 sp=0x00007f9c9d5a7748 mode 2


Dynamic libraries:
00400000-00401000 r-xp 00000000 08:05 12322450                           /usr/lib/jvm/java-7-openjdk-amd64/jre/bin/java
00600000-00601000 r--p 00000000 08:05 12322450                           /usr/lib/jvm/java-7-openjdk-amd64/jre/bin/java
00601000-00602000 rw-p 00001000 08:05 12322450                           /usr/lib/jvm/java-7-openjdk-amd64/jre/bin/java
02477000-02498000 rw-p 00000000 00:00 0                                  [heap]
d6600000-d7f00000 rw-p 00000000 00:00 0 
d7f00000-e0c00000 rw-p 00000000 00:00 0 
e0c00000-e3300000 rw-p 00000000 00:00 0 
e3300000-f5900000 rw-p 00000000 00:00 0 
f5900000-f7c00000 rw-p 00000000 00:00 0 
f7c00000-100000000 rw-p 00000000 00:00 0 
7f9c48000000-7f9c48021000 rw-p 00000000 00:00 0 
7f9c48021000-7f9c4c000000 ---p 00000000 00:00 0 
7f9c4c000000-7f9c4c021000 rw-p 00000000 00:00 0 
7f9c4c021000-7f9c50000000 ---p 00000000 00:00 0 
7f9c50000000-7f9c50021000 rw-p 00000000 00:00 0 
7f9c50021000-7f9c54000000 ---p 00000000 00:00 0 
7f9c54000000-7f9c54021000 rw-p 00000000 00:00 0 
7f9c54021000-7f9c58000000 ---p 00000000 00:00 0 
7f9c58000000-7f9c58021000 rw-p 00000000 00:00 0 
7f9c58021000-7f9c5c000000 ---p 00000000 00:00 0 
7f9c5c000000-7f9c5c027000 rw-p 00000000 00:00 0 
7f9c5c027000-7f9c60000000 ---p 00000000 00:00 0 
7f9c60000000-7f9c60e65000 rw-p 00000000 00:00 0 
7f9c60e65000-7f9c64000000 ---p 00000000 00:00 0 
7f9c64000000-7f9c64021000 rw-p 00000000 00:00 0 
7f9c64021000-7f9c68000000 ---p 00000000 00:00 0 
7f9c68000000-7f9c68021000 rw-p 00000000 00:00 0 
7f9c68021000-7f9c6c000000 ---p 00000000 00:00 0 
7f9c6c000000-7f9c6cd20000 rw-p 00000000 00:00 0 
7f9c6cd20000-7f9c70000000 ---p 00000000 00:00 0 
7f9c70000000-7f9c70021000 rw-p 00000000 00:00 0 
7f9c70021000-7f9c74000000 ---p 00000000 00:00 0 
7f9c74000000-7f9c74021000 rw-p 00000000 00:00 0 
7f9c74021000-7f9c78000000 ---p 00000000 00:00 0 
7f9c78000000-7f9c78021000 rw-p 00000000 00:00 0 
7f9c78021000-7f9c7c000000 ---p 00000000 00:00 0 
7f9c7c000000-7f9c7c021000 rw-p 00000000 00:00 0 
7f9c7c021000-7f9c80000000 ---p 00000000 00:00 0 
7f9c80000000-7f9c80021000 rw-p 00000000 00:00 0 
7f9c80021000-7f9c84000000 ---p 00000000 00:00 0 
7f9c86b91000-7f9c86b93000 r-xp 00000000 08:05 16777852                   /home/luis/practica01/src/lib/libconvex_hull.so
7f9c86b93000-7f9c86d92000 ---p 00002000 08:05 16777852                   /home/luis/practica01/src/lib/libconvex_hull.so
7f9c86d92000-7f9c86d93000 r--p 00001000 08:05 16777852                   /home/luis/practica01/src/lib/libconvex_hull.so
7f9c86d93000-7f9c86d94000 rw-p 00002000 08:05 16777852                   /home/luis/practica01/src/lib/libconvex_hull.so
7f9c86d94000-7f9c86d96000 r-xp 00000000 08:05 16777851                   /home/luis/practica01/src/lib/libdouble_linked_list.so
7f9c86d96000-7f9c86f95000 ---p 00002000 08:05 16777851                   /home/luis/practica01/src/lib/libdouble_linked_list.so
7f9c86f95000-7f9c86f96000 r--p 00001000 08:05 16777851                   /home/luis/practica01/src/lib/libdouble_linked_list.so
7f9c86f96000-7f9c86f97000 rw-p 00002000 08:05 16777851                   /home/luis/practica01/src/lib/libdouble_linked_list.so
7f9c86f97000-7f9c86f98000 r-xp 00000000 08:05 16777824                   /home/luis/practica01/src/lib/lib2d_points.so
7f9c86f98000-7f9c87197000 ---p 00001000 08:05 16777824                   /home/luis/practica01/src/lib/lib2d_points.so
7f9c87197000-7f9c87198000 r--p 00000000 08:05 16777824                   /home/luis/practica01/src/lib/lib2d_points.so
7f9c87198000-7f9c87199000 rw-p 00001000 08:05 16777824                   /home/luis/practica01/src/lib/lib2d_points.so
7f9c87199000-7f9c8719c000 ---p 00000000 00:00 0 
7f9c8719c000-7f9c8739a000 rw-p 00000000 00:00 0 
7f9c8739a000-7f9c8739d000 ---p 00000000 00:00 0 
7f9c8739d000-7f9c8759b000 rw-p 00000000 00:00 0 
7f9c8759b000-7f9c8759e000 ---p 00000000 00:00 0 
7f9c8759e000-7f9c8779c000 rw-p 00000000 00:00 0                          [stack:2509]
7f9c8779c000-7f9c8779f000 ---p 00000000 00:00 0 
7f9c8779f000-7f9c8799d000 rw-p 00000000 00:00 0                          [stack:2439]
7f9c8799d000-7f9c879af000 r-xp 00000000 08:05 16253453                   /home/luis/.rbenv/versions/jruby-1.7.10/lib/jni/x86_64-Linux/libjffi-1.2.so
7f9c879af000-7f9c87bae000 ---p 00012000 08:05 16253453                   /home/luis/.rbenv/versions/jruby-1.7.10/lib/jni/x86_64-Linux/libjffi-1.2.so
7f9c87bae000-7f9c87baf000 rw-p 00011000 08:05 16253453                   /home/luis/.rbenv/versions/jruby-1.7.10/lib/jni/x86_64-Linux/libjffi-1.2.so
7f9c87baf000-7f9c87bbf000 r-xp 00000000 08:05 12322344                   /usr/lib/jvm/java-7-openjdk-amd64/jre/lib/amd64/libnio.so
7f9c87bbf000-7f9c87dbf000 ---p 00010000 08:05 12322344                   /usr/lib/jvm/java-7-openjdk-amd64/jre/lib/amd64/libnio.so
7f9c87dbf000-7f9c87dc0000 r--p 00010000 08:05 12322344                   /usr/lib/jvm/java-7-openjdk-amd64/jre/lib/amd64/libnio.so
7f9c87dc0000-7f9c87dc1000 rw-p 00011000 08:05 12322344                   /usr/lib/jvm/java-7-openjdk-amd64/jre/lib/amd64/libnio.so
7f9c87dc1000-7f9c87dfe000 r-xp 00000000 08:05 9834371                    /lib/x86_64-linux-gnu/libpcre.so.3.13.1
7f9c87dfe000-7f9c87ffe000 ---p 0003d000 08:05 9834371                    /lib/x86_64-linux-gnu/libpcre.so.3.13.1
7f9c87ffe000-7f9c87fff000 r--p 0003d000 08:05 9834371                    /lib/x86_64-linux-gnu/libpcre.so.3.13.1
7f9c87fff000-7f9c88000000 rw-p 0003e000 08:05 9834371                    /lib/x86_64-linux-gnu/libpcre.so.3.13.1
7f9c88000000-7f9c88021000 rw-p 00000000 00:00 0 
7f9c88021000-7f9c8c000000 ---p 00000000 00:00 0 
7f9c8c081000-7f9c8c084000 ---p 00000000 00:00 0 
7f9c8c084000-7f9c8c0ba000 rw-p 00000000 00:00 0                          [stack:2441]
7f9c8c0ba000-7f9c8c0c1000 r-xp 00000000 08:05 12196946                   /usr/lib/x86_64-linux-gnu/libffi.so.6.0.1
7f9c8c0c1000-7f9c8c2c0000 ---p 00007000 08:05 12196946                   /usr/lib/x86_64-linux-gnu/libffi.so.6.0.1
7f9c8c2c0000-7f9c8c2c1000 r--p 00006000 08:05 12196946                   /usr/lib/x86_64-linux-gnu/libffi.so.6.0.1
7f9c8c2c1000-7f9c8c2c2000 rw-p 00007000 08:05 12196946                   /usr/lib/x86_64-linux-gnu/libffi.so.6.0.1
7f9c8c2c2000-7f9c8c2d8000 r-xp 00000000 08:05 9834394                    /lib/x86_64-linux-gnu/libresolv-2.17.so
7f9c8c2d8000-7f9c8c4d8000 ---p 00016000 08:05 9834394                    /lib/x86_64-linux-gnu/libresolv-2.17.so
7f9c8c4d8000-7f9c8c4d9000 r--p 00016000 08:05 9834394                    /lib/x86_64-linux-gnu/libresolv-2.17.so
7f9c8c4d9000-7f9c8c4da000 rw-p 00017000 08:05 9834394                    /lib/x86_64-linux-gnu/libresolv-2.17.so
7f9c8c4da000-7f9c8c4dc000 rw-p 00000000 00:00 0 
7f9c8c4dc000-7f9c8c4fb000 r-xp 00000000 08:05 9834398                    /lib/x86_64-linux-gnu/libselinux.so.1
7f9c8c4fb000-7f9c8c6fb000 ---p 0001f000 08:05 9834398                    /lib/x86_64-linux-gnu/libselinux.so.1
7f9c8c6fb000-7f9c8c6fc000 r--p 0001f000 08:05 9834398                    /lib/x86_64-linux-gnu/libselinux.so.1
7f9c8c6fc000-7f9c8c6fd000 rw-p 00020000 08:05 9834398                    /lib/x86_64-linux-gnu/libselinux.so.1
7f9c8c6fd000-7f9c8c6fe000 rw-p 00000000 00:00 0 
7f9c8c6fe000-7f9c8c701000 r-xp 00000000 08:05 12190134                   /usr/lib/x86_64-linux-gnu/libgmodule-2.0.so.0.3800.1
7f9c8c701000-7f9c8c900000 ---p 00003000 08:05 12190134                   /usr/lib/x86_64-linux-gnu/libgmodule-2.0.so.0.3800.1
7f9c8c900000-7f9c8c901000 r--p 00002000 08:05 12190134                   /usr/lib/x86_64-linux-gnu/libgmodule-2.0.so.0.3800.1
7f9c8c901000-7f9c8c902000 rw-p 00003000 08:05 12190134                   /usr/lib/x86_64-linux-gnu/libgmodule-2.0.so.0.3800.1
7f9c8c902000-7f9c8ca00000 r-xp 00000000 08:05 9834386                    /lib/x86_64-linux-gnu/libglib-2.0.so.0.3800.1
7f9c8ca00000-7f9c8cc00000 ---p 000fe000 08:05 9834386                    /lib/x86_64-linux-gnu/libglib-2.0.so.0.3800.1
7f9c8cc00000-7f9c8cc01000 r--p 000fe000 08:05 9834386                    /lib/x86_64-linux-gnu/libglib-2.0.so.0.3800.1
7f9c8cc01000-7f9c8cc02000 rw-p 000ff000 08:05 9834386                    /lib/x86_64-linux-gnu/libglib-2.0.so.0.3800.1
7f9c8cc02000-7f9c8cc03000 rw-p 00000000 00:00 0 
7f9c8cc03000-7f9c8cc52000 r-xp 00000000 08:05 12190125                   /usr/lib/x86_64-linux-gnu/libgobject-2.0.so.0.3800.1
7f9c8cc52000-7f9c8ce52000 ---p 0004f000 08:05 12190125                   /usr/lib/x86_64-linux-gnu/libgobject-2.0.so.0.3800.1
7f9c8ce52000-7f9c8ce53000 r--p 0004f000 08:05 12190125                   /usr/lib/x86_64-linux-gnu/libgobject-2.0.so.0.3800.1
7f9c8ce53000-7f9c8ce54000 rw-p 00050000 08:05 12190125                   /usr/lib/x86_64-linux-gnu/libgobject-2.0.so.0.3800.1
7f9c8ce54000-7f9c8cfb0000 r-xp 00000000 08:05 12190099                   /usr/lib/x86_64-linux-gnu/libgio-2.0.so.0.3800.1
7f9c8cfb0000-7f9c8d1af000 ---p 0015c000 08:05 12190099                   /usr/lib/x86_64-linux-gnu/libgio-2.0.so.0.3800.1
7f9c8d1af000-7f9c8d1b3000 r--p 0015b000 08:05 12190099                   /usr/lib/x86_64-linux-gnu/libgio-2.0.so.0.3800.1
7f9c8d1b3000-7f9c8d1b5000 rw-p 0015f000 08:05 12190099                   /usr/lib/x86_64-linux-gnu/libgio-2.0.so.0.3800.1
7f9c8d1b5000-7f9c8d1b7000 rw-p 00000000 00:00 0 
7f9c8d1ce000-7f9c8d1e4000 r-xp 00000000 08:05 12322132                   /usr/lib/jvm/java-7-openjdk-amd64/jre/lib/amd64/libnet.so
7f9c8d1e4000-7f9c8d3e3000 ---p 00016000 08:05 12322132                   /usr/lib/jvm/java-7-openjdk-amd64/jre/lib/amd64/libnet.so
7f9c8d3e3000-7f9c8d3e4000 r--p 00015000 08:05 12322132                   /usr/lib/jvm/java-7-openjdk-amd64/jre/lib/amd64/libnet.so
7f9c8d3e4000-7f9c8d3e5000 rw-p 00016000 08:05 12322132                   /usr/lib/jvm/java-7-openjdk-amd64/jre/lib/amd64/libnet.so
7f9c8d3e5000-7f9c8d3e6000 ---p 00000000 00:00 0 
7f9c8d3e6000-7f9c8d4e6000 rw-p 00000000 00:00 0                          [stack:2438]
7f9c8d4e6000-7f9c8d4e9000 ---p 00000000 00:00 0 
7f9c8d4e9000-7f9c8d6e7000 rw-p 00000000 00:00 0                          [stack:2437]
7f9c8d6e7000-7f9c8d6ea000 ---p 00000000 00:00 0 
7f9c8d6ea000-7f9c8d7e8000 rw-p 00000000 00:00 0                          [stack:2436]
7f9c8d7e8000-7f9c8d7eb000 ---p 00000000 00:00 0 
7f9c8d7eb000-7f9c8d8e9000 rw-p 00000000 00:00 0                          [stack:2435]
7f9c8d8e9000-7f9c8d8ec000 ---p 00000000 00:00 0 
7f9c8d8ec000-7f9c8daea000 rw-p 00000000 00:00 0                          [stack:2434]
7f9c8daea000-7f9c8dee4000 r--p 00000000 08:05 12195384                   /usr/lib/locale/locale-archive
7f9c8dee4000-7f9c8dee7000 ---p 00000000 00:00 0 
7f9c8dee7000-7f9c8e0e5000 rw-p 00000000 00:00 0                          [stack:2433]
7f9c8e0e5000-7f9c8e0e8000 ---p 00000000 00:00 0 
7f9c8e0e8000-7f9c8e2e6000 rw-p 00000000 00:00 0                          [stack:2432]
7f9c8e2e6000-7f9c8e2e7000 ---p 00000000 00:00 0 
7f9c8e2e7000-7f9c90000000 rw-p 00000000 00:00 0                          [stack:2431]
7f9c90000000-7f9c90021000 rw-p 00000000 00:00 0 
7f9c90021000-7f9c94000000 ---p 00000000 00:00 0 
7f9c9400f000-7f9c948a3000 rw-p 00000000 00:00 0 
7f9c948a3000-7f9c9498c000 r--s 00bb9000 08:05 16253440                   /home/luis/.rbenv/versions/jruby-1.7.10/lib/jruby.jar
7f9c9498c000-7f9c94b3a000 r--s 01cf4000 08:05 12322430                   /usr/lib/jvm/java-7-openjdk-amd64/jre/lib/rt.jar
7f9c94b3a000-7f9c94cfd000 rw-p 00000000 00:00 0 
7f9c94cfd000-7f9c94cfe000 ---p 00000000 00:00 0 
7f9c94cfe000-7f9c94dfe000 rw-p 00000000 00:00 0                          [stack:2430]
7f9c94dfe000-7f9c94dff000 ---p 00000000 00:00 0 
7f9c94dff000-7f9c94eff000 rw-p 00000000 00:00 0                          [stack:2429]
7f9c94eff000-7f9c94f00000 ---p 00000000 00:00 0 
7f9c94f00000-7f9c95000000 rw-p 00000000 00:00 0                          [stack:2428]
7f9c95000000-7f9c95270000 rwxp 00000000 00:00 0 
7f9c95270000-7f9c98513000 rw-p 00000000 00:00 0 
7f9c98513000-7f9c9c000000 ---p 00000000 00:00 0 
7f9c9c004000-7f9c9c0cf000 rw-p 00000000 00:00 0 
7f9c9c0cf000-7f9c9c0d0000 ---p 00000000 00:00 0 
7f9c9c0d0000-7f9c9c1dd000 rw-p 00000000 00:00 0                          [stack:2427]
7f9c9c1dd000-7f9c9c223000 rw-p 00000000 00:00 0 
7f9c9c223000-7f9c9c237000 rw-p 00000000 00:00 0 
7f9c9c237000-7f9c9c2c9000 rw-p 00000000 00:00 0 
7f9c9c2c9000-7f9c9c2db000 rw-p 00000000 00:00 0 
7f9c9c2db000-7f9c9c31d000 rw-p 00000000 00:00 0 
7f9c9c31d000-7f9c9c31e000 rw-p 00000000 00:00 0 
7f9c9c31e000-7f9c9c326000 r-xp 00000000 08:05 12322081                   /usr/lib/jvm/java-7-openjdk-amd64/jre/lib/amd64/libzip.so
7f9c9c326000-7f9c9c525000 ---p 00008000 08:05 12322081                   /usr/lib/jvm/java-7-openjdk-amd64/jre/lib/amd64/libzip.so
7f9c9c525000-7f9c9c526000 r--p 00007000 08:05 12322081                   /usr/lib/jvm/java-7-openjdk-amd64/jre/lib/amd64/libzip.so
7f9c9c526000-7f9c9c527000 rw-p 00008000 08:05 12322081                   /usr/lib/jvm/java-7-openjdk-amd64/jre/lib/amd64/libzip.so
7f9c9c527000-7f9c9c533000 r-xp 00000000 08:05 9834349                    /lib/x86_64-linux-gnu/libnss_files-2.17.so
7f9c9c533000-7f9c9c732000 ---p 0000c000 08:05 9834349                    /lib/x86_64-linux-gnu/libnss_files-2.17.so
7f9c9c732000-7f9c9c733000 r--p 0000b000 08:05 9834349                    /lib/x86_64-linux-gnu/libnss_files-2.17.so
7f9c9c733000-7f9c9c734000 rw-p 0000c000 08:05 9834349                    /lib/x86_64-linux-gnu/libnss_files-2.17.so
7f9c9c734000-7f9c9c73f000 r-xp 00000000 08:05 9834353                    /lib/x86_64-linux-gnu/libnss_nis-2.17.so
7f9c9c73f000-7f9c9c93e000 ---p 0000b000 08:05 9834353                    /lib/x86_64-linux-gnu/libnss_nis-2.17.so
7f9c9c93e000-7f9c9c93f000 r--p 0000a000 08:05 9834353                    /lib/x86_64-linux-gnu/libnss_nis-2.17.so
7f9c9c93f000-7f9c9c940000 rw-p 0000b000 08:05 9834353                    /lib/x86_64-linux-gnu/libnss_nis-2.17.so
7f9c9c940000-7f9c9c957000 r-xp 00000000 08:05 9834343                    /lib/x86_64-linux-gnu/libnsl-2.17.so
7f9c9c957000-7f9c9cb56000 ---p 00017000 08:05 9834343                    /lib/x86_64-linux-gnu/libnsl-2.17.so
7f9c9cb56000-7f9c9cb57000 r--p 00016000 08:05 9834343                    /lib/x86_64-linux-gnu/libnsl-2.17.so
7f9c9cb57000-7f9c9cb58000 rw-p 00017000 08:05 9834343                    /lib/x86_64-linux-gnu/libnsl-2.17.so
7f9c9cb58000-7f9c9cb5a000 rw-p 00000000 00:00 0 
7f9c9cb5a000-7f9c9cb62000 r-xp 00000000 08:05 9834345                    /lib/x86_64-linux-gnu/libnss_compat-2.17.so
7f9c9cb62000-7f9c9cd61000 ---p 00008000 08:05 9834345                    /lib/x86_64-linux-gnu/libnss_compat-2.17.so
7f9c9cd61000-7f9c9cd62000 r--p 00007000 08:05 9834345                    /lib/x86_64-linux-gnu/libnss_compat-2.17.so
7f9c9cd62000-7f9c9cd63000 rw-p 00008000 08:05 9834345                    /lib/x86_64-linux-gnu/libnss_compat-2.17.so
7f9c9cd63000-7f9c9cd8e000 r-xp 00000000 08:05 12322007                   /usr/lib/jvm/java-7-openjdk-amd64/jre/lib/amd64/libjava.so
7f9c9cd8e000-7f9c9cf8d000 ---p 0002b000 08:05 12322007                   /usr/lib/jvm/java-7-openjdk-amd64/jre/lib/amd64/libjava.so
7f9c9cf8d000-7f9c9cf8e000 r--p 0002a000 08:05 12322007                   /usr/lib/jvm/java-7-openjdk-amd64/jre/lib/amd64/libjava.so
7f9c9cf8e000-7f9c9cf90000 rw-p 0002b000 08:05 12322007                   /usr/lib/jvm/java-7-openjdk-amd64/jre/lib/amd64/libjava.so
7f9c9cf90000-7f9c9cfa0000 r-xp 00000000 08:05 12322321                   /usr/lib/jvm/java-7-openjdk-amd64/jre/lib/amd64/libverify.so
7f9c9cfa0000-7f9c9d19f000 ---p 00010000 08:05 12322321                   /usr/lib/jvm/java-7-openjdk-amd64/jre/lib/amd64/libverify.so
7f9c9d19f000-7f9c9d1a1000 r--p 0000f000 08:05 12322321                   /usr/lib/jvm/java-7-openjdk-amd64/jre/lib/amd64/libverify.so
7f9c9d1a1000-7f9c9d1a2000 rw-p 00011000 08:05 12322321                   /usr/lib/jvm/java-7-openjdk-amd64/jre/lib/amd64/libverify.so
7f9c9d1a2000-7f9c9d1a9000 r-xp 00000000 08:05 9834396                    /lib/x86_64-linux-gnu/librt-2.17.so
7f9c9d1a9000-7f9c9d3a8000 ---p 00007000 08:05 9834396                    /lib/x86_64-linux-gnu/librt-2.17.so
7f9c9d3a8000-7f9c9d3a9000 r--p 00006000 08:05 9834396                    /lib/x86_64-linux-gnu/librt-2.17.so
7f9c9d3a9000-7f9c9d3aa000 rw-p 00007000 08:05 9834396                    /lib/x86_64-linux-gnu/librt-2.17.so
7f9c9d3aa000-7f9c9d3ad000 ---p 00000000 00:00 0 
7f9c9d3ad000-7f9c9d5ab000 rw-p 00000000 00:00 0                          [stack:2426]
7f9c9d5ab000-7f9c9d5c0000 r-xp 00000000 08:05 9830413                    /lib/x86_64-linux-gnu/libgcc_s.so.1
7f9c9d5c0000-7f9c9d7bf000 ---p 00015000 08:05 9830413                    /lib/x86_64-linux-gnu/libgcc_s.so.1
7f9c9d7bf000-7f9c9d7c0000 r--p 00014000 08:05 9830413                    /lib/x86_64-linux-gnu/libgcc_s.so.1
7f9c9d7c0000-7f9c9d7c1000 rw-p 00015000 08:05 9830413                    /lib/x86_64-linux-gnu/libgcc_s.so.1
7f9c9d7c1000-7f9c9d8c4000 r-xp 00000000 08:05 9834324                    /lib/x86_64-linux-gnu/libm-2.17.so
7f9c9d8c4000-7f9c9dac3000 ---p 00103000 08:05 9834324                    /lib/x86_64-linux-gnu/libm-2.17.so
7f9c9dac3000-7f9c9dac4000 r--p 00102000 08:05 9834324                    /lib/x86_64-linux-gnu/libm-2.17.so
7f9c9dac4000-7f9c9dac5000 rw-p 00103000 08:05 9834324                    /lib/x86_64-linux-gnu/libm-2.17.so
7f9c9dac5000-7f9c9dbab000 r-xp 00000000 08:05 12190887                   /usr/lib/x86_64-linux-gnu/libstdc++.so.6.0.18
7f9c9dbab000-7f9c9ddaa000 ---p 000e6000 08:05 12190887                   /usr/lib/x86_64-linux-gnu/libstdc++.so.6.0.18
7f9c9ddaa000-7f9c9ddb2000 r--p 000e5000 08:05 12190887                   /usr/lib/x86_64-linux-gnu/libstdc++.so.6.0.18
7f9c9ddb2000-7f9c9ddb4000 rw-p 000ed000 08:05 12190887                   /usr/lib/x86_64-linux-gnu/libstdc++.so.6.0.18
7f9c9ddb4000-7f9c9ddc9000 rw-p 00000000 00:00 0 
7f9c9ddc9000-7f9c9e8a8000 r-xp 00000000 08:05 12322340                   /usr/lib/jvm/java-7-openjdk-amd64/jre/lib/amd64/server/libjvm.so
7f9c9e8a8000-7f9c9eaa7000 ---p 00adf000 08:05 12322340                   /usr/lib/jvm/java-7-openjdk-amd64/jre/lib/amd64/server/libjvm.so
7f9c9eaa7000-7f9c9eb39000 r--p 00ade000 08:05 12322340                   /usr/lib/jvm/java-7-openjdk-amd64/jre/lib/amd64/server/libjvm.so
7f9c9eb39000-7f9c9eb5c000 rw-p 00b70000 08:05 12322340                   /usr/lib/jvm/java-7-openjdk-amd64/jre/lib/amd64/server/libjvm.so
7f9c9eb5c000-7f9c9eb89000 rw-p 00000000 00:00 0 
7f9c9eb89000-7f9c9eba1000 r-xp 00000000 08:05 9834431                    /lib/x86_64-linux-gnu/libz.so.1.2.8
7f9c9eba1000-7f9c9eda0000 ---p 00018000 08:05 9834431                    /lib/x86_64-linux-gnu/libz.so.1.2.8
7f9c9eda0000-7f9c9eda1000 r--p 00017000 08:05 9834431                    /lib/x86_64-linux-gnu/libz.so.1.2.8
7f9c9eda1000-7f9c9eda2000 rw-p 00018000 08:05 9834431                    /lib/x86_64-linux-gnu/libz.so.1.2.8
7f9c9eda2000-7f9c9edb9000 r-xp 00000000 08:05 9834388                    /lib/x86_64-linux-gnu/libpthread-2.17.so
7f9c9edb9000-7f9c9efb9000 ---p 00017000 08:05 9834388                    /lib/x86_64-linux-gnu/libpthread-2.17.so
7f9c9efb9000-7f9c9efba000 r--p 00017000 08:05 9834388                    /lib/x86_64-linux-gnu/libpthread-2.17.so
7f9c9efba000-7f9c9efbb000 rw-p 00018000 08:05 9834388                    /lib/x86_64-linux-gnu/libpthread-2.17.so
7f9c9efbb000-7f9c9efbf000 rw-p 00000000 00:00 0 
7f9c9efbf000-7f9c9efc2000 r-xp 00000000 08:05 9834288                    /lib/x86_64-linux-gnu/libdl-2.17.so
7f9c9efc2000-7f9c9f1c1000 ---p 00003000 08:05 9834288                    /lib/x86_64-linux-gnu/libdl-2.17.so
7f9c9f1c1000-7f9c9f1c2000 r--p 00002000 08:05 9834288                    /lib/x86_64-linux-gnu/libdl-2.17.so
7f9c9f1c2000-7f9c9f1c3000 rw-p 00003000 08:05 9834288                    /lib/x86_64-linux-gnu/libdl-2.17.so
7f9c9f1c3000-7f9c9f380000 r-xp 00000000 08:05 9834273                    /lib/x86_64-linux-gnu/libc-2.17.so
7f9c9f380000-7f9c9f580000 ---p 001bd000 08:05 9834273                    /lib/x86_64-linux-gnu/libc-2.17.so
7f9c9f580000-7f9c9f584000 r--p 001bd000 08:05 9834273                    /lib/x86_64-linux-gnu/libc-2.17.so
7f9c9f584000-7f9c9f586000 rw-p 001c1000 08:05 9834273                    /lib/x86_64-linux-gnu/libc-2.17.so
7f9c9f586000-7f9c9f58b000 rw-p 00000000 00:00 0 
7f9c9f58b000-7f9c9f598000 r-xp 00000000 08:05 12322347                   /usr/lib/jvm/java-7-openjdk-amd64/jre/lib/amd64/jli/libjli.so
7f9c9f598000-7f9c9f797000 ---p 0000d000 08:05 12322347                   /usr/lib/jvm/java-7-openjdk-amd64/jre/lib/amd64/jli/libjli.so
7f9c9f797000-7f9c9f798000 r--p 0000c000 08:05 12322347                   /usr/lib/jvm/java-7-openjdk-amd64/jre/lib/amd64/jli/libjli.so
7f9c9f798000-7f9c9f799000 rw-p 0000d000 08:05 12322347                   /usr/lib/jvm/java-7-openjdk-amd64/jre/lib/amd64/jli/libjli.so
7f9c9f799000-7f9c9f7bc000 r-xp 00000000 08:05 9834249                    /lib/x86_64-linux-gnu/ld-2.17.so
7f9c9f7c2000-7f9c9f7c3000 r-xp 00000000 00:00 0 
7f9c9f7c3000-7f9c9f7ca000 r--s 00000000 08:05 12588976                   /usr/lib/x86_64-linux-gnu/gconv/gconv-modules.cache
7f9c9f7ca000-7f9c9f7cf000 r--s 0004c000 08:05 12322352                   /usr/lib/jvm/java-7-openjdk-amd64/jre/lib/jsse.jar
7f9c9f7cf000-7f9c9f7d2000 r--s 00032000 08:05 12322366                   /usr/lib/jvm/java-7-openjdk-amd64/jre/lib/ext/sunjce_provider.jar
7f9c9f7d2000-7f9c9f7d5000 r--s 0000f000 08:05 12322362                   /usr/lib/jvm/java-7-openjdk-amd64/jre/lib/ext/pulse-java.jar
7f9c9f7d5000-7f9c9f7f0000 rw-p 00000000 00:00 0 
7f9c9f7f0000-7f9c9f836000 rw-p 00000000 00:00 0 
7f9c9f836000-7f9c9f84a000 rw-p 00000000 00:00 0 
7f9c9f84a000-7f9c9f8dd000 rw-p 00000000 00:00 0 
7f9c9f8dd000-7f9c9f8e7000 rw-p 00000000 00:00 0 
7f9c9f8e7000-7f9c9f99d000 rw-p 00000000 00:00 0 
7f9c9f99d000-7f9c9f9a2000 rw-p 00000000 00:00 0 
7f9c9f9a2000-7f9c9f9a4000 r--s 00006000 08:05 12717881                   /usr/share/java/java-atk-wrapper.jar
7f9c9f9a4000-7f9c9f9a8000 r--s 00085000 08:05 12322360                   /usr/lib/jvm/java-7-openjdk-amd64/jre/lib/ext/localedata.jar
7f9c9f9a8000-7f9c9f9ac000 r--s 0003b000 08:05 12322372                   /usr/lib/jvm/java-7-openjdk-amd64/jre/lib/ext/sunpkcs11.jar
7f9c9f9ac000-7f9c9f9ad000 r--s 00002000 08:05 12322370                   /usr/lib/jvm/java-7-openjdk-amd64/jre/lib/ext/dnsns.jar
7f9c9f9ad000-7f9c9f9af000 r--s 00012000 08:05 12322364                   /usr/lib/jvm/java-7-openjdk-amd64/jre/lib/ext/zipfs.jar
7f9c9f9af000-7f9c9f9b7000 rw-s 00000000 08:05 7340053                    /tmp/hsperfdata_luis/2401
7f9c9f9b7000-7f9c9f9b8000 rw-p 00000000 00:00 0 
7f9c9f9b8000-7f9c9f9b9000 r--p 00000000 00:00 0 
7f9c9f9b9000-7f9c9f9bb000 rw-p 00000000 00:00 0 
7f9c9f9bb000-7f9c9f9bc000 r--p 00022000 08:05 9834249                    /lib/x86_64-linux-gnu/ld-2.17.so
7f9c9f9bc000-7f9c9f9be000 rw-p 00023000 08:05 9834249                    /lib/x86_64-linux-gnu/ld-2.17.so
7fffb589f000-7fffb58c0000 rw-p 00000000 00:00 0                          [stack]
7fffb59fe000-7fffb5a00000 r-xp 00000000 00:00 0                          [vdso]
ffffffffff600000-ffffffffff601000 r-xp 00000000 00:00 0                  [vsyscall]

VM Arguments:
jvm_args: -Djdk.home= -Djruby.home=/home/luis/.rbenv/versions/jruby-1.7.10 -Djruby.script=jruby -Djruby.shell=/bin/sh -Djffi.boot.library.path=/home/luis/.rbenv/versions/jruby-1.7.10/lib/jni:/home/luis/.rbenv/versions/jruby-1.7.10/lib/jni/arm-Linux:/home/luis/.rbenv/versions/jruby-1.7.10/lib/jni/x86_64-Linux:/home/luis/.rbenv/versions/jruby-1.7.10/lib/jni/i386-Linux -Xmx500m -Xss2048k -Xbootclasspath/a:/home/luis/.rbenv/versions/jruby-1.7.10/lib/jruby.jar 
java_command: org/jruby/Main Makefile.rb clean compile test
Launcher Type: SUN_STANDARD

Environment Variables:
PATH=/home/luis/.rbenv/versions/jruby-1.7.10/bin:/home/luis/.rbenv/libexec:/home/luis/.rbenv/plugins/ruby-build/bin:/home/luis/.rbenv/shims:~/.rbenv/bin:~/.rbenv/bin:/usr/local/sbin:/usr/local/bin:/usr/sbin:/usr/bin:/sbin:/bin:/usr/games:/usr/local/games
USERNAME=luis
SHELL=/bin/bash
DISPLAY=:0

Signal Handlers:
SIGSEGV: [libjvm.so+0x916ea0], sa_mask[0]=0x7ffbfeff, sa_flags=0x10000004
SIGBUS: [libjvm.so+0x916ea0], sa_mask[0]=0x7ffbfeff, sa_flags=0x10000004
SIGFPE: [libjvm.so+0x794800], sa_mask[0]=0x7ffbfeff, sa_flags=0x10000004
SIGPIPE: [libjvm.so+0x794800], sa_mask[0]=0x7ffbfeff, sa_flags=0x10000004
SIGXFSZ: [libjvm.so+0x794800], sa_mask[0]=0x7ffbfeff, sa_flags=0x10000004
SIGILL: [libjvm.so+0x794800], sa_mask[0]=0x7ffbfeff, sa_flags=0x10000004
SIGUSR1: SIG_DFL, sa_mask[0]=0x00000000, sa_flags=0x00000000
SIGUSR2: [libjvm.so+0x7946a0], sa_mask[0]=0x00000000, sa_flags=0x10000004
SIGHUP: [libjvm.so+0x794880], sa_mask[0]=0x7ffbfeff, sa_flags=0x10000004
SIGINT: [libjvm.so+0x794880], sa_mask[0]=0x7ffbfeff, sa_flags=0x10000004
SIGTERM: [libjvm.so+0x794880], sa_mask[0]=0x7ffbfeff, sa_flags=0x10000004
SIGQUIT: [libjvm.so+0x794880], sa_mask[0]=0x7ffbfeff, sa_flags=0x10000004


---------------  S Y S T E M  ---------------

OS:LinuxMint 16 (petra)
uname:Linux 3.11.0-12-generic #19-Ubuntu SMP Wed Oct 9 16:20:46 UTC 2013 x86_64
libc:glibc 2.17 NPTL 2.17 
rlimit: STACK 8192k, CORE 0k, NPROC 29806, NOFILE 4096, AS infinity
load average:0,26 0,18 0,10

/proc/meminfo:
MemTotal:        3844532 kB
MemFree:         2933628 kB
Buffers:           53104 kB
Cached:           462312 kB
SwapCached:            0 kB
Active:           409732 kB
Inactive:         395604 kB
Active(anon):     290820 kB
Inactive(anon):   138372 kB
Active(file):     118912 kB
Inactive(file):   257232 kB
Unevictable:           0 kB
Mlocked:               0 kB
SwapTotal:       3987452 kB
SwapFree:        3987452 kB
Dirty:               160 kB
Writeback:             0 kB
AnonPages:        289980 kB
Mapped:            90576 kB
Shmem:            139276 kB
Slab:              45936 kB
SReclaimable:      26088 kB
SUnreclaim:        19848 kB
KernelStack:        2688 kB
PageTables:        14484 kB
NFS_Unstable:          0 kB
Bounce:                0 kB
WritebackTmp:          0 kB
CommitLimit:     5909716 kB
Committed_AS:    1540768 kB
VmallocTotal:   34359738367 kB
VmallocUsed:      348004 kB
VmallocChunk:   34359386120 kB
HardwareCorrupted:     0 kB
AnonHugePages:         0 kB
HugePages_Total:       0
HugePages_Free:        0
HugePages_Rsvd:        0
HugePages_Surp:        0
Hugepagesize:       2048 kB
DirectMap4k:       62708 kB
DirectMap2M:     3926016 kB


CPU:total 4 (2 cores per cpu, 2 threads per core) family 6 model 37 stepping 5, cmov, cx8, fxsr, mmx, sse, sse2, sse3, ssse3, sse4.1, sse4.2, popcnt, ht, tsc, tscinvbit

/proc/cpuinfo:
processor	: 0
vendor_id	: GenuineIntel
cpu family	: 6
model		: 37
model name	: Intel(R) Core(TM) i5 CPU       M 460  @ 2.53GHz
stepping	: 5
microcode	: 0x2
cpu MHz		: 1199.000
cache size	: 3072 KB
physical id	: 0
siblings	: 4
core id		: 0
cpu cores	: 2
apicid		: 0
initial apicid	: 0
fpu		: yes
fpu_exception	: yes
cpuid level	: 11
wp		: yes
flags		: fpu vme de pse tsc msr pae mce cx8 apic sep mtrr pge mca cmov pat pse36 clflush dts acpi mmx fxsr sse sse2 ss ht tm pbe syscall nx rdtscp lm constant_tsc arch_perfmon pebs bts rep_good nopl xtopology nonstop_tsc aperfmperf pni dtes64 monitor ds_cpl vmx est tm2 ssse3 cx16 xtpr pdcm pcid sse4_1 sse4_2 popcnt lahf_lm ida arat dtherm tpr_shadow vnmi flexpriority ept vpid
bogomips	: 5067.06
clflush size	: 64
cache_alignment	: 64
address sizes	: 36 bits physical, 48 bits virtual
power management:

processor	: 1
vendor_id	: GenuineIntel
cpu family	: 6
model		: 37
model name	: Intel(R) Core(TM) i5 CPU       M 460  @ 2.53GHz
stepping	: 5
microcode	: 0x2
cpu MHz		: 1199.000
cache size	: 3072 KB
physical id	: 0
siblings	: 4
core id		: 0
cpu cores	: 2
apicid		: 1
initial apicid	: 1
fpu		: yes
fpu_exception	: yes
cpuid level	: 11
wp		: yes
flags		: fpu vme de pse tsc msr pae mce cx8 apic sep mtrr pge mca cmov pat pse36 clflush dts acpi mmx fxsr sse sse2 ss ht tm pbe syscall nx rdtscp lm constant_tsc arch_perfmon pebs bts rep_good nopl xtopology nonstop_tsc aperfmperf pni dtes64 monitor ds_cpl vmx est tm2 ssse3 cx16 xtpr pdcm pcid sse4_1 sse4_2 popcnt lahf_lm ida arat dtherm tpr_shadow vnmi flexpriority ept vpid
bogomips	: 5067.06
clflush size	: 64
cache_alignment	: 64
address sizes	: 36 bits physical, 48 bits virtual
power management:

processor	: 2
vendor_id	: GenuineIntel
cpu family	: 6
model		: 37
model name	: Intel(R) Core(TM) i5 CPU       M 460  @ 2.53GHz
stepping	: 5
microcode	: 0x2
cpu MHz		: 1199.000
cache size	: 3072 KB
physical id	: 0
siblings	: 4
core id		: 2
cpu cores	: 2
apicid		: 4
initial apicid	: 4
fpu		: yes
fpu_exception	: yes
cpuid level	: 11
wp		: yes
flags		: fpu vme de pse tsc msr pae mce cx8 apic sep mtrr pge mca cmov pat pse36 clflush dts acpi mmx fxsr sse sse2 ss ht tm pbe syscall nx rdtscp lm constant_tsc arch_perfmon pebs bts rep_good nopl xtopology nonstop_tsc aperfmperf pni dtes64 monitor ds_cpl vmx est tm2 ssse3 cx16 xtpr pdcm pcid sse4_1 sse4_2 popcnt lahf_lm ida arat dtherm tpr_shadow vnmi flexpriority ept vpid
bogomips	: 5067.06
clflush size	: 64
cache_alignment	: 64
address sizes	: 36 bits physical, 48 bits virtual
power management:

processor	: 3
vendor_id	: GenuineIntel
cpu family	: 6
model		: 37
model name	: Intel(R) Core(TM) i5 CPU       M 460  @ 2.53GHz
stepping	: 5
microcode	: 0x2
cpu MHz		: 2534.000
cache size	: 3072 KB
physical id	: 0
siblings	: 4
core id		: 2
cpu cores	: 2
apicid		: 5
initial apicid	: 5
fpu		: yes
fpu_exception	: yes
cpuid level	: 11
wp		: yes
flags		: fpu vme de pse tsc msr pae mce cx8 apic sep mtrr pge mca cmov pat pse36 clflush dts acpi mmx fxsr sse sse2 ss ht tm pbe syscall nx rdtscp lm constant_tsc arch_perfmon pebs bts rep_good nopl xtopology nonstop_tsc aperfmperf pni dtes64 monitor ds_cpl vmx est tm2 ssse3 cx16 xtpr pdcm pcid sse4_1 sse4_2 popcnt lahf_lm ida arat dtherm tpr_shadow vnmi flexpriority ept vpid
bogomips	: 5067.06
clflush size	: 64
cache_alignment	: 64
address sizes	: 36 bits physical, 48 bits virtual
power management:



Memory: 4k page, physical 3844532k(2933628k free), swap 3987452k(3987452k free)

vm_info: OpenJDK 64-Bit Server VM (24.45-b08) for linux-amd64 JRE (1.7.0_51-b00), built on Jan 15 2014 22:02:57 by "buildd" with gcc 4.8.1

time: Wed Mar  5 16:48:27 2014
elapsed time: 3 seconds

