#
# A fatal error has been detected by the Java Runtime Environment:
#
#  SIGSEGV (0xb) at pc=0x00007fa54957bdd4, pid=9751, tid=140348190349056
#
# JRE version: OpenJDK Runtime Environment (7.0_51) (build 1.7.0_51-b00)
# Java VM: OpenJDK 64-Bit Server VM (24.45-b08 mixed mode linux-amd64 compressed oops)
# Problematic frame:
# C  [libconvex_hull.so+0xdd4]  puente_superior+0xdd
#
# Failed to write core dump. Core dumps have been disabled. To enable core dumping, try "ulimit -c unlimited" before starting Java again
#
# If you would like to submit a bug report, please include
# instructions on how to reproduce the bug and visit:
#   http://icedtea.classpath.org/bugzilla
# The crash happened outside the Java Virtual Machine in native code.
# See problematic frame for where to report the bug.
#

---------------  T H R E A D  ---------------

Current thread (0x00007fa55400a800):  JavaThread "main" [_thread_in_native, id=9776, stack(0x00007fa55be7d000,0x00007fa55c07e000)]

siginfo:si_signo=SIGSEGV: si_errno=0, si_code=1 (SEGV_MAPERR), si_addr=0x0000000000000000

Registers:
RAX=0x0000000000000000, RBX=0x00000000d79ca7a0, RCX=0x0000000000001295, RDX=0x0000000001011638
RSP=0x00007fa55c07aa50, RBP=0x00007fa55c07aa90, RSI=0x00000000fffffdce, RDI=0x00007fa55447ec00
R8 =0x00007fa55447ead0, R9 =0x00000000f61abdd0, R10=0x00007fa55c07a820, R11=0x00007fa54998193f
R12=0x0000000000000000, R13=0x00000000d79ca7a0, R14=0x00007fa55c07ad30, R15=0x00007fa55400a800
RIP=0x00007fa54957bdd4, EFLAGS=0x0000000000010297, CSGSFS=0x0000000000000033, ERR=0x0000000000000004
  TRAPNO=0x000000000000000e

Top of Stack: (sp=0x00007fa55c07aa50)
0x00007fa55c07aa50:   00007fa55447ec00 00007fa55447eca0
0x00007fa55c07aa60:   0000000300000002 0000000000000001
0x00007fa55c07aa70:   00007fa55447eb60 00007fa55447ec60
0x00007fa55c07aa80:   00007fa55447ec80 00007fa55447ec60
0x00007fa55c07aa90:   00007fa55c07ab80 00007fa54957c004
0x00007fa55c07aaa0:   00007fa55447ec00 00007fa55447eca0
0x00007fa55c07aab0:   00000000f644b540 0000000100000000
0x00007fa55c07aac0:   00000000f798ec08 00007fa54977d060
0x00007fa55c07aad0:   0000000000000000 00007fa55447eb80
0x00007fa55c07aae0:   00007fa55447eb60 00007fa55447eb40
0x00007fa55c07aaf0:   00007fa55447eb20 00007fa55447eb40
0x00007fa55c07ab00:   00007fa55447eb00 0000000000000000
0x00007fa55c07ab10:   00007fa55400a800 00007fa54957b408
0x00007fa55c07ab20:   00000000d79ca7a0 00007fa55c07ac40
0x00007fa55c07ab30:   0000000000000000 00007fa55e281725
0x00007fa55c07ab40:   00007fa55447eca0 00007fa554000020
0x00007fa55c07ab50:   00007fa55447ec20 00007fa55447ec20
0x00007fa55c07ab60:   00007fa55447eca0 00007fa55447eb10
0x00007fa55c07ab70:   00000000f61abdd0 00007fa554473e70
0x00007fa55c07ab80:   00007fa55c07ac40 00007fa54957c80d
0x00007fa55c07ab90:   00000000f644dd18 00007fa5544770a0
0x00007fa55c07aba0:   00000000d7e47881 00007fa55c07ac18
0x00007fa55c07abb0:   00007fa55447eca0 00007fa55447ec80
0x00007fa55c07abc0:   00007fa55447ec60 00007fa55447ec40
0x00007fa55c07abd0:   00007fa55447ec20 00007fa55447ec00
0x00007fa55c07abe0:   00007fa55447ebe0 00007fa55447ebc0
0x00007fa55c07abf0:   00007fa55447eba0 00000000f61abdd0
0x00007fa55c07ac00:   00000000f61e8970 00000000f644dd18
0x00007fa55c07ac10:   00000000f7a6fd80 00000000f61e9a58
0x00007fa55c07ac20:   00000000f79e1db8 00000000d673c828
0x00007fa55c07ac30:   0000000000000000 00000000d673c820
0x00007fa55c07ac40:   00007fa55442a690 00007fa54a38ecd9 

Instructions: (pc=0x00007fa54957bdd4)
0x00007fa54957bdb4:   45 e0 48 8b 00 48 89 45 e8 48 8b 45 e0 48 8b 40
0x00007fa54957bdc4:   08 48 8b 00 48 89 45 f0 48 8b 45 e0 48 8b 40 10
0x00007fa54957bdd4:   48 8b 00 48 89 45 f8 48 8b 55 f0 48 8b 4d e8 48
0x00007fa54957bde4:   8b 45 c0 48 89 ce 48 89 c7 e8 2e fc ff ff 89 45 

Register to memory mapping:

RAX=0x0000000000000000 is an unknown value
RBX=0x00000000d79ca7a0 is an oop
{method} 
 - klass: {other class}
RCX=0x0000000000001295 is an unknown value
RDX=0x0000000001011638 is an unknown value
RSP=0x00007fa55c07aa50 is pointing into the stack for thread: 0x00007fa55400a800
RBP=0x00007fa55c07aa90 is pointing into the stack for thread: 0x00007fa55400a800
RSI=0x00000000fffffdce is an unallocated location in the heap
RDI=0x00007fa55447ec00 is an unknown value
R8 =0x00007fa55447ead0 is an unknown value
R9 =0x00000000f61abdd0 is an oop
java.lang.String 
 - klass: 'java/lang/String'
R10=0x00007fa55c07a820 is pointing into the stack for thread: 0x00007fa55400a800
R11=0x00007fa54998193f: destroy_point+0 in lib/lib2d_points.so at 0x00007fa549981000
R12=0x0000000000000000 is an unknown value
R13=0x00000000d79ca7a0 is an oop
{method} 
 - klass: {other class}
R14=0x00007fa55c07ad30 is pointing into the stack for thread: 0x00007fa55400a800
R15=0x00007fa55400a800 is a thread


Stack: [0x00007fa55be7d000,0x00007fa55c07e000],  sp=0x00007fa55c07aa50,  free space=2038k
Native frames: (J=compiled Java code, j=interpreted, Vv=VM code, C=native code)
C  [libconvex_hull.so+0xdd4]  puente_superior+0xdd
C  [libconvex_hull.so+0x1004]  insertion+0x5e
C  [libconvex_hull.so+0x180d]  convex_hull+0x12a

Java frames: (J=compiled Java code, j=interpreted, Vv=VM code)
j  com.kenai.jffi.Foreign.invokeL1(JJJ)J+0
j  com.kenai.jffi.Invoker.invokeL1(Lcom/kenai/jffi/CallContext;JJ)J+7
j  org.jruby.ext.ffi.jffi.NativeInvoker$ffi$1.call(Lorg/jruby/runtime/ThreadContext;Lorg/jruby/runtime/builtin/IRubyObject;Lorg/jruby/RubyModule;Ljava/lang/String;Lorg/jruby/runtime/builtin/IRubyObject;)Lorg/jruby/runtime/builtin/IRubyObject;+76
j  org.jruby.ext.ffi.jffi.JITNativeInvoker.call(Lorg/jruby/runtime/ThreadContext;Lorg/jruby/runtime/builtin/IRubyObject;Lorg/jruby/RubyModule;Ljava/lang/String;[Lorg/jruby/runtime/builtin/IRubyObject;)Lorg/jruby/runtime/builtin/IRubyObject;+92
j  org.jruby.ext.ffi.jffi.NativeInvoker.call(Lorg/jruby/runtime/ThreadContext;Lorg/jruby/runtime/builtin/IRubyObject;Lorg/jruby/RubyModule;Ljava/lang/String;[Lorg/jruby/runtime/builtin/IRubyObject;Lorg/jruby/runtime/Block;)Lorg/jruby/runtime/builtin/IRubyObject;+36
j  org.jruby.ext.ffi.jffi.DefaultMethod.call(Lorg/jruby/runtime/ThreadContext;Lorg/jruby/runtime/builtin/IRubyObject;Lorg/jruby/RubyModule;Ljava/lang/String;[Lorg/jruby/runtime/builtin/IRubyObject;Lorg/jruby/runtime/Block;)Lorg/jruby/runtime/builtin/IRubyObject;+13
j  org.jruby.internal.runtime.methods.DynamicMethod.call(Lorg/jruby/runtime/ThreadContext;Lorg/jruby/runtime/builtin/IRubyObject;Lorg/jruby/RubyModule;Ljava/lang/String;Lorg/jruby/runtime/builtin/IRubyObject;Lorg/jruby/runtime/Block;)Lorg/jruby/runtime/builtin/IRubyObject;+17
j  org.jruby.internal.runtime.methods.DynamicMethod.call(Lorg/jruby/runtime/ThreadContext;Lorg/jruby/runtime/builtin/IRubyObject;Lorg/jruby/RubyModule;Ljava/lang/String;Lorg/jruby/runtime/builtin/IRubyObject;)Lorg/jruby/runtime/builtin/IRubyObject;+11
j  org.jruby.runtime.callsite.CachingCallSite.cacheAndCall(Lorg/jruby/runtime/builtin/IRubyObject;Lorg/jruby/RubyClass;Lorg/jruby/runtime/ThreadContext;Lorg/jruby/runtime/builtin/IRubyObject;Lorg/jruby/runtime/builtin/IRubyObject;)Lorg/jruby/runtime/builtin/IRubyObject;+57
J  org.jruby.runtime.callsite.CachingCallSite.call(Lorg/jruby/runtime/ThreadContext;Lorg/jruby/runtime/builtin/IRubyObject;Lorg/jruby/runtime/builtin/IRubyObject;Lorg/jruby/runtime/builtin/IRubyObject;)Lorg/jruby/runtime/builtin/IRubyObject;
j  org.jruby.ast.CallOneArgNode.interpret(Lorg/jruby/Ruby;Lorg/jruby/runtime/ThreadContext;Lorg/jruby/runtime/builtin/IRubyObject;Lorg/jruby/runtime/Block;)Lorg/jruby/runtime/builtin/IRubyObject;+30
j  org.jruby.ast.LocalAsgnNode.interpret(Lorg/jruby/Ruby;Lorg/jruby/runtime/ThreadContext;Lorg/jruby/runtime/builtin/IRubyObject;Lorg/jruby/runtime/Block;)Lorg/jruby/runtime/builtin/IRubyObject;+30
J  org.jruby.ast.BlockNode.interpret(Lorg/jruby/Ruby;Lorg/jruby/runtime/ThreadContext;Lorg/jruby/runtime/builtin/IRubyObject;Lorg/jruby/runtime/Block;)Lorg/jruby/runtime/builtin/IRubyObject;
j  org.jruby.evaluator.ASTInterpreter.INTERPRET_METHOD(Lorg/jruby/Ruby;Lorg/jruby/runtime/ThreadContext;Ljava/lang/String;ILorg/jruby/RubyModule;Lorg/jruby/ast/Node;Ljava/lang/String;Lorg/jruby/runtime/builtin/IRubyObject;Lorg/jruby/runtime/Block;Z)Lorg/jruby/runtime/builtin/IRubyObject;+30
j  org.jruby.internal.runtime.methods.InterpretedMethod.call(Lorg/jruby/runtime/ThreadContext;Lorg/jruby/runtime/builtin/IRubyObject;Lorg/jruby/RubyModule;Ljava/lang/String;)Lorg/jruby/runtime/builtin/IRubyObject;+80
j  org.jruby.internal.runtime.methods.DefaultMethod.call(Lorg/jruby/runtime/ThreadContext;Lorg/jruby/runtime/builtin/IRubyObject;Lorg/jruby/RubyModule;Ljava/lang/String;)Lorg/jruby/runtime/builtin/IRubyObject;+20
j  org.jruby.runtime.callsite.CachingCallSite.cacheAndCall(Lorg/jruby/runtime/builtin/IRubyObject;Lorg/jruby/RubyClass;Lorg/jruby/runtime/ThreadContext;Lorg/jruby/runtime/builtin/IRubyObject;)Lorg/jruby/runtime/builtin/IRubyObject;+53
j  org.jruby.runtime.callsite.CachingCallSite.call(Lorg/jruby/runtime/ThreadContext;Lorg/jruby/runtime/builtin/IRubyObject;Lorg/jruby/runtime/builtin/IRubyObject;)Lorg/jruby/runtime/builtin/IRubyObject;+46
j  org.jruby.ast.CallNoArgNode.interpret(Lorg/jruby/Ruby;Lorg/jruby/runtime/ThreadContext;Lorg/jruby/runtime/builtin/IRubyObject;Lorg/jruby/runtime/Block;)Lorg/jruby/runtime/builtin/IRubyObject;+18
j  org.jruby.ast.FCallTwoArgNode.interpret(Lorg/jruby/Ruby;Lorg/jruby/runtime/ThreadContext;Lorg/jruby/runtime/builtin/IRubyObject;Lorg/jruby/runtime/Block;)Lorg/jruby/runtime/builtin/IRubyObject;+28
J  org.jruby.ast.NewlineNode.interpret(Lorg/jruby/Ruby;Lorg/jruby/runtime/ThreadContext;Lorg/jruby/runtime/builtin/IRubyObject;Lorg/jruby/runtime/Block;)Lorg/jruby/runtime/builtin/IRubyObject;
j  org.jruby.ast.BlockNode.interpret(Lorg/jruby/Ruby;Lorg/jruby/runtime/ThreadContext;Lorg/jruby/runtime/builtin/IRubyObject;Lorg/jruby/runtime/Block;)Lorg/jruby/runtime/builtin/IRubyObject;+33
j  org.jruby.evaluator.ASTInterpreter.INTERPRET_METHOD(Lorg/jruby/Ruby;Lorg/jruby/runtime/ThreadContext;Ljava/lang/String;ILorg/jruby/RubyModule;Lorg/jruby/ast/Node;Ljava/lang/String;Lorg/jruby/runtime/builtin/IRubyObject;Lorg/jruby/runtime/Block;Z)Lorg/jruby/runtime/builtin/IRubyObject;+30
j  org.jruby.internal.runtime.methods.InterpretedMethod.call(Lorg/jruby/runtime/ThreadContext;Lorg/jruby/runtime/builtin/IRubyObject;Lorg/jruby/RubyModule;Ljava/lang/String;)Lorg/jruby/runtime/builtin/IRubyObject;+80
j  org.jruby.internal.runtime.methods.DefaultMethod.call(Lorg/jruby/runtime/ThreadContext;Lorg/jruby/runtime/builtin/IRubyObject;Lorg/jruby/RubyModule;Ljava/lang/String;)Lorg/jruby/runtime/builtin/IRubyObject;+20
j  org.jruby.runtime.callsite.CachingCallSite.cacheAndCall(Lorg/jruby/runtime/builtin/IRubyObject;Lorg/jruby/RubyClass;Lorg/jruby/runtime/ThreadContext;Lorg/jruby/runtime/builtin/IRubyObject;)Lorg/jruby/runtime/builtin/IRubyObject;+53
j  org.jruby.runtime.callsite.CachingCallSite.call(Lorg/jruby/runtime/ThreadContext;Lorg/jruby/runtime/builtin/IRubyObject;Lorg/jruby/runtime/builtin/IRubyObject;)Lorg/jruby/runtime/builtin/IRubyObject;+46
j  Makefile.method__2$RUBY$test(LMakefile;Lorg/jruby/runtime/ThreadContext;Lorg/jruby/runtime/builtin/IRubyObject;Lorg/jruby/runtime/Block;)Lorg/jruby/runtime/builtin/IRubyObject;+130
j  Makefile$method__2$RUBY$test.call(Lorg/jruby/runtime/ThreadContext;Lorg/jruby/runtime/builtin/IRubyObject;Lorg/jruby/RubyModule;Ljava/lang/String;Lorg/jruby/runtime/Block;)Lorg/jruby/runtime/builtin/IRubyObject;+17
j  org.jruby.RubyClass.finvoke(Lorg/jruby/runtime/ThreadContext;Lorg/jruby/runtime/builtin/IRubyObject;Ljava/lang/String;Lorg/jruby/runtime/Block;)Lorg/jruby/runtime/builtin/IRubyObject;+41
j  org.jruby.RubyBasicObject.send19(Lorg/jruby/runtime/ThreadContext;Lorg/jruby/runtime/builtin/IRubyObject;Lorg/jruby/runtime/Block;)Lorg/jruby/runtime/builtin/IRubyObject;+15
j  org.jruby.RubyKernel.send19(Lorg/jruby/runtime/ThreadContext;Lorg/jruby/runtime/builtin/IRubyObject;Lorg/jruby/runtime/builtin/IRubyObject;Lorg/jruby/runtime/Block;)Lorg/jruby/runtime/builtin/IRubyObject;+7
j  org.jruby.RubyKernel$INVOKER$s$send19.call(Lorg/jruby/runtime/ThreadContext;Lorg/jruby/runtime/builtin/IRubyObject;Lorg/jruby/RubyModule;Ljava/lang/String;Lorg/jruby/runtime/builtin/IRubyObject;Lorg/jruby/runtime/Block;)Lorg/jruby/runtime/builtin/IRubyObject;+6
j  org.jruby.internal.runtime.methods.JavaMethod$JavaMethodOneOrNBlock.call(Lorg/jruby/runtime/ThreadContext;Lorg/jruby/runtime/builtin/IRubyObject;Lorg/jruby/RubyModule;Ljava/lang/String;Lorg/jruby/runtime/builtin/IRubyObject;)Lorg/jruby/runtime/builtin/IRubyObject;+11
j  org.jruby.runtime.callsite.CachingCallSite.call(Lorg/jruby/runtime/ThreadContext;Lorg/jruby/runtime/builtin/IRubyObject;Lorg/jruby/runtime/builtin/IRubyObject;Lorg/jruby/runtime/builtin/IRubyObject;)Lorg/jruby/runtime/builtin/IRubyObject;+38
j  Makefile.block_6$RUBY$__file__(LMakefile;Lorg/jruby/runtime/ThreadContext;Lorg/jruby/runtime/builtin/IRubyObject;[Lorg/jruby/runtime/builtin/IRubyObject;Lorg/jruby/runtime/Block;)Lorg/jruby/runtime/builtin/IRubyObject;+46
j  Makefile$block_6$RUBY$__file__.call(Lorg/jruby/runtime/ThreadContext;Lorg/jruby/runtime/builtin/IRubyObject;[Lorg/jruby/runtime/builtin/IRubyObject;Lorg/jruby/runtime/Block;)Lorg/jruby/runtime/builtin/IRubyObject;+9
j  org.jruby.runtime.CompiledBlock19.yield(Lorg/jruby/runtime/ThreadContext;Lorg/jruby/runtime/builtin/IRubyObject;Lorg/jruby/runtime/Binding;Lorg/jruby/runtime/Block$Type;)Lorg/jruby/runtime/builtin/IRubyObject;+52
j  org.jruby.runtime.Block.yield(Lorg/jruby/runtime/ThreadContext;Lorg/jruby/runtime/builtin/IRubyObject;)Lorg/jruby/runtime/builtin/IRubyObject;+14
j  org.jruby.RubyArray.eachCommon(Lorg/jruby/runtime/ThreadContext;Lorg/jruby/runtime/Block;)Lorg/jruby/runtime/builtin/IRubyObject;+41
j  org.jruby.RubyArray.each(Lorg/jruby/runtime/ThreadContext;Lorg/jruby/runtime/Block;)Lorg/jruby/runtime/builtin/IRubyObject;+10
j  org.jruby.RubyArray$INVOKER$i$0$0$each.call(Lorg/jruby/runtime/ThreadContext;Lorg/jruby/runtime/builtin/IRubyObject;Lorg/jruby/RubyModule;Ljava/lang/String;Lorg/jruby/runtime/Block;)Lorg/jruby/runtime/builtin/IRubyObject;+7
j  org.jruby.runtime.callsite.CachingCallSite.cacheAndCall(Lorg/jruby/runtime/builtin/IRubyObject;Lorg/jruby/RubyClass;Lorg/jruby/runtime/Block;Lorg/jruby/runtime/ThreadContext;Lorg/jruby/runtime/builtin/IRubyObject;)Lorg/jruby/runtime/builtin/IRubyObject;+57
j  org.jruby.runtime.callsite.CachingCallSite.callBlock(Lorg/jruby/runtime/ThreadContext;Lorg/jruby/runtime/builtin/IRubyObject;Lorg/jruby/runtime/builtin/IRubyObject;Lorg/jruby/runtime/Block;)Lorg/jruby/runtime/builtin/IRubyObject;+50
j  org.jruby.runtime.callsite.CachingCallSite.callIter(Lorg/jruby/runtime/ThreadContext;Lorg/jruby/runtime/builtin/IRubyObject;Lorg/jruby/runtime/builtin/IRubyObject;Lorg/jruby/runtime/Block;)Lorg/jruby/runtime/builtin/IRubyObject;+6
j  Makefile.__file__(LMakefile;Lorg/jruby/runtime/ThreadContext;Lorg/jruby/runtime/builtin/IRubyObject;[Lorg/jruby/runtime/builtin/IRubyObject;Lorg/jruby/runtime/Block;)Lorg/jruby/runtime/builtin/IRubyObject;+859
j  Makefile.load(Lorg/jruby/runtime/ThreadContext;Lorg/jruby/runtime/builtin/IRubyObject;Z)Lorg/jruby/runtime/builtin/IRubyObject;+22
j  org.jruby.Ruby.runScript(Lorg/jruby/ast/executable/Script;Z)Lorg/jruby/runtime/builtin/IRubyObject;+12
j  org.jruby.Ruby.runScript(Lorg/jruby/ast/executable/Script;)Lorg/jruby/runtime/builtin/IRubyObject;+3
j  org.jruby.Ruby.runNormally(Lorg/jruby/ast/Node;)Lorg/jruby/runtime/builtin/IRubyObject;+73
j  org.jruby.Ruby.runFromMain(Ljava/io/InputStream;Ljava/lang/String;)V+320
j  org.jruby.Main.doRunFromMain(Lorg/jruby/Ruby;Ljava/io/InputStream;Ljava/lang/String;)Lorg/jruby/Main$Status;+12
j  org.jruby.Main.internalRun()Lorg/jruby/Main$Status;+234
j  org.jruby.Main.run([Ljava/lang/String;)Lorg/jruby/Main$Status;+9
j  org.jruby.Main.main([Ljava/lang/String;)V+35
v  ~StubRoutines::call_stub

---------------  P R O C E S S  ---------------

Java Threads: ( => current thread )
  0x00007fa55444e800 JavaThread "JRubyJIT-2" daemon [_thread_blocked, id=9859, stack(0x00007fa549d84000,0x00007fa549f85000)]
  0x00007fa55444d000 JavaThread "process reaper" daemon [_thread_blocked, id=9792, stack(0x00007fa558096000,0x00007fa5580cf000)]
  0x00007fa554430800 JavaThread "JRubyJIT-1" daemon [_thread_blocked, id=9789, stack(0x00007fa54a186000,0x00007fa54a387000)]
  0x00007fa5540ad000 JavaThread "Service Thread" daemon [_thread_blocked, id=9787, stack(0x00007fa54bdff000,0x00007fa54c000000)]
  0x00007fa5540aa800 JavaThread "C2 CompilerThread1" daemon [_thread_blocked, id=9786, stack(0x00007fa5500fe000,0x00007fa5501ff000)]
  0x00007fa5540a7800 JavaThread "C2 CompilerThread0" daemon [_thread_blocked, id=9785, stack(0x00007fa5501ff000,0x00007fa550300000)]
  0x00007fa5540a5800 JavaThread "Signal Dispatcher" daemon [_thread_blocked, id=9784, stack(0x00007fa550300000,0x00007fa550501000)]
  0x00007fa554082800 JavaThread "Finalizer" daemon [_thread_blocked, id=9783, stack(0x00007fa5508fb000,0x00007fa550afc000)]
  0x00007fa554080800 JavaThread "Reference Handler" daemon [_thread_blocked, id=9782, stack(0x00007fa550afc000,0x00007fa550cfd000)]
=>0x00007fa55400a800 JavaThread "main" [_thread_in_native, id=9776, stack(0x00007fa55be7d000,0x00007fa55c07e000)]

Other Threads:
  0x00007fa55407c800 VMThread [stack: 0x00007fa550cfd000,0x00007fa550dfe000] [id=9781]
  0x00007fa5540b7800 WatcherThread [stack: 0x00007fa54bcfe000,0x00007fa54bdff000] [id=9788]

VM state:not at safepoint (normal execution)

VM Mutex/Monitor currently owned by a thread: None

Heap
 PSYoungGen      total 33280K, used 16295K [0x00000000f5900000, 0x00000000f7c00000, 0x0000000100000000)
  eden space 30720K, 44% used [0x00000000f5900000,0x00000000f666ca60,0x00000000f7700000)
  from space 2560K, 99% used [0x00000000f7980000,0x00000000f7bfd528,0x00000000f7c00000)
  to   space 2560K, 0% used [0x00000000f7700000,0x00000000f7700000,0x00000000f7980000)
 ParOldGen       total 39936K, used 5196K [0x00000000e0c00000, 0x00000000e3300000, 0x00000000f5900000)
  object space 39936K, 13% used [0x00000000e0c00000,0x00000000e1113360,0x00000000e3300000)
 PSPermGen       total 25600K, used 25431K [0x00000000d6600000, 0x00000000d7f00000, 0x00000000e0c00000)
  object space 25600K, 99% used [0x00000000d6600000,0x00000000d7ed5ce8,0x00000000d7f00000)

Card table byte_map: [0x00007fa55aca3000,0x00007fa55adf1000] byte_map_base: 0x00007fa55a5f0000

Polling page: 0x00007fa55e48b000

Code Cache  [0x00007fa551000000, 0x00007fa551270000, 0x00007fa554000000)
 total_blobs=822 nmethods=343 adapters=433 free_code_cache=47567Kb largest_free_block=48678592

Compilation events (10 events):
Event: 3,058 Thread 0x00007fa5540a7800  346             org.jruby.runtime.callsite.CachingCallSite::call (58 bytes)
Event: 3,065 Thread 0x00007fa5540a7800 nmethod 346 0x00007fa55118c810 code [0x00007fa55118c9a0, 0x00007fa55118ccb8]
Event: 3,066 Thread 0x00007fa5540aa800  347             org.jruby.runtime.scope.OneVarDynamicScope::getValue (42 bytes)
Event: 3,066 Thread 0x00007fa5540aa800 nmethod 347 0x00007fa55118c5d0 code [0x00007fa55118c720, 0x00007fa55118c798]
Event: 3,071 Thread 0x00007fa5540a7800  348             org.jruby.ast.LocalVarNode::getIndex (8 bytes)
Event: 3,071 Thread 0x00007fa5540aa800  349             org.jruby.ast.LocalVarNode::getDepth (8 bytes)
Event: 3,072 Thread 0x00007fa5540aa800 nmethod 349 0x00007fa551190a90 code [0x00007fa551190bc0, 0x00007fa551190c18]
Event: 3,072 Thread 0x00007fa5540a7800 nmethod 348 0x00007fa55118c3d0 code [0x00007fa55118c500, 0x00007fa55118c558]
Event: 3,072 Thread 0x00007fa5540aa800  350             org.jruby.ast.LocalVarNode::interpret (32 bytes)
Event: 3,073 Thread 0x00007fa5540aa800 nmethod 350 0x00007fa551191d90 code [0x00007fa551191ee0, 0x00007fa551191fd8]

GC Heap History (4 events):
Event: 1,257 GC heap before
{Heap before GC invocations=1 (full 0):
 PSYoungGen      total 17920K, used 15360K [0x00000000f5900000, 0x00000000f6d00000, 0x0000000100000000)
  eden space 15360K, 100% used [0x00000000f5900000,0x00000000f6800000,0x00000000f6800000)
  from space 2560K, 0% used [0x00000000f6a80000,0x00000000f6a80000,0x00000000f6d00000)
  to   space 2560K, 0% used [0x00000000f6800000,0x00000000f6800000,0x00000000f6a80000)
 ParOldGen       total 39936K, used 0K [0x00000000e0c00000, 0x00000000e3300000, 0x00000000f5900000)
  object space 39936K, 0% used [0x00000000e0c00000,0x00000000e0c00000,0x00000000e3300000)
 PSPermGen       total 21504K, used 19066K [0x00000000d6600000, 0x00000000d7b00000, 0x00000000e0c00000)
  object space 21504K, 88% used [0x00000000d6600000,0x00000000d789eba0,0x00000000d7b00000)
Event: 1,270 GC heap after
Heap after GC invocations=1 (full 0):
 PSYoungGen      total 17920K, used 2549K [0x00000000f5900000, 0x00000000f7c00000, 0x0000000100000000)
  eden space 15360K, 0% used [0x00000000f5900000,0x00000000f5900000,0x00000000f6800000)
  from space 2560K, 99% used [0x00000000f6800000,0x00000000f6a7d4d8,0x00000000f6a80000)
  to   space 2560K, 0% used [0x00000000f7980000,0x00000000f7980000,0x00000000f7c00000)
 ParOldGen       total 39936K, used 3268K [0x00000000e0c00000, 0x00000000e3300000, 0x00000000f5900000)
  object space 39936K, 8% used [0x00000000e0c00000,0x00000000e0f31018,0x00000000e3300000)
 PSPermGen       total 21504K, used 19066K [0x00000000d6600000, 0x00000000d7b00000, 0x00000000e0c00000)
  object space 21504K, 88% used [0x00000000d6600000,0x00000000d789eba0,0x00000000d7b00000)
}
Event: 2,331 GC heap before
{Heap before GC invocations=2 (full 0):
 PSYoungGen      total 17920K, used 17909K [0x00000000f5900000, 0x00000000f7c00000, 0x0000000100000000)
  eden space 15360K, 100% used [0x00000000f5900000,0x00000000f6800000,0x00000000f6800000)
  from space 2560K, 99% used [0x00000000f6800000,0x00000000f6a7d4d8,0x00000000f6a80000)
  to   space 2560K, 0% used [0x00000000f7980000,0x00000000f7980000,0x00000000f7c00000)
 ParOldGen       total 39936K, used 3268K [0x00000000e0c00000, 0x00000000e3300000, 0x00000000f5900000)
  object space 39936K, 8% used [0x00000000e0c00000,0x00000000e0f31018,0x00000000e3300000)
 PSPermGen       total 23552K, used 23549K [0x00000000d6600000, 0x00000000d7d00000, 0x00000000e0c00000)
  object space 23552K, 99% used [0x00000000d6600000,0x00000000d7cff6f0,0x00000000d7d00000)
Event: 2,346 GC heap after
Heap after GC invocations=2 (full 0):
 PSYoungGen      total 33280K, used 2549K [0x00000000f5900000, 0x00000000f7c00000, 0x0000000100000000)
  eden space 30720K, 0% used [0x00000000f5900000,0x00000000f5900000,0x00000000f7700000)
  from space 2560K, 99% used [0x00000000f7980000,0x00000000f7bfd528,0x00000000f7c00000)
  to   space 2560K, 0% used [0x00000000f7700000,0x00000000f7700000,0x00000000f7980000)
 ParOldGen       total 39936K, used 5196K [0x00000000e0c00000, 0x00000000e3300000, 0x00000000f5900000)
  object space 39936K, 13% used [0x00000000e0c00000,0x00000000e1113360,0x00000000e3300000)
 PSPermGen       total 23552K, used 23549K [0x00000000d6600000, 0x00000000d7d00000, 0x00000000e0c00000)
  object space 23552K, 99% used [0x00000000d6600000,0x00000000d7cff6f0,0x00000000d7d00000)
}

Deoptimization events (10 events):
Event: 2,085 Thread 0x00007fa55400a800 Uncommon trap: reason=class_check action=maybe_recompile pc=0x00007fa551076878 method=java.util.Arrays.fill([Ljava/lang/Object;Ljava/lang/Object;)V @ 13
Event: 2,089 Thread 0x00007fa55400a800 Uncommon trap: reason=class_check action=maybe_recompile pc=0x00007fa551076878 method=java.util.Arrays.fill([Ljava/lang/Object;Ljava/lang/Object;)V @ 13
Event: 2,100 Thread 0x00007fa55400a800 Uncommon trap: reason=class_check action=maybe_recompile pc=0x00007fa551076878 method=java.util.Arrays.fill([Ljava/lang/Object;Ljava/lang/Object;)V @ 13
Event: 2,159 Thread 0x00007fa55400a800 Uncommon trap: reason=class_check action=maybe_recompile pc=0x00007fa5510982b4 method=java.util.concurrent.ConcurrentHashMap$Segment.put(Ljava/lang/Object;ILjava/lang/Object;Z)Ljava/lang/Object; @ 77
Event: 2,171 Thread 0x00007fa55400a800 Uncommon trap: reason=class_check action=maybe_recompile pc=0x00007fa5510982b4 method=java.util.concurrent.ConcurrentHashMap$Segment.put(Ljava/lang/Object;ILjava/lang/Object;Z)Ljava/lang/Object; @ 77
Event: 2,190 Thread 0x00007fa55444e800 Uncommon trap: reason=null_check action=make_not_entrant pc=0x00007fa551126bec method=org.jruby.internal.runtime.ThreadService.getCurrentContext()Lorg/jruby/runtime/ThreadContext; @ 15
Event: 2,190 Thread 0x00007fa554450800 Uncommon trap: reason=null_check action=make_not_entrant pc=0x00007fa551126bec method=org.jruby.internal.runtime.ThreadService.getCurrentContext()Lorg/jruby/runtime/ThreadContext; @ 15
Event: 2,726 Thread 0x00007fa55400a800 Uncommon trap: reason=unreached action=reinterpret pc=0x00007fa551141e74 method=java.util.concurrent.locks.AbstractQueuedSynchronizer.release(I)Z @ 14
Event: 2,727 Thread 0x00007fa554430800 Uncommon trap: reason=unreached action=reinterpret pc=0x00007fa5511430cc method=java.util.concurrent.locks.AbstractQueuedSynchronizer.release(I)Z @ 14
Event: 2,748 Thread 0x00007fa55400a800 Uncommon trap: reason=unreached action=reinterpret pc=0x00007fa55112be68 method=org.jruby.parser.ParserSupport.checkExpression(Lorg/jruby/ast/Node;)Z @ 3

Internal exceptions (10 events):
Event: 2,728 Thread 0x00007fa554430800 Threw 0x00000000f62af980 at /build/buildd/openjdk-7-7u51-2.4.4/build/openjdk/hotspot/src/share/vm/prims/jvm.cpp:1244
Event: 2,728 Thread 0x00007fa554430800 Threw 0x00000000f62b09f0 at /build/buildd/openjdk-7-7u51-2.4.4/build/openjdk/hotspot/src/share/vm/prims/jvm.cpp:1244
Event: 2,879 Thread 0x00007fa55444e800 Threw 0x00000000f62887a0 at /build/buildd/openjdk-7-7u51-2.4.4/build/openjdk/hotspot/src/share/vm/prims/jvm.cpp:1244
Event: 2,879 Thread 0x00007fa55444e800 Threw 0x00000000f6289840 at /build/buildd/openjdk-7-7u51-2.4.4/build/openjdk/hotspot/src/share/vm/prims/jvm.cpp:1244
Event: 2,932 Thread 0x00007fa55444e800 Threw 0x00000000f6497300 at /build/buildd/openjdk-7-7u51-2.4.4/build/openjdk/hotspot/src/share/vm/prims/jvm.cpp:1244
Event: 2,932 Thread 0x00007fa55444e800 Threw 0x00000000f6498400 at /build/buildd/openjdk-7-7u51-2.4.4/build/openjdk/hotspot/src/share/vm/prims/jvm.cpp:1244
Event: 2,935 Thread 0x00007fa554430800 Threw 0x00000000f62f0058 at /build/buildd/openjdk-7-7u51-2.4.4/build/openjdk/hotspot/src/share/vm/prims/jvm.cpp:1244
Event: 2,935 Thread 0x00007fa554430800 Threw 0x00000000f62f1158 at /build/buildd/openjdk-7-7u51-2.4.4/build/openjdk/hotspot/src/share/vm/prims/jvm.cpp:1244
Event: 2,939 Thread 0x00007fa55444e800 Threw 0x00000000f64bfe68 at /build/buildd/openjdk-7-7u51-2.4.4/build/openjdk/hotspot/src/share/vm/prims/jvm.cpp:1244
Event: 2,939 Thread 0x00007fa55444e800 Threw 0x00000000f64c1010 at /build/buildd/openjdk-7-7u51-2.4.4/build/openjdk/hotspot/src/share/vm/prims/jvm.cpp:1244

Events (10 events):
Event: 2,960 loading class 0x00007fa5244126e0
Event: 2,960 loading class 0x00007fa5244126e0 done
Event: 2,960 loading class 0x00007fa528533490
Event: 2,961 loading class 0x00007fa528533490 done
Event: 2,961 loading class 0x00007fa528533320
Event: 2,961 loading class 0x00007fa528533320 done
Event: 2,963 loading class 0x00007fa528533cd0
Event: 2,963 loading class 0x00007fa528533cd0 done
Event: 2,964 loading class 0x00007fa528533ef0
Event: 2,964 loading class 0x00007fa528533ef0 done


Dynamic libraries:
00400000-00401000 r-xp 00000000 08:05 12322450                           /usr/lib/jvm/java-7-openjdk-amd64/jre/bin/java
00600000-00601000 r--p 00000000 08:05 12322450                           /usr/lib/jvm/java-7-openjdk-amd64/jre/bin/java
00601000-00602000 rw-p 00001000 08:05 12322450                           /usr/lib/jvm/java-7-openjdk-amd64/jre/bin/java
01180000-011a1000 rw-p 00000000 00:00 0                                  [heap]
d6600000-d7f00000 rw-p 00000000 00:00 0 
d7f00000-e0c00000 rw-p 00000000 00:00 0 
e0c00000-e3300000 rw-p 00000000 00:00 0 
e3300000-f5900000 rw-p 00000000 00:00 0 
f5900000-f7c00000 rw-p 00000000 00:00 0 
f7c00000-100000000 rw-p 00000000 00:00 0 
7fa504000000-7fa504021000 rw-p 00000000 00:00 0 
7fa504021000-7fa508000000 ---p 00000000 00:00 0 
7fa508000000-7fa508021000 rw-p 00000000 00:00 0 
7fa508021000-7fa50c000000 ---p 00000000 00:00 0 
7fa50c000000-7fa50c021000 rw-p 00000000 00:00 0 
7fa50c021000-7fa510000000 ---p 00000000 00:00 0 
7fa514000000-7fa514027000 rw-p 00000000 00:00 0 
7fa514027000-7fa518000000 ---p 00000000 00:00 0 
7fa518000000-7fa518021000 rw-p 00000000 00:00 0 
7fa518021000-7fa51c000000 ---p 00000000 00:00 0 
7fa51c000000-7fa51c021000 rw-p 00000000 00:00 0 
7fa51c021000-7fa520000000 ---p 00000000 00:00 0 
7fa520000000-7fa520021000 rw-p 00000000 00:00 0 
7fa520021000-7fa524000000 ---p 00000000 00:00 0 
7fa524000000-7fa524cd4000 rw-p 00000000 00:00 0 
7fa524cd4000-7fa528000000 ---p 00000000 00:00 0 
7fa528000000-7fa528b6e000 rw-p 00000000 00:00 0 
7fa528b6e000-7fa52c000000 ---p 00000000 00:00 0 
7fa52c000000-7fa52c021000 rw-p 00000000 00:00 0 
7fa52c021000-7fa530000000 ---p 00000000 00:00 0 
7fa530000000-7fa530021000 rw-p 00000000 00:00 0 
7fa530021000-7fa534000000 ---p 00000000 00:00 0 
7fa534000000-7fa534021000 rw-p 00000000 00:00 0 
7fa534021000-7fa538000000 ---p 00000000 00:00 0 
7fa538000000-7fa538021000 rw-p 00000000 00:00 0 
7fa538021000-7fa53c000000 ---p 00000000 00:00 0 
7fa53c000000-7fa53c021000 rw-p 00000000 00:00 0 
7fa53c021000-7fa540000000 ---p 00000000 00:00 0 
7fa540000000-7fa540021000 rw-p 00000000 00:00 0 
7fa540021000-7fa544000000 ---p 00000000 00:00 0 
7fa544000000-7fa544021000 rw-p 00000000 00:00 0 
7fa544021000-7fa548000000 ---p 00000000 00:00 0 
7fa54957b000-7fa54957d000 r-xp 00000000 08:05 16778162                   /home/luis/practica01/src/lib/libconvex_hull.so
7fa54957d000-7fa54977c000 ---p 00002000 08:05 16778162                   /home/luis/practica01/src/lib/libconvex_hull.so
7fa54977c000-7fa54977d000 r--p 00001000 08:05 16778162                   /home/luis/practica01/src/lib/libconvex_hull.so
7fa54977d000-7fa54977e000 rw-p 00002000 08:05 16778162                   /home/luis/practica01/src/lib/libconvex_hull.so
7fa54977e000-7fa549780000 r-xp 00000000 08:05 16777925                   /home/luis/practica01/src/lib/libdouble_linked_list.so
7fa549780000-7fa54997f000 ---p 00002000 08:05 16777925                   /home/luis/practica01/src/lib/libdouble_linked_list.so
7fa54997f000-7fa549980000 r--p 00001000 08:05 16777925                   /home/luis/practica01/src/lib/libdouble_linked_list.so
7fa549980000-7fa549981000 rw-p 00002000 08:05 16777925                   /home/luis/practica01/src/lib/libdouble_linked_list.so
7fa549981000-7fa549982000 r-xp 00000000 08:05 16777919                   /home/luis/practica01/src/lib/lib2d_points.so
7fa549982000-7fa549b81000 ---p 00001000 08:05 16777919                   /home/luis/practica01/src/lib/lib2d_points.so
7fa549b81000-7fa549b82000 r--p 00000000 08:05 16777919                   /home/luis/practica01/src/lib/lib2d_points.so
7fa549b82000-7fa549b83000 rw-p 00001000 08:05 16777919                   /home/luis/practica01/src/lib/lib2d_points.so
7fa549b83000-7fa549b86000 ---p 00000000 00:00 0 
7fa549b86000-7fa549d84000 rw-p 00000000 00:00 0 
7fa549d84000-7fa549d87000 ---p 00000000 00:00 0 
7fa549d87000-7fa549f85000 rw-p 00000000 00:00 0                          [stack:9859]
7fa549f85000-7fa549f88000 ---p 00000000 00:00 0 
7fa549f88000-7fa54a186000 rw-p 00000000 00:00 0 
7fa54a186000-7fa54a189000 ---p 00000000 00:00 0 
7fa54a189000-7fa54a387000 rw-p 00000000 00:00 0                          [stack:9789]
7fa54a387000-7fa54a399000 r-xp 00000000 08:05 16253453                   /home/luis/.rbenv/versions/jruby-1.7.10/lib/jni/x86_64-Linux/libjffi-1.2.so
7fa54a399000-7fa54a598000 ---p 00012000 08:05 16253453                   /home/luis/.rbenv/versions/jruby-1.7.10/lib/jni/x86_64-Linux/libjffi-1.2.so
7fa54a598000-7fa54a599000 rw-p 00011000 08:05 16253453                   /home/luis/.rbenv/versions/jruby-1.7.10/lib/jni/x86_64-Linux/libjffi-1.2.so
7fa54a599000-7fa54a5a9000 r-xp 00000000 08:05 12322344                   /usr/lib/jvm/java-7-openjdk-amd64/jre/lib/amd64/libnio.so
7fa54a5a9000-7fa54a7a9000 ---p 00010000 08:05 12322344                   /usr/lib/jvm/java-7-openjdk-amd64/jre/lib/amd64/libnio.so
7fa54a7a9000-7fa54a7aa000 r--p 00010000 08:05 12322344                   /usr/lib/jvm/java-7-openjdk-amd64/jre/lib/amd64/libnio.so
7fa54a7aa000-7fa54a7ab000 rw-p 00011000 08:05 12322344                   /usr/lib/jvm/java-7-openjdk-amd64/jre/lib/amd64/libnio.so
7fa54a7ab000-7fa54a7e8000 r-xp 00000000 08:05 9834371                    /lib/x86_64-linux-gnu/libpcre.so.3.13.1
7fa54a7e8000-7fa54a9e8000 ---p 0003d000 08:05 9834371                    /lib/x86_64-linux-gnu/libpcre.so.3.13.1
7fa54a9e8000-7fa54a9e9000 r--p 0003d000 08:05 9834371                    /lib/x86_64-linux-gnu/libpcre.so.3.13.1
7fa54a9e9000-7fa54a9ea000 rw-p 0003e000 08:05 9834371                    /lib/x86_64-linux-gnu/libpcre.so.3.13.1
7fa54a9ea000-7fa54a9f1000 r-xp 00000000 08:05 12196946                   /usr/lib/x86_64-linux-gnu/libffi.so.6.0.1
7fa54a9f1000-7fa54abf0000 ---p 00007000 08:05 12196946                   /usr/lib/x86_64-linux-gnu/libffi.so.6.0.1
7fa54abf0000-7fa54abf1000 r--p 00006000 08:05 12196946                   /usr/lib/x86_64-linux-gnu/libffi.so.6.0.1
7fa54abf1000-7fa54abf2000 rw-p 00007000 08:05 12196946                   /usr/lib/x86_64-linux-gnu/libffi.so.6.0.1
7fa54abf2000-7fa54ac08000 r-xp 00000000 08:05 9834394                    /lib/x86_64-linux-gnu/libresolv-2.17.so
7fa54ac08000-7fa54ae08000 ---p 00016000 08:05 9834394                    /lib/x86_64-linux-gnu/libresolv-2.17.so
7fa54ae08000-7fa54ae09000 r--p 00016000 08:05 9834394                    /lib/x86_64-linux-gnu/libresolv-2.17.so
7fa54ae09000-7fa54ae0a000 rw-p 00017000 08:05 9834394                    /lib/x86_64-linux-gnu/libresolv-2.17.so
7fa54ae0a000-7fa54ae0c000 rw-p 00000000 00:00 0 
7fa54ae0c000-7fa54ae2b000 r-xp 00000000 08:05 9834398                    /lib/x86_64-linux-gnu/libselinux.so.1
7fa54ae2b000-7fa54b02b000 ---p 0001f000 08:05 9834398                    /lib/x86_64-linux-gnu/libselinux.so.1
7fa54b02b000-7fa54b02c000 r--p 0001f000 08:05 9834398                    /lib/x86_64-linux-gnu/libselinux.so.1
7fa54b02c000-7fa54b02d000 rw-p 00020000 08:05 9834398                    /lib/x86_64-linux-gnu/libselinux.so.1
7fa54b02d000-7fa54b02e000 rw-p 00000000 00:00 0 
7fa54b02e000-7fa54b031000 r-xp 00000000 08:05 12190134                   /usr/lib/x86_64-linux-gnu/libgmodule-2.0.so.0.3800.1
7fa54b031000-7fa54b230000 ---p 00003000 08:05 12190134                   /usr/lib/x86_64-linux-gnu/libgmodule-2.0.so.0.3800.1
7fa54b230000-7fa54b231000 r--p 00002000 08:05 12190134                   /usr/lib/x86_64-linux-gnu/libgmodule-2.0.so.0.3800.1
7fa54b231000-7fa54b232000 rw-p 00003000 08:05 12190134                   /usr/lib/x86_64-linux-gnu/libgmodule-2.0.so.0.3800.1
7fa54b232000-7fa54b330000 r-xp 00000000 08:05 9834386                    /lib/x86_64-linux-gnu/libglib-2.0.so.0.3800.1
7fa54b330000-7fa54b530000 ---p 000fe000 08:05 9834386                    /lib/x86_64-linux-gnu/libglib-2.0.so.0.3800.1
7fa54b530000-7fa54b531000 r--p 000fe000 08:05 9834386                    /lib/x86_64-linux-gnu/libglib-2.0.so.0.3800.1
7fa54b531000-7fa54b532000 rw-p 000ff000 08:05 9834386                    /lib/x86_64-linux-gnu/libglib-2.0.so.0.3800.1
7fa54b532000-7fa54b533000 rw-p 00000000 00:00 0 
7fa54b533000-7fa54b582000 r-xp 00000000 08:05 12190125                   /usr/lib/x86_64-linux-gnu/libgobject-2.0.so.0.3800.1
7fa54b582000-7fa54b782000 ---p 0004f000 08:05 12190125                   /usr/lib/x86_64-linux-gnu/libgobject-2.0.so.0.3800.1
7fa54b782000-7fa54b783000 r--p 0004f000 08:05 12190125                   /usr/lib/x86_64-linux-gnu/libgobject-2.0.so.0.3800.1
7fa54b783000-7fa54b784000 rw-p 00050000 08:05 12190125                   /usr/lib/x86_64-linux-gnu/libgobject-2.0.so.0.3800.1
7fa54b784000-7fa54b8e0000 r-xp 00000000 08:05 12190099                   /usr/lib/x86_64-linux-gnu/libgio-2.0.so.0.3800.1
7fa54b8e0000-7fa54badf000 ---p 0015c000 08:05 12190099                   /usr/lib/x86_64-linux-gnu/libgio-2.0.so.0.3800.1
7fa54badf000-7fa54bae3000 r--p 0015b000 08:05 12190099                   /usr/lib/x86_64-linux-gnu/libgio-2.0.so.0.3800.1
7fa54bae3000-7fa54bae5000 rw-p 0015f000 08:05 12190099                   /usr/lib/x86_64-linux-gnu/libgio-2.0.so.0.3800.1
7fa54bae5000-7fa54bae7000 rw-p 00000000 00:00 0 
7fa54bae7000-7fa54bafd000 r-xp 00000000 08:05 12322132                   /usr/lib/jvm/java-7-openjdk-amd64/jre/lib/amd64/libnet.so
7fa54bafd000-7fa54bcfc000 ---p 00016000 08:05 12322132                   /usr/lib/jvm/java-7-openjdk-amd64/jre/lib/amd64/libnet.so
7fa54bcfc000-7fa54bcfd000 r--p 00015000 08:05 12322132                   /usr/lib/jvm/java-7-openjdk-amd64/jre/lib/amd64/libnet.so
7fa54bcfd000-7fa54bcfe000 rw-p 00016000 08:05 12322132                   /usr/lib/jvm/java-7-openjdk-amd64/jre/lib/amd64/libnet.so
7fa54bcfe000-7fa54bcff000 ---p 00000000 00:00 0 
7fa54bcff000-7fa54bdff000 rw-p 00000000 00:00 0                          [stack:9788]
7fa54bdff000-7fa54be02000 ---p 00000000 00:00 0 
7fa54be02000-7fa54c000000 rw-p 00000000 00:00 0                          [stack:9787]
7fa54c000000-7fa54c021000 rw-p 00000000 00:00 0 
7fa54c021000-7fa550000000 ---p 00000000 00:00 0 
7fa5500fe000-7fa550101000 ---p 00000000 00:00 0 
7fa550101000-7fa5501ff000 rw-p 00000000 00:00 0                          [stack:9786]
7fa5501ff000-7fa550202000 ---p 00000000 00:00 0 
7fa550202000-7fa550300000 rw-p 00000000 00:00 0                          [stack:9785]
7fa550300000-7fa550303000 ---p 00000000 00:00 0 
7fa550303000-7fa550501000 rw-p 00000000 00:00 0                          [stack:9784]
7fa550501000-7fa5508fb000 r--p 00000000 08:05 12195384                   /usr/lib/locale/locale-archive
7fa5508fb000-7fa5508fe000 ---p 00000000 00:00 0 
7fa5508fe000-7fa550afc000 rw-p 00000000 00:00 0                          [stack:9783]
7fa550afc000-7fa550aff000 ---p 00000000 00:00 0 
7fa550aff000-7fa550cfd000 rw-p 00000000 00:00 0                          [stack:9782]
7fa550cfd000-7fa550cfe000 ---p 00000000 00:00 0 
7fa550cfe000-7fa551000000 rw-p 00000000 00:00 0                          [stack:9781]
7fa551000000-7fa551270000 rwxp 00000000 00:00 0 
7fa551270000-7fa554485000 rw-p 00000000 00:00 0 
7fa554485000-7fa558000000 ---p 00000000 00:00 0 
7fa558096000-7fa558099000 ---p 00000000 00:00 0 
7fa558099000-7fa558eaa000 rw-p 00000000 00:00 0                          [stack:9792]
7fa558eaa000-7fa558f93000 r--s 00bb9000 08:05 16253440                   /home/luis/.rbenv/versions/jruby-1.7.10/lib/jruby.jar
7fa558f93000-7fa558fdb000 rw-p 00000000 00:00 0 
7fa558fdb000-7fa559189000 r--s 01cf4000 08:05 12322430                   /usr/lib/jvm/java-7-openjdk-amd64/jre/lib/rt.jar
7fa559189000-7fa55a89f000 rw-p 00000000 00:00 0 
7fa55a89f000-7fa55a8a0000 ---p 00000000 00:00 0 
7fa55a8a0000-7fa55a9a0000 rw-p 00000000 00:00 0                          [stack:9780]
7fa55a9a0000-7fa55a9a1000 ---p 00000000 00:00 0 
7fa55a9a1000-7fa55aaa1000 rw-p 00000000 00:00 0                          [stack:9779]
7fa55aaa1000-7fa55aaa2000 ---p 00000000 00:00 0 
7fa55aaa2000-7fa55aba2000 rw-p 00000000 00:00 0                          [stack:9778]
7fa55aba2000-7fa55aba3000 ---p 00000000 00:00 0 
7fa55aba3000-7fa55acb0000 rw-p 00000000 00:00 0                          [stack:9777]
7fa55acb0000-7fa55acf6000 rw-p 00000000 00:00 0 
7fa55acf6000-7fa55ad0a000 rw-p 00000000 00:00 0 
7fa55ad0a000-7fa55ad9c000 rw-p 00000000 00:00 0 
7fa55ad9c000-7fa55adae000 rw-p 00000000 00:00 0 
7fa55adae000-7fa55adf0000 rw-p 00000000 00:00 0 
7fa55adf0000-7fa55adf1000 rw-p 00000000 00:00 0 
7fa55adf1000-7fa55adf9000 r-xp 00000000 08:05 12322081                   /usr/lib/jvm/java-7-openjdk-amd64/jre/lib/amd64/libzip.so
7fa55adf9000-7fa55aff8000 ---p 00008000 08:05 12322081                   /usr/lib/jvm/java-7-openjdk-amd64/jre/lib/amd64/libzip.so
7fa55aff8000-7fa55aff9000 r--p 00007000 08:05 12322081                   /usr/lib/jvm/java-7-openjdk-amd64/jre/lib/amd64/libzip.so
7fa55aff9000-7fa55affa000 rw-p 00008000 08:05 12322081                   /usr/lib/jvm/java-7-openjdk-amd64/jre/lib/amd64/libzip.so
7fa55affa000-7fa55b006000 r-xp 00000000 08:05 9834349                    /lib/x86_64-linux-gnu/libnss_files-2.17.so
7fa55b006000-7fa55b205000 ---p 0000c000 08:05 9834349                    /lib/x86_64-linux-gnu/libnss_files-2.17.so
7fa55b205000-7fa55b206000 r--p 0000b000 08:05 9834349                    /lib/x86_64-linux-gnu/libnss_files-2.17.so
7fa55b206000-7fa55b207000 rw-p 0000c000 08:05 9834349                    /lib/x86_64-linux-gnu/libnss_files-2.17.so
7fa55b207000-7fa55b212000 r-xp 00000000 08:05 9834353                    /lib/x86_64-linux-gnu/libnss_nis-2.17.so
7fa55b212000-7fa55b411000 ---p 0000b000 08:05 9834353                    /lib/x86_64-linux-gnu/libnss_nis-2.17.so
7fa55b411000-7fa55b412000 r--p 0000a000 08:05 9834353                    /lib/x86_64-linux-gnu/libnss_nis-2.17.so
7fa55b412000-7fa55b413000 rw-p 0000b000 08:05 9834353                    /lib/x86_64-linux-gnu/libnss_nis-2.17.so
7fa55b413000-7fa55b42a000 r-xp 00000000 08:05 9834343                    /lib/x86_64-linux-gnu/libnsl-2.17.so
7fa55b42a000-7fa55b629000 ---p 00017000 08:05 9834343                    /lib/x86_64-linux-gnu/libnsl-2.17.so
7fa55b629000-7fa55b62a000 r--p 00016000 08:05 9834343                    /lib/x86_64-linux-gnu/libnsl-2.17.so
7fa55b62a000-7fa55b62b000 rw-p 00017000 08:05 9834343                    /lib/x86_64-linux-gnu/libnsl-2.17.so
7fa55b62b000-7fa55b62d000 rw-p 00000000 00:00 0 
7fa55b62d000-7fa55b635000 r-xp 00000000 08:05 9834345                    /lib/x86_64-linux-gnu/libnss_compat-2.17.so
7fa55b635000-7fa55b834000 ---p 00008000 08:05 9834345                    /lib/x86_64-linux-gnu/libnss_compat-2.17.so
7fa55b834000-7fa55b835000 r--p 00007000 08:05 9834345                    /lib/x86_64-linux-gnu/libnss_compat-2.17.so
7fa55b835000-7fa55b836000 rw-p 00008000 08:05 9834345                    /lib/x86_64-linux-gnu/libnss_compat-2.17.so
7fa55b836000-7fa55b861000 r-xp 00000000 08:05 12322007                   /usr/lib/jvm/java-7-openjdk-amd64/jre/lib/amd64/libjava.so
7fa55b861000-7fa55ba60000 ---p 0002b000 08:05 12322007                   /usr/lib/jvm/java-7-openjdk-amd64/jre/lib/amd64/libjava.so
7fa55ba60000-7fa55ba61000 r--p 0002a000 08:05 12322007                   /usr/lib/jvm/java-7-openjdk-amd64/jre/lib/amd64/libjava.so
7fa55ba61000-7fa55ba63000 rw-p 0002b000 08:05 12322007                   /usr/lib/jvm/java-7-openjdk-amd64/jre/lib/amd64/libjava.so
7fa55ba63000-7fa55ba73000 r-xp 00000000 08:05 12322321                   /usr/lib/jvm/java-7-openjdk-amd64/jre/lib/amd64/libverify.so
7fa55ba73000-7fa55bc72000 ---p 00010000 08:05 12322321                   /usr/lib/jvm/java-7-openjdk-amd64/jre/lib/amd64/libverify.so
7fa55bc72000-7fa55bc74000 r--p 0000f000 08:05 12322321                   /usr/lib/jvm/java-7-openjdk-amd64/jre/lib/amd64/libverify.so
7fa55bc74000-7fa55bc75000 rw-p 00011000 08:05 12322321                   /usr/lib/jvm/java-7-openjdk-amd64/jre/lib/amd64/libverify.so
7fa55bc75000-7fa55bc7c000 r-xp 00000000 08:05 9834396                    /lib/x86_64-linux-gnu/librt-2.17.so
7fa55bc7c000-7fa55be7b000 ---p 00007000 08:05 9834396                    /lib/x86_64-linux-gnu/librt-2.17.so
7fa55be7b000-7fa55be7c000 r--p 00006000 08:05 9834396                    /lib/x86_64-linux-gnu/librt-2.17.so
7fa55be7c000-7fa55be7d000 rw-p 00007000 08:05 9834396                    /lib/x86_64-linux-gnu/librt-2.17.so
7fa55be7d000-7fa55be80000 ---p 00000000 00:00 0 
7fa55be80000-7fa55c07e000 rw-p 00000000 00:00 0                          [stack:9776]
7fa55c07e000-7fa55c093000 r-xp 00000000 08:05 9830413                    /lib/x86_64-linux-gnu/libgcc_s.so.1
7fa55c093000-7fa55c292000 ---p 00015000 08:05 9830413                    /lib/x86_64-linux-gnu/libgcc_s.so.1
7fa55c292000-7fa55c293000 r--p 00014000 08:05 9830413                    /lib/x86_64-linux-gnu/libgcc_s.so.1
7fa55c293000-7fa55c294000 rw-p 00015000 08:05 9830413                    /lib/x86_64-linux-gnu/libgcc_s.so.1
7fa55c294000-7fa55c397000 r-xp 00000000 08:05 9834324                    /lib/x86_64-linux-gnu/libm-2.17.so
7fa55c397000-7fa55c596000 ---p 00103000 08:05 9834324                    /lib/x86_64-linux-gnu/libm-2.17.so
7fa55c596000-7fa55c597000 r--p 00102000 08:05 9834324                    /lib/x86_64-linux-gnu/libm-2.17.so
7fa55c597000-7fa55c598000 rw-p 00103000 08:05 9834324                    /lib/x86_64-linux-gnu/libm-2.17.so
7fa55c598000-7fa55c67e000 r-xp 00000000 08:05 12190887                   /usr/lib/x86_64-linux-gnu/libstdc++.so.6.0.18
7fa55c67e000-7fa55c87d000 ---p 000e6000 08:05 12190887                   /usr/lib/x86_64-linux-gnu/libstdc++.so.6.0.18
7fa55c87d000-7fa55c885000 r--p 000e5000 08:05 12190887                   /usr/lib/x86_64-linux-gnu/libstdc++.so.6.0.18
7fa55c885000-7fa55c887000 rw-p 000ed000 08:05 12190887                   /usr/lib/x86_64-linux-gnu/libstdc++.so.6.0.18
7fa55c887000-7fa55c89c000 rw-p 00000000 00:00 0 
7fa55c89c000-7fa55d37b000 r-xp 00000000 08:05 12322340                   /usr/lib/jvm/java-7-openjdk-amd64/jre/lib/amd64/server/libjvm.so
7fa55d37b000-7fa55d57a000 ---p 00adf000 08:05 12322340                   /usr/lib/jvm/java-7-openjdk-amd64/jre/lib/amd64/server/libjvm.so
7fa55d57a000-7fa55d60c000 r--p 00ade000 08:05 12322340                   /usr/lib/jvm/java-7-openjdk-amd64/jre/lib/amd64/server/libjvm.so
7fa55d60c000-7fa55d62f000 rw-p 00b70000 08:05 12322340                   /usr/lib/jvm/java-7-openjdk-amd64/jre/lib/amd64/server/libjvm.so
7fa55d62f000-7fa55d65c000 rw-p 00000000 00:00 0 
7fa55d65c000-7fa55d674000 r-xp 00000000 08:05 9834431                    /lib/x86_64-linux-gnu/libz.so.1.2.8
7fa55d674000-7fa55d873000 ---p 00018000 08:05 9834431                    /lib/x86_64-linux-gnu/libz.so.1.2.8
7fa55d873000-7fa55d874000 r--p 00017000 08:05 9834431                    /lib/x86_64-linux-gnu/libz.so.1.2.8
7fa55d874000-7fa55d875000 rw-p 00018000 08:05 9834431                    /lib/x86_64-linux-gnu/libz.so.1.2.8
7fa55d875000-7fa55d88c000 r-xp 00000000 08:05 9834388                    /lib/x86_64-linux-gnu/libpthread-2.17.so
7fa55d88c000-7fa55da8c000 ---p 00017000 08:05 9834388                    /lib/x86_64-linux-gnu/libpthread-2.17.so
7fa55da8c000-7fa55da8d000 r--p 00017000 08:05 9834388                    /lib/x86_64-linux-gnu/libpthread-2.17.so
7fa55da8d000-7fa55da8e000 rw-p 00018000 08:05 9834388                    /lib/x86_64-linux-gnu/libpthread-2.17.so
7fa55da8e000-7fa55da92000 rw-p 00000000 00:00 0 
7fa55da92000-7fa55da95000 r-xp 00000000 08:05 9834288                    /lib/x86_64-linux-gnu/libdl-2.17.so
7fa55da95000-7fa55dc94000 ---p 00003000 08:05 9834288                    /lib/x86_64-linux-gnu/libdl-2.17.so
7fa55dc94000-7fa55dc95000 r--p 00002000 08:05 9834288                    /lib/x86_64-linux-gnu/libdl-2.17.so
7fa55dc95000-7fa55dc96000 rw-p 00003000 08:05 9834288                    /lib/x86_64-linux-gnu/libdl-2.17.so
7fa55dc96000-7fa55de53000 r-xp 00000000 08:05 9834273                    /lib/x86_64-linux-gnu/libc-2.17.so
7fa55de53000-7fa55e053000 ---p 001bd000 08:05 9834273                    /lib/x86_64-linux-gnu/libc-2.17.so
7fa55e053000-7fa55e057000 r--p 001bd000 08:05 9834273                    /lib/x86_64-linux-gnu/libc-2.17.so
7fa55e057000-7fa55e059000 rw-p 001c1000 08:05 9834273                    /lib/x86_64-linux-gnu/libc-2.17.so
7fa55e059000-7fa55e05e000 rw-p 00000000 00:00 0 
7fa55e05e000-7fa55e06b000 r-xp 00000000 08:05 12322347                   /usr/lib/jvm/java-7-openjdk-amd64/jre/lib/amd64/jli/libjli.so
7fa55e06b000-7fa55e26a000 ---p 0000d000 08:05 12322347                   /usr/lib/jvm/java-7-openjdk-amd64/jre/lib/amd64/jli/libjli.so
7fa55e26a000-7fa55e26b000 r--p 0000c000 08:05 12322347                   /usr/lib/jvm/java-7-openjdk-amd64/jre/lib/amd64/jli/libjli.so
7fa55e26b000-7fa55e26c000 rw-p 0000d000 08:05 12322347                   /usr/lib/jvm/java-7-openjdk-amd64/jre/lib/amd64/jli/libjli.so
7fa55e26c000-7fa55e28f000 r-xp 00000000 08:05 9834249                    /lib/x86_64-linux-gnu/ld-2.17.so
7fa55e295000-7fa55e296000 r-xp 00000000 00:00 0 
7fa55e296000-7fa55e29d000 r--s 00000000 08:05 12588976                   /usr/lib/x86_64-linux-gnu/gconv/gconv-modules.cache
7fa55e29d000-7fa55e2a2000 r--s 0004c000 08:05 12322352                   /usr/lib/jvm/java-7-openjdk-amd64/jre/lib/jsse.jar
7fa55e2a2000-7fa55e2a5000 r--s 00032000 08:05 12322366                   /usr/lib/jvm/java-7-openjdk-amd64/jre/lib/ext/sunjce_provider.jar
7fa55e2a5000-7fa55e2a8000 r--s 0000f000 08:05 12322362                   /usr/lib/jvm/java-7-openjdk-amd64/jre/lib/ext/pulse-java.jar
7fa55e2a8000-7fa55e2c3000 rw-p 00000000 00:00 0 
7fa55e2c3000-7fa55e309000 rw-p 00000000 00:00 0 
7fa55e309000-7fa55e31d000 rw-p 00000000 00:00 0 
7fa55e31d000-7fa55e3b0000 rw-p 00000000 00:00 0 
7fa55e3b0000-7fa55e3ba000 rw-p 00000000 00:00 0 
7fa55e3ba000-7fa55e470000 rw-p 00000000 00:00 0 
7fa55e470000-7fa55e475000 rw-p 00000000 00:00 0 
7fa55e475000-7fa55e477000 r--s 00006000 08:05 12717881                   /usr/share/java/java-atk-wrapper.jar
7fa55e477000-7fa55e47b000 r--s 00085000 08:05 12322360                   /usr/lib/jvm/java-7-openjdk-amd64/jre/lib/ext/localedata.jar
7fa55e47b000-7fa55e47f000 r--s 0003b000 08:05 12322372                   /usr/lib/jvm/java-7-openjdk-amd64/jre/lib/ext/sunpkcs11.jar
7fa55e47f000-7fa55e480000 r--s 00002000 08:05 12322370                   /usr/lib/jvm/java-7-openjdk-amd64/jre/lib/ext/dnsns.jar
7fa55e480000-7fa55e482000 r--s 00012000 08:05 12322364                   /usr/lib/jvm/java-7-openjdk-amd64/jre/lib/ext/zipfs.jar
7fa55e482000-7fa55e48a000 rw-s 00000000 08:05 7340078                    /tmp/hsperfdata_luis/9751
7fa55e48a000-7fa55e48b000 rw-p 00000000 00:00 0 
7fa55e48b000-7fa55e48c000 r--p 00000000 00:00 0 
7fa55e48c000-7fa55e48e000 rw-p 00000000 00:00 0 
7fa55e48e000-7fa55e48f000 r--p 00022000 08:05 9834249                    /lib/x86_64-linux-gnu/ld-2.17.so
7fa55e48f000-7fa55e491000 rw-p 00023000 08:05 9834249                    /lib/x86_64-linux-gnu/ld-2.17.so
7ffffcb54000-7ffffcb75000 rw-p 00000000 00:00 0                          [stack]
7ffffcbfe000-7ffffcc00000 r-xp 00000000 00:00 0                          [vdso]
ffffffffff600000-ffffffffff601000 r-xp 00000000 00:00 0                  [vsyscall]

VM Arguments:
jvm_args: -Djdk.home= -Djruby.home=/home/luis/.rbenv/versions/jruby-1.7.10 -Djruby.script=jruby -Djruby.shell=/bin/sh -Djffi.boot.library.path=/home/luis/.rbenv/versions/jruby-1.7.10/lib/jni:/home/luis/.rbenv/versions/jruby-1.7.10/lib/jni/arm-Linux:/home/luis/.rbenv/versions/jruby-1.7.10/lib/jni/x86_64-Linux:/home/luis/.rbenv/versions/jruby-1.7.10/lib/jni/i386-Linux -Xmx500m -Xss2048k -Xbootclasspath/a:/home/luis/.rbenv/versions/jruby-1.7.10/lib/jruby.jar 
java_command: org/jruby/Main Makefile.rb clean compile test
Launcher Type: SUN_STANDARD

Environment Variables:
PATH=/home/luis/.rbenv/versions/jruby-1.7.10/bin:/home/luis/.rbenv/libexec:/home/luis/.rbenv/plugins/ruby-build/bin:/home/luis/.rbenv/shims:~/.rbenv/bin:~/.rbenv/bin:/usr/local/sbin:/usr/local/bin:/usr/sbin:/usr/bin:/sbin:/bin:/usr/games:/usr/local/games
USERNAME=luis
SHELL=/bin/bash
DISPLAY=:0

Signal Handlers:
SIGSEGV: [libjvm.so+0x916ea0], sa_mask[0]=0x7ffbfeff, sa_flags=0x10000004
SIGBUS: [libjvm.so+0x916ea0], sa_mask[0]=0x7ffbfeff, sa_flags=0x10000004
SIGFPE: [libjvm.so+0x794800], sa_mask[0]=0x7ffbfeff, sa_flags=0x10000004
SIGPIPE: [libjvm.so+0x794800], sa_mask[0]=0x7ffbfeff, sa_flags=0x10000004
SIGXFSZ: [libjvm.so+0x794800], sa_mask[0]=0x7ffbfeff, sa_flags=0x10000004
SIGILL: [libjvm.so+0x794800], sa_mask[0]=0x7ffbfeff, sa_flags=0x10000004
SIGUSR1: SIG_DFL, sa_mask[0]=0x00000000, sa_flags=0x00000000
SIGUSR2: [libjvm.so+0x7946a0], sa_mask[0]=0x00000000, sa_flags=0x10000004
SIGHUP: [libjvm.so+0x794880], sa_mask[0]=0x7ffbfeff, sa_flags=0x10000004
SIGINT: [libjvm.so+0x794880], sa_mask[0]=0x7ffbfeff, sa_flags=0x10000004
SIGTERM: [libjvm.so+0x794880], sa_mask[0]=0x7ffbfeff, sa_flags=0x10000004
SIGQUIT: [libjvm.so+0x794880], sa_mask[0]=0x7ffbfeff, sa_flags=0x10000004


---------------  S Y S T E M  ---------------

OS:LinuxMint 16 (petra)
uname:Linux 3.11.0-12-generic #19-Ubuntu SMP Wed Oct 9 16:20:46 UTC 2013 x86_64
libc:glibc 2.17 NPTL 2.17 
rlimit: STACK 8192k, CORE 0k, NPROC 29806, NOFILE 4096, AS infinity
load average:0,12 0,09 0,12

/proc/meminfo:
MemTotal:        3844532 kB
MemFree:         2849968 kB
Buffers:           55992 kB
Cached:           525616 kB
SwapCached:            0 kB
Active:           473348 kB
Inactive:         412084 kB
Active(anon):     304760 kB
Inactive(anon):   120496 kB
Active(file):     168588 kB
Inactive(file):   291588 kB
Unevictable:           0 kB
Mlocked:               0 kB
SwapTotal:       3987452 kB
SwapFree:        3987452 kB
Dirty:               200 kB
Writeback:             0 kB
AnonPages:        303932 kB
Mapped:            90444 kB
Shmem:            121436 kB
Slab:              48220 kB
SReclaimable:      27700 kB
SUnreclaim:        20520 kB
KernelStack:        2720 kB
PageTables:        14584 kB
NFS_Unstable:          0 kB
Bounce:                0 kB
WritebackTmp:          0 kB
CommitLimit:     5909716 kB
Committed_AS:    1547652 kB
VmallocTotal:   34359738367 kB
VmallocUsed:      348004 kB
VmallocChunk:   34359386120 kB
HardwareCorrupted:     0 kB
AnonHugePages:         0 kB
HugePages_Total:       0
HugePages_Free:        0
HugePages_Rsvd:        0
HugePages_Surp:        0
Hugepagesize:       2048 kB
DirectMap4k:       58612 kB
DirectMap2M:     3930112 kB


CPU:total 4 (2 cores per cpu, 2 threads per core) family 6 model 37 stepping 5, cmov, cx8, fxsr, mmx, sse, sse2, sse3, ssse3, sse4.1, sse4.2, popcnt, ht, tsc, tscinvbit

/proc/cpuinfo:
processor	: 0
vendor_id	: GenuineIntel
cpu family	: 6
model		: 37
model name	: Intel(R) Core(TM) i5 CPU       M 460  @ 2.53GHz
stepping	: 5
microcode	: 0x2
cpu MHz		: 2534.000
cache size	: 3072 KB
physical id	: 0
siblings	: 4
core id		: 0
cpu cores	: 2
apicid		: 0
initial apicid	: 0
fpu		: yes
fpu_exception	: yes
cpuid level	: 11
wp		: yes
flags		: fpu vme de pse tsc msr pae mce cx8 apic sep mtrr pge mca cmov pat pse36 clflush dts acpi mmx fxsr sse sse2 ss ht tm pbe syscall nx rdtscp lm constant_tsc arch_perfmon pebs bts rep_good nopl xtopology nonstop_tsc aperfmperf pni dtes64 monitor ds_cpl vmx est tm2 ssse3 cx16 xtpr pdcm pcid sse4_1 sse4_2 popcnt lahf_lm ida arat dtherm tpr_shadow vnmi flexpriority ept vpid
bogomips	: 5066.78
clflush size	: 64
cache_alignment	: 64
address sizes	: 36 bits physical, 48 bits virtual
power management:

processor	: 1
vendor_id	: GenuineIntel
cpu family	: 6
model		: 37
model name	: Intel(R) Core(TM) i5 CPU       M 460  @ 2.53GHz
stepping	: 5
microcode	: 0x2
cpu MHz		: 2534.000
cache size	: 3072 KB
physical id	: 0
siblings	: 4
core id		: 0
cpu cores	: 2
apicid		: 1
initial apicid	: 1
fpu		: yes
fpu_exception	: yes
cpuid level	: 11
wp		: yes
flags		: fpu vme de pse tsc msr pae mce cx8 apic sep mtrr pge mca cmov pat pse36 clflush dts acpi mmx fxsr sse sse2 ss ht tm pbe syscall nx rdtscp lm constant_tsc arch_perfmon pebs bts rep_good nopl xtopology nonstop_tsc aperfmperf pni dtes64 monitor ds_cpl vmx est tm2 ssse3 cx16 xtpr pdcm pcid sse4_1 sse4_2 popcnt lahf_lm ida arat dtherm tpr_shadow vnmi flexpriority ept vpid
bogomips	: 5066.78
clflush size	: 64
cache_alignment	: 64
address sizes	: 36 bits physical, 48 bits virtual
power management:

processor	: 2
vendor_id	: GenuineIntel
cpu family	: 6
model		: 37
model name	: Intel(R) Core(TM) i5 CPU       M 460  @ 2.53GHz
stepping	: 5
microcode	: 0x2
cpu MHz		: 2534.000
cache size	: 3072 KB
physical id	: 0
siblings	: 4
core id		: 2
cpu cores	: 2
apicid		: 4
initial apicid	: 4
fpu		: yes
fpu_exception	: yes
cpuid level	: 11
wp		: yes
flags		: fpu vme de pse tsc msr pae mce cx8 apic sep mtrr pge mca cmov pat pse36 clflush dts acpi mmx fxsr sse sse2 ss ht tm pbe syscall nx rdtscp lm constant_tsc arch_perfmon pebs bts rep_good nopl xtopology nonstop_tsc aperfmperf pni dtes64 monitor ds_cpl vmx est tm2 ssse3 cx16 xtpr pdcm pcid sse4_1 sse4_2 popcnt lahf_lm ida arat dtherm tpr_shadow vnmi flexpriority ept vpid
bogomips	: 5066.78
clflush size	: 64
cache_alignment	: 64
address sizes	: 36 bits physical, 48 bits virtual
power management:

processor	: 3
vendor_id	: GenuineIntel
cpu family	: 6
model		: 37
model name	: Intel(R) Core(TM) i5 CPU       M 460  @ 2.53GHz
stepping	: 5
microcode	: 0x2
cpu MHz		: 1199.000
cache size	: 3072 KB
physical id	: 0
siblings	: 4
core id		: 2
cpu cores	: 2
apicid		: 5
initial apicid	: 5
fpu		: yes
fpu_exception	: yes
cpuid level	: 11
wp		: yes
flags		: fpu vme de pse tsc msr pae mce cx8 apic sep mtrr pge mca cmov pat pse36 clflush dts acpi mmx fxsr sse sse2 ss ht tm pbe syscall nx rdtscp lm constant_tsc arch_perfmon pebs bts rep_good nopl xtopology nonstop_tsc aperfmperf pni dtes64 monitor ds_cpl vmx est tm2 ssse3 cx16 xtpr pdcm pcid sse4_1 sse4_2 popcnt lahf_lm ida arat dtherm tpr_shadow vnmi flexpriority ept vpid
bogomips	: 5066.78
clflush size	: 64
cache_alignment	: 64
address sizes	: 36 bits physical, 48 bits virtual
power management:



Memory: 4k page, physical 3844532k(2849968k free), swap 3987452k(3987452k free)

vm_info: OpenJDK 64-Bit Server VM (24.45-b08) for linux-amd64 JRE (1.7.0_51-b00), built on Jan 15 2014 22:02:57 by "buildd" with gcc 4.8.1

time: Mon Apr  7 11:52:34 2014
elapsed time: 3 seconds

