#
# A fatal error has been detected by the Java Runtime Environment:
#
#  SIGSEGV (0xb) at pc=0x00007f9ff609d87b, pid=5288, tid=140325385135872
#
# JRE version: OpenJDK Runtime Environment (7.0_51) (build 1.7.0_51-b00)
# Java VM: OpenJDK 64-Bit Server VM (24.45-b08 mixed mode linux-amd64 compressed oops)
# Problematic frame:
# C  [libconvex_hull.so+0x187b]  convex_hull+0x261
#
# Failed to write core dump. Core dumps have been disabled. To enable core dumping, try "ulimit -c unlimited" before starting Java again
#
# If you would like to submit a bug report, please include
# instructions on how to reproduce the bug and visit:
#   http://icedtea.classpath.org/bugzilla
# The crash happened outside the Java Virtual Machine in native code.
# See problematic frame for where to report the bug.
#

---------------  T H R E A D  ---------------

Current thread (0x00007fa00800a800):  JavaThread "main" [_thread_in_native, id=5313, stack(0x00007fa00c9be000,0x00007fa00cbbf000)]

siginfo:si_signo=SIGSEGV: si_errno=0, si_code=1 (SEGV_MAPERR), si_addr=0x0000000000000000

Registers:
RAX=0x0000000000000000, RBX=0x00000000d79ca6f0, RCX=0x00007fa008000020, RDX=0x0000000000000003
RSP=0x00007fa00cbbbba0, RBP=0x00007fa00cbbbc40, RSI=0x00007fa00845ac10, RDI=0x00007fa00845a500
R8 =0x00007fa00845a470, R9 =0x00007fa00e825134, R10=0x00007fa00cbbb940, R11=0x00007f9ff64a2960
R12=0x0000000000000000, R13=0x00000000d79ca6f0, R14=0x00007fa00cbbbd30, R15=0x00007fa00800a800
RIP=0x00007f9ff609d87b, EFLAGS=0x0000000000010202, CSGSFS=0x0000000000000033, ERR=0x0000000000000004
  TRAPNO=0x000000000000000e

Top of Stack: (sp=0x00007fa00cbbbba0)
0x00007fa00cbbbba0:   00000000d7e47b29 00007fa00844fb30
0x00007fa00cbbbbb0:   0000000000000000 00007fa00845a700
0x00007fa00cbbbbc0:   00007fa00845a6e0 00007fa00845ae80
0x00007fa00cbbbbd0:   00007fa00845a6c0 00007fa00845a6a0
0x00007fa00cbbbbe0:   00007fa00845ae60 00007fa00845a660
0x00007fa00cbbbbf0:   00007fa00845a640 00007fa00845ae40
0x00007fa00cbbbc00:   00007fa00845a500 00007fa00845a6e0
0x00007fa00cbbbc10:   00007fa00845a4e0 00007fa00845ae80
0x00007fa00cbbbc20:   00007fa00845ac60 00007fa00845a6c0
0x00007fa00cbbbc30:   00007fa00845ac40 00007fa00845ae40
0x00007fa00cbbbc40:   00007fa0084081d0 00007f9ff6e5bcd9
0x00007fa00cbbbc50:   00000000f7a420d8 00000000d79ca6f0
0x00007fa00cbbbc60:   00007fa00cbbbce8 00007fa0047d6738
0x00007fa00cbbbc70:   00007fa00cbbbc70 0000000000000000
0x00007fa00cbbbc80:   00007fa00cbbbd08 00007fa0047ca233
0x00007fa00cbbbc90:   00007fa0047ca233 00000000f7a420d8
0x00007fa00cbbbca0:   00000000f66af4f8 00007fa00cbbbca8
0x00007fa00cbbbcb0:   0000000000000000 00007fa00cbbbd30
0x00007fa00cbbbcc0:   00000000d79d2c18 0000000000000000
0x00007fa00cbbbcd0:   00000000d79ca6f0 0000000000000000
0x00007fa00cbbbce0:   00007fa00cbbbd08 00007fa00cbbbd78
0x00007fa00cbbbcf0:   00007fa0047ca175 00000000e10b6b50
0x00007fa00cbbbd00:   00007fa0047d2cd7 00007fa00844fb30
0x00007fa00cbbbd10:   00007fa0047ca233 00007f9ff609d61a
0x00007fa00cbbbd20:   00007fa00cbbbd80 00007fa0084081d0
0x00007fa00cbbbd30:   00007fa0047ca233 00007fa00cbbbd38
0x00007fa00cbbbd40:   00000000d7ac7557 00007fa00cbbbdb0
0x00007fa00cbbbd50:   00000000d7ad37b0 0000000000000000
0x00007fa00cbbbd60:   00000000d7ac7598 00007fa00cbbbd08
0x00007fa00cbbbd70:   00007fa00cbbbd88 00007fa00cbbbe00
0x00007fa00cbbbd80:   00007fa0047ca175 00007fa00844fb30
0x00007fa00cbbbd90:   00000000f66af4d8 00007f9ff609d61a 

Instructions: (pc=0x00007f9ff609d87b)
0x00007f9ff609d85b:   e8 10 f2 ff ff eb 20 48 8b 85 70 ff ff ff 48 8b
0x00007f9ff609d86b:   40 10 48 89 85 70 ff ff ff 48 8b 85 70 ff ff ff
0x00007f9ff609d87b:   48 8b 00 48 89 45 f8 48 83 bd 70 ff ff ff 00 75
0x00007f9ff609d88b:   d6 48 8b 45 c0 48 89 c7 e8 58 f1 ff ff b8 00 00 

Register to memory mapping:

RAX=0x0000000000000000 is an unknown value
RBX=0x00000000d79ca6f0 is an oop
{method} 
 - klass: {other class}
RCX=0x00007fa008000020 is an unknown value
RDX=0x0000000000000003 is an unknown value
RSP=0x00007fa00cbbbba0 is pointing into the stack for thread: 0x00007fa00800a800
RBP=0x00007fa00cbbbc40 is pointing into the stack for thread: 0x00007fa00800a800
RSI=0x00007fa00845ac10 is an unknown value
RDI=0x00007fa00845a500 is an unknown value
R8 =0x00007fa00845a470 is an unknown value
R9 =0x00007fa00e825134: _IO_vfprintf+0x49b4 in /lib/x86_64-linux-gnu/libc.so.6 at 0x00007fa00e7d7000
R10=0x00007fa00cbbb940 is pointing into the stack for thread: 0x00007fa00800a800
R11=0x00007f9ff64a2960: create_copy_point+0 in lib/lib2d_points.so at 0x00007f9ff64a2000
R12=0x0000000000000000 is an unknown value
R13=0x00000000d79ca6f0 is an oop
{method} 
 - klass: {other class}
R14=0x00007fa00cbbbd30 is pointing into the stack for thread: 0x00007fa00800a800
R15=0x00007fa00800a800 is a thread


Stack: [0x00007fa00c9be000,0x00007fa00cbbf000],  sp=0x00007fa00cbbbba0,  free space=2038k
Native frames: (J=compiled Java code, j=interpreted, Vv=VM code, C=native code)
C  [libconvex_hull.so+0x187b]  convex_hull+0x261

Java frames: (J=compiled Java code, j=interpreted, Vv=VM code)
j  com.kenai.jffi.Foreign.invokeL1(JJJ)J+0
j  com.kenai.jffi.Invoker.invokeL1(Lcom/kenai/jffi/CallContext;JJ)J+7
j  org.jruby.ext.ffi.jffi.NativeInvoker$ffi$1.call(Lorg/jruby/runtime/ThreadContext;Lorg/jruby/runtime/builtin/IRubyObject;Lorg/jruby/RubyModule;Ljava/lang/String;Lorg/jruby/runtime/builtin/IRubyObject;)Lorg/jruby/runtime/builtin/IRubyObject;+76
j  org.jruby.ext.ffi.jffi.JITNativeInvoker.call(Lorg/jruby/runtime/ThreadContext;Lorg/jruby/runtime/builtin/IRubyObject;Lorg/jruby/RubyModule;Ljava/lang/String;[Lorg/jruby/runtime/builtin/IRubyObject;)Lorg/jruby/runtime/builtin/IRubyObject;+92
j  org.jruby.ext.ffi.jffi.NativeInvoker.call(Lorg/jruby/runtime/ThreadContext;Lorg/jruby/runtime/builtin/IRubyObject;Lorg/jruby/RubyModule;Ljava/lang/String;[Lorg/jruby/runtime/builtin/IRubyObject;Lorg/jruby/runtime/Block;)Lorg/jruby/runtime/builtin/IRubyObject;+36
j  org.jruby.ext.ffi.jffi.DefaultMethod.call(Lorg/jruby/runtime/ThreadContext;Lorg/jruby/runtime/builtin/IRubyObject;Lorg/jruby/RubyModule;Ljava/lang/String;[Lorg/jruby/runtime/builtin/IRubyObject;Lorg/jruby/runtime/Block;)Lorg/jruby/runtime/builtin/IRubyObject;+13
j  org.jruby.internal.runtime.methods.DynamicMethod.call(Lorg/jruby/runtime/ThreadContext;Lorg/jruby/runtime/builtin/IRubyObject;Lorg/jruby/RubyModule;Ljava/lang/String;Lorg/jruby/runtime/builtin/IRubyObject;Lorg/jruby/runtime/Block;)Lorg/jruby/runtime/builtin/IRubyObject;+17
j  org.jruby.internal.runtime.methods.DynamicMethod.call(Lorg/jruby/runtime/ThreadContext;Lorg/jruby/runtime/builtin/IRubyObject;Lorg/jruby/RubyModule;Ljava/lang/String;Lorg/jruby/runtime/builtin/IRubyObject;)Lorg/jruby/runtime/builtin/IRubyObject;+11
j  org.jruby.runtime.callsite.CachingCallSite.cacheAndCall(Lorg/jruby/runtime/builtin/IRubyObject;Lorg/jruby/RubyClass;Lorg/jruby/runtime/ThreadContext;Lorg/jruby/runtime/builtin/IRubyObject;Lorg/jruby/runtime/builtin/IRubyObject;)Lorg/jruby/runtime/builtin/IRubyObject;+57
J  org.jruby.runtime.callsite.CachingCallSite.call(Lorg/jruby/runtime/ThreadContext;Lorg/jruby/runtime/builtin/IRubyObject;Lorg/jruby/runtime/builtin/IRubyObject;Lorg/jruby/runtime/builtin/IRubyObject;)Lorg/jruby/runtime/builtin/IRubyObject;
j  org.jruby.ast.CallOneArgNode.interpret(Lorg/jruby/Ruby;Lorg/jruby/runtime/ThreadContext;Lorg/jruby/runtime/builtin/IRubyObject;Lorg/jruby/runtime/Block;)Lorg/jruby/runtime/builtin/IRubyObject;+30
j  org.jruby.ast.LocalAsgnNode.interpret(Lorg/jruby/Ruby;Lorg/jruby/runtime/ThreadContext;Lorg/jruby/runtime/builtin/IRubyObject;Lorg/jruby/runtime/Block;)Lorg/jruby/runtime/builtin/IRubyObject;+30
J  org.jruby.ast.BlockNode.interpret(Lorg/jruby/Ruby;Lorg/jruby/runtime/ThreadContext;Lorg/jruby/runtime/builtin/IRubyObject;Lorg/jruby/runtime/Block;)Lorg/jruby/runtime/builtin/IRubyObject;
j  org.jruby.evaluator.ASTInterpreter.INTERPRET_METHOD(Lorg/jruby/Ruby;Lorg/jruby/runtime/ThreadContext;Ljava/lang/String;ILorg/jruby/RubyModule;Lorg/jruby/ast/Node;Ljava/lang/String;Lorg/jruby/runtime/builtin/IRubyObject;Lorg/jruby/runtime/Block;Z)Lorg/jruby/runtime/builtin/IRubyObject;+30
j  org.jruby.internal.runtime.methods.InterpretedMethod.call(Lorg/jruby/runtime/ThreadContext;Lorg/jruby/runtime/builtin/IRubyObject;Lorg/jruby/RubyModule;Ljava/lang/String;)Lorg/jruby/runtime/builtin/IRubyObject;+80
j  org.jruby.internal.runtime.methods.DefaultMethod.call(Lorg/jruby/runtime/ThreadContext;Lorg/jruby/runtime/builtin/IRubyObject;Lorg/jruby/RubyModule;Ljava/lang/String;)Lorg/jruby/runtime/builtin/IRubyObject;+20
j  org.jruby.runtime.callsite.CachingCallSite.cacheAndCall(Lorg/jruby/runtime/builtin/IRubyObject;Lorg/jruby/RubyClass;Lorg/jruby/runtime/ThreadContext;Lorg/jruby/runtime/builtin/IRubyObject;)Lorg/jruby/runtime/builtin/IRubyObject;+53
j  org.jruby.runtime.callsite.CachingCallSite.call(Lorg/jruby/runtime/ThreadContext;Lorg/jruby/runtime/builtin/IRubyObject;Lorg/jruby/runtime/builtin/IRubyObject;)Lorg/jruby/runtime/builtin/IRubyObject;+46
j  org.jruby.ast.CallNoArgNode.interpret(Lorg/jruby/Ruby;Lorg/jruby/runtime/ThreadContext;Lorg/jruby/runtime/builtin/IRubyObject;Lorg/jruby/runtime/Block;)Lorg/jruby/runtime/builtin/IRubyObject;+18
j  org.jruby.ast.FCallTwoArgNode.interpret(Lorg/jruby/Ruby;Lorg/jruby/runtime/ThreadContext;Lorg/jruby/runtime/builtin/IRubyObject;Lorg/jruby/runtime/Block;)Lorg/jruby/runtime/builtin/IRubyObject;+28
J  org.jruby.ast.NewlineNode.interpret(Lorg/jruby/Ruby;Lorg/jruby/runtime/ThreadContext;Lorg/jruby/runtime/builtin/IRubyObject;Lorg/jruby/runtime/Block;)Lorg/jruby/runtime/builtin/IRubyObject;
j  org.jruby.ast.BlockNode.interpret(Lorg/jruby/Ruby;Lorg/jruby/runtime/ThreadContext;Lorg/jruby/runtime/builtin/IRubyObject;Lorg/jruby/runtime/Block;)Lorg/jruby/runtime/builtin/IRubyObject;+33
j  org.jruby.evaluator.ASTInterpreter.INTERPRET_METHOD(Lorg/jruby/Ruby;Lorg/jruby/runtime/ThreadContext;Ljava/lang/String;ILorg/jruby/RubyModule;Lorg/jruby/ast/Node;Ljava/lang/String;Lorg/jruby/runtime/builtin/IRubyObject;Lorg/jruby/runtime/Block;Z)Lorg/jruby/runtime/builtin/IRubyObject;+30
j  org.jruby.internal.runtime.methods.InterpretedMethod.call(Lorg/jruby/runtime/ThreadContext;Lorg/jruby/runtime/builtin/IRubyObject;Lorg/jruby/RubyModule;Ljava/lang/String;)Lorg/jruby/runtime/builtin/IRubyObject;+80
j  org.jruby.internal.runtime.methods.DefaultMethod.call(Lorg/jruby/runtime/ThreadContext;Lorg/jruby/runtime/builtin/IRubyObject;Lorg/jruby/RubyModule;Ljava/lang/String;)Lorg/jruby/runtime/builtin/IRubyObject;+20
j  org.jruby.runtime.callsite.CachingCallSite.cacheAndCall(Lorg/jruby/runtime/builtin/IRubyObject;Lorg/jruby/RubyClass;Lorg/jruby/runtime/ThreadContext;Lorg/jruby/runtime/builtin/IRubyObject;)Lorg/jruby/runtime/builtin/IRubyObject;+53
j  org.jruby.runtime.callsite.CachingCallSite.call(Lorg/jruby/runtime/ThreadContext;Lorg/jruby/runtime/builtin/IRubyObject;Lorg/jruby/runtime/builtin/IRubyObject;)Lorg/jruby/runtime/builtin/IRubyObject;+46
j  Makefile.method__2$RUBY$test(LMakefile;Lorg/jruby/runtime/ThreadContext;Lorg/jruby/runtime/builtin/IRubyObject;Lorg/jruby/runtime/Block;)Lorg/jruby/runtime/builtin/IRubyObject;+130
j  Makefile$method__2$RUBY$test.call(Lorg/jruby/runtime/ThreadContext;Lorg/jruby/runtime/builtin/IRubyObject;Lorg/jruby/RubyModule;Ljava/lang/String;Lorg/jruby/runtime/Block;)Lorg/jruby/runtime/builtin/IRubyObject;+17
j  org.jruby.RubyClass.finvoke(Lorg/jruby/runtime/ThreadContext;Lorg/jruby/runtime/builtin/IRubyObject;Ljava/lang/String;Lorg/jruby/runtime/Block;)Lorg/jruby/runtime/builtin/IRubyObject;+41
j  org.jruby.RubyBasicObject.send19(Lorg/jruby/runtime/ThreadContext;Lorg/jruby/runtime/builtin/IRubyObject;Lorg/jruby/runtime/Block;)Lorg/jruby/runtime/builtin/IRubyObject;+15
j  org.jruby.RubyKernel.send19(Lorg/jruby/runtime/ThreadContext;Lorg/jruby/runtime/builtin/IRubyObject;Lorg/jruby/runtime/builtin/IRubyObject;Lorg/jruby/runtime/Block;)Lorg/jruby/runtime/builtin/IRubyObject;+7
j  org.jruby.RubyKernel$INVOKER$s$send19.call(Lorg/jruby/runtime/ThreadContext;Lorg/jruby/runtime/builtin/IRubyObject;Lorg/jruby/RubyModule;Ljava/lang/String;Lorg/jruby/runtime/builtin/IRubyObject;Lorg/jruby/runtime/Block;)Lorg/jruby/runtime/builtin/IRubyObject;+6
j  org.jruby.internal.runtime.methods.JavaMethod$JavaMethodOneOrNBlock.call(Lorg/jruby/runtime/ThreadContext;Lorg/jruby/runtime/builtin/IRubyObject;Lorg/jruby/RubyModule;Ljava/lang/String;Lorg/jruby/runtime/builtin/IRubyObject;)Lorg/jruby/runtime/builtin/IRubyObject;+11
j  org.jruby.runtime.callsite.CachingCallSite.call(Lorg/jruby/runtime/ThreadContext;Lorg/jruby/runtime/builtin/IRubyObject;Lorg/jruby/runtime/builtin/IRubyObject;Lorg/jruby/runtime/builtin/IRubyObject;)Lorg/jruby/runtime/builtin/IRubyObject;+38
j  Makefile.block_6$RUBY$__file__(LMakefile;Lorg/jruby/runtime/ThreadContext;Lorg/jruby/runtime/builtin/IRubyObject;[Lorg/jruby/runtime/builtin/IRubyObject;Lorg/jruby/runtime/Block;)Lorg/jruby/runtime/builtin/IRubyObject;+46
j  Makefile$block_6$RUBY$__file__.call(Lorg/jruby/runtime/ThreadContext;Lorg/jruby/runtime/builtin/IRubyObject;[Lorg/jruby/runtime/builtin/IRubyObject;Lorg/jruby/runtime/Block;)Lorg/jruby/runtime/builtin/IRubyObject;+9
j  org.jruby.runtime.CompiledBlock19.yield(Lorg/jruby/runtime/ThreadContext;Lorg/jruby/runtime/builtin/IRubyObject;Lorg/jruby/runtime/Binding;Lorg/jruby/runtime/Block$Type;)Lorg/jruby/runtime/builtin/IRubyObject;+52
j  org.jruby.runtime.Block.yield(Lorg/jruby/runtime/ThreadContext;Lorg/jruby/runtime/builtin/IRubyObject;)Lorg/jruby/runtime/builtin/IRubyObject;+14
j  org.jruby.RubyArray.eachCommon(Lorg/jruby/runtime/ThreadContext;Lorg/jruby/runtime/Block;)Lorg/jruby/runtime/builtin/IRubyObject;+41
j  org.jruby.RubyArray.each(Lorg/jruby/runtime/ThreadContext;Lorg/jruby/runtime/Block;)Lorg/jruby/runtime/builtin/IRubyObject;+10
j  org.jruby.RubyArray$INVOKER$i$0$0$each.call(Lorg/jruby/runtime/ThreadContext;Lorg/jruby/runtime/builtin/IRubyObject;Lorg/jruby/RubyModule;Ljava/lang/String;Lorg/jruby/runtime/Block;)Lorg/jruby/runtime/builtin/IRubyObject;+7
j  org.jruby.runtime.callsite.CachingCallSite.cacheAndCall(Lorg/jruby/runtime/builtin/IRubyObject;Lorg/jruby/RubyClass;Lorg/jruby/runtime/Block;Lorg/jruby/runtime/ThreadContext;Lorg/jruby/runtime/builtin/IRubyObject;)Lorg/jruby/runtime/builtin/IRubyObject;+57
j  org.jruby.runtime.callsite.CachingCallSite.callBlock(Lorg/jruby/runtime/ThreadContext;Lorg/jruby/runtime/builtin/IRubyObject;Lorg/jruby/runtime/builtin/IRubyObject;Lorg/jruby/runtime/Block;)Lorg/jruby/runtime/builtin/IRubyObject;+50
j  org.jruby.runtime.callsite.CachingCallSite.callIter(Lorg/jruby/runtime/ThreadContext;Lorg/jruby/runtime/builtin/IRubyObject;Lorg/jruby/runtime/builtin/IRubyObject;Lorg/jruby/runtime/Block;)Lorg/jruby/runtime/builtin/IRubyObject;+6
j  Makefile.__file__(LMakefile;Lorg/jruby/runtime/ThreadContext;Lorg/jruby/runtime/builtin/IRubyObject;[Lorg/jruby/runtime/builtin/IRubyObject;Lorg/jruby/runtime/Block;)Lorg/jruby/runtime/builtin/IRubyObject;+859
j  Makefile.load(Lorg/jruby/runtime/ThreadContext;Lorg/jruby/runtime/builtin/IRubyObject;Z)Lorg/jruby/runtime/builtin/IRubyObject;+22
j  org.jruby.Ruby.runScript(Lorg/jruby/ast/executable/Script;Z)Lorg/jruby/runtime/builtin/IRubyObject;+12
j  org.jruby.Ruby.runScript(Lorg/jruby/ast/executable/Script;)Lorg/jruby/runtime/builtin/IRubyObject;+3
j  org.jruby.Ruby.runNormally(Lorg/jruby/ast/Node;)Lorg/jruby/runtime/builtin/IRubyObject;+73
j  org.jruby.Ruby.runFromMain(Ljava/io/InputStream;Ljava/lang/String;)V+320
j  org.jruby.Main.doRunFromMain(Lorg/jruby/Ruby;Ljava/io/InputStream;Ljava/lang/String;)Lorg/jruby/Main$Status;+12
j  org.jruby.Main.internalRun()Lorg/jruby/Main$Status;+234
j  org.jruby.Main.run([Ljava/lang/String;)Lorg/jruby/Main$Status;+9
j  org.jruby.Main.main([Ljava/lang/String;)V+35
v  ~StubRoutines::call_stub

---------------  P R O C E S S  ---------------

Java Threads: ( => current thread )
  0x00007fa00844a800 JavaThread "JRubyJIT-2" daemon [_thread_blocked, id=5396, stack(0x00007f9ff6aa6000,0x00007f9ff6ca7000)]
  0x00007fa008429000 JavaThread "process reaper" daemon [_thread_blocked, id=5329, stack(0x00007f9ff6ca7000,0x00007f9ff6ce0000)]
  0x00007fa0083d8000 JavaThread "JRubyJIT-1" daemon [_thread_blocked, id=5326, stack(0x00007f9ffc000000,0x00007f9ffc201000)]
  0x00007fa0080ad000 JavaThread "Service Thread" daemon [_thread_blocked, id=5324, stack(0x00007f9ffcacd000,0x00007f9ffccce000)]
  0x00007fa0080aa800 JavaThread "C2 CompilerThread1" daemon [_thread_in_native, id=5323, stack(0x00007f9ffccce000,0x00007f9ffcdcf000)]
  0x00007fa0080a7800 JavaThread "C2 CompilerThread0" daemon [_thread_in_native, id=5322, stack(0x00007f9ffcdcf000,0x00007f9ffced0000)]
  0x00007fa0080a5800 JavaThread "Signal Dispatcher" daemon [_thread_blocked, id=5321, stack(0x00007f9ffced0000,0x00007f9ffd0d1000)]
  0x00007fa008082800 JavaThread "Finalizer" daemon [_thread_blocked, id=5320, stack(0x00007f9ffd4cb000,0x00007f9ffd6cc000)]
  0x00007fa008080800 JavaThread "Reference Handler" daemon [_thread_blocked, id=5319, stack(0x00007f9ffd6cc000,0x00007f9ffd8cd000)]
=>0x00007fa00800a800 JavaThread "main" [_thread_in_native, id=5313, stack(0x00007fa00c9be000,0x00007fa00cbbf000)]

Other Threads:
  0x00007fa00807c800 VMThread [stack: 0x00007f9ffd8cd000,0x00007f9ffd9ce000] [id=5318]
  0x00007fa0080b7800 WatcherThread [stack: 0x00007f9ffc9cc000,0x00007f9ffcacd000] [id=5325]

VM state:not at safepoint (normal execution)

VM Mutex/Monitor currently owned by a thread: None

Heap
 PSYoungGen      total 33280K, used 16639K [0x00000000f5900000, 0x00000000f7c00000, 0x0000000100000000)
  eden space 30720K, 45% used [0x00000000f5900000,0x00000000f66c67c8,0x00000000f7700000)
  from space 2560K, 98% used [0x00000000f7980000,0x00000000f7bf9518,0x00000000f7c00000)
  to   space 2560K, 0% used [0x00000000f7700000,0x00000000f7700000,0x00000000f7980000)
 ParOldGen       total 39936K, used 5224K [0x00000000e0c00000, 0x00000000e3300000, 0x00000000f5900000)
  object space 39936K, 13% used [0x00000000e0c00000,0x00000000e111a350,0x00000000e3300000)
 PSPermGen       total 25600K, used 25436K [0x00000000d6600000, 0x00000000d7f00000, 0x00000000e0c00000)
  object space 25600K, 99% used [0x00000000d6600000,0x00000000d7ed7390,0x00000000d7f00000)

Card table byte_map: [0x00007fa00c020000,0x00007fa00c16e000] byte_map_base: 0x00007fa00b96d000

Polling page: 0x00007fa00efcc000

Code Cache  [0x00007fa0047c4000, 0x00007fa004a34000, 0x00007fa0077c4000)
 total_blobs=845 nmethods=366 adapters=433 free_code_cache=47607Kb largest_free_block=48712960

Compilation events (10 events):
Event: 3,045 Thread 0x00007fa0080a7800 nmethod 370 0x00007fa00493efd0 code [0x00007fa00493f100, 0x00007fa00493f178]
Event: 3,045 Thread 0x00007fa0080a7800  371             org.jruby.ext.ffi.MemoryIO::address (5 bytes)
Event: 3,045 Thread 0x00007fa0080a7800 nmethod 371 0x00007fa00493edd0 code [0x00007fa00493ef00, 0x00007fa00493ef58]
Event: 3,045 Thread 0x00007fa0080a7800  372             org.jruby.runtime.ThreadContext::popBacktrace (11 bytes)
Event: 3,045 Thread 0x00007fa0080a7800 nmethod 372 0x00007fa00494c4d0 code [0x00007fa00494c600, 0x00007fa00494c658]
Event: 3,045 Thread 0x00007fa0080aa800 nmethod 369 0x00007fa00493e9d0 code [0x00007fa00493eb20, 0x00007fa00493ec58]
Event: 3,045 Thread 0x00007fa0080a7800  373             org.jruby.runtime.ThreadContext::pushScope (34 bytes)
Event: 3,045 Thread 0x00007fa0080aa800  374             org.jruby.ext.ffi.jffi.DataConverters$MappedDataConverter::toNative (10 bytes)
Event: 3,047 Thread 0x00007fa0080a7800 nmethod 373 0x00007fa00493e650 code [0x00007fa00493e7a0, 0x00007fa00493e8c8]
Event: 3,047 Thread 0x00007fa0080a7800  375             org.jruby.ext.ffi.MappedType::toNative (22 bytes)

GC Heap History (4 events):
Event: 1,281 GC heap before
{Heap before GC invocations=1 (full 0):
 PSYoungGen      total 17920K, used 15360K [0x00000000f5900000, 0x00000000f6d00000, 0x0000000100000000)
  eden space 15360K, 100% used [0x00000000f5900000,0x00000000f6800000,0x00000000f6800000)
  from space 2560K, 0% used [0x00000000f6a80000,0x00000000f6a80000,0x00000000f6d00000)
  to   space 2560K, 0% used [0x00000000f6800000,0x00000000f6800000,0x00000000f6a80000)
 ParOldGen       total 39936K, used 0K [0x00000000e0c00000, 0x00000000e3300000, 0x00000000f5900000)
  object space 39936K, 0% used [0x00000000e0c00000,0x00000000e0c00000,0x00000000e3300000)
 PSPermGen       total 21504K, used 19066K [0x00000000d6600000, 0x00000000d7b00000, 0x00000000e0c00000)
  object space 21504K, 88% used [0x00000000d6600000,0x00000000d789eba0,0x00000000d7b00000)
Event: 1,297 GC heap after
Heap after GC invocations=1 (full 0):
 PSYoungGen      total 17920K, used 2549K [0x00000000f5900000, 0x00000000f7c00000, 0x0000000100000000)
  eden space 15360K, 0% used [0x00000000f5900000,0x00000000f5900000,0x00000000f6800000)
  from space 2560K, 99% used [0x00000000f6800000,0x00000000f6a7d4b8,0x00000000f6a80000)
  to   space 2560K, 0% used [0x00000000f7980000,0x00000000f7980000,0x00000000f7c00000)
 ParOldGen       total 39936K, used 3291K [0x00000000e0c00000, 0x00000000e3300000, 0x00000000f5900000)
  object space 39936K, 8% used [0x00000000e0c00000,0x00000000e0f36ff8,0x00000000e3300000)
 PSPermGen       total 21504K, used 19066K [0x00000000d6600000, 0x00000000d7b00000, 0x00000000e0c00000)
  object space 21504K, 88% used [0x00000000d6600000,0x00000000d789eba0,0x00000000d7b00000)
}
Event: 2,295 GC heap before
{Heap before GC invocations=2 (full 0):
 PSYoungGen      total 17920K, used 17909K [0x00000000f5900000, 0x00000000f7c00000, 0x0000000100000000)
  eden space 15360K, 100% used [0x00000000f5900000,0x00000000f6800000,0x00000000f6800000)
  from space 2560K, 99% used [0x00000000f6800000,0x00000000f6a7d4b8,0x00000000f6a80000)
  to   space 2560K, 0% used [0x00000000f7980000,0x00000000f7980000,0x00000000f7c00000)
 ParOldGen       total 39936K, used 3291K [0x00000000e0c00000, 0x00000000e3300000, 0x00000000f5900000)
  object space 39936K, 8% used [0x00000000e0c00000,0x00000000e0f36ff8,0x00000000e3300000)
 PSPermGen       total 23552K, used 23551K [0x00000000d6600000, 0x00000000d7d00000, 0x00000000e0c00000)
  object space 23552K, 99% used [0x00000000d6600000,0x00000000d7cffd98,0x00000000d7d00000)
Event: 2,311 GC heap after
Heap after GC invocations=2 (full 0):
 PSYoungGen      total 33280K, used 2533K [0x00000000f5900000, 0x00000000f7c00000, 0x0000000100000000)
  eden space 30720K, 0% used [0x00000000f5900000,0x00000000f5900000,0x00000000f7700000)
  from space 2560K, 98% used [0x00000000f7980000,0x00000000f7bf9518,0x00000000f7c00000)
  to   space 2560K, 0% used [0x00000000f7700000,0x00000000f7700000,0x00000000f7980000)
 ParOldGen       total 39936K, used 5224K [0x00000000e0c00000, 0x00000000e3300000, 0x00000000f5900000)
  object space 39936K, 13% used [0x00000000e0c00000,0x00000000e111a350,0x00000000e3300000)
 PSPermGen       total 23552K, used 23551K [0x00000000d6600000, 0x00000000d7d00000, 0x00000000e0c00000)
  object space 23552K, 99% used [0x00000000d6600000,0x00000000d7cffd98,0x00000000d7d00000)
}

Deoptimization events (10 events):
Event: 2,159 Thread 0x00007fa00842a800 Uncommon trap: reason=null_check action=make_not_entrant pc=0x00007fa0048ea6ac method=org.jruby.internal.runtime.ThreadService.getCurrentContext()Lorg/jruby/runtime/ThreadContext; @ 15
Event: 2,687 Thread 0x00007fa00800a800 Uncommon trap: reason=unreached action=reinterpret pc=0x00007fa0048585f4 method=java.util.concurrent.locks.AbstractQueuedSynchronizer.release(I)Z @ 14
Event: 2,688 Thread 0x00007fa0083d8000 Uncommon trap: reason=unreached action=reinterpret pc=0x00007fa0048f5d8c method=java.util.concurrent.locks.AbstractQueuedSynchronizer.release(I)Z @ 14
Event: 2,710 Thread 0x00007fa00800a800 Uncommon trap: reason=unreached action=reinterpret pc=0x00007fa0048d1de8 method=org.jruby.parser.ParserSupport.checkExpression(Lorg/jruby/ast/Node;)Z @ 3
Event: 2,888 Thread 0x00007fa00800a800 Uncommon trap: reason=class_check action=maybe_recompile pc=0x00007fa00493a284 method=org.joni.Matcher.searchInterruptible(III)I @ 810
Event: 2,894 Thread 0x00007fa00800a800 Uncommon trap: reason=class_check action=maybe_recompile pc=0x00007fa00493a284 method=org.joni.Matcher.searchInterruptible(III)I @ 810
Event: 2,999 Thread 0x00007fa00800a800 Uncommon trap: reason=bimorphic action=maybe_recompile pc=0x00007fa004901108 method=org.jruby.runtime.scope.OneVarDynamicScope.getValue(II)Lorg/jruby/runtime/builtin/IRubyObject; @ 12
Event: 2,999 Thread 0x00007fa00800a800 Uncommon trap: reason=bimorphic action=maybe_recompile pc=0x00007fa004901108 method=org.jruby.runtime.scope.OneVarDynamicScope.getValue(II)Lorg/jruby/runtime/builtin/IRubyObject; @ 12
Event: 2,999 Thread 0x00007fa00800a800 Uncommon trap: reason=bimorphic action=maybe_recompile pc=0x00007fa004901108 method=org.jruby.runtime.scope.OneVarDynamicScope.getValue(II)Lorg/jruby/runtime/builtin/IRubyObject; @ 12
Event: 2,999 Thread 0x00007fa00800a800 Uncommon trap: reason=bimorphic action=maybe_recompile pc=0x00007fa004901108 method=org.jruby.runtime.scope.OneVarDynamicScope.getValue(II)Lorg/jruby/runtime/builtin/IRubyObject; @ 12

Internal exceptions (10 events):
Event: 2,689 Thread 0x00007fa0083d8000 Threw 0x00000000f632a8a8 at /build/buildd/openjdk-7-7u51-2.4.4/build/openjdk/hotspot/src/share/vm/prims/jvm.cpp:1244
Event: 2,689 Thread 0x00007fa0083d8000 Threw 0x00000000f632b948 at /build/buildd/openjdk-7-7u51-2.4.4/build/openjdk/hotspot/src/share/vm/prims/jvm.cpp:1244
Event: 2,835 Thread 0x00007fa00844a800 Threw 0x00000000f6303538 at /build/buildd/openjdk-7-7u51-2.4.4/build/openjdk/hotspot/src/share/vm/prims/jvm.cpp:1244
Event: 2,835 Thread 0x00007fa00844a800 Threw 0x00000000f6304610 at /build/buildd/openjdk-7-7u51-2.4.4/build/openjdk/hotspot/src/share/vm/prims/jvm.cpp:1244
Event: 2,887 Thread 0x00007fa00844a800 Threw 0x00000000f65151f8 at /build/buildd/openjdk-7-7u51-2.4.4/build/openjdk/hotspot/src/share/vm/prims/jvm.cpp:1244
Event: 2,887 Thread 0x00007fa0083d8000 Threw 0x00000000f636b010 at /build/buildd/openjdk-7-7u51-2.4.4/build/openjdk/hotspot/src/share/vm/prims/jvm.cpp:1244
Event: 2,887 Thread 0x00007fa0083d8000 Threw 0x00000000f636c150 at /build/buildd/openjdk-7-7u51-2.4.4/build/openjdk/hotspot/src/share/vm/prims/jvm.cpp:1244
Event: 2,887 Thread 0x00007fa00844a800 Threw 0x00000000f6516338 at /build/buildd/openjdk-7-7u51-2.4.4/build/openjdk/hotspot/src/share/vm/prims/jvm.cpp:1244
Event: 2,890 Thread 0x00007fa0083d8000 Threw 0x00000000f6585018 at /build/buildd/openjdk-7-7u51-2.4.4/build/openjdk/hotspot/src/share/vm/prims/jvm.cpp:1244
Event: 2,890 Thread 0x00007fa0083d8000 Threw 0x00000000f65861e8 at /build/buildd/openjdk-7-7u51-2.4.4/build/openjdk/hotspot/src/share/vm/prims/jvm.cpp:1244

Events (10 events):
Event: 2,999 Thread 0x00007fa00800a800 DEOPT UNPACKING pc=0x00007fa0047fd045 sp=0x00007fa00cbbb6f0 mode 2
Event: 2,999 Thread 0x00007fa00800a800 Uncommon trap: trap_request=0xffffffc6 fr.pc=0x00007fa004901108
Event: 2,999 Thread 0x00007fa00800a800 DEOPT PACKING pc=0x00007fa004901108 sp=0x00007fa00cbbb750
Event: 2,999 Thread 0x00007fa00800a800 DEOPT UNPACKING pc=0x00007fa0047fd045 sp=0x00007fa00cbbb6f0 mode 2
Event: 2,999 Thread 0x00007fa00800a800 Uncommon trap: trap_request=0xffffffc6 fr.pc=0x00007fa004901108
Event: 2,999 Thread 0x00007fa00800a800 DEOPT PACKING pc=0x00007fa004901108 sp=0x00007fa00cbbb750
Event: 2,999 Thread 0x00007fa00800a800 DEOPT UNPACKING pc=0x00007fa0047fd045 sp=0x00007fa00cbbb6f0 mode 2
Event: 2,999 Thread 0x00007fa00800a800 Uncommon trap: trap_request=0xffffffc6 fr.pc=0x00007fa004901108
Event: 2,999 Thread 0x00007fa00800a800 DEOPT PACKING pc=0x00007fa004901108 sp=0x00007fa00cbbb750
Event: 2,999 Thread 0x00007fa00800a800 DEOPT UNPACKING pc=0x00007fa0047fd045 sp=0x00007fa00cbbb6f0 mode 2


Dynamic libraries:
00400000-00401000 r-xp 00000000 08:05 12322450                           /usr/lib/jvm/java-7-openjdk-amd64/jre/bin/java
00600000-00601000 r--p 00000000 08:05 12322450                           /usr/lib/jvm/java-7-openjdk-amd64/jre/bin/java
00601000-00602000 rw-p 00001000 08:05 12322450                           /usr/lib/jvm/java-7-openjdk-amd64/jre/bin/java
00ec4000-00ee5000 rw-p 00000000 00:00 0                                  [heap]
d6600000-d7f00000 rw-p 00000000 00:00 0 
d7f00000-e0c00000 rw-p 00000000 00:00 0 
e0c00000-e3300000 rw-p 00000000 00:00 0 
e3300000-f5900000 rw-p 00000000 00:00 0 
f5900000-f7c00000 rw-p 00000000 00:00 0 
f7c00000-100000000 rw-p 00000000 00:00 0 
7f9fb0000000-7f9fb0021000 rw-p 00000000 00:00 0 
7f9fb0021000-7f9fb4000000 ---p 00000000 00:00 0 
7f9fb8000000-7f9fb8021000 rw-p 00000000 00:00 0 
7f9fb8021000-7f9fbc000000 ---p 00000000 00:00 0 
7f9fbc000000-7f9fbc021000 rw-p 00000000 00:00 0 
7f9fbc021000-7f9fc0000000 ---p 00000000 00:00 0 
7f9fc0000000-7f9fc0027000 rw-p 00000000 00:00 0 
7f9fc0027000-7f9fc4000000 ---p 00000000 00:00 0 
7f9fc4000000-7f9fc4021000 rw-p 00000000 00:00 0 
7f9fc4021000-7f9fc8000000 ---p 00000000 00:00 0 
7f9fc8000000-7f9fc8021000 rw-p 00000000 00:00 0 
7f9fc8021000-7f9fcc000000 ---p 00000000 00:00 0 
7f9fcc000000-7f9fcc021000 rw-p 00000000 00:00 0 
7f9fcc021000-7f9fd0000000 ---p 00000000 00:00 0 
7f9fd0000000-7f9fd0b69000 rw-p 00000000 00:00 0 
7f9fd0b69000-7f9fd4000000 ---p 00000000 00:00 0 
7f9fd4000000-7f9fd4c28000 rw-p 00000000 00:00 0 
7f9fd4c28000-7f9fd8000000 ---p 00000000 00:00 0 
7f9fd8000000-7f9fd8021000 rw-p 00000000 00:00 0 
7f9fd8021000-7f9fdc000000 ---p 00000000 00:00 0 
7f9fdc000000-7f9fdc021000 rw-p 00000000 00:00 0 
7f9fdc021000-7f9fe0000000 ---p 00000000 00:00 0 
7f9fe0000000-7f9fe0021000 rw-p 00000000 00:00 0 
7f9fe0021000-7f9fe4000000 ---p 00000000 00:00 0 
7f9fe4000000-7f9fe4021000 rw-p 00000000 00:00 0 
7f9fe4021000-7f9fe8000000 ---p 00000000 00:00 0 
7f9fe8000000-7f9fe8021000 rw-p 00000000 00:00 0 
7f9fe8021000-7f9fec000000 ---p 00000000 00:00 0 
7f9ff0000000-7f9ff0021000 rw-p 00000000 00:00 0 
7f9ff0021000-7f9ff4000000 ---p 00000000 00:00 0 
7f9ff609c000-7f9ff609e000 r-xp 00000000 08:05 16778162                   /home/luis/practica01/src/lib/libconvex_hull.so
7f9ff609e000-7f9ff629d000 ---p 00002000 08:05 16778162                   /home/luis/practica01/src/lib/libconvex_hull.so
7f9ff629d000-7f9ff629e000 r--p 00001000 08:05 16778162                   /home/luis/practica01/src/lib/libconvex_hull.so
7f9ff629e000-7f9ff629f000 rw-p 00002000 08:05 16778162                   /home/luis/practica01/src/lib/libconvex_hull.so
7f9ff629f000-7f9ff62a1000 r-xp 00000000 08:05 16777925                   /home/luis/practica01/src/lib/libdouble_linked_list.so
7f9ff62a1000-7f9ff64a0000 ---p 00002000 08:05 16777925                   /home/luis/practica01/src/lib/libdouble_linked_list.so
7f9ff64a0000-7f9ff64a1000 r--p 00001000 08:05 16777925                   /home/luis/practica01/src/lib/libdouble_linked_list.so
7f9ff64a1000-7f9ff64a2000 rw-p 00002000 08:05 16777925                   /home/luis/practica01/src/lib/libdouble_linked_list.so
7f9ff64a2000-7f9ff64a3000 r-xp 00000000 08:05 16777919                   /home/luis/practica01/src/lib/lib2d_points.so
7f9ff64a3000-7f9ff66a2000 ---p 00001000 08:05 16777919                   /home/luis/practica01/src/lib/lib2d_points.so
7f9ff66a2000-7f9ff66a3000 r--p 00000000 08:05 16777919                   /home/luis/practica01/src/lib/lib2d_points.so
7f9ff66a3000-7f9ff66a4000 rw-p 00001000 08:05 16777919                   /home/luis/practica01/src/lib/lib2d_points.so
7f9ff66a4000-7f9ff66a7000 ---p 00000000 00:00 0 
7f9ff66a7000-7f9ff68a5000 rw-p 00000000 00:00 0 
7f9ff68a5000-7f9ff68a8000 ---p 00000000 00:00 0 
7f9ff68a8000-7f9ff6aa6000 rw-p 00000000 00:00 0 
7f9ff6aa6000-7f9ff6aa9000 ---p 00000000 00:00 0 
7f9ff6aa9000-7f9ff6ca7000 rw-p 00000000 00:00 0                          [stack:5396]
7f9ff6ca7000-7f9ff6caa000 ---p 00000000 00:00 0 
7f9ff6caa000-7f9ff6ce0000 rw-p 00000000 00:00 0                          [stack:5329]
7f9ff6e54000-7f9ff6e66000 r-xp 00000000 08:05 16253453                   /home/luis/.rbenv/versions/jruby-1.7.10/lib/jni/x86_64-Linux/libjffi-1.2.so
7f9ff6e66000-7f9ff7065000 ---p 00012000 08:05 16253453                   /home/luis/.rbenv/versions/jruby-1.7.10/lib/jni/x86_64-Linux/libjffi-1.2.so
7f9ff7065000-7f9ff7066000 rw-p 00011000 08:05 16253453                   /home/luis/.rbenv/versions/jruby-1.7.10/lib/jni/x86_64-Linux/libjffi-1.2.so
7f9ff7066000-7f9ff7076000 r-xp 00000000 08:05 12322344                   /usr/lib/jvm/java-7-openjdk-amd64/jre/lib/amd64/libnio.so
7f9ff7076000-7f9ff7276000 ---p 00010000 08:05 12322344                   /usr/lib/jvm/java-7-openjdk-amd64/jre/lib/amd64/libnio.so
7f9ff7276000-7f9ff7277000 r--p 00010000 08:05 12322344                   /usr/lib/jvm/java-7-openjdk-amd64/jre/lib/amd64/libnio.so
7f9ff7277000-7f9ff7278000 rw-p 00011000 08:05 12322344                   /usr/lib/jvm/java-7-openjdk-amd64/jre/lib/amd64/libnio.so
7f9ff7278000-7f9ff72b5000 r-xp 00000000 08:05 9834371                    /lib/x86_64-linux-gnu/libpcre.so.3.13.1
7f9ff72b5000-7f9ff74b5000 ---p 0003d000 08:05 9834371                    /lib/x86_64-linux-gnu/libpcre.so.3.13.1
7f9ff74b5000-7f9ff74b6000 r--p 0003d000 08:05 9834371                    /lib/x86_64-linux-gnu/libpcre.so.3.13.1
7f9ff74b6000-7f9ff74b7000 rw-p 0003e000 08:05 9834371                    /lib/x86_64-linux-gnu/libpcre.so.3.13.1
7f9ff74b7000-7f9ff74be000 r-xp 00000000 08:05 12196946                   /usr/lib/x86_64-linux-gnu/libffi.so.6.0.1
7f9ff74be000-7f9ff76bd000 ---p 00007000 08:05 12196946                   /usr/lib/x86_64-linux-gnu/libffi.so.6.0.1
7f9ff76bd000-7f9ff76be000 r--p 00006000 08:05 12196946                   /usr/lib/x86_64-linux-gnu/libffi.so.6.0.1
7f9ff76be000-7f9ff76bf000 rw-p 00007000 08:05 12196946                   /usr/lib/x86_64-linux-gnu/libffi.so.6.0.1
7f9ff76bf000-7f9ff76d5000 r-xp 00000000 08:05 9834394                    /lib/x86_64-linux-gnu/libresolv-2.17.so
7f9ff76d5000-7f9ff78d5000 ---p 00016000 08:05 9834394                    /lib/x86_64-linux-gnu/libresolv-2.17.so
7f9ff78d5000-7f9ff78d6000 r--p 00016000 08:05 9834394                    /lib/x86_64-linux-gnu/libresolv-2.17.so
7f9ff78d6000-7f9ff78d7000 rw-p 00017000 08:05 9834394                    /lib/x86_64-linux-gnu/libresolv-2.17.so
7f9ff78d7000-7f9ff78d9000 rw-p 00000000 00:00 0 
7f9ff78d9000-7f9ff78f8000 r-xp 00000000 08:05 9834398                    /lib/x86_64-linux-gnu/libselinux.so.1
7f9ff78f8000-7f9ff7af8000 ---p 0001f000 08:05 9834398                    /lib/x86_64-linux-gnu/libselinux.so.1
7f9ff7af8000-7f9ff7af9000 r--p 0001f000 08:05 9834398                    /lib/x86_64-linux-gnu/libselinux.so.1
7f9ff7af9000-7f9ff7afa000 rw-p 00020000 08:05 9834398                    /lib/x86_64-linux-gnu/libselinux.so.1
7f9ff7afa000-7f9ff7afb000 rw-p 00000000 00:00 0 
7f9ff7afb000-7f9ff7afe000 r-xp 00000000 08:05 12190134                   /usr/lib/x86_64-linux-gnu/libgmodule-2.0.so.0.3800.1
7f9ff7afe000-7f9ff7cfd000 ---p 00003000 08:05 12190134                   /usr/lib/x86_64-linux-gnu/libgmodule-2.0.so.0.3800.1
7f9ff7cfd000-7f9ff7cfe000 r--p 00002000 08:05 12190134                   /usr/lib/x86_64-linux-gnu/libgmodule-2.0.so.0.3800.1
7f9ff7cfe000-7f9ff7cff000 rw-p 00003000 08:05 12190134                   /usr/lib/x86_64-linux-gnu/libgmodule-2.0.so.0.3800.1
7f9ff7cff000-7f9ff7dfd000 r-xp 00000000 08:05 9834386                    /lib/x86_64-linux-gnu/libglib-2.0.so.0.3800.1
7f9ff7dfd000-7f9ff7ffd000 ---p 000fe000 08:05 9834386                    /lib/x86_64-linux-gnu/libglib-2.0.so.0.3800.1
7f9ff7ffd000-7f9ff7ffe000 r--p 000fe000 08:05 9834386                    /lib/x86_64-linux-gnu/libglib-2.0.so.0.3800.1
7f9ff7ffe000-7f9ff7fff000 rw-p 000ff000 08:05 9834386                    /lib/x86_64-linux-gnu/libglib-2.0.so.0.3800.1
7f9ff7fff000-7f9ff8000000 rw-p 00000000 00:00 0 
7f9ff8000000-7f9ff8021000 rw-p 00000000 00:00 0 
7f9ff8021000-7f9ffc000000 ---p 00000000 00:00 0 
7f9ffc000000-7f9ffc003000 ---p 00000000 00:00 0 
7f9ffc003000-7f9ffc201000 rw-p 00000000 00:00 0                          [stack:5326]
7f9ffc201000-7f9ffc250000 r-xp 00000000 08:05 12190125                   /usr/lib/x86_64-linux-gnu/libgobject-2.0.so.0.3800.1
7f9ffc250000-7f9ffc450000 ---p 0004f000 08:05 12190125                   /usr/lib/x86_64-linux-gnu/libgobject-2.0.so.0.3800.1
7f9ffc450000-7f9ffc451000 r--p 0004f000 08:05 12190125                   /usr/lib/x86_64-linux-gnu/libgobject-2.0.so.0.3800.1
7f9ffc451000-7f9ffc452000 rw-p 00050000 08:05 12190125                   /usr/lib/x86_64-linux-gnu/libgobject-2.0.so.0.3800.1
7f9ffc452000-7f9ffc5ae000 r-xp 00000000 08:05 12190099                   /usr/lib/x86_64-linux-gnu/libgio-2.0.so.0.3800.1
7f9ffc5ae000-7f9ffc7ad000 ---p 0015c000 08:05 12190099                   /usr/lib/x86_64-linux-gnu/libgio-2.0.so.0.3800.1
7f9ffc7ad000-7f9ffc7b1000 r--p 0015b000 08:05 12190099                   /usr/lib/x86_64-linux-gnu/libgio-2.0.so.0.3800.1
7f9ffc7b1000-7f9ffc7b3000 rw-p 0015f000 08:05 12190099                   /usr/lib/x86_64-linux-gnu/libgio-2.0.so.0.3800.1
7f9ffc7b3000-7f9ffc7b5000 rw-p 00000000 00:00 0 
7f9ffc7b5000-7f9ffc7cb000 r-xp 00000000 08:05 12322132                   /usr/lib/jvm/java-7-openjdk-amd64/jre/lib/amd64/libnet.so
7f9ffc7cb000-7f9ffc9ca000 ---p 00016000 08:05 12322132                   /usr/lib/jvm/java-7-openjdk-amd64/jre/lib/amd64/libnet.so
7f9ffc9ca000-7f9ffc9cb000 r--p 00015000 08:05 12322132                   /usr/lib/jvm/java-7-openjdk-amd64/jre/lib/amd64/libnet.so
7f9ffc9cb000-7f9ffc9cc000 rw-p 00016000 08:05 12322132                   /usr/lib/jvm/java-7-openjdk-amd64/jre/lib/amd64/libnet.so
7f9ffc9cc000-7f9ffc9cd000 ---p 00000000 00:00 0 
7f9ffc9cd000-7f9ffcacd000 rw-p 00000000 00:00 0                          [stack:5325]
7f9ffcacd000-7f9ffcad0000 ---p 00000000 00:00 0 
7f9ffcad0000-7f9ffccce000 rw-p 00000000 00:00 0                          [stack:5324]
7f9ffccce000-7f9ffccd1000 ---p 00000000 00:00 0 
7f9ffccd1000-7f9ffcdcf000 rw-p 00000000 00:00 0                          [stack:5323]
7f9ffcdcf000-7f9ffcdd2000 ---p 00000000 00:00 0 
7f9ffcdd2000-7f9ffced0000 rw-p 00000000 00:00 0                          [stack:5322]
7f9ffced0000-7f9ffced3000 ---p 00000000 00:00 0 
7f9ffced3000-7f9ffd0d1000 rw-p 00000000 00:00 0                          [stack:5321]
7f9ffd0d1000-7f9ffd4cb000 r--p 00000000 08:05 12195384                   /usr/lib/locale/locale-archive
7f9ffd4cb000-7f9ffd4ce000 ---p 00000000 00:00 0 
7f9ffd4ce000-7f9ffd6cc000 rw-p 00000000 00:00 0                          [stack:5320]
7f9ffd6cc000-7f9ffd6cf000 ---p 00000000 00:00 0 
7f9ffd6cf000-7f9ffd8cd000 rw-p 00000000 00:00 0                          [stack:5319]
7f9ffd8cd000-7f9ffd8ce000 ---p 00000000 00:00 0 
7f9ffd8ce000-7f9ffe982000 rw-p 00000000 00:00 0                          [stack:5318]
7f9ffe982000-7f9ffeb30000 r--s 01cf4000 08:05 12322430                   /usr/lib/jvm/java-7-openjdk-amd64/jre/lib/rt.jar
7f9ffeb30000-7fa000000000 rw-p 00000000 00:00 0 
7fa000000000-7fa000021000 rw-p 00000000 00:00 0 
7fa000021000-7fa004000000 ---p 00000000 00:00 0 
7fa004020000-7fa004049000 rw-p 00000000 00:00 0 
7fa004049000-7fa004132000 r--s 00bb9000 08:05 16253440                   /home/luis/.rbenv/versions/jruby-1.7.10/lib/jruby.jar
7fa004132000-7fa0043c0000 rw-p 00000000 00:00 0 
7fa0043c0000-7fa0043c1000 ---p 00000000 00:00 0 
7fa0043c1000-7fa0044c1000 rw-p 00000000 00:00 0                          [stack:5317]
7fa0044c1000-7fa0044c2000 ---p 00000000 00:00 0 
7fa0044c2000-7fa0045c2000 rw-p 00000000 00:00 0                          [stack:5316]
7fa0045c2000-7fa0045c3000 ---p 00000000 00:00 0 
7fa0045c3000-7fa0046c3000 rw-p 00000000 00:00 0                          [stack:5315]
7fa0046c3000-7fa0046c4000 ---p 00000000 00:00 0 
7fa0046c4000-7fa0047c4000 rw-p 00000000 00:00 0                          [stack:5314]
7fa0047c4000-7fa004a34000 rwxp 00000000 00:00 0 
7fa004a34000-7fa0077c4000 rw-p 00000000 00:00 0 
7fa0077c4000-7fa0077cc000 r-xp 00000000 08:05 12322081                   /usr/lib/jvm/java-7-openjdk-amd64/jre/lib/amd64/libzip.so
7fa0077cc000-7fa0079cb000 ---p 00008000 08:05 12322081                   /usr/lib/jvm/java-7-openjdk-amd64/jre/lib/amd64/libzip.so
7fa0079cb000-7fa0079cc000 r--p 00007000 08:05 12322081                   /usr/lib/jvm/java-7-openjdk-amd64/jre/lib/amd64/libzip.so
7fa0079cc000-7fa0079cd000 rw-p 00008000 08:05 12322081                   /usr/lib/jvm/java-7-openjdk-amd64/jre/lib/amd64/libzip.so
7fa0079cd000-7fa0079d9000 r-xp 00000000 08:05 9834349                    /lib/x86_64-linux-gnu/libnss_files-2.17.so
7fa0079d9000-7fa007bd8000 ---p 0000c000 08:05 9834349                    /lib/x86_64-linux-gnu/libnss_files-2.17.so
7fa007bd8000-7fa007bd9000 r--p 0000b000 08:05 9834349                    /lib/x86_64-linux-gnu/libnss_files-2.17.so
7fa007bd9000-7fa007bda000 rw-p 0000c000 08:05 9834349                    /lib/x86_64-linux-gnu/libnss_files-2.17.so
7fa007bda000-7fa007be5000 r-xp 00000000 08:05 9834353                    /lib/x86_64-linux-gnu/libnss_nis-2.17.so
7fa007be5000-7fa007de4000 ---p 0000b000 08:05 9834353                    /lib/x86_64-linux-gnu/libnss_nis-2.17.so
7fa007de4000-7fa007de5000 r--p 0000a000 08:05 9834353                    /lib/x86_64-linux-gnu/libnss_nis-2.17.so
7fa007de5000-7fa007de6000 rw-p 0000b000 08:05 9834353                    /lib/x86_64-linux-gnu/libnss_nis-2.17.so
7fa007de6000-7fa007dfd000 r-xp 00000000 08:05 9834343                    /lib/x86_64-linux-gnu/libnsl-2.17.so
7fa007dfd000-7fa007ffc000 ---p 00017000 08:05 9834343                    /lib/x86_64-linux-gnu/libnsl-2.17.so
7fa007ffc000-7fa007ffd000 r--p 00016000 08:05 9834343                    /lib/x86_64-linux-gnu/libnsl-2.17.so
7fa007ffd000-7fa007ffe000 rw-p 00017000 08:05 9834343                    /lib/x86_64-linux-gnu/libnsl-2.17.so
7fa007ffe000-7fa008000000 rw-p 00000000 00:00 0 
7fa008000000-7fa008462000 rw-p 00000000 00:00 0 
7fa008462000-7fa00c000000 ---p 00000000 00:00 0 
7fa00c020000-7fa00c02d000 rw-p 00000000 00:00 0 
7fa00c02d000-7fa00c073000 rw-p 00000000 00:00 0 
7fa00c073000-7fa00c087000 rw-p 00000000 00:00 0 
7fa00c087000-7fa00c119000 rw-p 00000000 00:00 0 
7fa00c119000-7fa00c12b000 rw-p 00000000 00:00 0 
7fa00c12b000-7fa00c16d000 rw-p 00000000 00:00 0 
7fa00c16d000-7fa00c16e000 rw-p 00000000 00:00 0 
7fa00c16e000-7fa00c176000 r-xp 00000000 08:05 9834345                    /lib/x86_64-linux-gnu/libnss_compat-2.17.so
7fa00c176000-7fa00c375000 ---p 00008000 08:05 9834345                    /lib/x86_64-linux-gnu/libnss_compat-2.17.so
7fa00c375000-7fa00c376000 r--p 00007000 08:05 9834345                    /lib/x86_64-linux-gnu/libnss_compat-2.17.so
7fa00c376000-7fa00c377000 rw-p 00008000 08:05 9834345                    /lib/x86_64-linux-gnu/libnss_compat-2.17.so
7fa00c377000-7fa00c3a2000 r-xp 00000000 08:05 12322007                   /usr/lib/jvm/java-7-openjdk-amd64/jre/lib/amd64/libjava.so
7fa00c3a2000-7fa00c5a1000 ---p 0002b000 08:05 12322007                   /usr/lib/jvm/java-7-openjdk-amd64/jre/lib/amd64/libjava.so
7fa00c5a1000-7fa00c5a2000 r--p 0002a000 08:05 12322007                   /usr/lib/jvm/java-7-openjdk-amd64/jre/lib/amd64/libjava.so
7fa00c5a2000-7fa00c5a4000 rw-p 0002b000 08:05 12322007                   /usr/lib/jvm/java-7-openjdk-amd64/jre/lib/amd64/libjava.so
7fa00c5a4000-7fa00c5b4000 r-xp 00000000 08:05 12322321                   /usr/lib/jvm/java-7-openjdk-amd64/jre/lib/amd64/libverify.so
7fa00c5b4000-7fa00c7b3000 ---p 00010000 08:05 12322321                   /usr/lib/jvm/java-7-openjdk-amd64/jre/lib/amd64/libverify.so
7fa00c7b3000-7fa00c7b5000 r--p 0000f000 08:05 12322321                   /usr/lib/jvm/java-7-openjdk-amd64/jre/lib/amd64/libverify.so
7fa00c7b5000-7fa00c7b6000 rw-p 00011000 08:05 12322321                   /usr/lib/jvm/java-7-openjdk-amd64/jre/lib/amd64/libverify.so
7fa00c7b6000-7fa00c7bd000 r-xp 00000000 08:05 9834396                    /lib/x86_64-linux-gnu/librt-2.17.so
7fa00c7bd000-7fa00c9bc000 ---p 00007000 08:05 9834396                    /lib/x86_64-linux-gnu/librt-2.17.so
7fa00c9bc000-7fa00c9bd000 r--p 00006000 08:05 9834396                    /lib/x86_64-linux-gnu/librt-2.17.so
7fa00c9bd000-7fa00c9be000 rw-p 00007000 08:05 9834396                    /lib/x86_64-linux-gnu/librt-2.17.so
7fa00c9be000-7fa00c9c1000 ---p 00000000 00:00 0 
7fa00c9c1000-7fa00cbbf000 rw-p 00000000 00:00 0                          [stack:5313]
7fa00cbbf000-7fa00cbd4000 r-xp 00000000 08:05 9830413                    /lib/x86_64-linux-gnu/libgcc_s.so.1
7fa00cbd4000-7fa00cdd3000 ---p 00015000 08:05 9830413                    /lib/x86_64-linux-gnu/libgcc_s.so.1
7fa00cdd3000-7fa00cdd4000 r--p 00014000 08:05 9830413                    /lib/x86_64-linux-gnu/libgcc_s.so.1
7fa00cdd4000-7fa00cdd5000 rw-p 00015000 08:05 9830413                    /lib/x86_64-linux-gnu/libgcc_s.so.1
7fa00cdd5000-7fa00ced8000 r-xp 00000000 08:05 9834324                    /lib/x86_64-linux-gnu/libm-2.17.so
7fa00ced8000-7fa00d0d7000 ---p 00103000 08:05 9834324                    /lib/x86_64-linux-gnu/libm-2.17.so
7fa00d0d7000-7fa00d0d8000 r--p 00102000 08:05 9834324                    /lib/x86_64-linux-gnu/libm-2.17.so
7fa00d0d8000-7fa00d0d9000 rw-p 00103000 08:05 9834324                    /lib/x86_64-linux-gnu/libm-2.17.so
7fa00d0d9000-7fa00d1bf000 r-xp 00000000 08:05 12190887                   /usr/lib/x86_64-linux-gnu/libstdc++.so.6.0.18
7fa00d1bf000-7fa00d3be000 ---p 000e6000 08:05 12190887                   /usr/lib/x86_64-linux-gnu/libstdc++.so.6.0.18
7fa00d3be000-7fa00d3c6000 r--p 000e5000 08:05 12190887                   /usr/lib/x86_64-linux-gnu/libstdc++.so.6.0.18
7fa00d3c6000-7fa00d3c8000 rw-p 000ed000 08:05 12190887                   /usr/lib/x86_64-linux-gnu/libstdc++.so.6.0.18
7fa00d3c8000-7fa00d3dd000 rw-p 00000000 00:00 0 
7fa00d3dd000-7fa00debc000 r-xp 00000000 08:05 12322340                   /usr/lib/jvm/java-7-openjdk-amd64/jre/lib/amd64/server/libjvm.so
7fa00debc000-7fa00e0bb000 ---p 00adf000 08:05 12322340                   /usr/lib/jvm/java-7-openjdk-amd64/jre/lib/amd64/server/libjvm.so
7fa00e0bb000-7fa00e14d000 r--p 00ade000 08:05 12322340                   /usr/lib/jvm/java-7-openjdk-amd64/jre/lib/amd64/server/libjvm.so
7fa00e14d000-7fa00e170000 rw-p 00b70000 08:05 12322340                   /usr/lib/jvm/java-7-openjdk-amd64/jre/lib/amd64/server/libjvm.so
7fa00e170000-7fa00e19d000 rw-p 00000000 00:00 0 
7fa00e19d000-7fa00e1b5000 r-xp 00000000 08:05 9834431                    /lib/x86_64-linux-gnu/libz.so.1.2.8
7fa00e1b5000-7fa00e3b4000 ---p 00018000 08:05 9834431                    /lib/x86_64-linux-gnu/libz.so.1.2.8
7fa00e3b4000-7fa00e3b5000 r--p 00017000 08:05 9834431                    /lib/x86_64-linux-gnu/libz.so.1.2.8
7fa00e3b5000-7fa00e3b6000 rw-p 00018000 08:05 9834431                    /lib/x86_64-linux-gnu/libz.so.1.2.8
7fa00e3b6000-7fa00e3cd000 r-xp 00000000 08:05 9834388                    /lib/x86_64-linux-gnu/libpthread-2.17.so
7fa00e3cd000-7fa00e5cd000 ---p 00017000 08:05 9834388                    /lib/x86_64-linux-gnu/libpthread-2.17.so
7fa00e5cd000-7fa00e5ce000 r--p 00017000 08:05 9834388                    /lib/x86_64-linux-gnu/libpthread-2.17.so
7fa00e5ce000-7fa00e5cf000 rw-p 00018000 08:05 9834388                    /lib/x86_64-linux-gnu/libpthread-2.17.so
7fa00e5cf000-7fa00e5d3000 rw-p 00000000 00:00 0 
7fa00e5d3000-7fa00e5d6000 r-xp 00000000 08:05 9834288                    /lib/x86_64-linux-gnu/libdl-2.17.so
7fa00e5d6000-7fa00e7d5000 ---p 00003000 08:05 9834288                    /lib/x86_64-linux-gnu/libdl-2.17.so
7fa00e7d5000-7fa00e7d6000 r--p 00002000 08:05 9834288                    /lib/x86_64-linux-gnu/libdl-2.17.so
7fa00e7d6000-7fa00e7d7000 rw-p 00003000 08:05 9834288                    /lib/x86_64-linux-gnu/libdl-2.17.so
7fa00e7d7000-7fa00e994000 r-xp 00000000 08:05 9834273                    /lib/x86_64-linux-gnu/libc-2.17.so
7fa00e994000-7fa00eb94000 ---p 001bd000 08:05 9834273                    /lib/x86_64-linux-gnu/libc-2.17.so
7fa00eb94000-7fa00eb98000 r--p 001bd000 08:05 9834273                    /lib/x86_64-linux-gnu/libc-2.17.so
7fa00eb98000-7fa00eb9a000 rw-p 001c1000 08:05 9834273                    /lib/x86_64-linux-gnu/libc-2.17.so
7fa00eb9a000-7fa00eb9f000 rw-p 00000000 00:00 0 
7fa00eb9f000-7fa00ebac000 r-xp 00000000 08:05 12322347                   /usr/lib/jvm/java-7-openjdk-amd64/jre/lib/amd64/jli/libjli.so
7fa00ebac000-7fa00edab000 ---p 0000d000 08:05 12322347                   /usr/lib/jvm/java-7-openjdk-amd64/jre/lib/amd64/jli/libjli.so
7fa00edab000-7fa00edac000 r--p 0000c000 08:05 12322347                   /usr/lib/jvm/java-7-openjdk-amd64/jre/lib/amd64/jli/libjli.so
7fa00edac000-7fa00edad000 rw-p 0000d000 08:05 12322347                   /usr/lib/jvm/java-7-openjdk-amd64/jre/lib/amd64/jli/libjli.so
7fa00edad000-7fa00edd0000 r-xp 00000000 08:05 9834249                    /lib/x86_64-linux-gnu/ld-2.17.so
7fa00edd5000-7fa00edd6000 rw-p 00000000 00:00 0 
7fa00edd6000-7fa00edd7000 r-xp 00000000 00:00 0 
7fa00edd7000-7fa00edde000 r--s 00000000 08:05 12588976                   /usr/lib/x86_64-linux-gnu/gconv/gconv-modules.cache
7fa00edde000-7fa00ede3000 r--s 0004c000 08:05 12322352                   /usr/lib/jvm/java-7-openjdk-amd64/jre/lib/jsse.jar
7fa00ede3000-7fa00ede6000 r--s 00032000 08:05 12322366                   /usr/lib/jvm/java-7-openjdk-amd64/jre/lib/ext/sunjce_provider.jar
7fa00ede6000-7fa00ede9000 r--s 0000f000 08:05 12322362                   /usr/lib/jvm/java-7-openjdk-amd64/jre/lib/ext/pulse-java.jar
7fa00ede9000-7fa00ee04000 rw-p 00000000 00:00 0 
7fa00ee04000-7fa00ee4a000 rw-p 00000000 00:00 0 
7fa00ee4a000-7fa00ee5e000 rw-p 00000000 00:00 0 
7fa00ee5e000-7fa00eef1000 rw-p 00000000 00:00 0 
7fa00eef1000-7fa00eefb000 rw-p 00000000 00:00 0 
7fa00eefb000-7fa00efb1000 rw-p 00000000 00:00 0 
7fa00efb1000-7fa00efb6000 rw-p 00000000 00:00 0 
7fa00efb6000-7fa00efb8000 r--s 00006000 08:05 12717881                   /usr/share/java/java-atk-wrapper.jar
7fa00efb8000-7fa00efbc000 r--s 00085000 08:05 12322360                   /usr/lib/jvm/java-7-openjdk-amd64/jre/lib/ext/localedata.jar
7fa00efbc000-7fa00efc0000 r--s 0003b000 08:05 12322372                   /usr/lib/jvm/java-7-openjdk-amd64/jre/lib/ext/sunpkcs11.jar
7fa00efc0000-7fa00efc1000 r--s 00002000 08:05 12322370                   /usr/lib/jvm/java-7-openjdk-amd64/jre/lib/ext/dnsns.jar
7fa00efc1000-7fa00efc3000 r--s 00012000 08:05 12322364                   /usr/lib/jvm/java-7-openjdk-amd64/jre/lib/ext/zipfs.jar
7fa00efc3000-7fa00efcb000 rw-s 00000000 08:05 7340078                    /tmp/hsperfdata_luis/5288
7fa00efcb000-7fa00efcc000 rw-p 00000000 00:00 0 
7fa00efcc000-7fa00efcd000 r--p 00000000 00:00 0 
7fa00efcd000-7fa00efcf000 rw-p 00000000 00:00 0 
7fa00efcf000-7fa00efd0000 r--p 00022000 08:05 9834249                    /lib/x86_64-linux-gnu/ld-2.17.so
7fa00efd0000-7fa00efd2000 rw-p 00023000 08:05 9834249                    /lib/x86_64-linux-gnu/ld-2.17.so
7fff1bcf4000-7fff1bd15000 rw-p 00000000 00:00 0                          [stack]
7fff1bd53000-7fff1bd55000 r-xp 00000000 00:00 0                          [vdso]
ffffffffff600000-ffffffffff601000 r-xp 00000000 00:00 0                  [vsyscall]

VM Arguments:
jvm_args: -Djdk.home= -Djruby.home=/home/luis/.rbenv/versions/jruby-1.7.10 -Djruby.script=jruby -Djruby.shell=/bin/sh -Djffi.boot.library.path=/home/luis/.rbenv/versions/jruby-1.7.10/lib/jni:/home/luis/.rbenv/versions/jruby-1.7.10/lib/jni/arm-Linux:/home/luis/.rbenv/versions/jruby-1.7.10/lib/jni/x86_64-Linux:/home/luis/.rbenv/versions/jruby-1.7.10/lib/jni/i386-Linux -Xmx500m -Xss2048k -Xbootclasspath/a:/home/luis/.rbenv/versions/jruby-1.7.10/lib/jruby.jar 
java_command: org/jruby/Main Makefile.rb clean compile test
Launcher Type: SUN_STANDARD

Environment Variables:
PATH=/home/luis/.rbenv/versions/jruby-1.7.10/bin:/home/luis/.rbenv/libexec:/home/luis/.rbenv/plugins/ruby-build/bin:/home/luis/.rbenv/shims:~/.rbenv/bin:~/.rbenv/bin:/usr/local/sbin:/usr/local/bin:/usr/sbin:/usr/bin:/sbin:/bin:/usr/games:/usr/local/games
USERNAME=luis
SHELL=/bin/bash
DISPLAY=:0

Signal Handlers:
SIGSEGV: [libjvm.so+0x916ea0], sa_mask[0]=0x7ffbfeff, sa_flags=0x10000004
SIGBUS: [libjvm.so+0x916ea0], sa_mask[0]=0x7ffbfeff, sa_flags=0x10000004
SIGFPE: [libjvm.so+0x794800], sa_mask[0]=0x7ffbfeff, sa_flags=0x10000004
SIGPIPE: [libjvm.so+0x794800], sa_mask[0]=0x7ffbfeff, sa_flags=0x10000004
SIGXFSZ: [libjvm.so+0x794800], sa_mask[0]=0x7ffbfeff, sa_flags=0x10000004
SIGILL: [libjvm.so+0x794800], sa_mask[0]=0x7ffbfeff, sa_flags=0x10000004
SIGUSR1: SIG_DFL, sa_mask[0]=0x00000000, sa_flags=0x00000000
SIGUSR2: [libjvm.so+0x7946a0], sa_mask[0]=0x00000000, sa_flags=0x10000004
SIGHUP: [libjvm.so+0x794880], sa_mask[0]=0x7ffbfeff, sa_flags=0x10000004
SIGINT: [libjvm.so+0x794880], sa_mask[0]=0x7ffbfeff, sa_flags=0x10000004
SIGTERM: [libjvm.so+0x794880], sa_mask[0]=0x7ffbfeff, sa_flags=0x10000004
SIGQUIT: [libjvm.so+0x794880], sa_mask[0]=0x7ffbfeff, sa_flags=0x10000004


---------------  S Y S T E M  ---------------

OS:LinuxMint 16 (petra)
uname:Linux 3.11.0-12-generic #19-Ubuntu SMP Wed Oct 9 16:20:46 UTC 2013 x86_64
libc:glibc 2.17 NPTL 2.17 
rlimit: STACK 8192k, CORE 0k, NPROC 29806, NOFILE 4096, AS infinity
load average:0,25 0,16 0,14

/proc/meminfo:
MemTotal:        3844532 kB
MemFree:         2878192 kB
Buffers:           54104 kB
Cached:           519256 kB
SwapCached:            0 kB
Active:           451216 kB
Inactive:         406800 kB
Active(anon):     285588 kB
Inactive(anon):   116228 kB
Active(file):     165628 kB
Inactive(file):   290572 kB
Unevictable:           0 kB
Mlocked:               0 kB
SwapTotal:       3987452 kB
SwapFree:        3987452 kB
Dirty:               220 kB
Writeback:             0 kB
AnonPages:        284804 kB
Mapped:            90084 kB
Shmem:            117164 kB
Slab:              47736 kB
SReclaimable:      27192 kB
SUnreclaim:        20544 kB
KernelStack:        3256 kB
PageTables:        14508 kB
NFS_Unstable:          0 kB
Bounce:                0 kB
WritebackTmp:          0 kB
CommitLimit:     5909716 kB
Committed_AS:    1505268 kB
VmallocTotal:   34359738367 kB
VmallocUsed:      348004 kB
VmallocChunk:   34359386120 kB
HardwareCorrupted:     0 kB
AnonHugePages:         0 kB
HugePages_Total:       0
HugePages_Free:        0
HugePages_Rsvd:        0
HugePages_Surp:        0
Hugepagesize:       2048 kB
DirectMap4k:       58612 kB
DirectMap2M:     3930112 kB


CPU:total 4 (2 cores per cpu, 2 threads per core) family 6 model 37 stepping 5, cmov, cx8, fxsr, mmx, sse, sse2, sse3, ssse3, sse4.1, sse4.2, popcnt, ht, tsc, tscinvbit

/proc/cpuinfo:
processor	: 0
vendor_id	: GenuineIntel
cpu family	: 6
model		: 37
model name	: Intel(R) Core(TM) i5 CPU       M 460  @ 2.53GHz
stepping	: 5
microcode	: 0x2
cpu MHz		: 2534.000
cache size	: 3072 KB
physical id	: 0
siblings	: 4
core id		: 0
cpu cores	: 2
apicid		: 0
initial apicid	: 0
fpu		: yes
fpu_exception	: yes
cpuid level	: 11
wp		: yes
flags		: fpu vme de pse tsc msr pae mce cx8 apic sep mtrr pge mca cmov pat pse36 clflush dts acpi mmx fxsr sse sse2 ss ht tm pbe syscall nx rdtscp lm constant_tsc arch_perfmon pebs bts rep_good nopl xtopology nonstop_tsc aperfmperf pni dtes64 monitor ds_cpl vmx est tm2 ssse3 cx16 xtpr pdcm pcid sse4_1 sse4_2 popcnt lahf_lm ida arat dtherm tpr_shadow vnmi flexpriority ept vpid
bogomips	: 5066.78
clflush size	: 64
cache_alignment	: 64
address sizes	: 36 bits physical, 48 bits virtual
power management:

processor	: 1
vendor_id	: GenuineIntel
cpu family	: 6
model		: 37
model name	: Intel(R) Core(TM) i5 CPU       M 460  @ 2.53GHz
stepping	: 5
microcode	: 0x2
cpu MHz		: 2534.000
cache size	: 3072 KB
physical id	: 0
siblings	: 4
core id		: 0
cpu cores	: 2
apicid		: 1
initial apicid	: 1
fpu		: yes
fpu_exception	: yes
cpuid level	: 11
wp		: yes
flags		: fpu vme de pse tsc msr pae mce cx8 apic sep mtrr pge mca cmov pat pse36 clflush dts acpi mmx fxsr sse sse2 ss ht tm pbe syscall nx rdtscp lm constant_tsc arch_perfmon pebs bts rep_good nopl xtopology nonstop_tsc aperfmperf pni dtes64 monitor ds_cpl vmx est tm2 ssse3 cx16 xtpr pdcm pcid sse4_1 sse4_2 popcnt lahf_lm ida arat dtherm tpr_shadow vnmi flexpriority ept vpid
bogomips	: 5066.78
clflush size	: 64
cache_alignment	: 64
address sizes	: 36 bits physical, 48 bits virtual
power management:

processor	: 2
vendor_id	: GenuineIntel
cpu family	: 6
model		: 37
model name	: Intel(R) Core(TM) i5 CPU       M 460  @ 2.53GHz
stepping	: 5
microcode	: 0x2
cpu MHz		: 1199.000
cache size	: 3072 KB
physical id	: 0
siblings	: 4
core id		: 2
cpu cores	: 2
apicid		: 4
initial apicid	: 4
fpu		: yes
fpu_exception	: yes
cpuid level	: 11
wp		: yes
flags		: fpu vme de pse tsc msr pae mce cx8 apic sep mtrr pge mca cmov pat pse36 clflush dts acpi mmx fxsr sse sse2 ss ht tm pbe syscall nx rdtscp lm constant_tsc arch_perfmon pebs bts rep_good nopl xtopology nonstop_tsc aperfmperf pni dtes64 monitor ds_cpl vmx est tm2 ssse3 cx16 xtpr pdcm pcid sse4_1 sse4_2 popcnt lahf_lm ida arat dtherm tpr_shadow vnmi flexpriority ept vpid
bogomips	: 5066.78
clflush size	: 64
cache_alignment	: 64
address sizes	: 36 bits physical, 48 bits virtual
power management:

processor	: 3
vendor_id	: GenuineIntel
cpu family	: 6
model		: 37
model name	: Intel(R) Core(TM) i5 CPU       M 460  @ 2.53GHz
stepping	: 5
microcode	: 0x2
cpu MHz		: 2534.000
cache size	: 3072 KB
physical id	: 0
siblings	: 4
core id		: 2
cpu cores	: 2
apicid		: 5
initial apicid	: 5
fpu		: yes
fpu_exception	: yes
cpuid level	: 11
wp		: yes
flags		: fpu vme de pse tsc msr pae mce cx8 apic sep mtrr pge mca cmov pat pse36 clflush dts acpi mmx fxsr sse sse2 ss ht tm pbe syscall nx rdtscp lm constant_tsc arch_perfmon pebs bts rep_good nopl xtopology nonstop_tsc aperfmperf pni dtes64 monitor ds_cpl vmx est tm2 ssse3 cx16 xtpr pdcm pcid sse4_1 sse4_2 popcnt lahf_lm ida arat dtherm tpr_shadow vnmi flexpriority ept vpid
bogomips	: 5066.78
clflush size	: 64
cache_alignment	: 64
address sizes	: 36 bits physical, 48 bits virtual
power management:



Memory: 4k page, physical 3844532k(2878192k free), swap 3987452k(3987452k free)

vm_info: OpenJDK 64-Bit Server VM (24.45-b08) for linux-amd64 JRE (1.7.0_51-b00), built on Jan 15 2014 22:02:57 by "buildd" with gcc 4.8.1

time: Mon Apr  7 11:07:26 2014
elapsed time: 3 seconds

