#
# A fatal error has been detected by the Java Runtime Environment:
#
#  SIGSEGV (0xb) at pc=0x00007f4f4a349bec, pid=5875, tid=139979574781696
#
# JRE version: OpenJDK Runtime Environment (7.0_51) (build 1.7.0_51-b00)
# Java VM: OpenJDK 64-Bit Server VM (24.45-b08 mixed mode linux-amd64 compressed oops)
# Problematic frame:
# C  [libconvex_hull.so+0xbec]  adentro+0x87
#
# Failed to write core dump. Core dumps have been disabled. To enable core dumping, try "ulimit -c unlimited" before starting Java again
#
# If you would like to submit a bug report, please include
# instructions on how to reproduce the bug and visit:
#   http://icedtea.classpath.org/bugzilla
# The crash happened outside the Java Virtual Machine in native code.
# See problematic frame for where to report the bug.
#

---------------  T H R E A D  ---------------

Current thread (0x00007f4f8400a800):  JavaThread "main" [_thread_in_native, id=5900, stack(0x00007f4f88b4a000,0x00007f4f88d4b000)]

siginfo:si_signo=SIGSEGV: si_errno=0, si_code=1 (SEGV_MAPERR), si_addr=0x0000000000000000

Registers:
RAX=0x0000000000000000, RBX=0x00000000d79ca880, RCX=0x00007f4f84000020, RDX=0x00007f4f8459ccc0
RSP=0x00007f4f88d47e70, RBP=0x00007f4f88d47eb0, RSI=0x00007f4f8459ccc0, RDI=0x00007f4f8459cde0
R8 =0x00007f4f8459db60, R9 =0x0000000000000018, R10=0x00007f4f88d47c60, R11=0x00007f4f4a349b65
R12=0x0000000000000000, R13=0x00000000d79ca880, R14=0x00007f4f88d48078, R15=0x00007f4f8400a800
RIP=0x00007f4f4a349bec, EFLAGS=0x0000000000010202, CSGSFS=0x0000000000000033, ERR=0x0000000000000004
  TRAPNO=0x000000000000000e

Top of Stack: (sp=0x00007f4f88d47e70)
0x00007f4f88d47e70:   00007f4f8459ccc0 00007f4f8459cde0
0x00007f4f88d47e80:   00007f4f8459ccc0 000000018459ccc0
0x00007f4f88d47e90:   00007f4f00000000 0000000000000000
0x00007f4f88d47ea0:   0000000000000018 00007f4f84594c00
0x00007f4f88d47eb0:   00007f4f88d47f10 00007f4f4a349d9b
0x00007f4f88d47ec0:   00007f4f8459ccc0 00007f4f8459cde0
0x00007f4f88d47ed0:   00007f4f8459cde0 00007f4f84000020
0x00007f4f88d47ee0:   00007f4f8459ccc0 00007f4f8459ccc0
0x00007f4f88d47ef0:   00007f4f8459cde0 00007f4f8459db60
0x00007f4f88d47f00:   0000000000000018 00007f4f84594c00
0x00007f4f88d47f10:   00007f4f88d47f90 00007f4f4a34a206
0x00007f4f88d47f20:   0000000000000000 00007f4f8459db60
0x00007f4f88d47f30:   0000000000000000 0000002588d47f60
0x00007f4f88d47f40:   00007f4f8459cde0 00007f4f8459cce0
0x00007f4f88d47f50:   00007f4f8459cda0 00007f4f8459cd40
0x00007f4f88d47f60:   00007f4f8459cd00 00007f4f8459ccc0
0x00007f4f88d47f70:   00000000e120e1d8 00000000e12412b8
0x00007f4f88d47f80:   00007f4f88d47f80 00000000d6aa2219
0x00007f4f88d47f90:   00007f4f845504c0 00007f4f4b15ccd9
0x00007f4f88d47fa0:   0000000000000000 00000000d79ca880
0x00007f4f88d47fb0:   00007f4f88d48030 00007f4f809f0738
0x00007f4f88d47fc0:   00007f4f88d48038 00007f4f809e4233
0x00007f4f88d47fd0:   00000000e12412b8 0000000000000001
0x00007f4f88d47fe0:   0000000000000001 00000000e120e1d8
0x00007f4f88d47ff0:   00007f4f88d47ff0 0000000000000000
0x00007f4f88d48000:   00007f4f88d48078 00000000d79d2da8
0x00007f4f88d48010:   0000000000000000 00000000d79ca880
0x00007f4f88d48020:   0000000000000000 00007f4f88d48050
0x00007f4f88d48030:   00007f4f88d480c0 00007f4f809e4175
0x00007f4f88d48040:   00000000e108cbf0 00007f4f809eccd7
0x00007f4f88d48050:   00007f4f8459db60 00007f4f80b735ec
0x00007f4f88d48060:   00007f4f4a34a153 00007f4f809e4233 

Instructions: (pc=0x00007f4f4a349bec)
0x00007f4f4a349bcc:   89 45 e4 83 7d e4 00 7e 07 b8 01 00 00 00 eb 3c
0x00007f4f4a349bdc:   83 45 dc 01 8b 45 dc 3b 45 e0 7c ab 48 8b 45 e8
0x00007f4f4a349bec:   48 8b 00 48 89 45 f0 48 8b 45 c8 48 8b 00 48 8b
0x00007f4f4a349bfc:   00 48 89 45 f8 48 8b 55 c0 48 8b 4d f8 48 8b 45 

Register to memory mapping:

RAX=0x0000000000000000 is an unknown value
RBX=0x00000000d79ca880 is an oop
{method} 
 - klass: {other class}
RCX=0x00007f4f84000020 is an unknown value
RDX=0x00007f4f8459ccc0 is an unknown value
RSP=0x00007f4f88d47e70 is pointing into the stack for thread: 0x00007f4f8400a800
RBP=0x00007f4f88d47eb0 is pointing into the stack for thread: 0x00007f4f8400a800
RSI=0x00007f4f8459ccc0 is an unknown value
RDI=0x00007f4f8459cde0 is an unknown value
R8 =0x00007f4f8459db60 is an unknown value
R9 =0x0000000000000018 is an unknown value
R10=0x00007f4f88d47c60 is pointing into the stack for thread: 0x00007f4f8400a800
R11=0x00007f4f4a349b65: adentro+0 in lib/libconvex_hull.so at 0x00007f4f4a349000
R12=0x0000000000000000 is an unknown value
R13=0x00000000d79ca880 is an oop
{method} 
 - klass: {other class}
R14=0x00007f4f88d48078 is pointing into the stack for thread: 0x00007f4f8400a800
R15=0x00007f4f8400a800 is a thread


Stack: [0x00007f4f88b4a000,0x00007f4f88d4b000],  sp=0x00007f4f88d47e70,  free space=2039k
Native frames: (J=compiled Java code, j=interpreted, Vv=VM code, C=native code)
C  [libconvex_hull.so+0xbec]  adentro+0x87
C  [libconvex_hull.so+0xd9b]  insertion+0x23
C  [libconvex_hull.so+0x1206]  convex_hull+0xb3

Java frames: (J=compiled Java code, j=interpreted, Vv=VM code)
j  com.kenai.jffi.Foreign.invokeL1(JJJ)J+0
j  com.kenai.jffi.Invoker.invokeL1(Lcom/kenai/jffi/CallContext;JJ)J+7
j  org.jruby.ext.ffi.jffi.NativeInvoker$ffi$1.call(Lorg/jruby/runtime/ThreadContext;Lorg/jruby/runtime/builtin/IRubyObject;Lorg/jruby/RubyModule;Ljava/lang/String;Lorg/jruby/runtime/builtin/IRubyObject;)Lorg/jruby/runtime/builtin/IRubyObject;+76
j  org.jruby.runtime.callsite.CachingCallSite.cacheAndCall(Lorg/jruby/runtime/builtin/IRubyObject;Lorg/jruby/RubyClass;Lorg/jruby/runtime/ThreadContext;Lorg/jruby/runtime/builtin/IRubyObject;Lorg/jruby/runtime/builtin/IRubyObject;)Lorg/jruby/runtime/builtin/IRubyObject;+57
J  org.jruby.runtime.callsite.CachingCallSite.call(Lorg/jruby/runtime/ThreadContext;Lorg/jruby/runtime/builtin/IRubyObject;Lorg/jruby/runtime/builtin/IRubyObject;Lorg/jruby/runtime/builtin/IRubyObject;)Lorg/jruby/runtime/builtin/IRubyObject;
J  org.jruby.ast.CallOneArgNode.interpret(Lorg/jruby/Ruby;Lorg/jruby/runtime/ThreadContext;Lorg/jruby/runtime/builtin/IRubyObject;Lorg/jruby/runtime/Block;)Lorg/jruby/runtime/builtin/IRubyObject;
j  org.jruby.ast.LocalAsgnNode.interpret(Lorg/jruby/Ruby;Lorg/jruby/runtime/ThreadContext;Lorg/jruby/runtime/builtin/IRubyObject;Lorg/jruby/runtime/Block;)Lorg/jruby/runtime/builtin/IRubyObject;+30
J  org.jruby.ast.BlockNode.interpret(Lorg/jruby/Ruby;Lorg/jruby/runtime/ThreadContext;Lorg/jruby/runtime/builtin/IRubyObject;Lorg/jruby/runtime/Block;)Lorg/jruby/runtime/builtin/IRubyObject;
j  org.jruby.evaluator.ASTInterpreter.INTERPRET_METHOD(Lorg/jruby/Ruby;Lorg/jruby/runtime/ThreadContext;Ljava/lang/String;ILorg/jruby/RubyModule;Lorg/jruby/ast/Node;Ljava/lang/String;Lorg/jruby/runtime/builtin/IRubyObject;Lorg/jruby/runtime/Block;Z)Lorg/jruby/runtime/builtin/IRubyObject;+30
j  org.jruby.internal.runtime.methods.InterpretedMethod.call(Lorg/jruby/runtime/ThreadContext;Lorg/jruby/runtime/builtin/IRubyObject;Lorg/jruby/RubyModule;Ljava/lang/String;)Lorg/jruby/runtime/builtin/IRubyObject;+80
j  org.jruby.internal.runtime.methods.DefaultMethod.call(Lorg/jruby/runtime/ThreadContext;Lorg/jruby/runtime/builtin/IRubyObject;Lorg/jruby/RubyModule;Ljava/lang/String;)Lorg/jruby/runtime/builtin/IRubyObject;+20
j  org.jruby.runtime.callsite.CachingCallSite.cacheAndCall(Lorg/jruby/runtime/builtin/IRubyObject;Lorg/jruby/RubyClass;Lorg/jruby/runtime/ThreadContext;Lorg/jruby/runtime/builtin/IRubyObject;)Lorg/jruby/runtime/builtin/IRubyObject;+53
j  org.jruby.runtime.callsite.CachingCallSite.call(Lorg/jruby/runtime/ThreadContext;Lorg/jruby/runtime/builtin/IRubyObject;Lorg/jruby/runtime/builtin/IRubyObject;)Lorg/jruby/runtime/builtin/IRubyObject;+46
j  org.jruby.ast.CallNoArgNode.interpret(Lorg/jruby/Ruby;Lorg/jruby/runtime/ThreadContext;Lorg/jruby/runtime/builtin/IRubyObject;Lorg/jruby/runtime/Block;)Lorg/jruby/runtime/builtin/IRubyObject;+18
j  org.jruby.ast.FCallTwoArgNode.interpret(Lorg/jruby/Ruby;Lorg/jruby/runtime/ThreadContext;Lorg/jruby/runtime/builtin/IRubyObject;Lorg/jruby/runtime/Block;)Lorg/jruby/runtime/builtin/IRubyObject;+28
J  org.jruby.ast.BlockNode.interpret(Lorg/jruby/Ruby;Lorg/jruby/runtime/ThreadContext;Lorg/jruby/runtime/builtin/IRubyObject;Lorg/jruby/runtime/Block;)Lorg/jruby/runtime/builtin/IRubyObject;
j  org.jruby.evaluator.ASTInterpreter.INTERPRET_METHOD(Lorg/jruby/Ruby;Lorg/jruby/runtime/ThreadContext;Ljava/lang/String;ILorg/jruby/RubyModule;Lorg/jruby/ast/Node;Ljava/lang/String;Lorg/jruby/runtime/builtin/IRubyObject;Lorg/jruby/runtime/Block;Z)Lorg/jruby/runtime/builtin/IRubyObject;+30
j  org.jruby.internal.runtime.methods.InterpretedMethod.call(Lorg/jruby/runtime/ThreadContext;Lorg/jruby/runtime/builtin/IRubyObject;Lorg/jruby/RubyModule;Ljava/lang/String;)Lorg/jruby/runtime/builtin/IRubyObject;+80
j  org.jruby.internal.runtime.methods.DefaultMethod.call(Lorg/jruby/runtime/ThreadContext;Lorg/jruby/runtime/builtin/IRubyObject;Lorg/jruby/RubyModule;Ljava/lang/String;)Lorg/jruby/runtime/builtin/IRubyObject;+20
j  org.jruby.runtime.callsite.CachingCallSite.cacheAndCall(Lorg/jruby/runtime/builtin/IRubyObject;Lorg/jruby/RubyClass;Lorg/jruby/runtime/ThreadContext;Lorg/jruby/runtime/builtin/IRubyObject;)Lorg/jruby/runtime/builtin/IRubyObject;+53
j  org.jruby.runtime.callsite.CachingCallSite.call(Lorg/jruby/runtime/ThreadContext;Lorg/jruby/runtime/builtin/IRubyObject;Lorg/jruby/runtime/builtin/IRubyObject;)Lorg/jruby/runtime/builtin/IRubyObject;+46
j  Makefile.method__2$RUBY$test(LMakefile;Lorg/jruby/runtime/ThreadContext;Lorg/jruby/runtime/builtin/IRubyObject;Lorg/jruby/runtime/Block;)Lorg/jruby/runtime/builtin/IRubyObject;+130
j  Makefile$method__2$RUBY$test.call(Lorg/jruby/runtime/ThreadContext;Lorg/jruby/runtime/builtin/IRubyObject;Lorg/jruby/RubyModule;Ljava/lang/String;Lorg/jruby/runtime/Block;)Lorg/jruby/runtime/builtin/IRubyObject;+17
j  org.jruby.RubyClass.finvoke(Lorg/jruby/runtime/ThreadContext;Lorg/jruby/runtime/builtin/IRubyObject;Ljava/lang/String;Lorg/jruby/runtime/Block;)Lorg/jruby/runtime/builtin/IRubyObject;+41
j  org.jruby.RubyBasicObject.send19(Lorg/jruby/runtime/ThreadContext;Lorg/jruby/runtime/builtin/IRubyObject;Lorg/jruby/runtime/Block;)Lorg/jruby/runtime/builtin/IRubyObject;+15
j  org.jruby.RubyKernel.send19(Lorg/jruby/runtime/ThreadContext;Lorg/jruby/runtime/builtin/IRubyObject;Lorg/jruby/runtime/builtin/IRubyObject;Lorg/jruby/runtime/Block;)Lorg/jruby/runtime/builtin/IRubyObject;+7
j  org.jruby.RubyKernel$INVOKER$s$send19.call(Lorg/jruby/runtime/ThreadContext;Lorg/jruby/runtime/builtin/IRubyObject;Lorg/jruby/RubyModule;Ljava/lang/String;Lorg/jruby/runtime/builtin/IRubyObject;Lorg/jruby/runtime/Block;)Lorg/jruby/runtime/builtin/IRubyObject;+6
j  org.jruby.internal.runtime.methods.JavaMethod$JavaMethodOneOrNBlock.call(Lorg/jruby/runtime/ThreadContext;Lorg/jruby/runtime/builtin/IRubyObject;Lorg/jruby/RubyModule;Ljava/lang/String;Lorg/jruby/runtime/builtin/IRubyObject;)Lorg/jruby/runtime/builtin/IRubyObject;+11
j  org.jruby.runtime.callsite.CachingCallSite.call(Lorg/jruby/runtime/ThreadContext;Lorg/jruby/runtime/builtin/IRubyObject;Lorg/jruby/runtime/builtin/IRubyObject;Lorg/jruby/runtime/builtin/IRubyObject;)Lorg/jruby/runtime/builtin/IRubyObject;+38
j  Makefile.block_6$RUBY$__file__(LMakefile;Lorg/jruby/runtime/ThreadContext;Lorg/jruby/runtime/builtin/IRubyObject;[Lorg/jruby/runtime/builtin/IRubyObject;Lorg/jruby/runtime/Block;)Lorg/jruby/runtime/builtin/IRubyObject;+46
j  Makefile$block_6$RUBY$__file__.call(Lorg/jruby/runtime/ThreadContext;Lorg/jruby/runtime/builtin/IRubyObject;[Lorg/jruby/runtime/builtin/IRubyObject;Lorg/jruby/runtime/Block;)Lorg/jruby/runtime/builtin/IRubyObject;+9
j  org.jruby.runtime.CompiledBlock19.yield(Lorg/jruby/runtime/ThreadContext;Lorg/jruby/runtime/builtin/IRubyObject;Lorg/jruby/runtime/Binding;Lorg/jruby/runtime/Block$Type;)Lorg/jruby/runtime/builtin/IRubyObject;+52
j  org.jruby.runtime.Block.yield(Lorg/jruby/runtime/ThreadContext;Lorg/jruby/runtime/builtin/IRubyObject;)Lorg/jruby/runtime/builtin/IRubyObject;+14
j  org.jruby.RubyArray.eachCommon(Lorg/jruby/runtime/ThreadContext;Lorg/jruby/runtime/Block;)Lorg/jruby/runtime/builtin/IRubyObject;+41
j  org.jruby.RubyArray.each(Lorg/jruby/runtime/ThreadContext;Lorg/jruby/runtime/Block;)Lorg/jruby/runtime/builtin/IRubyObject;+10
j  org.jruby.RubyArray$INVOKER$i$0$0$each.call(Lorg/jruby/runtime/ThreadContext;Lorg/jruby/runtime/builtin/IRubyObject;Lorg/jruby/RubyModule;Ljava/lang/String;Lorg/jruby/runtime/Block;)Lorg/jruby/runtime/builtin/IRubyObject;+7
j  org.jruby.runtime.callsite.CachingCallSite.cacheAndCall(Lorg/jruby/runtime/builtin/IRubyObject;Lorg/jruby/RubyClass;Lorg/jruby/runtime/Block;Lorg/jruby/runtime/ThreadContext;Lorg/jruby/runtime/builtin/IRubyObject;)Lorg/jruby/runtime/builtin/IRubyObject;+57
j  org.jruby.runtime.callsite.CachingCallSite.callBlock(Lorg/jruby/runtime/ThreadContext;Lorg/jruby/runtime/builtin/IRubyObject;Lorg/jruby/runtime/builtin/IRubyObject;Lorg/jruby/runtime/Block;)Lorg/jruby/runtime/builtin/IRubyObject;+50
j  org.jruby.runtime.callsite.CachingCallSite.callIter(Lorg/jruby/runtime/ThreadContext;Lorg/jruby/runtime/builtin/IRubyObject;Lorg/jruby/runtime/builtin/IRubyObject;Lorg/jruby/runtime/Block;)Lorg/jruby/runtime/builtin/IRubyObject;+6
j  Makefile.__file__(LMakefile;Lorg/jruby/runtime/ThreadContext;Lorg/jruby/runtime/builtin/IRubyObject;[Lorg/jruby/runtime/builtin/IRubyObject;Lorg/jruby/runtime/Block;)Lorg/jruby/runtime/builtin/IRubyObject;+859
j  Makefile.load(Lorg/jruby/runtime/ThreadContext;Lorg/jruby/runtime/builtin/IRubyObject;Z)Lorg/jruby/runtime/builtin/IRubyObject;+22
j  org.jruby.Ruby.runScript(Lorg/jruby/ast/executable/Script;Z)Lorg/jruby/runtime/builtin/IRubyObject;+12
j  org.jruby.Ruby.runScript(Lorg/jruby/ast/executable/Script;)Lorg/jruby/runtime/builtin/IRubyObject;+3
j  org.jruby.Ruby.runNormally(Lorg/jruby/ast/Node;)Lorg/jruby/runtime/builtin/IRubyObject;+73
j  org.jruby.Ruby.runFromMain(Ljava/io/InputStream;Ljava/lang/String;)V+320
j  org.jruby.Main.doRunFromMain(Lorg/jruby/Ruby;Ljava/io/InputStream;Ljava/lang/String;)Lorg/jruby/Main$Status;+12
j  org.jruby.Main.internalRun()Lorg/jruby/Main$Status;+234
j  org.jruby.Main.run([Ljava/lang/String;)Lorg/jruby/Main$Status;+9
j  org.jruby.Main.main([Ljava/lang/String;)V+35
v  ~StubRoutines::call_stub

---------------  P R O C E S S  ---------------

Java Threads: ( => current thread )
  0x00007f4f8456f800 JavaThread "JRubyJIT-2" daemon [_thread_blocked, id=5983, stack(0x00007f4f4ab52000,0x00007f4f4ad53000)]
  0x00007f4f8456d800 JavaThread "process reaper" daemon [_thread_blocked, id=5916, stack(0x00007f4f7005e000,0x00007f4f70097000)]
  0x00007f4f84556000 JavaThread "JRubyJIT-1" daemon [_thread_blocked, id=5913, stack(0x00007f4f4af54000,0x00007f4f4b155000)]
  0x00007f4f840ad000 JavaThread "Service Thread" daemon [_thread_blocked, id=5911, stack(0x00007f4f70c7b000,0x00007f4f70e7c000)]
  0x00007f4f840aa800 JavaThread "C2 CompilerThread1" daemon [_thread_in_native, id=5910, stack(0x00007f4f70e7c000,0x00007f4f70f7d000)]
  0x00007f4f840a7800 JavaThread "C2 CompilerThread0" daemon [_thread_in_native, id=5909, stack(0x00007f4f70f7d000,0x00007f4f7107e000)]
  0x00007f4f840a5800 JavaThread "Signal Dispatcher" daemon [_thread_blocked, id=5908, stack(0x00007f4f7107e000,0x00007f4f7127f000)]
  0x00007f4f84082800 JavaThread "Finalizer" daemon [_thread_blocked, id=5907, stack(0x00007f4f71679000,0x00007f4f7187a000)]
  0x00007f4f84080800 JavaThread "Reference Handler" daemon [_thread_blocked, id=5906, stack(0x00007f4f7187a000,0x00007f4f71a7b000)]
=>0x00007f4f8400a800 JavaThread "main" [_thread_in_native, id=5900, stack(0x00007f4f88b4a000,0x00007f4f88d4b000)]

Other Threads:
  0x00007f4f8407c800 VMThread [stack: 0x00007f4f71a7b000,0x00007f4f71b7c000] [id=5905]
  0x00007f4f840b7800 WatcherThread [stack: 0x00007f4f70b7a000,0x00007f4f70c7b000] [id=5912]

VM state:not at safepoint (normal execution)

VM Mutex/Monitor currently owned by a thread: None

Heap
 PSYoungGen      total 33280K, used 18832K [0x00000000f5900000, 0x00000000f9a00000, 0x0000000100000000)
  eden space 30720K, 53% used [0x00000000f5900000,0x00000000f68eace0,0x00000000f7700000)
  from space 2560K, 98% used [0x00000000f7700000,0x00000000f7979518,0x00000000f7980000)
  to   space 2560K, 0% used [0x00000000f9780000,0x00000000f9780000,0x00000000f9a00000)
 ParOldGen       total 39936K, used 7621K [0x00000000e0c00000, 0x00000000e3300000, 0x00000000f5900000)
  object space 39936K, 19% used [0x00000000e0c00000,0x00000000e1371588,0x00000000e3300000)
 PSPermGen       total 25600K, used 25478K [0x00000000d6600000, 0x00000000d7f00000, 0x00000000e0c00000)
  object space 25600K, 99% used [0x00000000d6600000,0x00000000d7ee1a60,0x00000000d7f00000)

Card table byte_map: [0x00007f4f80890000,0x00007f4f809de000] byte_map_base: 0x00007f4f801dd000

Polling page: 0x00007f4f8b158000

Code Cache  [0x00007f4f809de000, 0x00007f4f80c4e000, 0x00007f4f839de000)
 total_blobs=962 nmethods=483 adapters=433 free_code_cache=47335Kb largest_free_block=48442944

Compilation events (10 events):
Event: 3,618 Thread 0x00007f4f840aa800 nmethod 483 0x00007f4f80a72fd0 code [0x00007f4f80a73140, 0x00007f4f80a73398]
Event: 3,618 Thread 0x00007f4f840aa800  484             org.jruby.internal.runtime.methods.CallConfiguration$3::post (5 bytes)
Event: 3,618 Thread 0x00007f4f840a7800 nmethod 482 0x00007f4f80ba0890 code [0x00007f4f80ba0a00, 0x00007f4f80ba0c48]
Event: 3,618 Thread 0x00007f4f840a7800  485             org.jruby.runtime.callsite.CachingCallSite::call (62 bytes)
Event: 3,620 Thread 0x00007f4f840aa800 nmethod 484 0x00007f4f80ba0250 code [0x00007f4f80ba03c0, 0x00007f4f80ba05e8]
Event: 3,620 Thread 0x00007f4f840aa800  486             org.jruby.runtime.ThreadContext::preMethodFrameOnly (15 bytes)
Event: 3,622 Thread 0x00007f4f840aa800 nmethod 486 0x00007f4f80baa590 code [0x00007f4f80baa700, 0x00007f4f80baa998]
Event: 3,622 Thread 0x00007f4f840aa800  487             org.jruby.runtime.ThreadContext::postMethodFrameOnly (10 bytes)
Event: 3,624 Thread 0x00007f4f840aa800 nmethod 487 0x00007f4f80baac50 code [0x00007f4f80baadc0, 0x00007f4f80baafc8]
Event: 3,624 Thread 0x00007f4f840aa800  488             org.jruby.ast.FCallThreeArgNode::interpret (47 bytes)

GC Heap History (6 events):
Event: 1,359 GC heap before
{Heap before GC invocations=1 (full 0):
 PSYoungGen      total 17920K, used 15360K [0x00000000f5900000, 0x00000000f6d00000, 0x0000000100000000)
  eden space 15360K, 100% used [0x00000000f5900000,0x00000000f6800000,0x00000000f6800000)
  from space 2560K, 0% used [0x00000000f6a80000,0x00000000f6a80000,0x00000000f6d00000)
  to   space 2560K, 0% used [0x00000000f6800000,0x00000000f6800000,0x00000000f6a80000)
 ParOldGen       total 39936K, used 0K [0x00000000e0c00000, 0x00000000e3300000, 0x00000000f5900000)
  object space 39936K, 0% used [0x00000000e0c00000,0x00000000e0c00000,0x00000000e3300000)
 PSPermGen       total 21504K, used 19066K [0x00000000d6600000, 0x00000000d7b00000, 0x00000000e0c00000)
  object space 21504K, 88% used [0x00000000d6600000,0x00000000d789ebc0,0x00000000d7b00000)
Event: 1,374 GC heap after
Heap after GC invocations=1 (full 0):
 PSYoungGen      total 17920K, used 2549K [0x00000000f5900000, 0x00000000f7c00000, 0x0000000100000000)
  eden space 15360K, 0% used [0x00000000f5900000,0x00000000f5900000,0x00000000f6800000)
  from space 2560K, 99% used [0x00000000f6800000,0x00000000f6a7d4b8,0x00000000f6a80000)
  to   space 2560K, 0% used [0x00000000f7980000,0x00000000f7980000,0x00000000f7c00000)
 ParOldGen       total 39936K, used 3280K [0x00000000e0c00000, 0x00000000e3300000, 0x00000000f5900000)
  object space 39936K, 8% used [0x00000000e0c00000,0x00000000e0f340f0,0x00000000e3300000)
 PSPermGen       total 21504K, used 19066K [0x00000000d6600000, 0x00000000d7b00000, 0x00000000e0c00000)
  object space 21504K, 88% used [0x00000000d6600000,0x00000000d789ebc0,0x00000000d7b00000)
}
Event: 2,498 GC heap before
{Heap before GC invocations=2 (full 0):
 PSYoungGen      total 17920K, used 17909K [0x00000000f5900000, 0x00000000f7c00000, 0x0000000100000000)
  eden space 15360K, 100% used [0x00000000f5900000,0x00000000f6800000,0x00000000f6800000)
  from space 2560K, 99% used [0x00000000f6800000,0x00000000f6a7d4b8,0x00000000f6a80000)
  to   space 2560K, 0% used [0x00000000f7980000,0x00000000f7980000,0x00000000f7c00000)
 ParOldGen       total 39936K, used 3280K [0x00000000e0c00000, 0x00000000e3300000, 0x00000000f5900000)
  object space 39936K, 8% used [0x00000000e0c00000,0x00000000e0f340f0,0x00000000e3300000)
 PSPermGen       total 23552K, used 23549K [0x00000000d6600000, 0x00000000d7d00000, 0x00000000e0c00000)
  object space 23552K, 99% used [0x00000000d6600000,0x00000000d7cff660,0x00000000d7d00000)
Event: 2,521 GC heap after
Heap after GC invocations=2 (full 0):
 PSYoungGen      total 33280K, used 2549K [0x00000000f5900000, 0x00000000f7c00000, 0x0000000100000000)
  eden space 30720K, 0% used [0x00000000f5900000,0x00000000f5900000,0x00000000f7700000)
  from space 2560K, 99% used [0x00000000f7980000,0x00000000f7bfd528,0x00000000f7c00000)
  to   space 2560K, 0% used [0x00000000f7700000,0x00000000f7700000,0x00000000f7980000)
 ParOldGen       total 39936K, used 5233K [0x00000000e0c00000, 0x00000000e3300000, 0x00000000f5900000)
  object space 39936K, 13% used [0x00000000e0c00000,0x00000000e111c478,0x00000000e3300000)
 PSPermGen       total 23552K, used 23549K [0x00000000d6600000, 0x00000000d7d00000, 0x00000000e0c00000)
  object space 23552K, 99% used [0x00000000d6600000,0x00000000d7cff660,0x00000000d7d00000)
}
Event: 3,688 GC heap before
{Heap before GC invocations=3 (full 0):
 PSYoungGen      total 33280K, used 33269K [0x00000000f5900000, 0x00000000f7c00000, 0x0000000100000000)
  eden space 30720K, 100% used [0x00000000f5900000,0x00000000f7700000,0x00000000f7700000)
  from space 2560K, 99% used [0x00000000f7980000,0x00000000f7bfd528,0x00000000f7c00000)
  to   space 2560K, 0% used [0x00000000f7700000,0x00000000f7700000,0x00000000f7980000)
 ParOldGen       total 39936K, used 5233K [0x00000000e0c00000, 0x00000000e3300000, 0x00000000f5900000)
  object space 39936K, 13% used [0x00000000e0c00000,0x00000000e111c478,0x00000000e3300000)
 PSPermGen       total 25600K, used 25478K [0x00000000d6600000, 0x00000000d7f00000, 0x00000000e0c00000)
  object space 25600K, 99% used [0x00000000d6600000,0x00000000d7ee1a20,0x00000000d7f00000)
Event: 3,713 GC heap after
Heap after GC invocations=3 (full 0):
 PSYoungGen      total 33280K, used 2533K [0x00000000f5900000, 0x00000000f9a00000, 0x0000000100000000)
  eden space 30720K, 0% used [0x00000000f5900000,0x00000000f5900000,0x00000000f7700000)
  from space 2560K, 98% used [0x00000000f7700000,0x00000000f7979518,0x00000000f7980000)
  to   space 2560K, 0% used [0x00000000f9780000,0x00000000f9780000,0x00000000f9a00000)
 ParOldGen       total 39936K, used 7621K [0x00000000e0c00000, 0x00000000e3300000, 0x00000000f5900000)
  object space 39936K, 19% used [0x00000000e0c00000,0x00000000e1371588,0x00000000e3300000)
 PSPermGen       total 25600K, used 25478K [0x00000000d6600000, 0x00000000d7f00000, 0x00000000e0c00000)
  object space 25600K, 99% used [0x00000000d6600000,0x00000000d7ee1a20,0x00000000d7f00000)
}

Deoptimization events (10 events):
Event: 3,140 Thread 0x00007f4f8400a800 Uncommon trap: reason=class_check action=maybe_recompile pc=0x00007f4f80b6eac4 method=org.joni.Matcher.searchInterruptible(III)I @ 810
Event: 3,225 Thread 0x00007f4f8400a800 Uncommon trap: reason=bimorphic action=maybe_recompile pc=0x00007f4f80b66908 method=org.jruby.runtime.scope.OneVarDynamicScope.getValue(II)Lorg/jruby/runtime/builtin/IRubyObject; @ 12
Event: 3,225 Thread 0x00007f4f8400a800 Uncommon trap: reason=bimorphic action=maybe_recompile pc=0x00007f4f80b66908 method=org.jruby.runtime.scope.OneVarDynamicScope.getValue(II)Lorg/jruby/runtime/builtin/IRubyObject; @ 12
Event: 3,225 Thread 0x00007f4f8400a800 Uncommon trap: reason=bimorphic action=maybe_recompile pc=0x00007f4f80b66908 method=org.jruby.runtime.scope.OneVarDynamicScope.getValue(II)Lorg/jruby/runtime/builtin/IRubyObject; @ 12
Event: 3,225 Thread 0x00007f4f8400a800 Uncommon trap: reason=bimorphic action=maybe_recompile pc=0x00007f4f80b66908 method=org.jruby.runtime.scope.OneVarDynamicScope.getValue(II)Lorg/jruby/runtime/builtin/IRubyObject; @ 12
Event: 3,285 Thread 0x00007f4f8400a800 Uncommon trap: reason=class_check action=maybe_recompile pc=0x00007f4f80b5de78 method=org.jruby.RubyArray.compare(Lorg/jruby/runtime/ThreadContext;Lorg/jruby/runtime/invokedynamic/MethodNames;Lorg/jruby/runtime/builtin/IRubyObject;)Lorg/jruby/RubyBoolean;
Event: 3,285 Thread 0x00007f4f8400a800 Uncommon trap: reason=class_check action=maybe_recompile pc=0x00007f4f80b5de78 method=org.jruby.RubyArray.compare(Lorg/jruby/runtime/ThreadContext;Lorg/jruby/runtime/invokedynamic/MethodNames;Lorg/jruby/runtime/builtin/IRubyObject;)Lorg/jruby/RubyBoolean;
Event: 3,285 Thread 0x00007f4f8400a800 Uncommon trap: reason=class_check action=maybe_recompile pc=0x00007f4f80b5de78 method=org.jruby.RubyArray.compare(Lorg/jruby/runtime/ThreadContext;Lorg/jruby/runtime/invokedynamic/MethodNames;Lorg/jruby/runtime/builtin/IRubyObject;)Lorg/jruby/RubyBoolean;
Event: 3,285 Thread 0x00007f4f8400a800 Uncommon trap: reason=class_check action=maybe_recompile pc=0x00007f4f80b5de78 method=org.jruby.RubyArray.compare(Lorg/jruby/runtime/ThreadContext;Lorg/jruby/runtime/invokedynamic/MethodNames;Lorg/jruby/runtime/builtin/IRubyObject;)Lorg/jruby/RubyBoolean;
Event: 3,572 Thread 0x00007f4f8400a800 Uncommon trap: reason=unreached action=reinterpret pc=0x00007f4f80b8d390 method=java.util.HashSet.add(Ljava/lang/Object;)Z @ 11

Internal exceptions (10 events):
Event: 3,093 Thread 0x00007f4f8456f800 Threw 0x00000000f6108850 at /build/buildd/openjdk-7-7u51-2.4.4/build/openjdk/hotspot/src/share/vm/prims/jvm.cpp:1244
Event: 3,093 Thread 0x00007f4f8456f800 Threw 0x00000000f61098f0 at /build/buildd/openjdk-7-7u51-2.4.4/build/openjdk/hotspot/src/share/vm/prims/jvm.cpp:1244
Event: 3,130 Thread 0x00007f4f8456f800 Threw 0x00000000f63173b8 at /build/buildd/openjdk-7-7u51-2.4.4/build/openjdk/hotspot/src/share/vm/prims/jvm.cpp:1244
Event: 3,130 Thread 0x00007f4f84556000 Threw 0x00000000f6156770 at /build/buildd/openjdk-7-7u51-2.4.4/build/openjdk/hotspot/src/share/vm/prims/jvm.cpp:1244
Event: 3,130 Thread 0x00007f4f8456f800 Threw 0x00000000f63184b8 at /build/buildd/openjdk-7-7u51-2.4.4/build/openjdk/hotspot/src/share/vm/prims/jvm.cpp:1244
Event: 3,130 Thread 0x00007f4f84556000 Threw 0x00000000f6157870 at /build/buildd/openjdk-7-7u51-2.4.4/build/openjdk/hotspot/src/share/vm/prims/jvm.cpp:1244
Event: 3,133 Thread 0x00007f4f8456f800 Threw 0x00000000f63682b8 at /build/buildd/openjdk-7-7u51-2.4.4/build/openjdk/hotspot/src/share/vm/prims/jvm.cpp:1244
Event: 3,134 Thread 0x00007f4f8456f800 Threw 0x00000000f6369460 at /build/buildd/openjdk-7-7u51-2.4.4/build/openjdk/hotspot/src/share/vm/prims/jvm.cpp:1244
Event: 3,293 Thread 0x00007f4f84556000 Threw 0x00000000f63580a8 at /build/buildd/openjdk-7-7u51-2.4.4/build/openjdk/hotspot/src/share/vm/prims/jvm.cpp:1244
Event: 3,294 Thread 0x00007f4f84556000 Threw 0x00000000f655e050 at /build/buildd/openjdk-7-7u51-2.4.4/build/openjdk/hotspot/src/share/vm/prims/jvm.cpp:1244

Events (10 events):
Event: 3,293 loading class 0x00007f4f4400c9c0
Event: 3,293 loading class 0x00007f4f4400c9c0 done
Event: 3,526 Thread 0x00007f4f840a7800 flushing nmethod 0x00007f4f80a51390
Event: 3,526 Thread 0x00007f4f840a7800 flushing nmethod 0x00007f4f80a53250
Event: 3,528 Thread 0x00007f4f840aa800 flushing nmethod 0x00007f4f80a72c90
Event: 3,572 Thread 0x00007f4f8400a800 Uncommon trap: trap_request=0xffffffad fr.pc=0x00007f4f80b8d390
Event: 3,572 Thread 0x00007f4f8400a800 DEOPT PACKING pc=0x00007f4f80b8d390 sp=0x00007f4f88d46bd0
Event: 3,572 Thread 0x00007f4f8400a800 DEOPT UNPACKING pc=0x00007f4f80a17045 sp=0x00007f4f88d46b88 mode 2
Event: 3,688 Executing VM operation: ParallelGCFailedAllocation
Event: 3,713 Executing VM operation: ParallelGCFailedAllocation done


Dynamic libraries:
00400000-00401000 r-xp 00000000 08:05 12322450                           /usr/lib/jvm/java-7-openjdk-amd64/jre/bin/java
00600000-00601000 r--p 00000000 08:05 12322450                           /usr/lib/jvm/java-7-openjdk-amd64/jre/bin/java
00601000-00602000 rw-p 00001000 08:05 12322450                           /usr/lib/jvm/java-7-openjdk-amd64/jre/bin/java
01461000-01482000 rw-p 00000000 00:00 0                                  [heap]
d6600000-d7f00000 rw-p 00000000 00:00 0 
d7f00000-e0c00000 rw-p 00000000 00:00 0 
e0c00000-e3300000 rw-p 00000000 00:00 0 
e3300000-f5900000 rw-p 00000000 00:00 0 
f5900000-f9a00000 rw-p 00000000 00:00 0 
f9a00000-100000000 rw-p 00000000 00:00 0 
7f4f34000000-7f4f34021000 rw-p 00000000 00:00 0 
7f4f34021000-7f4f38000000 ---p 00000000 00:00 0 
7f4f38000000-7f4f38021000 rw-p 00000000 00:00 0 
7f4f38021000-7f4f3c000000 ---p 00000000 00:00 0 
7f4f3c000000-7f4f3c021000 rw-p 00000000 00:00 0 
7f4f3c021000-7f4f40000000 ---p 00000000 00:00 0 
7f4f40000000-7f4f40021000 rw-p 00000000 00:00 0 
7f4f40021000-7f4f44000000 ---p 00000000 00:00 0 
7f4f44000000-7f4f44027000 rw-p 00000000 00:00 0 
7f4f44027000-7f4f48000000 ---p 00000000 00:00 0 
7f4f4a349000-7f4f4a34b000 r-xp 00000000 08:05 16777738                   /home/luis/practica01/src/lib/libconvex_hull.so
7f4f4a34b000-7f4f4a54a000 ---p 00002000 08:05 16777738                   /home/luis/practica01/src/lib/libconvex_hull.so
7f4f4a54a000-7f4f4a54b000 r--p 00001000 08:05 16777738                   /home/luis/practica01/src/lib/libconvex_hull.so
7f4f4a54b000-7f4f4a54c000 rw-p 00002000 08:05 16777738                   /home/luis/practica01/src/lib/libconvex_hull.so
7f4f4a54c000-7f4f4a54e000 r-xp 00000000 08:05 16777737                   /home/luis/practica01/src/lib/libdouble_linked_list.so
7f4f4a54e000-7f4f4a74d000 ---p 00002000 08:05 16777737                   /home/luis/practica01/src/lib/libdouble_linked_list.so
7f4f4a74d000-7f4f4a74e000 r--p 00001000 08:05 16777737                   /home/luis/practica01/src/lib/libdouble_linked_list.so
7f4f4a74e000-7f4f4a74f000 rw-p 00002000 08:05 16777737                   /home/luis/practica01/src/lib/libdouble_linked_list.so
7f4f4a74f000-7f4f4a750000 r-xp 00000000 08:05 16777736                   /home/luis/practica01/src/lib/lib2d_points.so
7f4f4a750000-7f4f4a94f000 ---p 00001000 08:05 16777736                   /home/luis/practica01/src/lib/lib2d_points.so
7f4f4a94f000-7f4f4a950000 r--p 00000000 08:05 16777736                   /home/luis/practica01/src/lib/lib2d_points.so
7f4f4a950000-7f4f4a951000 rw-p 00001000 08:05 16777736                   /home/luis/practica01/src/lib/lib2d_points.so
7f4f4a951000-7f4f4a954000 ---p 00000000 00:00 0 
7f4f4a954000-7f4f4ab52000 rw-p 00000000 00:00 0 
7f4f4ab52000-7f4f4ab55000 ---p 00000000 00:00 0 
7f4f4ab55000-7f4f4ad53000 rw-p 00000000 00:00 0                          [stack:5983]
7f4f4ad53000-7f4f4ad56000 ---p 00000000 00:00 0 
7f4f4ad56000-7f4f4af54000 rw-p 00000000 00:00 0 
7f4f4af54000-7f4f4af57000 ---p 00000000 00:00 0 
7f4f4af57000-7f4f4b155000 rw-p 00000000 00:00 0                          [stack:5913]
7f4f4b155000-7f4f4b167000 r-xp 00000000 08:05 16253453                   /home/luis/.rbenv/versions/jruby-1.7.10/lib/jni/x86_64-Linux/libjffi-1.2.so
7f4f4b167000-7f4f4b366000 ---p 00012000 08:05 16253453                   /home/luis/.rbenv/versions/jruby-1.7.10/lib/jni/x86_64-Linux/libjffi-1.2.so
7f4f4b366000-7f4f4b367000 rw-p 00011000 08:05 16253453                   /home/luis/.rbenv/versions/jruby-1.7.10/lib/jni/x86_64-Linux/libjffi-1.2.so
7f4f4b367000-7f4f4b377000 r-xp 00000000 08:05 12322344                   /usr/lib/jvm/java-7-openjdk-amd64/jre/lib/amd64/libnio.so
7f4f4b377000-7f4f4b577000 ---p 00010000 08:05 12322344                   /usr/lib/jvm/java-7-openjdk-amd64/jre/lib/amd64/libnio.so
7f4f4b577000-7f4f4b578000 r--p 00010000 08:05 12322344                   /usr/lib/jvm/java-7-openjdk-amd64/jre/lib/amd64/libnio.so
7f4f4b578000-7f4f4b579000 rw-p 00011000 08:05 12322344                   /usr/lib/jvm/java-7-openjdk-amd64/jre/lib/amd64/libnio.so
7f4f4b579000-7f4f4b5b6000 r-xp 00000000 08:05 9834371                    /lib/x86_64-linux-gnu/libpcre.so.3.13.1
7f4f4b5b6000-7f4f4b7b6000 ---p 0003d000 08:05 9834371                    /lib/x86_64-linux-gnu/libpcre.so.3.13.1
7f4f4b7b6000-7f4f4b7b7000 r--p 0003d000 08:05 9834371                    /lib/x86_64-linux-gnu/libpcre.so.3.13.1
7f4f4b7b7000-7f4f4b7b8000 rw-p 0003e000 08:05 9834371                    /lib/x86_64-linux-gnu/libpcre.so.3.13.1
7f4f4b7b8000-7f4f4b7bf000 r-xp 00000000 08:05 12196946                   /usr/lib/x86_64-linux-gnu/libffi.so.6.0.1
7f4f4b7bf000-7f4f4b9be000 ---p 00007000 08:05 12196946                   /usr/lib/x86_64-linux-gnu/libffi.so.6.0.1
7f4f4b9be000-7f4f4b9bf000 r--p 00006000 08:05 12196946                   /usr/lib/x86_64-linux-gnu/libffi.so.6.0.1
7f4f4b9bf000-7f4f4b9c0000 rw-p 00007000 08:05 12196946                   /usr/lib/x86_64-linux-gnu/libffi.so.6.0.1
7f4f4b9c0000-7f4f4b9d6000 r-xp 00000000 08:05 9834394                    /lib/x86_64-linux-gnu/libresolv-2.17.so
7f4f4b9d6000-7f4f4bbd6000 ---p 00016000 08:05 9834394                    /lib/x86_64-linux-gnu/libresolv-2.17.so
7f4f4bbd6000-7f4f4bbd7000 r--p 00016000 08:05 9834394                    /lib/x86_64-linux-gnu/libresolv-2.17.so
7f4f4bbd7000-7f4f4bbd8000 rw-p 00017000 08:05 9834394                    /lib/x86_64-linux-gnu/libresolv-2.17.so
7f4f4bbd8000-7f4f4bbda000 rw-p 00000000 00:00 0 
7f4f4bbda000-7f4f4bbf9000 r-xp 00000000 08:05 9834398                    /lib/x86_64-linux-gnu/libselinux.so.1
7f4f4bbf9000-7f4f4bdf9000 ---p 0001f000 08:05 9834398                    /lib/x86_64-linux-gnu/libselinux.so.1
7f4f4bdf9000-7f4f4bdfa000 r--p 0001f000 08:05 9834398                    /lib/x86_64-linux-gnu/libselinux.so.1
7f4f4bdfa000-7f4f4bdfb000 rw-p 00020000 08:05 9834398                    /lib/x86_64-linux-gnu/libselinux.so.1
7f4f4bdfb000-7f4f4bdfc000 rw-p 00000000 00:00 0 
7f4f4bdfc000-7f4f4bdff000 r-xp 00000000 08:05 12190134                   /usr/lib/x86_64-linux-gnu/libgmodule-2.0.so.0.3800.1
7f4f4bdff000-7f4f4bffe000 ---p 00003000 08:05 12190134                   /usr/lib/x86_64-linux-gnu/libgmodule-2.0.so.0.3800.1
7f4f4bffe000-7f4f4bfff000 r--p 00002000 08:05 12190134                   /usr/lib/x86_64-linux-gnu/libgmodule-2.0.so.0.3800.1
7f4f4bfff000-7f4f4c000000 rw-p 00003000 08:05 12190134                   /usr/lib/x86_64-linux-gnu/libgmodule-2.0.so.0.3800.1
7f4f4c000000-7f4f4c021000 rw-p 00000000 00:00 0 
7f4f4c021000-7f4f50000000 ---p 00000000 00:00 0 
7f4f50000000-7f4f50021000 rw-p 00000000 00:00 0 
7f4f50021000-7f4f54000000 ---p 00000000 00:00 0 
7f4f54000000-7f4f54f4c000 rw-p 00000000 00:00 0 
7f4f54f4c000-7f4f58000000 ---p 00000000 00:00 0 
7f4f58000000-7f4f58ffe000 rw-p 00000000 00:00 0 
7f4f58ffe000-7f4f5c000000 ---p 00000000 00:00 0 
7f4f5c000000-7f4f5c021000 rw-p 00000000 00:00 0 
7f4f5c021000-7f4f60000000 ---p 00000000 00:00 0 
7f4f60000000-7f4f60021000 rw-p 00000000 00:00 0 
7f4f60021000-7f4f64000000 ---p 00000000 00:00 0 
7f4f64000000-7f4f64021000 rw-p 00000000 00:00 0 
7f4f64021000-7f4f68000000 ---p 00000000 00:00 0 
7f4f68000000-7f4f68021000 rw-p 00000000 00:00 0 
7f4f68021000-7f4f6c000000 ---p 00000000 00:00 0 
7f4f6c000000-7f4f6c021000 rw-p 00000000 00:00 0 
7f4f6c021000-7f4f70000000 ---p 00000000 00:00 0 
7f4f7005e000-7f4f70061000 ---p 00000000 00:00 0 
7f4f70061000-7f4f70097000 rw-p 00000000 00:00 0                          [stack:5916]
7f4f70097000-7f4f70195000 r-xp 00000000 08:05 9834386                    /lib/x86_64-linux-gnu/libglib-2.0.so.0.3800.1
7f4f70195000-7f4f70395000 ---p 000fe000 08:05 9834386                    /lib/x86_64-linux-gnu/libglib-2.0.so.0.3800.1
7f4f70395000-7f4f70396000 r--p 000fe000 08:05 9834386                    /lib/x86_64-linux-gnu/libglib-2.0.so.0.3800.1
7f4f70396000-7f4f70397000 rw-p 000ff000 08:05 9834386                    /lib/x86_64-linux-gnu/libglib-2.0.so.0.3800.1
7f4f70397000-7f4f70398000 rw-p 00000000 00:00 0 
7f4f70398000-7f4f703e7000 r-xp 00000000 08:05 12190125                   /usr/lib/x86_64-linux-gnu/libgobject-2.0.so.0.3800.1
7f4f703e7000-7f4f705e7000 ---p 0004f000 08:05 12190125                   /usr/lib/x86_64-linux-gnu/libgobject-2.0.so.0.3800.1
7f4f705e7000-7f4f705e8000 r--p 0004f000 08:05 12190125                   /usr/lib/x86_64-linux-gnu/libgobject-2.0.so.0.3800.1
7f4f705e8000-7f4f705e9000 rw-p 00050000 08:05 12190125                   /usr/lib/x86_64-linux-gnu/libgobject-2.0.so.0.3800.1
7f4f705e9000-7f4f70745000 r-xp 00000000 08:05 12190099                   /usr/lib/x86_64-linux-gnu/libgio-2.0.so.0.3800.1
7f4f70745000-7f4f70944000 ---p 0015c000 08:05 12190099                   /usr/lib/x86_64-linux-gnu/libgio-2.0.so.0.3800.1
7f4f70944000-7f4f70948000 r--p 0015b000 08:05 12190099                   /usr/lib/x86_64-linux-gnu/libgio-2.0.so.0.3800.1
7f4f70948000-7f4f7094a000 rw-p 0015f000 08:05 12190099                   /usr/lib/x86_64-linux-gnu/libgio-2.0.so.0.3800.1
7f4f7094a000-7f4f7094c000 rw-p 00000000 00:00 0 
7f4f70963000-7f4f70979000 r-xp 00000000 08:05 12322132                   /usr/lib/jvm/java-7-openjdk-amd64/jre/lib/amd64/libnet.so
7f4f70979000-7f4f70b78000 ---p 00016000 08:05 12322132                   /usr/lib/jvm/java-7-openjdk-amd64/jre/lib/amd64/libnet.so
7f4f70b78000-7f4f70b79000 r--p 00015000 08:05 12322132                   /usr/lib/jvm/java-7-openjdk-amd64/jre/lib/amd64/libnet.so
7f4f70b79000-7f4f70b7a000 rw-p 00016000 08:05 12322132                   /usr/lib/jvm/java-7-openjdk-amd64/jre/lib/amd64/libnet.so
7f4f70b7a000-7f4f70b7b000 ---p 00000000 00:00 0 
7f4f70b7b000-7f4f70c7b000 rw-p 00000000 00:00 0                          [stack:5912]
7f4f70c7b000-7f4f70c7e000 ---p 00000000 00:00 0 
7f4f70c7e000-7f4f70e7c000 rw-p 00000000 00:00 0                          [stack:5911]
7f4f70e7c000-7f4f70e7f000 ---p 00000000 00:00 0 
7f4f70e7f000-7f4f70f7d000 rw-p 00000000 00:00 0                          [stack:5910]
7f4f70f7d000-7f4f70f80000 ---p 00000000 00:00 0 
7f4f70f80000-7f4f7107e000 rw-p 00000000 00:00 0                          [stack:5909]
7f4f7107e000-7f4f71081000 ---p 00000000 00:00 0 
7f4f71081000-7f4f7127f000 rw-p 00000000 00:00 0                          [stack:5908]
7f4f7127f000-7f4f71679000 r--p 00000000 08:05 12195384                   /usr/lib/locale/locale-archive
7f4f71679000-7f4f7167c000 ---p 00000000 00:00 0 
7f4f7167c000-7f4f7187a000 rw-p 00000000 00:00 0                          [stack:5907]
7f4f7187a000-7f4f7187d000 ---p 00000000 00:00 0 
7f4f7187d000-7f4f71a7b000 rw-p 00000000 00:00 0                          [stack:5906]
7f4f71a7b000-7f4f71a7c000 ---p 00000000 00:00 0 
7f4f71a7c000-7f4f74000000 rw-p 00000000 00:00 0                          [stack:5905]
7f4f74000000-7f4f74021000 rw-p 00000000 00:00 0 
7f4f74021000-7f4f78000000 ---p 00000000 00:00 0 
7f4f78000000-7f4f78021000 rw-p 00000000 00:00 0 
7f4f78021000-7f4f7c000000 ---p 00000000 00:00 0 
7f4f7c000000-7f4f7c021000 rw-p 00000000 00:00 0 
7f4f7c021000-7f4f80000000 ---p 00000000 00:00 0 
7f4f80009000-7f4f80032000 rw-p 00000000 00:00 0 
7f4f80032000-7f4f8011b000 r--s 00bb9000 08:05 16253440                   /home/luis/.rbenv/versions/jruby-1.7.10/lib/jruby.jar
7f4f8011b000-7f4f802c9000 r--s 01cf4000 08:05 12322430                   /usr/lib/jvm/java-7-openjdk-amd64/jre/lib/rt.jar
7f4f802c9000-7f4f8048c000 rw-p 00000000 00:00 0 
7f4f8048c000-7f4f8048d000 ---p 00000000 00:00 0 
7f4f8048d000-7f4f8058d000 rw-p 00000000 00:00 0                          [stack:5904]
7f4f8058d000-7f4f8058e000 ---p 00000000 00:00 0 
7f4f8058e000-7f4f8068e000 rw-p 00000000 00:00 0                          [stack:5903]
7f4f8068e000-7f4f8068f000 ---p 00000000 00:00 0 
7f4f8068f000-7f4f8078f000 rw-p 00000000 00:00 0                          [stack:5902]
7f4f8078f000-7f4f80790000 ---p 00000000 00:00 0 
7f4f80790000-7f4f8089d000 rw-p 00000000 00:00 0                          [stack:5901]
7f4f8089d000-7f4f808e3000 rw-p 00000000 00:00 0 
7f4f808e3000-7f4f808f7000 rw-p 00000000 00:00 0 
7f4f808f7000-7f4f80989000 rw-p 00000000 00:00 0 
7f4f80989000-7f4f809aa000 rw-p 00000000 00:00 0 
7f4f809aa000-7f4f809dd000 rw-p 00000000 00:00 0 
7f4f809dd000-7f4f809de000 rw-p 00000000 00:00 0 
7f4f809de000-7f4f80c4e000 rwxp 00000000 00:00 0 
7f4f80c4e000-7f4f839de000 rw-p 00000000 00:00 0 
7f4f839de000-7f4f839e6000 r-xp 00000000 08:05 12322081                   /usr/lib/jvm/java-7-openjdk-amd64/jre/lib/amd64/libzip.so
7f4f839e6000-7f4f83be5000 ---p 00008000 08:05 12322081                   /usr/lib/jvm/java-7-openjdk-amd64/jre/lib/amd64/libzip.so
7f4f83be5000-7f4f83be6000 r--p 00007000 08:05 12322081                   /usr/lib/jvm/java-7-openjdk-amd64/jre/lib/amd64/libzip.so
7f4f83be6000-7f4f83be7000 rw-p 00008000 08:05 12322081                   /usr/lib/jvm/java-7-openjdk-amd64/jre/lib/amd64/libzip.so
7f4f83be7000-7f4f83bf3000 r-xp 00000000 08:05 9834349                    /lib/x86_64-linux-gnu/libnss_files-2.17.so
7f4f83bf3000-7f4f83df2000 ---p 0000c000 08:05 9834349                    /lib/x86_64-linux-gnu/libnss_files-2.17.so
7f4f83df2000-7f4f83df3000 r--p 0000b000 08:05 9834349                    /lib/x86_64-linux-gnu/libnss_files-2.17.so
7f4f83df3000-7f4f83df4000 rw-p 0000c000 08:05 9834349                    /lib/x86_64-linux-gnu/libnss_files-2.17.so
7f4f83df4000-7f4f83dff000 r-xp 00000000 08:05 9834353                    /lib/x86_64-linux-gnu/libnss_nis-2.17.so
7f4f83dff000-7f4f83ffe000 ---p 0000b000 08:05 9834353                    /lib/x86_64-linux-gnu/libnss_nis-2.17.so
7f4f83ffe000-7f4f83fff000 r--p 0000a000 08:05 9834353                    /lib/x86_64-linux-gnu/libnss_nis-2.17.so
7f4f83fff000-7f4f84000000 rw-p 0000b000 08:05 9834353                    /lib/x86_64-linux-gnu/libnss_nis-2.17.so
7f4f84000000-7f4f845ab000 rw-p 00000000 00:00 0 
7f4f845ab000-7f4f88000000 ---p 00000000 00:00 0 
7f4f88015000-7f4f880e0000 rw-p 00000000 00:00 0 
7f4f880e0000-7f4f880f7000 r-xp 00000000 08:05 9834343                    /lib/x86_64-linux-gnu/libnsl-2.17.so
7f4f880f7000-7f4f882f6000 ---p 00017000 08:05 9834343                    /lib/x86_64-linux-gnu/libnsl-2.17.so
7f4f882f6000-7f4f882f7000 r--p 00016000 08:05 9834343                    /lib/x86_64-linux-gnu/libnsl-2.17.so
7f4f882f7000-7f4f882f8000 rw-p 00017000 08:05 9834343                    /lib/x86_64-linux-gnu/libnsl-2.17.so
7f4f882f8000-7f4f882fa000 rw-p 00000000 00:00 0 
7f4f882fa000-7f4f88302000 r-xp 00000000 08:05 9834345                    /lib/x86_64-linux-gnu/libnss_compat-2.17.so
7f4f88302000-7f4f88501000 ---p 00008000 08:05 9834345                    /lib/x86_64-linux-gnu/libnss_compat-2.17.so
7f4f88501000-7f4f88502000 r--p 00007000 08:05 9834345                    /lib/x86_64-linux-gnu/libnss_compat-2.17.so
7f4f88502000-7f4f88503000 rw-p 00008000 08:05 9834345                    /lib/x86_64-linux-gnu/libnss_compat-2.17.so
7f4f88503000-7f4f8852e000 r-xp 00000000 08:05 12322007                   /usr/lib/jvm/java-7-openjdk-amd64/jre/lib/amd64/libjava.so
7f4f8852e000-7f4f8872d000 ---p 0002b000 08:05 12322007                   /usr/lib/jvm/java-7-openjdk-amd64/jre/lib/amd64/libjava.so
7f4f8872d000-7f4f8872e000 r--p 0002a000 08:05 12322007                   /usr/lib/jvm/java-7-openjdk-amd64/jre/lib/amd64/libjava.so
7f4f8872e000-7f4f88730000 rw-p 0002b000 08:05 12322007                   /usr/lib/jvm/java-7-openjdk-amd64/jre/lib/amd64/libjava.so
7f4f88730000-7f4f88740000 r-xp 00000000 08:05 12322321                   /usr/lib/jvm/java-7-openjdk-amd64/jre/lib/amd64/libverify.so
7f4f88740000-7f4f8893f000 ---p 00010000 08:05 12322321                   /usr/lib/jvm/java-7-openjdk-amd64/jre/lib/amd64/libverify.so
7f4f8893f000-7f4f88941000 r--p 0000f000 08:05 12322321                   /usr/lib/jvm/java-7-openjdk-amd64/jre/lib/amd64/libverify.so
7f4f88941000-7f4f88942000 rw-p 00011000 08:05 12322321                   /usr/lib/jvm/java-7-openjdk-amd64/jre/lib/amd64/libverify.so
7f4f88942000-7f4f88949000 r-xp 00000000 08:05 9834396                    /lib/x86_64-linux-gnu/librt-2.17.so
7f4f88949000-7f4f88b48000 ---p 00007000 08:05 9834396                    /lib/x86_64-linux-gnu/librt-2.17.so
7f4f88b48000-7f4f88b49000 r--p 00006000 08:05 9834396                    /lib/x86_64-linux-gnu/librt-2.17.so
7f4f88b49000-7f4f88b4a000 rw-p 00007000 08:05 9834396                    /lib/x86_64-linux-gnu/librt-2.17.so
7f4f88b4a000-7f4f88b4d000 ---p 00000000 00:00 0 
7f4f88b4d000-7f4f88d4b000 rw-p 00000000 00:00 0                          [stack:5900]
7f4f88d4b000-7f4f88d60000 r-xp 00000000 08:05 9830413                    /lib/x86_64-linux-gnu/libgcc_s.so.1
7f4f88d60000-7f4f88f5f000 ---p 00015000 08:05 9830413                    /lib/x86_64-linux-gnu/libgcc_s.so.1
7f4f88f5f000-7f4f88f60000 r--p 00014000 08:05 9830413                    /lib/x86_64-linux-gnu/libgcc_s.so.1
7f4f88f60000-7f4f88f61000 rw-p 00015000 08:05 9830413                    /lib/x86_64-linux-gnu/libgcc_s.so.1
7f4f88f61000-7f4f89064000 r-xp 00000000 08:05 9834324                    /lib/x86_64-linux-gnu/libm-2.17.so
7f4f89064000-7f4f89263000 ---p 00103000 08:05 9834324                    /lib/x86_64-linux-gnu/libm-2.17.so
7f4f89263000-7f4f89264000 r--p 00102000 08:05 9834324                    /lib/x86_64-linux-gnu/libm-2.17.so
7f4f89264000-7f4f89265000 rw-p 00103000 08:05 9834324                    /lib/x86_64-linux-gnu/libm-2.17.so
7f4f89265000-7f4f8934b000 r-xp 00000000 08:05 12190887                   /usr/lib/x86_64-linux-gnu/libstdc++.so.6.0.18
7f4f8934b000-7f4f8954a000 ---p 000e6000 08:05 12190887                   /usr/lib/x86_64-linux-gnu/libstdc++.so.6.0.18
7f4f8954a000-7f4f89552000 r--p 000e5000 08:05 12190887                   /usr/lib/x86_64-linux-gnu/libstdc++.so.6.0.18
7f4f89552000-7f4f89554000 rw-p 000ed000 08:05 12190887                   /usr/lib/x86_64-linux-gnu/libstdc++.so.6.0.18
7f4f89554000-7f4f89569000 rw-p 00000000 00:00 0 
7f4f89569000-7f4f8a048000 r-xp 00000000 08:05 12322340                   /usr/lib/jvm/java-7-openjdk-amd64/jre/lib/amd64/server/libjvm.so
7f4f8a048000-7f4f8a247000 ---p 00adf000 08:05 12322340                   /usr/lib/jvm/java-7-openjdk-amd64/jre/lib/amd64/server/libjvm.so
7f4f8a247000-7f4f8a2d9000 r--p 00ade000 08:05 12322340                   /usr/lib/jvm/java-7-openjdk-amd64/jre/lib/amd64/server/libjvm.so
7f4f8a2d9000-7f4f8a2fc000 rw-p 00b70000 08:05 12322340                   /usr/lib/jvm/java-7-openjdk-amd64/jre/lib/amd64/server/libjvm.so
7f4f8a2fc000-7f4f8a329000 rw-p 00000000 00:00 0 
7f4f8a329000-7f4f8a341000 r-xp 00000000 08:05 9834431                    /lib/x86_64-linux-gnu/libz.so.1.2.8
7f4f8a341000-7f4f8a540000 ---p 00018000 08:05 9834431                    /lib/x86_64-linux-gnu/libz.so.1.2.8
7f4f8a540000-7f4f8a541000 r--p 00017000 08:05 9834431                    /lib/x86_64-linux-gnu/libz.so.1.2.8
7f4f8a541000-7f4f8a542000 rw-p 00018000 08:05 9834431                    /lib/x86_64-linux-gnu/libz.so.1.2.8
7f4f8a542000-7f4f8a559000 r-xp 00000000 08:05 9834388                    /lib/x86_64-linux-gnu/libpthread-2.17.so
7f4f8a559000-7f4f8a759000 ---p 00017000 08:05 9834388                    /lib/x86_64-linux-gnu/libpthread-2.17.so
7f4f8a759000-7f4f8a75a000 r--p 00017000 08:05 9834388                    /lib/x86_64-linux-gnu/libpthread-2.17.so
7f4f8a75a000-7f4f8a75b000 rw-p 00018000 08:05 9834388                    /lib/x86_64-linux-gnu/libpthread-2.17.so
7f4f8a75b000-7f4f8a75f000 rw-p 00000000 00:00 0 
7f4f8a75f000-7f4f8a762000 r-xp 00000000 08:05 9834288                    /lib/x86_64-linux-gnu/libdl-2.17.so
7f4f8a762000-7f4f8a961000 ---p 00003000 08:05 9834288                    /lib/x86_64-linux-gnu/libdl-2.17.so
7f4f8a961000-7f4f8a962000 r--p 00002000 08:05 9834288                    /lib/x86_64-linux-gnu/libdl-2.17.so
7f4f8a962000-7f4f8a963000 rw-p 00003000 08:05 9834288                    /lib/x86_64-linux-gnu/libdl-2.17.so
7f4f8a963000-7f4f8ab20000 r-xp 00000000 08:05 9834273                    /lib/x86_64-linux-gnu/libc-2.17.so
7f4f8ab20000-7f4f8ad20000 ---p 001bd000 08:05 9834273                    /lib/x86_64-linux-gnu/libc-2.17.so
7f4f8ad20000-7f4f8ad24000 r--p 001bd000 08:05 9834273                    /lib/x86_64-linux-gnu/libc-2.17.so
7f4f8ad24000-7f4f8ad26000 rw-p 001c1000 08:05 9834273                    /lib/x86_64-linux-gnu/libc-2.17.so
7f4f8ad26000-7f4f8ad2b000 rw-p 00000000 00:00 0 
7f4f8ad2b000-7f4f8ad38000 r-xp 00000000 08:05 12322347                   /usr/lib/jvm/java-7-openjdk-amd64/jre/lib/amd64/jli/libjli.so
7f4f8ad38000-7f4f8af37000 ---p 0000d000 08:05 12322347                   /usr/lib/jvm/java-7-openjdk-amd64/jre/lib/amd64/jli/libjli.so
7f4f8af37000-7f4f8af38000 r--p 0000c000 08:05 12322347                   /usr/lib/jvm/java-7-openjdk-amd64/jre/lib/amd64/jli/libjli.so
7f4f8af38000-7f4f8af39000 rw-p 0000d000 08:05 12322347                   /usr/lib/jvm/java-7-openjdk-amd64/jre/lib/amd64/jli/libjli.so
7f4f8af39000-7f4f8af5c000 r-xp 00000000 08:05 9834249                    /lib/x86_64-linux-gnu/ld-2.17.so
7f4f8af61000-7f4f8af62000 rw-p 00000000 00:00 0 
7f4f8af62000-7f4f8af63000 r-xp 00000000 00:00 0 
7f4f8af63000-7f4f8af6a000 r--s 00000000 08:05 12588976                   /usr/lib/x86_64-linux-gnu/gconv/gconv-modules.cache
7f4f8af6a000-7f4f8af6f000 r--s 0004c000 08:05 12322352                   /usr/lib/jvm/java-7-openjdk-amd64/jre/lib/jsse.jar
7f4f8af6f000-7f4f8af72000 r--s 00032000 08:05 12322366                   /usr/lib/jvm/java-7-openjdk-amd64/jre/lib/ext/sunjce_provider.jar
7f4f8af72000-7f4f8af75000 r--s 0000f000 08:05 12322362                   /usr/lib/jvm/java-7-openjdk-amd64/jre/lib/ext/pulse-java.jar
7f4f8af75000-7f4f8af90000 rw-p 00000000 00:00 0 
7f4f8af90000-7f4f8afd6000 rw-p 00000000 00:00 0 
7f4f8afd6000-7f4f8afea000 rw-p 00000000 00:00 0 
7f4f8afea000-7f4f8b07d000 rw-p 00000000 00:00 0 
7f4f8b07d000-7f4f8b087000 rw-p 00000000 00:00 0 
7f4f8b087000-7f4f8b13d000 rw-p 00000000 00:00 0 
7f4f8b13d000-7f4f8b142000 rw-p 00000000 00:00 0 
7f4f8b142000-7f4f8b144000 r--s 00006000 08:05 12717881                   /usr/share/java/java-atk-wrapper.jar
7f4f8b144000-7f4f8b148000 r--s 00085000 08:05 12322360                   /usr/lib/jvm/java-7-openjdk-amd64/jre/lib/ext/localedata.jar
7f4f8b148000-7f4f8b14c000 r--s 0003b000 08:05 12322372                   /usr/lib/jvm/java-7-openjdk-amd64/jre/lib/ext/sunpkcs11.jar
7f4f8b14c000-7f4f8b14d000 r--s 00002000 08:05 12322370                   /usr/lib/jvm/java-7-openjdk-amd64/jre/lib/ext/dnsns.jar
7f4f8b14d000-7f4f8b14f000 r--s 00012000 08:05 12322364                   /usr/lib/jvm/java-7-openjdk-amd64/jre/lib/ext/zipfs.jar
7f4f8b14f000-7f4f8b157000 rw-s 00000000 08:05 7340054                    /tmp/hsperfdata_luis/5875
7f4f8b157000-7f4f8b158000 rw-p 00000000 00:00 0 
7f4f8b158000-7f4f8b159000 r--p 00000000 00:00 0 
7f4f8b159000-7f4f8b15b000 rw-p 00000000 00:00 0 
7f4f8b15b000-7f4f8b15c000 r--p 00022000 08:05 9834249                    /lib/x86_64-linux-gnu/ld-2.17.so
7f4f8b15c000-7f4f8b15e000 rw-p 00023000 08:05 9834249                    /lib/x86_64-linux-gnu/ld-2.17.so
7fffc4632000-7fffc4653000 rw-p 00000000 00:00 0                          [stack]
7fffc4725000-7fffc4727000 r-xp 00000000 00:00 0                          [vdso]
ffffffffff600000-ffffffffff601000 r-xp 00000000 00:00 0                  [vsyscall]

VM Arguments:
jvm_args: -Djdk.home= -Djruby.home=/home/luis/.rbenv/versions/jruby-1.7.10 -Djruby.script=jruby -Djruby.shell=/bin/sh -Djffi.boot.library.path=/home/luis/.rbenv/versions/jruby-1.7.10/lib/jni:/home/luis/.rbenv/versions/jruby-1.7.10/lib/jni/arm-Linux:/home/luis/.rbenv/versions/jruby-1.7.10/lib/jni/x86_64-Linux:/home/luis/.rbenv/versions/jruby-1.7.10/lib/jni/i386-Linux -Xmx500m -Xss2048k -Xbootclasspath/a:/home/luis/.rbenv/versions/jruby-1.7.10/lib/jruby.jar 
java_command: org/jruby/Main Makefile.rb clean compile test
Launcher Type: SUN_STANDARD

Environment Variables:
PATH=/home/luis/.rbenv/versions/jruby-1.7.10/bin:/home/luis/.rbenv/libexec:/home/luis/.rbenv/plugins/ruby-build/bin:/home/luis/.rbenv/shims:~/.rbenv/bin:~/.rbenv/bin:/usr/local/sbin:/usr/local/bin:/usr/sbin:/usr/bin:/sbin:/bin:/usr/games:/usr/local/games
USERNAME=luis
SHELL=/bin/bash
DISPLAY=:0

Signal Handlers:
SIGSEGV: [libjvm.so+0x916ea0], sa_mask[0]=0x7ffbfeff, sa_flags=0x10000004
SIGBUS: [libjvm.so+0x916ea0], sa_mask[0]=0x7ffbfeff, sa_flags=0x10000004
SIGFPE: [libjvm.so+0x794800], sa_mask[0]=0x7ffbfeff, sa_flags=0x10000004
SIGPIPE: [libjvm.so+0x794800], sa_mask[0]=0x7ffbfeff, sa_flags=0x10000004
SIGXFSZ: [libjvm.so+0x794800], sa_mask[0]=0x7ffbfeff, sa_flags=0x10000004
SIGILL: [libjvm.so+0x794800], sa_mask[0]=0x7ffbfeff, sa_flags=0x10000004
SIGUSR1: SIG_DFL, sa_mask[0]=0x00000000, sa_flags=0x00000000
SIGUSR2: [libjvm.so+0x7946a0], sa_mask[0]=0x00000000, sa_flags=0x10000004
SIGHUP: [libjvm.so+0x794880], sa_mask[0]=0x7ffbfeff, sa_flags=0x10000004
SIGINT: [libjvm.so+0x794880], sa_mask[0]=0x7ffbfeff, sa_flags=0x10000004
SIGTERM: [libjvm.so+0x794880], sa_mask[0]=0x7ffbfeff, sa_flags=0x10000004
SIGQUIT: [libjvm.so+0x794880], sa_mask[0]=0x7ffbfeff, sa_flags=0x10000004


---------------  S Y S T E M  ---------------

OS:LinuxMint 16 (petra)
uname:Linux 3.11.0-12-generic #19-Ubuntu SMP Wed Oct 9 16:20:46 UTC 2013 x86_64
libc:glibc 2.17 NPTL 2.17 
rlimit: STACK 8192k, CORE 0k, NPROC 29806, NOFILE 4096, AS infinity
load average:0,47 0,44 0,59

/proc/meminfo:
MemTotal:        3844532 kB
MemFree:         1779740 kB
Buffers:          111048 kB
Cached:          1006708 kB
SwapCached:            0 kB
Active:          1133656 kB
Inactive:         777892 kB
Active(anon):     794916 kB
Inactive(anon):   154440 kB
Active(file):     338740 kB
Inactive(file):   623452 kB
Unevictable:           0 kB
Mlocked:               0 kB
SwapTotal:       3987452 kB
SwapFree:        3987452 kB
Dirty:               604 kB
Writeback:             0 kB
AnonPages:        794116 kB
Mapped:           148648 kB
Shmem:            155568 kB
Slab:              89496 kB
SReclaimable:      66964 kB
SUnreclaim:        22532 kB
KernelStack:        3168 kB
PageTables:        17764 kB
NFS_Unstable:          0 kB
Bounce:                0 kB
WritebackTmp:          0 kB
CommitLimit:     5909716 kB
Committed_AS:    2495340 kB
VmallocTotal:   34359738367 kB
VmallocUsed:      348004 kB
VmallocChunk:   34359386076 kB
HardwareCorrupted:     0 kB
AnonHugePages:         0 kB
HugePages_Total:       0
HugePages_Free:        0
HugePages_Rsvd:        0
HugePages_Surp:        0
Hugepagesize:       2048 kB
DirectMap4k:       56564 kB
DirectMap2M:     3932160 kB


CPU:total 4 (2 cores per cpu, 2 threads per core) family 6 model 37 stepping 5, cmov, cx8, fxsr, mmx, sse, sse2, sse3, ssse3, sse4.1, sse4.2, popcnt, ht, tsc, tscinvbit

/proc/cpuinfo:
processor	: 0
vendor_id	: GenuineIntel
cpu family	: 6
model		: 37
model name	: Intel(R) Core(TM) i5 CPU       M 460  @ 2.53GHz
stepping	: 5
microcode	: 0x2
cpu MHz		: 2534.000
cache size	: 3072 KB
physical id	: 0
siblings	: 4
core id		: 0
cpu cores	: 2
apicid		: 0
initial apicid	: 0
fpu		: yes
fpu_exception	: yes
cpuid level	: 11
wp		: yes
flags		: fpu vme de pse tsc msr pae mce cx8 apic sep mtrr pge mca cmov pat pse36 clflush dts acpi mmx fxsr sse sse2 ss ht tm pbe syscall nx rdtscp lm constant_tsc arch_perfmon pebs bts rep_good nopl xtopology nonstop_tsc aperfmperf pni dtes64 monitor ds_cpl vmx est tm2 ssse3 cx16 xtpr pdcm pcid sse4_1 sse4_2 popcnt lahf_lm ida arat dtherm tpr_shadow vnmi flexpriority ept vpid
bogomips	: 5067.06
clflush size	: 64
cache_alignment	: 64
address sizes	: 36 bits physical, 48 bits virtual
power management:

processor	: 1
vendor_id	: GenuineIntel
cpu family	: 6
model		: 37
model name	: Intel(R) Core(TM) i5 CPU       M 460  @ 2.53GHz
stepping	: 5
microcode	: 0x2
cpu MHz		: 2534.000
cache size	: 3072 KB
physical id	: 0
siblings	: 4
core id		: 0
cpu cores	: 2
apicid		: 1
initial apicid	: 1
fpu		: yes
fpu_exception	: yes
cpuid level	: 11
wp		: yes
flags		: fpu vme de pse tsc msr pae mce cx8 apic sep mtrr pge mca cmov pat pse36 clflush dts acpi mmx fxsr sse sse2 ss ht tm pbe syscall nx rdtscp lm constant_tsc arch_perfmon pebs bts rep_good nopl xtopology nonstop_tsc aperfmperf pni dtes64 monitor ds_cpl vmx est tm2 ssse3 cx16 xtpr pdcm pcid sse4_1 sse4_2 popcnt lahf_lm ida arat dtherm tpr_shadow vnmi flexpriority ept vpid
bogomips	: 5067.06
clflush size	: 64
cache_alignment	: 64
address sizes	: 36 bits physical, 48 bits virtual
power management:

processor	: 2
vendor_id	: GenuineIntel
cpu family	: 6
model		: 37
model name	: Intel(R) Core(TM) i5 CPU       M 460  @ 2.53GHz
stepping	: 5
microcode	: 0x2
cpu MHz		: 2534.000
cache size	: 3072 KB
physical id	: 0
siblings	: 4
core id		: 2
cpu cores	: 2
apicid		: 4
initial apicid	: 4
fpu		: yes
fpu_exception	: yes
cpuid level	: 11
wp		: yes
flags		: fpu vme de pse tsc msr pae mce cx8 apic sep mtrr pge mca cmov pat pse36 clflush dts acpi mmx fxsr sse sse2 ss ht tm pbe syscall nx rdtscp lm constant_tsc arch_perfmon pebs bts rep_good nopl xtopology nonstop_tsc aperfmperf pni dtes64 monitor ds_cpl vmx est tm2 ssse3 cx16 xtpr pdcm pcid sse4_1 sse4_2 popcnt lahf_lm ida arat dtherm tpr_shadow vnmi flexpriority ept vpid
bogomips	: 5067.06
clflush size	: 64
cache_alignment	: 64
address sizes	: 36 bits physical, 48 bits virtual
power management:

processor	: 3
vendor_id	: GenuineIntel
cpu family	: 6
model		: 37
model name	: Intel(R) Core(TM) i5 CPU       M 460  @ 2.53GHz
stepping	: 5
microcode	: 0x2
cpu MHz		: 2534.000
cache size	: 3072 KB
physical id	: 0
siblings	: 4
core id		: 2
cpu cores	: 2
apicid		: 5
initial apicid	: 5
fpu		: yes
fpu_exception	: yes
cpuid level	: 11
wp		: yes
flags		: fpu vme de pse tsc msr pae mce cx8 apic sep mtrr pge mca cmov pat pse36 clflush dts acpi mmx fxsr sse sse2 ss ht tm pbe syscall nx rdtscp lm constant_tsc arch_perfmon pebs bts rep_good nopl xtopology nonstop_tsc aperfmperf pni dtes64 monitor ds_cpl vmx est tm2 ssse3 cx16 xtpr pdcm pcid sse4_1 sse4_2 popcnt lahf_lm ida arat dtherm tpr_shadow vnmi flexpriority ept vpid
bogomips	: 5067.06
clflush size	: 64
cache_alignment	: 64
address sizes	: 36 bits physical, 48 bits virtual
power management:



Memory: 4k page, physical 3844532k(1779492k free), swap 3987452k(3987452k free)

vm_info: OpenJDK 64-Bit Server VM (24.45-b08) for linux-amd64 JRE (1.7.0_51-b00), built on Jan 15 2014 22:02:57 by "buildd" with gcc 4.8.1

time: Sun Mar  9 18:04:01 2014
elapsed time: 3 seconds

