#
# A fatal error has been detected by the Java Runtime Environment:
#
#  SIGSEGV (0xb) at pc=0xb48f3152, pid=6730, tid=3064617792
#
# JRE version: 7.0_25-b30
# Java VM: OpenJDK Client VM (23.7-b01 mixed mode, sharing linux-x86 )
# Problematic frame:
# J  org.jruby.runtime.callsite.CachingCallSite.call(Lorg/jruby/runtime/ThreadContext;Lorg/jruby/runtime/builtin/IRubyObject;Lorg/jruby/runtime/builtin/IRubyObject;Lorg/jruby/runtime/builtin/IRubyObject;Lorg/jruby/runtime/builtin/IRubyObject;)Lorg/jruby/runtime/builtin/IRubyObject;
#
# Failed to write core dump. Core dumps have been disabled. To enable core dumping, try "ulimit -c unlimited" before starting Java again
#
# If you would like to submit a bug report, please include
# instructions on how to reproduce the bug and visit:
#   https://bugs.launchpad.net/ubuntu/+source/openjdk-7/
#

---------------  T H R E A D  ---------------

Current thread (0xb6707000):  JavaThread "main" [_thread_in_Java, id=6755, stack(0xb68a5000,0xb6aa6000)]

siginfo:si_signo=SIGSEGV: si_errno=0, si_code=1 (SEGV_MAPERR), si_addr=0xa07230b2

Registers:
EAX=0x6f8373df, EBX=0xb6aa4110, ECX=0xb6aa40cc, EDX=0x6f8373c0
ESP=0x6f6c7668, EBP=0xb6aa41c8, ESI=0xb48f3150, EDI=0x00000000
EIP=0xb48f3152, EFLAGS=0x00010212, CR2=0xa07230b2

Top of Stack: (sp=0x6f6c7668)
0x6f6c7668:   00000005 8f6bb8a0 00000000 00000000
0x6f6c7678:   7a3202d0 00000000 6f6c70c8 6f6c5438
0x6f6c7688:   b6707005 8f6b2370 00000000 00000002
0x6f6c7698:   6fa17b18 6f6c7d50 00000004 00000004
0x6f6c76a8:   6f9cbe58 00000000 6f9f9380 6f6c7668
0x6f6c76b8:   6f6c76c0 6f6c76d8 00000005 8eb59d40
0x6f6c76c8:   6f9a4090 79c291e0 6f72e388 00000000
0x6f6c76d8:   00000005 8eb59d40 6f9a6f28 79c291e0 

Instructions: (pc=0xb48f3152)
0xb48f3132:   7c 24 04 89 4c 24 08 89 5c 24 0c 89 44 24 10 8b
0xb48f3142:   4c 24 48 90 b8 d8 57 20 8f e8 98 52 f3 ff 48 5c
0xb48f3152:   a0 b2 30 72 a0 b2 03 00 00 00 54 24 60 8b 4c 24
0xb48f3162:   44 89 3c 24 89 4c 24 04 89 74 24 08 89 5c 24 0c 

Register to memory mapping:

EAX=
[error occurred during error reporting (printing register info), id 0xb]

Stack: [0xb68a5000,0xb6aa6000],  sp=0x6f6c7668,  free space=3029129k
Native frames: (J=compiled Java code, j=interpreted, Vv=VM code, C=native code)
J  org.jruby.runtime.callsite.CachingCallSite.call(Lorg/jruby/runtime/ThreadContext;Lorg/jruby/runtime/builtin/IRubyObject;Lorg/jruby/runtime/builtin/IRubyObject;Lorg/jruby/runtime/builtin/IRubyObject;Lorg/jruby/runtime/builtin/IRubyObject;)Lorg/jruby/runtime/builtin/IRubyObject;
j  org.jruby.ext.ffi.jffi.DataConverters$MappedDataConverter.fromNative(Lorg/jruby/runtime/ThreadContext;Lorg/jruby/runtime/builtin/IRubyObject;)Lorg/jruby/runtime/builtin/IRubyObject;+6
j  org.jruby.ext.ffi.jffi.NativeInvoker$ffi$1.call(Lorg/jruby/runtime/ThreadContext;Lorg/jruby/runtime/builtin/IRubyObject;Lorg/jruby/RubyModule;Ljava/lang/String;Lorg/jruby/runtime/builtin/IRubyObject;)Lorg/jruby/runtime/builtin/IRubyObject;+90
j  org.jruby.runtime.callsite.CachingCallSite.cacheAndCall(Lorg/jruby/runtime/builtin/IRubyObject;Lorg/jruby/RubyClass;Lorg/jruby/runtime/ThreadContext;Lorg/jruby/runtime/builtin/IRubyObject;Lorg/jruby/runtime/builtin/IRubyObject;)Lorg/jruby/runtime/builtin/IRubyObject;+57
J  org.jruby.runtime.callsite.CachingCallSite.call(Lorg/jruby/runtime/ThreadContext;Lorg/jruby/runtime/builtin/IRubyObject;Lorg/jruby/runtime/builtin/IRubyObject;Lorg/jruby/runtime/builtin/IRubyObject;)Lorg/jruby/runtime/builtin/IRubyObject;
J  org.jruby.ast.NewlineNode.interpret(Lorg/jruby/Ruby;Lorg/jruby/runtime/ThreadContext;Lorg/jruby/runtime/builtin/IRubyObject;Lorg/jruby/runtime/Block;)Lorg/jruby/runtime/builtin/IRubyObject;
j  org.jruby.internal.runtime.methods.InterpretedMethod.call(Lorg/jruby/runtime/ThreadContext;Lorg/jruby/runtime/builtin/IRubyObject;Lorg/jruby/RubyModule;Ljava/lang/String;)Lorg/jruby/runtime/builtin/IRubyObject;+80
j  org.jruby.internal.runtime.methods.DefaultMethod.call(Lorg/jruby/runtime/ThreadContext;Lorg/jruby/runtime/builtin/IRubyObject;Lorg/jruby/RubyModule;Ljava/lang/String;)Lorg/jruby/runtime/builtin/IRubyObject;+20
j  org.jruby.runtime.callsite.CachingCallSite.cacheAndCall(Lorg/jruby/runtime/builtin/IRubyObject;Lorg/jruby/RubyClass;Lorg/jruby/runtime/ThreadContext;Lorg/jruby/runtime/builtin/IRubyObject;)Lorg/jruby/runtime/builtin/IRubyObject;+53
J  org.jruby.runtime.callsite.CachingCallSite.call(Lorg/jruby/runtime/ThreadContext;Lorg/jruby/runtime/builtin/IRubyObject;Lorg/jruby/runtime/builtin/IRubyObject;)Lorg/jruby/runtime/builtin/IRubyObject;
J  org.jruby.ast.NewlineNode.interpret(Lorg/jruby/Ruby;Lorg/jruby/runtime/ThreadContext;Lorg/jruby/runtime/builtin/IRubyObject;Lorg/jruby/runtime/Block;)Lorg/jruby/runtime/builtin/IRubyObject;
j  org.jruby.internal.runtime.methods.InterpretedMethod.call(Lorg/jruby/runtime/ThreadContext;Lorg/jruby/runtime/builtin/IRubyObject;Lorg/jruby/RubyModule;Ljava/lang/String;)Lorg/jruby/runtime/builtin/IRubyObject;+80
j  org.jruby.internal.runtime.methods.DefaultMethod.call(Lorg/jruby/runtime/ThreadContext;Lorg/jruby/runtime/builtin/IRubyObject;Lorg/jruby/RubyModule;Ljava/lang/String;)Lorg/jruby/runtime/builtin/IRubyObject;+20
j  org.jruby.runtime.callsite.CachingCallSite.cacheAndCall(Lorg/jruby/runtime/builtin/IRubyObject;Lorg/jruby/RubyClass;Lorg/jruby/runtime/ThreadContext;Lorg/jruby/runtime/builtin/IRubyObject;)Lorg/jruby/runtime/builtin/IRubyObject;+53
J  org.jruby.runtime.callsite.CachingCallSite.call(Lorg/jruby/runtime/ThreadContext;Lorg/jruby/runtime/builtin/IRubyObject;Lorg/jruby/runtime/builtin/IRubyObject;)Lorg/jruby/runtime/builtin/IRubyObject;
j  Makefile$method__2$RUBY$test.call(Lorg/jruby/runtime/ThreadContext;Lorg/jruby/runtime/builtin/IRubyObject;Lorg/jruby/RubyModule;Ljava/lang/String;Lorg/jruby/runtime/Block;)Lorg/jruby/runtime/builtin/IRubyObject;+17
j  org.jruby.RubyClass.finvoke(Lorg/jruby/runtime/ThreadContext;Lorg/jruby/runtime/builtin/IRubyObject;Ljava/lang/String;Lorg/jruby/runtime/Block;)Lorg/jruby/runtime/builtin/IRubyObject;+41
j  org.jruby.RubyBasicObject.send19(Lorg/jruby/runtime/ThreadContext;Lorg/jruby/runtime/builtin/IRubyObject;Lorg/jruby/runtime/Block;)Lorg/jruby/runtime/builtin/IRubyObject;+15
j  org.jruby.RubyKernel.send19(Lorg/jruby/runtime/ThreadContext;Lorg/jruby/runtime/builtin/IRubyObject;Lorg/jruby/runtime/builtin/IRubyObject;Lorg/jruby/runtime/Block;)Lorg/jruby/runtime/builtin/IRubyObject;+7
j  org.jruby.RubyKernel$INVOKER$s$send19.call(Lorg/jruby/runtime/ThreadContext;Lorg/jruby/runtime/builtin/IRubyObject;Lorg/jruby/RubyModule;Ljava/lang/String;Lorg/jruby/runtime/builtin/IRubyObject;Lorg/jruby/runtime/Block;)Lorg/jruby/runtime/builtin/IRubyObject;+6
j  org.jruby.internal.runtime.methods.JavaMethod$JavaMethodOneOrNBlock.call(Lorg/jruby/runtime/ThreadContext;Lorg/jruby/runtime/builtin/IRubyObject;Lorg/jruby/RubyModule;Ljava/lang/String;Lorg/jruby/runtime/builtin/IRubyObject;)Lorg/jruby/runtime/builtin/IRubyObject;+11
J  org.jruby.runtime.callsite.CachingCallSite.call(Lorg/jruby/runtime/ThreadContext;Lorg/jruby/runtime/builtin/IRubyObject;Lorg/jruby/runtime/builtin/IRubyObject;Lorg/jruby/runtime/builtin/IRubyObject;)Lorg/jruby/runtime/builtin/IRubyObject;
j  Makefile$block_6$RUBY$__file__.call(Lorg/jruby/runtime/ThreadContext;Lorg/jruby/runtime/builtin/IRubyObject;[Lorg/jruby/runtime/builtin/IRubyObject;Lorg/jruby/runtime/Block;)Lorg/jruby/runtime/builtin/IRubyObject;+9
j  org.jruby.runtime.CompiledBlock19.yield(Lorg/jruby/runtime/ThreadContext;Lorg/jruby/runtime/builtin/IRubyObject;Lorg/jruby/runtime/Binding;Lorg/jruby/runtime/Block$Type;)Lorg/jruby/runtime/builtin/IRubyObject;+52
J  org.jruby.runtime.Block.yield(Lorg/jruby/runtime/ThreadContext;Lorg/jruby/runtime/builtin/IRubyObject;)Lorg/jruby/runtime/builtin/IRubyObject;
j  org.jruby.RubyArray.each(Lorg/jruby/runtime/ThreadContext;Lorg/jruby/runtime/Block;)Lorg/jruby/runtime/builtin/IRubyObject;+10
j  org.jruby.RubyArray$INVOKER$i$0$0$each.call(Lorg/jruby/runtime/ThreadContext;Lorg/jruby/runtime/builtin/IRubyObject;Lorg/jruby/RubyModule;Ljava/lang/String;Lorg/jruby/runtime/Block;)Lorg/jruby/runtime/builtin/IRubyObject;+7
j  org.jruby.runtime.callsite.CachingCallSite.cacheAndCall(Lorg/jruby/runtime/builtin/IRubyObject;Lorg/jruby/RubyClass;Lorg/jruby/runtime/Block;Lorg/jruby/runtime/ThreadContext;Lorg/jruby/runtime/builtin/IRubyObject;)Lorg/jruby/runtime/builtin/IRubyObject;+57
j  org.jruby.runtime.callsite.CachingCallSite.callBlock(Lorg/jruby/runtime/ThreadContext;Lorg/jruby/runtime/builtin/IRubyObject;Lorg/jruby/runtime/builtin/IRubyObject;Lorg/jruby/runtime/Block;)Lorg/jruby/runtime/builtin/IRubyObject;+50
j  org.jruby.runtime.callsite.CachingCallSite.callIter(Lorg/jruby/runtime/ThreadContext;Lorg/jruby/runtime/builtin/IRubyObject;Lorg/jruby/runtime/builtin/IRubyObject;Lorg/jruby/runtime/Block;)Lorg/jruby/runtime/builtin/IRubyObject;+6
j  Makefile.__file__(LMakefile;Lorg/jruby/runtime/ThreadContext;Lorg/jruby/runtime/builtin/IRubyObject;[Lorg/jruby/runtime/builtin/IRubyObject;Lorg/jruby/runtime/Block;)Lorg/jruby/runtime/builtin/IRubyObject;+877
j  Makefile.load(Lorg/jruby/runtime/ThreadContext;Lorg/jruby/runtime/builtin/IRubyObject;Z)Lorg/jruby/runtime/builtin/IRubyObject;+22
j  org.jruby.Ruby.runScript(Lorg/jruby/ast/executable/Script;Z)Lorg/jruby/runtime/builtin/IRubyObject;+12
j  org.jruby.Ruby.runScript(Lorg/jruby/ast/executable/Script;)Lorg/jruby/runtime/builtin/IRubyObject;+3
j  org.jruby.Ruby.runNormally(Lorg/jruby/ast/Node;)Lorg/jruby/runtime/builtin/IRubyObject;+73
j  org.jruby.Ruby.runFromMain(Ljava/io/InputStream;Ljava/lang/String;)V+320
j  org.jruby.Main.doRunFromMain(Lorg/jruby/Ruby;Ljava/io/InputStream;Ljava/lang/String;)Lorg/jruby/Main$Status;+12
j  org.jruby.Main.internalRun()Lorg/jruby/Main$Status;+234
j  org.jruby.Main.run([Ljava/lang/String;)Lorg/jruby/Main$Status;+9
j  org.jruby.Main.main([Ljava/lang/String;)V+35
v  ~StubRoutines::call_stub
V  [libjvm.so+0x281d9f]  JavaCalls::call_helper(JavaValue*, methodHandle*, JavaCallArguments*, Thread*)+0x57f


---------------  P R O C E S S  ---------------

Java Threads: ( => current thread )
  0xb2bf8000 JavaThread "JRubyJIT-2" daemon [_thread_blocked, id=6877, stack(0xb22fd000,0xb24fe000)]
  0xb2bb5400 JavaThread "process reaper" daemon [_thread_blocked, id=6766, stack(0xb306c000,0xb307b000)]
  0xb2bb1000 JavaThread "JRubyJIT-1" daemon [_thread_blocked, id=6764, stack(0xb26ff000,0xb2900000)]
  0xb674a000 JavaThread "Service Thread" daemon [_thread_blocked, id=6761, stack(0xb32cb000,0xb34cc000)]
  0xb6748000 JavaThread "C1 CompilerThread0" daemon [_thread_blocked, id=6760, stack(0xb3d7e000,0xb3dff000)]
  0xb6746400 JavaThread "Signal Dispatcher" daemon [_thread_blocked, id=6759, stack(0xb34cc000,0xb36cd000)]
  0xb6738000 JavaThread "Finalizer" daemon [_thread_blocked, id=6758, stack(0xb39ff000,0xb3c00000)]
  0xb6736800 JavaThread "Reference Handler" daemon [_thread_blocked, id=6757, stack(0xb3dff000,0xb4000000)]
=>0xb6707000 JavaThread "main" [_thread_in_Java, id=6755, stack(0xb68a5000,0xb6aa6000)]

Other Threads:
  0xb6735000 VMThread [stack: 0xb410a000,0xb418b000] [id=6756]
  0xb6754400 WatcherThread [stack: 0xb324a000,0xb32cb000] [id=6762]

VM state:not at safepoint (normal execution)

VM Mutex/Monitor currently owned by a thread: None

Heap
 def new generation   total 4736K, used 3335K [0x6f580000, 0x6faa0000, 0x79c20000)
  eden space 4224K,  66% used [0x6f580000, 0x6f841c40, 0x6f9a0000)
  from space 512K, 100% used [0x6f9a0000, 0x6fa20000, 0x6fa20000)
  to   space 512K,   0% used [0x6fa20000, 0x6fa20000, 0x6faa0000)
 tenured generation   total 10624K, used 8151K [0x79c20000, 0x7a680000, 0x8e980000)
   the space 10624K,  76% used [0x79c20000, 0x7a415e78, 0x7a416000, 0x7a680000)
 compacting perm gen  total 14080K, used 13891K [0x8e980000, 0x8f740000, 0x92980000)
   the space 14080K,  98% used [0x8e980000, 0x8f710f08, 0x8f711000, 0x8f740000)
    ro space 10240K,  60% used [0x92980000, 0x92f8c968, 0x92f8ca00, 0x93380000)
    rw space 12288K,  61% used [0x93380000, 0x93ae62d8, 0x93ae6400, 0x93f80000)

Card table byte_map: [0xb455a000,0xb4680000] byte_map_base: 0xb41df400

Polling page: 0xb77b4000

Code Cache  [0xb4700000, 0xb4930000, 0xb6700000)
 total_blobs=1400 nmethods=1143 adapters=191 free_code_cache=30553Kb largest_free_block=31286912

Compilation events (10 events):
Event: 9,829 Thread 0xb6748000 nmethod 1120 0xb491aac8 code [0xb491abd0, 0xb491acdc]
Event: 9,829 Thread 0xb6748000 1121             org.jruby.ext.ffi.Pointer::getPointerClass (8 bytes)
Event: 9,829 Thread 0xb6748000 nmethod 1121 0xb491ae48 code [0xb491af40, 0xb491afc0]
Event: 9,829 Thread 0xb6748000 1122             org.jruby.ext.ffi.jffi.DataConverters$MappedDataConverter::fromNative (10 bytes)
Event: 9,830 Thread 0xb6748000 nmethod 1122 0xb491b048 code [0xb491b150, 0xb491b21c]
Event: 9,830 Thread 0xb6748000 1123             org.jruby.ext.ffi.MappedType::fromNative (22 bytes)
Event: 9,831 Thread 0xb6748000 nmethod 1123 0xb491b308 code [0xb491b410, 0xb491b4dc]
Event: 9,831 Thread 0xb6748000 1124             org.jruby.ext.ffi.StructByReference$INVOKER$i$2$0$from_native::call (13 bytes)
Event: 9,831 Thread 0xb6748000 nmethod 1124 0xb491b588 code [0xb491b690, 0xb491b75c]
Event: 9,831 Thread 0xb6748000 1125             org.jruby.ext.ffi.StructByReference::from_native (67 bytes)

GC Heap History (10 events):
Event: 4,791 GC heap before
{Heap before GC invocations=3 (full 0):
 def new generation   total 4736K, used 4736K [0x6f580000, 0x6faa0000, 0x79c20000)
  eden space 4224K, 100% used [0x6f580000, 0x6f9a0000, 0x6f9a0000)
  from space 512K, 100% used [0x6fa20000, 0x6faa0000, 0x6faa0000)
  to   space 512K,   0% used [0x6f9a0000, 0x6f9a0000, 0x6fa20000)
 tenured generation   total 10624K, used 4098K [0x79c20000, 0x7a680000, 0x8e980000)
   the space 10624K,  38% used [0x79c20000, 0x7a020848, 0x7a020a00, 0x7a680000)
 compacting perm gen  total 12288K, used 10444K [0x8e980000, 0x8f580000, 0x92980000)
   the space 12288K,  84% used [0x8e980000, 0x8f3b3330, 0x8f3b3400, 0x8f580000)
    ro space 10240K,  60% used [0x92980000, 0x92f8c968, 0x92f8ca00, 0x93380000)
    rw space 12288K,  61% used [0x93380000, 0x93ae62d8, 0x93ae6400, 0x93f80000)
Event: 4,840 GC heap after
Heap after GC invocations=4 (full 0):
 def new generation   total 4736K, used 512K [0x6f580000, 0x6faa0000, 0x79c20000)
  eden space 4224K,   0% used [0x6f580000, 0x6f580000, 0x6f9a0000)
  from space 512K, 100% used [0x6f9a0000, 0x6fa20000, 0x6fa20000)
  to   space 512K,   0% used [0x6fa20000, 0x6fa20000, 0x6faa0000)
 tenured generation   total 10624K, used 5442K [0x79c20000, 0x7a680000, 0x8e980000)
   the space 10624K,  51% used [0x79c20000, 0x7a170bc0, 0x7a170c00, 0x7a680000)
 compacting perm gen  total 12288K, used 10444K [0x8e980000, 0x8f580000, 0x92980000)
   the space 12288K,  84% used [0x8e980000, 0x8f3b3330, 0x8f3b3400, 0x8f580000)
    ro space 10240K,  60% used [0x92980000, 0x92f8c968, 0x92f8ca00, 0x93380000)
    rw space 12288K,  61% used [0x93380000, 0x93ae62d8, 0x93ae6400, 0x93f80000)
}
Event: 5,750 GC heap before
{Heap before GC invocations=4 (full 0):
 def new generation   total 4736K, used 4736K [0x6f580000, 0x6faa0000, 0x79c20000)
  eden space 4224K, 100% used [0x6f580000, 0x6f9a0000, 0x6f9a0000)
  from space 512K, 100% used [0x6f9a0000, 0x6fa20000, 0x6fa20000)
  to   space 512K,   0% used [0x6fa20000, 0x6fa20000, 0x6faa0000)
 tenured generation   total 10624K, used 5442K [0x79c20000, 0x7a680000, 0x8e980000)
   the space 10624K,  51% used [0x79c20000, 0x7a170bc0, 0x7a170c00, 0x7a680000)
 compacting perm gen  total 12544K, used 12517K [0x8e980000, 0x8f5c0000, 0x92980000)
   the space 12544K,  99% used [0x8e980000, 0x8f5b9520, 0x8f5b9600, 0x8f5c0000)
    ro space 10240K,  60% used [0x92980000, 0x92f8c968, 0x92f8ca00, 0x93380000)
    rw space 12288K,  61% used [0x93380000, 0x93ae62d8, 0x93ae6400, 0x93f80000)
Event: 5,781 GC heap after
Heap after GC invocations=5 (full 0):
 def new generation   total 4736K, used 512K [0x6f580000, 0x6faa0000, 0x79c20000)
  eden space 4224K,   0% used [0x6f580000, 0x6f580000, 0x6f9a0000)
  from space 512K, 100% used [0x6fa20000, 0x6faa0000, 0x6faa0000)
  to   space 512K,   0% used [0x6f9a0000, 0x6f9a0000, 0x6fa20000)
 tenured generation   total 10624K, used 6035K [0x79c20000, 0x7a680000, 0x8e980000)
   the space 10624K,  56% used [0x79c20000, 0x7a204ca8, 0x7a204e00, 0x7a680000)
 compacting perm gen  total 12544K, used 12517K [0x8e980000, 0x8f5c0000, 0x92980000)
   the space 12544K,  99% used [0x8e980000, 0x8f5b9520, 0x8f5b9600, 0x8f5c0000)
    ro space 10240K,  60% used [0x92980000, 0x92f8c968, 0x92f8ca00, 0x93380000)
    rw space 12288K,  61% used [0x93380000, 0x93ae62d8, 0x93ae6400, 0x93f80000)
}
Event: 6,286 GC heap before
{Heap before GC invocations=5 (full 0):
 def new generation   total 4736K, used 4736K [0x6f580000, 0x6faa0000, 0x79c20000)
  eden space 4224K, 100% used [0x6f580000, 0x6f9a0000, 0x6f9a0000)
  from space 512K, 100% used [0x6fa20000, 0x6faa0000, 0x6faa0000)
  to   space 512K,   0% used [0x6f9a0000, 0x6f9a0000, 0x6fa20000)
 tenured generation   total 10624K, used 6035K [0x79c20000, 0x7a680000, 0x8e980000)
   the space 10624K,  56% used [0x79c20000, 0x7a204ca8, 0x7a204e00, 0x7a680000)
 compacting perm gen  total 12800K, used 12724K [0x8e980000, 0x8f600000, 0x92980000)
   the space 12800K,  99% used [0x8e980000, 0x8f5ed018, 0x8f5ed200, 0x8f600000)
    ro space 10240K,  60% used [0x92980000, 0x92f8c968, 0x92f8ca00, 0x93380000)
    rw space 12288K,  61% used [0x93380000, 0x93ae62d8, 0x93ae6400, 0x93f80000)
Event: 6,312 GC heap after
Heap after GC invocations=6 (full 0):
 def new generation   total 4736K, used 367K [0x6f580000, 0x6faa0000, 0x79c20000)
  eden space 4224K,   0% used [0x6f580000, 0x6f580000, 0x6f9a0000)
  from space 512K,  71% used [0x6f9a0000, 0x6f9fbd60, 0x6fa20000)
  to   space 512K,   0% used [0x6fa20000, 0x6fa20000, 0x6faa0000)
 tenured generation   total 10624K, used 6491K [0x79c20000, 0x7a680000, 0x8e980000)
   the space 10624K,  61% used [0x79c20000, 0x7a276f88, 0x7a277000, 0x7a680000)
 compacting perm gen  total 12800K, used 12724K [0x8e980000, 0x8f600000, 0x92980000)
   the space 12800K,  99% used [0x8e980000, 0x8f5ed018, 0x8f5ed200, 0x8f600000)
    ro space 10240K,  60% used [0x92980000, 0x92f8c968, 0x92f8ca00, 0x93380000)
    rw space 12288K,  61% used [0x93380000, 0x93ae62d8, 0x93ae6400, 0x93f80000)
}
Event: 8,141 GC heap before
{Heap before GC invocations=6 (full 0):
 def new generation   total 4736K, used 4591K [0x6f580000, 0x6faa0000, 0x79c20000)
  eden space 4224K, 100% used [0x6f580000, 0x6f9a0000, 0x6f9a0000)
  from space 512K,  71% used [0x6f9a0000, 0x6f9fbd60, 0x6fa20000)
  to   space 512K,   0% used [0x6fa20000, 0x6fa20000, 0x6faa0000)
 tenured generation   total 10624K, used 6491K [0x79c20000, 0x7a680000, 0x8e980000)
   the space 10624K,  61% used [0x79c20000, 0x7a276f88, 0x7a277000, 0x7a680000)
 compacting perm gen  total 12800K, used 12767K [0x8e980000, 0x8f600000, 0x92980000)
   the space 12800K,  99% used [0x8e980000, 0x8f5f7df0, 0x8f5f7e00, 0x8f600000)
    ro space 10240K,  60% used [0x92980000, 0x92f8c968, 0x92f8ca00, 0x93380000)
    rw space 12288K,  61% used [0x93380000, 0x93ae62d8, 0x93ae6400, 0x93f80000)
Event: 8,165 GC heap after
Heap after GC invocations=7 (full 0):
 def new generation   total 4736K, used 512K [0x6f580000, 0x6faa0000, 0x79c20000)
  eden space 4224K,   0% used [0x6f580000, 0x6f580000, 0x6f9a0000)
  from space 512K, 100% used [0x6fa20000, 0x6faa0000, 0x6faa0000)
  to   space 512K,   0% used [0x6f9a0000, 0x6f9a0000, 0x6fa20000)
 tenured generation   total 10624K, used 7073K [0x79c20000, 0x7a680000, 0x8e980000)
   the space 10624K,  66% used [0x79c20000, 0x7a3084e0, 0x7a308600, 0x7a680000)
 compacting perm gen  total 12800K, used 12767K [0x8e980000, 0x8f600000, 0x92980000)
   the space 12800K,  99% used [0x8e980000, 0x8f5f7df0, 0x8f5f7e00, 0x8f600000)
    ro space 10240K,  60% used [0x92980000, 0x92f8c968, 0x92f8ca00, 0x93380000)
    rw space 12288K,  61% used [0x93380000, 0x93ae62d8, 0x93ae6400, 0x93f80000)
}
Event: 9,178 GC heap before
{Heap before GC invocations=7 (full 0):
 def new generation   total 4736K, used 4736K [0x6f580000, 0x6faa0000, 0x79c20000)
  eden space 4224K, 100% used [0x6f580000, 0x6f9a0000, 0x6f9a0000)
  from space 512K, 100% used [0x6fa20000, 0x6faa0000, 0x6faa0000)
  to   space 512K,   0% used [0x6f9a0000, 0x6f9a0000, 0x6fa20000)
 tenured generation   total 10624K, used 7073K [0x79c20000, 0x7a680000, 0x8e980000)
   the space 10624K,  66% used [0x79c20000, 0x7a3084e0, 0x7a308600, 0x7a680000)
 compacting perm gen  total 13824K, used 13684K [0x8e980000, 0x8f700000, 0x92980000)
   the space 13824K,  98% used [0x8e980000, 0x8f6dd098, 0x8f6dd200, 0x8f700000)
    ro space 10240K,  60% used [0x92980000, 0x92f8c968, 0x92f8ca00, 0x93380000)
    rw space 12288K,  61% used [0x93380000, 0x93ae62d8, 0x93ae6400, 0x93f80000)
Event: 9,209 GC heap after
Heap after GC invocations=8 (full 0):
 def new generation   total 4736K, used 512K [0x6f580000, 0x6faa0000, 0x79c20000)
  eden space 4224K,   0% used [0x6f580000, 0x6f580000, 0x6f9a0000)
  from space 512K, 100% used [0x6f9a0000, 0x6fa20000, 0x6fa20000)
  to   space 512K,   0% used [0x6fa20000, 0x6fa20000, 0x6faa0000)
 tenured generation   total 10624K, used 8151K [0x79c20000, 0x7a680000, 0x8e980000)
   the space 10624K,  76% used [0x79c20000, 0x7a415e78, 0x7a416000, 0x7a680000)
 compacting perm gen  total 13824K, used 13684K [0x8e980000, 0x8f700000, 0x92980000)
   the space 13824K,  98% used [0x8e980000, 0x8f6dd098, 0x8f6dd200, 0x8f700000)
    ro space 10240K,  60% used [0x92980000, 0x92f8c968, 0x92f8ca00, 0x93380000)
    rw space 12288K,  61% used [0x93380000, 0x93ae62d8, 0x93ae6400, 0x93f80000)
}

Deoptimization events (0 events):
No events

Internal exceptions (10 events):
Event: 9,107 Thread 0xb2bf8000 Threw 0x6f9065b0 at /build/buildd/openjdk-7-7u25-2.3.10/build/openjdk/hotspot/src/share/vm/prims/jvm.cpp:1235
Event: 9,108 Thread 0xb2bf8000 Threw 0x6f90f658 at /build/buildd/openjdk-7-7u25-2.3.10/build/openjdk/hotspot/src/share/vm/prims/jvm.cpp:1235
Event: 9,445 Thread 0xb2bf8000 Threw 0x6f683a08 at /build/buildd/openjdk-7-7u25-2.3.10/build/openjdk/hotspot/src/share/vm/prims/jvm.cpp:1235
Event: 9,445 Thread 0xb2bf8000 Threw 0x6f6851d0 at /build/buildd/openjdk-7-7u25-2.3.10/build/openjdk/hotspot/src/share/vm/prims/jvm.cpp:1235
Event: 9,560 Thread 0xb2bb1000 Threw 0x6f6f0b80 at /build/buildd/openjdk-7-7u25-2.3.10/build/openjdk/hotspot/src/share/vm/prims/jvm.cpp:1235
Event: 9,560 Thread 0xb2bb1000 Threw 0x6f6f2358 at /build/buildd/openjdk-7-7u25-2.3.10/build/openjdk/hotspot/src/share/vm/prims/jvm.cpp:1235
Event: 9,567 Thread 0xb2bf8000 Threw 0x6f713e78 at /build/buildd/openjdk-7-7u25-2.3.10/build/openjdk/hotspot/src/share/vm/prims/jvm.cpp:1235
Event: 9,568 Thread 0xb2bf8000 Threw 0x6f715640 at /build/buildd/openjdk-7-7u25-2.3.10/build/openjdk/hotspot/src/share/vm/prims/jvm.cpp:1235
Event: 9,602 Thread 0xb2bb1000 Threw 0x6f764d80 at /build/buildd/openjdk-7-7u25-2.3.10/build/openjdk/hotspot/src/share/vm/prims/jvm.cpp:1235
Event: 9,603 Thread 0xb2bb1000 Threw 0x6f766680 at /build/buildd/openjdk-7-7u25-2.3.10/build/openjdk/hotspot/src/share/vm/prims/jvm.cpp:1235

Events (10 events):
Event: 9,625 loading class 0xb2bfff00
Event: 9,626 loading class 0xb2bfff00 done
Event: 9,627 loading class 0xb2a01e90
Event: 9,627 loading class 0xb2a01e90 done
Event: 9,629 loading class 0xb2a01d18
Event: 9,629 loading class 0xb2a01d18 done
Event: 9,640 loading class 0xb2a027c0
Event: 9,640 loading class 0xb2a027c0 done
Event: 9,643 loading class 0xb2a02a60
Event: 9,644 loading class 0xb2a02a60 done


Dynamic libraries:
08048000-08049000 r-xp 00000000 08:01 1051338    /usr/lib/jvm/java-7-openjdk-i386/jre/bin/java
08049000-0804a000 r--p 00000000 08:01 1051338    /usr/lib/jvm/java-7-openjdk-i386/jre/bin/java
0804a000-0804b000 rw-p 00001000 08:01 1051338    /usr/lib/jvm/java-7-openjdk-i386/jre/bin/java
09dcd000-09dee000 rw-p 00000000 00:00 0          [heap]
6f580000-6faa0000 rw-p 00000000 00:00 0 
6faa0000-79c20000 rw-p 00000000 00:00 0 
79c20000-7a680000 rw-p 00000000 00:00 0 
7a680000-8e980000 rw-p 00000000 00:00 0 
8e980000-8f740000 rw-p 00000000 00:00 0 
8f740000-92980000 rw-p 00000000 00:00 0 
92980000-92f8d000 r--p 00001000 08:01 2491473    /usr/lib/jvm/java-7-openjdk-i386/jre/lib/i386/client/classes.jsa
92f8d000-93380000 rw-p 00000000 00:00 0 
93380000-93ae7000 rw-p 0060e000 08:01 2491473    /usr/lib/jvm/java-7-openjdk-i386/jre/lib/i386/client/classes.jsa
93ae7000-93f80000 rw-p 00000000 00:00 0 
93f80000-9429a000 rw-p 00d75000 08:01 2491473    /usr/lib/jvm/java-7-openjdk-i386/jre/lib/i386/client/classes.jsa
9429a000-94380000 rw-p 00000000 00:00 0 
94380000-94389000 r-xp 0108f000 08:01 2491473    /usr/lib/jvm/java-7-openjdk-i386/jre/lib/i386/client/classes.jsa
94389000-94780000 rw-p 00000000 00:00 0 
b202c000-b20fc000 rw-p 00000000 00:00 0 
b20fc000-b20ff000 ---p 00000000 00:00 0 
b20ff000-b22fd000 rw-p 00000000 00:00 0 
b22fd000-b2300000 ---p 00000000 00:00 0 
b2300000-b24fe000 rw-p 00000000 00:00 0 
b24fe000-b2501000 ---p 00000000 00:00 0 
b2501000-b26ff000 rw-p 00000000 00:00 0 
b26ff000-b2702000 ---p 00000000 00:00 0 
b2702000-b2900000 rw-p 00000000 00:00 0 
b2900000-b29d6000 rw-p 00000000 00:00 0 
b29d6000-b2a00000 ---p 00000000 00:00 0 
b2a00000-b2a22000 rw-p 00000000 00:00 0 
b2a22000-b2b00000 ---p 00000000 00:00 0 
b2b00000-b2c00000 rw-p 00000000 00:00 0 
b2cb0000-b2da7000 r-xp 00000000 08:01 1835662    /lib/i386-linux-gnu/libglib-2.0.so.0.3200.4
b2da7000-b2da8000 r--p 000f6000 08:01 1835662    /lib/i386-linux-gnu/libglib-2.0.so.0.3200.4
b2da8000-b2da9000 rw-p 000f7000 08:01 1835662    /lib/i386-linux-gnu/libglib-2.0.so.0.3200.4
b2da9000-b2efc000 r-xp 00000000 08:01 5377272    /usr/lib/i386-linux-gnu/libgio-2.0.so.0.3200.4
b2efc000-b2efe000 r--p 00153000 08:01 5377272    /usr/lib/i386-linux-gnu/libgio-2.0.so.0.3200.4
b2efe000-b2eff000 rw-p 00155000 08:01 5377272    /usr/lib/i386-linux-gnu/libgio-2.0.so.0.3200.4
b2eff000-b2f00000 rw-p 00000000 00:00 0 
b2f00000-b3000000 rw-p 00000000 00:00 0 
b300f000-b306c000 rw-p 00000000 00:00 0 
b306c000-b306f000 ---p 00000000 00:00 0 
b306f000-b307b000 rw-p 00000000 00:00 0 
b307b000-b30a0000 r--p 00000000 08:01 6427505    /usr/share/locale-langpack/es/LC_MESSAGES/libc.mo
b30a0000-b30b0000 r-xp 00000000 08:01 5925786    /home/miguelciencias/.rbenv/versions/jruby-1.7.10/lib/jni/i386-Linux/libjffi-1.2.so
b30b0000-b30b1000 rw-p 0000f000 08:01 5925786    /home/miguelciencias/.rbenv/versions/jruby-1.7.10/lib/jni/i386-Linux/libjffi-1.2.so
b30b1000-b30fe000 r-xp 00000000 08:01 5377269    /usr/lib/i386-linux-gnu/libgobject-2.0.so.0.3200.4
b30fe000-b30ff000 r--p 0004c000 08:01 5377269    /usr/lib/i386-linux-gnu/libgobject-2.0.so.0.3200.4
b30ff000-b3100000 rw-p 0004d000 08:01 5377269    /usr/lib/i386-linux-gnu/libgobject-2.0.so.0.3200.4
b3100000-b31fb000 rw-p 00000000 00:00 0 
b31fb000-b3200000 ---p 00000000 00:00 0 
b320e000-b3248000 r-xp 00000000 08:01 1836008    /lib/i386-linux-gnu/libpcre.so.3.12.1
b3248000-b3249000 r--p 00039000 08:01 1836008    /lib/i386-linux-gnu/libpcre.so.3.12.1
b3249000-b324a000 rw-p 0003a000 08:01 1836008    /lib/i386-linux-gnu/libpcre.so.3.12.1
b324a000-b324b000 ---p 00000000 00:00 0 
b324b000-b32cb000 rw-p 00000000 00:00 0 
b32cb000-b32ce000 ---p 00000000 00:00 0 
b32ce000-b34cc000 rw-p 00000000 00:00 0 
b34cc000-b34cf000 ---p 00000000 00:00 0 
b34cf000-b36cd000 rw-p 00000000 00:00 0 
b36cd000-b36ce000 r--p 0084e000 08:01 5381164    /usr/lib/locale/locale-archive
b36ce000-b37ff000 r--p 005e3000 08:01 5381164    /usr/lib/locale/locale-archive
b37ff000-b39ff000 r--p 00000000 08:01 5381164    /usr/lib/locale/locale-archive
b39ff000-b3a02000 ---p 00000000 00:00 0 
b3a02000-b3c00000 rw-p 00000000 00:00 0 
b3c00000-b3c36000 rw-p 00000000 00:00 0 
b3c36000-b3d00000 ---p 00000000 00:00 0 
b3d06000-b3d07000 r-xp 00000000 08:01 5923935    /home/miguelciencias/Documentos/Geometría Computacional/practica01/src/lib/libconvex_hull.so
b3d07000-b3d08000 r--p 00000000 08:01 5923935    /home/miguelciencias/Documentos/Geometría Computacional/practica01/src/lib/libconvex_hull.so
b3d08000-b3d09000 rw-p 00001000 08:01 5923935    /home/miguelciencias/Documentos/Geometría Computacional/practica01/src/lib/libconvex_hull.so
b3d09000-b3d10000 r--s 00000000 08:01 5431817    /usr/lib/i386-linux-gnu/gconv/gconv-modules.cache
b3d10000-b3d15000 r-xp 00000000 08:01 5378709    /usr/lib/i386-linux-gnu/libffi.so.6.0.0
b3d15000-b3d16000 r--p 00004000 08:01 5378709    /usr/lib/i386-linux-gnu/libffi.so.6.0.0
b3d16000-b3d17000 rw-p 00005000 08:01 5378709    /usr/lib/i386-linux-gnu/libffi.so.6.0.0
b3d17000-b3d2a000 r-xp 00000000 08:01 1863685    /lib/i386-linux-gnu/libresolv-2.15.so
b3d2a000-b3d2b000 ---p 00013000 08:01 1863685    /lib/i386-linux-gnu/libresolv-2.15.so
b3d2b000-b3d2c000 r--p 00013000 08:01 1863685    /lib/i386-linux-gnu/libresolv-2.15.so
b3d2c000-b3d2d000 rw-p 00014000 08:01 1863685    /lib/i386-linux-gnu/libresolv-2.15.so
b3d2d000-b3d2f000 rw-p 00000000 00:00 0 
b3d2f000-b3d4c000 r-xp 00000000 08:01 1836023    /lib/i386-linux-gnu/libselinux.so.1
b3d4c000-b3d4d000 r--p 0001c000 08:01 1836023    /lib/i386-linux-gnu/libselinux.so.1
b3d4d000-b3d4e000 rw-p 0001d000 08:01 1836023    /lib/i386-linux-gnu/libselinux.so.1
b3d4f000-b3d51000 r-xp 00000000 08:01 5923934    /home/miguelciencias/Documentos/Geometría Computacional/practica01/src/lib/libdouble_linked_list.so
b3d51000-b3d52000 r--p 00001000 08:01 5923934    /home/miguelciencias/Documentos/Geometría Computacional/practica01/src/lib/libdouble_linked_list.so
b3d52000-b3d53000 rw-p 00002000 08:01 5923934    /home/miguelciencias/Documentos/Geometría Computacional/practica01/src/lib/libdouble_linked_list.so
b3d53000-b3d64000 r-xp 00000000 08:01 2491236    /usr/lib/jvm/java-7-openjdk-i386/jre/lib/i386/libnio.so
b3d64000-b3d65000 r--p 00010000 08:01 2491236    /usr/lib/jvm/java-7-openjdk-i386/jre/lib/i386/libnio.so
b3d65000-b3d66000 rw-p 00011000 08:01 2491236    /usr/lib/jvm/java-7-openjdk-i386/jre/lib/i386/libnio.so
b3d66000-b3d7c000 r-xp 00000000 08:01 2491237    /usr/lib/jvm/java-7-openjdk-i386/jre/lib/i386/libnet.so
b3d7c000-b3d7d000 r--p 00015000 08:01 2491237    /usr/lib/jvm/java-7-openjdk-i386/jre/lib/i386/libnet.so
b3d7d000-b3d7e000 rw-p 00016000 08:01 2491237    /usr/lib/jvm/java-7-openjdk-i386/jre/lib/i386/libnet.so
b3d7e000-b3d81000 ---p 00000000 00:00 0 
b3d81000-b3dff000 rw-p 00000000 00:00 0 
b3dff000-b3e02000 ---p 00000000 00:00 0 
b3e02000-b4000000 rw-p 00000000 00:00 0 
b4000000-b40fc000 rw-p 00000000 00:00 0 
b40fc000-b4100000 ---p 00000000 00:00 0 
b4101000-b4102000 rw-p 00000000 00:00 0 
b4102000-b4103000 r-xp 00000000 08:01 5923933    /home/miguelciencias/Documentos/Geometría Computacional/practica01/src/lib/lib2d_points.so
b4103000-b4104000 r--p 00000000 08:01 5923933    /home/miguelciencias/Documentos/Geometría Computacional/practica01/src/lib/lib2d_points.so
b4104000-b4105000 rw-p 00001000 08:01 5923933    /home/miguelciencias/Documentos/Geometría Computacional/practica01/src/lib/lib2d_points.so
b4105000-b4108000 r-xp 00000000 08:01 5378887    /usr/lib/i386-linux-gnu/libgmodule-2.0.so.0.3200.4
b4108000-b4109000 r--p 00002000 08:01 5378887    /usr/lib/i386-linux-gnu/libgmodule-2.0.so.0.3200.4
b4109000-b410a000 rw-p 00003000 08:01 5378887    /usr/lib/i386-linux-gnu/libgmodule-2.0.so.0.3200.4
b410a000-b410b000 ---p 00000000 00:00 0 
b410b000-b41b4000 rw-p 00000000 00:00 0 
b41b4000-b429d000 r--s 00bb9000 08:01 5925776    /home/miguelciencias/.rbenv/versions/jruby-1.7.10/lib/jruby.jar
b429d000-b42e5000 rw-p 00000000 00:00 0 
b42e5000-b4492000 r--s 01cec000 08:01 2366161    /usr/lib/jvm/java-7-openjdk-i386/jre/lib/rt.jar
b4492000-b4499000 rw-p 00000000 00:00 0 
b4499000-b44b3000 rw-p 00000000 00:00 0 
b44b3000-b44b9000 rw-p 00000000 00:00 0 
b44b9000-b455a000 rw-p 00000000 00:00 0 
b455a000-b455d000 rw-p 00000000 00:00 0 
b455d000-b45ad000 rw-p 00000000 00:00 0 
b45ad000-b45b3000 rw-p 00000000 00:00 0 
b45b3000-b4654000 rw-p 00000000 00:00 0 
b4654000-b465b000 rw-p 00000000 00:00 0 
b465b000-b4674000 rw-p 00000000 00:00 0 
b4674000-b4689000 rw-p 00000000 00:00 0 
b4689000-b4700000 rw-p 00000000 00:00 0 
b4700000-b4930000 rwxp 00000000 00:00 0 
b4930000-b67ff000 rw-p 00000000 00:00 0 
b67ff000-b6800000 ---p 00000000 00:00 0 
b6800000-b6805000 r--s 0004c000 08:01 5640235    /usr/lib/jvm/java-7-openjdk-common/jre/lib/jsse.jar
b6805000-b6806000 r--s 00007000 08:01 5644055    /usr/share/java/java-atk-wrapper.jar
b6806000-b6809000 r--s 0003c000 08:01 6295954    /usr/lib/jvm/java-7-openjdk-common/jre/lib/ext/sunpkcs11.jar
b6809000-b680d000 r--s 00085000 08:01 6295956    /usr/lib/jvm/java-7-openjdk-common/jre/lib/ext/localedata.jar
b680d000-b6810000 r--s 0000f000 08:01 6295935    /usr/lib/jvm/java-7-openjdk-common/jre/lib/ext/pulse-java.jar
b6810000-b6812000 r--s 00012000 08:01 6295960    /usr/lib/jvm/java-7-openjdk-common/jre/lib/ext/zipfs.jar
b6812000-b6813000 r--s 00002000 08:01 6295929    /usr/lib/jvm/java-7-openjdk-common/jre/lib/ext/dnsns.jar
b6813000-b6816000 r--s 00032000 08:01 6295931    /usr/lib/jvm/java-7-openjdk-common/jre/lib/ext/sunjce_provider.jar
b6816000-b681f000 r--s 000bc000 08:01 5640262    /usr/lib/jvm/java-7-openjdk-common/jre/lib/resources.jar
b681f000-b682a000 r-xp 00000000 08:01 1863696    /lib/i386-linux-gnu/libnss_files-2.15.so
b682a000-b682b000 r--p 0000a000 08:01 1863696    /lib/i386-linux-gnu/libnss_files-2.15.so
b682b000-b682c000 rw-p 0000b000 08:01 1863696    /lib/i386-linux-gnu/libnss_files-2.15.so
b682c000-b6836000 r-xp 00000000 08:01 1863695    /lib/i386-linux-gnu/libnss_nis-2.15.so
b6836000-b6837000 r--p 00009000 08:01 1863695    /lib/i386-linux-gnu/libnss_nis-2.15.so
b6837000-b6838000 rw-p 0000a000 08:01 1863695    /lib/i386-linux-gnu/libnss_nis-2.15.so
b6838000-b684e000 r-xp 00000000 08:01 1863682    /lib/i386-linux-gnu/libnsl-2.15.so
b684e000-b684f000 r--p 00015000 08:01 1863682    /lib/i386-linux-gnu/libnsl-2.15.so
b684f000-b6850000 rw-p 00016000 08:01 1863682    /lib/i386-linux-gnu/libnsl-2.15.so
b6850000-b6852000 rw-p 00000000 00:00 0 
b6852000-b6859000 r-xp 00000000 08:01 1863697    /lib/i386-linux-gnu/libnss_compat-2.15.so
b6859000-b685a000 r--p 00006000 08:01 1863697    /lib/i386-linux-gnu/libnss_compat-2.15.so
b685a000-b685b000 rw-p 00007000 08:01 1863697    /lib/i386-linux-gnu/libnss_compat-2.15.so
b685b000-b685c000 r-xp 00000000 00:00 0 
b685c000-b6869000 rw-p 00000000 00:00 0 
b6869000-b6871000 r-xp 00000000 08:01 2491253    /usr/lib/jvm/java-7-openjdk-i386/jre/lib/i386/libzip.so
b6871000-b6872000 r--p 00007000 08:01 2491253    /usr/lib/jvm/java-7-openjdk-i386/jre/lib/i386/libzip.so
b6872000-b6873000 rw-p 00008000 08:01 2491253    /usr/lib/jvm/java-7-openjdk-i386/jre/lib/i386/libzip.so
b6873000-b689a000 r-xp 00000000 08:01 2491226    /usr/lib/jvm/java-7-openjdk-i386/jre/lib/i386/libjava.so
b689a000-b689b000 r--p 00026000 08:01 2491226    /usr/lib/jvm/java-7-openjdk-i386/jre/lib/i386/libjava.so
b689b000-b689c000 rw-p 00027000 08:01 2491226    /usr/lib/jvm/java-7-openjdk-i386/jre/lib/i386/libjava.so
b689c000-b68a3000 r-xp 00000000 08:01 1863690    /lib/i386-linux-gnu/librt-2.15.so
b68a3000-b68a4000 r--p 00006000 08:01 1863690    /lib/i386-linux-gnu/librt-2.15.so
b68a4000-b68a5000 rw-p 00007000 08:01 1863690    /lib/i386-linux-gnu/librt-2.15.so
b68a5000-b68a8000 ---p 00000000 00:00 0 
b68a8000-b6aa6000 rw-p 00000000 00:00 0 
b6aa6000-b6ac2000 r-xp 00000000 08:01 1835956    /lib/i386-linux-gnu/libgcc_s.so.1
b6ac2000-b6ac3000 r--p 0001b000 08:01 1835956    /lib/i386-linux-gnu/libgcc_s.so.1
b6ac3000-b6ac4000 rw-p 0001c000 08:01 1835956    /lib/i386-linux-gnu/libgcc_s.so.1
b6ac4000-b6aee000 r-xp 00000000 08:01 1863694    /lib/i386-linux-gnu/libm-2.15.so
b6aee000-b6aef000 r--p 00029000 08:01 1863694    /lib/i386-linux-gnu/libm-2.15.so
b6aef000-b6af0000 rw-p 0002a000 08:01 1863694    /lib/i386-linux-gnu/libm-2.15.so
b6af0000-b6bc8000 r-xp 00000000 08:01 5379051    /usr/lib/i386-linux-gnu/libstdc++.so.6.0.16
b6bc8000-b6bc9000 ---p 000d8000 08:01 5379051    /usr/lib/i386-linux-gnu/libstdc++.so.6.0.16
b6bc9000-b6bcd000 r--p 000d8000 08:01 5379051    /usr/lib/i386-linux-gnu/libstdc++.so.6.0.16
b6bcd000-b6bce000 rw-p 000dc000 08:01 5379051    /usr/lib/i386-linux-gnu/libstdc++.so.6.0.16
b6bce000-b6bd5000 rw-p 00000000 00:00 0 
b6bd5000-b7189000 r-xp 00000000 08:01 2491249    /usr/lib/jvm/java-7-openjdk-i386/jre/lib/i386/client/libjvm.so
b7189000-b71a0000 r--p 005b3000 08:01 2491249    /usr/lib/jvm/java-7-openjdk-i386/jre/lib/i386/client/libjvm.so
b71a0000-b71af000 rw-p 005ca000 08:01 2491249    /usr/lib/jvm/java-7-openjdk-i386/jre/lib/i386/client/libjvm.so
b71af000-b75ca000 rw-p 00000000 00:00 0 
b75ca000-b75de000 r-xp 00000000 08:01 1836046    /lib/i386-linux-gnu/libz.so.1.2.3.4
b75de000-b75df000 r--p 00013000 08:01 1836046    /lib/i386-linux-gnu/libz.so.1.2.3.4
b75df000-b75e0000 rw-p 00014000 08:01 1836046    /lib/i386-linux-gnu/libz.so.1.2.3.4
b75e0000-b75f7000 r-xp 00000000 08:01 1863688    /lib/i386-linux-gnu/libpthread-2.15.so
b75f7000-b75f8000 r--p 00016000 08:01 1863688    /lib/i386-linux-gnu/libpthread-2.15.so
b75f8000-b75f9000 rw-p 00017000 08:01 1863688    /lib/i386-linux-gnu/libpthread-2.15.so
b75f9000-b75fb000 rw-p 00000000 00:00 0 
b75fb000-b75fe000 r-xp 00000000 08:01 1863698    /lib/i386-linux-gnu/libdl-2.15.so
b75fe000-b75ff000 r--p 00002000 08:01 1863698    /lib/i386-linux-gnu/libdl-2.15.so
b75ff000-b7600000 rw-p 00003000 08:01 1863698    /lib/i386-linux-gnu/libdl-2.15.so
b7600000-b77a4000 r-xp 00000000 08:01 1863699    /lib/i386-linux-gnu/libc-2.15.so
b77a4000-b77a6000 r--p 001a4000 08:01 1863699    /lib/i386-linux-gnu/libc-2.15.so
b77a6000-b77a7000 rw-p 001a6000 08:01 1863699    /lib/i386-linux-gnu/libc-2.15.so
b77a7000-b77ab000 rw-p 00000000 00:00 0 
b77ab000-b77b3000 rw-s 00000000 08:01 4719497    /tmp/hsperfdata_miguelciencias/6730
b77b3000-b77b4000 rw-p 00000000 00:00 0 
b77b4000-b77b5000 r--p 00000000 00:00 0 
b77b5000-b77c1000 r-xp 00000000 08:01 2491239    /usr/lib/jvm/java-7-openjdk-i386/jre/lib/i386/libverify.so
b77c1000-b77c2000 r--p 0000b000 08:01 2491239    /usr/lib/jvm/java-7-openjdk-i386/jre/lib/i386/libverify.so
b77c2000-b77c3000 rw-p 0000c000 08:01 2491239    /usr/lib/jvm/java-7-openjdk-i386/jre/lib/i386/libverify.so
b77c3000-b77d0000 r-xp 00000000 08:01 2491227    /usr/lib/jvm/java-7-openjdk-i386/jre/lib/i386/jli/libjli.so
b77d0000-b77d1000 r--p 0000c000 08:01 2491227    /usr/lib/jvm/java-7-openjdk-i386/jre/lib/i386/jli/libjli.so
b77d1000-b77d2000 rw-p 0000d000 08:01 2491227    /usr/lib/jvm/java-7-openjdk-i386/jre/lib/i386/jli/libjli.so
b77d2000-b77d4000 rw-p 00000000 00:00 0 
b77d4000-b77d5000 r-xp 00000000 00:00 0          [vdso]
b77d5000-b77f5000 r-xp 00000000 08:01 1863689    /lib/i386-linux-gnu/ld-2.15.so
b77f5000-b77f6000 r--p 0001f000 08:01 1863689    /lib/i386-linux-gnu/ld-2.15.so
b77f6000-b77f7000 rw-p 00020000 08:01 1863689    /lib/i386-linux-gnu/ld-2.15.so
bfbac000-bfbcd000 rw-p 00000000 00:00 0          [stack]

VM Arguments:
jvm_args: -Djdk.home= -Djruby.home=/home/miguelciencias/.rbenv/versions/jruby-1.7.10 -Djruby.script=jruby -Djruby.shell=/bin/sh -Djffi.boot.library.path=/home/miguelciencias/.rbenv/versions/jruby-1.7.10/lib/jni:/home/miguelciencias/.rbenv/versions/jruby-1.7.10/lib/jni/x86_64-Linux:/home/miguelciencias/.rbenv/versions/jruby-1.7.10/lib/jni/arm-Linux:/home/miguelciencias/.rbenv/versions/jruby-1.7.10/lib/jni/i386-Linux -Xmx500m -Xss2048k -Xbootclasspath/a:/home/miguelciencias/.rbenv/versions/jruby-1.7.10/lib/jruby.jar 
java_command: org/jruby/Main Makefile.rb compile_c compile test clean
Launcher Type: SUN_STANDARD

Environment Variables:
PATH=/home/miguelciencias/.rbenv/versions/jruby-1.7.10/bin:/home/miguelciencias/.rbenv/libexec:/home/miguelciencias/.rbenv/plugins/ruby-build/bin:/home/miguelciencias/.rbenv/shims:~/.rbenv/bin:/usr/lib/lightdm/lightdm:/usr/local/sbin:/usr/local/bin:/usr/sbin:/usr/bin:/sbin:/bin:/usr/games
SHELL=/bin/bash
DISPLAY=:0

Signal Handlers:
SIGSEGV: [libjvm.so+0x4a04f0], sa_mask[0]=0x7ffbfeff, sa_flags=0x10000004
SIGBUS: [libjvm.so+0x4a04f0], sa_mask[0]=0x7ffbfeff, sa_flags=0x10000004
SIGFPE: [libjvm.so+0x398f00], sa_mask[0]=0x7ffbfeff, sa_flags=0x10000004
SIGPIPE: [libjvm.so+0x398f00], sa_mask[0]=0x7ffbfeff, sa_flags=0x10000004
SIGXFSZ: [libjvm.so+0x398f00], sa_mask[0]=0x7ffbfeff, sa_flags=0x10000004
SIGILL: [libjvm.so+0x398f00], sa_mask[0]=0x7ffbfeff, sa_flags=0x10000004
SIGUSR1: SIG_DFL, sa_mask[0]=0x00000000, sa_flags=0x00000000
SIGUSR2: [libjvm.so+0x398d90], sa_mask[0]=0x00000000, sa_flags=0x10000004
SIGHUP: [libjvm.so+0x399410], sa_mask[0]=0x7ffbfeff, sa_flags=0x10000004
SIGINT: [libjvm.so+0x399410], sa_mask[0]=0x7ffbfeff, sa_flags=0x10000004
SIGTERM: [libjvm.so+0x399410], sa_mask[0]=0x7ffbfeff, sa_flags=0x10000004
SIGQUIT: [libjvm.so+0x399410], sa_mask[0]=0x7ffbfeff, sa_flags=0x10000004


---------------  S Y S T E M  ---------------

OS:Ubuntu 12.04 (precise)
uname:Linux 3.2.0-56-generic-pae #86-Ubuntu SMP Wed Oct 23 17:51:27 UTC 2013 i686
libc:glibc 2.15 NPTL 2.15 
rlimit: STACK 8192k, CORE 0k, NPROC 7818, NOFILE 4096, AS infinity
load average:1,39 2,06 2,12

/proc/meminfo:
MemTotal:        1015424 kB
MemFree:           70404 kB
Buffers:           38632 kB
Cached:           461264 kB
SwapCached:        11584 kB
Active:           439904 kB
Inactive:         446340 kB
Active(anon):     264020 kB
Inactive(anon):   268944 kB
Active(file):     175884 kB
Inactive(file):   177396 kB
Unevictable:           0 kB
Mlocked:               0 kB
HighTotal:        125272 kB
HighFree:           1672 kB
LowTotal:         890152 kB
LowFree:           68732 kB
SwapTotal:       1037308 kB
SwapFree:         998812 kB
Dirty:               280 kB
Writeback:             0 kB
AnonPages:        375436 kB
Mapped:            77948 kB
Shmem:            146540 kB
Slab:              35908 kB
SReclaimable:      20384 kB
SUnreclaim:        15524 kB
KernelStack:        2640 kB
PageTables:         7132 kB
NFS_Unstable:          0 kB
Bounce:                0 kB
WritebackTmp:          0 kB
CommitLimit:     1545020 kB
Committed_AS:    2091372 kB
VmallocTotal:     122880 kB
VmallocUsed:        9084 kB
VmallocChunk:     112588 kB
HardwareCorrupted:     0 kB
AnonHugePages:         0 kB
HugePages_Total:       0
HugePages_Free:        0
HugePages_Rsvd:        0
HugePages_Surp:        0
Hugepagesize:       2048 kB
DirectMap4k:       32760 kB
DirectMap2M:      880640 kB


CPU:total 2 (1 cores per cpu, 2 threads per core) family 6 model 28 stepping 2, cmov, cx8, fxsr, mmx, sse, sse2, sse3, ssse3, ht, tsc

/proc/cpuinfo:
processor	: 0
vendor_id	: GenuineIntel
cpu family	: 6
model		: 28
model name	: Intel(R) Atom(TM) CPU N270   @ 1.60GHz
stepping	: 2
microcode	: 0x212
cpu MHz		: 1600.000
cache size	: 512 KB
physical id	: 0
siblings	: 2
core id		: 0
cpu cores	: 1
apicid		: 0
initial apicid	: 0
fdiv_bug	: no
hlt_bug		: no
f00f_bug	: no
coma_bug	: no
fpu		: yes
fpu_exception	: yes
cpuid level	: 10
wp		: yes
flags		: fpu vme de pse tsc msr pae mce cx8 apic sep mtrr pge mca cmov pat clflush dts acpi mmx fxsr sse sse2 ss ht tm pbe nx constant_tsc arch_perfmon pebs bts aperfmperf pni dtes64 monitor ds_cpl est tm2 ssse3 xtpr pdcm movbe lahf_lm dtherm
bogomips	: 3192.20
clflush size	: 64
cache_alignment	: 64
address sizes	: 32 bits physical, 32 bits virtual
power management:

processor	: 1
vendor_id	: GenuineIntel
cpu family	: 6
model		: 28
model name	: Intel(R) Atom(TM) CPU N270   @ 1.60GHz
stepping	: 2
microcode	: 0x212
cpu MHz		: 1600.000
cache size	: 512 KB
physical id	: 0
siblings	: 2
core id		: 0
cpu cores	: 1
apicid		: 1
initial apicid	: 1
fdiv_bug	: no
hlt_bug		: no
f00f_bug	: no
coma_bug	: no
fpu		: yes
fpu_exception	: yes
cpuid level	: 10
wp		: yes
flags		: fpu vme de pse tsc msr pae mce cx8 apic sep mtrr pge mca cmov pat clflush dts acpi mmx fxsr sse sse2 ss ht tm pbe nx constant_tsc arch_perfmon pebs bts aperfmperf pni dtes64 monitor ds_cpl est tm2 ssse3 xtpr pdcm movbe lahf_lm dtherm
bogomips	: 3191.93
clflush size	: 64
cache_alignment	: 64
address sizes	: 32 bits physical, 32 bits virtual
power management:



Memory: 4k page, physical 1015424k(70404k free), swap 1037308k(998812k free)

vm_info: OpenJDK Client VM (23.7-b01) for linux-x86 JRE (1.7.0_25-b30), built on Jul 15 2013 20:47:23 by "buildd" with gcc 4.6.3

time: Sun Mar 16 10:24:04 2014
elapsed time: 9 seconds

