#
# A fatal error has been detected by the Java Runtime Environment:
#
#  SIGSEGV (0xb) at pc=0x00007f22b7bfb4dc, pid=7641, tid=139788409378560
#
# JRE version: OpenJDK Runtime Environment (7.0_51) (build 1.7.0_51-b00)
# Java VM: OpenJDK 64-Bit Server VM (24.45-b08 mixed mode linux-amd64 compressed oops)
# Problematic frame:
# C  [libconvex_hull.so+0x14dc]  imprime_lista+0x2e
#
# Failed to write core dump. Core dumps have been disabled. To enable core dumping, try "ulimit -c unlimited" before starting Java again
#
# If you would like to submit a bug report, please include
# instructions on how to reproduce the bug and visit:
#   http://icedtea.classpath.org/bugzilla
# The crash happened outside the Java Virtual Machine in native code.
# See problematic frame for where to report the bug.
#

---------------  T H R E A D  ---------------

Current thread (0x00007f230000a800):  JavaThread "main" [_thread_in_native, id=7666, stack(0x00007f23065c1000,0x00007f23067c2000)]

siginfo:si_signo=SIGSEGV: si_errno=0, si_code=1 (SEGV_MAPERR), si_addr=0x0000000000000000

Registers:
RAX=0x0000000000000000, RBX=0x00000000d79ca7a0, RCX=0x000000000000001e, RDX=0x0000000000000000
RSP=0x00007f23067bebb0, RBP=0x00007f23067bebe0, RSI=0x0000000000000000, RDI=0x00007f23067be680
R8 =0x00007f230879a6a0, R9 =0x00007f2308428134, R10=0x0000000000000000, R11=0x0000000000000000
R12=0x0000000000000000, R13=0x00000000d79ca7a0, R14=0x00007f23067bed30, R15=0x00007f230000a800
RIP=0x00007f22b7bfb4dc, EFLAGS=0x0000000000010297, CSGSFS=0x0000000000000033, ERR=0x0000000000000004
  TRAPNO=0x000000000000000e

Top of Stack: (sp=0x00007f23067bebb0)
0x00007f23067bebb0:   00007f230051c770 00007f230051c640
0x00007f23067bebc0:   00007f230051c640 0000000600000005
0x00007f23067bebd0:   0000000b0000000f 0000000000000000
0x00007f23067bebe0:   00007f23067bec40 00007f22b7bfb677
0x00007f23067bebf0:   00007f23067bec78 00007f230051b1a0
0x00007f23067bec00:   00000000f7986250 00007f230051c640
0x00007f23067bec10:   00007f230051c620 00007f230051c840
0x00007f23067bec20:   00007f230051c600 00007f230051c5e0
0x00007f23067bec30:   00007f230051c820 00007f230051c800
0x00007f23067bec40:   00007f23004ba5e0 00007f22f4bbccd9
0x00007f23067bec50:   00000000d6be4180 00000000d79ca7a0
0x00007f23067bec60:   00007f23067bece8 00007f22fd012738
0x00007f23067bec70:   00007f23067bec98 00007f23067bed08
0x00007f23067bec80:   00007f22fd006233 00000000f6363a38
0x00007f23067bec90:   00000000f60db5a0 00000000f7986250
0x00007f23067beca0:   00000000f64cd680 00007f23067beca8
0x00007f23067becb0:   0000000000000000 00007f23067bed30
0x00007f23067becc0:   00000000d79d2cc8 0000000000000000
0x00007f23067becd0:   00000000d79ca7a0 0000000000000000
0x00007f23067bece0:   00007f23067bed08 00007f23067bed78
0x00007f23067becf0:   00007f22fd006175 00000000e10db7b0
0x00007f23067bed00:   00007f22fd00ecd7 00007f230051b1a0
0x00007f23067bed10:   00000000d7d61498 00007f22b7bfb572
0x00007f23067bed20:   00007f23067bed38 00007f23004ba5e0
0x00007f23067bed30:   00007f22fd006233 00007f23067bed38
0x00007f23067bed40:   00000000d7ac7607 00007f23067bedb0
0x00007f23067bed50:   00000000d7ad3860 0000000000000000
0x00007f23067bed60:   00000000d7ac7648 00007f23067bed08
0x00007f23067bed70:   00007f23067bed88 00007f23067bee00
0x00007f23067bed80:   00007f22fd006175 00007f230051b1a0
0x00007f23067bed90:   00000000f64cd660 00007f22b7bfb572
0x00007f23067beda0:   00007f23067beda0 00000000e10047f0 

Instructions: (pc=0x00007f22b7bfb4dc)
0x00007f22b7bfb4bc:   45 d8 48 8b 00 48 89 45 f8 48 8b 45 d8 8b 40 10
0x00007f22b7bfb4cc:   89 45 ec c7 45 e8 00 00 00 00 eb 4b 48 8b 45 f8
0x00007f22b7bfb4dc:   48 8b 00 8b 00 89 45 f0 48 8b 45 f8 48 8b 00 8b
0x00007f22b7bfb4ec:   40 04 89 45 f4 8b 75 f4 8b 4d f0 8b 55 e8 8b 45 

Register to memory mapping:

RAX=0x0000000000000000 is an unknown value
RBX=0x00000000d79ca7a0 is an oop
{method} 
 - klass: {other class}
RCX=0x000000000000001e is an unknown value
RDX=0x0000000000000000 is an unknown value
RSP=0x00007f23067bebb0 is pointing into the stack for thread: 0x00007f230000a800
RBP=0x00007f23067bebe0 is pointing into the stack for thread: 0x00007f230000a800
RSI=0x0000000000000000 is an unknown value
RDI=0x00007f23067be680 is pointing into the stack for thread: 0x00007f230000a800
R8 =0x00007f230879a6a0: _IO_file_jumps+0 in /lib/x86_64-linux-gnu/libc.so.6 at 0x00007f23083da000
R9 =0x00007f2308428134: _IO_vfprintf+0x49b4 in /lib/x86_64-linux-gnu/libc.so.6 at 0x00007f23083da000
R10=0x0000000000000000 is an unknown value
R11=0x0000000000000000 is an unknown value
R12=0x0000000000000000 is an unknown value
R13=0x00000000d79ca7a0 is an oop
{method} 
 - klass: {other class}
R14=0x00007f23067bed30 is pointing into the stack for thread: 0x00007f230000a800
R15=0x00007f230000a800 is a thread


Stack: [0x00007f23065c1000,0x00007f23067c2000],  sp=0x00007f23067bebb0,  free space=2038k
Native frames: (J=compiled Java code, j=interpreted, Vv=VM code, C=native code)
C  [libconvex_hull.so+0x14dc]  imprime_lista+0x2e
C  [libconvex_hull.so+0x1677]  convex_hull+0x105

Java frames: (J=compiled Java code, j=interpreted, Vv=VM code)
j  com.kenai.jffi.Foreign.invokeL1(JJJ)J+0
j  com.kenai.jffi.Invoker.invokeL1(Lcom/kenai/jffi/CallContext;JJ)J+7
j  org.jruby.ext.ffi.jffi.NativeInvoker$ffi$1.call(Lorg/jruby/runtime/ThreadContext;Lorg/jruby/runtime/builtin/IRubyObject;Lorg/jruby/RubyModule;Ljava/lang/String;Lorg/jruby/runtime/builtin/IRubyObject;)Lorg/jruby/runtime/builtin/IRubyObject;+76
j  org.jruby.ext.ffi.jffi.JITNativeInvoker.call(Lorg/jruby/runtime/ThreadContext;Lorg/jruby/runtime/builtin/IRubyObject;Lorg/jruby/RubyModule;Ljava/lang/String;[Lorg/jruby/runtime/builtin/IRubyObject;)Lorg/jruby/runtime/builtin/IRubyObject;+92
j  org.jruby.ext.ffi.jffi.NativeInvoker.call(Lorg/jruby/runtime/ThreadContext;Lorg/jruby/runtime/builtin/IRubyObject;Lorg/jruby/RubyModule;Ljava/lang/String;[Lorg/jruby/runtime/builtin/IRubyObject;Lorg/jruby/runtime/Block;)Lorg/jruby/runtime/builtin/IRubyObject;+36
j  org.jruby.ext.ffi.jffi.DefaultMethod.call(Lorg/jruby/runtime/ThreadContext;Lorg/jruby/runtime/builtin/IRubyObject;Lorg/jruby/RubyModule;Ljava/lang/String;[Lorg/jruby/runtime/builtin/IRubyObject;Lorg/jruby/runtime/Block;)Lorg/jruby/runtime/builtin/IRubyObject;+13
j  org.jruby.internal.runtime.methods.DynamicMethod.call(Lorg/jruby/runtime/ThreadContext;Lorg/jruby/runtime/builtin/IRubyObject;Lorg/jruby/RubyModule;Ljava/lang/String;Lorg/jruby/runtime/builtin/IRubyObject;Lorg/jruby/runtime/Block;)Lorg/jruby/runtime/builtin/IRubyObject;+17
j  org.jruby.internal.runtime.methods.DynamicMethod.call(Lorg/jruby/runtime/ThreadContext;Lorg/jruby/runtime/builtin/IRubyObject;Lorg/jruby/RubyModule;Ljava/lang/String;Lorg/jruby/runtime/builtin/IRubyObject;)Lorg/jruby/runtime/builtin/IRubyObject;+11
j  org.jruby.runtime.callsite.CachingCallSite.cacheAndCall(Lorg/jruby/runtime/builtin/IRubyObject;Lorg/jruby/RubyClass;Lorg/jruby/runtime/ThreadContext;Lorg/jruby/runtime/builtin/IRubyObject;Lorg/jruby/runtime/builtin/IRubyObject;)Lorg/jruby/runtime/builtin/IRubyObject;+57
J  org.jruby.runtime.callsite.CachingCallSite.call(Lorg/jruby/runtime/ThreadContext;Lorg/jruby/runtime/builtin/IRubyObject;Lorg/jruby/runtime/builtin/IRubyObject;Lorg/jruby/runtime/builtin/IRubyObject;)Lorg/jruby/runtime/builtin/IRubyObject;
j  org.jruby.ast.CallOneArgNode.interpret(Lorg/jruby/Ruby;Lorg/jruby/runtime/ThreadContext;Lorg/jruby/runtime/builtin/IRubyObject;Lorg/jruby/runtime/Block;)Lorg/jruby/runtime/builtin/IRubyObject;+30
j  org.jruby.ast.LocalAsgnNode.interpret(Lorg/jruby/Ruby;Lorg/jruby/runtime/ThreadContext;Lorg/jruby/runtime/builtin/IRubyObject;Lorg/jruby/runtime/Block;)Lorg/jruby/runtime/builtin/IRubyObject;+30
J  org.jruby.ast.BlockNode.interpret(Lorg/jruby/Ruby;Lorg/jruby/runtime/ThreadContext;Lorg/jruby/runtime/builtin/IRubyObject;Lorg/jruby/runtime/Block;)Lorg/jruby/runtime/builtin/IRubyObject;
j  org.jruby.evaluator.ASTInterpreter.INTERPRET_METHOD(Lorg/jruby/Ruby;Lorg/jruby/runtime/ThreadContext;Ljava/lang/String;ILorg/jruby/RubyModule;Lorg/jruby/ast/Node;Ljava/lang/String;Lorg/jruby/runtime/builtin/IRubyObject;Lorg/jruby/runtime/Block;Z)Lorg/jruby/runtime/builtin/IRubyObject;+30
j  org.jruby.internal.runtime.methods.InterpretedMethod.call(Lorg/jruby/runtime/ThreadContext;Lorg/jruby/runtime/builtin/IRubyObject;Lorg/jruby/RubyModule;Ljava/lang/String;)Lorg/jruby/runtime/builtin/IRubyObject;+80
j  org.jruby.internal.runtime.methods.DefaultMethod.call(Lorg/jruby/runtime/ThreadContext;Lorg/jruby/runtime/builtin/IRubyObject;Lorg/jruby/RubyModule;Ljava/lang/String;)Lorg/jruby/runtime/builtin/IRubyObject;+20
j  org.jruby.runtime.callsite.CachingCallSite.cacheAndCall(Lorg/jruby/runtime/builtin/IRubyObject;Lorg/jruby/RubyClass;Lorg/jruby/runtime/ThreadContext;Lorg/jruby/runtime/builtin/IRubyObject;)Lorg/jruby/runtime/builtin/IRubyObject;+53
j  org.jruby.runtime.callsite.CachingCallSite.call(Lorg/jruby/runtime/ThreadContext;Lorg/jruby/runtime/builtin/IRubyObject;Lorg/jruby/runtime/builtin/IRubyObject;)Lorg/jruby/runtime/builtin/IRubyObject;+46
j  org.jruby.ast.CallNoArgNode.interpret(Lorg/jruby/Ruby;Lorg/jruby/runtime/ThreadContext;Lorg/jruby/runtime/builtin/IRubyObject;Lorg/jruby/runtime/Block;)Lorg/jruby/runtime/builtin/IRubyObject;+18
j  org.jruby.ast.FCallTwoArgNode.interpret(Lorg/jruby/Ruby;Lorg/jruby/runtime/ThreadContext;Lorg/jruby/runtime/builtin/IRubyObject;Lorg/jruby/runtime/Block;)Lorg/jruby/runtime/builtin/IRubyObject;+28
J  org.jruby.ast.NewlineNode.interpret(Lorg/jruby/Ruby;Lorg/jruby/runtime/ThreadContext;Lorg/jruby/runtime/builtin/IRubyObject;Lorg/jruby/runtime/Block;)Lorg/jruby/runtime/builtin/IRubyObject;
j  org.jruby.ast.BlockNode.interpret(Lorg/jruby/Ruby;Lorg/jruby/runtime/ThreadContext;Lorg/jruby/runtime/builtin/IRubyObject;Lorg/jruby/runtime/Block;)Lorg/jruby/runtime/builtin/IRubyObject;+33
j  org.jruby.evaluator.ASTInterpreter.INTERPRET_METHOD(Lorg/jruby/Ruby;Lorg/jruby/runtime/ThreadContext;Ljava/lang/String;ILorg/jruby/RubyModule;Lorg/jruby/ast/Node;Ljava/lang/String;Lorg/jruby/runtime/builtin/IRubyObject;Lorg/jruby/runtime/Block;Z)Lorg/jruby/runtime/builtin/IRubyObject;+30
j  org.jruby.internal.runtime.methods.InterpretedMethod.call(Lorg/jruby/runtime/ThreadContext;Lorg/jruby/runtime/builtin/IRubyObject;Lorg/jruby/RubyModule;Ljava/lang/String;)Lorg/jruby/runtime/builtin/IRubyObject;+80
j  org.jruby.internal.runtime.methods.DefaultMethod.call(Lorg/jruby/runtime/ThreadContext;Lorg/jruby/runtime/builtin/IRubyObject;Lorg/jruby/RubyModule;Ljava/lang/String;)Lorg/jruby/runtime/builtin/IRubyObject;+20
j  org.jruby.runtime.callsite.CachingCallSite.cacheAndCall(Lorg/jruby/runtime/builtin/IRubyObject;Lorg/jruby/RubyClass;Lorg/jruby/runtime/ThreadContext;Lorg/jruby/runtime/builtin/IRubyObject;)Lorg/jruby/runtime/builtin/IRubyObject;+53
j  org.jruby.runtime.callsite.CachingCallSite.call(Lorg/jruby/runtime/ThreadContext;Lorg/jruby/runtime/builtin/IRubyObject;Lorg/jruby/runtime/builtin/IRubyObject;)Lorg/jruby/runtime/builtin/IRubyObject;+46
j  Makefile.method__2$RUBY$test(LMakefile;Lorg/jruby/runtime/ThreadContext;Lorg/jruby/runtime/builtin/IRubyObject;Lorg/jruby/runtime/Block;)Lorg/jruby/runtime/builtin/IRubyObject;+130
j  Makefile$method__2$RUBY$test.call(Lorg/jruby/runtime/ThreadContext;Lorg/jruby/runtime/builtin/IRubyObject;Lorg/jruby/RubyModule;Ljava/lang/String;Lorg/jruby/runtime/Block;)Lorg/jruby/runtime/builtin/IRubyObject;+17
j  org.jruby.RubyClass.finvoke(Lorg/jruby/runtime/ThreadContext;Lorg/jruby/runtime/builtin/IRubyObject;Ljava/lang/String;Lorg/jruby/runtime/Block;)Lorg/jruby/runtime/builtin/IRubyObject;+41
j  org.jruby.RubyBasicObject.send19(Lorg/jruby/runtime/ThreadContext;Lorg/jruby/runtime/builtin/IRubyObject;Lorg/jruby/runtime/Block;)Lorg/jruby/runtime/builtin/IRubyObject;+15
j  org.jruby.RubyKernel.send19(Lorg/jruby/runtime/ThreadContext;Lorg/jruby/runtime/builtin/IRubyObject;Lorg/jruby/runtime/builtin/IRubyObject;Lorg/jruby/runtime/Block;)Lorg/jruby/runtime/builtin/IRubyObject;+7
j  org.jruby.RubyKernel$INVOKER$s$send19.call(Lorg/jruby/runtime/ThreadContext;Lorg/jruby/runtime/builtin/IRubyObject;Lorg/jruby/RubyModule;Ljava/lang/String;Lorg/jruby/runtime/builtin/IRubyObject;Lorg/jruby/runtime/Block;)Lorg/jruby/runtime/builtin/IRubyObject;+6
j  org.jruby.internal.runtime.methods.JavaMethod$JavaMethodOneOrNBlock.call(Lorg/jruby/runtime/ThreadContext;Lorg/jruby/runtime/builtin/IRubyObject;Lorg/jruby/RubyModule;Ljava/lang/String;Lorg/jruby/runtime/builtin/IRubyObject;)Lorg/jruby/runtime/builtin/IRubyObject;+11
j  org.jruby.runtime.callsite.CachingCallSite.call(Lorg/jruby/runtime/ThreadContext;Lorg/jruby/runtime/builtin/IRubyObject;Lorg/jruby/runtime/builtin/IRubyObject;Lorg/jruby/runtime/builtin/IRubyObject;)Lorg/jruby/runtime/builtin/IRubyObject;+38
j  Makefile.block_6$RUBY$__file__(LMakefile;Lorg/jruby/runtime/ThreadContext;Lorg/jruby/runtime/builtin/IRubyObject;[Lorg/jruby/runtime/builtin/IRubyObject;Lorg/jruby/runtime/Block;)Lorg/jruby/runtime/builtin/IRubyObject;+46
j  Makefile$block_6$RUBY$__file__.call(Lorg/jruby/runtime/ThreadContext;Lorg/jruby/runtime/builtin/IRubyObject;[Lorg/jruby/runtime/builtin/IRubyObject;Lorg/jruby/runtime/Block;)Lorg/jruby/runtime/builtin/IRubyObject;+9
j  org.jruby.runtime.CompiledBlock19.yield(Lorg/jruby/runtime/ThreadContext;Lorg/jruby/runtime/builtin/IRubyObject;Lorg/jruby/runtime/Binding;Lorg/jruby/runtime/Block$Type;)Lorg/jruby/runtime/builtin/IRubyObject;+52
j  org.jruby.runtime.Block.yield(Lorg/jruby/runtime/ThreadContext;Lorg/jruby/runtime/builtin/IRubyObject;)Lorg/jruby/runtime/builtin/IRubyObject;+14
j  org.jruby.RubyArray.eachCommon(Lorg/jruby/runtime/ThreadContext;Lorg/jruby/runtime/Block;)Lorg/jruby/runtime/builtin/IRubyObject;+41
j  org.jruby.RubyArray.each(Lorg/jruby/runtime/ThreadContext;Lorg/jruby/runtime/Block;)Lorg/jruby/runtime/builtin/IRubyObject;+10
j  org.jruby.RubyArray$INVOKER$i$0$0$each.call(Lorg/jruby/runtime/ThreadContext;Lorg/jruby/runtime/builtin/IRubyObject;Lorg/jruby/RubyModule;Ljava/lang/String;Lorg/jruby/runtime/Block;)Lorg/jruby/runtime/builtin/IRubyObject;+7
j  org.jruby.runtime.callsite.CachingCallSite.cacheAndCall(Lorg/jruby/runtime/builtin/IRubyObject;Lorg/jruby/RubyClass;Lorg/jruby/runtime/Block;Lorg/jruby/runtime/ThreadContext;Lorg/jruby/runtime/builtin/IRubyObject;)Lorg/jruby/runtime/builtin/IRubyObject;+57
j  org.jruby.runtime.callsite.CachingCallSite.callBlock(Lorg/jruby/runtime/ThreadContext;Lorg/jruby/runtime/builtin/IRubyObject;Lorg/jruby/runtime/builtin/IRubyObject;Lorg/jruby/runtime/Block;)Lorg/jruby/runtime/builtin/IRubyObject;+50
j  org.jruby.runtime.callsite.CachingCallSite.callIter(Lorg/jruby/runtime/ThreadContext;Lorg/jruby/runtime/builtin/IRubyObject;Lorg/jruby/runtime/builtin/IRubyObject;Lorg/jruby/runtime/Block;)Lorg/jruby/runtime/builtin/IRubyObject;+6
j  Makefile.__file__(LMakefile;Lorg/jruby/runtime/ThreadContext;Lorg/jruby/runtime/builtin/IRubyObject;[Lorg/jruby/runtime/builtin/IRubyObject;Lorg/jruby/runtime/Block;)Lorg/jruby/runtime/builtin/IRubyObject;+859
j  Makefile.load(Lorg/jruby/runtime/ThreadContext;Lorg/jruby/runtime/builtin/IRubyObject;Z)Lorg/jruby/runtime/builtin/IRubyObject;+22
j  org.jruby.Ruby.runScript(Lorg/jruby/ast/executable/Script;Z)Lorg/jruby/runtime/builtin/IRubyObject;+12
j  org.jruby.Ruby.runScript(Lorg/jruby/ast/executable/Script;)Lorg/jruby/runtime/builtin/IRubyObject;+3
j  org.jruby.Ruby.runNormally(Lorg/jruby/ast/Node;)Lorg/jruby/runtime/builtin/IRubyObject;+73
j  org.jruby.Ruby.runFromMain(Ljava/io/InputStream;Ljava/lang/String;)V+320
j  org.jruby.Main.doRunFromMain(Lorg/jruby/Ruby;Ljava/io/InputStream;Ljava/lang/String;)Lorg/jruby/Main$Status;+12
j  org.jruby.Main.internalRun()Lorg/jruby/Main$Status;+234
j  org.jruby.Main.run([Ljava/lang/String;)Lorg/jruby/Main$Status;+9
j  org.jruby.Main.main([Ljava/lang/String;)V+35
v  ~StubRoutines::call_stub

---------------  P R O C E S S  ---------------

Java Threads: ( => current thread )
  0x00007f23004f2800 JavaThread "JRubyJIT-2" daemon [_thread_blocked, id=7749, stack(0x00007f22f45b2000,0x00007f22f47b3000)]
  0x00007f23004f1000 JavaThread "process reaper" daemon [_thread_blocked, id=7682, stack(0x00007f22fc0a3000,0x00007f22fc0dc000)]
  0x00007f23004e1800 JavaThread "JRubyJIT-1" daemon [_thread_blocked, id=7679, stack(0x00007f22f49b4000,0x00007f22f4bb5000)]
  0x00007f23000ad000 JavaThread "Service Thread" daemon [_thread_blocked, id=7677, stack(0x00007f22f662d000,0x00007f22f682e000)]
  0x00007f23000aa800 JavaThread "C2 CompilerThread1" daemon [_thread_blocked, id=7676, stack(0x00007f22f682e000,0x00007f22f692f000)]
  0x00007f23000a7800 JavaThread "C2 CompilerThread0" daemon [_thread_blocked, id=7675, stack(0x00007f22fc0dc000,0x00007f22fc1dd000)]
  0x00007f23000a5800 JavaThread "Signal Dispatcher" daemon [_thread_blocked, id=7674, stack(0x00007f22f692f000,0x00007f22f6b30000)]
  0x00007f2300082800 JavaThread "Finalizer" daemon [_thread_blocked, id=7673, stack(0x00007f22fc5d7000,0x00007f22fc7d8000)]
  0x00007f2300080800 JavaThread "Reference Handler" daemon [_thread_blocked, id=7672, stack(0x00007f22fc7d8000,0x00007f22fc9d9000)]
=>0x00007f230000a800 JavaThread "main" [_thread_in_native, id=7666, stack(0x00007f23065c1000,0x00007f23067c2000)]

Other Threads:
  0x00007f230007c800 VMThread [stack: 0x00007f22fc9d9000,0x00007f22fcada000] [id=7671]
  0x00007f23000bf800 WatcherThread [stack: 0x00007f22f652c000,0x00007f22f662d000] [id=7678]

VM state:not at safepoint (normal execution)

VM Mutex/Monitor currently owned by a thread: None

Heap
 PSYoungGen      total 33280K, used 15121K [0x00000000f5900000, 0x00000000f7c00000, 0x0000000100000000)
  eden space 30720K, 40% used [0x00000000f5900000,0x00000000f65467f0,0x00000000f7700000)
  from space 2560K, 99% used [0x00000000f7980000,0x00000000f7bfdfa8,0x00000000f7c00000)
  to   space 2560K, 0% used [0x00000000f7700000,0x00000000f7700000,0x00000000f7980000)
 ParOldGen       total 39936K, used 5298K [0x00000000e0c00000, 0x00000000e3300000, 0x00000000f5900000)
  object space 39936K, 13% used [0x00000000e0c00000,0x00000000e112ca58,0x00000000e3300000)
 PSPermGen       total 25600K, used 25428K [0x00000000d6600000, 0x00000000d7f00000, 0x00000000e0c00000)
  object space 25600K, 99% used [0x00000000d6600000,0x00000000d7ed5268,0x00000000d7f00000)

Card table byte_map: [0x00007f23053e7000,0x00007f2305535000] byte_map_base: 0x00007f2304d34000

Polling page: 0x00007f2308bcf000

Code Cache  [0x00007f22fd000000, 0x00007f22fd270000, 0x00007f2300000000)
 total_blobs=822 nmethods=343 adapters=433 free_code_cache=47568Kb largest_free_block=48671808

Compilation events (10 events):
Event: 3,491 Thread 0x00007f23000a7800 nmethod 345 0x00007f22fd181350 code [0x00007f22fd1814c0, 0x00007f22fd181658]
Event: 3,491 Thread 0x00007f23000aa800  346             org.jruby.runtime.Frame::setVisibility (6 bytes)
Event: 3,491 Thread 0x00007f23000aa800 nmethod 346 0x00007f22fd182490 code [0x00007f22fd1825c0, 0x00007f22fd182638]
Event: 3,503 Thread 0x00007f23000a7800  347             org.jruby.runtime.callsite.CachingCallSite::call (58 bytes)
Event: 3,505 Thread 0x00007f23000aa800  348             org.jruby.ast.LocalVarNode::getIndex (8 bytes)
Event: 3,505 Thread 0x00007f23000aa800 nmethod 348 0x00007f22fd184650 code [0x00007f22fd184780, 0x00007f22fd1847d8]
Event: 3,505 Thread 0x00007f23000aa800  349             org.jruby.ast.LocalVarNode::getDepth (8 bytes)
Event: 3,506 Thread 0x00007f23000aa800 nmethod 349 0x00007f22fd1843d0 code [0x00007f22fd184500, 0x00007f22fd184558]
Event: 3,506 Thread 0x00007f23000aa800  350             org.jruby.ast.LocalVarNode::interpret (32 bytes)
Event: 3,507 Thread 0x00007f23000aa800 nmethod 350 0x00007f22fd191dd0 code [0x00007f22fd191f20, 0x00007f22fd192018]

GC Heap History (4 events):
Event: 1,453 GC heap before
{Heap before GC invocations=1 (full 0):
 PSYoungGen      total 17920K, used 15360K [0x00000000f5900000, 0x00000000f6d00000, 0x0000000100000000)
  eden space 15360K, 100% used [0x00000000f5900000,0x00000000f6800000,0x00000000f6800000)
  from space 2560K, 0% used [0x00000000f6a80000,0x00000000f6a80000,0x00000000f6d00000)
  to   space 2560K, 0% used [0x00000000f6800000,0x00000000f6800000,0x00000000f6a80000)
 ParOldGen       total 39936K, used 0K [0x00000000e0c00000, 0x00000000e3300000, 0x00000000f5900000)
  object space 39936K, 0% used [0x00000000e0c00000,0x00000000e0c00000,0x00000000e3300000)
 PSPermGen       total 21504K, used 19066K [0x00000000d6600000, 0x00000000d7b00000, 0x00000000e0c00000)
  object space 21504K, 88% used [0x00000000d6600000,0x00000000d789eba0,0x00000000d7b00000)
Event: 1,471 GC heap after
Heap after GC invocations=1 (full 0):
 PSYoungGen      total 17920K, used 2547K [0x00000000f5900000, 0x00000000f7c00000, 0x0000000100000000)
  eden space 15360K, 0% used [0x00000000f5900000,0x00000000f5900000,0x00000000f6800000)
  from space 2560K, 99% used [0x00000000f6800000,0x00000000f6a7cde8,0x00000000f6a80000)
  to   space 2560K, 0% used [0x00000000f7980000,0x00000000f7980000,0x00000000f7c00000)
 ParOldGen       total 39936K, used 3289K [0x00000000e0c00000, 0x00000000e3300000, 0x00000000f5900000)
  object space 39936K, 8% used [0x00000000e0c00000,0x00000000e0f366a0,0x00000000e3300000)
 PSPermGen       total 21504K, used 19066K [0x00000000d6600000, 0x00000000d7b00000, 0x00000000e0c00000)
  object space 21504K, 88% used [0x00000000d6600000,0x00000000d789eba0,0x00000000d7b00000)
}
Event: 2,567 GC heap before
{Heap before GC invocations=2 (full 0):
 PSYoungGen      total 17920K, used 17907K [0x00000000f5900000, 0x00000000f7c00000, 0x0000000100000000)
  eden space 15360K, 100% used [0x00000000f5900000,0x00000000f6800000,0x00000000f6800000)
  from space 2560K, 99% used [0x00000000f6800000,0x00000000f6a7cde8,0x00000000f6a80000)
  to   space 2560K, 0% used [0x00000000f7980000,0x00000000f7980000,0x00000000f7c00000)
 ParOldGen       total 39936K, used 3289K [0x00000000e0c00000, 0x00000000e3300000, 0x00000000f5900000)
  object space 39936K, 8% used [0x00000000e0c00000,0x00000000e0f366a0,0x00000000e3300000)
 PSPermGen       total 23552K, used 23549K [0x00000000d6600000, 0x00000000d7d00000, 0x00000000e0c00000)
  object space 23552K, 99% used [0x00000000d6600000,0x00000000d7cff520,0x00000000d7d00000)
Event: 2,590 GC heap after
Heap after GC invocations=2 (full 0):
 PSYoungGen      total 33280K, used 2551K [0x00000000f5900000, 0x00000000f7c00000, 0x0000000100000000)
  eden space 30720K, 0% used [0x00000000f5900000,0x00000000f5900000,0x00000000f7700000)
  from space 2560K, 99% used [0x00000000f7980000,0x00000000f7bfdfa8,0x00000000f7c00000)
  to   space 2560K, 0% used [0x00000000f7700000,0x00000000f7700000,0x00000000f7980000)
 ParOldGen       total 39936K, used 5298K [0x00000000e0c00000, 0x00000000e3300000, 0x00000000f5900000)
  object space 39936K, 13% used [0x00000000e0c00000,0x00000000e112ca58,0x00000000e3300000)
 PSPermGen       total 23552K, used 23549K [0x00000000d6600000, 0x00000000d7d00000, 0x00000000e0c00000)
  object space 23552K, 99% used [0x00000000d6600000,0x00000000d7cff520,0x00000000d7d00000)
}

Deoptimization events (10 events):
Event: 2,378 Thread 0x00007f230000a800 Uncommon trap: reason=class_check action=maybe_recompile pc=0x00007f22fd077db8 method=java.util.Arrays.fill([Ljava/lang/Object;Ljava/lang/Object;)V @ 13
Event: 2,379 Thread 0x00007f230000a800 Uncommon trap: reason=class_check action=maybe_recompile pc=0x00007f22fd077db8 method=java.util.Arrays.fill([Ljava/lang/Object;Ljava/lang/Object;)V @ 13
Event: 2,381 Thread 0x00007f230000a800 Uncommon trap: reason=class_check action=maybe_recompile pc=0x00007f22fd077db8 method=java.util.Arrays.fill([Ljava/lang/Object;Ljava/lang/Object;)V @ 13
Event: 2,388 Thread 0x00007f230000a800 Uncommon trap: reason=class_check action=maybe_recompile pc=0x00007f22fd077db8 method=java.util.Arrays.fill([Ljava/lang/Object;Ljava/lang/Object;)V @ 13
Event: 2,437 Thread 0x00007f230000a800 Uncommon trap: reason=class_check action=maybe_recompile pc=0x00007f22fd096874 method=java.util.concurrent.ConcurrentHashMap$Segment.put(Ljava/lang/Object;ILjava/lang/Object;Z)Ljava/lang/Object; @ 77
Event: 2,451 Thread 0x00007f230000a800 Uncommon trap: reason=class_check action=maybe_recompile pc=0x00007f22fd096874 method=java.util.concurrent.ConcurrentHashMap$Segment.put(Ljava/lang/Object;ILjava/lang/Object;Z)Ljava/lang/Object; @ 77
Event: 2,470 Thread 0x00007f23004f2800 Uncommon trap: reason=null_check action=make_not_entrant pc=0x00007f22fd12a6ec method=org.jruby.internal.runtime.ThreadService.getCurrentContext()Lorg/jruby/runtime/ThreadContext; @ 15
Event: 3,113 Thread 0x00007f230000a800 Uncommon trap: reason=unreached action=reinterpret pc=0x00007f22fd1346b4 method=java.util.concurrent.locks.AbstractQueuedSynchronizer.release(I)Z @ 14
Event: 3,113 Thread 0x00007f23004e1800 Uncommon trap: reason=unreached action=reinterpret pc=0x00007f22fd135f8c method=java.util.concurrent.locks.AbstractQueuedSynchronizer.release(I)Z @ 14
Event: 3,139 Thread 0x00007f230000a800 Uncommon trap: reason=unreached action=reinterpret pc=0x00007f22fd127668 method=org.jruby.parser.ParserSupport.checkExpression(Lorg/jruby/ast/Node;)Z @ 3

Internal exceptions (10 events):
Event: 3,114 Thread 0x00007f23004e1800 Threw 0x00000000f618f758 at /build/buildd/openjdk-7-7u51-2.4.4/build/openjdk/hotspot/src/share/vm/prims/jvm.cpp:1244
Event: 3,114 Thread 0x00007f23004e1800 Threw 0x00000000f61907c8 at /build/buildd/openjdk-7-7u51-2.4.4/build/openjdk/hotspot/src/share/vm/prims/jvm.cpp:1244
Event: 3,326 Thread 0x00007f23004f2800 Threw 0x00000000f6181f10 at /build/buildd/openjdk-7-7u51-2.4.4/build/openjdk/hotspot/src/share/vm/prims/jvm.cpp:1244
Event: 3,326 Thread 0x00007f23004f2800 Threw 0x00000000f6182fb0 at /build/buildd/openjdk-7-7u51-2.4.4/build/openjdk/hotspot/src/share/vm/prims/jvm.cpp:1244
Event: 3,381 Thread 0x00007f23004f2800 Threw 0x00000000f6394ba0 at /build/buildd/openjdk-7-7u51-2.4.4/build/openjdk/hotspot/src/share/vm/prims/jvm.cpp:1244
Event: 3,381 Thread 0x00007f23004e1800 Threw 0x00000000f61cfe30 at /build/buildd/openjdk-7-7u51-2.4.4/build/openjdk/hotspot/src/share/vm/prims/jvm.cpp:1244
Event: 3,381 Thread 0x00007f23004f2800 Threw 0x00000000f6395ca0 at /build/buildd/openjdk-7-7u51-2.4.4/build/openjdk/hotspot/src/share/vm/prims/jvm.cpp:1244
Event: 3,382 Thread 0x00007f23004e1800 Threw 0x00000000f61d0f30 at /build/buildd/openjdk-7-7u51-2.4.4/build/openjdk/hotspot/src/share/vm/prims/jvm.cpp:1244
Event: 3,385 Thread 0x00007f23004e1800 Threw 0x00000000f63d14c0 at /build/buildd/openjdk-7-7u51-2.4.4/build/openjdk/hotspot/src/share/vm/prims/jvm.cpp:1244
Event: 3,385 Thread 0x00007f23004e1800 Threw 0x00000000f63d2668 at /build/buildd/openjdk-7-7u51-2.4.4/build/openjdk/hotspot/src/share/vm/prims/jvm.cpp:1244

Events (10 events):
Event: 3,409 loading class 0x00007f22d40406a0
Event: 3,410 loading class 0x00007f22d40406a0 done
Event: 3,410 loading class 0x00007f22d4273790
Event: 3,410 loading class 0x00007f22d4273790 done
Event: 3,411 loading class 0x00007f22d4273620
Event: 3,411 loading class 0x00007f22d4273620 done
Event: 3,412 loading class 0x00007f22d4273fd0
Event: 3,412 loading class 0x00007f22d4273fd0 done
Event: 3,413 loading class 0x00007f22d42741f0
Event: 3,414 loading class 0x00007f22d42741f0 done


Dynamic libraries:
00400000-00401000 r-xp 00000000 08:05 12322450                           /usr/lib/jvm/java-7-openjdk-amd64/jre/bin/java
00600000-00601000 r--p 00000000 08:05 12322450                           /usr/lib/jvm/java-7-openjdk-amd64/jre/bin/java
00601000-00602000 rw-p 00001000 08:05 12322450                           /usr/lib/jvm/java-7-openjdk-amd64/jre/bin/java
00db0000-00dd1000 rw-p 00000000 00:00 0                                  [heap]
d6600000-d7f00000 rw-p 00000000 00:00 0 
d7f00000-e0c00000 rw-p 00000000 00:00 0 
e0c00000-e3300000 rw-p 00000000 00:00 0 
e3300000-f5900000 rw-p 00000000 00:00 0 
f5900000-f7c00000 rw-p 00000000 00:00 0 
f7c00000-100000000 rw-p 00000000 00:00 0 
7f22b0000000-7f22b0021000 rw-p 00000000 00:00 0 
7f22b0021000-7f22b4000000 ---p 00000000 00:00 0 
7f22b7bfa000-7f22b7bfc000 r-xp 00000000 08:05 16777779                   /home/luis/practica01/src/lib/libconvex_hull.so
7f22b7bfc000-7f22b7dfb000 ---p 00002000 08:05 16777779                   /home/luis/practica01/src/lib/libconvex_hull.so
7f22b7dfb000-7f22b7dfc000 r--p 00001000 08:05 16777779                   /home/luis/practica01/src/lib/libconvex_hull.so
7f22b7dfc000-7f22b7dfd000 rw-p 00002000 08:05 16777779                   /home/luis/practica01/src/lib/libconvex_hull.so
7f22b7dfd000-7f22b7dff000 r-xp 00000000 08:05 16777774                   /home/luis/practica01/src/lib/libdouble_linked_list.so
7f22b7dff000-7f22b7ffe000 ---p 00002000 08:05 16777774                   /home/luis/practica01/src/lib/libdouble_linked_list.so
7f22b7ffe000-7f22b7fff000 r--p 00001000 08:05 16777774                   /home/luis/practica01/src/lib/libdouble_linked_list.so
7f22b7fff000-7f22b8000000 rw-p 00002000 08:05 16777774                   /home/luis/practica01/src/lib/libdouble_linked_list.so
7f22b8000000-7f22b8021000 rw-p 00000000 00:00 0 
7f22b8021000-7f22bc000000 ---p 00000000 00:00 0 
7f22bc000000-7f22bc021000 rw-p 00000000 00:00 0 
7f22bc021000-7f22c0000000 ---p 00000000 00:00 0 
7f22c0000000-7f22c0027000 rw-p 00000000 00:00 0 
7f22c0027000-7f22c4000000 ---p 00000000 00:00 0 
7f22c4000000-7f22c4021000 rw-p 00000000 00:00 0 
7f22c4021000-7f22c8000000 ---p 00000000 00:00 0 
7f22c8000000-7f22c8021000 rw-p 00000000 00:00 0 
7f22c8021000-7f22cc000000 ---p 00000000 00:00 0 
7f22cc000000-7f22cc021000 rw-p 00000000 00:00 0 
7f22cc021000-7f22d0000000 ---p 00000000 00:00 0 
7f22d0000000-7f22d0af6000 rw-p 00000000 00:00 0 
7f22d0af6000-7f22d4000000 ---p 00000000 00:00 0 
7f22d4000000-7f22d4cde000 rw-p 00000000 00:00 0 
7f22d4cde000-7f22d8000000 ---p 00000000 00:00 0 
7f22d8000000-7f22d8021000 rw-p 00000000 00:00 0 
7f22d8021000-7f22dc000000 ---p 00000000 00:00 0 
7f22dc000000-7f22dc021000 rw-p 00000000 00:00 0 
7f22dc021000-7f22e0000000 ---p 00000000 00:00 0 
7f22e0000000-7f22e0021000 rw-p 00000000 00:00 0 
7f22e0021000-7f22e4000000 ---p 00000000 00:00 0 
7f22e4000000-7f22e4021000 rw-p 00000000 00:00 0 
7f22e4021000-7f22e8000000 ---p 00000000 00:00 0 
7f22e8000000-7f22e8021000 rw-p 00000000 00:00 0 
7f22e8021000-7f22ec000000 ---p 00000000 00:00 0 
7f22ec000000-7f22ec021000 rw-p 00000000 00:00 0 
7f22ec021000-7f22f0000000 ---p 00000000 00:00 0 
7f22f0000000-7f22f0021000 rw-p 00000000 00:00 0 
7f22f0021000-7f22f4000000 ---p 00000000 00:00 0 
7f22f41af000-7f22f41b0000 r-xp 00000000 08:05 16777738                   /home/luis/practica01/src/lib/lib2d_points.so
7f22f41b0000-7f22f43af000 ---p 00001000 08:05 16777738                   /home/luis/practica01/src/lib/lib2d_points.so
7f22f43af000-7f22f43b0000 r--p 00000000 08:05 16777738                   /home/luis/practica01/src/lib/lib2d_points.so
7f22f43b0000-7f22f43b1000 rw-p 00001000 08:05 16777738                   /home/luis/practica01/src/lib/lib2d_points.so
7f22f43b1000-7f22f43b4000 ---p 00000000 00:00 0 
7f22f43b4000-7f22f45b2000 rw-p 00000000 00:00 0 
7f22f45b2000-7f22f45b5000 ---p 00000000 00:00 0 
7f22f45b5000-7f22f47b3000 rw-p 00000000 00:00 0                          [stack:7749]
7f22f47b3000-7f22f47b6000 ---p 00000000 00:00 0 
7f22f47b6000-7f22f49b4000 rw-p 00000000 00:00 0 
7f22f49b4000-7f22f49b7000 ---p 00000000 00:00 0 
7f22f49b7000-7f22f4bb5000 rw-p 00000000 00:00 0                          [stack:7679]
7f22f4bb5000-7f22f4bc7000 r-xp 00000000 08:05 16253453                   /home/luis/.rbenv/versions/jruby-1.7.10/lib/jni/x86_64-Linux/libjffi-1.2.so
7f22f4bc7000-7f22f4dc6000 ---p 00012000 08:05 16253453                   /home/luis/.rbenv/versions/jruby-1.7.10/lib/jni/x86_64-Linux/libjffi-1.2.so
7f22f4dc6000-7f22f4dc7000 rw-p 00011000 08:05 16253453                   /home/luis/.rbenv/versions/jruby-1.7.10/lib/jni/x86_64-Linux/libjffi-1.2.so
7f22f4dc7000-7f22f4dd7000 r-xp 00000000 08:05 12322344                   /usr/lib/jvm/java-7-openjdk-amd64/jre/lib/amd64/libnio.so
7f22f4dd7000-7f22f4fd7000 ---p 00010000 08:05 12322344                   /usr/lib/jvm/java-7-openjdk-amd64/jre/lib/amd64/libnio.so
7f22f4fd7000-7f22f4fd8000 r--p 00010000 08:05 12322344                   /usr/lib/jvm/java-7-openjdk-amd64/jre/lib/amd64/libnio.so
7f22f4fd8000-7f22f4fd9000 rw-p 00011000 08:05 12322344                   /usr/lib/jvm/java-7-openjdk-amd64/jre/lib/amd64/libnio.so
7f22f4fd9000-7f22f5016000 r-xp 00000000 08:05 9834371                    /lib/x86_64-linux-gnu/libpcre.so.3.13.1
7f22f5016000-7f22f5216000 ---p 0003d000 08:05 9834371                    /lib/x86_64-linux-gnu/libpcre.so.3.13.1
7f22f5216000-7f22f5217000 r--p 0003d000 08:05 9834371                    /lib/x86_64-linux-gnu/libpcre.so.3.13.1
7f22f5217000-7f22f5218000 rw-p 0003e000 08:05 9834371                    /lib/x86_64-linux-gnu/libpcre.so.3.13.1
7f22f5218000-7f22f521f000 r-xp 00000000 08:05 12196946                   /usr/lib/x86_64-linux-gnu/libffi.so.6.0.1
7f22f521f000-7f22f541e000 ---p 00007000 08:05 12196946                   /usr/lib/x86_64-linux-gnu/libffi.so.6.0.1
7f22f541e000-7f22f541f000 r--p 00006000 08:05 12196946                   /usr/lib/x86_64-linux-gnu/libffi.so.6.0.1
7f22f541f000-7f22f5420000 rw-p 00007000 08:05 12196946                   /usr/lib/x86_64-linux-gnu/libffi.so.6.0.1
7f22f5420000-7f22f5436000 r-xp 00000000 08:05 9834394                    /lib/x86_64-linux-gnu/libresolv-2.17.so
7f22f5436000-7f22f5636000 ---p 00016000 08:05 9834394                    /lib/x86_64-linux-gnu/libresolv-2.17.so
7f22f5636000-7f22f5637000 r--p 00016000 08:05 9834394                    /lib/x86_64-linux-gnu/libresolv-2.17.so
7f22f5637000-7f22f5638000 rw-p 00017000 08:05 9834394                    /lib/x86_64-linux-gnu/libresolv-2.17.so
7f22f5638000-7f22f563a000 rw-p 00000000 00:00 0 
7f22f563a000-7f22f5659000 r-xp 00000000 08:05 9834398                    /lib/x86_64-linux-gnu/libselinux.so.1
7f22f5659000-7f22f5859000 ---p 0001f000 08:05 9834398                    /lib/x86_64-linux-gnu/libselinux.so.1
7f22f5859000-7f22f585a000 r--p 0001f000 08:05 9834398                    /lib/x86_64-linux-gnu/libselinux.so.1
7f22f585a000-7f22f585b000 rw-p 00020000 08:05 9834398                    /lib/x86_64-linux-gnu/libselinux.so.1
7f22f585b000-7f22f585c000 rw-p 00000000 00:00 0 
7f22f585c000-7f22f585f000 r-xp 00000000 08:05 12190134                   /usr/lib/x86_64-linux-gnu/libgmodule-2.0.so.0.3800.1
7f22f585f000-7f22f5a5e000 ---p 00003000 08:05 12190134                   /usr/lib/x86_64-linux-gnu/libgmodule-2.0.so.0.3800.1
7f22f5a5e000-7f22f5a5f000 r--p 00002000 08:05 12190134                   /usr/lib/x86_64-linux-gnu/libgmodule-2.0.so.0.3800.1
7f22f5a5f000-7f22f5a60000 rw-p 00003000 08:05 12190134                   /usr/lib/x86_64-linux-gnu/libgmodule-2.0.so.0.3800.1
7f22f5a60000-7f22f5b5e000 r-xp 00000000 08:05 9834386                    /lib/x86_64-linux-gnu/libglib-2.0.so.0.3800.1
7f22f5b5e000-7f22f5d5e000 ---p 000fe000 08:05 9834386                    /lib/x86_64-linux-gnu/libglib-2.0.so.0.3800.1
7f22f5d5e000-7f22f5d5f000 r--p 000fe000 08:05 9834386                    /lib/x86_64-linux-gnu/libglib-2.0.so.0.3800.1
7f22f5d5f000-7f22f5d60000 rw-p 000ff000 08:05 9834386                    /lib/x86_64-linux-gnu/libglib-2.0.so.0.3800.1
7f22f5d60000-7f22f5d61000 rw-p 00000000 00:00 0 
7f22f5d61000-7f22f5db0000 r-xp 00000000 08:05 12190125                   /usr/lib/x86_64-linux-gnu/libgobject-2.0.so.0.3800.1
7f22f5db0000-7f22f5fb0000 ---p 0004f000 08:05 12190125                   /usr/lib/x86_64-linux-gnu/libgobject-2.0.so.0.3800.1
7f22f5fb0000-7f22f5fb1000 r--p 0004f000 08:05 12190125                   /usr/lib/x86_64-linux-gnu/libgobject-2.0.so.0.3800.1
7f22f5fb1000-7f22f5fb2000 rw-p 00050000 08:05 12190125                   /usr/lib/x86_64-linux-gnu/libgobject-2.0.so.0.3800.1
7f22f5fb2000-7f22f610e000 r-xp 00000000 08:05 12190099                   /usr/lib/x86_64-linux-gnu/libgio-2.0.so.0.3800.1
7f22f610e000-7f22f630d000 ---p 0015c000 08:05 12190099                   /usr/lib/x86_64-linux-gnu/libgio-2.0.so.0.3800.1
7f22f630d000-7f22f6311000 r--p 0015b000 08:05 12190099                   /usr/lib/x86_64-linux-gnu/libgio-2.0.so.0.3800.1
7f22f6311000-7f22f6313000 rw-p 0015f000 08:05 12190099                   /usr/lib/x86_64-linux-gnu/libgio-2.0.so.0.3800.1
7f22f6313000-7f22f6315000 rw-p 00000000 00:00 0 
7f22f6315000-7f22f632b000 r-xp 00000000 08:05 12322132                   /usr/lib/jvm/java-7-openjdk-amd64/jre/lib/amd64/libnet.so
7f22f632b000-7f22f652a000 ---p 00016000 08:05 12322132                   /usr/lib/jvm/java-7-openjdk-amd64/jre/lib/amd64/libnet.so
7f22f652a000-7f22f652b000 r--p 00015000 08:05 12322132                   /usr/lib/jvm/java-7-openjdk-amd64/jre/lib/amd64/libnet.so
7f22f652b000-7f22f652c000 rw-p 00016000 08:05 12322132                   /usr/lib/jvm/java-7-openjdk-amd64/jre/lib/amd64/libnet.so
7f22f652c000-7f22f652d000 ---p 00000000 00:00 0 
7f22f652d000-7f22f662d000 rw-p 00000000 00:00 0                          [stack:7678]
7f22f662d000-7f22f6630000 ---p 00000000 00:00 0 
7f22f6630000-7f22f682e000 rw-p 00000000 00:00 0                          [stack:7677]
7f22f682e000-7f22f6831000 ---p 00000000 00:00 0 
7f22f6831000-7f22f692f000 rw-p 00000000 00:00 0                          [stack:7676]
7f22f692f000-7f22f6932000 ---p 00000000 00:00 0 
7f22f6932000-7f22f8000000 rw-p 00000000 00:00 0                          [stack:7674]
7f22f8000000-7f22f8021000 rw-p 00000000 00:00 0 
7f22f8021000-7f22fc000000 ---p 00000000 00:00 0 
7f22fc0a3000-7f22fc0a6000 ---p 00000000 00:00 0 
7f22fc0a6000-7f22fc0dc000 rw-p 00000000 00:00 0                          [stack:7682]
7f22fc0dc000-7f22fc0df000 ---p 00000000 00:00 0 
7f22fc0df000-7f22fc1dd000 rw-p 00000000 00:00 0                          [stack:7675]
7f22fc1dd000-7f22fc5d7000 r--p 00000000 08:05 12195384                   /usr/lib/locale/locale-archive
7f22fc5d7000-7f22fc5da000 ---p 00000000 00:00 0 
7f22fc5da000-7f22fc7d8000 rw-p 00000000 00:00 0                          [stack:7673]
7f22fc7d8000-7f22fc7db000 ---p 00000000 00:00 0 
7f22fc7db000-7f22fc9d9000 rw-p 00000000 00:00 0                          [stack:7672]
7f22fc9d9000-7f22fc9da000 ---p 00000000 00:00 0 
7f22fc9da000-7f22fd000000 rw-p 00000000 00:00 0                          [stack:7671]
7f22fd000000-7f22fd270000 rwxp 00000000 00:00 0 
7f22fd270000-7f230052a000 rw-p 00000000 00:00 0 
7f230052a000-7f2304000000 ---p 00000000 00:00 0 
7f2304007000-7f2304abe000 rw-p 00000000 00:00 0 
7f2304abe000-7f2304ba7000 r--s 00bb9000 08:05 16253440                   /home/luis/.rbenv/versions/jruby-1.7.10/lib/jruby.jar
7f2304ba7000-7f2304bef000 rw-p 00000000 00:00 0 
7f2304bef000-7f2304d9d000 r--s 01cf4000 08:05 12322430                   /usr/lib/jvm/java-7-openjdk-amd64/jre/lib/rt.jar
7f2304d9d000-7f2304fe3000 rw-p 00000000 00:00 0 
7f2304fe3000-7f2304fe4000 ---p 00000000 00:00 0 
7f2304fe4000-7f23050e4000 rw-p 00000000 00:00 0                          [stack:7670]
7f23050e4000-7f23050e5000 ---p 00000000 00:00 0 
7f23050e5000-7f23051e5000 rw-p 00000000 00:00 0                          [stack:7669]
7f23051e5000-7f23051e6000 ---p 00000000 00:00 0 
7f23051e6000-7f23052e6000 rw-p 00000000 00:00 0                          [stack:7668]
7f23052e6000-7f23052e7000 ---p 00000000 00:00 0 
7f23052e7000-7f23053f4000 rw-p 00000000 00:00 0                          [stack:7667]
7f23053f4000-7f230543a000 rw-p 00000000 00:00 0 
7f230543a000-7f230544e000 rw-p 00000000 00:00 0 
7f230544e000-7f23054e0000 rw-p 00000000 00:00 0 
7f23054e0000-7f23054f2000 rw-p 00000000 00:00 0 
7f23054f2000-7f2305534000 rw-p 00000000 00:00 0 
7f2305534000-7f2305535000 rw-p 00000000 00:00 0 
7f2305535000-7f230553d000 r-xp 00000000 08:05 12322081                   /usr/lib/jvm/java-7-openjdk-amd64/jre/lib/amd64/libzip.so
7f230553d000-7f230573c000 ---p 00008000 08:05 12322081                   /usr/lib/jvm/java-7-openjdk-amd64/jre/lib/amd64/libzip.so
7f230573c000-7f230573d000 r--p 00007000 08:05 12322081                   /usr/lib/jvm/java-7-openjdk-amd64/jre/lib/amd64/libzip.so
7f230573d000-7f230573e000 rw-p 00008000 08:05 12322081                   /usr/lib/jvm/java-7-openjdk-amd64/jre/lib/amd64/libzip.so
7f230573e000-7f230574a000 r-xp 00000000 08:05 9834349                    /lib/x86_64-linux-gnu/libnss_files-2.17.so
7f230574a000-7f2305949000 ---p 0000c000 08:05 9834349                    /lib/x86_64-linux-gnu/libnss_files-2.17.so
7f2305949000-7f230594a000 r--p 0000b000 08:05 9834349                    /lib/x86_64-linux-gnu/libnss_files-2.17.so
7f230594a000-7f230594b000 rw-p 0000c000 08:05 9834349                    /lib/x86_64-linux-gnu/libnss_files-2.17.so
7f230594b000-7f2305956000 r-xp 00000000 08:05 9834353                    /lib/x86_64-linux-gnu/libnss_nis-2.17.so
7f2305956000-7f2305b55000 ---p 0000b000 08:05 9834353                    /lib/x86_64-linux-gnu/libnss_nis-2.17.so
7f2305b55000-7f2305b56000 r--p 0000a000 08:05 9834353                    /lib/x86_64-linux-gnu/libnss_nis-2.17.so
7f2305b56000-7f2305b57000 rw-p 0000b000 08:05 9834353                    /lib/x86_64-linux-gnu/libnss_nis-2.17.so
7f2305b57000-7f2305b6e000 r-xp 00000000 08:05 9834343                    /lib/x86_64-linux-gnu/libnsl-2.17.so
7f2305b6e000-7f2305d6d000 ---p 00017000 08:05 9834343                    /lib/x86_64-linux-gnu/libnsl-2.17.so
7f2305d6d000-7f2305d6e000 r--p 00016000 08:05 9834343                    /lib/x86_64-linux-gnu/libnsl-2.17.so
7f2305d6e000-7f2305d6f000 rw-p 00017000 08:05 9834343                    /lib/x86_64-linux-gnu/libnsl-2.17.so
7f2305d6f000-7f2305d71000 rw-p 00000000 00:00 0 
7f2305d71000-7f2305d79000 r-xp 00000000 08:05 9834345                    /lib/x86_64-linux-gnu/libnss_compat-2.17.so
7f2305d79000-7f2305f78000 ---p 00008000 08:05 9834345                    /lib/x86_64-linux-gnu/libnss_compat-2.17.so
7f2305f78000-7f2305f79000 r--p 00007000 08:05 9834345                    /lib/x86_64-linux-gnu/libnss_compat-2.17.so
7f2305f79000-7f2305f7a000 rw-p 00008000 08:05 9834345                    /lib/x86_64-linux-gnu/libnss_compat-2.17.so
7f2305f7a000-7f2305fa5000 r-xp 00000000 08:05 12322007                   /usr/lib/jvm/java-7-openjdk-amd64/jre/lib/amd64/libjava.so
7f2305fa5000-7f23061a4000 ---p 0002b000 08:05 12322007                   /usr/lib/jvm/java-7-openjdk-amd64/jre/lib/amd64/libjava.so
7f23061a4000-7f23061a5000 r--p 0002a000 08:05 12322007                   /usr/lib/jvm/java-7-openjdk-amd64/jre/lib/amd64/libjava.so
7f23061a5000-7f23061a7000 rw-p 0002b000 08:05 12322007                   /usr/lib/jvm/java-7-openjdk-amd64/jre/lib/amd64/libjava.so
7f23061a7000-7f23061b7000 r-xp 00000000 08:05 12322321                   /usr/lib/jvm/java-7-openjdk-amd64/jre/lib/amd64/libverify.so
7f23061b7000-7f23063b6000 ---p 00010000 08:05 12322321                   /usr/lib/jvm/java-7-openjdk-amd64/jre/lib/amd64/libverify.so
7f23063b6000-7f23063b8000 r--p 0000f000 08:05 12322321                   /usr/lib/jvm/java-7-openjdk-amd64/jre/lib/amd64/libverify.so
7f23063b8000-7f23063b9000 rw-p 00011000 08:05 12322321                   /usr/lib/jvm/java-7-openjdk-amd64/jre/lib/amd64/libverify.so
7f23063b9000-7f23063c0000 r-xp 00000000 08:05 9834396                    /lib/x86_64-linux-gnu/librt-2.17.so
7f23063c0000-7f23065bf000 ---p 00007000 08:05 9834396                    /lib/x86_64-linux-gnu/librt-2.17.so
7f23065bf000-7f23065c0000 r--p 00006000 08:05 9834396                    /lib/x86_64-linux-gnu/librt-2.17.so
7f23065c0000-7f23065c1000 rw-p 00007000 08:05 9834396                    /lib/x86_64-linux-gnu/librt-2.17.so
7f23065c1000-7f23065c4000 ---p 00000000 00:00 0 
7f23065c4000-7f23067c2000 rw-p 00000000 00:00 0                          [stack:7666]
7f23067c2000-7f23067d7000 r-xp 00000000 08:05 9830413                    /lib/x86_64-linux-gnu/libgcc_s.so.1
7f23067d7000-7f23069d6000 ---p 00015000 08:05 9830413                    /lib/x86_64-linux-gnu/libgcc_s.so.1
7f23069d6000-7f23069d7000 r--p 00014000 08:05 9830413                    /lib/x86_64-linux-gnu/libgcc_s.so.1
7f23069d7000-7f23069d8000 rw-p 00015000 08:05 9830413                    /lib/x86_64-linux-gnu/libgcc_s.so.1
7f23069d8000-7f2306adb000 r-xp 00000000 08:05 9834324                    /lib/x86_64-linux-gnu/libm-2.17.so
7f2306adb000-7f2306cda000 ---p 00103000 08:05 9834324                    /lib/x86_64-linux-gnu/libm-2.17.so
7f2306cda000-7f2306cdb000 r--p 00102000 08:05 9834324                    /lib/x86_64-linux-gnu/libm-2.17.so
7f2306cdb000-7f2306cdc000 rw-p 00103000 08:05 9834324                    /lib/x86_64-linux-gnu/libm-2.17.so
7f2306cdc000-7f2306dc2000 r-xp 00000000 08:05 12190887                   /usr/lib/x86_64-linux-gnu/libstdc++.so.6.0.18
7f2306dc2000-7f2306fc1000 ---p 000e6000 08:05 12190887                   /usr/lib/x86_64-linux-gnu/libstdc++.so.6.0.18
7f2306fc1000-7f2306fc9000 r--p 000e5000 08:05 12190887                   /usr/lib/x86_64-linux-gnu/libstdc++.so.6.0.18
7f2306fc9000-7f2306fcb000 rw-p 000ed000 08:05 12190887                   /usr/lib/x86_64-linux-gnu/libstdc++.so.6.0.18
7f2306fcb000-7f2306fe0000 rw-p 00000000 00:00 0 
7f2306fe0000-7f2307abf000 r-xp 00000000 08:05 12322340                   /usr/lib/jvm/java-7-openjdk-amd64/jre/lib/amd64/server/libjvm.so
7f2307abf000-7f2307cbe000 ---p 00adf000 08:05 12322340                   /usr/lib/jvm/java-7-openjdk-amd64/jre/lib/amd64/server/libjvm.so
7f2307cbe000-7f2307d50000 r--p 00ade000 08:05 12322340                   /usr/lib/jvm/java-7-openjdk-amd64/jre/lib/amd64/server/libjvm.so
7f2307d50000-7f2307d73000 rw-p 00b70000 08:05 12322340                   /usr/lib/jvm/java-7-openjdk-amd64/jre/lib/amd64/server/libjvm.so
7f2307d73000-7f2307da0000 rw-p 00000000 00:00 0 
7f2307da0000-7f2307db8000 r-xp 00000000 08:05 9834431                    /lib/x86_64-linux-gnu/libz.so.1.2.8
7f2307db8000-7f2307fb7000 ---p 00018000 08:05 9834431                    /lib/x86_64-linux-gnu/libz.so.1.2.8
7f2307fb7000-7f2307fb8000 r--p 00017000 08:05 9834431                    /lib/x86_64-linux-gnu/libz.so.1.2.8
7f2307fb8000-7f2307fb9000 rw-p 00018000 08:05 9834431                    /lib/x86_64-linux-gnu/libz.so.1.2.8
7f2307fb9000-7f2307fd0000 r-xp 00000000 08:05 9834388                    /lib/x86_64-linux-gnu/libpthread-2.17.so
7f2307fd0000-7f23081d0000 ---p 00017000 08:05 9834388                    /lib/x86_64-linux-gnu/libpthread-2.17.so
7f23081d0000-7f23081d1000 r--p 00017000 08:05 9834388                    /lib/x86_64-linux-gnu/libpthread-2.17.so
7f23081d1000-7f23081d2000 rw-p 00018000 08:05 9834388                    /lib/x86_64-linux-gnu/libpthread-2.17.so
7f23081d2000-7f23081d6000 rw-p 00000000 00:00 0 
7f23081d6000-7f23081d9000 r-xp 00000000 08:05 9834288                    /lib/x86_64-linux-gnu/libdl-2.17.so
7f23081d9000-7f23083d8000 ---p 00003000 08:05 9834288                    /lib/x86_64-linux-gnu/libdl-2.17.so
7f23083d8000-7f23083d9000 r--p 00002000 08:05 9834288                    /lib/x86_64-linux-gnu/libdl-2.17.so
7f23083d9000-7f23083da000 rw-p 00003000 08:05 9834288                    /lib/x86_64-linux-gnu/libdl-2.17.so
7f23083da000-7f2308597000 r-xp 00000000 08:05 9834273                    /lib/x86_64-linux-gnu/libc-2.17.so
7f2308597000-7f2308797000 ---p 001bd000 08:05 9834273                    /lib/x86_64-linux-gnu/libc-2.17.so
7f2308797000-7f230879b000 r--p 001bd000 08:05 9834273                    /lib/x86_64-linux-gnu/libc-2.17.so
7f230879b000-7f230879d000 rw-p 001c1000 08:05 9834273                    /lib/x86_64-linux-gnu/libc-2.17.so
7f230879d000-7f23087a2000 rw-p 00000000 00:00 0 
7f23087a2000-7f23087af000 r-xp 00000000 08:05 12322347                   /usr/lib/jvm/java-7-openjdk-amd64/jre/lib/amd64/jli/libjli.so
7f23087af000-7f23089ae000 ---p 0000d000 08:05 12322347                   /usr/lib/jvm/java-7-openjdk-amd64/jre/lib/amd64/jli/libjli.so
7f23089ae000-7f23089af000 r--p 0000c000 08:05 12322347                   /usr/lib/jvm/java-7-openjdk-amd64/jre/lib/amd64/jli/libjli.so
7f23089af000-7f23089b0000 rw-p 0000d000 08:05 12322347                   /usr/lib/jvm/java-7-openjdk-amd64/jre/lib/amd64/jli/libjli.so
7f23089b0000-7f23089d3000 r-xp 00000000 08:05 9834249                    /lib/x86_64-linux-gnu/ld-2.17.so
7f23089d8000-7f23089d9000 rw-p 00000000 00:00 0 
7f23089d9000-7f23089da000 r-xp 00000000 00:00 0 
7f23089da000-7f23089e1000 r--s 00000000 08:05 12588976                   /usr/lib/x86_64-linux-gnu/gconv/gconv-modules.cache
7f23089e1000-7f23089e6000 r--s 0004c000 08:05 12322352                   /usr/lib/jvm/java-7-openjdk-amd64/jre/lib/jsse.jar
7f23089e6000-7f23089e9000 r--s 00032000 08:05 12322366                   /usr/lib/jvm/java-7-openjdk-amd64/jre/lib/ext/sunjce_provider.jar
7f23089e9000-7f23089ec000 r--s 0000f000 08:05 12322362                   /usr/lib/jvm/java-7-openjdk-amd64/jre/lib/ext/pulse-java.jar
7f23089ec000-7f2308a07000 rw-p 00000000 00:00 0 
7f2308a07000-7f2308a4d000 rw-p 00000000 00:00 0 
7f2308a4d000-7f2308a61000 rw-p 00000000 00:00 0 
7f2308a61000-7f2308af4000 rw-p 00000000 00:00 0 
7f2308af4000-7f2308afe000 rw-p 00000000 00:00 0 
7f2308afe000-7f2308bb4000 rw-p 00000000 00:00 0 
7f2308bb4000-7f2308bb9000 rw-p 00000000 00:00 0 
7f2308bb9000-7f2308bbb000 r--s 00006000 08:05 12717881                   /usr/share/java/java-atk-wrapper.jar
7f2308bbb000-7f2308bbf000 r--s 00085000 08:05 12322360                   /usr/lib/jvm/java-7-openjdk-amd64/jre/lib/ext/localedata.jar
7f2308bbf000-7f2308bc3000 r--s 0003b000 08:05 12322372                   /usr/lib/jvm/java-7-openjdk-amd64/jre/lib/ext/sunpkcs11.jar
7f2308bc3000-7f2308bc4000 r--s 00002000 08:05 12322370                   /usr/lib/jvm/java-7-openjdk-amd64/jre/lib/ext/dnsns.jar
7f2308bc4000-7f2308bc6000 r--s 00012000 08:05 12322364                   /usr/lib/jvm/java-7-openjdk-amd64/jre/lib/ext/zipfs.jar
7f2308bc6000-7f2308bce000 rw-s 00000000 08:05 7340084                    /tmp/hsperfdata_luis/7641
7f2308bce000-7f2308bcf000 rw-p 00000000 00:00 0 
7f2308bcf000-7f2308bd0000 r--p 00000000 00:00 0 
7f2308bd0000-7f2308bd2000 rw-p 00000000 00:00 0 
7f2308bd2000-7f2308bd3000 r--p 00022000 08:05 9834249                    /lib/x86_64-linux-gnu/ld-2.17.so
7f2308bd3000-7f2308bd5000 rw-p 00023000 08:05 9834249                    /lib/x86_64-linux-gnu/ld-2.17.so
7fff17e7c000-7fff17e9d000 rw-p 00000000 00:00 0                          [stack]
7fff17ee2000-7fff17ee4000 r-xp 00000000 00:00 0                          [vdso]
ffffffffff600000-ffffffffff601000 r-xp 00000000 00:00 0                  [vsyscall]

VM Arguments:
jvm_args: -Djdk.home= -Djruby.home=/home/luis/.rbenv/versions/jruby-1.7.10 -Djruby.script=jruby -Djruby.shell=/bin/sh -Djffi.boot.library.path=/home/luis/.rbenv/versions/jruby-1.7.10/lib/jni:/home/luis/.rbenv/versions/jruby-1.7.10/lib/jni/arm-Linux:/home/luis/.rbenv/versions/jruby-1.7.10/lib/jni/x86_64-Linux:/home/luis/.rbenv/versions/jruby-1.7.10/lib/jni/i386-Linux -Xmx500m -Xss2048k -Xbootclasspath/a:/home/luis/.rbenv/versions/jruby-1.7.10/lib/jruby.jar 
java_command: org/jruby/Main Makefile.rb clean compile test
Launcher Type: SUN_STANDARD

Environment Variables:
PATH=/home/luis/.rbenv/versions/jruby-1.7.10/bin:/home/luis/.rbenv/libexec:/home/luis/.rbenv/plugins/ruby-build/bin:/home/luis/.rbenv/shims:~/.rbenv/bin:~/.rbenv/bin:/usr/local/sbin:/usr/local/bin:/usr/sbin:/usr/bin:/sbin:/bin:/usr/games:/usr/local/games
USERNAME=luis
SHELL=/bin/bash
DISPLAY=:0

Signal Handlers:
SIGSEGV: [libjvm.so+0x916ea0], sa_mask[0]=0x7ffbfeff, sa_flags=0x10000004
SIGBUS: [libjvm.so+0x916ea0], sa_mask[0]=0x7ffbfeff, sa_flags=0x10000004
SIGFPE: [libjvm.so+0x794800], sa_mask[0]=0x7ffbfeff, sa_flags=0x10000004
SIGPIPE: [libjvm.so+0x794800], sa_mask[0]=0x7ffbfeff, sa_flags=0x10000004
SIGXFSZ: [libjvm.so+0x794800], sa_mask[0]=0x7ffbfeff, sa_flags=0x10000004
SIGILL: [libjvm.so+0x794800], sa_mask[0]=0x7ffbfeff, sa_flags=0x10000004
SIGUSR1: SIG_DFL, sa_mask[0]=0x00000000, sa_flags=0x00000000
SIGUSR2: [libjvm.so+0x7946a0], sa_mask[0]=0x00000000, sa_flags=0x10000004
SIGHUP: [libjvm.so+0x794880], sa_mask[0]=0x7ffbfeff, sa_flags=0x10000004
SIGINT: [libjvm.so+0x794880], sa_mask[0]=0x7ffbfeff, sa_flags=0x10000004
SIGTERM: [libjvm.so+0x794880], sa_mask[0]=0x7ffbfeff, sa_flags=0x10000004
SIGQUIT: [libjvm.so+0x794880], sa_mask[0]=0x7ffbfeff, sa_flags=0x10000004


---------------  S Y S T E M  ---------------

OS:LinuxMint 16 (petra)
uname:Linux 3.11.0-12-generic #19-Ubuntu SMP Wed Oct 9 16:20:46 UTC 2013 x86_64
libc:glibc 2.17 NPTL 2.17 
rlimit: STACK 8192k, CORE 0k, NPROC 29806, NOFILE 4096, AS infinity
load average:0,82 0,61 0,64

/proc/meminfo:
MemTotal:        3844532 kB
MemFree:         1899636 kB
Buffers:           87860 kB
Cached:          1051272 kB
SwapCached:            0 kB
Active:           900132 kB
Inactive:         910072 kB
Active(anon):     672032 kB
Inactive(anon):   163112 kB
Active(file):     228100 kB
Inactive(file):   746960 kB
Unevictable:           0 kB
Mlocked:               0 kB
SwapTotal:       3987452 kB
SwapFree:        3987452 kB
Dirty:              4236 kB
Writeback:            16 kB
AnonPages:        671188 kB
Mapped:           150356 kB
Shmem:            164076 kB
Slab:              70048 kB
SReclaimable:      47480 kB
SUnreclaim:        22568 kB
KernelStack:        3232 kB
PageTables:        18792 kB
NFS_Unstable:          0 kB
Bounce:                0 kB
WritebackTmp:          0 kB
CommitLimit:     5909716 kB
Committed_AS:    2543792 kB
VmallocTotal:   34359738367 kB
VmallocUsed:      348004 kB
VmallocChunk:   34359386120 kB
HardwareCorrupted:     0 kB
AnonHugePages:         0 kB
HugePages_Total:       0
HugePages_Free:        0
HugePages_Rsvd:        0
HugePages_Surp:        0
Hugepagesize:       2048 kB
DirectMap4k:       64756 kB
DirectMap2M:     3923968 kB


CPU:total 4 (2 cores per cpu, 2 threads per core) family 6 model 37 stepping 5, cmov, cx8, fxsr, mmx, sse, sse2, sse3, ssse3, sse4.1, sse4.2, popcnt, ht, tsc, tscinvbit

/proc/cpuinfo:
processor	: 0
vendor_id	: GenuineIntel
cpu family	: 6
model		: 37
model name	: Intel(R) Core(TM) i5 CPU       M 460  @ 2.53GHz
stepping	: 5
microcode	: 0x2
cpu MHz		: 1199.000
cache size	: 3072 KB
physical id	: 0
siblings	: 4
core id		: 0
cpu cores	: 2
apicid		: 0
initial apicid	: 0
fpu		: yes
fpu_exception	: yes
cpuid level	: 11
wp		: yes
flags		: fpu vme de pse tsc msr pae mce cx8 apic sep mtrr pge mca cmov pat pse36 clflush dts acpi mmx fxsr sse sse2 ss ht tm pbe syscall nx rdtscp lm constant_tsc arch_perfmon pebs bts rep_good nopl xtopology nonstop_tsc aperfmperf pni dtes64 monitor ds_cpl vmx est tm2 ssse3 cx16 xtpr pdcm pcid sse4_1 sse4_2 popcnt lahf_lm ida arat dtherm tpr_shadow vnmi flexpriority ept vpid
bogomips	: 5067.10
clflush size	: 64
cache_alignment	: 64
address sizes	: 36 bits physical, 48 bits virtual
power management:

processor	: 1
vendor_id	: GenuineIntel
cpu family	: 6
model		: 37
model name	: Intel(R) Core(TM) i5 CPU       M 460  @ 2.53GHz
stepping	: 5
microcode	: 0x2
cpu MHz		: 1199.000
cache size	: 3072 KB
physical id	: 0
siblings	: 4
core id		: 0
cpu cores	: 2
apicid		: 1
initial apicid	: 1
fpu		: yes
fpu_exception	: yes
cpuid level	: 11
wp		: yes
flags		: fpu vme de pse tsc msr pae mce cx8 apic sep mtrr pge mca cmov pat pse36 clflush dts acpi mmx fxsr sse sse2 ss ht tm pbe syscall nx rdtscp lm constant_tsc arch_perfmon pebs bts rep_good nopl xtopology nonstop_tsc aperfmperf pni dtes64 monitor ds_cpl vmx est tm2 ssse3 cx16 xtpr pdcm pcid sse4_1 sse4_2 popcnt lahf_lm ida arat dtherm tpr_shadow vnmi flexpriority ept vpid
bogomips	: 5067.10
clflush size	: 64
cache_alignment	: 64
address sizes	: 36 bits physical, 48 bits virtual
power management:

processor	: 2
vendor_id	: GenuineIntel
cpu family	: 6
model		: 37
model name	: Intel(R) Core(TM) i5 CPU       M 460  @ 2.53GHz
stepping	: 5
microcode	: 0x2
cpu MHz		: 2534.000
cache size	: 3072 KB
physical id	: 0
siblings	: 4
core id		: 2
cpu cores	: 2
apicid		: 4
initial apicid	: 4
fpu		: yes
fpu_exception	: yes
cpuid level	: 11
wp		: yes
flags		: fpu vme de pse tsc msr pae mce cx8 apic sep mtrr pge mca cmov pat pse36 clflush dts acpi mmx fxsr sse sse2 ss ht tm pbe syscall nx rdtscp lm constant_tsc arch_perfmon pebs bts rep_good nopl xtopology nonstop_tsc aperfmperf pni dtes64 monitor ds_cpl vmx est tm2 ssse3 cx16 xtpr pdcm pcid sse4_1 sse4_2 popcnt lahf_lm ida arat dtherm tpr_shadow vnmi flexpriority ept vpid
bogomips	: 5067.10
clflush size	: 64
cache_alignment	: 64
address sizes	: 36 bits physical, 48 bits virtual
power management:

processor	: 3
vendor_id	: GenuineIntel
cpu family	: 6
model		: 37
model name	: Intel(R) Core(TM) i5 CPU       M 460  @ 2.53GHz
stepping	: 5
microcode	: 0x2
cpu MHz		: 1199.000
cache size	: 3072 KB
physical id	: 0
siblings	: 4
core id		: 2
cpu cores	: 2
apicid		: 5
initial apicid	: 5
fpu		: yes
fpu_exception	: yes
cpuid level	: 11
wp		: yes
flags		: fpu vme de pse tsc msr pae mce cx8 apic sep mtrr pge mca cmov pat pse36 clflush dts acpi mmx fxsr sse sse2 ss ht tm pbe syscall nx rdtscp lm constant_tsc arch_perfmon pebs bts rep_good nopl xtopology nonstop_tsc aperfmperf pni dtes64 monitor ds_cpl vmx est tm2 ssse3 cx16 xtpr pdcm pcid sse4_1 sse4_2 popcnt lahf_lm ida arat dtherm tpr_shadow vnmi flexpriority ept vpid
bogomips	: 5067.10
clflush size	: 64
cache_alignment	: 64
address sizes	: 36 bits physical, 48 bits virtual
power management:



Memory: 4k page, physical 3844532k(1899636k free), swap 3987452k(3987452k free)

vm_info: OpenJDK 64-Bit Server VM (24.45-b08) for linux-amd64 JRE (1.7.0_51-b00), built on Jan 15 2014 22:02:57 by "buildd" with gcc 4.8.1

time: Sun Apr  6 23:36:28 2014
elapsed time: 3 seconds

