#
# A fatal error has been detected by the Java Runtime Environment:
#
#  SIGSEGV (0xb) at pc=0x00007f6375ce65aa, pid=13186, tid=140065601730304
#
# JRE version: OpenJDK Runtime Environment (7.0_51) (build 1.7.0_51-b00)
# Java VM: OpenJDK 64-Bit Server VM (24.45-b08 mixed mode linux-amd64 compressed oops)
# Problematic frame:
# C  [libconvex_hull.so+0x15aa]  imprime_lista+0x31
#
# Failed to write core dump. Core dumps have been disabled. To enable core dumping, try "ulimit -c unlimited" before starting Java again
#
# If you would like to submit a bug report, please include
# instructions on how to reproduce the bug and visit:
#   http://icedtea.classpath.org/bugzilla
# The crash happened outside the Java Virtual Machine in native code.
# See problematic frame for where to report the bug.
#

---------------  T H R E A D  ---------------

Current thread (0x00007f638c00a800):  JavaThread "main" [_thread_in_native, id=13211, stack(0x00007f63904fb000,0x00007f63906fc000)]

siginfo:si_signo=SIGSEGV: si_errno=0, si_code=1 (SEGV_MAPERR), si_addr=0x000002d6fffff812

Registers:
RAX=0x000002d6fffff812, RBX=0x00000000d79ca768, RCX=0x0000000000001285, RDX=0x00007f638c4bfdc0
RSP=0x00007f63906f8eb0, RBP=0x00007f63906f8ee0, RSI=0x000000000000045b, RDI=0x00007f638c4bfda0
R8 =0x00007f63926d46a0, R9 =0x00007f6392362134, R10=0x00007f63906f8c30, R11=0x00007f63760eb98c
R12=0x0000000000000000, R13=0x00000000d79ca768, R14=0x00007f63906f9078, R15=0x00007f638c00a800
RIP=0x00007f6375ce65aa, EFLAGS=0x0000000000010293, CSGSFS=0x0000000000000033, ERR=0x0000000000000004
  TRAPNO=0x000000000000000e

Top of Stack: (sp=0x00007f63906f8eb0)
0x00007f63906f8eb0:   0000000000000000 00007f638c4bfda0
0x00007f63906f8ec0:   00007f638c4bfde0 0000000300000000
0x00007f63906f8ed0:   00007f638c4bfe20 00007f638c4bfe00
0x00007f63906f8ee0:   00007f63906f8f90 00007f6375ce68eb
0x00007f63906f8ef0:   00000000e1148790 00007f638c4bf9d0
0x00007f63906f8f00:   00000000d7e478c9 00007f638c4bfcc0
0x00007f63906f8f10:   00007f638c4bfda0 00000000d7ed48e8
0x00007f63906f8f20:   00000000d7e478d0 0000000000000000
0x00007f63906f8f30:   00007f63906f8f48 00007f63906f8fc0
0x00007f63906f8f40:   00007f6388394233 00000000e140afd0
0x00007f63906f8f50:   00007f638c4bfd60 00007f638c4bfdc0
0x00007f63906f8f60:   00007f638c4bfd20 00007f638c4bfde0
0x00007f63906f8f70:   00007f638c4bfce0 00007f638c4bfe00
0x00007f63906f8f80:   00007f63906f8f80 00000000d6be0c20
0x00007f63906f8f90:   00007f638c478e80 00007f6376af8cd9
0x00007f63906f8fa0:   00000000d7ecefd0 00000000d79ca768
0x00007f63906f8fb0:   00007f63906f9030 00007f63883a0738
0x00007f63906f8fc0:   00007f63906f9050 00007f6388394233
0x00007f63906f8fd0:   00000000fd19eab0 00000000fd19e168
0x00007f63906f8fe0:   00000000e140afd0 00000000e1184628
0x00007f63906f8ff0:   00007f63906f8ff0 0000000000000000
0x00007f63906f9000:   00007f63906f9078 00000000d79d2c90
0x00007f63906f9010:   0000000000000000 00000000d79ca768
0x00007f63906f9020:   0000000000000000 00007f63906f9050
0x00007f63906f9030:   00007f63906f90c0 00007f6388394175
0x00007f63906f9040:   00000000e10d7470 00007f638839ccd7
0x00007f63906f9050:   00007f638c4bf9d0 00000000d7d614c0
0x00007f63906f9060:   00007f6375ce66e9 00007f63906f9080
0x00007f63906f9070:   00007f638c478e80 00007f6388394233
0x00007f63906f9080:   00007f63906f9080 00000000d7ac75cf
0x00007f63906f9090:   00007f63906f90f8 00000000d7ad3828
0x00007f63906f90a0:   0000000000000000 00000000d7ac7610 

Instructions: (pc=0x00007f6375ce65aa)
0x00007f6375ce658a:   8b 00 48 89 45 f8 48 8b 45 d8 8b 40 10 89 45 ec
0x00007f6375ce659a:   c7 45 e8 00 00 00 00 eb 4b 48 8b 45 f8 48 8b 00
0x00007f6375ce65aa:   8b 00 89 45 f0 48 8b 45 f8 48 8b 00 8b 40 04 89
0x00007f6375ce65ba:   45 f4 8b 75 f4 8b 4d f0 8b 55 e8 8b 45 e8 41 89 

Register to memory mapping:

RAX=0x000002d6fffff812 is an unknown value
RBX=0x00000000d79ca768 is an oop
{method} 
 - klass: {other class}
RCX=0x0000000000001285 is an unknown value
RDX=0x00007f638c4bfdc0 is an unknown value
RSP=0x00007f63906f8eb0 is pointing into the stack for thread: 0x00007f638c00a800
RBP=0x00007f63906f8ee0 is pointing into the stack for thread: 0x00007f638c00a800
RSI=0x000000000000045b is an unknown value
RDI=0x00007f638c4bfda0 is an unknown value
R8 =0x00007f63926d46a0: _IO_file_jumps+0 in /lib/x86_64-linux-gnu/libc.so.6 at 0x00007f6392314000
R9 =0x00007f6392362134: _IO_vfprintf+0x49b4 in /lib/x86_64-linux-gnu/libc.so.6 at 0x00007f6392314000
R10=0x00007f63906f8c30 is pointing into the stack for thread: 0x00007f638c00a800
R11=0x00007f63760eb98c: curve_orientation+0 in lib/lib2d_points.so at 0x00007f63760eb000
R12=0x0000000000000000 is an unknown value
R13=0x00000000d79ca768 is an oop
{method} 
 - klass: {other class}
R14=0x00007f63906f9078 is pointing into the stack for thread: 0x00007f638c00a800
R15=0x00007f638c00a800 is a thread


Stack: [0x00007f63904fb000,0x00007f63906fc000],  sp=0x00007f63906f8eb0,  free space=2039k
Native frames: (J=compiled Java code, j=interpreted, Vv=VM code, C=native code)
C  [libconvex_hull.so+0x15aa]  imprime_lista+0x31
C  [libconvex_hull.so+0x18eb]  convex_hull+0x202

Java frames: (J=compiled Java code, j=interpreted, Vv=VM code)
j  com.kenai.jffi.Foreign.invokeL1(JJJ)J+0
j  com.kenai.jffi.Invoker.invokeL1(Lcom/kenai/jffi/CallContext;JJ)J+7
j  org.jruby.ext.ffi.jffi.NativeInvoker$ffi$2.call(Lorg/jruby/runtime/ThreadContext;Lorg/jruby/runtime/builtin/IRubyObject;Lorg/jruby/RubyModule;Ljava/lang/String;Lorg/jruby/runtime/builtin/IRubyObject;)Lorg/jruby/runtime/builtin/IRubyObject;+76
j  org.jruby.runtime.callsite.CachingCallSite.cacheAndCall(Lorg/jruby/runtime/builtin/IRubyObject;Lorg/jruby/RubyClass;Lorg/jruby/runtime/ThreadContext;Lorg/jruby/runtime/builtin/IRubyObject;Lorg/jruby/runtime/builtin/IRubyObject;)Lorg/jruby/runtime/builtin/IRubyObject;+57
J  org.jruby.runtime.callsite.CachingCallSite.call(Lorg/jruby/runtime/ThreadContext;Lorg/jruby/runtime/builtin/IRubyObject;Lorg/jruby/runtime/builtin/IRubyObject;Lorg/jruby/runtime/builtin/IRubyObject;)Lorg/jruby/runtime/builtin/IRubyObject;
J  org.jruby.ast.CallOneArgNode.interpret(Lorg/jruby/Ruby;Lorg/jruby/runtime/ThreadContext;Lorg/jruby/runtime/builtin/IRubyObject;Lorg/jruby/runtime/Block;)Lorg/jruby/runtime/builtin/IRubyObject;
j  org.jruby.ast.LocalAsgnNode.interpret(Lorg/jruby/Ruby;Lorg/jruby/runtime/ThreadContext;Lorg/jruby/runtime/builtin/IRubyObject;Lorg/jruby/runtime/Block;)Lorg/jruby/runtime/builtin/IRubyObject;+30
J  org.jruby.ast.BlockNode.interpret(Lorg/jruby/Ruby;Lorg/jruby/runtime/ThreadContext;Lorg/jruby/runtime/builtin/IRubyObject;Lorg/jruby/runtime/Block;)Lorg/jruby/runtime/builtin/IRubyObject;
j  org.jruby.evaluator.ASTInterpreter.INTERPRET_METHOD(Lorg/jruby/Ruby;Lorg/jruby/runtime/ThreadContext;Ljava/lang/String;ILorg/jruby/RubyModule;Lorg/jruby/ast/Node;Ljava/lang/String;Lorg/jruby/runtime/builtin/IRubyObject;Lorg/jruby/runtime/Block;Z)Lorg/jruby/runtime/builtin/IRubyObject;+30
j  org.jruby.internal.runtime.methods.InterpretedMethod.call(Lorg/jruby/runtime/ThreadContext;Lorg/jruby/runtime/builtin/IRubyObject;Lorg/jruby/RubyModule;Ljava/lang/String;)Lorg/jruby/runtime/builtin/IRubyObject;+80
j  org.jruby.internal.runtime.methods.DefaultMethod.call(Lorg/jruby/runtime/ThreadContext;Lorg/jruby/runtime/builtin/IRubyObject;Lorg/jruby/RubyModule;Ljava/lang/String;)Lorg/jruby/runtime/builtin/IRubyObject;+20
j  org.jruby.runtime.callsite.CachingCallSite.cacheAndCall(Lorg/jruby/runtime/builtin/IRubyObject;Lorg/jruby/RubyClass;Lorg/jruby/runtime/ThreadContext;Lorg/jruby/runtime/builtin/IRubyObject;)Lorg/jruby/runtime/builtin/IRubyObject;+53
j  org.jruby.runtime.callsite.CachingCallSite.call(Lorg/jruby/runtime/ThreadContext;Lorg/jruby/runtime/builtin/IRubyObject;Lorg/jruby/runtime/builtin/IRubyObject;)Lorg/jruby/runtime/builtin/IRubyObject;+46
j  org.jruby.ast.CallNoArgNode.interpret(Lorg/jruby/Ruby;Lorg/jruby/runtime/ThreadContext;Lorg/jruby/runtime/builtin/IRubyObject;Lorg/jruby/runtime/Block;)Lorg/jruby/runtime/builtin/IRubyObject;+18
j  org.jruby.ast.FCallTwoArgNode.interpret(Lorg/jruby/Ruby;Lorg/jruby/runtime/ThreadContext;Lorg/jruby/runtime/builtin/IRubyObject;Lorg/jruby/runtime/Block;)Lorg/jruby/runtime/builtin/IRubyObject;+28
J  org.jruby.ast.BlockNode.interpret(Lorg/jruby/Ruby;Lorg/jruby/runtime/ThreadContext;Lorg/jruby/runtime/builtin/IRubyObject;Lorg/jruby/runtime/Block;)Lorg/jruby/runtime/builtin/IRubyObject;
j  org.jruby.evaluator.ASTInterpreter.INTERPRET_METHOD(Lorg/jruby/Ruby;Lorg/jruby/runtime/ThreadContext;Ljava/lang/String;ILorg/jruby/RubyModule;Lorg/jruby/ast/Node;Ljava/lang/String;Lorg/jruby/runtime/builtin/IRubyObject;Lorg/jruby/runtime/Block;Z)Lorg/jruby/runtime/builtin/IRubyObject;+30
j  org.jruby.internal.runtime.methods.InterpretedMethod.call(Lorg/jruby/runtime/ThreadContext;Lorg/jruby/runtime/builtin/IRubyObject;Lorg/jruby/RubyModule;Ljava/lang/String;)Lorg/jruby/runtime/builtin/IRubyObject;+80
j  org.jruby.internal.runtime.methods.DefaultMethod.call(Lorg/jruby/runtime/ThreadContext;Lorg/jruby/runtime/builtin/IRubyObject;Lorg/jruby/RubyModule;Ljava/lang/String;)Lorg/jruby/runtime/builtin/IRubyObject;+20
j  org.jruby.runtime.callsite.CachingCallSite.cacheAndCall(Lorg/jruby/runtime/builtin/IRubyObject;Lorg/jruby/RubyClass;Lorg/jruby/runtime/ThreadContext;Lorg/jruby/runtime/builtin/IRubyObject;)Lorg/jruby/runtime/builtin/IRubyObject;+53
j  org.jruby.runtime.callsite.CachingCallSite.call(Lorg/jruby/runtime/ThreadContext;Lorg/jruby/runtime/builtin/IRubyObject;Lorg/jruby/runtime/builtin/IRubyObject;)Lorg/jruby/runtime/builtin/IRubyObject;+46
j  Makefile.method__2$RUBY$test(LMakefile;Lorg/jruby/runtime/ThreadContext;Lorg/jruby/runtime/builtin/IRubyObject;Lorg/jruby/runtime/Block;)Lorg/jruby/runtime/builtin/IRubyObject;+130
j  Makefile$method__2$RUBY$test.call(Lorg/jruby/runtime/ThreadContext;Lorg/jruby/runtime/builtin/IRubyObject;Lorg/jruby/RubyModule;Ljava/lang/String;Lorg/jruby/runtime/Block;)Lorg/jruby/runtime/builtin/IRubyObject;+17
j  org.jruby.RubyClass.finvoke(Lorg/jruby/runtime/ThreadContext;Lorg/jruby/runtime/builtin/IRubyObject;Ljava/lang/String;Lorg/jruby/runtime/Block;)Lorg/jruby/runtime/builtin/IRubyObject;+41
j  org.jruby.RubyBasicObject.send19(Lorg/jruby/runtime/ThreadContext;Lorg/jruby/runtime/builtin/IRubyObject;Lorg/jruby/runtime/Block;)Lorg/jruby/runtime/builtin/IRubyObject;+15
j  org.jruby.RubyKernel.send19(Lorg/jruby/runtime/ThreadContext;Lorg/jruby/runtime/builtin/IRubyObject;Lorg/jruby/runtime/builtin/IRubyObject;Lorg/jruby/runtime/Block;)Lorg/jruby/runtime/builtin/IRubyObject;+7
j  org.jruby.RubyKernel$INVOKER$s$send19.call(Lorg/jruby/runtime/ThreadContext;Lorg/jruby/runtime/builtin/IRubyObject;Lorg/jruby/RubyModule;Ljava/lang/String;Lorg/jruby/runtime/builtin/IRubyObject;Lorg/jruby/runtime/Block;)Lorg/jruby/runtime/builtin/IRubyObject;+6
j  org.jruby.internal.runtime.methods.JavaMethod$JavaMethodOneOrNBlock.call(Lorg/jruby/runtime/ThreadContext;Lorg/jruby/runtime/builtin/IRubyObject;Lorg/jruby/RubyModule;Ljava/lang/String;Lorg/jruby/runtime/builtin/IRubyObject;)Lorg/jruby/runtime/builtin/IRubyObject;+11
j  org.jruby.runtime.callsite.CachingCallSite.call(Lorg/jruby/runtime/ThreadContext;Lorg/jruby/runtime/builtin/IRubyObject;Lorg/jruby/runtime/builtin/IRubyObject;Lorg/jruby/runtime/builtin/IRubyObject;)Lorg/jruby/runtime/builtin/IRubyObject;+38
j  Makefile.block_6$RUBY$__file__(LMakefile;Lorg/jruby/runtime/ThreadContext;Lorg/jruby/runtime/builtin/IRubyObject;[Lorg/jruby/runtime/builtin/IRubyObject;Lorg/jruby/runtime/Block;)Lorg/jruby/runtime/builtin/IRubyObject;+46
j  Makefile$block_6$RUBY$__file__.call(Lorg/jruby/runtime/ThreadContext;Lorg/jruby/runtime/builtin/IRubyObject;[Lorg/jruby/runtime/builtin/IRubyObject;Lorg/jruby/runtime/Block;)Lorg/jruby/runtime/builtin/IRubyObject;+9
j  org.jruby.runtime.CompiledBlock19.yield(Lorg/jruby/runtime/ThreadContext;Lorg/jruby/runtime/builtin/IRubyObject;Lorg/jruby/runtime/Binding;Lorg/jruby/runtime/Block$Type;)Lorg/jruby/runtime/builtin/IRubyObject;+52
j  org.jruby.runtime.Block.yield(Lorg/jruby/runtime/ThreadContext;Lorg/jruby/runtime/builtin/IRubyObject;)Lorg/jruby/runtime/builtin/IRubyObject;+14
j  org.jruby.RubyArray.eachCommon(Lorg/jruby/runtime/ThreadContext;Lorg/jruby/runtime/Block;)Lorg/jruby/runtime/builtin/IRubyObject;+41
j  org.jruby.RubyArray.each(Lorg/jruby/runtime/ThreadContext;Lorg/jruby/runtime/Block;)Lorg/jruby/runtime/builtin/IRubyObject;+10
j  org.jruby.RubyArray$INVOKER$i$0$0$each.call(Lorg/jruby/runtime/ThreadContext;Lorg/jruby/runtime/builtin/IRubyObject;Lorg/jruby/RubyModule;Ljava/lang/String;Lorg/jruby/runtime/Block;)Lorg/jruby/runtime/builtin/IRubyObject;+7
j  org.jruby.runtime.callsite.CachingCallSite.cacheAndCall(Lorg/jruby/runtime/builtin/IRubyObject;Lorg/jruby/RubyClass;Lorg/jruby/runtime/Block;Lorg/jruby/runtime/ThreadContext;Lorg/jruby/runtime/builtin/IRubyObject;)Lorg/jruby/runtime/builtin/IRubyObject;+57
j  org.jruby.runtime.callsite.CachingCallSite.callBlock(Lorg/jruby/runtime/ThreadContext;Lorg/jruby/runtime/builtin/IRubyObject;Lorg/jruby/runtime/builtin/IRubyObject;Lorg/jruby/runtime/Block;)Lorg/jruby/runtime/builtin/IRubyObject;+50
j  org.jruby.runtime.callsite.CachingCallSite.callIter(Lorg/jruby/runtime/ThreadContext;Lorg/jruby/runtime/builtin/IRubyObject;Lorg/jruby/runtime/builtin/IRubyObject;Lorg/jruby/runtime/Block;)Lorg/jruby/runtime/builtin/IRubyObject;+6
j  Makefile.__file__(LMakefile;Lorg/jruby/runtime/ThreadContext;Lorg/jruby/runtime/builtin/IRubyObject;[Lorg/jruby/runtime/builtin/IRubyObject;Lorg/jruby/runtime/Block;)Lorg/jruby/runtime/builtin/IRubyObject;+859
j  Makefile.load(Lorg/jruby/runtime/ThreadContext;Lorg/jruby/runtime/builtin/IRubyObject;Z)Lorg/jruby/runtime/builtin/IRubyObject;+22
j  org.jruby.Ruby.runScript(Lorg/jruby/ast/executable/Script;Z)Lorg/jruby/runtime/builtin/IRubyObject;+12
j  org.jruby.Ruby.runScript(Lorg/jruby/ast/executable/Script;)Lorg/jruby/runtime/builtin/IRubyObject;+3
j  org.jruby.Ruby.runNormally(Lorg/jruby/ast/Node;)Lorg/jruby/runtime/builtin/IRubyObject;+73
j  org.jruby.Ruby.runFromMain(Ljava/io/InputStream;Ljava/lang/String;)V+320
j  org.jruby.Main.doRunFromMain(Lorg/jruby/Ruby;Ljava/io/InputStream;Ljava/lang/String;)Lorg/jruby/Main$Status;+12
j  org.jruby.Main.internalRun()Lorg/jruby/Main$Status;+234
j  org.jruby.Main.run([Ljava/lang/String;)Lorg/jruby/Main$Status;+9
j  org.jruby.Main.main([Ljava/lang/String;)V+35
v  ~StubRoutines::call_stub

---------------  P R O C E S S  ---------------

Java Threads: ( => current thread )
  0x00007f638c495000 JavaThread "JRubyJIT-2" daemon [_thread_blocked, id=13294, stack(0x00007f63764ee000,0x00007f63766ef000)]
  0x00007f638c491000 JavaThread "process reaper" daemon [_thread_blocked, id=13227, stack(0x00007f638407b000,0x00007f63840b4000)]
  0x00007f638c47e000 JavaThread "JRubyJIT-1" daemon [_thread_blocked, id=13224, stack(0x00007f63768f0000,0x00007f6376af1000)]
  0x00007f638c0ad000 JavaThread "Service Thread" daemon [_thread_blocked, id=13222, stack(0x00007f6384634000,0x00007f6384835000)]
  0x00007f638c0aa800 JavaThread "C2 CompilerThread1" daemon [_thread_blocked, id=13221, stack(0x00007f6384835000,0x00007f6384936000)]
  0x00007f638c0a7800 JavaThread "C2 CompilerThread0" daemon [_thread_in_native, id=13220, stack(0x00007f6384936000,0x00007f6384a37000)]
  0x00007f638c0a5800 JavaThread "Signal Dispatcher" daemon [_thread_blocked, id=13219, stack(0x00007f6384a37000,0x00007f6384c38000)]
  0x00007f638c082800 JavaThread "Finalizer" daemon [_thread_blocked, id=13218, stack(0x00007f6385032000,0x00007f6385233000)]
  0x00007f638c080800 JavaThread "Reference Handler" daemon [_thread_blocked, id=13217, stack(0x00007f6385233000,0x00007f6385434000)]
=>0x00007f638c00a800 JavaThread "main" [_thread_in_native, id=13211, stack(0x00007f63904fb000,0x00007f63906fc000)]

Other Threads:
  0x00007f638c07c800 VMThread [stack: 0x00007f6385434000,0x00007f6385535000] [id=13216]
  0x00007f638c0b7800 WatcherThread [stack: 0x00007f6384533000,0x00007f6384634000] [id=13223]

VM state:not at safepoint (normal execution)

VM Mutex/Monitor currently owned by a thread: None

Heap
 PSYoungGen      total 129536K, used 25203K [0x00000000f5900000, 0x0000000100000000, 0x0000000100000000)
  eden space 122880K, 19% used [0x00000000f5900000,0x00000000f70acfe8,0x00000000fd100000)
  from space 6656K, 14% used [0x00000000fd100000,0x00000000fd1f0000,0x00000000fd780000)
  to   space 7168K, 0% used [0x00000000ff900000,0x00000000ff900000,0x0000000100000000)
 ParOldGen       total 39936K, used 9406K [0x00000000e0c00000, 0x00000000e3300000, 0x00000000f5900000)
  object space 39936K, 23% used [0x00000000e0c00000,0x00000000e152fb28,0x00000000e3300000)
 PSPermGen       total 25600K, used 25477K [0x00000000d6600000, 0x00000000d7f00000, 0x00000000e0c00000)
  object space 25600K, 99% used [0x00000000d6600000,0x00000000d7ee15b0,0x00000000d7f00000)

Card table byte_map: [0x00007f6388240000,0x00007f638838e000] byte_map_base: 0x00007f6387b8d000

Polling page: 0x00007f6392b09000

Code Cache  [0x00007f638838e000, 0x00007f63885fe000, 0x00007f638b38e000)
 total_blobs=972 nmethods=493 adapters=433 free_code_cache=46876Kb largest_free_block=47807104

Compilation events (10 events):
Event: 5,560 Thread 0x00007f638c0aa800  504             org.jruby.runtime.scope.ManyVarsDynamicScope::getValue (29 bytes)
Event: 5,562 Thread 0x00007f638c0aa800 nmethod 504 0x00007f6388466f50 code [0x00007f63884670a0, 0x00007f63884671d8]
Event: 5,562 Thread 0x00007f638c0aa800  505             org.jruby.runtime.scope.ManyVarsDynamicScope::assertGetValue (67 bytes)
Event: 5,563 Thread 0x00007f638c0aa800 nmethod 505 0x00007f6388548410 code [0x00007f6388548540, 0x00007f6388548598]
Event: 5,563 Thread 0x00007f638c0aa800  506             org.jruby.RubyModule::getNonIncludedClass (2 bytes)
Event: 5,563 Thread 0x00007f638c0aa800 nmethod 506 0x00007f6388466d50 code [0x00007f6388466e80, 0x00007f6388466ed8]
Event: 5,563 Thread 0x00007f638c0aa800  507             org.jruby.ast.IterNode::getBlockBody (5 bytes)
Event: 5,563 Thread 0x00007f638c0aa800 nmethod 507 0x00007f6388466b50 code [0x00007f6388466c80, 0x00007f6388466cd8]
Event: 5,563 Thread 0x00007f638c0aa800  508             org.jruby.runtime.Block::escape (9 bytes)
Event: 5,564 Thread 0x00007f638c0aa800 nmethod 508 0x00007f6388466910 code [0x00007f6388466a40, 0x00007f6388466ab8]

GC Heap History (10 events):
Event: 3,747 GC heap before
{Heap before GC invocations=3 (full 0):
 PSYoungGen      total 33280K, used 33269K [0x00000000f5900000, 0x00000000f7c00000, 0x0000000100000000)
  eden space 30720K, 100% used [0x00000000f5900000,0x00000000f7700000,0x00000000f7700000)
  from space 2560K, 99% used [0x00000000f7980000,0x00000000f7bfd528,0x00000000f7c00000)
  to   space 2560K, 0% used [0x00000000f7700000,0x00000000f7700000,0x00000000f7980000)
 ParOldGen       total 39936K, used 5273K [0x00000000e0c00000, 0x00000000e3300000, 0x00000000f5900000)
  object space 39936K, 13% used [0x00000000e0c00000,0x00000000e1126440,0x00000000e3300000)
 PSPermGen       total 25600K, used 25471K [0x00000000d6600000, 0x00000000d7f00000, 0x00000000e0c00000)
  object space 25600K, 99% used [0x00000000d6600000,0x00000000d7edff50,0x00000000d7f00000)
Event: 3,769 GC heap after
Heap after GC invocations=3 (full 0):
 PSYoungGen      total 33280K, used 2533K [0x00000000f5900000, 0x00000000f9a00000, 0x0000000100000000)
  eden space 30720K, 0% used [0x00000000f5900000,0x00000000f5900000,0x00000000f7700000)
  from space 2560K, 98% used [0x00000000f7700000,0x00000000f7979518,0x00000000f7980000)
  to   space 2560K, 0% used [0x00000000f9780000,0x00000000f9780000,0x00000000f9a00000)
 ParOldGen       total 39936K, used 7725K [0x00000000e0c00000, 0x00000000e3300000, 0x00000000f5900000)
  object space 39936K, 19% used [0x00000000e0c00000,0x00000000e138b5a0,0x00000000e3300000)
 PSPermGen       total 25600K, used 25471K [0x00000000d6600000, 0x00000000d7f00000, 0x00000000e0c00000)
  object space 25600K, 99% used [0x00000000d6600000,0x00000000d7edff50,0x00000000d7f00000)
}
Event: 4,058 GC heap before
{Heap before GC invocations=4 (full 0):
 PSYoungGen      total 33280K, used 33253K [0x00000000f5900000, 0x00000000f9a00000, 0x0000000100000000)
  eden space 30720K, 100% used [0x00000000f5900000,0x00000000f7700000,0x00000000f7700000)
  from space 2560K, 98% used [0x00000000f7700000,0x00000000f7979518,0x00000000f7980000)
  to   space 2560K, 0% used [0x00000000f9780000,0x00000000f9780000,0x00000000f9a00000)
 ParOldGen       total 39936K, used 7725K [0x00000000e0c00000, 0x00000000e3300000, 0x00000000f5900000)
  object space 39936K, 19% used [0x00000000e0c00000,0x00000000e138b5a0,0x00000000e3300000)
 PSPermGen       total 25600K, used 25471K [0x00000000d6600000, 0x00000000d7f00000, 0x00000000e0c00000)
  object space 25600K, 99% used [0x00000000d6600000,0x00000000d7edff50,0x00000000d7f00000)
Event: 4,072 GC heap after
Heap after GC invocations=4 (full 0):
 PSYoungGen      total 64000K, used 2533K [0x00000000f5900000, 0x00000000f9a00000, 0x0000000100000000)
  eden space 61440K, 0% used [0x00000000f5900000,0x00000000f5900000,0x00000000f9500000)
  from space 2560K, 98% used [0x00000000f9780000,0x00000000f99f9518,0x00000000f9a00000)
  to   space 2560K, 0% used [0x00000000f9500000,0x00000000f9500000,0x00000000f9780000)
 ParOldGen       total 39936K, used 7789K [0x00000000e0c00000, 0x00000000e3300000, 0x00000000f5900000)
  object space 39936K, 19% used [0x00000000e0c00000,0x00000000e139b5a0,0x00000000e3300000)
 PSPermGen       total 25600K, used 25471K [0x00000000d6600000, 0x00000000d7f00000, 0x00000000e0c00000)
  object space 25600K, 99% used [0x00000000d6600000,0x00000000d7edff50,0x00000000d7f00000)
}
Event: 4,431 GC heap before
{Heap before GC invocations=5 (full 0):
 PSYoungGen      total 64000K, used 63973K [0x00000000f5900000, 0x00000000f9a00000, 0x0000000100000000)
  eden space 61440K, 100% used [0x00000000f5900000,0x00000000f9500000,0x00000000f9500000)
  from space 2560K, 98% used [0x00000000f9780000,0x00000000f99f9518,0x00000000f9a00000)
  to   space 2560K, 0% used [0x00000000f9500000,0x00000000f9500000,0x00000000f9780000)
 ParOldGen       total 39936K, used 7789K [0x00000000e0c00000, 0x00000000e3300000, 0x00000000f5900000)
  object space 39936K, 19% used [0x00000000e0c00000,0x00000000e139b5a0,0x00000000e3300000)
 PSPermGen       total 25600K, used 25472K [0x00000000d6600000, 0x00000000d7f00000, 0x00000000e0c00000)
  object space 25600K, 99% used [0x00000000d6600000,0x00000000d7ee0328,0x00000000d7f00000)
Event: 4,458 GC heap after
Heap after GC invocations=5 (full 0):
 PSYoungGen      total 64000K, used 2533K [0x00000000f5900000, 0x00000000fde00000, 0x0000000100000000)
  eden space 61440K, 0% used [0x00000000f5900000,0x00000000f5900000,0x00000000f9500000)
  from space 2560K, 98% used [0x00000000f9500000,0x00000000f9779538,0x00000000f9780000)
  to   space 6656K, 0% used [0x00000000fd780000,0x00000000fd780000,0x00000000fde00000)
 ParOldGen       total 39936K, used 7789K [0x00000000e0c00000, 0x00000000e3300000, 0x00000000f5900000)
  object space 39936K, 19% used [0x00000000e0c00000,0x00000000e139b5a0,0x00000000e3300000)
 PSPermGen       total 25600K, used 25472K [0x00000000d6600000, 0x00000000d7f00000, 0x00000000e0c00000)
  object space 25600K, 99% used [0x00000000d6600000,0x00000000d7ee0328,0x00000000d7f00000)
}
Event: 4,874 GC heap before
{Heap before GC invocations=6 (full 0):
 PSYoungGen      total 64000K, used 63973K [0x00000000f5900000, 0x00000000fde00000, 0x0000000100000000)
  eden space 61440K, 100% used [0x00000000f5900000,0x00000000f9500000,0x00000000f9500000)
  from space 2560K, 98% used [0x00000000f9500000,0x00000000f9779538,0x00000000f9780000)
  to   space 6656K, 0% used [0x00000000fd780000,0x00000000fd780000,0x00000000fde00000)
 ParOldGen       total 39936K, used 7789K [0x00000000e0c00000, 0x00000000e3300000, 0x00000000f5900000)
  object space 39936K, 19% used [0x00000000e0c00000,0x00000000e139b5a0,0x00000000e3300000)
 PSPermGen       total 25600K, used 25476K [0x00000000d6600000, 0x00000000d7f00000, 0x00000000e0c00000)
  object space 25600K, 99% used [0x00000000d6600000,0x00000000d7ee1328,0x00000000d7f00000)
Event: 4,892 GC heap after
Heap after GC invocations=6 (full 0):
 PSYoungGen      total 129536K, used 2501K [0x00000000f5900000, 0x00000000fde00000, 0x0000000100000000)
  eden space 122880K, 0% used [0x00000000f5900000,0x00000000f5900000,0x00000000fd100000)
  from space 6656K, 37% used [0x00000000fd780000,0x00000000fd9f1538,0x00000000fde00000)
  to   space 6656K, 0% used [0x00000000fd100000,0x00000000fd100000,0x00000000fd780000)
 ParOldGen       total 39936K, used 7789K [0x00000000e0c00000, 0x00000000e3300000, 0x00000000f5900000)
  object space 39936K, 19% used [0x00000000e0c00000,0x00000000e139b5a0,0x00000000e3300000)
 PSPermGen       total 25600K, used 25476K [0x00000000d6600000, 0x00000000d7f00000, 0x00000000e0c00000)
  object space 25600K, 99% used [0x00000000d6600000,0x00000000d7ee1328,0x00000000d7f00000)
}
Event: 5,577 GC heap before
{Heap before GC invocations=7 (full 0):
 PSYoungGen      total 129536K, used 125381K [0x00000000f5900000, 0x00000000fde00000, 0x0000000100000000)
  eden space 122880K, 100% used [0x00000000f5900000,0x00000000fd100000,0x00000000fd100000)
  from space 6656K, 37% used [0x00000000fd780000,0x00000000fd9f1538,0x00000000fde00000)
  to   space 6656K, 0% used [0x00000000fd100000,0x00000000fd100000,0x00000000fd780000)
 ParOldGen       total 39936K, used 7789K [0x00000000e0c00000, 0x00000000e3300000, 0x00000000f5900000)
  object space 39936K, 19% used [0x00000000e0c00000,0x00000000e139b5a0,0x00000000e3300000)
 PSPermGen       total 25600K, used 25477K [0x00000000d6600000, 0x00000000d7f00000, 0x00000000e0c00000)
  object space 25600K, 99% used [0x00000000d6600000,0x00000000d7ee1570,0x00000000d7f00000)
Event: 5,593 GC heap after
Heap after GC invocations=7 (full 0):
 PSYoungGen      total 129536K, used 960K [0x00000000f5900000, 0x0000000100000000, 0x0000000100000000)
  eden space 122880K, 0% used [0x00000000f5900000,0x00000000f5900000,0x00000000fd100000)
  from space 6656K, 14% used [0x00000000fd100000,0x00000000fd1f0000,0x00000000fd780000)
  to   space 7168K, 0% used [0x00000000ff900000,0x00000000ff900000,0x0000000100000000)
 ParOldGen       total 39936K, used 9406K [0x00000000e0c00000, 0x00000000e3300000, 0x00000000f5900000)
  object space 39936K, 23% used [0x00000000e0c00000,0x00000000e152fb28,0x00000000e3300000)
 PSPermGen       total 25600K, used 25477K [0x00000000d6600000, 0x00000000d7f00000, 0x00000000e0c00000)
  object space 25600K, 99% used [0x00000000d6600000,0x00000000d7ee1570,0x00000000d7f00000)
}

Deoptimization events (10 events):
Event: 3,195 Thread 0x00007f638c00a800 Uncommon trap: reason=class_check action=maybe_recompile pc=0x00007f638850a4c4 method=org.joni.Matcher.searchInterruptible(III)I @ 810
Event: 3,299 Thread 0x00007f638c00a800 Uncommon trap: reason=class_check action=maybe_recompile pc=0x00007f63884f9cf8 method=org.jruby.RubyArray.compare(Lorg/jruby/runtime/ThreadContext;Lorg/jruby/runtime/invokedynamic/MethodNames;Lorg/jruby/runtime/builtin/IRubyObject;)Lorg/jruby/RubyBoolean;
Event: 3,299 Thread 0x00007f638c00a800 Uncommon trap: reason=class_check action=maybe_recompile pc=0x00007f63884f9cf8 method=org.jruby.RubyArray.compare(Lorg/jruby/runtime/ThreadContext;Lorg/jruby/runtime/invokedynamic/MethodNames;Lorg/jruby/runtime/builtin/IRubyObject;)Lorg/jruby/RubyBoolean;
Event: 3,299 Thread 0x00007f638c00a800 Uncommon trap: reason=class_check action=maybe_recompile pc=0x00007f63884f9cf8 method=org.jruby.RubyArray.compare(Lorg/jruby/runtime/ThreadContext;Lorg/jruby/runtime/invokedynamic/MethodNames;Lorg/jruby/runtime/builtin/IRubyObject;)Lorg/jruby/RubyBoolean;
Event: 3,299 Thread 0x00007f638c00a800 Uncommon trap: reason=class_check action=maybe_recompile pc=0x00007f63884f9cf8 method=org.jruby.RubyArray.compare(Lorg/jruby/runtime/ThreadContext;Lorg/jruby/runtime/invokedynamic/MethodNames;Lorg/jruby/runtime/builtin/IRubyObject;)Lorg/jruby/RubyBoolean;
Event: 3,612 Thread 0x00007f638c00a800 Uncommon trap: reason=unreached action=reinterpret pc=0x00007f6388525e50 method=java.util.HashSet.add(Ljava/lang/Object;)Z @ 11
Event: 5,627 Thread 0x00007f638c00a800 Uncommon trap: reason=class_check action=maybe_recompile pc=0x00007f63885491bc method=org.jruby.runtime.callsite.NormalCachingCallSite.methodMissing(Lorg/jruby/internal/runtime/methods/DynamicMethod;Lorg/jruby/runtime/builtin/IRubyObject;)Z @ 25
Event: 5,627 Thread 0x00007f638c00a800 Uncommon trap: reason=class_check action=maybe_recompile pc=0x00007f63885491bc method=org.jruby.runtime.callsite.NormalCachingCallSite.methodMissing(Lorg/jruby/internal/runtime/methods/DynamicMethod;Lorg/jruby/runtime/builtin/IRubyObject;)Z @ 25
Event: 5,627 Thread 0x00007f638c00a800 Uncommon trap: reason=class_check action=maybe_recompile pc=0x00007f63885491bc method=org.jruby.runtime.callsite.NormalCachingCallSite.methodMissing(Lorg/jruby/internal/runtime/methods/DynamicMethod;Lorg/jruby/runtime/builtin/IRubyObject;)Z @ 25
Event: 5,627 Thread 0x00007f638c00a800 Uncommon trap: reason=class_check action=maybe_recompile pc=0x00007f63885491bc method=org.jruby.runtime.callsite.NormalCachingCallSite.methodMissing(Lorg/jruby/internal/runtime/methods/DynamicMethod;Lorg/jruby/runtime/builtin/IRubyObject;)Z @ 25

Internal exceptions (10 events):
Event: 3,139 Thread 0x00007f638c495000 Threw 0x00000000f6293220 at /build/buildd/openjdk-7-7u51-2.4.4/build/openjdk/hotspot/src/share/vm/prims/jvm.cpp:1244
Event: 3,139 Thread 0x00007f638c495000 Threw 0x00000000f62942c0 at /build/buildd/openjdk-7-7u51-2.4.4/build/openjdk/hotspot/src/share/vm/prims/jvm.cpp:1244
Event: 3,187 Thread 0x00007f638c495000 Threw 0x00000000f64a4e30 at /build/buildd/openjdk-7-7u51-2.4.4/build/openjdk/hotspot/src/share/vm/prims/jvm.cpp:1244
Event: 3,187 Thread 0x00007f638c47e000 Threw 0x00000000f62faad8 at /build/buildd/openjdk-7-7u51-2.4.4/build/openjdk/hotspot/src/share/vm/prims/jvm.cpp:1244
Event: 3,187 Thread 0x00007f638c47e000 Threw 0x00000000f62fbbd8 at /build/buildd/openjdk-7-7u51-2.4.4/build/openjdk/hotspot/src/share/vm/prims/jvm.cpp:1244
Event: 3,187 Thread 0x00007f638c495000 Threw 0x00000000f64a5f30 at /build/buildd/openjdk-7-7u51-2.4.4/build/openjdk/hotspot/src/share/vm/prims/jvm.cpp:1244
Event: 3,190 Thread 0x00007f638c47e000 Threw 0x00000000f6514ab0 at /build/buildd/openjdk-7-7u51-2.4.4/build/openjdk/hotspot/src/share/vm/prims/jvm.cpp:1244
Event: 3,190 Thread 0x00007f638c47e000 Threw 0x00000000f6515c58 at /build/buildd/openjdk-7-7u51-2.4.4/build/openjdk/hotspot/src/share/vm/prims/jvm.cpp:1244
Event: 3,308 Thread 0x00007f638c495000 Threw 0x00000000f64d1d68 at /build/buildd/openjdk-7-7u51-2.4.4/build/openjdk/hotspot/src/share/vm/prims/jvm.cpp:1244
Event: 3,308 Thread 0x00007f638c495000 Threw 0x00000000f64d3008 at /build/buildd/openjdk-7-7u51-2.4.4/build/openjdk/hotspot/src/share/vm/prims/jvm.cpp:1244

Events (10 events):
Event: 5,627 Thread 0x00007f638c00a800 DEOPT UNPACKING pc=0x00007f63883c7045 sp=0x00007f63906f90c8 mode 2
Event: 5,627 Thread 0x00007f638c00a800 Uncommon trap: trap_request=0xffffffde fr.pc=0x00007f63885491bc
Event: 5,627 Thread 0x00007f638c00a800 DEOPT PACKING pc=0x00007f63885491bc sp=0x00007f63906f8c10
Event: 5,627 Thread 0x00007f638c00a800 DEOPT UNPACKING pc=0x00007f63883c7045 sp=0x00007f63906f8bd8 mode 2
Event: 5,627 Thread 0x00007f638c00a800 Uncommon trap: trap_request=0xffffffde fr.pc=0x00007f63885491bc
Event: 5,627 Thread 0x00007f638c00a800 DEOPT PACKING pc=0x00007f63885491bc sp=0x00007f63906f8c10
Event: 5,627 Thread 0x00007f638c00a800 DEOPT UNPACKING pc=0x00007f63883c7045 sp=0x00007f63906f8bd8 mode 2
Event: 5,627 Thread 0x00007f638c00a800 Uncommon trap: trap_request=0xffffffde fr.pc=0x00007f63885491bc
Event: 5,627 Thread 0x00007f638c00a800 DEOPT PACKING pc=0x00007f63885491bc sp=0x00007f63906f8c90
Event: 5,627 Thread 0x00007f638c00a800 DEOPT UNPACKING pc=0x00007f63883c7045 sp=0x00007f63906f8c58 mode 2


Dynamic libraries:
00400000-00401000 r-xp 00000000 08:05 12322450                           /usr/lib/jvm/java-7-openjdk-amd64/jre/bin/java
00600000-00601000 r--p 00000000 08:05 12322450                           /usr/lib/jvm/java-7-openjdk-amd64/jre/bin/java
00601000-00602000 rw-p 00001000 08:05 12322450                           /usr/lib/jvm/java-7-openjdk-amd64/jre/bin/java
01367000-01388000 rw-p 00000000 00:00 0                                  [heap]
d6600000-d7f00000 rw-p 00000000 00:00 0 
d7f00000-e0c00000 rw-p 00000000 00:00 0 
e0c00000-e3300000 rw-p 00000000 00:00 0 
e3300000-f5900000 rw-p 00000000 00:00 0 
f5900000-100000000 rw-p 00000000 00:00 0 
7f6338000000-7f6338021000 rw-p 00000000 00:00 0 
7f6338021000-7f633c000000 ---p 00000000 00:00 0 
7f6340000000-7f6340021000 rw-p 00000000 00:00 0 
7f6340021000-7f6344000000 ---p 00000000 00:00 0 
7f6344000000-7f6344021000 rw-p 00000000 00:00 0 
7f6344021000-7f6348000000 ---p 00000000 00:00 0 
7f6348000000-7f6348027000 rw-p 00000000 00:00 0 
7f6348027000-7f634c000000 ---p 00000000 00:00 0 
7f634c000000-7f634c021000 rw-p 00000000 00:00 0 
7f634c021000-7f6350000000 ---p 00000000 00:00 0 
7f6350000000-7f6350021000 rw-p 00000000 00:00 0 
7f6350021000-7f6354000000 ---p 00000000 00:00 0 
7f6354000000-7f6354021000 rw-p 00000000 00:00 0 
7f6354021000-7f6358000000 ---p 00000000 00:00 0 
7f6358000000-7f6359978000 rw-p 00000000 00:00 0 
7f6359978000-7f635c000000 ---p 00000000 00:00 0 
7f635c000000-7f635df9f000 rw-p 00000000 00:00 0 
7f635df9f000-7f6360000000 ---p 00000000 00:00 0 
7f6360000000-7f6360021000 rw-p 00000000 00:00 0 
7f6360021000-7f6364000000 ---p 00000000 00:00 0 
7f6364000000-7f6364021000 rw-p 00000000 00:00 0 
7f6364021000-7f6368000000 ---p 00000000 00:00 0 
7f6368000000-7f6368021000 rw-p 00000000 00:00 0 
7f6368021000-7f636c000000 ---p 00000000 00:00 0 
7f636c000000-7f636c021000 rw-p 00000000 00:00 0 
7f636c021000-7f6370000000 ---p 00000000 00:00 0 
7f6370000000-7f6370021000 rw-p 00000000 00:00 0 
7f6370021000-7f6374000000 ---p 00000000 00:00 0 
7f6375ce5000-7f6375ce7000 r-xp 00000000 08:05 16778100                   /home/luis/practica01/src/lib/libconvex_hull.so
7f6375ce7000-7f6375ee6000 ---p 00002000 08:05 16778100                   /home/luis/practica01/src/lib/libconvex_hull.so
7f6375ee6000-7f6375ee7000 r--p 00001000 08:05 16778100                   /home/luis/practica01/src/lib/libconvex_hull.so
7f6375ee7000-7f6375ee8000 rw-p 00002000 08:05 16778100                   /home/luis/practica01/src/lib/libconvex_hull.so
7f6375ee8000-7f6375eea000 r-xp 00000000 08:05 16777925                   /home/luis/practica01/src/lib/libdouble_linked_list.so
7f6375eea000-7f63760e9000 ---p 00002000 08:05 16777925                   /home/luis/practica01/src/lib/libdouble_linked_list.so
7f63760e9000-7f63760ea000 r--p 00001000 08:05 16777925                   /home/luis/practica01/src/lib/libdouble_linked_list.so
7f63760ea000-7f63760eb000 rw-p 00002000 08:05 16777925                   /home/luis/practica01/src/lib/libdouble_linked_list.so
7f63760eb000-7f63760ec000 r-xp 00000000 08:05 16777919                   /home/luis/practica01/src/lib/lib2d_points.so
7f63760ec000-7f63762eb000 ---p 00001000 08:05 16777919                   /home/luis/practica01/src/lib/lib2d_points.so
7f63762eb000-7f63762ec000 r--p 00000000 08:05 16777919                   /home/luis/practica01/src/lib/lib2d_points.so
7f63762ec000-7f63762ed000 rw-p 00001000 08:05 16777919                   /home/luis/practica01/src/lib/lib2d_points.so
7f63762ed000-7f63762f0000 ---p 00000000 00:00 0 
7f63762f0000-7f63764ee000 rw-p 00000000 00:00 0 
7f63764ee000-7f63764f1000 ---p 00000000 00:00 0 
7f63764f1000-7f63766ef000 rw-p 00000000 00:00 0                          [stack:13294]
7f63766ef000-7f63766f2000 ---p 00000000 00:00 0 
7f63766f2000-7f63768f0000 rw-p 00000000 00:00 0 
7f63768f0000-7f63768f3000 ---p 00000000 00:00 0 
7f63768f3000-7f6376af1000 rw-p 00000000 00:00 0                          [stack:13224]
7f6376af1000-7f6376b03000 r-xp 00000000 08:05 16253453                   /home/luis/.rbenv/versions/jruby-1.7.10/lib/jni/x86_64-Linux/libjffi-1.2.so
7f6376b03000-7f6376d02000 ---p 00012000 08:05 16253453                   /home/luis/.rbenv/versions/jruby-1.7.10/lib/jni/x86_64-Linux/libjffi-1.2.so
7f6376d02000-7f6376d03000 rw-p 00011000 08:05 16253453                   /home/luis/.rbenv/versions/jruby-1.7.10/lib/jni/x86_64-Linux/libjffi-1.2.so
7f6376d03000-7f6376d13000 r-xp 00000000 08:05 12322344                   /usr/lib/jvm/java-7-openjdk-amd64/jre/lib/amd64/libnio.so
7f6376d13000-7f6376f13000 ---p 00010000 08:05 12322344                   /usr/lib/jvm/java-7-openjdk-amd64/jre/lib/amd64/libnio.so
7f6376f13000-7f6376f14000 r--p 00010000 08:05 12322344                   /usr/lib/jvm/java-7-openjdk-amd64/jre/lib/amd64/libnio.so
7f6376f14000-7f6376f15000 rw-p 00011000 08:05 12322344                   /usr/lib/jvm/java-7-openjdk-amd64/jre/lib/amd64/libnio.so
7f6376f15000-7f6376f52000 r-xp 00000000 08:05 9834371                    /lib/x86_64-linux-gnu/libpcre.so.3.13.1
7f6376f52000-7f6377152000 ---p 0003d000 08:05 9834371                    /lib/x86_64-linux-gnu/libpcre.so.3.13.1
7f6377152000-7f6377153000 r--p 0003d000 08:05 9834371                    /lib/x86_64-linux-gnu/libpcre.so.3.13.1
7f6377153000-7f6377154000 rw-p 0003e000 08:05 9834371                    /lib/x86_64-linux-gnu/libpcre.so.3.13.1
7f6377154000-7f637715b000 r-xp 00000000 08:05 12196946                   /usr/lib/x86_64-linux-gnu/libffi.so.6.0.1
7f637715b000-7f637735a000 ---p 00007000 08:05 12196946                   /usr/lib/x86_64-linux-gnu/libffi.so.6.0.1
7f637735a000-7f637735b000 r--p 00006000 08:05 12196946                   /usr/lib/x86_64-linux-gnu/libffi.so.6.0.1
7f637735b000-7f637735c000 rw-p 00007000 08:05 12196946                   /usr/lib/x86_64-linux-gnu/libffi.so.6.0.1
7f637735c000-7f6377372000 r-xp 00000000 08:05 9834394                    /lib/x86_64-linux-gnu/libresolv-2.17.so
7f6377372000-7f6377572000 ---p 00016000 08:05 9834394                    /lib/x86_64-linux-gnu/libresolv-2.17.so
7f6377572000-7f6377573000 r--p 00016000 08:05 9834394                    /lib/x86_64-linux-gnu/libresolv-2.17.so
7f6377573000-7f6377574000 rw-p 00017000 08:05 9834394                    /lib/x86_64-linux-gnu/libresolv-2.17.so
7f6377574000-7f6377576000 rw-p 00000000 00:00 0 
7f6377576000-7f6377595000 r-xp 00000000 08:05 9834398                    /lib/x86_64-linux-gnu/libselinux.so.1
7f6377595000-7f6377795000 ---p 0001f000 08:05 9834398                    /lib/x86_64-linux-gnu/libselinux.so.1
7f6377795000-7f6377796000 r--p 0001f000 08:05 9834398                    /lib/x86_64-linux-gnu/libselinux.so.1
7f6377796000-7f6377797000 rw-p 00020000 08:05 9834398                    /lib/x86_64-linux-gnu/libselinux.so.1
7f6377797000-7f6377798000 rw-p 00000000 00:00 0 
7f6377798000-7f637779b000 r-xp 00000000 08:05 12190134                   /usr/lib/x86_64-linux-gnu/libgmodule-2.0.so.0.3800.1
7f637779b000-7f637799a000 ---p 00003000 08:05 12190134                   /usr/lib/x86_64-linux-gnu/libgmodule-2.0.so.0.3800.1
7f637799a000-7f637799b000 r--p 00002000 08:05 12190134                   /usr/lib/x86_64-linux-gnu/libgmodule-2.0.so.0.3800.1
7f637799b000-7f637799c000 rw-p 00003000 08:05 12190134                   /usr/lib/x86_64-linux-gnu/libgmodule-2.0.so.0.3800.1
7f637799c000-7f6377a9a000 r-xp 00000000 08:05 9834386                    /lib/x86_64-linux-gnu/libglib-2.0.so.0.3800.1
7f6377a9a000-7f6377c9a000 ---p 000fe000 08:05 9834386                    /lib/x86_64-linux-gnu/libglib-2.0.so.0.3800.1
7f6377c9a000-7f6377c9b000 r--p 000fe000 08:05 9834386                    /lib/x86_64-linux-gnu/libglib-2.0.so.0.3800.1
7f6377c9b000-7f6377c9c000 rw-p 000ff000 08:05 9834386                    /lib/x86_64-linux-gnu/libglib-2.0.so.0.3800.1
7f6377c9c000-7f6377c9d000 rw-p 00000000 00:00 0 
7f6377c9d000-7f6377df9000 r-xp 00000000 08:05 12190099                   /usr/lib/x86_64-linux-gnu/libgio-2.0.so.0.3800.1
7f6377df9000-7f6377ff8000 ---p 0015c000 08:05 12190099                   /usr/lib/x86_64-linux-gnu/libgio-2.0.so.0.3800.1
7f6377ff8000-7f6377ffc000 r--p 0015b000 08:05 12190099                   /usr/lib/x86_64-linux-gnu/libgio-2.0.so.0.3800.1
7f6377ffc000-7f6377ffe000 rw-p 0015f000 08:05 12190099                   /usr/lib/x86_64-linux-gnu/libgio-2.0.so.0.3800.1
7f6377ffe000-7f6378000000 rw-p 00000000 00:00 0 
7f6378000000-7f6378021000 rw-p 00000000 00:00 0 
7f6378021000-7f637c000000 ---p 00000000 00:00 0 
7f637c000000-7f637c021000 rw-p 00000000 00:00 0 
7f637c021000-7f6380000000 ---p 00000000 00:00 0 
7f6380000000-7f6380021000 rw-p 00000000 00:00 0 
7f6380021000-7f6384000000 ---p 00000000 00:00 0 
7f638407b000-7f638407e000 ---p 00000000 00:00 0 
7f638407e000-7f63840b4000 rw-p 00000000 00:00 0                          [stack:13227]
7f63840b4000-7f6384103000 r-xp 00000000 08:05 12190125                   /usr/lib/x86_64-linux-gnu/libgobject-2.0.so.0.3800.1
7f6384103000-7f6384303000 ---p 0004f000 08:05 12190125                   /usr/lib/x86_64-linux-gnu/libgobject-2.0.so.0.3800.1
7f6384303000-7f6384304000 r--p 0004f000 08:05 12190125                   /usr/lib/x86_64-linux-gnu/libgobject-2.0.so.0.3800.1
7f6384304000-7f6384305000 rw-p 00050000 08:05 12190125                   /usr/lib/x86_64-linux-gnu/libgobject-2.0.so.0.3800.1
7f638431c000-7f6384332000 r-xp 00000000 08:05 12322132                   /usr/lib/jvm/java-7-openjdk-amd64/jre/lib/amd64/libnet.so
7f6384332000-7f6384531000 ---p 00016000 08:05 12322132                   /usr/lib/jvm/java-7-openjdk-amd64/jre/lib/amd64/libnet.so
7f6384531000-7f6384532000 r--p 00015000 08:05 12322132                   /usr/lib/jvm/java-7-openjdk-amd64/jre/lib/amd64/libnet.so
7f6384532000-7f6384533000 rw-p 00016000 08:05 12322132                   /usr/lib/jvm/java-7-openjdk-amd64/jre/lib/amd64/libnet.so
7f6384533000-7f6384534000 ---p 00000000 00:00 0 
7f6384534000-7f6384634000 rw-p 00000000 00:00 0                          [stack:13223]
7f6384634000-7f6384637000 ---p 00000000 00:00 0 
7f6384637000-7f6384835000 rw-p 00000000 00:00 0                          [stack:13222]
7f6384835000-7f6384838000 ---p 00000000 00:00 0 
7f6384838000-7f6384936000 rw-p 00000000 00:00 0                          [stack:13221]
7f6384936000-7f6384939000 ---p 00000000 00:00 0 
7f6384939000-7f6384a37000 rw-p 00000000 00:00 0                          [stack:13220]
7f6384a37000-7f6384a3a000 ---p 00000000 00:00 0 
7f6384a3a000-7f6384c38000 rw-p 00000000 00:00 0                          [stack:13219]
7f6384c38000-7f6385032000 r--p 00000000 08:05 12195384                   /usr/lib/locale/locale-archive
7f6385032000-7f6385035000 ---p 00000000 00:00 0 
7f6385035000-7f6385233000 rw-p 00000000 00:00 0                          [stack:13218]
7f6385233000-7f6385236000 ---p 00000000 00:00 0 
7f6385236000-7f6385434000 rw-p 00000000 00:00 0                          [stack:13217]
7f6385434000-7f6385435000 ---p 00000000 00:00 0 
7f6385435000-7f6386512000 rw-p 00000000 00:00 0                          [stack:13216]
7f6386512000-7f63865fb000 r--s 00bb9000 08:05 16253440                   /home/luis/.rbenv/versions/jruby-1.7.10/lib/jruby.jar
7f63865fb000-7f63867a9000 r--s 01cf4000 08:05 12322430                   /usr/lib/jvm/java-7-openjdk-amd64/jre/lib/rt.jar
7f63867a9000-7f6387e3c000 rw-p 00000000 00:00 0 
7f6387e3c000-7f6387e3d000 ---p 00000000 00:00 0 
7f6387e3d000-7f6387f3d000 rw-p 00000000 00:00 0                          [stack:13215]
7f6387f3d000-7f6387f3e000 ---p 00000000 00:00 0 
7f6387f3e000-7f638803e000 rw-p 00000000 00:00 0                          [stack:13214]
7f638803e000-7f638803f000 ---p 00000000 00:00 0 
7f638803f000-7f638813f000 rw-p 00000000 00:00 0                          [stack:13213]
7f638813f000-7f6388140000 ---p 00000000 00:00 0 
7f6388140000-7f638824d000 rw-p 00000000 00:00 0                          [stack:13212]
7f638824d000-7f6388293000 rw-p 00000000 00:00 0 
7f6388293000-7f63882a7000 rw-p 00000000 00:00 0 
7f63882a7000-7f6388339000 rw-p 00000000 00:00 0 
7f6388339000-7f638838d000 rw-p 00000000 00:00 0 
7f638838d000-7f638838e000 rw-p 00000000 00:00 0 
7f638838e000-7f63885fe000 rwxp 00000000 00:00 0 
7f63885fe000-7f638b38e000 rw-p 00000000 00:00 0 
7f638b38e000-7f638b396000 r-xp 00000000 08:05 12322081                   /usr/lib/jvm/java-7-openjdk-amd64/jre/lib/amd64/libzip.so
7f638b396000-7f638b595000 ---p 00008000 08:05 12322081                   /usr/lib/jvm/java-7-openjdk-amd64/jre/lib/amd64/libzip.so
7f638b595000-7f638b596000 r--p 00007000 08:05 12322081                   /usr/lib/jvm/java-7-openjdk-amd64/jre/lib/amd64/libzip.so
7f638b596000-7f638b597000 rw-p 00008000 08:05 12322081                   /usr/lib/jvm/java-7-openjdk-amd64/jre/lib/amd64/libzip.so
7f638b597000-7f638b5a3000 r-xp 00000000 08:05 9834349                    /lib/x86_64-linux-gnu/libnss_files-2.17.so
7f638b5a3000-7f638b7a2000 ---p 0000c000 08:05 9834349                    /lib/x86_64-linux-gnu/libnss_files-2.17.so
7f638b7a2000-7f638b7a3000 r--p 0000b000 08:05 9834349                    /lib/x86_64-linux-gnu/libnss_files-2.17.so
7f638b7a3000-7f638b7a4000 rw-p 0000c000 08:05 9834349                    /lib/x86_64-linux-gnu/libnss_files-2.17.so
7f638b7a4000-7f638b7af000 r-xp 00000000 08:05 9834353                    /lib/x86_64-linux-gnu/libnss_nis-2.17.so
7f638b7af000-7f638b9ae000 ---p 0000b000 08:05 9834353                    /lib/x86_64-linux-gnu/libnss_nis-2.17.so
7f638b9ae000-7f638b9af000 r--p 0000a000 08:05 9834353                    /lib/x86_64-linux-gnu/libnss_nis-2.17.so
7f638b9af000-7f638b9b0000 rw-p 0000b000 08:05 9834353                    /lib/x86_64-linux-gnu/libnss_nis-2.17.so
7f638b9b0000-7f638b9c7000 r-xp 00000000 08:05 9834343                    /lib/x86_64-linux-gnu/libnsl-2.17.so
7f638b9c7000-7f638bbc6000 ---p 00017000 08:05 9834343                    /lib/x86_64-linux-gnu/libnsl-2.17.so
7f638bbc6000-7f638bbc7000 r--p 00016000 08:05 9834343                    /lib/x86_64-linux-gnu/libnsl-2.17.so
7f638bbc7000-7f638bbc8000 rw-p 00017000 08:05 9834343                    /lib/x86_64-linux-gnu/libnsl-2.17.so
7f638bbc8000-7f638bbca000 rw-p 00000000 00:00 0 
7f638bbca000-7f638bbd2000 r-xp 00000000 08:05 9834345                    /lib/x86_64-linux-gnu/libnss_compat-2.17.so
7f638bbd2000-7f638bdd1000 ---p 00008000 08:05 9834345                    /lib/x86_64-linux-gnu/libnss_compat-2.17.so
7f638bdd1000-7f638bdd2000 r--p 00007000 08:05 9834345                    /lib/x86_64-linux-gnu/libnss_compat-2.17.so
7f638bdd2000-7f638bdd3000 rw-p 00008000 08:05 9834345                    /lib/x86_64-linux-gnu/libnss_compat-2.17.so
7f638bdd3000-7f638bdfe000 r-xp 00000000 08:05 12322007                   /usr/lib/jvm/java-7-openjdk-amd64/jre/lib/amd64/libjava.so
7f638bdfe000-7f638bffd000 ---p 0002b000 08:05 12322007                   /usr/lib/jvm/java-7-openjdk-amd64/jre/lib/amd64/libjava.so
7f638bffd000-7f638bffe000 r--p 0002a000 08:05 12322007                   /usr/lib/jvm/java-7-openjdk-amd64/jre/lib/amd64/libjava.so
7f638bffe000-7f638c000000 rw-p 0002b000 08:05 12322007                   /usr/lib/jvm/java-7-openjdk-amd64/jre/lib/amd64/libjava.so
7f638c000000-7f638c4d2000 rw-p 00000000 00:00 0 
7f638c4d2000-7f6390000000 ---p 00000000 00:00 0 
7f6390016000-7f63900e1000 rw-p 00000000 00:00 0 
7f63900e1000-7f63900f1000 r-xp 00000000 08:05 12322321                   /usr/lib/jvm/java-7-openjdk-amd64/jre/lib/amd64/libverify.so
7f63900f1000-7f63902f0000 ---p 00010000 08:05 12322321                   /usr/lib/jvm/java-7-openjdk-amd64/jre/lib/amd64/libverify.so
7f63902f0000-7f63902f2000 r--p 0000f000 08:05 12322321                   /usr/lib/jvm/java-7-openjdk-amd64/jre/lib/amd64/libverify.so
7f63902f2000-7f63902f3000 rw-p 00011000 08:05 12322321                   /usr/lib/jvm/java-7-openjdk-amd64/jre/lib/amd64/libverify.so
7f63902f3000-7f63902fa000 r-xp 00000000 08:05 9834396                    /lib/x86_64-linux-gnu/librt-2.17.so
7f63902fa000-7f63904f9000 ---p 00007000 08:05 9834396                    /lib/x86_64-linux-gnu/librt-2.17.so
7f63904f9000-7f63904fa000 r--p 00006000 08:05 9834396                    /lib/x86_64-linux-gnu/librt-2.17.so
7f63904fa000-7f63904fb000 rw-p 00007000 08:05 9834396                    /lib/x86_64-linux-gnu/librt-2.17.so
7f63904fb000-7f63904fe000 ---p 00000000 00:00 0 
7f63904fe000-7f63906fc000 rw-p 00000000 00:00 0                          [stack:13211]
7f63906fc000-7f6390711000 r-xp 00000000 08:05 9830413                    /lib/x86_64-linux-gnu/libgcc_s.so.1
7f6390711000-7f6390910000 ---p 00015000 08:05 9830413                    /lib/x86_64-linux-gnu/libgcc_s.so.1
7f6390910000-7f6390911000 r--p 00014000 08:05 9830413                    /lib/x86_64-linux-gnu/libgcc_s.so.1
7f6390911000-7f6390912000 rw-p 00015000 08:05 9830413                    /lib/x86_64-linux-gnu/libgcc_s.so.1
7f6390912000-7f6390a15000 r-xp 00000000 08:05 9834324                    /lib/x86_64-linux-gnu/libm-2.17.so
7f6390a15000-7f6390c14000 ---p 00103000 08:05 9834324                    /lib/x86_64-linux-gnu/libm-2.17.so
7f6390c14000-7f6390c15000 r--p 00102000 08:05 9834324                    /lib/x86_64-linux-gnu/libm-2.17.so
7f6390c15000-7f6390c16000 rw-p 00103000 08:05 9834324                    /lib/x86_64-linux-gnu/libm-2.17.so
7f6390c16000-7f6390cfc000 r-xp 00000000 08:05 12190887                   /usr/lib/x86_64-linux-gnu/libstdc++.so.6.0.18
7f6390cfc000-7f6390efb000 ---p 000e6000 08:05 12190887                   /usr/lib/x86_64-linux-gnu/libstdc++.so.6.0.18
7f6390efb000-7f6390f03000 r--p 000e5000 08:05 12190887                   /usr/lib/x86_64-linux-gnu/libstdc++.so.6.0.18
7f6390f03000-7f6390f05000 rw-p 000ed000 08:05 12190887                   /usr/lib/x86_64-linux-gnu/libstdc++.so.6.0.18
7f6390f05000-7f6390f1a000 rw-p 00000000 00:00 0 
7f6390f1a000-7f63919f9000 r-xp 00000000 08:05 12322340                   /usr/lib/jvm/java-7-openjdk-amd64/jre/lib/amd64/server/libjvm.so
7f63919f9000-7f6391bf8000 ---p 00adf000 08:05 12322340                   /usr/lib/jvm/java-7-openjdk-amd64/jre/lib/amd64/server/libjvm.so
7f6391bf8000-7f6391c8a000 r--p 00ade000 08:05 12322340                   /usr/lib/jvm/java-7-openjdk-amd64/jre/lib/amd64/server/libjvm.so
7f6391c8a000-7f6391cad000 rw-p 00b70000 08:05 12322340                   /usr/lib/jvm/java-7-openjdk-amd64/jre/lib/amd64/server/libjvm.so
7f6391cad000-7f6391cda000 rw-p 00000000 00:00 0 
7f6391cda000-7f6391cf2000 r-xp 00000000 08:05 9834431                    /lib/x86_64-linux-gnu/libz.so.1.2.8
7f6391cf2000-7f6391ef1000 ---p 00018000 08:05 9834431                    /lib/x86_64-linux-gnu/libz.so.1.2.8
7f6391ef1000-7f6391ef2000 r--p 00017000 08:05 9834431                    /lib/x86_64-linux-gnu/libz.so.1.2.8
7f6391ef2000-7f6391ef3000 rw-p 00018000 08:05 9834431                    /lib/x86_64-linux-gnu/libz.so.1.2.8
7f6391ef3000-7f6391f0a000 r-xp 00000000 08:05 9834388                    /lib/x86_64-linux-gnu/libpthread-2.17.so
7f6391f0a000-7f639210a000 ---p 00017000 08:05 9834388                    /lib/x86_64-linux-gnu/libpthread-2.17.so
7f639210a000-7f639210b000 r--p 00017000 08:05 9834388                    /lib/x86_64-linux-gnu/libpthread-2.17.so
7f639210b000-7f639210c000 rw-p 00018000 08:05 9834388                    /lib/x86_64-linux-gnu/libpthread-2.17.so
7f639210c000-7f6392110000 rw-p 00000000 00:00 0 
7f6392110000-7f6392113000 r-xp 00000000 08:05 9834288                    /lib/x86_64-linux-gnu/libdl-2.17.so
7f6392113000-7f6392312000 ---p 00003000 08:05 9834288                    /lib/x86_64-linux-gnu/libdl-2.17.so
7f6392312000-7f6392313000 r--p 00002000 08:05 9834288                    /lib/x86_64-linux-gnu/libdl-2.17.so
7f6392313000-7f6392314000 rw-p 00003000 08:05 9834288                    /lib/x86_64-linux-gnu/libdl-2.17.so
7f6392314000-7f63924d1000 r-xp 00000000 08:05 9834273                    /lib/x86_64-linux-gnu/libc-2.17.so
7f63924d1000-7f63926d1000 ---p 001bd000 08:05 9834273                    /lib/x86_64-linux-gnu/libc-2.17.so
7f63926d1000-7f63926d5000 r--p 001bd000 08:05 9834273                    /lib/x86_64-linux-gnu/libc-2.17.so
7f63926d5000-7f63926d7000 rw-p 001c1000 08:05 9834273                    /lib/x86_64-linux-gnu/libc-2.17.so
7f63926d7000-7f63926dc000 rw-p 00000000 00:00 0 
7f63926dc000-7f63926e9000 r-xp 00000000 08:05 12322347                   /usr/lib/jvm/java-7-openjdk-amd64/jre/lib/amd64/jli/libjli.so
7f63926e9000-7f63928e8000 ---p 0000d000 08:05 12322347                   /usr/lib/jvm/java-7-openjdk-amd64/jre/lib/amd64/jli/libjli.so
7f63928e8000-7f63928e9000 r--p 0000c000 08:05 12322347                   /usr/lib/jvm/java-7-openjdk-amd64/jre/lib/amd64/jli/libjli.so
7f63928e9000-7f63928ea000 rw-p 0000d000 08:05 12322347                   /usr/lib/jvm/java-7-openjdk-amd64/jre/lib/amd64/jli/libjli.so
7f63928ea000-7f639290d000 r-xp 00000000 08:05 9834249                    /lib/x86_64-linux-gnu/ld-2.17.so
7f6392912000-7f6392913000 rw-p 00000000 00:00 0 
7f6392913000-7f6392914000 r-xp 00000000 00:00 0 
7f6392914000-7f639291b000 r--s 00000000 08:05 12588976                   /usr/lib/x86_64-linux-gnu/gconv/gconv-modules.cache
7f639291b000-7f6392920000 r--s 0004c000 08:05 12322352                   /usr/lib/jvm/java-7-openjdk-amd64/jre/lib/jsse.jar
7f6392920000-7f6392923000 r--s 00032000 08:05 12322366                   /usr/lib/jvm/java-7-openjdk-amd64/jre/lib/ext/sunjce_provider.jar
7f6392923000-7f6392926000 r--s 0000f000 08:05 12322362                   /usr/lib/jvm/java-7-openjdk-amd64/jre/lib/ext/pulse-java.jar
7f6392926000-7f6392941000 rw-p 00000000 00:00 0 
7f6392941000-7f6392987000 rw-p 00000000 00:00 0 
7f6392987000-7f639299b000 rw-p 00000000 00:00 0 
7f639299b000-7f6392a2e000 rw-p 00000000 00:00 0 
7f6392a2e000-7f6392a38000 rw-p 00000000 00:00 0 
7f6392a38000-7f6392aee000 rw-p 00000000 00:00 0 
7f6392aee000-7f6392af3000 rw-p 00000000 00:00 0 
7f6392af3000-7f6392af5000 r--s 00006000 08:05 12717881                   /usr/share/java/java-atk-wrapper.jar
7f6392af5000-7f6392af9000 r--s 00085000 08:05 12322360                   /usr/lib/jvm/java-7-openjdk-amd64/jre/lib/ext/localedata.jar
7f6392af9000-7f6392afd000 r--s 0003b000 08:05 12322372                   /usr/lib/jvm/java-7-openjdk-amd64/jre/lib/ext/sunpkcs11.jar
7f6392afd000-7f6392afe000 r--s 00002000 08:05 12322370                   /usr/lib/jvm/java-7-openjdk-amd64/jre/lib/ext/dnsns.jar
7f6392afe000-7f6392b00000 r--s 00012000 08:05 12322364                   /usr/lib/jvm/java-7-openjdk-amd64/jre/lib/ext/zipfs.jar
7f6392b00000-7f6392b08000 rw-s 00000000 08:05 7340084                    /tmp/hsperfdata_luis/13186
7f6392b08000-7f6392b09000 rw-p 00000000 00:00 0 
7f6392b09000-7f6392b0a000 r--p 00000000 00:00 0 
7f6392b0a000-7f6392b0c000 rw-p 00000000 00:00 0 
7f6392b0c000-7f6392b0d000 r--p 00022000 08:05 9834249                    /lib/x86_64-linux-gnu/ld-2.17.so
7f6392b0d000-7f6392b0f000 rw-p 00023000 08:05 9834249                    /lib/x86_64-linux-gnu/ld-2.17.so
7fffeb773000-7fffeb794000 rw-p 00000000 00:00 0                          [stack]
7fffeb7fe000-7fffeb800000 r-xp 00000000 00:00 0                          [vdso]
ffffffffff600000-ffffffffff601000 r-xp 00000000 00:00 0                  [vsyscall]

VM Arguments:
jvm_args: -Djdk.home= -Djruby.home=/home/luis/.rbenv/versions/jruby-1.7.10 -Djruby.script=jruby -Djruby.shell=/bin/sh -Djffi.boot.library.path=/home/luis/.rbenv/versions/jruby-1.7.10/lib/jni:/home/luis/.rbenv/versions/jruby-1.7.10/lib/jni/arm-Linux:/home/luis/.rbenv/versions/jruby-1.7.10/lib/jni/x86_64-Linux:/home/luis/.rbenv/versions/jruby-1.7.10/lib/jni/i386-Linux -Xmx500m -Xss2048k -Xbootclasspath/a:/home/luis/.rbenv/versions/jruby-1.7.10/lib/jruby.jar 
java_command: org/jruby/Main Makefile.rb clean compile test
Launcher Type: SUN_STANDARD

Environment Variables:
PATH=/home/luis/.rbenv/versions/jruby-1.7.10/bin:/home/luis/.rbenv/libexec:/home/luis/.rbenv/plugins/ruby-build/bin:/home/luis/.rbenv/shims:~/.rbenv/bin:~/.rbenv/bin:/usr/local/sbin:/usr/local/bin:/usr/sbin:/usr/bin:/sbin:/bin:/usr/games:/usr/local/games
USERNAME=luis
SHELL=/bin/bash
DISPLAY=:0

Signal Handlers:
SIGSEGV: [libjvm.so+0x916ea0], sa_mask[0]=0x7ffbfeff, sa_flags=0x10000004
SIGBUS: [libjvm.so+0x916ea0], sa_mask[0]=0x7ffbfeff, sa_flags=0x10000004
SIGFPE: [libjvm.so+0x794800], sa_mask[0]=0x7ffbfeff, sa_flags=0x10000004
SIGPIPE: [libjvm.so+0x794800], sa_mask[0]=0x7ffbfeff, sa_flags=0x10000004
SIGXFSZ: [libjvm.so+0x794800], sa_mask[0]=0x7ffbfeff, sa_flags=0x10000004
SIGILL: [libjvm.so+0x794800], sa_mask[0]=0x7ffbfeff, sa_flags=0x10000004
SIGUSR1: SIG_DFL, sa_mask[0]=0x00000000, sa_flags=0x00000000
SIGUSR2: [libjvm.so+0x7946a0], sa_mask[0]=0x00000000, sa_flags=0x10000004
SIGHUP: [libjvm.so+0x794880], sa_mask[0]=0x7ffbfeff, sa_flags=0x10000004
SIGINT: [libjvm.so+0x794880], sa_mask[0]=0x7ffbfeff, sa_flags=0x10000004
SIGTERM: [libjvm.so+0x794880], sa_mask[0]=0x7ffbfeff, sa_flags=0x10000004
SIGQUIT: [libjvm.so+0x794880], sa_mask[0]=0x7ffbfeff, sa_flags=0x10000004


---------------  S Y S T E M  ---------------

OS:LinuxMint 16 (petra)
uname:Linux 3.11.0-12-generic #19-Ubuntu SMP Wed Oct 9 16:20:46 UTC 2013 x86_64
libc:glibc 2.17 NPTL 2.17 
rlimit: STACK 8192k, CORE 0k, NPROC 29806, NOFILE 4096, AS infinity
load average:0,46 0,65 0,62

/proc/meminfo:
MemTotal:        3844532 kB
MemFree:         2415324 kB
Buffers:            5928 kB
Cached:           475064 kB
SwapCached:            8 kB
Active:           814676 kB
Inactive:         493708 kB
Active(anon):     650476 kB
Inactive(anon):   343616 kB
Active(file):     164200 kB
Inactive(file):   150092 kB
Unevictable:           0 kB
Mlocked:               0 kB
SwapTotal:       3987452 kB
SwapFree:        3987164 kB
Dirty:              1400 kB
Writeback:             0 kB
AnonPages:        827640 kB
Mapped:           129116 kB
Shmem:            166700 kB
Slab:              56700 kB
SReclaimable:      34128 kB
SUnreclaim:        22572 kB
KernelStack:        3216 kB
PageTables:        18756 kB
NFS_Unstable:          0 kB
Bounce:                0 kB
WritebackTmp:          0 kB
CommitLimit:     5909716 kB
Committed_AS:    2667776 kB
VmallocTotal:   34359738367 kB
VmallocUsed:      348004 kB
VmallocChunk:   34359386120 kB
HardwareCorrupted:     0 kB
AnonHugePages:         0 kB
HugePages_Total:       0
HugePages_Free:        0
HugePages_Rsvd:        0
HugePages_Surp:        0
Hugepagesize:       2048 kB
DirectMap4k:       64756 kB
DirectMap2M:     3923968 kB


CPU:total 4 (2 cores per cpu, 2 threads per core) family 6 model 37 stepping 5, cmov, cx8, fxsr, mmx, sse, sse2, sse3, ssse3, sse4.1, sse4.2, popcnt, ht, tsc, tscinvbit

/proc/cpuinfo:
processor	: 0
vendor_id	: GenuineIntel
cpu family	: 6
model		: 37
model name	: Intel(R) Core(TM) i5 CPU       M 460  @ 2.53GHz
stepping	: 5
microcode	: 0x2
cpu MHz		: 2534.000
cache size	: 3072 KB
physical id	: 0
siblings	: 4
core id		: 0
cpu cores	: 2
apicid		: 0
initial apicid	: 0
fpu		: yes
fpu_exception	: yes
cpuid level	: 11
wp		: yes
flags		: fpu vme de pse tsc msr pae mce cx8 apic sep mtrr pge mca cmov pat pse36 clflush dts acpi mmx fxsr sse sse2 ss ht tm pbe syscall nx rdtscp lm constant_tsc arch_perfmon pebs bts rep_good nopl xtopology nonstop_tsc aperfmperf pni dtes64 monitor ds_cpl vmx est tm2 ssse3 cx16 xtpr pdcm pcid sse4_1 sse4_2 popcnt lahf_lm ida arat dtherm tpr_shadow vnmi flexpriority ept vpid
bogomips	: 5067.10
clflush size	: 64
cache_alignment	: 64
address sizes	: 36 bits physical, 48 bits virtual
power management:

processor	: 1
vendor_id	: GenuineIntel
cpu family	: 6
model		: 37
model name	: Intel(R) Core(TM) i5 CPU       M 460  @ 2.53GHz
stepping	: 5
microcode	: 0x2
cpu MHz		: 2534.000
cache size	: 3072 KB
physical id	: 0
siblings	: 4
core id		: 0
cpu cores	: 2
apicid		: 1
initial apicid	: 1
fpu		: yes
fpu_exception	: yes
cpuid level	: 11
wp		: yes
flags		: fpu vme de pse tsc msr pae mce cx8 apic sep mtrr pge mca cmov pat pse36 clflush dts acpi mmx fxsr sse sse2 ss ht tm pbe syscall nx rdtscp lm constant_tsc arch_perfmon pebs bts rep_good nopl xtopology nonstop_tsc aperfmperf pni dtes64 monitor ds_cpl vmx est tm2 ssse3 cx16 xtpr pdcm pcid sse4_1 sse4_2 popcnt lahf_lm ida arat dtherm tpr_shadow vnmi flexpriority ept vpid
bogomips	: 5067.10
clflush size	: 64
cache_alignment	: 64
address sizes	: 36 bits physical, 48 bits virtual
power management:

processor	: 2
vendor_id	: GenuineIntel
cpu family	: 6
model		: 37
model name	: Intel(R) Core(TM) i5 CPU       M 460  @ 2.53GHz
stepping	: 5
microcode	: 0x2
cpu MHz		: 2534.000
cache size	: 3072 KB
physical id	: 0
siblings	: 4
core id		: 2
cpu cores	: 2
apicid		: 4
initial apicid	: 4
fpu		: yes
fpu_exception	: yes
cpuid level	: 11
wp		: yes
flags		: fpu vme de pse tsc msr pae mce cx8 apic sep mtrr pge mca cmov pat pse36 clflush dts acpi mmx fxsr sse sse2 ss ht tm pbe syscall nx rdtscp lm constant_tsc arch_perfmon pebs bts rep_good nopl xtopology nonstop_tsc aperfmperf pni dtes64 monitor ds_cpl vmx est tm2 ssse3 cx16 xtpr pdcm pcid sse4_1 sse4_2 popcnt lahf_lm ida arat dtherm tpr_shadow vnmi flexpriority ept vpid
bogomips	: 5067.10
clflush size	: 64
cache_alignment	: 64
address sizes	: 36 bits physical, 48 bits virtual
power management:

processor	: 3
vendor_id	: GenuineIntel
cpu family	: 6
model		: 37
model name	: Intel(R) Core(TM) i5 CPU       M 460  @ 2.53GHz
stepping	: 5
microcode	: 0x2
cpu MHz		: 2534.000
cache size	: 3072 KB
physical id	: 0
siblings	: 4
core id		: 2
cpu cores	: 2
apicid		: 5
initial apicid	: 5
fpu		: yes
fpu_exception	: yes
cpuid level	: 11
wp		: yes
flags		: fpu vme de pse tsc msr pae mce cx8 apic sep mtrr pge mca cmov pat pse36 clflush dts acpi mmx fxsr sse sse2 ss ht tm pbe syscall nx rdtscp lm constant_tsc arch_perfmon pebs bts rep_good nopl xtopology nonstop_tsc aperfmperf pni dtes64 monitor ds_cpl vmx est tm2 ssse3 cx16 xtpr pdcm pcid sse4_1 sse4_2 popcnt lahf_lm ida arat dtherm tpr_shadow vnmi flexpriority ept vpid
bogomips	: 5067.10
clflush size	: 64
cache_alignment	: 64
address sizes	: 36 bits physical, 48 bits virtual
power management:



Memory: 4k page, physical 3844532k(2415324k free), swap 3987452k(3987164k free)

vm_info: OpenJDK 64-Bit Server VM (24.45-b08) for linux-amd64 JRE (1.7.0_51-b00), built on Jan 15 2014 22:02:57 by "buildd" with gcc 4.8.1

time: Mon Apr  7 00:43:16 2014
elapsed time: 5 seconds

