#
# A fatal error has been detected by the Java Runtime Environment:
#
#  SIGSEGV (0xb) at pc=0x00007fcd306418be, pid=3982, tid=140519568889600
#
# JRE version: OpenJDK Runtime Environment (7.0_51) (build 1.7.0_51-b00)
# Java VM: OpenJDK 64-Bit Server VM (24.45-b08 mixed mode linux-amd64 compressed oops)
# Problematic frame:
# C  [libconvex_hull.so+0x18be]  convex_hull+0x274
#
# Failed to write core dump. Core dumps have been disabled. To enable core dumping, try "ulimit -c unlimited" before starting Java again
#
# If you would like to submit a bug report, please include
# instructions on how to reproduce the bug and visit:
#   http://icedtea.classpath.org/bugzilla
# The crash happened outside the Java Virtual Machine in native code.
# See problematic frame for where to report the bug.
#

---------------  T H R E A D  ---------------

Current thread (0x00007fcd3c00a800):  JavaThread "main" [_thread_in_native, id=4007, stack(0x00007fcd42dcd000,0x00007fcd42fce000)]

siginfo:si_signo=SIGSEGV: si_errno=0, si_code=1 (SEGV_MAPERR), si_addr=0x0000000000000000

Registers:
RAX=0x0000000000000000, RBX=0x00000000d79ca800, RCX=0x00007fcd3c000028, RDX=0x0000000000000005
RSP=0x00007fcd42fcae70, RBP=0x00007fcd42fcaf20, RSI=0x0000000000000000, RDI=0x00007fcd3c000020
R8 =0x0000000000000000, R9 =0x0000000000000018, R10=0x00007fcd42fcab00, R11=0x00007fcd30a4693f
R12=0x0000000000000000, R13=0x00000000d79ca800, R14=0x00007fcd42fcb008, R15=0x00007fcd3c00a800
RIP=0x00007fcd306418be, EFLAGS=0x0000000000010212, CSGSFS=0x0000000000000033, ERR=0x0000000000000004
  TRAPNO=0x000000000000000e

Top of Stack: (sp=0x00007fcd42fcae70)
0x00007fcd42fcae70:   00000000d7e47a59 00007fcd3c42a3d0
0x00007fcd42fcae80:   00000008d7e47ec8 0000000000000000
0x00007fcd42fcae90:   00007fcd3c4166f0 00007fcd3c416710
0x00007fcd42fcaea0:   00007fcd3c4144e0 00007fcd3c414500
0x00007fcd42fcaeb0:   00007fcd3c414520 00007fcd3c414540
0x00007fcd42fcaec0:   00007fcd3c414560 00007fcd3c414580
0x00007fcd42fcaed0:   00007fcd3c4145a0 00007fcd3c4146c0
0x00007fcd42fcaee0:   00007fcd3c416710 00007fcd3c4146e0
0x00007fcd42fcaef0:   00007fcd3c4144e0 00007fcd3c414700
0x00007fcd42fcaf00:   00007fcd3c414500 00007fcd3c414720
0x00007fcd42fcaf10:   00007fcd3c4145a0 00007fcd3c414880
0x00007fcd42fcaf20:   00007fcd3c410590 00007fcd3148ccd9
0x00007fcd42fcaf30:   0000000000000000 00000000d79ca800
0x00007fcd42fcaf40:   00007fcd42fcafc0 00007fcd39012738
0x00007fcd42fcaf50:   00007fcd42fcafe0 00007fcd39006233
0x00007fcd42fcaf60:   00000000e1175bf8 00007fcd39006233
0x00007fcd42fcaf70:   00000000e13ed5f0 00000000e1220240
0x00007fcd42fcaf80:   00007fcd42fcaf80 0000000000000000
0x00007fcd42fcaf90:   00007fcd42fcb008 00000000d79d2d28
0x00007fcd42fcafa0:   0000000000000000 00000000d79ca800
0x00007fcd42fcafb0:   0000000000000000 00007fcd42fcafe0
0x00007fcd42fcafc0:   00007fcd42fcb050 00007fcd39006175
0x00007fcd42fcafd0:   00000000e10c9c90 00007fcd3900ecd7
0x00007fcd42fcafe0:   00007fcd3c42a3d0 00007fcd39006233
0x00007fcd42fcaff0:   00007fcd3064164a 00007fcd39006233
0x00007fcd42fcb000:   00007fcd3c410590 00007fcd39006233
0x00007fcd42fcb010:   00007fcd42fcb010 00000000d7ac7667
0x00007fcd42fcb020:   00007fcd42fcb088 00000000d7ad38c0
0x00007fcd42fcb030:   0000000000000000 00000000d7ac76a8
0x00007fcd42fcb040:   00007fcd42fcafe0 00007fcd42fcb060
0x00007fcd42fcb050:   00007fcd42fcb0d8 00007fcd39006175
0x00007fcd42fcb060:   00007fcd3c42a3d0 00000000e1220270 

Instructions: (pc=0x00007fcd306418be)
0x00007fcd3064189e:   ff 03 00 00 00 eb 4a 48 8b 85 68 ff ff ff 48 8b
0x00007fcd306418ae:   40 10 48 89 85 68 ff ff ff 48 8b 85 68 ff ff ff
0x00007fcd306418be:   48 8b 00 48 89 45 f0 48 8b 45 f0 48 89 c7 e8 bf
0x00007fcd306418ce:   f1 ff ff 48 89 45 f8 48 8b 55 f8 48 8b 45 b8 48 

Register to memory mapping:

RAX=0x0000000000000000 is an unknown value
RBX=0x00000000d79ca800 is an oop
{method} 
 - klass: {other class}
RCX=0x00007fcd3c000028 is an unknown value
RDX=0x0000000000000005 is an unknown value
RSP=0x00007fcd42fcae70 is pointing into the stack for thread: 0x00007fcd3c00a800
RBP=0x00007fcd42fcaf20 is pointing into the stack for thread: 0x00007fcd3c00a800
RSI=0x0000000000000000 is an unknown value
RDI=0x00007fcd3c000020 is an unknown value
R8 =0x0000000000000000 is an unknown value
R9 =0x0000000000000018 is an unknown value
R10=0x00007fcd42fcab00 is pointing into the stack for thread: 0x00007fcd3c00a800
R11=0x00007fcd30a4693f: destroy_point+0 in lib/lib2d_points.so at 0x00007fcd30a46000
R12=0x0000000000000000 is an unknown value
R13=0x00000000d79ca800 is an oop
{method} 
 - klass: {other class}
R14=0x00007fcd42fcb008 is pointing into the stack for thread: 0x00007fcd3c00a800
R15=0x00007fcd3c00a800 is a thread


Stack: [0x00007fcd42dcd000,0x00007fcd42fce000],  sp=0x00007fcd42fcae70,  free space=2039k
Native frames: (J=compiled Java code, j=interpreted, Vv=VM code, C=native code)
C  [libconvex_hull.so+0x18be]  convex_hull+0x274

Java frames: (J=compiled Java code, j=interpreted, Vv=VM code)
j  com.kenai.jffi.Foreign.invokeL1(JJJ)J+0
j  com.kenai.jffi.Invoker.invokeL1(Lcom/kenai/jffi/CallContext;JJ)J+7
j  org.jruby.ext.ffi.jffi.NativeInvoker$ffi$1.call(Lorg/jruby/runtime/ThreadContext;Lorg/jruby/runtime/builtin/IRubyObject;Lorg/jruby/RubyModule;Ljava/lang/String;Lorg/jruby/runtime/builtin/IRubyObject;)Lorg/jruby/runtime/builtin/IRubyObject;+76
j  org.jruby.runtime.callsite.CachingCallSite.cacheAndCall(Lorg/jruby/runtime/builtin/IRubyObject;Lorg/jruby/RubyClass;Lorg/jruby/runtime/ThreadContext;Lorg/jruby/runtime/builtin/IRubyObject;Lorg/jruby/runtime/builtin/IRubyObject;)Lorg/jruby/runtime/builtin/IRubyObject;+57
J  org.jruby.runtime.callsite.CachingCallSite.call(Lorg/jruby/runtime/ThreadContext;Lorg/jruby/runtime/builtin/IRubyObject;Lorg/jruby/runtime/builtin/IRubyObject;Lorg/jruby/runtime/builtin/IRubyObject;)Lorg/jruby/runtime/builtin/IRubyObject;
J  org.jruby.ast.CallOneArgNode.interpret(Lorg/jruby/Ruby;Lorg/jruby/runtime/ThreadContext;Lorg/jruby/runtime/builtin/IRubyObject;Lorg/jruby/runtime/Block;)Lorg/jruby/runtime/builtin/IRubyObject;
j  org.jruby.ast.LocalAsgnNode.interpret(Lorg/jruby/Ruby;Lorg/jruby/runtime/ThreadContext;Lorg/jruby/runtime/builtin/IRubyObject;Lorg/jruby/runtime/Block;)Lorg/jruby/runtime/builtin/IRubyObject;+30
J  org.jruby.ast.BlockNode.interpret(Lorg/jruby/Ruby;Lorg/jruby/runtime/ThreadContext;Lorg/jruby/runtime/builtin/IRubyObject;Lorg/jruby/runtime/Block;)Lorg/jruby/runtime/builtin/IRubyObject;
j  org.jruby.evaluator.ASTInterpreter.INTERPRET_METHOD(Lorg/jruby/Ruby;Lorg/jruby/runtime/ThreadContext;Ljava/lang/String;ILorg/jruby/RubyModule;Lorg/jruby/ast/Node;Ljava/lang/String;Lorg/jruby/runtime/builtin/IRubyObject;Lorg/jruby/runtime/Block;Z)Lorg/jruby/runtime/builtin/IRubyObject;+30
j  org.jruby.internal.runtime.methods.InterpretedMethod.call(Lorg/jruby/runtime/ThreadContext;Lorg/jruby/runtime/builtin/IRubyObject;Lorg/jruby/RubyModule;Ljava/lang/String;)Lorg/jruby/runtime/builtin/IRubyObject;+80
j  org.jruby.internal.runtime.methods.DefaultMethod.call(Lorg/jruby/runtime/ThreadContext;Lorg/jruby/runtime/builtin/IRubyObject;Lorg/jruby/RubyModule;Ljava/lang/String;)Lorg/jruby/runtime/builtin/IRubyObject;+20
j  org.jruby.runtime.callsite.CachingCallSite.cacheAndCall(Lorg/jruby/runtime/builtin/IRubyObject;Lorg/jruby/RubyClass;Lorg/jruby/runtime/ThreadContext;Lorg/jruby/runtime/builtin/IRubyObject;)Lorg/jruby/runtime/builtin/IRubyObject;+53
j  org.jruby.runtime.callsite.CachingCallSite.call(Lorg/jruby/runtime/ThreadContext;Lorg/jruby/runtime/builtin/IRubyObject;Lorg/jruby/runtime/builtin/IRubyObject;)Lorg/jruby/runtime/builtin/IRubyObject;+46
j  org.jruby.ast.CallNoArgNode.interpret(Lorg/jruby/Ruby;Lorg/jruby/runtime/ThreadContext;Lorg/jruby/runtime/builtin/IRubyObject;Lorg/jruby/runtime/Block;)Lorg/jruby/runtime/builtin/IRubyObject;+18
j  org.jruby.ast.FCallTwoArgNode.interpret(Lorg/jruby/Ruby;Lorg/jruby/runtime/ThreadContext;Lorg/jruby/runtime/builtin/IRubyObject;Lorg/jruby/runtime/Block;)Lorg/jruby/runtime/builtin/IRubyObject;+28
J  org.jruby.ast.NewlineNode.interpret(Lorg/jruby/Ruby;Lorg/jruby/runtime/ThreadContext;Lorg/jruby/runtime/builtin/IRubyObject;Lorg/jruby/runtime/Block;)Lorg/jruby/runtime/builtin/IRubyObject;
j  org.jruby.ast.BlockNode.interpret(Lorg/jruby/Ruby;Lorg/jruby/runtime/ThreadContext;Lorg/jruby/runtime/builtin/IRubyObject;Lorg/jruby/runtime/Block;)Lorg/jruby/runtime/builtin/IRubyObject;+33
j  org.jruby.evaluator.ASTInterpreter.INTERPRET_METHOD(Lorg/jruby/Ruby;Lorg/jruby/runtime/ThreadContext;Ljava/lang/String;ILorg/jruby/RubyModule;Lorg/jruby/ast/Node;Ljava/lang/String;Lorg/jruby/runtime/builtin/IRubyObject;Lorg/jruby/runtime/Block;Z)Lorg/jruby/runtime/builtin/IRubyObject;+30
j  org.jruby.internal.runtime.methods.InterpretedMethod.call(Lorg/jruby/runtime/ThreadContext;Lorg/jruby/runtime/builtin/IRubyObject;Lorg/jruby/RubyModule;Ljava/lang/String;)Lorg/jruby/runtime/builtin/IRubyObject;+80
j  org.jruby.internal.runtime.methods.DefaultMethod.call(Lorg/jruby/runtime/ThreadContext;Lorg/jruby/runtime/builtin/IRubyObject;Lorg/jruby/RubyModule;Ljava/lang/String;)Lorg/jruby/runtime/builtin/IRubyObject;+20
j  org.jruby.runtime.callsite.CachingCallSite.cacheAndCall(Lorg/jruby/runtime/builtin/IRubyObject;Lorg/jruby/RubyClass;Lorg/jruby/runtime/ThreadContext;Lorg/jruby/runtime/builtin/IRubyObject;)Lorg/jruby/runtime/builtin/IRubyObject;+53
j  org.jruby.runtime.callsite.CachingCallSite.call(Lorg/jruby/runtime/ThreadContext;Lorg/jruby/runtime/builtin/IRubyObject;Lorg/jruby/runtime/builtin/IRubyObject;)Lorg/jruby/runtime/builtin/IRubyObject;+46
j  Makefile.method__2$RUBY$test(LMakefile;Lorg/jruby/runtime/ThreadContext;Lorg/jruby/runtime/builtin/IRubyObject;Lorg/jruby/runtime/Block;)Lorg/jruby/runtime/builtin/IRubyObject;+130
j  Makefile$method__2$RUBY$test.call(Lorg/jruby/runtime/ThreadContext;Lorg/jruby/runtime/builtin/IRubyObject;Lorg/jruby/RubyModule;Ljava/lang/String;Lorg/jruby/runtime/Block;)Lorg/jruby/runtime/builtin/IRubyObject;+17
j  org.jruby.RubyClass.finvoke(Lorg/jruby/runtime/ThreadContext;Lorg/jruby/runtime/builtin/IRubyObject;Ljava/lang/String;Lorg/jruby/runtime/Block;)Lorg/jruby/runtime/builtin/IRubyObject;+41
j  org.jruby.RubyBasicObject.send19(Lorg/jruby/runtime/ThreadContext;Lorg/jruby/runtime/builtin/IRubyObject;Lorg/jruby/runtime/Block;)Lorg/jruby/runtime/builtin/IRubyObject;+15
j  org.jruby.RubyKernel.send19(Lorg/jruby/runtime/ThreadContext;Lorg/jruby/runtime/builtin/IRubyObject;Lorg/jruby/runtime/builtin/IRubyObject;Lorg/jruby/runtime/Block;)Lorg/jruby/runtime/builtin/IRubyObject;+7
j  org.jruby.RubyKernel$INVOKER$s$send19.call(Lorg/jruby/runtime/ThreadContext;Lorg/jruby/runtime/builtin/IRubyObject;Lorg/jruby/RubyModule;Ljava/lang/String;Lorg/jruby/runtime/builtin/IRubyObject;Lorg/jruby/runtime/Block;)Lorg/jruby/runtime/builtin/IRubyObject;+6
j  org.jruby.internal.runtime.methods.JavaMethod$JavaMethodOneOrNBlock.call(Lorg/jruby/runtime/ThreadContext;Lorg/jruby/runtime/builtin/IRubyObject;Lorg/jruby/RubyModule;Ljava/lang/String;Lorg/jruby/runtime/builtin/IRubyObject;)Lorg/jruby/runtime/builtin/IRubyObject;+11
j  org.jruby.runtime.callsite.CachingCallSite.call(Lorg/jruby/runtime/ThreadContext;Lorg/jruby/runtime/builtin/IRubyObject;Lorg/jruby/runtime/builtin/IRubyObject;Lorg/jruby/runtime/builtin/IRubyObject;)Lorg/jruby/runtime/builtin/IRubyObject;+38
j  Makefile.block_6$RUBY$__file__(LMakefile;Lorg/jruby/runtime/ThreadContext;Lorg/jruby/runtime/builtin/IRubyObject;[Lorg/jruby/runtime/builtin/IRubyObject;Lorg/jruby/runtime/Block;)Lorg/jruby/runtime/builtin/IRubyObject;+46
j  Makefile$block_6$RUBY$__file__.call(Lorg/jruby/runtime/ThreadContext;Lorg/jruby/runtime/builtin/IRubyObject;[Lorg/jruby/runtime/builtin/IRubyObject;Lorg/jruby/runtime/Block;)Lorg/jruby/runtime/builtin/IRubyObject;+9
j  org.jruby.runtime.CompiledBlock19.yield(Lorg/jruby/runtime/ThreadContext;Lorg/jruby/runtime/builtin/IRubyObject;Lorg/jruby/runtime/Binding;Lorg/jruby/runtime/Block$Type;)Lorg/jruby/runtime/builtin/IRubyObject;+52
j  org.jruby.runtime.Block.yield(Lorg/jruby/runtime/ThreadContext;Lorg/jruby/runtime/builtin/IRubyObject;)Lorg/jruby/runtime/builtin/IRubyObject;+14
j  org.jruby.RubyArray.eachCommon(Lorg/jruby/runtime/ThreadContext;Lorg/jruby/runtime/Block;)Lorg/jruby/runtime/builtin/IRubyObject;+41
j  org.jruby.RubyArray.each(Lorg/jruby/runtime/ThreadContext;Lorg/jruby/runtime/Block;)Lorg/jruby/runtime/builtin/IRubyObject;+10
j  org.jruby.RubyArray$INVOKER$i$0$0$each.call(Lorg/jruby/runtime/ThreadContext;Lorg/jruby/runtime/builtin/IRubyObject;Lorg/jruby/RubyModule;Ljava/lang/String;Lorg/jruby/runtime/Block;)Lorg/jruby/runtime/builtin/IRubyObject;+7
j  org.jruby.runtime.callsite.CachingCallSite.cacheAndCall(Lorg/jruby/runtime/builtin/IRubyObject;Lorg/jruby/RubyClass;Lorg/jruby/runtime/Block;Lorg/jruby/runtime/ThreadContext;Lorg/jruby/runtime/builtin/IRubyObject;)Lorg/jruby/runtime/builtin/IRubyObject;+57
j  org.jruby.runtime.callsite.CachingCallSite.callBlock(Lorg/jruby/runtime/ThreadContext;Lorg/jruby/runtime/builtin/IRubyObject;Lorg/jruby/runtime/builtin/IRubyObject;Lorg/jruby/runtime/Block;)Lorg/jruby/runtime/builtin/IRubyObject;+50
j  org.jruby.runtime.callsite.CachingCallSite.callIter(Lorg/jruby/runtime/ThreadContext;Lorg/jruby/runtime/builtin/IRubyObject;Lorg/jruby/runtime/builtin/IRubyObject;Lorg/jruby/runtime/Block;)Lorg/jruby/runtime/builtin/IRubyObject;+6
j  Makefile.__file__(LMakefile;Lorg/jruby/runtime/ThreadContext;Lorg/jruby/runtime/builtin/IRubyObject;[Lorg/jruby/runtime/builtin/IRubyObject;Lorg/jruby/runtime/Block;)Lorg/jruby/runtime/builtin/IRubyObject;+859
j  Makefile.load(Lorg/jruby/runtime/ThreadContext;Lorg/jruby/runtime/builtin/IRubyObject;Z)Lorg/jruby/runtime/builtin/IRubyObject;+22
j  org.jruby.Ruby.runScript(Lorg/jruby/ast/executable/Script;Z)Lorg/jruby/runtime/builtin/IRubyObject;+12
j  org.jruby.Ruby.runScript(Lorg/jruby/ast/executable/Script;)Lorg/jruby/runtime/builtin/IRubyObject;+3
j  org.jruby.Ruby.runNormally(Lorg/jruby/ast/Node;)Lorg/jruby/runtime/builtin/IRubyObject;+73
j  org.jruby.Ruby.runFromMain(Ljava/io/InputStream;Ljava/lang/String;)V+320
j  org.jruby.Main.doRunFromMain(Lorg/jruby/Ruby;Ljava/io/InputStream;Ljava/lang/String;)Lorg/jruby/Main$Status;+12
j  org.jruby.Main.internalRun()Lorg/jruby/Main$Status;+234
j  org.jruby.Main.run([Ljava/lang/String;)Lorg/jruby/Main$Status;+9
j  org.jruby.Main.main([Ljava/lang/String;)V+35
v  ~StubRoutines::call_stub

---------------  P R O C E S S  ---------------

Java Threads: ( => current thread )
  0x00007fcd3c430000 JavaThread "JRubyJIT-2" daemon [_thread_blocked, id=4090, stack(0x00007fcd3104a000,0x00007fcd3124b000)]
  0x00007fcd3c428800 JavaThread "process reaper" daemon [_thread_blocked, id=4023, stack(0x00007fcd3124b000,0x00007fcd31284000)]
  0x00007fcd3c415800 JavaThread "JRubyJIT-1" daemon [_thread_blocked, id=4020, stack(0x00007fcd31284000,0x00007fcd31485000)]
  0x00007fcd3c0ad000 JavaThread "Service Thread" daemon [_thread_blocked, id=4018, stack(0x00007fcd32efd000,0x00007fcd330fe000)]
  0x00007fcd3c0aa800 JavaThread "C2 CompilerThread1" daemon [_thread_in_native, id=4017, stack(0x00007fcd330fe000,0x00007fcd331ff000)]
  0x00007fcd3c0a7800 JavaThread "C2 CompilerThread0" daemon [_thread_in_native, id=4016, stack(0x00007fcd331ff000,0x00007fcd33300000)]
  0x00007fcd3c0a5800 JavaThread "Signal Dispatcher" daemon [_thread_blocked, id=4015, stack(0x00007fcd33300000,0x00007fcd33501000)]
  0x00007fcd3c082800 JavaThread "Finalizer" daemon [_thread_blocked, id=4014, stack(0x00007fcd338fb000,0x00007fcd33afc000)]
  0x00007fcd3c080800 JavaThread "Reference Handler" daemon [_thread_blocked, id=4013, stack(0x00007fcd33afc000,0x00007fcd33cfd000)]
=>0x00007fcd3c00a800 JavaThread "main" [_thread_in_native, id=4007, stack(0x00007fcd42dcd000,0x00007fcd42fce000)]

Other Threads:
  0x00007fcd3c07c800 VMThread [stack: 0x00007fcd33cfd000,0x00007fcd33dfe000] [id=4012]
  0x00007fcd3c0b7800 WatcherThread [stack: 0x00007fcd32dfc000,0x00007fcd32efd000] [id=4019]

VM state:not at safepoint (normal execution)

VM Mutex/Monitor currently owned by a thread: None

Heap
 PSYoungGen      total 157184K, used 103488K [0x00000000f5900000, 0x0000000100000000, 0x0000000100000000)
  eden space 156672K, 65% used [0x00000000f5900000,0x00000000fbdf8010,0x00000000ff200000)
  from space 512K, 18% used [0x00000000ff200000,0x00000000ff218000,0x00000000ff280000)
  to   space 7680K, 0% used [0x00000000ff880000,0x00000000ff880000,0x0000000100000000)
 ParOldGen       total 39936K, used 10127K [0x00000000e0c00000, 0x00000000e3300000, 0x00000000f5900000)
  object space 39936K, 25% used [0x00000000e0c00000,0x00000000e15e3d58,0x00000000e3300000)
 PSPermGen       total 25600K, used 25486K [0x00000000d6600000, 0x00000000d7f00000, 0x00000000e0c00000)
  object space 25600K, 99% used [0x00000000d6600000,0x00000000d7ee39c8,0x00000000d7f00000)

Card table byte_map: [0x00007fcd41bf3000,0x00007fcd41d41000] byte_map_base: 0x00007fcd41540000

Polling page: 0x00007fcd453db000

Code Cache  [0x00007fcd39000000, 0x00007fcd39280000, 0x00007fcd3c000000)
 total_blobs=982 nmethods=503 adapters=433 free_code_cache=46885Kb largest_free_block=47736960

Compilation events (10 events):
Event: 5,461 Thread 0x00007fcd3c0aa800 nmethod 512 0x00007fcd391be750 code [0x00007fcd391be880, 0x00007fcd391be8d8]
Event: 5,461 Thread 0x00007fcd3c0aa800  514             org.jruby.runtime.backtrace.BacktraceElement::<init> (20 bytes)
Event: 5,461 Thread 0x00007fcd3c0aa800 nmethod 514 0x00007fcd391be550 code [0x00007fcd391be680, 0x00007fcd391be6f8]
Event: 5,461 Thread 0x00007fcd3c0a7800 nmethod 513 0x00007fcd391be1d0 code [0x00007fcd391be320, 0x00007fcd391be3f8]
Event: 5,461 Thread 0x00007fcd3c0a7800  515             org.jruby.runtime.Block::<init> (32 bytes)
Event: 5,461 Thread 0x00007fcd3c0aa800  516             org.jruby.runtime.Binding::<init> (43 bytes)
Event: 5,462 Thread 0x00007fcd3c0a7800 nmethod 515 0x00007fcd39098ad0 code [0x00007fcd39098c00, 0x00007fcd39098c78]
Event: 5,462 Thread 0x00007fcd3c0aa800 nmethod 516 0x00007fcd39098890 code [0x00007fcd390989c0, 0x00007fcd39098a58]
Event: 5,464 Thread 0x00007fcd3c0aa800  517             org.jruby.runtime.Interpreted19Block::newInterpretedClosure (16 bytes)
Event: 5,466 Thread 0x00007fcd3c0a7800  518   !         org.jruby.runtime.callsite.CachingCallSite::callIter (54 bytes)

GC Heap History (10 events):
Event: 4,174 GC heap before
{Heap before GC invocations=5 (full 0):
 PSYoungGen      total 64000K, used 63989K [0x00000000f5900000, 0x00000000f9a00000, 0x0000000100000000)
  eden space 61440K, 100% used [0x00000000f5900000,0x00000000f9500000,0x00000000f9500000)
  from space 2560K, 99% used [0x00000000f9780000,0x00000000f99fd528,0x00000000f9a00000)
  to   space 2560K, 0% used [0x00000000f9500000,0x00000000f9500000,0x00000000f9780000)
 ParOldGen       total 39936K, used 7577K [0x00000000e0c00000, 0x00000000e3300000, 0x00000000f5900000)
  object space 39936K, 18% used [0x00000000e0c00000,0x00000000e1366540,0x00000000e3300000)
 PSPermGen       total 25600K, used 25479K [0x00000000d6600000, 0x00000000d7f00000, 0x00000000e0c00000)
  object space 25600K, 99% used [0x00000000d6600000,0x00000000d7ee1d78,0x00000000d7f00000)
Event: 4,194 GC heap after
Heap after GC invocations=5 (full 0):
 PSYoungGen      total 64000K, used 2549K [0x00000000f5900000, 0x00000000fde00000, 0x0000000100000000)
  eden space 61440K, 0% used [0x00000000f5900000,0x00000000f5900000,0x00000000f9500000)
  from space 2560K, 99% used [0x00000000f9500000,0x00000000f977d528,0x00000000f9780000)
  to   space 6656K, 0% used [0x00000000fd780000,0x00000000fd780000,0x00000000fde00000)
 ParOldGen       total 39936K, used 7585K [0x00000000e0c00000, 0x00000000e3300000, 0x00000000f5900000)
  object space 39936K, 18% used [0x00000000e0c00000,0x00000000e1368540,0x00000000e3300000)
 PSPermGen       total 25600K, used 25479K [0x00000000d6600000, 0x00000000d7f00000, 0x00000000e0c00000)
  object space 25600K, 99% used [0x00000000d6600000,0x00000000d7ee1d78,0x00000000d7f00000)
}
Event: 4,472 GC heap before
{Heap before GC invocations=6 (full 0):
 PSYoungGen      total 64000K, used 63989K [0x00000000f5900000, 0x00000000fde00000, 0x0000000100000000)
  eden space 61440K, 100% used [0x00000000f5900000,0x00000000f9500000,0x00000000f9500000)
  from space 2560K, 99% used [0x00000000f9500000,0x00000000f977d528,0x00000000f9780000)
  to   space 6656K, 0% used [0x00000000fd780000,0x00000000fd780000,0x00000000fde00000)
 ParOldGen       total 39936K, used 7585K [0x00000000e0c00000, 0x00000000e3300000, 0x00000000f5900000)
  object space 39936K, 18% used [0x00000000e0c00000,0x00000000e1368540,0x00000000e3300000)
 PSPermGen       total 25600K, used 25479K [0x00000000d6600000, 0x00000000d7f00000, 0x00000000e0c00000)
  object space 25600K, 99% used [0x00000000d6600000,0x00000000d7ee1fc0,0x00000000d7f00000)
Event: 4,495 GC heap after
Heap after GC invocations=6 (full 0):
 PSYoungGen      total 129536K, used 2597K [0x00000000f5900000, 0x00000000fde00000, 0x0000000100000000)
  eden space 122880K, 0% used [0x00000000f5900000,0x00000000f5900000,0x00000000fd100000)
  from space 6656K, 39% used [0x00000000fd780000,0x00000000fda09518,0x00000000fde00000)
  to   space 6656K, 0% used [0x00000000fd100000,0x00000000fd100000,0x00000000fd780000)
 ParOldGen       total 39936K, used 7585K [0x00000000e0c00000, 0x00000000e3300000, 0x00000000f5900000)
  object space 39936K, 18% used [0x00000000e0c00000,0x00000000e1368540,0x00000000e3300000)
 PSPermGen       total 25600K, used 25479K [0x00000000d6600000, 0x00000000d7f00000, 0x00000000e0c00000)
  object space 25600K, 99% used [0x00000000d6600000,0x00000000d7ee1fc0,0x00000000d7f00000)
}
Event: 5,008 GC heap before
{Heap before GC invocations=7 (full 0):
 PSYoungGen      total 129536K, used 125477K [0x00000000f5900000, 0x00000000fde00000, 0x0000000100000000)
  eden space 122880K, 100% used [0x00000000f5900000,0x00000000fd100000,0x00000000fd100000)
  from space 6656K, 39% used [0x00000000fd780000,0x00000000fda09518,0x00000000fde00000)
  to   space 6656K, 0% used [0x00000000fd100000,0x00000000fd100000,0x00000000fd780000)
 ParOldGen       total 39936K, used 7585K [0x00000000e0c00000, 0x00000000e3300000, 0x00000000f5900000)
  object space 39936K, 18% used [0x00000000e0c00000,0x00000000e1368540,0x00000000e3300000)
 PSPermGen       total 25600K, used 25484K [0x00000000d6600000, 0x00000000d7f00000, 0x00000000e0c00000)
  object space 25600K, 99% used [0x00000000d6600000,0x00000000d7ee30a0,0x00000000d7f00000)
Event: 5,024 GC heap after
Heap after GC invocations=7 (full 0):
 PSYoungGen      total 129536K, used 800K [0x00000000f5900000, 0x0000000100000000, 0x0000000100000000)
  eden space 122880K, 0% used [0x00000000f5900000,0x00000000f5900000,0x00000000fd100000)
  from space 6656K, 12% used [0x00000000fd100000,0x00000000fd1c8000,0x00000000fd780000)
  to   space 7168K, 0% used [0x00000000ff900000,0x00000000ff900000,0x0000000100000000)
 ParOldGen       total 39936K, used 9367K [0x00000000e0c00000, 0x00000000e3300000, 0x00000000f5900000)
  object space 39936K, 23% used [0x00000000e0c00000,0x00000000e1525d38,0x00000000e3300000)
 PSPermGen       total 25600K, used 25484K [0x00000000d6600000, 0x00000000d7f00000, 0x00000000e0c00000)
  object space 25600K, 99% used [0x00000000d6600000,0x00000000d7ee30a0,0x00000000d7f00000)
}
Event: 5,163 GC heap before
{Heap before GC invocations=8 (full 0):
 PSYoungGen      total 129536K, used 123680K [0x00000000f5900000, 0x0000000100000000, 0x0000000100000000)
  eden space 122880K, 100% used [0x00000000f5900000,0x00000000fd100000,0x00000000fd100000)
  from space 6656K, 12% used [0x00000000fd100000,0x00000000fd1c8000,0x00000000fd780000)
  to   space 7168K, 0% used [0x00000000ff900000,0x00000000ff900000,0x0000000100000000)
 ParOldGen       total 39936K, used 9367K [0x00000000e0c00000, 0x00000000e3300000, 0x00000000f5900000)
  object space 39936K, 23% used [0x00000000e0c00000,0x00000000e1525d38,0x00000000e3300000)
 PSPermGen       total 25600K, used 25484K [0x00000000d6600000, 0x00000000d7f00000, 0x00000000e0c00000)
  object space 25600K, 99% used [0x00000000d6600000,0x00000000d7ee30a0,0x00000000d7f00000)
Event: 5,167 GC heap after
Heap after GC invocations=8 (full 0):
 PSYoungGen      total 163840K, used 64K [0x00000000f5900000, 0x0000000100000000, 0x0000000100000000)
  eden space 156672K, 0% used [0x00000000f5900000,0x00000000f5900000,0x00000000ff200000)
  from space 7168K, 0% used [0x00000000ff900000,0x00000000ff910000,0x0000000100000000)
  to   space 7168K, 0% used [0x00000000ff200000,0x00000000ff200000,0x00000000ff900000)
 ParOldGen       total 39936K, used 10119K [0x00000000e0c00000, 0x00000000e3300000, 0x00000000f5900000)
  object space 39936K, 25% used [0x00000000e0c00000,0x00000000e15e1d58,0x00000000e3300000)
 PSPermGen       total 25600K, used 25484K [0x00000000d6600000, 0x00000000d7f00000, 0x00000000e0c00000)
  object space 25600K, 99% used [0x00000000d6600000,0x00000000d7ee30a0,0x00000000d7f00000)
}
Event: 5,354 GC heap before
{Heap before GC invocations=9 (full 0):
 PSYoungGen      total 163840K, used 156736K [0x00000000f5900000, 0x0000000100000000, 0x0000000100000000)
  eden space 156672K, 100% used [0x00000000f5900000,0x00000000ff200000,0x00000000ff200000)
  from space 7168K, 0% used [0x00000000ff900000,0x00000000ff910000,0x0000000100000000)
  to   space 7168K, 0% used [0x00000000ff200000,0x00000000ff200000,0x00000000ff900000)
 ParOldGen       total 39936K, used 10119K [0x00000000e0c00000, 0x00000000e3300000, 0x00000000f5900000)
  object space 39936K, 25% used [0x00000000e0c00000,0x00000000e15e1d58,0x00000000e3300000)
 PSPermGen       total 25600K, used 25484K [0x00000000d6600000, 0x00000000d7f00000, 0x00000000e0c00000)
  object space 25600K, 99% used [0x00000000d6600000,0x00000000d7ee30a0,0x00000000d7f00000)
Event: 5,356 GC heap after
Heap after GC invocations=9 (full 0):
 PSYoungGen      total 157184K, used 96K [0x00000000f5900000, 0x0000000100000000, 0x0000000100000000)
  eden space 156672K, 0% used [0x00000000f5900000,0x00000000f5900000,0x00000000ff200000)
  from space 512K, 18% used [0x00000000ff200000,0x00000000ff218000,0x00000000ff280000)
  to   space 7680K, 0% used [0x00000000ff880000,0x00000000ff880000,0x0000000100000000)
 ParOldGen       total 39936K, used 10127K [0x00000000e0c00000, 0x00000000e3300000, 0x00000000f5900000)
  object space 39936K, 25% used [0x00000000e0c00000,0x00000000e15e3d58,0x00000000e3300000)
 PSPermGen       total 25600K, used 25484K [0x00000000d6600000, 0x00000000d7f00000, 0x00000000e0c00000)
  object space 25600K, 99% used [0x00000000d6600000,0x00000000d7ee30a0,0x00000000d7f00000)
}

Deoptimization events (10 events):
Event: 3,176 Thread 0x00007fcd3c00a800 Uncommon trap: reason=class_check action=maybe_recompile pc=0x00007fcd3916cab8 method=org.jruby.RubyArray.compare(Lorg/jruby/runtime/ThreadContext;Lorg/jruby/runtime/invokedynamic/MethodNames;Lorg/jruby/runtime/builtin/IRubyObject;)Lorg/jruby/RubyBoolean;
Event: 3,176 Thread 0x00007fcd3c00a800 Uncommon trap: reason=class_check action=maybe_recompile pc=0x00007fcd3916cab8 method=org.jruby.RubyArray.compare(Lorg/jruby/runtime/ThreadContext;Lorg/jruby/runtime/invokedynamic/MethodNames;Lorg/jruby/runtime/builtin/IRubyObject;)Lorg/jruby/RubyBoolean;
Event: 3,176 Thread 0x00007fcd3c00a800 Uncommon trap: reason=class_check action=maybe_recompile pc=0x00007fcd3916cab8 method=org.jruby.RubyArray.compare(Lorg/jruby/runtime/ThreadContext;Lorg/jruby/runtime/invokedynamic/MethodNames;Lorg/jruby/runtime/builtin/IRubyObject;)Lorg/jruby/RubyBoolean;
Event: 3,428 Thread 0x00007fcd3c00a800 Uncommon trap: reason=unreached action=reinterpret pc=0x00007fcd391965d0 method=java.util.HashSet.add(Ljava/lang/Object;)Z @ 11
Event: 5,466 Thread 0x00007fcd3c00a800 Uncommon trap: reason=unreached action=reinterpret pc=0x00007fcd390822c8 method=org.jruby.parser.StaticScope.determineModule()Lorg/jruby/RubyModule; @ 4
Event: 5,466 Thread 0x00007fcd3c00a800 Uncommon trap: reason=class_check action=maybe_recompile pc=0x00007fcd391bf1bc method=org.jruby.runtime.callsite.NormalCachingCallSite.methodMissing(Lorg/jruby/internal/runtime/methods/DynamicMethod;Lorg/jruby/runtime/builtin/IRubyObject;)Z @ 25
Event: 5,467 Thread 0x00007fcd3c00a800 Uncommon trap: reason=class_check action=maybe_recompile pc=0x00007fcd391bf1bc method=org.jruby.runtime.callsite.NormalCachingCallSite.methodMissing(Lorg/jruby/internal/runtime/methods/DynamicMethod;Lorg/jruby/runtime/builtin/IRubyObject;)Z @ 25
Event: 5,467 Thread 0x00007fcd3c00a800 Uncommon trap: reason=class_check action=maybe_recompile pc=0x00007fcd391bf1bc method=org.jruby.runtime.callsite.NormalCachingCallSite.methodMissing(Lorg/jruby/internal/runtime/methods/DynamicMethod;Lorg/jruby/runtime/builtin/IRubyObject;)Z @ 25
Event: 5,467 Thread 0x00007fcd3c00a800 Uncommon trap: reason=class_check action=maybe_recompile pc=0x00007fcd391bf1bc method=org.jruby.runtime.callsite.NormalCachingCallSite.methodMissing(Lorg/jruby/internal/runtime/methods/DynamicMethod;Lorg/jruby/runtime/builtin/IRubyObject;)Z @ 25
Event: 5,467 Thread 0x00007fcd3c00a800 Uncommon trap: reason=unreached action=reinterpret pc=0x00007fcd3908208c method=org.jruby.runtime.Block.isGiven()Z @ 4

Internal exceptions (10 events):
Event: 2,967 Thread 0x00007fcd3c430000 Threw 0x00000000f6288830 at /build/buildd/openjdk-7-7u51-2.4.4/build/openjdk/hotspot/src/share/vm/prims/jvm.cpp:1244
Event: 2,968 Thread 0x00007fcd3c430000 Threw 0x00000000f62898d0 at /build/buildd/openjdk-7-7u51-2.4.4/build/openjdk/hotspot/src/share/vm/prims/jvm.cpp:1244
Event: 3,020 Thread 0x00007fcd3c430000 Threw 0x00000000f6497390 at /build/buildd/openjdk-7-7u51-2.4.4/build/openjdk/hotspot/src/share/vm/prims/jvm.cpp:1244
Event: 3,020 Thread 0x00007fcd3c430000 Threw 0x00000000f6498490 at /build/buildd/openjdk-7-7u51-2.4.4/build/openjdk/hotspot/src/share/vm/prims/jvm.cpp:1244
Event: 3,020 Thread 0x00007fcd3c415800 Threw 0x00000000f62f00e8 at /build/buildd/openjdk-7-7u51-2.4.4/build/openjdk/hotspot/src/share/vm/prims/jvm.cpp:1244
Event: 3,022 Thread 0x00007fcd3c415800 Threw 0x00000000f62f11e8 at /build/buildd/openjdk-7-7u51-2.4.4/build/openjdk/hotspot/src/share/vm/prims/jvm.cpp:1244
Event: 3,025 Thread 0x00007fcd3c415800 Threw 0x00000000f6507010 at /build/buildd/openjdk-7-7u51-2.4.4/build/openjdk/hotspot/src/share/vm/prims/jvm.cpp:1244
Event: 3,025 Thread 0x00007fcd3c415800 Threw 0x00000000f65081b8 at /build/buildd/openjdk-7-7u51-2.4.4/build/openjdk/hotspot/src/share/vm/prims/jvm.cpp:1244
Event: 3,182 Thread 0x00007fcd3c430000 Threw 0x00000000f64c42c8 at /build/buildd/openjdk-7-7u51-2.4.4/build/openjdk/hotspot/src/share/vm/prims/jvm.cpp:1244
Event: 3,182 Thread 0x00007fcd3c430000 Threw 0x00000000f64c5568 at /build/buildd/openjdk-7-7u51-2.4.4/build/openjdk/hotspot/src/share/vm/prims/jvm.cpp:1244

Events (10 events):
Event: 5,467 Thread 0x00007fcd3c00a800 DEOPT UNPACKING pc=0x00007fcd39039045 sp=0x00007fcd42fcab58 mode 2
Event: 5,467 Thread 0x00007fcd3c00a800 Uncommon trap: trap_request=0xffffffde fr.pc=0x00007fcd391bf1bc
Event: 5,467 Thread 0x00007fcd3c00a800 DEOPT PACKING pc=0x00007fcd391bf1bc sp=0x00007fcd42fcab90
Event: 5,467 Thread 0x00007fcd3c00a800 DEOPT UNPACKING pc=0x00007fcd39039045 sp=0x00007fcd42fcab58 mode 2
Event: 5,467 Thread 0x00007fcd3c00a800 Uncommon trap: trap_request=0xffffffde fr.pc=0x00007fcd391bf1bc
Event: 5,467 Thread 0x00007fcd3c00a800 DEOPT PACKING pc=0x00007fcd391bf1bc sp=0x00007fcd42fcabf0
Event: 5,467 Thread 0x00007fcd3c00a800 DEOPT UNPACKING pc=0x00007fcd39039045 sp=0x00007fcd42fcabb8 mode 2
Event: 5,467 Thread 0x00007fcd3c00a800 Uncommon trap: trap_request=0xffffffad fr.pc=0x00007fcd3908208c
Event: 5,467 Thread 0x00007fcd3c00a800 DEOPT PACKING pc=0x00007fcd3908208c sp=0x00007fcd42fca9e0
Event: 5,467 Thread 0x00007fcd3c00a800 DEOPT UNPACKING pc=0x00007fcd39039045 sp=0x00007fcd42fca990 mode 2


Dynamic libraries:
00400000-00401000 r-xp 00000000 08:05 12322450                           /usr/lib/jvm/java-7-openjdk-amd64/jre/bin/java
00600000-00601000 r--p 00000000 08:05 12322450                           /usr/lib/jvm/java-7-openjdk-amd64/jre/bin/java
00601000-00602000 rw-p 00001000 08:05 12322450                           /usr/lib/jvm/java-7-openjdk-amd64/jre/bin/java
024a3000-024c4000 rw-p 00000000 00:00 0                                  [heap]
d6600000-d7f00000 rw-p 00000000 00:00 0 
d7f00000-e0c00000 rw-p 00000000 00:00 0 
e0c00000-e3300000 rw-p 00000000 00:00 0 
e3300000-f5900000 rw-p 00000000 00:00 0 
f5900000-100000000 rw-p 00000000 00:00 0 
7fccec000000-7fccec021000 rw-p 00000000 00:00 0 
7fccec021000-7fccf0000000 ---p 00000000 00:00 0 
7fccf0000000-7fccf0021000 rw-p 00000000 00:00 0 
7fccf0021000-7fccf4000000 ---p 00000000 00:00 0 
7fccf4000000-7fccf4021000 rw-p 00000000 00:00 0 
7fccf4021000-7fccf8000000 ---p 00000000 00:00 0 
7fccf8000000-7fccf8021000 rw-p 00000000 00:00 0 
7fccf8021000-7fccfc000000 ---p 00000000 00:00 0 
7fccfc000000-7fccfc021000 rw-p 00000000 00:00 0 
7fccfc021000-7fcd00000000 ---p 00000000 00:00 0 
7fcd00000000-7fcd00027000 rw-p 00000000 00:00 0 
7fcd00027000-7fcd04000000 ---p 00000000 00:00 0 
7fcd04000000-7fcd05b32000 rw-p 00000000 00:00 0 
7fcd05b32000-7fcd08000000 ---p 00000000 00:00 0 
7fcd08000000-7fcd08021000 rw-p 00000000 00:00 0 
7fcd08021000-7fcd0c000000 ---p 00000000 00:00 0 
7fcd0c000000-7fcd0c021000 rw-p 00000000 00:00 0 
7fcd0c021000-7fcd10000000 ---p 00000000 00:00 0 
7fcd10000000-7fcd11d40000 rw-p 00000000 00:00 0 
7fcd11d40000-7fcd14000000 ---p 00000000 00:00 0 
7fcd14000000-7fcd14021000 rw-p 00000000 00:00 0 
7fcd14021000-7fcd18000000 ---p 00000000 00:00 0 
7fcd18000000-7fcd18021000 rw-p 00000000 00:00 0 
7fcd18021000-7fcd1c000000 ---p 00000000 00:00 0 
7fcd1c000000-7fcd1c021000 rw-p 00000000 00:00 0 
7fcd1c021000-7fcd20000000 ---p 00000000 00:00 0 
7fcd20000000-7fcd20021000 rw-p 00000000 00:00 0 
7fcd20021000-7fcd24000000 ---p 00000000 00:00 0 
7fcd24000000-7fcd24021000 rw-p 00000000 00:00 0 
7fcd24021000-7fcd28000000 ---p 00000000 00:00 0 
7fcd2c000000-7fcd2c021000 rw-p 00000000 00:00 0 
7fcd2c021000-7fcd30000000 ---p 00000000 00:00 0 
7fcd30640000-7fcd30642000 r-xp 00000000 08:05 16778162                   /home/luis/practica01/src/lib/libconvex_hull.so
7fcd30642000-7fcd30841000 ---p 00002000 08:05 16778162                   /home/luis/practica01/src/lib/libconvex_hull.so
7fcd30841000-7fcd30842000 r--p 00001000 08:05 16778162                   /home/luis/practica01/src/lib/libconvex_hull.so
7fcd30842000-7fcd30843000 rw-p 00002000 08:05 16778162                   /home/luis/practica01/src/lib/libconvex_hull.so
7fcd30843000-7fcd30845000 r-xp 00000000 08:05 16777925                   /home/luis/practica01/src/lib/libdouble_linked_list.so
7fcd30845000-7fcd30a44000 ---p 00002000 08:05 16777925                   /home/luis/practica01/src/lib/libdouble_linked_list.so
7fcd30a44000-7fcd30a45000 r--p 00001000 08:05 16777925                   /home/luis/practica01/src/lib/libdouble_linked_list.so
7fcd30a45000-7fcd30a46000 rw-p 00002000 08:05 16777925                   /home/luis/practica01/src/lib/libdouble_linked_list.so
7fcd30a46000-7fcd30a47000 r-xp 00000000 08:05 16777919                   /home/luis/practica01/src/lib/lib2d_points.so
7fcd30a47000-7fcd30c46000 ---p 00001000 08:05 16777919                   /home/luis/practica01/src/lib/lib2d_points.so
7fcd30c46000-7fcd30c47000 r--p 00000000 08:05 16777919                   /home/luis/practica01/src/lib/lib2d_points.so
7fcd30c47000-7fcd30c48000 rw-p 00001000 08:05 16777919                   /home/luis/practica01/src/lib/lib2d_points.so
7fcd30c48000-7fcd30c4b000 ---p 00000000 00:00 0 
7fcd30c4b000-7fcd30e49000 rw-p 00000000 00:00 0 
7fcd30e49000-7fcd30e4c000 ---p 00000000 00:00 0 
7fcd30e4c000-7fcd3104a000 rw-p 00000000 00:00 0 
7fcd3104a000-7fcd3104d000 ---p 00000000 00:00 0 
7fcd3104d000-7fcd3124b000 rw-p 00000000 00:00 0                          [stack:4090]
7fcd3124b000-7fcd3124e000 ---p 00000000 00:00 0 
7fcd3124e000-7fcd31284000 rw-p 00000000 00:00 0                          [stack:4023]
7fcd31284000-7fcd31287000 ---p 00000000 00:00 0 
7fcd31287000-7fcd31485000 rw-p 00000000 00:00 0                          [stack:4020]
7fcd31485000-7fcd31497000 r-xp 00000000 08:05 16253453                   /home/luis/.rbenv/versions/jruby-1.7.10/lib/jni/x86_64-Linux/libjffi-1.2.so
7fcd31497000-7fcd31696000 ---p 00012000 08:05 16253453                   /home/luis/.rbenv/versions/jruby-1.7.10/lib/jni/x86_64-Linux/libjffi-1.2.so
7fcd31696000-7fcd31697000 rw-p 00011000 08:05 16253453                   /home/luis/.rbenv/versions/jruby-1.7.10/lib/jni/x86_64-Linux/libjffi-1.2.so
7fcd31697000-7fcd316a7000 r-xp 00000000 08:05 12322344                   /usr/lib/jvm/java-7-openjdk-amd64/jre/lib/amd64/libnio.so
7fcd316a7000-7fcd318a7000 ---p 00010000 08:05 12322344                   /usr/lib/jvm/java-7-openjdk-amd64/jre/lib/amd64/libnio.so
7fcd318a7000-7fcd318a8000 r--p 00010000 08:05 12322344                   /usr/lib/jvm/java-7-openjdk-amd64/jre/lib/amd64/libnio.so
7fcd318a8000-7fcd318a9000 rw-p 00011000 08:05 12322344                   /usr/lib/jvm/java-7-openjdk-amd64/jre/lib/amd64/libnio.so
7fcd318a9000-7fcd318e6000 r-xp 00000000 08:05 9834371                    /lib/x86_64-linux-gnu/libpcre.so.3.13.1
7fcd318e6000-7fcd31ae6000 ---p 0003d000 08:05 9834371                    /lib/x86_64-linux-gnu/libpcre.so.3.13.1
7fcd31ae6000-7fcd31ae7000 r--p 0003d000 08:05 9834371                    /lib/x86_64-linux-gnu/libpcre.so.3.13.1
7fcd31ae7000-7fcd31ae8000 rw-p 0003e000 08:05 9834371                    /lib/x86_64-linux-gnu/libpcre.so.3.13.1
7fcd31ae8000-7fcd31aef000 r-xp 00000000 08:05 12196946                   /usr/lib/x86_64-linux-gnu/libffi.so.6.0.1
7fcd31aef000-7fcd31cee000 ---p 00007000 08:05 12196946                   /usr/lib/x86_64-linux-gnu/libffi.so.6.0.1
7fcd31cee000-7fcd31cef000 r--p 00006000 08:05 12196946                   /usr/lib/x86_64-linux-gnu/libffi.so.6.0.1
7fcd31cef000-7fcd31cf0000 rw-p 00007000 08:05 12196946                   /usr/lib/x86_64-linux-gnu/libffi.so.6.0.1
7fcd31cf0000-7fcd31d06000 r-xp 00000000 08:05 9834394                    /lib/x86_64-linux-gnu/libresolv-2.17.so
7fcd31d06000-7fcd31f06000 ---p 00016000 08:05 9834394                    /lib/x86_64-linux-gnu/libresolv-2.17.so
7fcd31f06000-7fcd31f07000 r--p 00016000 08:05 9834394                    /lib/x86_64-linux-gnu/libresolv-2.17.so
7fcd31f07000-7fcd31f08000 rw-p 00017000 08:05 9834394                    /lib/x86_64-linux-gnu/libresolv-2.17.so
7fcd31f08000-7fcd31f0a000 rw-p 00000000 00:00 0 
7fcd31f0a000-7fcd31f29000 r-xp 00000000 08:05 9834398                    /lib/x86_64-linux-gnu/libselinux.so.1
7fcd31f29000-7fcd32129000 ---p 0001f000 08:05 9834398                    /lib/x86_64-linux-gnu/libselinux.so.1
7fcd32129000-7fcd3212a000 r--p 0001f000 08:05 9834398                    /lib/x86_64-linux-gnu/libselinux.so.1
7fcd3212a000-7fcd3212b000 rw-p 00020000 08:05 9834398                    /lib/x86_64-linux-gnu/libselinux.so.1
7fcd3212b000-7fcd3212c000 rw-p 00000000 00:00 0 
7fcd3212c000-7fcd3212f000 r-xp 00000000 08:05 12190134                   /usr/lib/x86_64-linux-gnu/libgmodule-2.0.so.0.3800.1
7fcd3212f000-7fcd3232e000 ---p 00003000 08:05 12190134                   /usr/lib/x86_64-linux-gnu/libgmodule-2.0.so.0.3800.1
7fcd3232e000-7fcd3232f000 r--p 00002000 08:05 12190134                   /usr/lib/x86_64-linux-gnu/libgmodule-2.0.so.0.3800.1
7fcd3232f000-7fcd32330000 rw-p 00003000 08:05 12190134                   /usr/lib/x86_64-linux-gnu/libgmodule-2.0.so.0.3800.1
7fcd32330000-7fcd3242e000 r-xp 00000000 08:05 9834386                    /lib/x86_64-linux-gnu/libglib-2.0.so.0.3800.1
7fcd3242e000-7fcd3262e000 ---p 000fe000 08:05 9834386                    /lib/x86_64-linux-gnu/libglib-2.0.so.0.3800.1
7fcd3262e000-7fcd3262f000 r--p 000fe000 08:05 9834386                    /lib/x86_64-linux-gnu/libglib-2.0.so.0.3800.1
7fcd3262f000-7fcd32630000 rw-p 000ff000 08:05 9834386                    /lib/x86_64-linux-gnu/libglib-2.0.so.0.3800.1
7fcd32630000-7fcd32631000 rw-p 00000000 00:00 0 
7fcd32631000-7fcd32680000 r-xp 00000000 08:05 12190125                   /usr/lib/x86_64-linux-gnu/libgobject-2.0.so.0.3800.1
7fcd32680000-7fcd32880000 ---p 0004f000 08:05 12190125                   /usr/lib/x86_64-linux-gnu/libgobject-2.0.so.0.3800.1
7fcd32880000-7fcd32881000 r--p 0004f000 08:05 12190125                   /usr/lib/x86_64-linux-gnu/libgobject-2.0.so.0.3800.1
7fcd32881000-7fcd32882000 rw-p 00050000 08:05 12190125                   /usr/lib/x86_64-linux-gnu/libgobject-2.0.so.0.3800.1
7fcd32882000-7fcd329de000 r-xp 00000000 08:05 12190099                   /usr/lib/x86_64-linux-gnu/libgio-2.0.so.0.3800.1
7fcd329de000-7fcd32bdd000 ---p 0015c000 08:05 12190099                   /usr/lib/x86_64-linux-gnu/libgio-2.0.so.0.3800.1
7fcd32bdd000-7fcd32be1000 r--p 0015b000 08:05 12190099                   /usr/lib/x86_64-linux-gnu/libgio-2.0.so.0.3800.1
7fcd32be1000-7fcd32be3000 rw-p 0015f000 08:05 12190099                   /usr/lib/x86_64-linux-gnu/libgio-2.0.so.0.3800.1
7fcd32be3000-7fcd32be5000 rw-p 00000000 00:00 0 
7fcd32be5000-7fcd32bfb000 r-xp 00000000 08:05 12322132                   /usr/lib/jvm/java-7-openjdk-amd64/jre/lib/amd64/libnet.so
7fcd32bfb000-7fcd32dfa000 ---p 00016000 08:05 12322132                   /usr/lib/jvm/java-7-openjdk-amd64/jre/lib/amd64/libnet.so
7fcd32dfa000-7fcd32dfb000 r--p 00015000 08:05 12322132                   /usr/lib/jvm/java-7-openjdk-amd64/jre/lib/amd64/libnet.so
7fcd32dfb000-7fcd32dfc000 rw-p 00016000 08:05 12322132                   /usr/lib/jvm/java-7-openjdk-amd64/jre/lib/amd64/libnet.so
7fcd32dfc000-7fcd32dfd000 ---p 00000000 00:00 0 
7fcd32dfd000-7fcd32efd000 rw-p 00000000 00:00 0                          [stack:4019]
7fcd32efd000-7fcd32f00000 ---p 00000000 00:00 0 
7fcd32f00000-7fcd330fe000 rw-p 00000000 00:00 0                          [stack:4018]
7fcd330fe000-7fcd33101000 ---p 00000000 00:00 0 
7fcd33101000-7fcd331ff000 rw-p 00000000 00:00 0                          [stack:4017]
7fcd331ff000-7fcd33202000 ---p 00000000 00:00 0 
7fcd33202000-7fcd33300000 rw-p 00000000 00:00 0                          [stack:4016]
7fcd33300000-7fcd33303000 ---p 00000000 00:00 0 
7fcd33303000-7fcd33501000 rw-p 00000000 00:00 0                          [stack:4015]
7fcd33501000-7fcd338fb000 r--p 00000000 08:05 12195384                   /usr/lib/locale/locale-archive
7fcd338fb000-7fcd338fe000 ---p 00000000 00:00 0 
7fcd338fe000-7fcd33afc000 rw-p 00000000 00:00 0                          [stack:4014]
7fcd33afc000-7fcd33aff000 ---p 00000000 00:00 0 
7fcd33aff000-7fcd33cfd000 rw-p 00000000 00:00 0                          [stack:4013]
7fcd33cfd000-7fcd33cfe000 ---p 00000000 00:00 0 
7fcd33cfe000-7fcd34000000 rw-p 00000000 00:00 0                          [stack:4012]
7fcd34000000-7fcd34021000 rw-p 00000000 00:00 0 
7fcd34021000-7fcd38000000 ---p 00000000 00:00 0 
7fcd3801a000-7fcd38d69000 rw-p 00000000 00:00 0 
7fcd38d69000-7fcd38e52000 r--s 00bb9000 08:05 16253440                   /home/luis/.rbenv/versions/jruby-1.7.10/lib/jruby.jar
7fcd38e52000-7fcd39000000 r--s 01cf4000 08:05 12322430                   /usr/lib/jvm/java-7-openjdk-amd64/jre/lib/rt.jar
7fcd39000000-7fcd39280000 rwxp 00000000 00:00 0 
7fcd39280000-7fcd3c466000 rw-p 00000000 00:00 0 
7fcd3c466000-7fcd40000000 ---p 00000000 00:00 0 
7fcd40005000-7fcd417ef000 rw-p 00000000 00:00 0 
7fcd417ef000-7fcd417f0000 ---p 00000000 00:00 0 
7fcd417f0000-7fcd418f0000 rw-p 00000000 00:00 0                          [stack:4011]
7fcd418f0000-7fcd418f1000 ---p 00000000 00:00 0 
7fcd418f1000-7fcd419f1000 rw-p 00000000 00:00 0                          [stack:4010]
7fcd419f1000-7fcd419f2000 ---p 00000000 00:00 0 
7fcd419f2000-7fcd41af2000 rw-p 00000000 00:00 0                          [stack:4009]
7fcd41af2000-7fcd41af3000 ---p 00000000 00:00 0 
7fcd41af3000-7fcd41c00000 rw-p 00000000 00:00 0                          [stack:4008]
7fcd41c00000-7fcd41c46000 rw-p 00000000 00:00 0 
7fcd41c46000-7fcd41c5a000 rw-p 00000000 00:00 0 
7fcd41c5a000-7fcd41cec000 rw-p 00000000 00:00 0 
7fcd41cec000-7fcd41d40000 rw-p 00000000 00:00 0 
7fcd41d40000-7fcd41d41000 rw-p 00000000 00:00 0 
7fcd41d41000-7fcd41d49000 r-xp 00000000 08:05 12322081                   /usr/lib/jvm/java-7-openjdk-amd64/jre/lib/amd64/libzip.so
7fcd41d49000-7fcd41f48000 ---p 00008000 08:05 12322081                   /usr/lib/jvm/java-7-openjdk-amd64/jre/lib/amd64/libzip.so
7fcd41f48000-7fcd41f49000 r--p 00007000 08:05 12322081                   /usr/lib/jvm/java-7-openjdk-amd64/jre/lib/amd64/libzip.so
7fcd41f49000-7fcd41f4a000 rw-p 00008000 08:05 12322081                   /usr/lib/jvm/java-7-openjdk-amd64/jre/lib/amd64/libzip.so
7fcd41f4a000-7fcd41f56000 r-xp 00000000 08:05 9834349                    /lib/x86_64-linux-gnu/libnss_files-2.17.so
7fcd41f56000-7fcd42155000 ---p 0000c000 08:05 9834349                    /lib/x86_64-linux-gnu/libnss_files-2.17.so
7fcd42155000-7fcd42156000 r--p 0000b000 08:05 9834349                    /lib/x86_64-linux-gnu/libnss_files-2.17.so
7fcd42156000-7fcd42157000 rw-p 0000c000 08:05 9834349                    /lib/x86_64-linux-gnu/libnss_files-2.17.so
7fcd42157000-7fcd42162000 r-xp 00000000 08:05 9834353                    /lib/x86_64-linux-gnu/libnss_nis-2.17.so
7fcd42162000-7fcd42361000 ---p 0000b000 08:05 9834353                    /lib/x86_64-linux-gnu/libnss_nis-2.17.so
7fcd42361000-7fcd42362000 r--p 0000a000 08:05 9834353                    /lib/x86_64-linux-gnu/libnss_nis-2.17.so
7fcd42362000-7fcd42363000 rw-p 0000b000 08:05 9834353                    /lib/x86_64-linux-gnu/libnss_nis-2.17.so
7fcd42363000-7fcd4237a000 r-xp 00000000 08:05 9834343                    /lib/x86_64-linux-gnu/libnsl-2.17.so
7fcd4237a000-7fcd42579000 ---p 00017000 08:05 9834343                    /lib/x86_64-linux-gnu/libnsl-2.17.so
7fcd42579000-7fcd4257a000 r--p 00016000 08:05 9834343                    /lib/x86_64-linux-gnu/libnsl-2.17.so
7fcd4257a000-7fcd4257b000 rw-p 00017000 08:05 9834343                    /lib/x86_64-linux-gnu/libnsl-2.17.so
7fcd4257b000-7fcd4257d000 rw-p 00000000 00:00 0 
7fcd4257d000-7fcd42585000 r-xp 00000000 08:05 9834345                    /lib/x86_64-linux-gnu/libnss_compat-2.17.so
7fcd42585000-7fcd42784000 ---p 00008000 08:05 9834345                    /lib/x86_64-linux-gnu/libnss_compat-2.17.so
7fcd42784000-7fcd42785000 r--p 00007000 08:05 9834345                    /lib/x86_64-linux-gnu/libnss_compat-2.17.so
7fcd42785000-7fcd42786000 rw-p 00008000 08:05 9834345                    /lib/x86_64-linux-gnu/libnss_compat-2.17.so
7fcd42786000-7fcd427b1000 r-xp 00000000 08:05 12322007                   /usr/lib/jvm/java-7-openjdk-amd64/jre/lib/amd64/libjava.so
7fcd427b1000-7fcd429b0000 ---p 0002b000 08:05 12322007                   /usr/lib/jvm/java-7-openjdk-amd64/jre/lib/amd64/libjava.so
7fcd429b0000-7fcd429b1000 r--p 0002a000 08:05 12322007                   /usr/lib/jvm/java-7-openjdk-amd64/jre/lib/amd64/libjava.so
7fcd429b1000-7fcd429b3000 rw-p 0002b000 08:05 12322007                   /usr/lib/jvm/java-7-openjdk-amd64/jre/lib/amd64/libjava.so
7fcd429b3000-7fcd429c3000 r-xp 00000000 08:05 12322321                   /usr/lib/jvm/java-7-openjdk-amd64/jre/lib/amd64/libverify.so
7fcd429c3000-7fcd42bc2000 ---p 00010000 08:05 12322321                   /usr/lib/jvm/java-7-openjdk-amd64/jre/lib/amd64/libverify.so
7fcd42bc2000-7fcd42bc4000 r--p 0000f000 08:05 12322321                   /usr/lib/jvm/java-7-openjdk-amd64/jre/lib/amd64/libverify.so
7fcd42bc4000-7fcd42bc5000 rw-p 00011000 08:05 12322321                   /usr/lib/jvm/java-7-openjdk-amd64/jre/lib/amd64/libverify.so
7fcd42bc5000-7fcd42bcc000 r-xp 00000000 08:05 9834396                    /lib/x86_64-linux-gnu/librt-2.17.so
7fcd42bcc000-7fcd42dcb000 ---p 00007000 08:05 9834396                    /lib/x86_64-linux-gnu/librt-2.17.so
7fcd42dcb000-7fcd42dcc000 r--p 00006000 08:05 9834396                    /lib/x86_64-linux-gnu/librt-2.17.so
7fcd42dcc000-7fcd42dcd000 rw-p 00007000 08:05 9834396                    /lib/x86_64-linux-gnu/librt-2.17.so
7fcd42dcd000-7fcd42dd0000 ---p 00000000 00:00 0 
7fcd42dd0000-7fcd42fce000 rw-p 00000000 00:00 0                          [stack:4007]
7fcd42fce000-7fcd42fe3000 r-xp 00000000 08:05 9830413                    /lib/x86_64-linux-gnu/libgcc_s.so.1
7fcd42fe3000-7fcd431e2000 ---p 00015000 08:05 9830413                    /lib/x86_64-linux-gnu/libgcc_s.so.1
7fcd431e2000-7fcd431e3000 r--p 00014000 08:05 9830413                    /lib/x86_64-linux-gnu/libgcc_s.so.1
7fcd431e3000-7fcd431e4000 rw-p 00015000 08:05 9830413                    /lib/x86_64-linux-gnu/libgcc_s.so.1
7fcd431e4000-7fcd432e7000 r-xp 00000000 08:05 9834324                    /lib/x86_64-linux-gnu/libm-2.17.so
7fcd432e7000-7fcd434e6000 ---p 00103000 08:05 9834324                    /lib/x86_64-linux-gnu/libm-2.17.so
7fcd434e6000-7fcd434e7000 r--p 00102000 08:05 9834324                    /lib/x86_64-linux-gnu/libm-2.17.so
7fcd434e7000-7fcd434e8000 rw-p 00103000 08:05 9834324                    /lib/x86_64-linux-gnu/libm-2.17.so
7fcd434e8000-7fcd435ce000 r-xp 00000000 08:05 12190887                   /usr/lib/x86_64-linux-gnu/libstdc++.so.6.0.18
7fcd435ce000-7fcd437cd000 ---p 000e6000 08:05 12190887                   /usr/lib/x86_64-linux-gnu/libstdc++.so.6.0.18
7fcd437cd000-7fcd437d5000 r--p 000e5000 08:05 12190887                   /usr/lib/x86_64-linux-gnu/libstdc++.so.6.0.18
7fcd437d5000-7fcd437d7000 rw-p 000ed000 08:05 12190887                   /usr/lib/x86_64-linux-gnu/libstdc++.so.6.0.18
7fcd437d7000-7fcd437ec000 rw-p 00000000 00:00 0 
7fcd437ec000-7fcd442cb000 r-xp 00000000 08:05 12322340                   /usr/lib/jvm/java-7-openjdk-amd64/jre/lib/amd64/server/libjvm.so
7fcd442cb000-7fcd444ca000 ---p 00adf000 08:05 12322340                   /usr/lib/jvm/java-7-openjdk-amd64/jre/lib/amd64/server/libjvm.so
7fcd444ca000-7fcd4455c000 r--p 00ade000 08:05 12322340                   /usr/lib/jvm/java-7-openjdk-amd64/jre/lib/amd64/server/libjvm.so
7fcd4455c000-7fcd4457f000 rw-p 00b70000 08:05 12322340                   /usr/lib/jvm/java-7-openjdk-amd64/jre/lib/amd64/server/libjvm.so
7fcd4457f000-7fcd445ac000 rw-p 00000000 00:00 0 
7fcd445ac000-7fcd445c4000 r-xp 00000000 08:05 9834431                    /lib/x86_64-linux-gnu/libz.so.1.2.8
7fcd445c4000-7fcd447c3000 ---p 00018000 08:05 9834431                    /lib/x86_64-linux-gnu/libz.so.1.2.8
7fcd447c3000-7fcd447c4000 r--p 00017000 08:05 9834431                    /lib/x86_64-linux-gnu/libz.so.1.2.8
7fcd447c4000-7fcd447c5000 rw-p 00018000 08:05 9834431                    /lib/x86_64-linux-gnu/libz.so.1.2.8
7fcd447c5000-7fcd447dc000 r-xp 00000000 08:05 9834388                    /lib/x86_64-linux-gnu/libpthread-2.17.so
7fcd447dc000-7fcd449dc000 ---p 00017000 08:05 9834388                    /lib/x86_64-linux-gnu/libpthread-2.17.so
7fcd449dc000-7fcd449dd000 r--p 00017000 08:05 9834388                    /lib/x86_64-linux-gnu/libpthread-2.17.so
7fcd449dd000-7fcd449de000 rw-p 00018000 08:05 9834388                    /lib/x86_64-linux-gnu/libpthread-2.17.so
7fcd449de000-7fcd449e2000 rw-p 00000000 00:00 0 
7fcd449e2000-7fcd449e5000 r-xp 00000000 08:05 9834288                    /lib/x86_64-linux-gnu/libdl-2.17.so
7fcd449e5000-7fcd44be4000 ---p 00003000 08:05 9834288                    /lib/x86_64-linux-gnu/libdl-2.17.so
7fcd44be4000-7fcd44be5000 r--p 00002000 08:05 9834288                    /lib/x86_64-linux-gnu/libdl-2.17.so
7fcd44be5000-7fcd44be6000 rw-p 00003000 08:05 9834288                    /lib/x86_64-linux-gnu/libdl-2.17.so
7fcd44be6000-7fcd44da3000 r-xp 00000000 08:05 9834273                    /lib/x86_64-linux-gnu/libc-2.17.so
7fcd44da3000-7fcd44fa3000 ---p 001bd000 08:05 9834273                    /lib/x86_64-linux-gnu/libc-2.17.so
7fcd44fa3000-7fcd44fa7000 r--p 001bd000 08:05 9834273                    /lib/x86_64-linux-gnu/libc-2.17.so
7fcd44fa7000-7fcd44fa9000 rw-p 001c1000 08:05 9834273                    /lib/x86_64-linux-gnu/libc-2.17.so
7fcd44fa9000-7fcd44fae000 rw-p 00000000 00:00 0 
7fcd44fae000-7fcd44fbb000 r-xp 00000000 08:05 12322347                   /usr/lib/jvm/java-7-openjdk-amd64/jre/lib/amd64/jli/libjli.so
7fcd44fbb000-7fcd451ba000 ---p 0000d000 08:05 12322347                   /usr/lib/jvm/java-7-openjdk-amd64/jre/lib/amd64/jli/libjli.so
7fcd451ba000-7fcd451bb000 r--p 0000c000 08:05 12322347                   /usr/lib/jvm/java-7-openjdk-amd64/jre/lib/amd64/jli/libjli.so
7fcd451bb000-7fcd451bc000 rw-p 0000d000 08:05 12322347                   /usr/lib/jvm/java-7-openjdk-amd64/jre/lib/amd64/jli/libjli.so
7fcd451bc000-7fcd451df000 r-xp 00000000 08:05 9834249                    /lib/x86_64-linux-gnu/ld-2.17.so
7fcd451e4000-7fcd451e5000 rw-p 00000000 00:00 0 
7fcd451e5000-7fcd451e6000 r-xp 00000000 00:00 0 
7fcd451e6000-7fcd451ed000 r--s 00000000 08:05 12588976                   /usr/lib/x86_64-linux-gnu/gconv/gconv-modules.cache
7fcd451ed000-7fcd451f2000 r--s 0004c000 08:05 12322352                   /usr/lib/jvm/java-7-openjdk-amd64/jre/lib/jsse.jar
7fcd451f2000-7fcd451f5000 r--s 00032000 08:05 12322366                   /usr/lib/jvm/java-7-openjdk-amd64/jre/lib/ext/sunjce_provider.jar
7fcd451f5000-7fcd451f8000 r--s 0000f000 08:05 12322362                   /usr/lib/jvm/java-7-openjdk-amd64/jre/lib/ext/pulse-java.jar
7fcd451f8000-7fcd45213000 rw-p 00000000 00:00 0 
7fcd45213000-7fcd45259000 rw-p 00000000 00:00 0 
7fcd45259000-7fcd4526d000 rw-p 00000000 00:00 0 
7fcd4526d000-7fcd45300000 rw-p 00000000 00:00 0 
7fcd45300000-7fcd4530a000 rw-p 00000000 00:00 0 
7fcd4530a000-7fcd453c0000 rw-p 00000000 00:00 0 
7fcd453c0000-7fcd453c5000 rw-p 00000000 00:00 0 
7fcd453c5000-7fcd453c7000 r--s 00006000 08:05 12717881                   /usr/share/java/java-atk-wrapper.jar
7fcd453c7000-7fcd453cb000 r--s 00085000 08:05 12322360                   /usr/lib/jvm/java-7-openjdk-amd64/jre/lib/ext/localedata.jar
7fcd453cb000-7fcd453cf000 r--s 0003b000 08:05 12322372                   /usr/lib/jvm/java-7-openjdk-amd64/jre/lib/ext/sunpkcs11.jar
7fcd453cf000-7fcd453d0000 r--s 00002000 08:05 12322370                   /usr/lib/jvm/java-7-openjdk-amd64/jre/lib/ext/dnsns.jar
7fcd453d0000-7fcd453d2000 r--s 00012000 08:05 12322364                   /usr/lib/jvm/java-7-openjdk-amd64/jre/lib/ext/zipfs.jar
7fcd453d2000-7fcd453da000 rw-s 00000000 08:05 7340078                    /tmp/hsperfdata_luis/3982
7fcd453da000-7fcd453db000 rw-p 00000000 00:00 0 
7fcd453db000-7fcd453dc000 r--p 00000000 00:00 0 
7fcd453dc000-7fcd453de000 rw-p 00000000 00:00 0 
7fcd453de000-7fcd453df000 r--p 00022000 08:05 9834249                    /lib/x86_64-linux-gnu/ld-2.17.so
7fcd453df000-7fcd453e1000 rw-p 00023000 08:05 9834249                    /lib/x86_64-linux-gnu/ld-2.17.so
7fffa49b9000-7fffa49da000 rw-p 00000000 00:00 0                          [stack]
7fffa49fe000-7fffa4a00000 r-xp 00000000 00:00 0                          [vdso]
ffffffffff600000-ffffffffff601000 r-xp 00000000 00:00 0                  [vsyscall]

VM Arguments:
jvm_args: -Djdk.home= -Djruby.home=/home/luis/.rbenv/versions/jruby-1.7.10 -Djruby.script=jruby -Djruby.shell=/bin/sh -Djffi.boot.library.path=/home/luis/.rbenv/versions/jruby-1.7.10/lib/jni:/home/luis/.rbenv/versions/jruby-1.7.10/lib/jni/arm-Linux:/home/luis/.rbenv/versions/jruby-1.7.10/lib/jni/x86_64-Linux:/home/luis/.rbenv/versions/jruby-1.7.10/lib/jni/i386-Linux -Xmx500m -Xss2048k -Xbootclasspath/a:/home/luis/.rbenv/versions/jruby-1.7.10/lib/jruby.jar 
java_command: org/jruby/Main Makefile.rb clean compile test
Launcher Type: SUN_STANDARD

Environment Variables:
PATH=/home/luis/.rbenv/versions/jruby-1.7.10/bin:/home/luis/.rbenv/libexec:/home/luis/.rbenv/plugins/ruby-build/bin:/home/luis/.rbenv/shims:~/.rbenv/bin:~/.rbenv/bin:/usr/local/sbin:/usr/local/bin:/usr/sbin:/usr/bin:/sbin:/bin:/usr/games:/usr/local/games
USERNAME=luis
SHELL=/bin/bash
DISPLAY=:0

Signal Handlers:
SIGSEGV: [libjvm.so+0x916ea0], sa_mask[0]=0x7ffbfeff, sa_flags=0x10000004
SIGBUS: [libjvm.so+0x916ea0], sa_mask[0]=0x7ffbfeff, sa_flags=0x10000004
SIGFPE: [libjvm.so+0x794800], sa_mask[0]=0x7ffbfeff, sa_flags=0x10000004
SIGPIPE: [libjvm.so+0x794800], sa_mask[0]=0x7ffbfeff, sa_flags=0x10000004
SIGXFSZ: [libjvm.so+0x794800], sa_mask[0]=0x7ffbfeff, sa_flags=0x10000004
SIGILL: [libjvm.so+0x794800], sa_mask[0]=0x7ffbfeff, sa_flags=0x10000004
SIGUSR1: SIG_DFL, sa_mask[0]=0x00000000, sa_flags=0x00000000
SIGUSR2: [libjvm.so+0x7946a0], sa_mask[0]=0x00000000, sa_flags=0x10000004
SIGHUP: [libjvm.so+0x794880], sa_mask[0]=0x7ffbfeff, sa_flags=0x10000004
SIGINT: [libjvm.so+0x794880], sa_mask[0]=0x7ffbfeff, sa_flags=0x10000004
SIGTERM: [libjvm.so+0x794880], sa_mask[0]=0x7ffbfeff, sa_flags=0x10000004
SIGQUIT: [libjvm.so+0x794880], sa_mask[0]=0x7ffbfeff, sa_flags=0x10000004


---------------  S Y S T E M  ---------------

OS:LinuxMint 16 (petra)
uname:Linux 3.11.0-12-generic #19-Ubuntu SMP Wed Oct 9 16:20:46 UTC 2013 x86_64
libc:glibc 2.17 NPTL 2.17 
rlimit: STACK 8192k, CORE 0k, NPROC 29806, NOFILE 4096, AS infinity
load average:0,35 0,20 0,15

/proc/meminfo:
MemTotal:        3844532 kB
MemFree:         2721908 kB
Buffers:           53616 kB
Cached:           512272 kB
SwapCached:            0 kB
Active:           613144 kB
Inactive:         402000 kB
Active(anon):     450168 kB
Inactive(anon):   111060 kB
Active(file):     162976 kB
Inactive(file):   290940 kB
Unevictable:           0 kB
Mlocked:               0 kB
SwapTotal:       3987452 kB
SwapFree:        3987452 kB
Dirty:               264 kB
Writeback:             0 kB
AnonPages:        449288 kB
Mapped:            85744 kB
Shmem:            111972 kB
Slab:              47036 kB
SReclaimable:      27216 kB
SUnreclaim:        19820 kB
KernelStack:        2704 kB
PageTables:        14768 kB
NFS_Unstable:          0 kB
Bounce:                0 kB
WritebackTmp:          0 kB
CommitLimit:     5909716 kB
Committed_AS:    1600580 kB
VmallocTotal:   34359738367 kB
VmallocUsed:      348004 kB
VmallocChunk:   34359386120 kB
HardwareCorrupted:     0 kB
AnonHugePages:         0 kB
HugePages_Total:       0
HugePages_Free:        0
HugePages_Rsvd:        0
HugePages_Surp:        0
Hugepagesize:       2048 kB
DirectMap4k:       58612 kB
DirectMap2M:     3930112 kB


CPU:total 4 (2 cores per cpu, 2 threads per core) family 6 model 37 stepping 5, cmov, cx8, fxsr, mmx, sse, sse2, sse3, ssse3, sse4.1, sse4.2, popcnt, ht, tsc, tscinvbit

/proc/cpuinfo:
processor	: 0
vendor_id	: GenuineIntel
cpu family	: 6
model		: 37
model name	: Intel(R) Core(TM) i5 CPU       M 460  @ 2.53GHz
stepping	: 5
microcode	: 0x2
cpu MHz		: 1199.000
cache size	: 3072 KB
physical id	: 0
siblings	: 4
core id		: 0
cpu cores	: 2
apicid		: 0
initial apicid	: 0
fpu		: yes
fpu_exception	: yes
cpuid level	: 11
wp		: yes
flags		: fpu vme de pse tsc msr pae mce cx8 apic sep mtrr pge mca cmov pat pse36 clflush dts acpi mmx fxsr sse sse2 ss ht tm pbe syscall nx rdtscp lm constant_tsc arch_perfmon pebs bts rep_good nopl xtopology nonstop_tsc aperfmperf pni dtes64 monitor ds_cpl vmx est tm2 ssse3 cx16 xtpr pdcm pcid sse4_1 sse4_2 popcnt lahf_lm ida arat dtherm tpr_shadow vnmi flexpriority ept vpid
bogomips	: 5066.78
clflush size	: 64
cache_alignment	: 64
address sizes	: 36 bits physical, 48 bits virtual
power management:

processor	: 1
vendor_id	: GenuineIntel
cpu family	: 6
model		: 37
model name	: Intel(R) Core(TM) i5 CPU       M 460  @ 2.53GHz
stepping	: 5
microcode	: 0x2
cpu MHz		: 1199.000
cache size	: 3072 KB
physical id	: 0
siblings	: 4
core id		: 0
cpu cores	: 2
apicid		: 1
initial apicid	: 1
fpu		: yes
fpu_exception	: yes
cpuid level	: 11
wp		: yes
flags		: fpu vme de pse tsc msr pae mce cx8 apic sep mtrr pge mca cmov pat pse36 clflush dts acpi mmx fxsr sse sse2 ss ht tm pbe syscall nx rdtscp lm constant_tsc arch_perfmon pebs bts rep_good nopl xtopology nonstop_tsc aperfmperf pni dtes64 monitor ds_cpl vmx est tm2 ssse3 cx16 xtpr pdcm pcid sse4_1 sse4_2 popcnt lahf_lm ida arat dtherm tpr_shadow vnmi flexpriority ept vpid
bogomips	: 5066.78
clflush size	: 64
cache_alignment	: 64
address sizes	: 36 bits physical, 48 bits virtual
power management:

processor	: 2
vendor_id	: GenuineIntel
cpu family	: 6
model		: 37
model name	: Intel(R) Core(TM) i5 CPU       M 460  @ 2.53GHz
stepping	: 5
microcode	: 0x2
cpu MHz		: 2534.000
cache size	: 3072 KB
physical id	: 0
siblings	: 4
core id		: 2
cpu cores	: 2
apicid		: 4
initial apicid	: 4
fpu		: yes
fpu_exception	: yes
cpuid level	: 11
wp		: yes
flags		: fpu vme de pse tsc msr pae mce cx8 apic sep mtrr pge mca cmov pat pse36 clflush dts acpi mmx fxsr sse sse2 ss ht tm pbe syscall nx rdtscp lm constant_tsc arch_perfmon pebs bts rep_good nopl xtopology nonstop_tsc aperfmperf pni dtes64 monitor ds_cpl vmx est tm2 ssse3 cx16 xtpr pdcm pcid sse4_1 sse4_2 popcnt lahf_lm ida arat dtherm tpr_shadow vnmi flexpriority ept vpid
bogomips	: 5066.78
clflush size	: 64
cache_alignment	: 64
address sizes	: 36 bits physical, 48 bits virtual
power management:

processor	: 3
vendor_id	: GenuineIntel
cpu family	: 6
model		: 37
model name	: Intel(R) Core(TM) i5 CPU       M 460  @ 2.53GHz
stepping	: 5
microcode	: 0x2
cpu MHz		: 1199.000
cache size	: 3072 KB
physical id	: 0
siblings	: 4
core id		: 2
cpu cores	: 2
apicid		: 5
initial apicid	: 5
fpu		: yes
fpu_exception	: yes
cpuid level	: 11
wp		: yes
flags		: fpu vme de pse tsc msr pae mce cx8 apic sep mtrr pge mca cmov pat pse36 clflush dts acpi mmx fxsr sse sse2 ss ht tm pbe syscall nx rdtscp lm constant_tsc arch_perfmon pebs bts rep_good nopl xtopology nonstop_tsc aperfmperf pni dtes64 monitor ds_cpl vmx est tm2 ssse3 cx16 xtpr pdcm pcid sse4_1 sse4_2 popcnt lahf_lm ida arat dtherm tpr_shadow vnmi flexpriority ept vpid
bogomips	: 5066.78
clflush size	: 64
cache_alignment	: 64
address sizes	: 36 bits physical, 48 bits virtual
power management:



Memory: 4k page, physical 3844532k(2721908k free), swap 3987452k(3987452k free)

vm_info: OpenJDK 64-Bit Server VM (24.45-b08) for linux-amd64 JRE (1.7.0_51-b00), built on Jan 15 2014 22:02:57 by "buildd" with gcc 4.8.1

time: Mon Apr  7 10:43:59 2014
elapsed time: 5 seconds

