#
# A fatal error has been detected by the Java Runtime Environment:
#
#  SIGSEGV (0xb) at pc=0x00007fa1b3dfddf4, pid=9301, tid=140333805848320
#
# JRE version: OpenJDK Runtime Environment (7.0_51) (build 1.7.0_51-b00)
# Java VM: OpenJDK 64-Bit Server VM (24.45-b08 mixed mode linux-amd64 compressed oops)
# Problematic frame:
# C  [libconvex_hull.so+0xdf4]  puente_superior+0xdd
#
# Failed to write core dump. Core dumps have been disabled. To enable core dumping, try "ulimit -c unlimited" before starting Java again
#
# If you would like to submit a bug report, please include
# instructions on how to reproduce the bug and visit:
#   http://icedtea.classpath.org/bugzilla
# The crash happened outside the Java Virtual Machine in native code.
# See problematic frame for where to report the bug.
#

---------------  T H R E A D  ---------------

Current thread (0x00007fa1fc00a800):  JavaThread "main" [_thread_in_native, id=9326, stack(0x00007fa20285c000,0x00007fa202a5d000)]

siginfo:si_signo=SIGSEGV: si_errno=0, si_code=1 (SEGV_MAPERR), si_addr=0x0000000000000000

Registers:
RAX=0x0000000000000000, RBX=0x00000000d79ca7a0, RCX=0x0000000000001295, RDX=0x0000000001011638
RSP=0x00007fa202a59a40, RBP=0x00007fa202a59a80, RSI=0x00000000fffffdce, RDI=0x00007fa1fc495e80
R8 =0x00007fa1fc495f30, R9 =0x00007fa2046c3134, R10=0x0000000000000000, R11=0x0000000000000000
R12=0x0000000000000000, R13=0x00000000d79ca7a0, R14=0x00007fa202a59d30, R15=0x00007fa1fc00a800
RIP=0x00007fa1b3dfddf4, EFLAGS=0x0000000000010297, CSGSFS=0x0000000000000033, ERR=0x0000000000000004
  TRAPNO=0x000000000000000e

Top of Stack: (sp=0x00007fa202a59a40)
0x00007fa202a59a40:   00007fa1fc495e80 00007fa1fc495fa0
0x00007fa202a59a50:   0000000300000002 0000000000000001
0x00007fa202a59a60:   00007fa1fc495f00 00007fa1fc495f60
0x00007fa202a59a70:   00007fa1fc495f80 00007fa1fc495f60
0x00007fa202a59a80:   00007fa202a59b70 00007fa1b3dfe024
0x00007fa202a59a90:   00007fa1fc495e80 00007fa1fc495fa0
0x00007fa202a59aa0:   000000000000090d 00007fa100000000
0x00007fa202a59ab0:   00007fa1fc495e50 00007fa2046c3134
0x00007fa202a59ac0:   0000000000000000 00007fa1fc495f20
0x00007fa202a59ad0:   00007fa1fc495f00 00007fa1fc495ee0
0x00007fa202a59ae0:   00007fa1fc495ea0 00007fa1fc495ee0
0x00007fa202a59af0:   00007fa1fc495e80 00007fa1fc000020
0x00007fa202a59b00:   0000000000000008 0000000000000000
0x00007fa202a59b10:   00000000d79ca7a0 00007fa202a59d30
0x00007fa202a59b20:   00007fa1fc00a800 00007fa2046f84d0
0x00007fa202a59b30:   00007fa1fc495fa0 00000000d79ca7a0
0x00007fa202a59b40:   00007fa202a59b70 00007fa1e83b0900
0x00007fa202a59b50:   00007fa1fc495fa0 fffff4510000090d
0x00007fa202a59b60:   0000090dfffff451 00007fa1fc495e80
0x00007fa202a59b70:   00007fa202a59c40 00007fa1b3dfe991
0x00007fa202a59b80:   00007fa202a59bf0 00007fa1fc493390
0x00007fa202a59b90:   00000000f7a4d448 00000004f6627948
0x00007fa202a59ba0:   0000090dfffff451 00007fa1fc495fc0
0x00007fa202a59bb0:   00007fa1fc496160 00007fa1fc496140
0x00007fa202a59bc0:   00007fa1fc496120 00007fa1fc496100
0x00007fa202a59bd0:   00007fa1fc4960e0 00007fa1fc4960c0
0x00007fa202a59be0:   00007fa1fc4960a0 00007fa1fc496080
0x00007fa202a59bf0:   00007fa1fc496060 00007fa1fc495fa0
0x00007fa202a59c00:   00007fa1fc496140 00007fa1fc495f80
0x00007fa202a59c10:   00007fa1fc496120 00007fa1fc495f60
0x00007fa202a59c20:   00007fa1fc496100 00007fa1fc495f40
0x00007fa202a59c30:   00007fa1fc4960c0 00007fa1fc495e80 

Instructions: (pc=0x00007fa1b3dfddf4)
0x00007fa1b3dfddd4:   45 e0 48 8b 00 48 89 45 e8 48 8b 45 e0 48 8b 40
0x00007fa1b3dfdde4:   08 48 8b 00 48 89 45 f0 48 8b 45 e0 48 8b 40 10
0x00007fa1b3dfddf4:   48 8b 00 48 89 45 f8 48 8b 55 f0 48 8b 4d e8 48
0x00007fa1b3dfde04:   8b 45 c0 48 89 ce 48 89 c7 e8 1e fc ff ff 89 45 

Register to memory mapping:

RAX=0x0000000000000000 is an unknown value
RBX=0x00000000d79ca7a0 is an oop
{method} 
 - klass: {other class}
RCX=0x0000000000001295 is an unknown value
RDX=0x0000000001011638 is an unknown value
RSP=0x00007fa202a59a40 is pointing into the stack for thread: 0x00007fa1fc00a800
RBP=0x00007fa202a59a80 is pointing into the stack for thread: 0x00007fa1fc00a800
RSI=0x00000000fffffdce is an unallocated location in the heap
RDI=0x00007fa1fc495e80 is an unknown value
R8 =0x00007fa1fc495f30 is an unknown value
R9 =0x00007fa2046c3134: _IO_vfprintf+0x49b4 in /lib/x86_64-linux-gnu/libc.so.6 at 0x00007fa204675000
R10=0x0000000000000000 is an unknown value
R11=0x0000000000000000 is an unknown value
R12=0x0000000000000000 is an unknown value
R13=0x00000000d79ca7a0 is an oop
{method} 
 - klass: {other class}
R14=0x00007fa202a59d30 is pointing into the stack for thread: 0x00007fa1fc00a800
R15=0x00007fa1fc00a800 is a thread


Stack: [0x00007fa20285c000,0x00007fa202a5d000],  sp=0x00007fa202a59a40,  free space=2038k
Native frames: (J=compiled Java code, j=interpreted, Vv=VM code, C=native code)
C  [libconvex_hull.so+0xdf4]  puente_superior+0xdd
C  [libconvex_hull.so+0x1024]  insertion+0x5e
C  [libconvex_hull.so+0x1991]  convex_hull+0x28e

Java frames: (J=compiled Java code, j=interpreted, Vv=VM code)
j  com.kenai.jffi.Foreign.invokeL1(JJJ)J+0
j  com.kenai.jffi.Invoker.invokeL1(Lcom/kenai/jffi/CallContext;JJ)J+7
j  org.jruby.ext.ffi.jffi.NativeInvoker$ffi$1.call(Lorg/jruby/runtime/ThreadContext;Lorg/jruby/runtime/builtin/IRubyObject;Lorg/jruby/RubyModule;Ljava/lang/String;Lorg/jruby/runtime/builtin/IRubyObject;)Lorg/jruby/runtime/builtin/IRubyObject;+76
j  org.jruby.ext.ffi.jffi.JITNativeInvoker.call(Lorg/jruby/runtime/ThreadContext;Lorg/jruby/runtime/builtin/IRubyObject;Lorg/jruby/RubyModule;Ljava/lang/String;[Lorg/jruby/runtime/builtin/IRubyObject;)Lorg/jruby/runtime/builtin/IRubyObject;+92
j  org.jruby.ext.ffi.jffi.NativeInvoker.call(Lorg/jruby/runtime/ThreadContext;Lorg/jruby/runtime/builtin/IRubyObject;Lorg/jruby/RubyModule;Ljava/lang/String;[Lorg/jruby/runtime/builtin/IRubyObject;Lorg/jruby/runtime/Block;)Lorg/jruby/runtime/builtin/IRubyObject;+36
j  org.jruby.ext.ffi.jffi.DefaultMethod.call(Lorg/jruby/runtime/ThreadContext;Lorg/jruby/runtime/builtin/IRubyObject;Lorg/jruby/RubyModule;Ljava/lang/String;[Lorg/jruby/runtime/builtin/IRubyObject;Lorg/jruby/runtime/Block;)Lorg/jruby/runtime/builtin/IRubyObject;+13
j  org.jruby.internal.runtime.methods.DynamicMethod.call(Lorg/jruby/runtime/ThreadContext;Lorg/jruby/runtime/builtin/IRubyObject;Lorg/jruby/RubyModule;Ljava/lang/String;Lorg/jruby/runtime/builtin/IRubyObject;Lorg/jruby/runtime/Block;)Lorg/jruby/runtime/builtin/IRubyObject;+17
j  org.jruby.internal.runtime.methods.DynamicMethod.call(Lorg/jruby/runtime/ThreadContext;Lorg/jruby/runtime/builtin/IRubyObject;Lorg/jruby/RubyModule;Ljava/lang/String;Lorg/jruby/runtime/builtin/IRubyObject;)Lorg/jruby/runtime/builtin/IRubyObject;+11
j  org.jruby.runtime.callsite.CachingCallSite.cacheAndCall(Lorg/jruby/runtime/builtin/IRubyObject;Lorg/jruby/RubyClass;Lorg/jruby/runtime/ThreadContext;Lorg/jruby/runtime/builtin/IRubyObject;Lorg/jruby/runtime/builtin/IRubyObject;)Lorg/jruby/runtime/builtin/IRubyObject;+57
J  org.jruby.runtime.callsite.CachingCallSite.call(Lorg/jruby/runtime/ThreadContext;Lorg/jruby/runtime/builtin/IRubyObject;Lorg/jruby/runtime/builtin/IRubyObject;Lorg/jruby/runtime/builtin/IRubyObject;)Lorg/jruby/runtime/builtin/IRubyObject;
j  org.jruby.ast.CallOneArgNode.interpret(Lorg/jruby/Ruby;Lorg/jruby/runtime/ThreadContext;Lorg/jruby/runtime/builtin/IRubyObject;Lorg/jruby/runtime/Block;)Lorg/jruby/runtime/builtin/IRubyObject;+30
j  org.jruby.ast.LocalAsgnNode.interpret(Lorg/jruby/Ruby;Lorg/jruby/runtime/ThreadContext;Lorg/jruby/runtime/builtin/IRubyObject;Lorg/jruby/runtime/Block;)Lorg/jruby/runtime/builtin/IRubyObject;+30
J  org.jruby.ast.BlockNode.interpret(Lorg/jruby/Ruby;Lorg/jruby/runtime/ThreadContext;Lorg/jruby/runtime/builtin/IRubyObject;Lorg/jruby/runtime/Block;)Lorg/jruby/runtime/builtin/IRubyObject;
j  org.jruby.evaluator.ASTInterpreter.INTERPRET_METHOD(Lorg/jruby/Ruby;Lorg/jruby/runtime/ThreadContext;Ljava/lang/String;ILorg/jruby/RubyModule;Lorg/jruby/ast/Node;Ljava/lang/String;Lorg/jruby/runtime/builtin/IRubyObject;Lorg/jruby/runtime/Block;Z)Lorg/jruby/runtime/builtin/IRubyObject;+30
j  org.jruby.internal.runtime.methods.InterpretedMethod.call(Lorg/jruby/runtime/ThreadContext;Lorg/jruby/runtime/builtin/IRubyObject;Lorg/jruby/RubyModule;Ljava/lang/String;)Lorg/jruby/runtime/builtin/IRubyObject;+80
j  org.jruby.internal.runtime.methods.DefaultMethod.call(Lorg/jruby/runtime/ThreadContext;Lorg/jruby/runtime/builtin/IRubyObject;Lorg/jruby/RubyModule;Ljava/lang/String;)Lorg/jruby/runtime/builtin/IRubyObject;+20
j  org.jruby.runtime.callsite.CachingCallSite.cacheAndCall(Lorg/jruby/runtime/builtin/IRubyObject;Lorg/jruby/RubyClass;Lorg/jruby/runtime/ThreadContext;Lorg/jruby/runtime/builtin/IRubyObject;)Lorg/jruby/runtime/builtin/IRubyObject;+53
j  org.jruby.runtime.callsite.CachingCallSite.call(Lorg/jruby/runtime/ThreadContext;Lorg/jruby/runtime/builtin/IRubyObject;Lorg/jruby/runtime/builtin/IRubyObject;)Lorg/jruby/runtime/builtin/IRubyObject;+46
j  org.jruby.ast.CallNoArgNode.interpret(Lorg/jruby/Ruby;Lorg/jruby/runtime/ThreadContext;Lorg/jruby/runtime/builtin/IRubyObject;Lorg/jruby/runtime/Block;)Lorg/jruby/runtime/builtin/IRubyObject;+18
j  org.jruby.ast.FCallTwoArgNode.interpret(Lorg/jruby/Ruby;Lorg/jruby/runtime/ThreadContext;Lorg/jruby/runtime/builtin/IRubyObject;Lorg/jruby/runtime/Block;)Lorg/jruby/runtime/builtin/IRubyObject;+28
J  org.jruby.ast.NewlineNode.interpret(Lorg/jruby/Ruby;Lorg/jruby/runtime/ThreadContext;Lorg/jruby/runtime/builtin/IRubyObject;Lorg/jruby/runtime/Block;)Lorg/jruby/runtime/builtin/IRubyObject;
j  org.jruby.ast.BlockNode.interpret(Lorg/jruby/Ruby;Lorg/jruby/runtime/ThreadContext;Lorg/jruby/runtime/builtin/IRubyObject;Lorg/jruby/runtime/Block;)Lorg/jruby/runtime/builtin/IRubyObject;+33
j  org.jruby.evaluator.ASTInterpreter.INTERPRET_METHOD(Lorg/jruby/Ruby;Lorg/jruby/runtime/ThreadContext;Ljava/lang/String;ILorg/jruby/RubyModule;Lorg/jruby/ast/Node;Ljava/lang/String;Lorg/jruby/runtime/builtin/IRubyObject;Lorg/jruby/runtime/Block;Z)Lorg/jruby/runtime/builtin/IRubyObject;+30
j  org.jruby.internal.runtime.methods.InterpretedMethod.call(Lorg/jruby/runtime/ThreadContext;Lorg/jruby/runtime/builtin/IRubyObject;Lorg/jruby/RubyModule;Ljava/lang/String;)Lorg/jruby/runtime/builtin/IRubyObject;+80
j  org.jruby.internal.runtime.methods.DefaultMethod.call(Lorg/jruby/runtime/ThreadContext;Lorg/jruby/runtime/builtin/IRubyObject;Lorg/jruby/RubyModule;Ljava/lang/String;)Lorg/jruby/runtime/builtin/IRubyObject;+20
j  org.jruby.runtime.callsite.CachingCallSite.cacheAndCall(Lorg/jruby/runtime/builtin/IRubyObject;Lorg/jruby/RubyClass;Lorg/jruby/runtime/ThreadContext;Lorg/jruby/runtime/builtin/IRubyObject;)Lorg/jruby/runtime/builtin/IRubyObject;+53
j  org.jruby.runtime.callsite.CachingCallSite.call(Lorg/jruby/runtime/ThreadContext;Lorg/jruby/runtime/builtin/IRubyObject;Lorg/jruby/runtime/builtin/IRubyObject;)Lorg/jruby/runtime/builtin/IRubyObject;+46
j  Makefile.method__2$RUBY$test(LMakefile;Lorg/jruby/runtime/ThreadContext;Lorg/jruby/runtime/builtin/IRubyObject;Lorg/jruby/runtime/Block;)Lorg/jruby/runtime/builtin/IRubyObject;+130
j  Makefile$method__2$RUBY$test.call(Lorg/jruby/runtime/ThreadContext;Lorg/jruby/runtime/builtin/IRubyObject;Lorg/jruby/RubyModule;Ljava/lang/String;Lorg/jruby/runtime/Block;)Lorg/jruby/runtime/builtin/IRubyObject;+17
j  org.jruby.RubyClass.finvoke(Lorg/jruby/runtime/ThreadContext;Lorg/jruby/runtime/builtin/IRubyObject;Ljava/lang/String;Lorg/jruby/runtime/Block;)Lorg/jruby/runtime/builtin/IRubyObject;+41
j  org.jruby.RubyBasicObject.send19(Lorg/jruby/runtime/ThreadContext;Lorg/jruby/runtime/builtin/IRubyObject;Lorg/jruby/runtime/Block;)Lorg/jruby/runtime/builtin/IRubyObject;+15
j  org.jruby.RubyKernel.send19(Lorg/jruby/runtime/ThreadContext;Lorg/jruby/runtime/builtin/IRubyObject;Lorg/jruby/runtime/builtin/IRubyObject;Lorg/jruby/runtime/Block;)Lorg/jruby/runtime/builtin/IRubyObject;+7
j  org.jruby.RubyKernel$INVOKER$s$send19.call(Lorg/jruby/runtime/ThreadContext;Lorg/jruby/runtime/builtin/IRubyObject;Lorg/jruby/RubyModule;Ljava/lang/String;Lorg/jruby/runtime/builtin/IRubyObject;Lorg/jruby/runtime/Block;)Lorg/jruby/runtime/builtin/IRubyObject;+6
j  org.jruby.internal.runtime.methods.JavaMethod$JavaMethodOneOrNBlock.call(Lorg/jruby/runtime/ThreadContext;Lorg/jruby/runtime/builtin/IRubyObject;Lorg/jruby/RubyModule;Ljava/lang/String;Lorg/jruby/runtime/builtin/IRubyObject;)Lorg/jruby/runtime/builtin/IRubyObject;+11
j  org.jruby.runtime.callsite.CachingCallSite.call(Lorg/jruby/runtime/ThreadContext;Lorg/jruby/runtime/builtin/IRubyObject;Lorg/jruby/runtime/builtin/IRubyObject;Lorg/jruby/runtime/builtin/IRubyObject;)Lorg/jruby/runtime/builtin/IRubyObject;+38
j  Makefile.block_6$RUBY$__file__(LMakefile;Lorg/jruby/runtime/ThreadContext;Lorg/jruby/runtime/builtin/IRubyObject;[Lorg/jruby/runtime/builtin/IRubyObject;Lorg/jruby/runtime/Block;)Lorg/jruby/runtime/builtin/IRubyObject;+46
j  Makefile$block_6$RUBY$__file__.call(Lorg/jruby/runtime/ThreadContext;Lorg/jruby/runtime/builtin/IRubyObject;[Lorg/jruby/runtime/builtin/IRubyObject;Lorg/jruby/runtime/Block;)Lorg/jruby/runtime/builtin/IRubyObject;+9
j  org.jruby.runtime.CompiledBlock19.yield(Lorg/jruby/runtime/ThreadContext;Lorg/jruby/runtime/builtin/IRubyObject;Lorg/jruby/runtime/Binding;Lorg/jruby/runtime/Block$Type;)Lorg/jruby/runtime/builtin/IRubyObject;+52
j  org.jruby.runtime.Block.yield(Lorg/jruby/runtime/ThreadContext;Lorg/jruby/runtime/builtin/IRubyObject;)Lorg/jruby/runtime/builtin/IRubyObject;+14
j  org.jruby.RubyArray.eachCommon(Lorg/jruby/runtime/ThreadContext;Lorg/jruby/runtime/Block;)Lorg/jruby/runtime/builtin/IRubyObject;+41
j  org.jruby.RubyArray.each(Lorg/jruby/runtime/ThreadContext;Lorg/jruby/runtime/Block;)Lorg/jruby/runtime/builtin/IRubyObject;+10
j  org.jruby.RubyArray$INVOKER$i$0$0$each.call(Lorg/jruby/runtime/ThreadContext;Lorg/jruby/runtime/builtin/IRubyObject;Lorg/jruby/RubyModule;Ljava/lang/String;Lorg/jruby/runtime/Block;)Lorg/jruby/runtime/builtin/IRubyObject;+7
j  org.jruby.runtime.callsite.CachingCallSite.cacheAndCall(Lorg/jruby/runtime/builtin/IRubyObject;Lorg/jruby/RubyClass;Lorg/jruby/runtime/Block;Lorg/jruby/runtime/ThreadContext;Lorg/jruby/runtime/builtin/IRubyObject;)Lorg/jruby/runtime/builtin/IRubyObject;+57
j  org.jruby.runtime.callsite.CachingCallSite.callBlock(Lorg/jruby/runtime/ThreadContext;Lorg/jruby/runtime/builtin/IRubyObject;Lorg/jruby/runtime/builtin/IRubyObject;Lorg/jruby/runtime/Block;)Lorg/jruby/runtime/builtin/IRubyObject;+50
j  org.jruby.runtime.callsite.CachingCallSite.callIter(Lorg/jruby/runtime/ThreadContext;Lorg/jruby/runtime/builtin/IRubyObject;Lorg/jruby/runtime/builtin/IRubyObject;Lorg/jruby/runtime/Block;)Lorg/jruby/runtime/builtin/IRubyObject;+6
j  Makefile.__file__(LMakefile;Lorg/jruby/runtime/ThreadContext;Lorg/jruby/runtime/builtin/IRubyObject;[Lorg/jruby/runtime/builtin/IRubyObject;Lorg/jruby/runtime/Block;)Lorg/jruby/runtime/builtin/IRubyObject;+859
j  Makefile.load(Lorg/jruby/runtime/ThreadContext;Lorg/jruby/runtime/builtin/IRubyObject;Z)Lorg/jruby/runtime/builtin/IRubyObject;+22
j  org.jruby.Ruby.runScript(Lorg/jruby/ast/executable/Script;Z)Lorg/jruby/runtime/builtin/IRubyObject;+12
j  org.jruby.Ruby.runScript(Lorg/jruby/ast/executable/Script;)Lorg/jruby/runtime/builtin/IRubyObject;+3
j  org.jruby.Ruby.runNormally(Lorg/jruby/ast/Node;)Lorg/jruby/runtime/builtin/IRubyObject;+73
j  org.jruby.Ruby.runFromMain(Ljava/io/InputStream;Ljava/lang/String;)V+320
j  org.jruby.Main.doRunFromMain(Lorg/jruby/Ruby;Ljava/io/InputStream;Ljava/lang/String;)Lorg/jruby/Main$Status;+12
j  org.jruby.Main.internalRun()Lorg/jruby/Main$Status;+234
j  org.jruby.Main.run([Ljava/lang/String;)Lorg/jruby/Main$Status;+9
j  org.jruby.Main.main([Ljava/lang/String;)V+35
v  ~StubRoutines::call_stub

---------------  P R O C E S S  ---------------

Java Threads: ( => current thread )
  0x00007fa1fc470800 JavaThread "JRubyJIT-2" daemon [_thread_blocked, id=9409, stack(0x00007fa1e85b2000,0x00007fa1e87b3000)]
  0x00007fa1fc469000 JavaThread "process reaper" daemon [_thread_blocked, id=9342, stack(0x00007fa200046000,0x00007fa20007f000)]
  0x00007fa1fc456000 JavaThread "JRubyJIT-1" daemon [_thread_blocked, id=9339, stack(0x00007fa1e8bb5000,0x00007fa1e8db6000)]
  0x00007fa1fc0ad000 JavaThread "Service Thread" daemon [_thread_blocked, id=9337, stack(0x00007fa1ea82e000,0x00007fa1eaa2f000)]
  0x00007fa1fc0aa800 JavaThread "C2 CompilerThread1" daemon [_thread_blocked, id=9336, stack(0x00007fa1eaa2f000,0x00007fa1eab30000)]
  0x00007fa1fc0a7800 JavaThread "C2 CompilerThread0" daemon [_thread_blocked, id=9335, stack(0x00007fa1f80fe000,0x00007fa1f81ff000)]
  0x00007fa1fc0a5800 JavaThread "Signal Dispatcher" daemon [_thread_blocked, id=9334, stack(0x00007fa1f81ff000,0x00007fa1f8400000)]
  0x00007fa1fc082800 JavaThread "Finalizer" daemon [_thread_blocked, id=9333, stack(0x00007fa1f87fa000,0x00007fa1f89fb000)]
  0x00007fa1fc080800 JavaThread "Reference Handler" daemon [_thread_blocked, id=9332, stack(0x00007fa1f89fb000,0x00007fa1f8bfc000)]
=>0x00007fa1fc00a800 JavaThread "main" [_thread_in_native, id=9326, stack(0x00007fa20285c000,0x00007fa202a5d000)]

Other Threads:
  0x00007fa1fc07c800 VMThread [stack: 0x00007fa1f8bfc000,0x00007fa1f8cfd000] [id=9331]
  0x00007fa1fc0b7800 WatcherThread [stack: 0x00007fa1ea72d000,0x00007fa1ea82e000] [id=9338]

VM state:not at safepoint (normal execution)

VM Mutex/Monitor currently owned by a thread: None

Heap
 PSYoungGen      total 33280K, used 16043K [0x00000000f5900000, 0x00000000f7c00000, 0x0000000100000000)
  eden space 30720K, 43% used [0x00000000f5900000,0x00000000f6631768,0x00000000f7700000)
  from space 2560K, 98% used [0x00000000f7980000,0x00000000f7bf9518,0x00000000f7c00000)
  to   space 2560K, 0% used [0x00000000f7700000,0x00000000f7700000,0x00000000f7980000)
 ParOldGen       total 39936K, used 5229K [0x00000000e0c00000, 0x00000000e3300000, 0x00000000f5900000)
  object space 39936K, 13% used [0x00000000e0c00000,0x00000000e111b458,0x00000000e3300000)
 PSPermGen       total 25600K, used 25426K [0x00000000d6600000, 0x00000000d7f00000, 0x00000000e0c00000)
  object space 25600K, 99% used [0x00000000d6600000,0x00000000d7ed4860,0x00000000d7f00000)

Card table byte_map: [0x00007fa201682000,0x00007fa2017d0000] byte_map_base: 0x00007fa200fcf000

Polling page: 0x00007fa204e6a000

Code Cache  [0x00007fa1f9000000, 0x00007fa1f9270000, 0x00007fa1fc000000)
 total_blobs=817 nmethods=338 adapters=433 free_code_cache=47558Kb largest_free_block=48663552

Compilation events (10 events):
Event: 3,078 Thread 0x00007fa1fc0aa800 nmethod 340 0x00007fa1f918d010 code [0x00007fa1f918d2c0, 0x00007fa1f918d828]
Event: 3,081 Thread 0x00007fa1fc0a7800 nmethod 341 0x00007fa1f918aed0 code [0x00007fa1f918b040, 0x00007fa1f918b298]
Event: 3,083 Thread 0x00007fa1fc0aa800  342             org.jruby.lexer.yacc.SimpleSourcePosition::getFile (5 bytes)
Event: 3,083 Thread 0x00007fa1fc0aa800 nmethod 342 0x00007fa1f918b690 code [0x00007fa1f918b7c0, 0x00007fa1f918b818]
Event: 3,094 Thread 0x00007fa1fc0a7800  343             org.jruby.RubyBasicObject::getType (8 bytes)
Event: 3,094 Thread 0x00007fa1fc0a7800 nmethod 343 0x00007fa1f9181710 code [0x00007fa1f9181840, 0x00007fa1f91818b8]
Event: 3,113 Thread 0x00007fa1fc0aa800  344             org.jruby.runtime.scope.OneVarDynamicScope::getValue (42 bytes)
Event: 3,115 Thread 0x00007fa1fc0aa800 nmethod 344 0x00007fa1f918cad0 code [0x00007fa1f918cc40, 0x00007fa1f918cdd8]
Event: 3,117 Thread 0x00007fa1fc0a7800  345             org.jruby.runtime.Frame::setVisibility (6 bytes)
Event: 3,118 Thread 0x00007fa1fc0a7800 nmethod 345 0x00007fa1f9181510 code [0x00007fa1f9181640, 0x00007fa1f91816b8]

GC Heap History (4 events):
Event: 1,255 GC heap before
{Heap before GC invocations=1 (full 0):
 PSYoungGen      total 17920K, used 15360K [0x00000000f5900000, 0x00000000f6d00000, 0x0000000100000000)
  eden space 15360K, 100% used [0x00000000f5900000,0x00000000f6800000,0x00000000f6800000)
  from space 2560K, 0% used [0x00000000f6a80000,0x00000000f6a80000,0x00000000f6d00000)
  to   space 2560K, 0% used [0x00000000f6800000,0x00000000f6800000,0x00000000f6a80000)
 ParOldGen       total 39936K, used 0K [0x00000000e0c00000, 0x00000000e3300000, 0x00000000f5900000)
  object space 39936K, 0% used [0x00000000e0c00000,0x00000000e0c00000,0x00000000e3300000)
 PSPermGen       total 21504K, used 19066K [0x00000000d6600000, 0x00000000d7b00000, 0x00000000e0c00000)
  object space 21504K, 88% used [0x00000000d6600000,0x00000000d789eba0,0x00000000d7b00000)
Event: 1,270 GC heap after
Heap after GC invocations=1 (full 0):
 PSYoungGen      total 17920K, used 2549K [0x00000000f5900000, 0x00000000f7c00000, 0x0000000100000000)
  eden space 15360K, 0% used [0x00000000f5900000,0x00000000f5900000,0x00000000f6800000)
  from space 2560K, 99% used [0x00000000f6800000,0x00000000f6a7d4d8,0x00000000f6a80000)
  to   space 2560K, 0% used [0x00000000f7980000,0x00000000f7980000,0x00000000f7c00000)
 ParOldGen       total 39936K, used 3300K [0x00000000e0c00000, 0x00000000e3300000, 0x00000000f5900000)
  object space 39936K, 8% used [0x00000000e0c00000,0x00000000e0f39120,0x00000000e3300000)
 PSPermGen       total 21504K, used 19066K [0x00000000d6600000, 0x00000000d7b00000, 0x00000000e0c00000)
  object space 21504K, 88% used [0x00000000d6600000,0x00000000d789eba0,0x00000000d7b00000)
}
Event: 2,344 GC heap before
{Heap before GC invocations=2 (full 0):
 PSYoungGen      total 17920K, used 17909K [0x00000000f5900000, 0x00000000f7c00000, 0x0000000100000000)
  eden space 15360K, 100% used [0x00000000f5900000,0x00000000f6800000,0x00000000f6800000)
  from space 2560K, 99% used [0x00000000f6800000,0x00000000f6a7d4d8,0x00000000f6a80000)
  to   space 2560K, 0% used [0x00000000f7980000,0x00000000f7980000,0x00000000f7c00000)
 ParOldGen       total 39936K, used 3300K [0x00000000e0c00000, 0x00000000e3300000, 0x00000000f5900000)
  object space 39936K, 8% used [0x00000000e0c00000,0x00000000e0f39120,0x00000000e3300000)
 PSPermGen       total 23552K, used 23549K [0x00000000d6600000, 0x00000000d7d00000, 0x00000000e0c00000)
  object space 23552K, 99% used [0x00000000d6600000,0x00000000d7cff5b8,0x00000000d7d00000)
Event: 2,361 GC heap after
Heap after GC invocations=2 (full 0):
 PSYoungGen      total 33280K, used 2533K [0x00000000f5900000, 0x00000000f7c00000, 0x0000000100000000)
  eden space 30720K, 0% used [0x00000000f5900000,0x00000000f5900000,0x00000000f7700000)
  from space 2560K, 98% used [0x00000000f7980000,0x00000000f7bf9518,0x00000000f7c00000)
  to   space 2560K, 0% used [0x00000000f7700000,0x00000000f7700000,0x00000000f7980000)
 ParOldGen       total 39936K, used 5229K [0x00000000e0c00000, 0x00000000e3300000, 0x00000000f5900000)
  object space 39936K, 13% used [0x00000000e0c00000,0x00000000e111b458,0x00000000e3300000)
 PSPermGen       total 23552K, used 23549K [0x00000000d6600000, 0x00000000d7d00000, 0x00000000e0c00000)
  object space 23552K, 99% used [0x00000000d6600000,0x00000000d7cff5b8,0x00000000d7d00000)
}

Deoptimization events (10 events):
Event: 2,098 Thread 0x00007fa1fc00a800 Uncommon trap: reason=class_check action=maybe_recompile pc=0x00007fa1f9073178 method=java.util.Arrays.fill([Ljava/lang/Object;Ljava/lang/Object;)V @ 13
Event: 2,099 Thread 0x00007fa1fc00a800 Uncommon trap: reason=class_check action=maybe_recompile pc=0x00007fa1f9073178 method=java.util.Arrays.fill([Ljava/lang/Object;Ljava/lang/Object;)V @ 13
Event: 2,102 Thread 0x00007fa1fc00a800 Uncommon trap: reason=class_check action=maybe_recompile pc=0x00007fa1f9073178 method=java.util.Arrays.fill([Ljava/lang/Object;Ljava/lang/Object;)V @ 13
Event: 2,112 Thread 0x00007fa1fc00a800 Uncommon trap: reason=class_check action=maybe_recompile pc=0x00007fa1f9073178 method=java.util.Arrays.fill([Ljava/lang/Object;Ljava/lang/Object;)V @ 13
Event: 2,165 Thread 0x00007fa1fc00a800 Uncommon trap: reason=class_check action=maybe_recompile pc=0x00007fa1f9094ab4 method=java.util.concurrent.ConcurrentHashMap$Segment.put(Ljava/lang/Object;ILjava/lang/Object;Z)Ljava/lang/Object; @ 77
Event: 2,182 Thread 0x00007fa1fc00a800 Uncommon trap: reason=class_check action=maybe_recompile pc=0x00007fa1f9094ab4 method=java.util.concurrent.ConcurrentHashMap$Segment.put(Ljava/lang/Object;ILjava/lang/Object;Z)Ljava/lang/Object; @ 77
Event: 2,200 Thread 0x00007fa1fc46a800 Uncommon trap: reason=null_check action=make_not_entrant pc=0x00007fa1f912d4ac method=org.jruby.internal.runtime.ThreadService.getCurrentContext()Lorg/jruby/runtime/ThreadContext; @ 15
Event: 2,766 Thread 0x00007fa1fc00a800 Uncommon trap: reason=unreached action=reinterpret pc=0x00007fa1f912f274 method=java.util.concurrent.locks.AbstractQueuedSynchronizer.release(I)Z @ 14
Event: 2,766 Thread 0x00007fa1fc456000 Uncommon trap: reason=unreached action=reinterpret pc=0x00007fa1f912f8cc method=java.util.concurrent.locks.AbstractQueuedSynchronizer.release(I)Z @ 14
Event: 2,792 Thread 0x00007fa1fc00a800 Uncommon trap: reason=unreached action=reinterpret pc=0x00007fa1f9124028 method=org.jruby.parser.ParserSupport.checkExpression(Lorg/jruby/ast/Node;)Z @ 3

Internal exceptions (10 events):
Event: 2,767 Thread 0x00007fa1fc456000 Threw 0x00000000f62fe1c8 at /build/buildd/openjdk-7-7u51-2.4.4/build/openjdk/hotspot/src/share/vm/prims/jvm.cpp:1244
Event: 2,767 Thread 0x00007fa1fc456000 Threw 0x00000000f62ff238 at /build/buildd/openjdk-7-7u51-2.4.4/build/openjdk/hotspot/src/share/vm/prims/jvm.cpp:1244
Event: 2,978 Thread 0x00007fa1fc470800 Threw 0x00000000f62d6fe8 at /build/buildd/openjdk-7-7u51-2.4.4/build/openjdk/hotspot/src/share/vm/prims/jvm.cpp:1244
Event: 2,978 Thread 0x00007fa1fc470800 Threw 0x00000000f62d8088 at /build/buildd/openjdk-7-7u51-2.4.4/build/openjdk/hotspot/src/share/vm/prims/jvm.cpp:1244
Event: 3,029 Thread 0x00007fa1fc456000 Threw 0x00000000f633e8a0 at /build/buildd/openjdk-7-7u51-2.4.4/build/openjdk/hotspot/src/share/vm/prims/jvm.cpp:1244
Event: 3,030 Thread 0x00007fa1fc456000 Threw 0x00000000f633f9a0 at /build/buildd/openjdk-7-7u51-2.4.4/build/openjdk/hotspot/src/share/vm/prims/jvm.cpp:1244
Event: 3,031 Thread 0x00007fa1fc470800 Threw 0x00000000f650ded8 at /build/buildd/openjdk-7-7u51-2.4.4/build/openjdk/hotspot/src/share/vm/prims/jvm.cpp:1244
Event: 3,031 Thread 0x00007fa1fc470800 Threw 0x00000000f650efd8 at /build/buildd/openjdk-7-7u51-2.4.4/build/openjdk/hotspot/src/share/vm/prims/jvm.cpp:1244
Event: 3,035 Thread 0x00007fa1fc470800 Threw 0x00000000f6536a40 at /build/buildd/openjdk-7-7u51-2.4.4/build/openjdk/hotspot/src/share/vm/prims/jvm.cpp:1244
Event: 3,035 Thread 0x00007fa1fc470800 Threw 0x00000000f6537be8 at /build/buildd/openjdk-7-7u51-2.4.4/build/openjdk/hotspot/src/share/vm/prims/jvm.cpp:1244

Events (10 events):
Event: 3,056 loading class 0x00007fa1d019aaa0
Event: 3,057 loading class 0x00007fa1d019aaa0 done
Event: 3,057 loading class 0x00007fa1cc1cee40
Event: 3,057 loading class 0x00007fa1cc1cee40 done
Event: 3,058 loading class 0x00007fa1cc1cecd0
Event: 3,058 loading class 0x00007fa1cc1cecd0 done
Event: 3,059 loading class 0x00007fa1cc1cf680
Event: 3,059 loading class 0x00007fa1cc1cf680 done
Event: 3,060 loading class 0x00007fa1cc1cf8a0
Event: 3,060 loading class 0x00007fa1cc1cf8a0 done


Dynamic libraries:
00400000-00401000 r-xp 00000000 08:05 12322450                           /usr/lib/jvm/java-7-openjdk-amd64/jre/bin/java
00600000-00601000 r--p 00000000 08:05 12322450                           /usr/lib/jvm/java-7-openjdk-amd64/jre/bin/java
00601000-00602000 rw-p 00001000 08:05 12322450                           /usr/lib/jvm/java-7-openjdk-amd64/jre/bin/java
01c36000-01c57000 rw-p 00000000 00:00 0                                  [heap]
d6600000-d7f00000 rw-p 00000000 00:00 0 
d7f00000-e0c00000 rw-p 00000000 00:00 0 
e0c00000-e3300000 rw-p 00000000 00:00 0 
e3300000-f5900000 rw-p 00000000 00:00 0 
f5900000-f7c00000 rw-p 00000000 00:00 0 
f7c00000-100000000 rw-p 00000000 00:00 0 
7fa1ac000000-7fa1ac021000 rw-p 00000000 00:00 0 
7fa1ac021000-7fa1b0000000 ---p 00000000 00:00 0 
7fa1b3dfd000-7fa1b3dff000 r-xp 00000000 08:05 16778162                   /home/luis/practica01/src/lib/libconvex_hull.so
7fa1b3dff000-7fa1b3ffe000 ---p 00002000 08:05 16778162                   /home/luis/practica01/src/lib/libconvex_hull.so
7fa1b3ffe000-7fa1b3fff000 r--p 00001000 08:05 16778162                   /home/luis/practica01/src/lib/libconvex_hull.so
7fa1b3fff000-7fa1b4000000 rw-p 00002000 08:05 16778162                   /home/luis/practica01/src/lib/libconvex_hull.so
7fa1b4000000-7fa1b4021000 rw-p 00000000 00:00 0 
7fa1b4021000-7fa1b8000000 ---p 00000000 00:00 0 
7fa1b8000000-7fa1b8021000 rw-p 00000000 00:00 0 
7fa1b8021000-7fa1bc000000 ---p 00000000 00:00 0 
7fa1bc000000-7fa1bc027000 rw-p 00000000 00:00 0 
7fa1bc027000-7fa1c0000000 ---p 00000000 00:00 0 
7fa1c0000000-7fa1c0021000 rw-p 00000000 00:00 0 
7fa1c0021000-7fa1c4000000 ---p 00000000 00:00 0 
7fa1c4000000-7fa1c4021000 rw-p 00000000 00:00 0 
7fa1c4021000-7fa1c8000000 ---p 00000000 00:00 0 
7fa1c8000000-7fa1c8021000 rw-p 00000000 00:00 0 
7fa1c8021000-7fa1cc000000 ---p 00000000 00:00 0 
7fa1cc000000-7fa1ccdb2000 rw-p 00000000 00:00 0 
7fa1ccdb2000-7fa1d0000000 ---p 00000000 00:00 0 
7fa1d0000000-7fa1d0b0f000 rw-p 00000000 00:00 0 
7fa1d0b0f000-7fa1d4000000 ---p 00000000 00:00 0 
7fa1d4000000-7fa1d4021000 rw-p 00000000 00:00 0 
7fa1d4021000-7fa1d8000000 ---p 00000000 00:00 0 
7fa1d8000000-7fa1d8021000 rw-p 00000000 00:00 0 
7fa1d8021000-7fa1dc000000 ---p 00000000 00:00 0 
7fa1dc000000-7fa1dc021000 rw-p 00000000 00:00 0 
7fa1dc021000-7fa1e0000000 ---p 00000000 00:00 0 
7fa1e0000000-7fa1e0021000 rw-p 00000000 00:00 0 
7fa1e0021000-7fa1e4000000 ---p 00000000 00:00 0 
7fa1e4000000-7fa1e4021000 rw-p 00000000 00:00 0 
7fa1e4021000-7fa1e8000000 ---p 00000000 00:00 0 
7fa1e81ad000-7fa1e81af000 r-xp 00000000 08:05 16777925                   /home/luis/practica01/src/lib/libdouble_linked_list.so
7fa1e81af000-7fa1e83ae000 ---p 00002000 08:05 16777925                   /home/luis/practica01/src/lib/libdouble_linked_list.so
7fa1e83ae000-7fa1e83af000 r--p 00001000 08:05 16777925                   /home/luis/practica01/src/lib/libdouble_linked_list.so
7fa1e83af000-7fa1e83b0000 rw-p 00002000 08:05 16777925                   /home/luis/practica01/src/lib/libdouble_linked_list.so
7fa1e83b0000-7fa1e83b1000 r-xp 00000000 08:05 16777919                   /home/luis/practica01/src/lib/lib2d_points.so
7fa1e83b1000-7fa1e85b0000 ---p 00001000 08:05 16777919                   /home/luis/practica01/src/lib/lib2d_points.so
7fa1e85b0000-7fa1e85b1000 r--p 00000000 08:05 16777919                   /home/luis/practica01/src/lib/lib2d_points.so
7fa1e85b1000-7fa1e85b2000 rw-p 00001000 08:05 16777919                   /home/luis/practica01/src/lib/lib2d_points.so
7fa1e85b2000-7fa1e85b5000 ---p 00000000 00:00 0 
7fa1e85b5000-7fa1e87b3000 rw-p 00000000 00:00 0                          [stack:9409]
7fa1e87b3000-7fa1e87b6000 ---p 00000000 00:00 0 
7fa1e87b6000-7fa1e89b4000 rw-p 00000000 00:00 0 
7fa1e89b4000-7fa1e89b7000 ---p 00000000 00:00 0 
7fa1e89b7000-7fa1e8bb5000 rw-p 00000000 00:00 0 
7fa1e8bb5000-7fa1e8bb8000 ---p 00000000 00:00 0 
7fa1e8bb8000-7fa1e8db6000 rw-p 00000000 00:00 0                          [stack:9339]
7fa1e8db6000-7fa1e8dc8000 r-xp 00000000 08:05 16253453                   /home/luis/.rbenv/versions/jruby-1.7.10/lib/jni/x86_64-Linux/libjffi-1.2.so
7fa1e8dc8000-7fa1e8fc7000 ---p 00012000 08:05 16253453                   /home/luis/.rbenv/versions/jruby-1.7.10/lib/jni/x86_64-Linux/libjffi-1.2.so
7fa1e8fc7000-7fa1e8fc8000 rw-p 00011000 08:05 16253453                   /home/luis/.rbenv/versions/jruby-1.7.10/lib/jni/x86_64-Linux/libjffi-1.2.so
7fa1e8fc8000-7fa1e8fd8000 r-xp 00000000 08:05 12322344                   /usr/lib/jvm/java-7-openjdk-amd64/jre/lib/amd64/libnio.so
7fa1e8fd8000-7fa1e91d8000 ---p 00010000 08:05 12322344                   /usr/lib/jvm/java-7-openjdk-amd64/jre/lib/amd64/libnio.so
7fa1e91d8000-7fa1e91d9000 r--p 00010000 08:05 12322344                   /usr/lib/jvm/java-7-openjdk-amd64/jre/lib/amd64/libnio.so
7fa1e91d9000-7fa1e91da000 rw-p 00011000 08:05 12322344                   /usr/lib/jvm/java-7-openjdk-amd64/jre/lib/amd64/libnio.so
7fa1e91da000-7fa1e9217000 r-xp 00000000 08:05 9834371                    /lib/x86_64-linux-gnu/libpcre.so.3.13.1
7fa1e9217000-7fa1e9417000 ---p 0003d000 08:05 9834371                    /lib/x86_64-linux-gnu/libpcre.so.3.13.1
7fa1e9417000-7fa1e9418000 r--p 0003d000 08:05 9834371                    /lib/x86_64-linux-gnu/libpcre.so.3.13.1
7fa1e9418000-7fa1e9419000 rw-p 0003e000 08:05 9834371                    /lib/x86_64-linux-gnu/libpcre.so.3.13.1
7fa1e9419000-7fa1e9420000 r-xp 00000000 08:05 12196946                   /usr/lib/x86_64-linux-gnu/libffi.so.6.0.1
7fa1e9420000-7fa1e961f000 ---p 00007000 08:05 12196946                   /usr/lib/x86_64-linux-gnu/libffi.so.6.0.1
7fa1e961f000-7fa1e9620000 r--p 00006000 08:05 12196946                   /usr/lib/x86_64-linux-gnu/libffi.so.6.0.1
7fa1e9620000-7fa1e9621000 rw-p 00007000 08:05 12196946                   /usr/lib/x86_64-linux-gnu/libffi.so.6.0.1
7fa1e9621000-7fa1e9637000 r-xp 00000000 08:05 9834394                    /lib/x86_64-linux-gnu/libresolv-2.17.so
7fa1e9637000-7fa1e9837000 ---p 00016000 08:05 9834394                    /lib/x86_64-linux-gnu/libresolv-2.17.so
7fa1e9837000-7fa1e9838000 r--p 00016000 08:05 9834394                    /lib/x86_64-linux-gnu/libresolv-2.17.so
7fa1e9838000-7fa1e9839000 rw-p 00017000 08:05 9834394                    /lib/x86_64-linux-gnu/libresolv-2.17.so
7fa1e9839000-7fa1e983b000 rw-p 00000000 00:00 0 
7fa1e983b000-7fa1e985a000 r-xp 00000000 08:05 9834398                    /lib/x86_64-linux-gnu/libselinux.so.1
7fa1e985a000-7fa1e9a5a000 ---p 0001f000 08:05 9834398                    /lib/x86_64-linux-gnu/libselinux.so.1
7fa1e9a5a000-7fa1e9a5b000 r--p 0001f000 08:05 9834398                    /lib/x86_64-linux-gnu/libselinux.so.1
7fa1e9a5b000-7fa1e9a5c000 rw-p 00020000 08:05 9834398                    /lib/x86_64-linux-gnu/libselinux.so.1
7fa1e9a5c000-7fa1e9a5d000 rw-p 00000000 00:00 0 
7fa1e9a5d000-7fa1e9a60000 r-xp 00000000 08:05 12190134                   /usr/lib/x86_64-linux-gnu/libgmodule-2.0.so.0.3800.1
7fa1e9a60000-7fa1e9c5f000 ---p 00003000 08:05 12190134                   /usr/lib/x86_64-linux-gnu/libgmodule-2.0.so.0.3800.1
7fa1e9c5f000-7fa1e9c60000 r--p 00002000 08:05 12190134                   /usr/lib/x86_64-linux-gnu/libgmodule-2.0.so.0.3800.1
7fa1e9c60000-7fa1e9c61000 rw-p 00003000 08:05 12190134                   /usr/lib/x86_64-linux-gnu/libgmodule-2.0.so.0.3800.1
7fa1e9c61000-7fa1e9d5f000 r-xp 00000000 08:05 9834386                    /lib/x86_64-linux-gnu/libglib-2.0.so.0.3800.1
7fa1e9d5f000-7fa1e9f5f000 ---p 000fe000 08:05 9834386                    /lib/x86_64-linux-gnu/libglib-2.0.so.0.3800.1
7fa1e9f5f000-7fa1e9f60000 r--p 000fe000 08:05 9834386                    /lib/x86_64-linux-gnu/libglib-2.0.so.0.3800.1
7fa1e9f60000-7fa1e9f61000 rw-p 000ff000 08:05 9834386                    /lib/x86_64-linux-gnu/libglib-2.0.so.0.3800.1
7fa1e9f61000-7fa1e9f62000 rw-p 00000000 00:00 0 
7fa1e9f62000-7fa1e9fb1000 r-xp 00000000 08:05 12190125                   /usr/lib/x86_64-linux-gnu/libgobject-2.0.so.0.3800.1
7fa1e9fb1000-7fa1ea1b1000 ---p 0004f000 08:05 12190125                   /usr/lib/x86_64-linux-gnu/libgobject-2.0.so.0.3800.1
7fa1ea1b1000-7fa1ea1b2000 r--p 0004f000 08:05 12190125                   /usr/lib/x86_64-linux-gnu/libgobject-2.0.so.0.3800.1
7fa1ea1b2000-7fa1ea1b3000 rw-p 00050000 08:05 12190125                   /usr/lib/x86_64-linux-gnu/libgobject-2.0.so.0.3800.1
7fa1ea1b3000-7fa1ea30f000 r-xp 00000000 08:05 12190099                   /usr/lib/x86_64-linux-gnu/libgio-2.0.so.0.3800.1
7fa1ea30f000-7fa1ea50e000 ---p 0015c000 08:05 12190099                   /usr/lib/x86_64-linux-gnu/libgio-2.0.so.0.3800.1
7fa1ea50e000-7fa1ea512000 r--p 0015b000 08:05 12190099                   /usr/lib/x86_64-linux-gnu/libgio-2.0.so.0.3800.1
7fa1ea512000-7fa1ea514000 rw-p 0015f000 08:05 12190099                   /usr/lib/x86_64-linux-gnu/libgio-2.0.so.0.3800.1
7fa1ea514000-7fa1ea516000 rw-p 00000000 00:00 0 
7fa1ea516000-7fa1ea52c000 r-xp 00000000 08:05 12322132                   /usr/lib/jvm/java-7-openjdk-amd64/jre/lib/amd64/libnet.so
7fa1ea52c000-7fa1ea72b000 ---p 00016000 08:05 12322132                   /usr/lib/jvm/java-7-openjdk-amd64/jre/lib/amd64/libnet.so
7fa1ea72b000-7fa1ea72c000 r--p 00015000 08:05 12322132                   /usr/lib/jvm/java-7-openjdk-amd64/jre/lib/amd64/libnet.so
7fa1ea72c000-7fa1ea72d000 rw-p 00016000 08:05 12322132                   /usr/lib/jvm/java-7-openjdk-amd64/jre/lib/amd64/libnet.so
7fa1ea72d000-7fa1ea72e000 ---p 00000000 00:00 0 
7fa1ea72e000-7fa1ea82e000 rw-p 00000000 00:00 0                          [stack:9338]
7fa1ea82e000-7fa1ea831000 ---p 00000000 00:00 0 
7fa1ea831000-7fa1eaa2f000 rw-p 00000000 00:00 0                          [stack:9337]
7fa1eaa2f000-7fa1eaa32000 ---p 00000000 00:00 0 
7fa1eaa32000-7fa1ec000000 rw-p 00000000 00:00 0                          [stack:9336]
7fa1ec000000-7fa1ec021000 rw-p 00000000 00:00 0 
7fa1ec021000-7fa1f0000000 ---p 00000000 00:00 0 
7fa1f0000000-7fa1f0021000 rw-p 00000000 00:00 0 
7fa1f0021000-7fa1f4000000 ---p 00000000 00:00 0 
7fa1f4000000-7fa1f4021000 rw-p 00000000 00:00 0 
7fa1f4021000-7fa1f8000000 ---p 00000000 00:00 0 
7fa1f80fe000-7fa1f8101000 ---p 00000000 00:00 0 
7fa1f8101000-7fa1f81ff000 rw-p 00000000 00:00 0                          [stack:9335]
7fa1f81ff000-7fa1f8202000 ---p 00000000 00:00 0 
7fa1f8202000-7fa1f8400000 rw-p 00000000 00:00 0                          [stack:9334]
7fa1f8400000-7fa1f87fa000 r--p 00000000 08:05 12195384                   /usr/lib/locale/locale-archive
7fa1f87fa000-7fa1f87fd000 ---p 00000000 00:00 0 
7fa1f87fd000-7fa1f89fb000 rw-p 00000000 00:00 0                          [stack:9333]
7fa1f89fb000-7fa1f89fe000 ---p 00000000 00:00 0 
7fa1f89fe000-7fa1f8bfc000 rw-p 00000000 00:00 0                          [stack:9332]
7fa1f8bfc000-7fa1f8bfd000 ---p 00000000 00:00 0 
7fa1f8bfd000-7fa1f9000000 rw-p 00000000 00:00 0                          [stack:9331]
7fa1f9000000-7fa1f9270000 rwxp 00000000 00:00 0 
7fa1f9270000-7fa1fc4a2000 rw-p 00000000 00:00 0 
7fa1fc4a2000-7fa200000000 ---p 00000000 00:00 0 
7fa200046000-7fa200049000 ---p 00000000 00:00 0 
7fa200049000-7fa200d59000 rw-p 00000000 00:00 0                          [stack:9342]
7fa200d59000-7fa200e42000 r--s 00bb9000 08:05 16253440                   /home/luis/.rbenv/versions/jruby-1.7.10/lib/jruby.jar
7fa200e42000-7fa200e8a000 rw-p 00000000 00:00 0 
7fa200e8a000-7fa201038000 r--s 01cf4000 08:05 12322430                   /usr/lib/jvm/java-7-openjdk-amd64/jre/lib/rt.jar
7fa201038000-7fa20127e000 rw-p 00000000 00:00 0 
7fa20127e000-7fa20127f000 ---p 00000000 00:00 0 
7fa20127f000-7fa20137f000 rw-p 00000000 00:00 0                          [stack:9330]
7fa20137f000-7fa201380000 ---p 00000000 00:00 0 
7fa201380000-7fa201480000 rw-p 00000000 00:00 0                          [stack:9329]
7fa201480000-7fa201481000 ---p 00000000 00:00 0 
7fa201481000-7fa201581000 rw-p 00000000 00:00 0                          [stack:9328]
7fa201581000-7fa201582000 ---p 00000000 00:00 0 
7fa201582000-7fa20168f000 rw-p 00000000 00:00 0                          [stack:9327]
7fa20168f000-7fa2016d5000 rw-p 00000000 00:00 0 
7fa2016d5000-7fa2016e9000 rw-p 00000000 00:00 0 
7fa2016e9000-7fa20177b000 rw-p 00000000 00:00 0 
7fa20177b000-7fa20178d000 rw-p 00000000 00:00 0 
7fa20178d000-7fa2017cf000 rw-p 00000000 00:00 0 
7fa2017cf000-7fa2017d0000 rw-p 00000000 00:00 0 
7fa2017d0000-7fa2017d8000 r-xp 00000000 08:05 12322081                   /usr/lib/jvm/java-7-openjdk-amd64/jre/lib/amd64/libzip.so
7fa2017d8000-7fa2019d7000 ---p 00008000 08:05 12322081                   /usr/lib/jvm/java-7-openjdk-amd64/jre/lib/amd64/libzip.so
7fa2019d7000-7fa2019d8000 r--p 00007000 08:05 12322081                   /usr/lib/jvm/java-7-openjdk-amd64/jre/lib/amd64/libzip.so
7fa2019d8000-7fa2019d9000 rw-p 00008000 08:05 12322081                   /usr/lib/jvm/java-7-openjdk-amd64/jre/lib/amd64/libzip.so
7fa2019d9000-7fa2019e5000 r-xp 00000000 08:05 9834349                    /lib/x86_64-linux-gnu/libnss_files-2.17.so
7fa2019e5000-7fa201be4000 ---p 0000c000 08:05 9834349                    /lib/x86_64-linux-gnu/libnss_files-2.17.so
7fa201be4000-7fa201be5000 r--p 0000b000 08:05 9834349                    /lib/x86_64-linux-gnu/libnss_files-2.17.so
7fa201be5000-7fa201be6000 rw-p 0000c000 08:05 9834349                    /lib/x86_64-linux-gnu/libnss_files-2.17.so
7fa201be6000-7fa201bf1000 r-xp 00000000 08:05 9834353                    /lib/x86_64-linux-gnu/libnss_nis-2.17.so
7fa201bf1000-7fa201df0000 ---p 0000b000 08:05 9834353                    /lib/x86_64-linux-gnu/libnss_nis-2.17.so
7fa201df0000-7fa201df1000 r--p 0000a000 08:05 9834353                    /lib/x86_64-linux-gnu/libnss_nis-2.17.so
7fa201df1000-7fa201df2000 rw-p 0000b000 08:05 9834353                    /lib/x86_64-linux-gnu/libnss_nis-2.17.so
7fa201df2000-7fa201e09000 r-xp 00000000 08:05 9834343                    /lib/x86_64-linux-gnu/libnsl-2.17.so
7fa201e09000-7fa202008000 ---p 00017000 08:05 9834343                    /lib/x86_64-linux-gnu/libnsl-2.17.so
7fa202008000-7fa202009000 r--p 00016000 08:05 9834343                    /lib/x86_64-linux-gnu/libnsl-2.17.so
7fa202009000-7fa20200a000 rw-p 00017000 08:05 9834343                    /lib/x86_64-linux-gnu/libnsl-2.17.so
7fa20200a000-7fa20200c000 rw-p 00000000 00:00 0 
7fa20200c000-7fa202014000 r-xp 00000000 08:05 9834345                    /lib/x86_64-linux-gnu/libnss_compat-2.17.so
7fa202014000-7fa202213000 ---p 00008000 08:05 9834345                    /lib/x86_64-linux-gnu/libnss_compat-2.17.so
7fa202213000-7fa202214000 r--p 00007000 08:05 9834345                    /lib/x86_64-linux-gnu/libnss_compat-2.17.so
7fa202214000-7fa202215000 rw-p 00008000 08:05 9834345                    /lib/x86_64-linux-gnu/libnss_compat-2.17.so
7fa202215000-7fa202240000 r-xp 00000000 08:05 12322007                   /usr/lib/jvm/java-7-openjdk-amd64/jre/lib/amd64/libjava.so
7fa202240000-7fa20243f000 ---p 0002b000 08:05 12322007                   /usr/lib/jvm/java-7-openjdk-amd64/jre/lib/amd64/libjava.so
7fa20243f000-7fa202440000 r--p 0002a000 08:05 12322007                   /usr/lib/jvm/java-7-openjdk-amd64/jre/lib/amd64/libjava.so
7fa202440000-7fa202442000 rw-p 0002b000 08:05 12322007                   /usr/lib/jvm/java-7-openjdk-amd64/jre/lib/amd64/libjava.so
7fa202442000-7fa202452000 r-xp 00000000 08:05 12322321                   /usr/lib/jvm/java-7-openjdk-amd64/jre/lib/amd64/libverify.so
7fa202452000-7fa202651000 ---p 00010000 08:05 12322321                   /usr/lib/jvm/java-7-openjdk-amd64/jre/lib/amd64/libverify.so
7fa202651000-7fa202653000 r--p 0000f000 08:05 12322321                   /usr/lib/jvm/java-7-openjdk-amd64/jre/lib/amd64/libverify.so
7fa202653000-7fa202654000 rw-p 00011000 08:05 12322321                   /usr/lib/jvm/java-7-openjdk-amd64/jre/lib/amd64/libverify.so
7fa202654000-7fa20265b000 r-xp 00000000 08:05 9834396                    /lib/x86_64-linux-gnu/librt-2.17.so
7fa20265b000-7fa20285a000 ---p 00007000 08:05 9834396                    /lib/x86_64-linux-gnu/librt-2.17.so
7fa20285a000-7fa20285b000 r--p 00006000 08:05 9834396                    /lib/x86_64-linux-gnu/librt-2.17.so
7fa20285b000-7fa20285c000 rw-p 00007000 08:05 9834396                    /lib/x86_64-linux-gnu/librt-2.17.so
7fa20285c000-7fa20285f000 ---p 00000000 00:00 0 
7fa20285f000-7fa202a5d000 rw-p 00000000 00:00 0                          [stack:9326]
7fa202a5d000-7fa202a72000 r-xp 00000000 08:05 9830413                    /lib/x86_64-linux-gnu/libgcc_s.so.1
7fa202a72000-7fa202c71000 ---p 00015000 08:05 9830413                    /lib/x86_64-linux-gnu/libgcc_s.so.1
7fa202c71000-7fa202c72000 r--p 00014000 08:05 9830413                    /lib/x86_64-linux-gnu/libgcc_s.so.1
7fa202c72000-7fa202c73000 rw-p 00015000 08:05 9830413                    /lib/x86_64-linux-gnu/libgcc_s.so.1
7fa202c73000-7fa202d76000 r-xp 00000000 08:05 9834324                    /lib/x86_64-linux-gnu/libm-2.17.so
7fa202d76000-7fa202f75000 ---p 00103000 08:05 9834324                    /lib/x86_64-linux-gnu/libm-2.17.so
7fa202f75000-7fa202f76000 r--p 00102000 08:05 9834324                    /lib/x86_64-linux-gnu/libm-2.17.so
7fa202f76000-7fa202f77000 rw-p 00103000 08:05 9834324                    /lib/x86_64-linux-gnu/libm-2.17.so
7fa202f77000-7fa20305d000 r-xp 00000000 08:05 12190887                   /usr/lib/x86_64-linux-gnu/libstdc++.so.6.0.18
7fa20305d000-7fa20325c000 ---p 000e6000 08:05 12190887                   /usr/lib/x86_64-linux-gnu/libstdc++.so.6.0.18
7fa20325c000-7fa203264000 r--p 000e5000 08:05 12190887                   /usr/lib/x86_64-linux-gnu/libstdc++.so.6.0.18
7fa203264000-7fa203266000 rw-p 000ed000 08:05 12190887                   /usr/lib/x86_64-linux-gnu/libstdc++.so.6.0.18
7fa203266000-7fa20327b000 rw-p 00000000 00:00 0 
7fa20327b000-7fa203d5a000 r-xp 00000000 08:05 12322340                   /usr/lib/jvm/java-7-openjdk-amd64/jre/lib/amd64/server/libjvm.so
7fa203d5a000-7fa203f59000 ---p 00adf000 08:05 12322340                   /usr/lib/jvm/java-7-openjdk-amd64/jre/lib/amd64/server/libjvm.so
7fa203f59000-7fa203feb000 r--p 00ade000 08:05 12322340                   /usr/lib/jvm/java-7-openjdk-amd64/jre/lib/amd64/server/libjvm.so
7fa203feb000-7fa20400e000 rw-p 00b70000 08:05 12322340                   /usr/lib/jvm/java-7-openjdk-amd64/jre/lib/amd64/server/libjvm.so
7fa20400e000-7fa20403b000 rw-p 00000000 00:00 0 
7fa20403b000-7fa204053000 r-xp 00000000 08:05 9834431                    /lib/x86_64-linux-gnu/libz.so.1.2.8
7fa204053000-7fa204252000 ---p 00018000 08:05 9834431                    /lib/x86_64-linux-gnu/libz.so.1.2.8
7fa204252000-7fa204253000 r--p 00017000 08:05 9834431                    /lib/x86_64-linux-gnu/libz.so.1.2.8
7fa204253000-7fa204254000 rw-p 00018000 08:05 9834431                    /lib/x86_64-linux-gnu/libz.so.1.2.8
7fa204254000-7fa20426b000 r-xp 00000000 08:05 9834388                    /lib/x86_64-linux-gnu/libpthread-2.17.so
7fa20426b000-7fa20446b000 ---p 00017000 08:05 9834388                    /lib/x86_64-linux-gnu/libpthread-2.17.so
7fa20446b000-7fa20446c000 r--p 00017000 08:05 9834388                    /lib/x86_64-linux-gnu/libpthread-2.17.so
7fa20446c000-7fa20446d000 rw-p 00018000 08:05 9834388                    /lib/x86_64-linux-gnu/libpthread-2.17.so
7fa20446d000-7fa204471000 rw-p 00000000 00:00 0 
7fa204471000-7fa204474000 r-xp 00000000 08:05 9834288                    /lib/x86_64-linux-gnu/libdl-2.17.so
7fa204474000-7fa204673000 ---p 00003000 08:05 9834288                    /lib/x86_64-linux-gnu/libdl-2.17.so
7fa204673000-7fa204674000 r--p 00002000 08:05 9834288                    /lib/x86_64-linux-gnu/libdl-2.17.so
7fa204674000-7fa204675000 rw-p 00003000 08:05 9834288                    /lib/x86_64-linux-gnu/libdl-2.17.so
7fa204675000-7fa204832000 r-xp 00000000 08:05 9834273                    /lib/x86_64-linux-gnu/libc-2.17.so
7fa204832000-7fa204a32000 ---p 001bd000 08:05 9834273                    /lib/x86_64-linux-gnu/libc-2.17.so
7fa204a32000-7fa204a36000 r--p 001bd000 08:05 9834273                    /lib/x86_64-linux-gnu/libc-2.17.so
7fa204a36000-7fa204a38000 rw-p 001c1000 08:05 9834273                    /lib/x86_64-linux-gnu/libc-2.17.so
7fa204a38000-7fa204a3d000 rw-p 00000000 00:00 0 
7fa204a3d000-7fa204a4a000 r-xp 00000000 08:05 12322347                   /usr/lib/jvm/java-7-openjdk-amd64/jre/lib/amd64/jli/libjli.so
7fa204a4a000-7fa204c49000 ---p 0000d000 08:05 12322347                   /usr/lib/jvm/java-7-openjdk-amd64/jre/lib/amd64/jli/libjli.so
7fa204c49000-7fa204c4a000 r--p 0000c000 08:05 12322347                   /usr/lib/jvm/java-7-openjdk-amd64/jre/lib/amd64/jli/libjli.so
7fa204c4a000-7fa204c4b000 rw-p 0000d000 08:05 12322347                   /usr/lib/jvm/java-7-openjdk-amd64/jre/lib/amd64/jli/libjli.so
7fa204c4b000-7fa204c6e000 r-xp 00000000 08:05 9834249                    /lib/x86_64-linux-gnu/ld-2.17.so
7fa204c73000-7fa204c74000 rw-p 00000000 00:00 0 
7fa204c74000-7fa204c75000 r-xp 00000000 00:00 0 
7fa204c75000-7fa204c7c000 r--s 00000000 08:05 12588976                   /usr/lib/x86_64-linux-gnu/gconv/gconv-modules.cache
7fa204c7c000-7fa204c81000 r--s 0004c000 08:05 12322352                   /usr/lib/jvm/java-7-openjdk-amd64/jre/lib/jsse.jar
7fa204c81000-7fa204c84000 r--s 00032000 08:05 12322366                   /usr/lib/jvm/java-7-openjdk-amd64/jre/lib/ext/sunjce_provider.jar
7fa204c84000-7fa204c87000 r--s 0000f000 08:05 12322362                   /usr/lib/jvm/java-7-openjdk-amd64/jre/lib/ext/pulse-java.jar
7fa204c87000-7fa204ca2000 rw-p 00000000 00:00 0 
7fa204ca2000-7fa204ce8000 rw-p 00000000 00:00 0 
7fa204ce8000-7fa204cfc000 rw-p 00000000 00:00 0 
7fa204cfc000-7fa204d8f000 rw-p 00000000 00:00 0 
7fa204d8f000-7fa204d99000 rw-p 00000000 00:00 0 
7fa204d99000-7fa204e4f000 rw-p 00000000 00:00 0 
7fa204e4f000-7fa204e54000 rw-p 00000000 00:00 0 
7fa204e54000-7fa204e56000 r--s 00006000 08:05 12717881                   /usr/share/java/java-atk-wrapper.jar
7fa204e56000-7fa204e5a000 r--s 00085000 08:05 12322360                   /usr/lib/jvm/java-7-openjdk-amd64/jre/lib/ext/localedata.jar
7fa204e5a000-7fa204e5e000 r--s 0003b000 08:05 12322372                   /usr/lib/jvm/java-7-openjdk-amd64/jre/lib/ext/sunpkcs11.jar
7fa204e5e000-7fa204e5f000 r--s 00002000 08:05 12322370                   /usr/lib/jvm/java-7-openjdk-amd64/jre/lib/ext/dnsns.jar
7fa204e5f000-7fa204e61000 r--s 00012000 08:05 12322364                   /usr/lib/jvm/java-7-openjdk-amd64/jre/lib/ext/zipfs.jar
7fa204e61000-7fa204e69000 rw-s 00000000 08:05 7340078                    /tmp/hsperfdata_luis/9301
7fa204e69000-7fa204e6a000 rw-p 00000000 00:00 0 
7fa204e6a000-7fa204e6b000 r--p 00000000 00:00 0 
7fa204e6b000-7fa204e6d000 rw-p 00000000 00:00 0 
7fa204e6d000-7fa204e6e000 r--p 00022000 08:05 9834249                    /lib/x86_64-linux-gnu/ld-2.17.so
7fa204e6e000-7fa204e70000 rw-p 00023000 08:05 9834249                    /lib/x86_64-linux-gnu/ld-2.17.so
7fffeb041000-7fffeb062000 rw-p 00000000 00:00 0                          [stack]
7fffeb1fe000-7fffeb200000 r-xp 00000000 00:00 0                          [vdso]
ffffffffff600000-ffffffffff601000 r-xp 00000000 00:00 0                  [vsyscall]

VM Arguments:
jvm_args: -Djdk.home= -Djruby.home=/home/luis/.rbenv/versions/jruby-1.7.10 -Djruby.script=jruby -Djruby.shell=/bin/sh -Djffi.boot.library.path=/home/luis/.rbenv/versions/jruby-1.7.10/lib/jni:/home/luis/.rbenv/versions/jruby-1.7.10/lib/jni/arm-Linux:/home/luis/.rbenv/versions/jruby-1.7.10/lib/jni/x86_64-Linux:/home/luis/.rbenv/versions/jruby-1.7.10/lib/jni/i386-Linux -Xmx500m -Xss2048k -Xbootclasspath/a:/home/luis/.rbenv/versions/jruby-1.7.10/lib/jruby.jar 
java_command: org/jruby/Main Makefile.rb clean compile test
Launcher Type: SUN_STANDARD

Environment Variables:
PATH=/home/luis/.rbenv/versions/jruby-1.7.10/bin:/home/luis/.rbenv/libexec:/home/luis/.rbenv/plugins/ruby-build/bin:/home/luis/.rbenv/shims:~/.rbenv/bin:~/.rbenv/bin:/usr/local/sbin:/usr/local/bin:/usr/sbin:/usr/bin:/sbin:/bin:/usr/games:/usr/local/games
USERNAME=luis
SHELL=/bin/bash
DISPLAY=:0

Signal Handlers:
SIGSEGV: [libjvm.so+0x916ea0], sa_mask[0]=0x7ffbfeff, sa_flags=0x10000004
SIGBUS: [libjvm.so+0x916ea0], sa_mask[0]=0x7ffbfeff, sa_flags=0x10000004
SIGFPE: [libjvm.so+0x794800], sa_mask[0]=0x7ffbfeff, sa_flags=0x10000004
SIGPIPE: [libjvm.so+0x794800], sa_mask[0]=0x7ffbfeff, sa_flags=0x10000004
SIGXFSZ: [libjvm.so+0x794800], sa_mask[0]=0x7ffbfeff, sa_flags=0x10000004
SIGILL: [libjvm.so+0x794800], sa_mask[0]=0x7ffbfeff, sa_flags=0x10000004
SIGUSR1: SIG_DFL, sa_mask[0]=0x00000000, sa_flags=0x00000000
SIGUSR2: [libjvm.so+0x7946a0], sa_mask[0]=0x00000000, sa_flags=0x10000004
SIGHUP: [libjvm.so+0x794880], sa_mask[0]=0x7ffbfeff, sa_flags=0x10000004
SIGINT: [libjvm.so+0x794880], sa_mask[0]=0x7ffbfeff, sa_flags=0x10000004
SIGTERM: [libjvm.so+0x794880], sa_mask[0]=0x7ffbfeff, sa_flags=0x10000004
SIGQUIT: [libjvm.so+0x794880], sa_mask[0]=0x7ffbfeff, sa_flags=0x10000004


---------------  S Y S T E M  ---------------

OS:LinuxMint 16 (petra)
uname:Linux 3.11.0-12-generic #19-Ubuntu SMP Wed Oct 9 16:20:46 UTC 2013 x86_64
libc:glibc 2.17 NPTL 2.17 
rlimit: STACK 8192k, CORE 0k, NPROC 29806, NOFILE 4096, AS infinity
load average:0,19 0,12 0,14

/proc/meminfo:
MemTotal:        3844532 kB
MemFree:         2854080 kB
Buffers:           55852 kB
Cached:           526568 kB
SwapCached:            0 kB
Active:           469064 kB
Inactive:         413104 kB
Active(anon):     300684 kB
Inactive(anon):   121660 kB
Active(file):     168380 kB
Inactive(file):   291444 kB
Unevictable:           0 kB
Mlocked:               0 kB
SwapTotal:       3987452 kB
SwapFree:        3987452 kB
Dirty:               156 kB
Writeback:             0 kB
AnonPages:        299616 kB
Mapped:            87860 kB
Shmem:            122600 kB
Slab:              48200 kB
SReclaimable:      27668 kB
SUnreclaim:        20532 kB
KernelStack:        2736 kB
PageTables:        14768 kB
NFS_Unstable:          0 kB
Bounce:                0 kB
WritebackTmp:          0 kB
CommitLimit:     5909716 kB
Committed_AS:    1539960 kB
VmallocTotal:   34359738367 kB
VmallocUsed:      348004 kB
VmallocChunk:   34359386120 kB
HardwareCorrupted:     0 kB
AnonHugePages:         0 kB
HugePages_Total:       0
HugePages_Free:        0
HugePages_Rsvd:        0
HugePages_Surp:        0
Hugepagesize:       2048 kB
DirectMap4k:       58612 kB
DirectMap2M:     3930112 kB


CPU:total 4 (2 cores per cpu, 2 threads per core) family 6 model 37 stepping 5, cmov, cx8, fxsr, mmx, sse, sse2, sse3, ssse3, sse4.1, sse4.2, popcnt, ht, tsc, tscinvbit

/proc/cpuinfo:
processor	: 0
vendor_id	: GenuineIntel
cpu family	: 6
model		: 37
model name	: Intel(R) Core(TM) i5 CPU       M 460  @ 2.53GHz
stepping	: 5
microcode	: 0x2
cpu MHz		: 1199.000
cache size	: 3072 KB
physical id	: 0
siblings	: 4
core id		: 0
cpu cores	: 2
apicid		: 0
initial apicid	: 0
fpu		: yes
fpu_exception	: yes
cpuid level	: 11
wp		: yes
flags		: fpu vme de pse tsc msr pae mce cx8 apic sep mtrr pge mca cmov pat pse36 clflush dts acpi mmx fxsr sse sse2 ss ht tm pbe syscall nx rdtscp lm constant_tsc arch_perfmon pebs bts rep_good nopl xtopology nonstop_tsc aperfmperf pni dtes64 monitor ds_cpl vmx est tm2 ssse3 cx16 xtpr pdcm pcid sse4_1 sse4_2 popcnt lahf_lm ida arat dtherm tpr_shadow vnmi flexpriority ept vpid
bogomips	: 5066.78
clflush size	: 64
cache_alignment	: 64
address sizes	: 36 bits physical, 48 bits virtual
power management:

processor	: 1
vendor_id	: GenuineIntel
cpu family	: 6
model		: 37
model name	: Intel(R) Core(TM) i5 CPU       M 460  @ 2.53GHz
stepping	: 5
microcode	: 0x2
cpu MHz		: 1199.000
cache size	: 3072 KB
physical id	: 0
siblings	: 4
core id		: 0
cpu cores	: 2
apicid		: 1
initial apicid	: 1
fpu		: yes
fpu_exception	: yes
cpuid level	: 11
wp		: yes
flags		: fpu vme de pse tsc msr pae mce cx8 apic sep mtrr pge mca cmov pat pse36 clflush dts acpi mmx fxsr sse sse2 ss ht tm pbe syscall nx rdtscp lm constant_tsc arch_perfmon pebs bts rep_good nopl xtopology nonstop_tsc aperfmperf pni dtes64 monitor ds_cpl vmx est tm2 ssse3 cx16 xtpr pdcm pcid sse4_1 sse4_2 popcnt lahf_lm ida arat dtherm tpr_shadow vnmi flexpriority ept vpid
bogomips	: 5066.78
clflush size	: 64
cache_alignment	: 64
address sizes	: 36 bits physical, 48 bits virtual
power management:

processor	: 2
vendor_id	: GenuineIntel
cpu family	: 6
model		: 37
model name	: Intel(R) Core(TM) i5 CPU       M 460  @ 2.53GHz
stepping	: 5
microcode	: 0x2
cpu MHz		: 1199.000
cache size	: 3072 KB
physical id	: 0
siblings	: 4
core id		: 2
cpu cores	: 2
apicid		: 4
initial apicid	: 4
fpu		: yes
fpu_exception	: yes
cpuid level	: 11
wp		: yes
flags		: fpu vme de pse tsc msr pae mce cx8 apic sep mtrr pge mca cmov pat pse36 clflush dts acpi mmx fxsr sse sse2 ss ht tm pbe syscall nx rdtscp lm constant_tsc arch_perfmon pebs bts rep_good nopl xtopology nonstop_tsc aperfmperf pni dtes64 monitor ds_cpl vmx est tm2 ssse3 cx16 xtpr pdcm pcid sse4_1 sse4_2 popcnt lahf_lm ida arat dtherm tpr_shadow vnmi flexpriority ept vpid
bogomips	: 5066.78
clflush size	: 64
cache_alignment	: 64
address sizes	: 36 bits physical, 48 bits virtual
power management:

processor	: 3
vendor_id	: GenuineIntel
cpu family	: 6
model		: 37
model name	: Intel(R) Core(TM) i5 CPU       M 460  @ 2.53GHz
stepping	: 5
microcode	: 0x2
cpu MHz		: 2534.000
cache size	: 3072 KB
physical id	: 0
siblings	: 4
core id		: 2
cpu cores	: 2
apicid		: 5
initial apicid	: 5
fpu		: yes
fpu_exception	: yes
cpuid level	: 11
wp		: yes
flags		: fpu vme de pse tsc msr pae mce cx8 apic sep mtrr pge mca cmov pat pse36 clflush dts acpi mmx fxsr sse sse2 ss ht tm pbe syscall nx rdtscp lm constant_tsc arch_perfmon pebs bts rep_good nopl xtopology nonstop_tsc aperfmperf pni dtes64 monitor ds_cpl vmx est tm2 ssse3 cx16 xtpr pdcm pcid sse4_1 sse4_2 popcnt lahf_lm ida arat dtherm tpr_shadow vnmi flexpriority ept vpid
bogomips	: 5066.78
clflush size	: 64
cache_alignment	: 64
address sizes	: 36 bits physical, 48 bits virtual
power management:



Memory: 4k page, physical 3844532k(2854080k free), swap 3987452k(3987452k free)

vm_info: OpenJDK 64-Bit Server VM (24.45-b08) for linux-amd64 JRE (1.7.0_51-b00), built on Jan 15 2014 22:02:57 by "buildd" with gcc 4.8.1

time: Mon Apr  7 11:48:27 2014
elapsed time: 3 seconds

