#
# A fatal error has been detected by the Java Runtime Environment:
#
#  SIGSEGV (0xb) at pc=0x00007f30d07fd90a, pid=3752, tid=139847947667200
#
# JRE version: OpenJDK Runtime Environment (7.0_51) (build 1.7.0_51-b00)
# Java VM: OpenJDK 64-Bit Server VM (24.45-b08 mixed mode linux-amd64 compressed oops)
# Problematic frame:
# C  [libconvex_hull.so+0x190a]  convex_hull+0x274
#
# Failed to write core dump. Core dumps have been disabled. To enable core dumping, try "ulimit -c unlimited" before starting Java again
#
# If you would like to submit a bug report, please include
# instructions on how to reproduce the bug and visit:
#   http://icedtea.classpath.org/bugzilla
# The crash happened outside the Java Virtual Machine in native code.
# See problematic frame for where to report the bug.
#

---------------  T H R E A D  ---------------

Current thread (0x00007f30dc00a800):  JavaThread "main" [_thread_in_native, id=3777, stack(0x00007f30e31e4000,0x00007f30e33e5000)]

siginfo:si_signo=SIGSEGV: si_errno=0, si_code=1 (SEGV_MAPERR), si_addr=0x0000000000000000

Registers:
RAX=0x0000000000000000, RBX=0x00000000d79ca7a0, RCX=0x00007f30dc000028, RDX=0x0000000000000005
RSP=0x00007f30e33e1e70, RBP=0x00007f30e33e1f20, RSI=0x0000000000000000, RDI=0x00007f30dc000020
R8 =0x0000000000000000, R9 =0x0000000000000018, R10=0x00007f30e33e1b00, R11=0x00007f30d0c0293f
R12=0x0000000000000000, R13=0x00000000d79ca7a0, R14=0x00007f30e33e2008, R15=0x00007f30dc00a800
RIP=0x00007f30d07fd90a, EFLAGS=0x0000000000010206, CSGSFS=0x0000000000000033, ERR=0x0000000000000004
  TRAPNO=0x000000000000000e

Top of Stack: (sp=0x00007f30e33e1e70)
0x00007f30e33e1e70:   00000000e1317d68 00007f30dc45ec30
0x00007f30e33e1e80:   00000008e11c7ed8 0000000000000000
0x00007f30e33e1e90:   00007f30dc45a680 00007f30dc45a830
0x00007f30e33e1ea0:   00007f30dc4930e0 00007f30dc493100
0x00007f30e33e1eb0:   00007f30dc493120 00007f30dc493140
0x00007f30e33e1ec0:   00007f30dc493160 00007f30dc493180
0x00007f30e33e1ed0:   00007f30dc4931a0 00007f30dc4932c0
0x00007f30e33e1ee0:   00007f30dc45a830 00007f30dc4932e0
0x00007f30e33e1ef0:   00007f30dc4930e0 00007f30dc493300
0x00007f30e33e1f00:   00007f30dc493100 00007f30dc493320
0x00007f30e33e1f10:   00007f30dc4931a0 00007f30dc493480
0x00007f30e33e1f20:   00007f30dc442c60 00007f30d178fcd9
0x00007f30e33e1f30:   00000000d7eceee8 00000000d79ca7a0
0x00007f30e33e1f40:   00007f30e33e1fc0 00007f30d9012738
0x00007f30e33e1f50:   00007f30e33e1fe0 00007f30d9006233
0x00007f30e33e1f60:   00000000e1560fc8 00000000e155d540
0x00007f30e33e1f70:   00000000e1445f98 00000000e1317d68
0x00007f30e33e1f80:   00007f30e33e1f80 0000000000000000
0x00007f30e33e1f90:   00007f30e33e2008 00000000d79d2cc8
0x00007f30e33e1fa0:   0000000000000000 00000000d79ca7a0
0x00007f30e33e1fb0:   0000000000000000 00007f30e33e1fe0
0x00007f30e33e1fc0:   00007f30e33e2050 00007f30d9006175
0x00007f30e33e1fd0:   00000000e10d0718 00007f30d900ecd7
0x00007f30e33e1fe0:   00007f30dc45ec30 00000000d7d61458
0x00007f30e33e1ff0:   00007f30d07fd696 00007f30e33e2010
0x00007f30e33e2000:   00007f30dc442c60 00007f30d9006233
0x00007f30e33e2010:   00007f30e33e2010 00000000d7ac7607
0x00007f30e33e2020:   00007f30e33e2088 00000000d7ad3860
0x00007f30e33e2030:   0000000000000000 00000000d7ac7648
0x00007f30e33e2040:   00007f30e33e1fe0 00007f30e33e2060
0x00007f30e33e2050:   00007f30e33e20d8 00007f30d9006175
0x00007f30e33e2060:   00007f30dc45ec30 00000000e1317d98 

Instructions: (pc=0x00007f30d07fd90a)
0x00007f30d07fd8ea:   ff 03 00 00 00 eb 4a 48 8b 85 68 ff ff ff 48 8b
0x00007f30d07fd8fa:   40 10 48 89 85 68 ff ff ff 48 8b 85 68 ff ff ff
0x00007f30d07fd90a:   48 8b 00 48 89 45 f0 48 8b 45 f0 48 89 c7 e8 b3
0x00007f30d07fd91a:   f1 ff ff 48 89 45 f8 48 8b 55 f8 48 8b 45 b8 48 

Register to memory mapping:

RAX=0x0000000000000000 is an unknown value
RBX=0x00000000d79ca7a0 is an oop
{method} 
 - klass: {other class}
RCX=0x00007f30dc000028 is an unknown value
RDX=0x0000000000000005 is an unknown value
RSP=0x00007f30e33e1e70 is pointing into the stack for thread: 0x00007f30dc00a800
RBP=0x00007f30e33e1f20 is pointing into the stack for thread: 0x00007f30dc00a800
RSI=0x0000000000000000 is an unknown value
RDI=0x00007f30dc000020 is an unknown value
R8 =0x0000000000000000 is an unknown value
R9 =0x0000000000000018 is an unknown value
R10=0x00007f30e33e1b00 is pointing into the stack for thread: 0x00007f30dc00a800
R11=0x00007f30d0c0293f: destroy_point+0 in lib/lib2d_points.so at 0x00007f30d0c02000
R12=0x0000000000000000 is an unknown value
R13=0x00000000d79ca7a0 is an oop
{method} 
 - klass: {other class}
R14=0x00007f30e33e2008 is pointing into the stack for thread: 0x00007f30dc00a800
R15=0x00007f30dc00a800 is a thread


Stack: [0x00007f30e31e4000,0x00007f30e33e5000],  sp=0x00007f30e33e1e70,  free space=2039k
Native frames: (J=compiled Java code, j=interpreted, Vv=VM code, C=native code)
C  [libconvex_hull.so+0x190a]  convex_hull+0x274

Java frames: (J=compiled Java code, j=interpreted, Vv=VM code)
j  com.kenai.jffi.Foreign.invokeL1(JJJ)J+0
j  com.kenai.jffi.Invoker.invokeL1(Lcom/kenai/jffi/CallContext;JJ)J+7
j  org.jruby.ext.ffi.jffi.NativeInvoker$ffi$1.call(Lorg/jruby/runtime/ThreadContext;Lorg/jruby/runtime/builtin/IRubyObject;Lorg/jruby/RubyModule;Ljava/lang/String;Lorg/jruby/runtime/builtin/IRubyObject;)Lorg/jruby/runtime/builtin/IRubyObject;+76
j  org.jruby.runtime.callsite.CachingCallSite.cacheAndCall(Lorg/jruby/runtime/builtin/IRubyObject;Lorg/jruby/RubyClass;Lorg/jruby/runtime/ThreadContext;Lorg/jruby/runtime/builtin/IRubyObject;Lorg/jruby/runtime/builtin/IRubyObject;)Lorg/jruby/runtime/builtin/IRubyObject;+57
J  org.jruby.runtime.callsite.CachingCallSite.call(Lorg/jruby/runtime/ThreadContext;Lorg/jruby/runtime/builtin/IRubyObject;Lorg/jruby/runtime/builtin/IRubyObject;Lorg/jruby/runtime/builtin/IRubyObject;)Lorg/jruby/runtime/builtin/IRubyObject;
J  org.jruby.ast.CallOneArgNode.interpret(Lorg/jruby/Ruby;Lorg/jruby/runtime/ThreadContext;Lorg/jruby/runtime/builtin/IRubyObject;Lorg/jruby/runtime/Block;)Lorg/jruby/runtime/builtin/IRubyObject;
j  org.jruby.ast.LocalAsgnNode.interpret(Lorg/jruby/Ruby;Lorg/jruby/runtime/ThreadContext;Lorg/jruby/runtime/builtin/IRubyObject;Lorg/jruby/runtime/Block;)Lorg/jruby/runtime/builtin/IRubyObject;+30
J  org.jruby.ast.BlockNode.interpret(Lorg/jruby/Ruby;Lorg/jruby/runtime/ThreadContext;Lorg/jruby/runtime/builtin/IRubyObject;Lorg/jruby/runtime/Block;)Lorg/jruby/runtime/builtin/IRubyObject;
j  org.jruby.evaluator.ASTInterpreter.INTERPRET_METHOD(Lorg/jruby/Ruby;Lorg/jruby/runtime/ThreadContext;Ljava/lang/String;ILorg/jruby/RubyModule;Lorg/jruby/ast/Node;Ljava/lang/String;Lorg/jruby/runtime/builtin/IRubyObject;Lorg/jruby/runtime/Block;Z)Lorg/jruby/runtime/builtin/IRubyObject;+30
j  org.jruby.internal.runtime.methods.InterpretedMethod.call(Lorg/jruby/runtime/ThreadContext;Lorg/jruby/runtime/builtin/IRubyObject;Lorg/jruby/RubyModule;Ljava/lang/String;)Lorg/jruby/runtime/builtin/IRubyObject;+80
j  org.jruby.internal.runtime.methods.DefaultMethod.call(Lorg/jruby/runtime/ThreadContext;Lorg/jruby/runtime/builtin/IRubyObject;Lorg/jruby/RubyModule;Ljava/lang/String;)Lorg/jruby/runtime/builtin/IRubyObject;+20
j  org.jruby.runtime.callsite.CachingCallSite.cacheAndCall(Lorg/jruby/runtime/builtin/IRubyObject;Lorg/jruby/RubyClass;Lorg/jruby/runtime/ThreadContext;Lorg/jruby/runtime/builtin/IRubyObject;)Lorg/jruby/runtime/builtin/IRubyObject;+53
j  org.jruby.runtime.callsite.CachingCallSite.call(Lorg/jruby/runtime/ThreadContext;Lorg/jruby/runtime/builtin/IRubyObject;Lorg/jruby/runtime/builtin/IRubyObject;)Lorg/jruby/runtime/builtin/IRubyObject;+46
j  org.jruby.ast.CallNoArgNode.interpret(Lorg/jruby/Ruby;Lorg/jruby/runtime/ThreadContext;Lorg/jruby/runtime/builtin/IRubyObject;Lorg/jruby/runtime/Block;)Lorg/jruby/runtime/builtin/IRubyObject;+18
j  org.jruby.ast.FCallTwoArgNode.interpret(Lorg/jruby/Ruby;Lorg/jruby/runtime/ThreadContext;Lorg/jruby/runtime/builtin/IRubyObject;Lorg/jruby/runtime/Block;)Lorg/jruby/runtime/builtin/IRubyObject;+28
J  org.jruby.ast.NewlineNode.interpret(Lorg/jruby/Ruby;Lorg/jruby/runtime/ThreadContext;Lorg/jruby/runtime/builtin/IRubyObject;Lorg/jruby/runtime/Block;)Lorg/jruby/runtime/builtin/IRubyObject;
j  org.jruby.ast.BlockNode.interpret(Lorg/jruby/Ruby;Lorg/jruby/runtime/ThreadContext;Lorg/jruby/runtime/builtin/IRubyObject;Lorg/jruby/runtime/Block;)Lorg/jruby/runtime/builtin/IRubyObject;+33
j  org.jruby.evaluator.ASTInterpreter.INTERPRET_METHOD(Lorg/jruby/Ruby;Lorg/jruby/runtime/ThreadContext;Ljava/lang/String;ILorg/jruby/RubyModule;Lorg/jruby/ast/Node;Ljava/lang/String;Lorg/jruby/runtime/builtin/IRubyObject;Lorg/jruby/runtime/Block;Z)Lorg/jruby/runtime/builtin/IRubyObject;+30
j  org.jruby.internal.runtime.methods.InterpretedMethod.call(Lorg/jruby/runtime/ThreadContext;Lorg/jruby/runtime/builtin/IRubyObject;Lorg/jruby/RubyModule;Ljava/lang/String;)Lorg/jruby/runtime/builtin/IRubyObject;+80
j  org.jruby.internal.runtime.methods.DefaultMethod.call(Lorg/jruby/runtime/ThreadContext;Lorg/jruby/runtime/builtin/IRubyObject;Lorg/jruby/RubyModule;Ljava/lang/String;)Lorg/jruby/runtime/builtin/IRubyObject;+20
j  org.jruby.runtime.callsite.CachingCallSite.cacheAndCall(Lorg/jruby/runtime/builtin/IRubyObject;Lorg/jruby/RubyClass;Lorg/jruby/runtime/ThreadContext;Lorg/jruby/runtime/builtin/IRubyObject;)Lorg/jruby/runtime/builtin/IRubyObject;+53
j  org.jruby.runtime.callsite.CachingCallSite.call(Lorg/jruby/runtime/ThreadContext;Lorg/jruby/runtime/builtin/IRubyObject;Lorg/jruby/runtime/builtin/IRubyObject;)Lorg/jruby/runtime/builtin/IRubyObject;+46
j  Makefile.method__2$RUBY$test(LMakefile;Lorg/jruby/runtime/ThreadContext;Lorg/jruby/runtime/builtin/IRubyObject;Lorg/jruby/runtime/Block;)Lorg/jruby/runtime/builtin/IRubyObject;+130
j  Makefile$method__2$RUBY$test.call(Lorg/jruby/runtime/ThreadContext;Lorg/jruby/runtime/builtin/IRubyObject;Lorg/jruby/RubyModule;Ljava/lang/String;Lorg/jruby/runtime/Block;)Lorg/jruby/runtime/builtin/IRubyObject;+17
j  org.jruby.RubyClass.finvoke(Lorg/jruby/runtime/ThreadContext;Lorg/jruby/runtime/builtin/IRubyObject;Ljava/lang/String;Lorg/jruby/runtime/Block;)Lorg/jruby/runtime/builtin/IRubyObject;+41
j  org.jruby.RubyBasicObject.send19(Lorg/jruby/runtime/ThreadContext;Lorg/jruby/runtime/builtin/IRubyObject;Lorg/jruby/runtime/Block;)Lorg/jruby/runtime/builtin/IRubyObject;+15
j  org.jruby.RubyKernel.send19(Lorg/jruby/runtime/ThreadContext;Lorg/jruby/runtime/builtin/IRubyObject;Lorg/jruby/runtime/builtin/IRubyObject;Lorg/jruby/runtime/Block;)Lorg/jruby/runtime/builtin/IRubyObject;+7
j  org.jruby.RubyKernel$INVOKER$s$send19.call(Lorg/jruby/runtime/ThreadContext;Lorg/jruby/runtime/builtin/IRubyObject;Lorg/jruby/RubyModule;Ljava/lang/String;Lorg/jruby/runtime/builtin/IRubyObject;Lorg/jruby/runtime/Block;)Lorg/jruby/runtime/builtin/IRubyObject;+6
j  org.jruby.internal.runtime.methods.JavaMethod$JavaMethodOneOrNBlock.call(Lorg/jruby/runtime/ThreadContext;Lorg/jruby/runtime/builtin/IRubyObject;Lorg/jruby/RubyModule;Ljava/lang/String;Lorg/jruby/runtime/builtin/IRubyObject;)Lorg/jruby/runtime/builtin/IRubyObject;+11
j  org.jruby.runtime.callsite.CachingCallSite.call(Lorg/jruby/runtime/ThreadContext;Lorg/jruby/runtime/builtin/IRubyObject;Lorg/jruby/runtime/builtin/IRubyObject;Lorg/jruby/runtime/builtin/IRubyObject;)Lorg/jruby/runtime/builtin/IRubyObject;+38
j  Makefile.block_6$RUBY$__file__(LMakefile;Lorg/jruby/runtime/ThreadContext;Lorg/jruby/runtime/builtin/IRubyObject;[Lorg/jruby/runtime/builtin/IRubyObject;Lorg/jruby/runtime/Block;)Lorg/jruby/runtime/builtin/IRubyObject;+46
j  Makefile$block_6$RUBY$__file__.call(Lorg/jruby/runtime/ThreadContext;Lorg/jruby/runtime/builtin/IRubyObject;[Lorg/jruby/runtime/builtin/IRubyObject;Lorg/jruby/runtime/Block;)Lorg/jruby/runtime/builtin/IRubyObject;+9
j  org.jruby.runtime.CompiledBlock19.yield(Lorg/jruby/runtime/ThreadContext;Lorg/jruby/runtime/builtin/IRubyObject;Lorg/jruby/runtime/Binding;Lorg/jruby/runtime/Block$Type;)Lorg/jruby/runtime/builtin/IRubyObject;+52
j  org.jruby.runtime.Block.yield(Lorg/jruby/runtime/ThreadContext;Lorg/jruby/runtime/builtin/IRubyObject;)Lorg/jruby/runtime/builtin/IRubyObject;+14
j  org.jruby.RubyArray.eachCommon(Lorg/jruby/runtime/ThreadContext;Lorg/jruby/runtime/Block;)Lorg/jruby/runtime/builtin/IRubyObject;+41
j  org.jruby.RubyArray.each(Lorg/jruby/runtime/ThreadContext;Lorg/jruby/runtime/Block;)Lorg/jruby/runtime/builtin/IRubyObject;+10
j  org.jruby.RubyArray$INVOKER$i$0$0$each.call(Lorg/jruby/runtime/ThreadContext;Lorg/jruby/runtime/builtin/IRubyObject;Lorg/jruby/RubyModule;Ljava/lang/String;Lorg/jruby/runtime/Block;)Lorg/jruby/runtime/builtin/IRubyObject;+7
j  org.jruby.runtime.callsite.CachingCallSite.cacheAndCall(Lorg/jruby/runtime/builtin/IRubyObject;Lorg/jruby/RubyClass;Lorg/jruby/runtime/Block;Lorg/jruby/runtime/ThreadContext;Lorg/jruby/runtime/builtin/IRubyObject;)Lorg/jruby/runtime/builtin/IRubyObject;+57
j  org.jruby.runtime.callsite.CachingCallSite.callBlock(Lorg/jruby/runtime/ThreadContext;Lorg/jruby/runtime/builtin/IRubyObject;Lorg/jruby/runtime/builtin/IRubyObject;Lorg/jruby/runtime/Block;)Lorg/jruby/runtime/builtin/IRubyObject;+50
j  org.jruby.runtime.callsite.CachingCallSite.callIter(Lorg/jruby/runtime/ThreadContext;Lorg/jruby/runtime/builtin/IRubyObject;Lorg/jruby/runtime/builtin/IRubyObject;Lorg/jruby/runtime/Block;)Lorg/jruby/runtime/builtin/IRubyObject;+6
j  Makefile.__file__(LMakefile;Lorg/jruby/runtime/ThreadContext;Lorg/jruby/runtime/builtin/IRubyObject;[Lorg/jruby/runtime/builtin/IRubyObject;Lorg/jruby/runtime/Block;)Lorg/jruby/runtime/builtin/IRubyObject;+859
j  Makefile.load(Lorg/jruby/runtime/ThreadContext;Lorg/jruby/runtime/builtin/IRubyObject;Z)Lorg/jruby/runtime/builtin/IRubyObject;+22
j  org.jruby.Ruby.runScript(Lorg/jruby/ast/executable/Script;Z)Lorg/jruby/runtime/builtin/IRubyObject;+12
j  org.jruby.Ruby.runScript(Lorg/jruby/ast/executable/Script;)Lorg/jruby/runtime/builtin/IRubyObject;+3
j  org.jruby.Ruby.runNormally(Lorg/jruby/ast/Node;)Lorg/jruby/runtime/builtin/IRubyObject;+73
j  org.jruby.Ruby.runFromMain(Ljava/io/InputStream;Ljava/lang/String;)V+320
j  org.jruby.Main.doRunFromMain(Lorg/jruby/Ruby;Ljava/io/InputStream;Ljava/lang/String;)Lorg/jruby/Main$Status;+12
j  org.jruby.Main.internalRun()Lorg/jruby/Main$Status;+234
j  org.jruby.Main.run([Ljava/lang/String;)Lorg/jruby/Main$Status;+9
j  org.jruby.Main.main([Ljava/lang/String;)V+35
v  ~StubRoutines::call_stub

---------------  P R O C E S S  ---------------

Java Threads: ( => current thread )
  0x00007f30dc46b000 JavaThread "JRubyJIT-2" daemon [_thread_blocked, id=3860, stack(0x00007f30d1206000,0x00007f30d1407000)]
  0x00007f30dc469000 JavaThread "process reaper" daemon [_thread_blocked, id=3793, stack(0x00007f30e0009000,0x00007f30e0042000)]
  0x00007f30dc459800 JavaThread "JRubyJIT-1" daemon [_thread_blocked, id=3790, stack(0x00007f30d1587000,0x00007f30d1788000)]
  0x00007f30dc0ad000 JavaThread "Service Thread" daemon [_thread_blocked, id=3788, stack(0x00007f30d3200000,0x00007f30d3401000)]
  0x00007f30dc0aa800 JavaThread "C2 CompilerThread1" daemon [_thread_blocked, id=3787, stack(0x00007f30d3401000,0x00007f30d3502000)]
  0x00007f30dc0a7800 JavaThread "C2 CompilerThread0" daemon [_thread_blocked, id=3786, stack(0x00007f30d3502000,0x00007f30d3603000)]
  0x00007f30dc0a5800 JavaThread "Signal Dispatcher" daemon [_thread_blocked, id=3785, stack(0x00007f30d3603000,0x00007f30d3804000)]
  0x00007f30dc082800 JavaThread "Finalizer" daemon [_thread_blocked, id=3784, stack(0x00007f30d3bfe000,0x00007f30d3dff000)]
  0x00007f30dc080800 JavaThread "Reference Handler" daemon [_thread_blocked, id=3783, stack(0x00007f30d3dff000,0x00007f30d4000000)]
=>0x00007f30dc00a800 JavaThread "main" [_thread_in_native, id=3777, stack(0x00007f30e31e4000,0x00007f30e33e5000)]

Other Threads:
  0x00007f30dc07c800 VMThread [stack: 0x00007f30d80f1000,0x00007f30d81f2000] [id=3782]
  0x00007f30dc0b7800 WatcherThread [stack: 0x00007f30d30ff000,0x00007f30d3200000] [id=3789]

VM state:not at safepoint (normal execution)

VM Mutex/Monitor currently owned by a thread: None

Heap
 PSYoungGen      total 157184K, used 6365K [0x00000000f5900000, 0x0000000100000000, 0x0000000100000000)
  eden space 156672K, 4% used [0x00000000f5900000,0x00000000f5f1f470,0x00000000ff200000)
  from space 512K, 18% used [0x00000000ff200000,0x00000000ff218000,0x00000000ff280000)
  to   space 7680K, 0% used [0x00000000ff880000,0x00000000ff880000,0x0000000100000000)
 ParOldGen       total 39936K, used 10226K [0x00000000e0c00000, 0x00000000e3300000, 0x00000000f5900000)
  object space 39936K, 25% used [0x00000000e0c00000,0x00000000e15fca28,0x00000000e3300000)
 PSPermGen       total 25600K, used 25474K [0x00000000d6600000, 0x00000000d7f00000, 0x00000000e0c00000)
  object space 25600K, 99% used [0x00000000d6600000,0x00000000d7ee09e0,0x00000000d7f00000)

Card table byte_map: [0x00007f30e200a000,0x00007f30e2158000] byte_map_base: 0x00007f30e1957000

Polling page: 0x00007f30e57f2000

Code Cache  [0x00007f30d9000000, 0x00007f30d9290000, 0x00007f30dc000000)
 total_blobs=953 nmethods=474 adapters=433 free_code_cache=46922Kb largest_free_block=47674560

Compilation events (10 events):
Event: 5,257 Thread 0x00007f30dc0aa800 nmethod 503 0x00007f30d9080710 code [0x00007f30d9080840, 0x00007f30d9080898]
Event: 5,257 Thread 0x00007f30dc0aa800  504             org.jruby.runtime.Block::escape (9 bytes)
Event: 5,258 Thread 0x00007f30dc0aa800 nmethod 504 0x00007f30d9126f90 code [0x00007f30d91270c0, 0x00007f30d9127138]
Event: 5,504 Thread 0x00007f30dc0aa800  505             org.jruby.parser.StaticScope::determineModule (57 bytes)
Event: 5,505 Thread 0x00007f30dc0aa800 nmethod 505 0x00007f30d90fc910 code [0x00007f30d90fca40, 0x00007f30d90fcab8]
Event: 5,513 Thread 0x00007f30dc0a7800 nmethod 491 0x00007f30d9272450 code [0x00007f30d9272f40, 0x00007f30d927b8e0]
Event: 5,554 Thread 0x00007f30dc0aa800  506             org.jruby.runtime.ThreadContext::getCurrentFrame (10 bytes)
Event: 5,555 Thread 0x00007f30dc0aa800 nmethod 506 0x00007f30d9126d10 code [0x00007f30d9126e60, 0x00007f30d9126ef8]
Event: 5,570 Thread 0x00007f30dc0a7800  507             org.jruby.runtime.Block::isGiven (13 bytes)
Event: 5,571 Thread 0x00007f30dc0a7800 nmethod 507 0x00007f30d9126a90 code [0x00007f30d9126bc0, 0x00007f30d9126c38]

GC Heap History (10 events):
Event: 4,246 GC heap before
{Heap before GC invocations=5 (full 0):
 PSYoungGen      total 64000K, used 63989K [0x00000000f5900000, 0x00000000f9a00000, 0x0000000100000000)
  eden space 61440K, 100% used [0x00000000f5900000,0x00000000f9500000,0x00000000f9500000)
  from space 2560K, 99% used [0x00000000f9780000,0x00000000f99fd528,0x00000000f9a00000)
  to   space 2560K, 0% used [0x00000000f9500000,0x00000000f9500000,0x00000000f9780000)
 ParOldGen       total 39936K, used 7669K [0x00000000e0c00000, 0x00000000e3300000, 0x00000000f5900000)
  object space 39936K, 19% used [0x00000000e0c00000,0x00000000e137d460,0x00000000e3300000)
 PSPermGen       total 25600K, used 25466K [0x00000000d6600000, 0x00000000d7f00000, 0x00000000e0c00000)
  object space 25600K, 99% used [0x00000000d6600000,0x00000000d7edeb90,0x00000000d7f00000)
Event: 4,260 GC heap after
Heap after GC invocations=5 (full 0):
 PSYoungGen      total 64000K, used 2549K [0x00000000f5900000, 0x00000000fde00000, 0x0000000100000000)
  eden space 61440K, 0% used [0x00000000f5900000,0x00000000f5900000,0x00000000f9500000)
  from space 2560K, 99% used [0x00000000f9500000,0x00000000f977d528,0x00000000f9780000)
  to   space 6656K, 0% used [0x00000000fd780000,0x00000000fd780000,0x00000000fde00000)
 ParOldGen       total 39936K, used 7701K [0x00000000e0c00000, 0x00000000e3300000, 0x00000000f5900000)
  object space 39936K, 19% used [0x00000000e0c00000,0x00000000e1385460,0x00000000e3300000)
 PSPermGen       total 25600K, used 25466K [0x00000000d6600000, 0x00000000d7f00000, 0x00000000e0c00000)
  object space 25600K, 99% used [0x00000000d6600000,0x00000000d7edeb90,0x00000000d7f00000)
}
Event: 4,566 GC heap before
{Heap before GC invocations=6 (full 0):
 PSYoungGen      total 64000K, used 63989K [0x00000000f5900000, 0x00000000fde00000, 0x0000000100000000)
  eden space 61440K, 100% used [0x00000000f5900000,0x00000000f9500000,0x00000000f9500000)
  from space 2560K, 99% used [0x00000000f9500000,0x00000000f977d528,0x00000000f9780000)
  to   space 6656K, 0% used [0x00000000fd780000,0x00000000fd780000,0x00000000fde00000)
 ParOldGen       total 39936K, used 7701K [0x00000000e0c00000, 0x00000000e3300000, 0x00000000f5900000)
  object space 39936K, 19% used [0x00000000e0c00000,0x00000000e1385460,0x00000000e3300000)
 PSPermGen       total 25600K, used 25467K [0x00000000d6600000, 0x00000000d7f00000, 0x00000000e0c00000)
  object space 25600K, 99% used [0x00000000d6600000,0x00000000d7ededd8,0x00000000d7f00000)
Event: 4,584 GC heap after
Heap after GC invocations=6 (full 0):
 PSYoungGen      total 129536K, used 2549K [0x00000000f5900000, 0x00000000fde00000, 0x0000000100000000)
  eden space 122880K, 0% used [0x00000000f5900000,0x00000000f5900000,0x00000000fd100000)
  from space 6656K, 38% used [0x00000000fd780000,0x00000000fd9fd528,0x00000000fde00000)
  to   space 6656K, 0% used [0x00000000fd100000,0x00000000fd100000,0x00000000fd780000)
 ParOldGen       total 39936K, used 7701K [0x00000000e0c00000, 0x00000000e3300000, 0x00000000f5900000)
  object space 39936K, 19% used [0x00000000e0c00000,0x00000000e1385460,0x00000000e3300000)
 PSPermGen       total 25600K, used 25467K [0x00000000d6600000, 0x00000000d7f00000, 0x00000000e0c00000)
  object space 25600K, 99% used [0x00000000d6600000,0x00000000d7ededd8,0x00000000d7f00000)
}
Event: 5,218 GC heap before
{Heap before GC invocations=7 (full 0):
 PSYoungGen      total 129536K, used 125429K [0x00000000f5900000, 0x00000000fde00000, 0x0000000100000000)
  eden space 122880K, 100% used [0x00000000f5900000,0x00000000fd100000,0x00000000fd100000)
  from space 6656K, 38% used [0x00000000fd780000,0x00000000fd9fd528,0x00000000fde00000)
  to   space 6656K, 0% used [0x00000000fd100000,0x00000000fd100000,0x00000000fd780000)
 ParOldGen       total 39936K, used 7701K [0x00000000e0c00000, 0x00000000e3300000, 0x00000000f5900000)
  object space 39936K, 19% used [0x00000000e0c00000,0x00000000e1385460,0x00000000e3300000)
 PSPermGen       total 25600K, used 25471K [0x00000000d6600000, 0x00000000d7f00000, 0x00000000e0c00000)
  object space 25600K, 99% used [0x00000000d6600000,0x00000000d7edfeb8,0x00000000d7f00000)
Event: 5,231 GC heap after
Heap after GC invocations=7 (full 0):
 PSYoungGen      total 129536K, used 800K [0x00000000f5900000, 0x0000000100000000, 0x0000000100000000)
  eden space 122880K, 0% used [0x00000000f5900000,0x00000000f5900000,0x00000000fd100000)
  from space 6656K, 12% used [0x00000000fd100000,0x00000000fd1c8000,0x00000000fd780000)
  to   space 7168K, 0% used [0x00000000ff900000,0x00000000ff900000,0x0000000100000000)
 ParOldGen       total 39936K, used 9482K [0x00000000e0c00000, 0x00000000e3300000, 0x00000000f5900000)
  object space 39936K, 23% used [0x00000000e0c00000,0x00000000e1542a08,0x00000000e3300000)
 PSPermGen       total 25600K, used 25471K [0x00000000d6600000, 0x00000000d7f00000, 0x00000000e0c00000)
  object space 25600K, 99% used [0x00000000d6600000,0x00000000d7edfeb8,0x00000000d7f00000)
}
Event: 5,371 GC heap before
{Heap before GC invocations=8 (full 0):
 PSYoungGen      total 129536K, used 123680K [0x00000000f5900000, 0x0000000100000000, 0x0000000100000000)
  eden space 122880K, 100% used [0x00000000f5900000,0x00000000fd100000,0x00000000fd100000)
  from space 6656K, 12% used [0x00000000fd100000,0x00000000fd1c8000,0x00000000fd780000)
  to   space 7168K, 0% used [0x00000000ff900000,0x00000000ff900000,0x0000000100000000)
 ParOldGen       total 39936K, used 9482K [0x00000000e0c00000, 0x00000000e3300000, 0x00000000f5900000)
  object space 39936K, 23% used [0x00000000e0c00000,0x00000000e1542a08,0x00000000e3300000)
 PSPermGen       total 25600K, used 25471K [0x00000000d6600000, 0x00000000d7f00000, 0x00000000e0c00000)
  object space 25600K, 99% used [0x00000000d6600000,0x00000000d7edfeb8,0x00000000d7f00000)
Event: 5,375 GC heap after
Heap after GC invocations=8 (full 0):
 PSYoungGen      total 163840K, used 64K [0x00000000f5900000, 0x0000000100000000, 0x0000000100000000)
  eden space 156672K, 0% used [0x00000000f5900000,0x00000000f5900000,0x00000000ff200000)
  from space 7168K, 0% used [0x00000000ff900000,0x00000000ff910000,0x0000000100000000)
  to   space 7168K, 0% used [0x00000000ff200000,0x00000000ff200000,0x00000000ff900000)
 ParOldGen       total 39936K, used 10218K [0x00000000e0c00000, 0x00000000e3300000, 0x00000000f5900000)
  object space 39936K, 25% used [0x00000000e0c00000,0x00000000e15faa28,0x00000000e3300000)
 PSPermGen       total 25600K, used 25471K [0x00000000d6600000, 0x00000000d7f00000, 0x00000000e0c00000)
  object space 25600K, 99% used [0x00000000d6600000,0x00000000d7edfeb8,0x00000000d7f00000)
}
Event: 5,560 GC heap before
{Heap before GC invocations=9 (full 0):
 PSYoungGen      total 163840K, used 156736K [0x00000000f5900000, 0x0000000100000000, 0x0000000100000000)
  eden space 156672K, 100% used [0x00000000f5900000,0x00000000ff200000,0x00000000ff200000)
  from space 7168K, 0% used [0x00000000ff900000,0x00000000ff910000,0x0000000100000000)
  to   space 7168K, 0% used [0x00000000ff200000,0x00000000ff200000,0x00000000ff900000)
 ParOldGen       total 39936K, used 10218K [0x00000000e0c00000, 0x00000000e3300000, 0x00000000f5900000)
  object space 39936K, 25% used [0x00000000e0c00000,0x00000000e15faa28,0x00000000e3300000)
 PSPermGen       total 25600K, used 25471K [0x00000000d6600000, 0x00000000d7f00000, 0x00000000e0c00000)
  object space 25600K, 99% used [0x00000000d6600000,0x00000000d7edfeb8,0x00000000d7f00000)
Event: 5,565 GC heap after
Heap after GC invocations=9 (full 0):
 PSYoungGen      total 157184K, used 96K [0x00000000f5900000, 0x0000000100000000, 0x0000000100000000)
  eden space 156672K, 0% used [0x00000000f5900000,0x00000000f5900000,0x00000000ff200000)
  from space 512K, 18% used [0x00000000ff200000,0x00000000ff218000,0x00000000ff280000)
  to   space 7680K, 0% used [0x00000000ff880000,0x00000000ff880000,0x0000000100000000)
 ParOldGen       total 39936K, used 10226K [0x00000000e0c00000, 0x00000000e3300000, 0x00000000f5900000)
  object space 39936K, 25% used [0x00000000e0c00000,0x00000000e15fca28,0x00000000e3300000)
 PSPermGen       total 25600K, used 25471K [0x00000000d6600000, 0x00000000d7f00000, 0x00000000e0c00000)
  object space 25600K, 99% used [0x00000000d6600000,0x00000000d7edfeb8,0x00000000d7f00000)
}

Deoptimization events (10 events):
Event: 3,186 Thread 0x00007f30dc00a800 Uncommon trap: reason=class_check action=maybe_recompile pc=0x00007f30d916c338 method=org.jruby.RubyArray.compare(Lorg/jruby/runtime/ThreadContext;Lorg/jruby/runtime/invokedynamic/MethodNames;Lorg/jruby/runtime/builtin/IRubyObject;)Lorg/jruby/RubyBoolean;
Event: 3,186 Thread 0x00007f30dc00a800 Uncommon trap: reason=class_check action=maybe_recompile pc=0x00007f30d916c338 method=org.jruby.RubyArray.compare(Lorg/jruby/runtime/ThreadContext;Lorg/jruby/runtime/invokedynamic/MethodNames;Lorg/jruby/runtime/builtin/IRubyObject;)Lorg/jruby/RubyBoolean;
Event: 3,186 Thread 0x00007f30dc00a800 Uncommon trap: reason=class_check action=maybe_recompile pc=0x00007f30d916c338 method=org.jruby.RubyArray.compare(Lorg/jruby/runtime/ThreadContext;Lorg/jruby/runtime/invokedynamic/MethodNames;Lorg/jruby/runtime/builtin/IRubyObject;)Lorg/jruby/RubyBoolean;
Event: 3,490 Thread 0x00007f30dc00a800 Uncommon trap: reason=unreached action=reinterpret pc=0x00007f30d91a22d0 method=java.util.HashSet.add(Ljava/lang/Object;)Z @ 11
Event: 5,576 Thread 0x00007f30dc00a800 Uncommon trap: reason=unreached action=reinterpret pc=0x00007f30d90fca88 method=org.jruby.parser.StaticScope.determineModule()Lorg/jruby/RubyModule; @ 4
Event: 5,576 Thread 0x00007f30dc00a800 Uncommon trap: reason=class_check action=maybe_recompile pc=0x00007f30d90b92bc method=org.jruby.runtime.callsite.NormalCachingCallSite.methodMissing(Lorg/jruby/internal/runtime/methods/DynamicMethod;Lorg/jruby/runtime/builtin/IRubyObject;)Z @ 25
Event: 5,576 Thread 0x00007f30dc00a800 Uncommon trap: reason=class_check action=maybe_recompile pc=0x00007f30d90b92bc method=org.jruby.runtime.callsite.NormalCachingCallSite.methodMissing(Lorg/jruby/internal/runtime/methods/DynamicMethod;Lorg/jruby/runtime/builtin/IRubyObject;)Z @ 25
Event: 5,576 Thread 0x00007f30dc00a800 Uncommon trap: reason=class_check action=maybe_recompile pc=0x00007f30d90b92bc method=org.jruby.runtime.callsite.NormalCachingCallSite.methodMissing(Lorg/jruby/internal/runtime/methods/DynamicMethod;Lorg/jruby/runtime/builtin/IRubyObject;)Z @ 25
Event: 5,577 Thread 0x00007f30dc00a800 Uncommon trap: reason=class_check action=maybe_recompile pc=0x00007f30d90b92bc method=org.jruby.runtime.callsite.NormalCachingCallSite.methodMissing(Lorg/jruby/internal/runtime/methods/DynamicMethod;Lorg/jruby/runtime/builtin/IRubyObject;)Z @ 25
Event: 5,577 Thread 0x00007f30dc00a800 Uncommon trap: reason=unreached action=reinterpret pc=0x00007f30d9126c0c method=org.jruby.runtime.Block.isGiven()Z @ 4

Internal exceptions (10 events):
Event: 3,033 Thread 0x00007f30dc459800 Threw 0x00000000f62f5c80 at /build/buildd/openjdk-7-7u51-2.4.4/build/openjdk/hotspot/src/share/vm/prims/jvm.cpp:1244
Event: 3,033 Thread 0x00007f30dc459800 Threw 0x00000000f62f6d20 at /build/buildd/openjdk-7-7u51-2.4.4/build/openjdk/hotspot/src/share/vm/prims/jvm.cpp:1244
Event: 3,086 Thread 0x00007f30dc459800 Threw 0x00000000f642cdd8 at /build/buildd/openjdk-7-7u51-2.4.4/build/openjdk/hotspot/src/share/vm/prims/jvm.cpp:1244
Event: 3,086 Thread 0x00007f30dc459800 Threw 0x00000000f642ded8 at /build/buildd/openjdk-7-7u51-2.4.4/build/openjdk/hotspot/src/share/vm/prims/jvm.cpp:1244
Event: 3,088 Thread 0x00007f30dc46b000 Threw 0x00000000f628faf8 at /build/buildd/openjdk-7-7u51-2.4.4/build/openjdk/hotspot/src/share/vm/prims/jvm.cpp:1244
Event: 3,088 Thread 0x00007f30dc46b000 Threw 0x00000000f6290bf8 at /build/buildd/openjdk-7-7u51-2.4.4/build/openjdk/hotspot/src/share/vm/prims/jvm.cpp:1244
Event: 3,091 Thread 0x00007f30dc46b000 Threw 0x00000000f64fd060 at /build/buildd/openjdk-7-7u51-2.4.4/build/openjdk/hotspot/src/share/vm/prims/jvm.cpp:1244
Event: 3,091 Thread 0x00007f30dc46b000 Threw 0x00000000f64fe208 at /build/buildd/openjdk-7-7u51-2.4.4/build/openjdk/hotspot/src/share/vm/prims/jvm.cpp:1244
Event: 3,192 Thread 0x00007f30dc46b000 Threw 0x00000000f652a168 at /build/buildd/openjdk-7-7u51-2.4.4/build/openjdk/hotspot/src/share/vm/prims/jvm.cpp:1244
Event: 3,192 Thread 0x00007f30dc46b000 Threw 0x00000000f652b408 at /build/buildd/openjdk-7-7u51-2.4.4/build/openjdk/hotspot/src/share/vm/prims/jvm.cpp:1244

Events (10 events):
Event: 5,576 Thread 0x00007f30dc00a800 DEOPT UNPACKING pc=0x00007f30d9039045 sp=0x00007f30e33e1b68 mode 2
Event: 5,576 Thread 0x00007f30dc00a800 Uncommon trap: trap_request=0xffffffde fr.pc=0x00007f30d90b92bc
Event: 5,576 Thread 0x00007f30dc00a800 DEOPT PACKING pc=0x00007f30d90b92bc sp=0x00007f30e33e1ba0
Event: 5,576 Thread 0x00007f30dc00a800 DEOPT UNPACKING pc=0x00007f30d9039045 sp=0x00007f30e33e1b68 mode 2
Event: 5,577 Thread 0x00007f30dc00a800 Uncommon trap: trap_request=0xffffffde fr.pc=0x00007f30d90b92bc
Event: 5,577 Thread 0x00007f30dc00a800 DEOPT PACKING pc=0x00007f30d90b92bc sp=0x00007f30e33e1c20
Event: 5,577 Thread 0x00007f30dc00a800 DEOPT UNPACKING pc=0x00007f30d9039045 sp=0x00007f30e33e1be8 mode 2
Event: 5,577 Thread 0x00007f30dc00a800 Uncommon trap: trap_request=0xffffffad fr.pc=0x00007f30d9126c0c
Event: 5,577 Thread 0x00007f30dc00a800 DEOPT PACKING pc=0x00007f30d9126c0c sp=0x00007f30e33e1a00
Event: 5,577 Thread 0x00007f30dc00a800 DEOPT UNPACKING pc=0x00007f30d9039045 sp=0x00007f30e33e19b0 mode 2


Dynamic libraries:
00400000-00401000 r-xp 00000000 08:05 12322450                           /usr/lib/jvm/java-7-openjdk-amd64/jre/bin/java
00600000-00601000 r--p 00000000 08:05 12322450                           /usr/lib/jvm/java-7-openjdk-amd64/jre/bin/java
00601000-00602000 rw-p 00001000 08:05 12322450                           /usr/lib/jvm/java-7-openjdk-amd64/jre/bin/java
0135d000-0137e000 rw-p 00000000 00:00 0                                  [heap]
d6600000-d7f00000 rw-p 00000000 00:00 0 
d7f00000-e0c00000 rw-p 00000000 00:00 0 
e0c00000-e3300000 rw-p 00000000 00:00 0 
e3300000-f5900000 rw-p 00000000 00:00 0 
f5900000-100000000 rw-p 00000000 00:00 0 
7f308c000000-7f308c021000 rw-p 00000000 00:00 0 
7f308c021000-7f3090000000 ---p 00000000 00:00 0 
7f3090000000-7f3090021000 rw-p 00000000 00:00 0 
7f3090021000-7f3094000000 ---p 00000000 00:00 0 
7f3094000000-7f3094021000 rw-p 00000000 00:00 0 
7f3094021000-7f3098000000 ---p 00000000 00:00 0 
7f3098000000-7f3098021000 rw-p 00000000 00:00 0 
7f3098021000-7f309c000000 ---p 00000000 00:00 0 
7f309c000000-7f309c021000 rw-p 00000000 00:00 0 
7f309c021000-7f30a0000000 ---p 00000000 00:00 0 
7f30a0000000-7f30a0027000 rw-p 00000000 00:00 0 
7f30a0027000-7f30a4000000 ---p 00000000 00:00 0 
7f30a4000000-7f30a616e000 rw-p 00000000 00:00 0 
7f30a616e000-7f30a8000000 ---p 00000000 00:00 0 
7f30a8000000-7f30a8021000 rw-p 00000000 00:00 0 
7f30a8021000-7f30ac000000 ---p 00000000 00:00 0 
7f30ac000000-7f30ac021000 rw-p 00000000 00:00 0 
7f30ac021000-7f30b0000000 ---p 00000000 00:00 0 
7f30b0000000-7f30b1826000 rw-p 00000000 00:00 0 
7f30b1826000-7f30b4000000 ---p 00000000 00:00 0 
7f30b4000000-7f30b4021000 rw-p 00000000 00:00 0 
7f30b4021000-7f30b8000000 ---p 00000000 00:00 0 
7f30b8000000-7f30b8021000 rw-p 00000000 00:00 0 
7f30b8021000-7f30bc000000 ---p 00000000 00:00 0 
7f30bc000000-7f30bc021000 rw-p 00000000 00:00 0 
7f30bc021000-7f30c0000000 ---p 00000000 00:00 0 
7f30c0000000-7f30c0021000 rw-p 00000000 00:00 0 
7f30c0021000-7f30c4000000 ---p 00000000 00:00 0 
7f30c4000000-7f30c4021000 rw-p 00000000 00:00 0 
7f30c4021000-7f30c8000000 ---p 00000000 00:00 0 
7f30cc000000-7f30cc021000 rw-p 00000000 00:00 0 
7f30cc021000-7f30d0000000 ---p 00000000 00:00 0 
7f30d07fc000-7f30d07fe000 r-xp 00000000 08:05 16778283                   /home/luis/practica01/src/lib/libconvex_hull.so
7f30d07fe000-7f30d09fd000 ---p 00002000 08:05 16778283                   /home/luis/practica01/src/lib/libconvex_hull.so
7f30d09fd000-7f30d09fe000 r--p 00001000 08:05 16778283                   /home/luis/practica01/src/lib/libconvex_hull.so
7f30d09fe000-7f30d09ff000 rw-p 00002000 08:05 16778283                   /home/luis/practica01/src/lib/libconvex_hull.so
7f30d09ff000-7f30d0a01000 r-xp 00000000 08:05 16778162                   /home/luis/practica01/src/lib/libdouble_linked_list.so
7f30d0a01000-7f30d0c00000 ---p 00002000 08:05 16778162                   /home/luis/practica01/src/lib/libdouble_linked_list.so
7f30d0c00000-7f30d0c01000 r--p 00001000 08:05 16778162                   /home/luis/practica01/src/lib/libdouble_linked_list.so
7f30d0c01000-7f30d0c02000 rw-p 00002000 08:05 16778162                   /home/luis/practica01/src/lib/libdouble_linked_list.so
7f30d0c02000-7f30d0c03000 r-xp 00000000 08:05 16777925                   /home/luis/practica01/src/lib/lib2d_points.so
7f30d0c03000-7f30d0e02000 ---p 00001000 08:05 16777925                   /home/luis/practica01/src/lib/lib2d_points.so
7f30d0e02000-7f30d0e03000 r--p 00000000 08:05 16777925                   /home/luis/practica01/src/lib/lib2d_points.so
7f30d0e03000-7f30d0e04000 rw-p 00001000 08:05 16777925                   /home/luis/practica01/src/lib/lib2d_points.so
7f30d0e04000-7f30d0e07000 ---p 00000000 00:00 0 
7f30d0e07000-7f30d1005000 rw-p 00000000 00:00 0 
7f30d1005000-7f30d1008000 ---p 00000000 00:00 0 
7f30d1008000-7f30d1206000 rw-p 00000000 00:00 0 
7f30d1206000-7f30d1209000 ---p 00000000 00:00 0 
7f30d1209000-7f30d1407000 rw-p 00000000 00:00 0                          [stack:3860]
7f30d1587000-7f30d158a000 ---p 00000000 00:00 0 
7f30d158a000-7f30d1788000 rw-p 00000000 00:00 0                          [stack:3790]
7f30d1788000-7f30d179a000 r-xp 00000000 08:05 16253453                   /home/luis/.rbenv/versions/jruby-1.7.10/lib/jni/x86_64-Linux/libjffi-1.2.so
7f30d179a000-7f30d1999000 ---p 00012000 08:05 16253453                   /home/luis/.rbenv/versions/jruby-1.7.10/lib/jni/x86_64-Linux/libjffi-1.2.so
7f30d1999000-7f30d199a000 rw-p 00011000 08:05 16253453                   /home/luis/.rbenv/versions/jruby-1.7.10/lib/jni/x86_64-Linux/libjffi-1.2.so
7f30d199a000-7f30d19aa000 r-xp 00000000 08:05 12322344                   /usr/lib/jvm/java-7-openjdk-amd64/jre/lib/amd64/libnio.so
7f30d19aa000-7f30d1baa000 ---p 00010000 08:05 12322344                   /usr/lib/jvm/java-7-openjdk-amd64/jre/lib/amd64/libnio.so
7f30d1baa000-7f30d1bab000 r--p 00010000 08:05 12322344                   /usr/lib/jvm/java-7-openjdk-amd64/jre/lib/amd64/libnio.so
7f30d1bab000-7f30d1bac000 rw-p 00011000 08:05 12322344                   /usr/lib/jvm/java-7-openjdk-amd64/jre/lib/amd64/libnio.so
7f30d1bac000-7f30d1be9000 r-xp 00000000 08:05 9834371                    /lib/x86_64-linux-gnu/libpcre.so.3.13.1
7f30d1be9000-7f30d1de9000 ---p 0003d000 08:05 9834371                    /lib/x86_64-linux-gnu/libpcre.so.3.13.1
7f30d1de9000-7f30d1dea000 r--p 0003d000 08:05 9834371                    /lib/x86_64-linux-gnu/libpcre.so.3.13.1
7f30d1dea000-7f30d1deb000 rw-p 0003e000 08:05 9834371                    /lib/x86_64-linux-gnu/libpcre.so.3.13.1
7f30d1deb000-7f30d1df2000 r-xp 00000000 08:05 12196946                   /usr/lib/x86_64-linux-gnu/libffi.so.6.0.1
7f30d1df2000-7f30d1ff1000 ---p 00007000 08:05 12196946                   /usr/lib/x86_64-linux-gnu/libffi.so.6.0.1
7f30d1ff1000-7f30d1ff2000 r--p 00006000 08:05 12196946                   /usr/lib/x86_64-linux-gnu/libffi.so.6.0.1
7f30d1ff2000-7f30d1ff3000 rw-p 00007000 08:05 12196946                   /usr/lib/x86_64-linux-gnu/libffi.so.6.0.1
7f30d1ff3000-7f30d2009000 r-xp 00000000 08:05 9834394                    /lib/x86_64-linux-gnu/libresolv-2.17.so
7f30d2009000-7f30d2209000 ---p 00016000 08:05 9834394                    /lib/x86_64-linux-gnu/libresolv-2.17.so
7f30d2209000-7f30d220a000 r--p 00016000 08:05 9834394                    /lib/x86_64-linux-gnu/libresolv-2.17.so
7f30d220a000-7f30d220b000 rw-p 00017000 08:05 9834394                    /lib/x86_64-linux-gnu/libresolv-2.17.so
7f30d220b000-7f30d220d000 rw-p 00000000 00:00 0 
7f30d220d000-7f30d222c000 r-xp 00000000 08:05 9834398                    /lib/x86_64-linux-gnu/libselinux.so.1
7f30d222c000-7f30d242c000 ---p 0001f000 08:05 9834398                    /lib/x86_64-linux-gnu/libselinux.so.1
7f30d242c000-7f30d242d000 r--p 0001f000 08:05 9834398                    /lib/x86_64-linux-gnu/libselinux.so.1
7f30d242d000-7f30d242e000 rw-p 00020000 08:05 9834398                    /lib/x86_64-linux-gnu/libselinux.so.1
7f30d242e000-7f30d242f000 rw-p 00000000 00:00 0 
7f30d242f000-7f30d2432000 r-xp 00000000 08:05 12190134                   /usr/lib/x86_64-linux-gnu/libgmodule-2.0.so.0.3800.1
7f30d2432000-7f30d2631000 ---p 00003000 08:05 12190134                   /usr/lib/x86_64-linux-gnu/libgmodule-2.0.so.0.3800.1
7f30d2631000-7f30d2632000 r--p 00002000 08:05 12190134                   /usr/lib/x86_64-linux-gnu/libgmodule-2.0.so.0.3800.1
7f30d2632000-7f30d2633000 rw-p 00003000 08:05 12190134                   /usr/lib/x86_64-linux-gnu/libgmodule-2.0.so.0.3800.1
7f30d2633000-7f30d2731000 r-xp 00000000 08:05 9834386                    /lib/x86_64-linux-gnu/libglib-2.0.so.0.3800.1
7f30d2731000-7f30d2931000 ---p 000fe000 08:05 9834386                    /lib/x86_64-linux-gnu/libglib-2.0.so.0.3800.1
7f30d2931000-7f30d2932000 r--p 000fe000 08:05 9834386                    /lib/x86_64-linux-gnu/libglib-2.0.so.0.3800.1
7f30d2932000-7f30d2933000 rw-p 000ff000 08:05 9834386                    /lib/x86_64-linux-gnu/libglib-2.0.so.0.3800.1
7f30d2933000-7f30d2934000 rw-p 00000000 00:00 0 
7f30d2934000-7f30d2983000 r-xp 00000000 08:05 12190125                   /usr/lib/x86_64-linux-gnu/libgobject-2.0.so.0.3800.1
7f30d2983000-7f30d2b83000 ---p 0004f000 08:05 12190125                   /usr/lib/x86_64-linux-gnu/libgobject-2.0.so.0.3800.1
7f30d2b83000-7f30d2b84000 r--p 0004f000 08:05 12190125                   /usr/lib/x86_64-linux-gnu/libgobject-2.0.so.0.3800.1
7f30d2b84000-7f30d2b85000 rw-p 00050000 08:05 12190125                   /usr/lib/x86_64-linux-gnu/libgobject-2.0.so.0.3800.1
7f30d2b85000-7f30d2ce1000 r-xp 00000000 08:05 12190099                   /usr/lib/x86_64-linux-gnu/libgio-2.0.so.0.3800.1
7f30d2ce1000-7f30d2ee0000 ---p 0015c000 08:05 12190099                   /usr/lib/x86_64-linux-gnu/libgio-2.0.so.0.3800.1
7f30d2ee0000-7f30d2ee4000 r--p 0015b000 08:05 12190099                   /usr/lib/x86_64-linux-gnu/libgio-2.0.so.0.3800.1
7f30d2ee4000-7f30d2ee6000 rw-p 0015f000 08:05 12190099                   /usr/lib/x86_64-linux-gnu/libgio-2.0.so.0.3800.1
7f30d2ee6000-7f30d2ee8000 rw-p 00000000 00:00 0 
7f30d2ee8000-7f30d2efe000 r-xp 00000000 08:05 12322132                   /usr/lib/jvm/java-7-openjdk-amd64/jre/lib/amd64/libnet.so
7f30d2efe000-7f30d30fd000 ---p 00016000 08:05 12322132                   /usr/lib/jvm/java-7-openjdk-amd64/jre/lib/amd64/libnet.so
7f30d30fd000-7f30d30fe000 r--p 00015000 08:05 12322132                   /usr/lib/jvm/java-7-openjdk-amd64/jre/lib/amd64/libnet.so
7f30d30fe000-7f30d30ff000 rw-p 00016000 08:05 12322132                   /usr/lib/jvm/java-7-openjdk-amd64/jre/lib/amd64/libnet.so
7f30d30ff000-7f30d3100000 ---p 00000000 00:00 0 
7f30d3100000-7f30d3200000 rw-p 00000000 00:00 0                          [stack:3789]
7f30d3200000-7f30d3203000 ---p 00000000 00:00 0 
7f30d3203000-7f30d3401000 rw-p 00000000 00:00 0                          [stack:3788]
7f30d3401000-7f30d3404000 ---p 00000000 00:00 0 
7f30d3404000-7f30d3502000 rw-p 00000000 00:00 0                          [stack:3787]
7f30d3502000-7f30d3505000 ---p 00000000 00:00 0 
7f30d3505000-7f30d3603000 rw-p 00000000 00:00 0                          [stack:3786]
7f30d3603000-7f30d3606000 ---p 00000000 00:00 0 
7f30d3606000-7f30d3804000 rw-p 00000000 00:00 0                          [stack:3785]
7f30d3804000-7f30d3bfe000 r--p 00000000 08:05 12195384                   /usr/lib/locale/locale-archive
7f30d3bfe000-7f30d3c01000 ---p 00000000 00:00 0 
7f30d3c01000-7f30d3dff000 rw-p 00000000 00:00 0                          [stack:3784]
7f30d3dff000-7f30d3e02000 ---p 00000000 00:00 0 
7f30d3e02000-7f30d4000000 rw-p 00000000 00:00 0                          [stack:3783]
7f30d4000000-7f30d4021000 rw-p 00000000 00:00 0 
7f30d4021000-7f30d8000000 ---p 00000000 00:00 0 
7f30d80f1000-7f30d80f2000 ---p 00000000 00:00 0 
7f30d80f2000-7f30d9000000 rw-p 00000000 00:00 0                          [stack:3782]
7f30d9000000-7f30d9290000 rwxp 00000000 00:00 0 
7f30d9290000-7f30dc4a4000 rw-p 00000000 00:00 0 
7f30dc4a4000-7f30e0000000 ---p 00000000 00:00 0 
7f30e0009000-7f30e000c000 ---p 00000000 00:00 0 
7f30e000c000-7f30e0211000 rw-p 00000000 00:00 0                          [stack:3793]
7f30e0211000-7f30e02fa000 r--s 00bb9000 08:05 16253440                   /home/luis/.rbenv/versions/jruby-1.7.10/lib/jruby.jar
7f30e02fa000-7f30e0342000 rw-p 00000000 00:00 0 
7f30e0342000-7f30e04f0000 r--s 01cf4000 08:05 12322430                   /usr/lib/jvm/java-7-openjdk-amd64/jre/lib/rt.jar
7f30e04f0000-7f30e1c06000 rw-p 00000000 00:00 0 
7f30e1c06000-7f30e1c07000 ---p 00000000 00:00 0 
7f30e1c07000-7f30e1d07000 rw-p 00000000 00:00 0                          [stack:3781]
7f30e1d07000-7f30e1d08000 ---p 00000000 00:00 0 
7f30e1d08000-7f30e1e08000 rw-p 00000000 00:00 0                          [stack:3780]
7f30e1e08000-7f30e1e09000 ---p 00000000 00:00 0 
7f30e1e09000-7f30e1f09000 rw-p 00000000 00:00 0                          [stack:3779]
7f30e1f09000-7f30e1f0a000 ---p 00000000 00:00 0 
7f30e1f0a000-7f30e2017000 rw-p 00000000 00:00 0                          [stack:3778]
7f30e2017000-7f30e205d000 rw-p 00000000 00:00 0 
7f30e205d000-7f30e2071000 rw-p 00000000 00:00 0 
7f30e2071000-7f30e2103000 rw-p 00000000 00:00 0 
7f30e2103000-7f30e2157000 rw-p 00000000 00:00 0 
7f30e2157000-7f30e2158000 rw-p 00000000 00:00 0 
7f30e2158000-7f30e2160000 r-xp 00000000 08:05 12322081                   /usr/lib/jvm/java-7-openjdk-amd64/jre/lib/amd64/libzip.so
7f30e2160000-7f30e235f000 ---p 00008000 08:05 12322081                   /usr/lib/jvm/java-7-openjdk-amd64/jre/lib/amd64/libzip.so
7f30e235f000-7f30e2360000 r--p 00007000 08:05 12322081                   /usr/lib/jvm/java-7-openjdk-amd64/jre/lib/amd64/libzip.so
7f30e2360000-7f30e2361000 rw-p 00008000 08:05 12322081                   /usr/lib/jvm/java-7-openjdk-amd64/jre/lib/amd64/libzip.so
7f30e2361000-7f30e236d000 r-xp 00000000 08:05 9834349                    /lib/x86_64-linux-gnu/libnss_files-2.17.so
7f30e236d000-7f30e256c000 ---p 0000c000 08:05 9834349                    /lib/x86_64-linux-gnu/libnss_files-2.17.so
7f30e256c000-7f30e256d000 r--p 0000b000 08:05 9834349                    /lib/x86_64-linux-gnu/libnss_files-2.17.so
7f30e256d000-7f30e256e000 rw-p 0000c000 08:05 9834349                    /lib/x86_64-linux-gnu/libnss_files-2.17.so
7f30e256e000-7f30e2579000 r-xp 00000000 08:05 9834353                    /lib/x86_64-linux-gnu/libnss_nis-2.17.so
7f30e2579000-7f30e2778000 ---p 0000b000 08:05 9834353                    /lib/x86_64-linux-gnu/libnss_nis-2.17.so
7f30e2778000-7f30e2779000 r--p 0000a000 08:05 9834353                    /lib/x86_64-linux-gnu/libnss_nis-2.17.so
7f30e2779000-7f30e277a000 rw-p 0000b000 08:05 9834353                    /lib/x86_64-linux-gnu/libnss_nis-2.17.so
7f30e277a000-7f30e2791000 r-xp 00000000 08:05 9834343                    /lib/x86_64-linux-gnu/libnsl-2.17.so
7f30e2791000-7f30e2990000 ---p 00017000 08:05 9834343                    /lib/x86_64-linux-gnu/libnsl-2.17.so
7f30e2990000-7f30e2991000 r--p 00016000 08:05 9834343                    /lib/x86_64-linux-gnu/libnsl-2.17.so
7f30e2991000-7f30e2992000 rw-p 00017000 08:05 9834343                    /lib/x86_64-linux-gnu/libnsl-2.17.so
7f30e2992000-7f30e2994000 rw-p 00000000 00:00 0 
7f30e2994000-7f30e299c000 r-xp 00000000 08:05 9834345                    /lib/x86_64-linux-gnu/libnss_compat-2.17.so
7f30e299c000-7f30e2b9b000 ---p 00008000 08:05 9834345                    /lib/x86_64-linux-gnu/libnss_compat-2.17.so
7f30e2b9b000-7f30e2b9c000 r--p 00007000 08:05 9834345                    /lib/x86_64-linux-gnu/libnss_compat-2.17.so
7f30e2b9c000-7f30e2b9d000 rw-p 00008000 08:05 9834345                    /lib/x86_64-linux-gnu/libnss_compat-2.17.so
7f30e2b9d000-7f30e2bc8000 r-xp 00000000 08:05 12322007                   /usr/lib/jvm/java-7-openjdk-amd64/jre/lib/amd64/libjava.so
7f30e2bc8000-7f30e2dc7000 ---p 0002b000 08:05 12322007                   /usr/lib/jvm/java-7-openjdk-amd64/jre/lib/amd64/libjava.so
7f30e2dc7000-7f30e2dc8000 r--p 0002a000 08:05 12322007                   /usr/lib/jvm/java-7-openjdk-amd64/jre/lib/amd64/libjava.so
7f30e2dc8000-7f30e2dca000 rw-p 0002b000 08:05 12322007                   /usr/lib/jvm/java-7-openjdk-amd64/jre/lib/amd64/libjava.so
7f30e2dca000-7f30e2dda000 r-xp 00000000 08:05 12322321                   /usr/lib/jvm/java-7-openjdk-amd64/jre/lib/amd64/libverify.so
7f30e2dda000-7f30e2fd9000 ---p 00010000 08:05 12322321                   /usr/lib/jvm/java-7-openjdk-amd64/jre/lib/amd64/libverify.so
7f30e2fd9000-7f30e2fdb000 r--p 0000f000 08:05 12322321                   /usr/lib/jvm/java-7-openjdk-amd64/jre/lib/amd64/libverify.so
7f30e2fdb000-7f30e2fdc000 rw-p 00011000 08:05 12322321                   /usr/lib/jvm/java-7-openjdk-amd64/jre/lib/amd64/libverify.so
7f30e2fdc000-7f30e2fe3000 r-xp 00000000 08:05 9834396                    /lib/x86_64-linux-gnu/librt-2.17.so
7f30e2fe3000-7f30e31e2000 ---p 00007000 08:05 9834396                    /lib/x86_64-linux-gnu/librt-2.17.so
7f30e31e2000-7f30e31e3000 r--p 00006000 08:05 9834396                    /lib/x86_64-linux-gnu/librt-2.17.so
7f30e31e3000-7f30e31e4000 rw-p 00007000 08:05 9834396                    /lib/x86_64-linux-gnu/librt-2.17.so
7f30e31e4000-7f30e31e7000 ---p 00000000 00:00 0 
7f30e31e7000-7f30e33e5000 rw-p 00000000 00:00 0                          [stack:3777]
7f30e33e5000-7f30e33fa000 r-xp 00000000 08:05 9830413                    /lib/x86_64-linux-gnu/libgcc_s.so.1
7f30e33fa000-7f30e35f9000 ---p 00015000 08:05 9830413                    /lib/x86_64-linux-gnu/libgcc_s.so.1
7f30e35f9000-7f30e35fa000 r--p 00014000 08:05 9830413                    /lib/x86_64-linux-gnu/libgcc_s.so.1
7f30e35fa000-7f30e35fb000 rw-p 00015000 08:05 9830413                    /lib/x86_64-linux-gnu/libgcc_s.so.1
7f30e35fb000-7f30e36fe000 r-xp 00000000 08:05 9834324                    /lib/x86_64-linux-gnu/libm-2.17.so
7f30e36fe000-7f30e38fd000 ---p 00103000 08:05 9834324                    /lib/x86_64-linux-gnu/libm-2.17.so
7f30e38fd000-7f30e38fe000 r--p 00102000 08:05 9834324                    /lib/x86_64-linux-gnu/libm-2.17.so
7f30e38fe000-7f30e38ff000 rw-p 00103000 08:05 9834324                    /lib/x86_64-linux-gnu/libm-2.17.so
7f30e38ff000-7f30e39e5000 r-xp 00000000 08:05 12190887                   /usr/lib/x86_64-linux-gnu/libstdc++.so.6.0.18
7f30e39e5000-7f30e3be4000 ---p 000e6000 08:05 12190887                   /usr/lib/x86_64-linux-gnu/libstdc++.so.6.0.18
7f30e3be4000-7f30e3bec000 r--p 000e5000 08:05 12190887                   /usr/lib/x86_64-linux-gnu/libstdc++.so.6.0.18
7f30e3bec000-7f30e3bee000 rw-p 000ed000 08:05 12190887                   /usr/lib/x86_64-linux-gnu/libstdc++.so.6.0.18
7f30e3bee000-7f30e3c03000 rw-p 00000000 00:00 0 
7f30e3c03000-7f30e46e2000 r-xp 00000000 08:05 12322340                   /usr/lib/jvm/java-7-openjdk-amd64/jre/lib/amd64/server/libjvm.so
7f30e46e2000-7f30e48e1000 ---p 00adf000 08:05 12322340                   /usr/lib/jvm/java-7-openjdk-amd64/jre/lib/amd64/server/libjvm.so
7f30e48e1000-7f30e4973000 r--p 00ade000 08:05 12322340                   /usr/lib/jvm/java-7-openjdk-amd64/jre/lib/amd64/server/libjvm.so
7f30e4973000-7f30e4996000 rw-p 00b70000 08:05 12322340                   /usr/lib/jvm/java-7-openjdk-amd64/jre/lib/amd64/server/libjvm.so
7f30e4996000-7f30e49c3000 rw-p 00000000 00:00 0 
7f30e49c3000-7f30e49db000 r-xp 00000000 08:05 9834431                    /lib/x86_64-linux-gnu/libz.so.1.2.8
7f30e49db000-7f30e4bda000 ---p 00018000 08:05 9834431                    /lib/x86_64-linux-gnu/libz.so.1.2.8
7f30e4bda000-7f30e4bdb000 r--p 00017000 08:05 9834431                    /lib/x86_64-linux-gnu/libz.so.1.2.8
7f30e4bdb000-7f30e4bdc000 rw-p 00018000 08:05 9834431                    /lib/x86_64-linux-gnu/libz.so.1.2.8
7f30e4bdc000-7f30e4bf3000 r-xp 00000000 08:05 9834388                    /lib/x86_64-linux-gnu/libpthread-2.17.so
7f30e4bf3000-7f30e4df3000 ---p 00017000 08:05 9834388                    /lib/x86_64-linux-gnu/libpthread-2.17.so
7f30e4df3000-7f30e4df4000 r--p 00017000 08:05 9834388                    /lib/x86_64-linux-gnu/libpthread-2.17.so
7f30e4df4000-7f30e4df5000 rw-p 00018000 08:05 9834388                    /lib/x86_64-linux-gnu/libpthread-2.17.so
7f30e4df5000-7f30e4df9000 rw-p 00000000 00:00 0 
7f30e4df9000-7f30e4dfc000 r-xp 00000000 08:05 9834288                    /lib/x86_64-linux-gnu/libdl-2.17.so
7f30e4dfc000-7f30e4ffb000 ---p 00003000 08:05 9834288                    /lib/x86_64-linux-gnu/libdl-2.17.so
7f30e4ffb000-7f30e4ffc000 r--p 00002000 08:05 9834288                    /lib/x86_64-linux-gnu/libdl-2.17.so
7f30e4ffc000-7f30e4ffd000 rw-p 00003000 08:05 9834288                    /lib/x86_64-linux-gnu/libdl-2.17.so
7f30e4ffd000-7f30e51ba000 r-xp 00000000 08:05 9834273                    /lib/x86_64-linux-gnu/libc-2.17.so
7f30e51ba000-7f30e53ba000 ---p 001bd000 08:05 9834273                    /lib/x86_64-linux-gnu/libc-2.17.so
7f30e53ba000-7f30e53be000 r--p 001bd000 08:05 9834273                    /lib/x86_64-linux-gnu/libc-2.17.so
7f30e53be000-7f30e53c0000 rw-p 001c1000 08:05 9834273                    /lib/x86_64-linux-gnu/libc-2.17.so
7f30e53c0000-7f30e53c5000 rw-p 00000000 00:00 0 
7f30e53c5000-7f30e53d2000 r-xp 00000000 08:05 12322347                   /usr/lib/jvm/java-7-openjdk-amd64/jre/lib/amd64/jli/libjli.so
7f30e53d2000-7f30e55d1000 ---p 0000d000 08:05 12322347                   /usr/lib/jvm/java-7-openjdk-amd64/jre/lib/amd64/jli/libjli.so
7f30e55d1000-7f30e55d2000 r--p 0000c000 08:05 12322347                   /usr/lib/jvm/java-7-openjdk-amd64/jre/lib/amd64/jli/libjli.so
7f30e55d2000-7f30e55d3000 rw-p 0000d000 08:05 12322347                   /usr/lib/jvm/java-7-openjdk-amd64/jre/lib/amd64/jli/libjli.so
7f30e55d3000-7f30e55f6000 r-xp 00000000 08:05 9834249                    /lib/x86_64-linux-gnu/ld-2.17.so
7f30e55fb000-7f30e55fc000 rw-p 00000000 00:00 0 
7f30e55fc000-7f30e55fd000 r-xp 00000000 00:00 0 
7f30e55fd000-7f30e5604000 r--s 00000000 08:05 12588976                   /usr/lib/x86_64-linux-gnu/gconv/gconv-modules.cache
7f30e5604000-7f30e5609000 r--s 0004c000 08:05 12322352                   /usr/lib/jvm/java-7-openjdk-amd64/jre/lib/jsse.jar
7f30e5609000-7f30e560c000 r--s 00032000 08:05 12322366                   /usr/lib/jvm/java-7-openjdk-amd64/jre/lib/ext/sunjce_provider.jar
7f30e560c000-7f30e560f000 r--s 0000f000 08:05 12322362                   /usr/lib/jvm/java-7-openjdk-amd64/jre/lib/ext/pulse-java.jar
7f30e560f000-7f30e562a000 rw-p 00000000 00:00 0 
7f30e562a000-7f30e5670000 rw-p 00000000 00:00 0 
7f30e5670000-7f30e5684000 rw-p 00000000 00:00 0 
7f30e5684000-7f30e5717000 rw-p 00000000 00:00 0 
7f30e5717000-7f30e5722000 rw-p 00000000 00:00 0 
7f30e5722000-7f30e57d7000 rw-p 00000000 00:00 0 
7f30e57d7000-7f30e57dc000 rw-p 00000000 00:00 0 
7f30e57dc000-7f30e57de000 r--s 00006000 08:05 12717881                   /usr/share/java/java-atk-wrapper.jar
7f30e57de000-7f30e57e2000 r--s 00085000 08:05 12322360                   /usr/lib/jvm/java-7-openjdk-amd64/jre/lib/ext/localedata.jar
7f30e57e2000-7f30e57e6000 r--s 0003b000 08:05 12322372                   /usr/lib/jvm/java-7-openjdk-amd64/jre/lib/ext/sunpkcs11.jar
7f30e57e6000-7f30e57e7000 r--s 00002000 08:05 12322370                   /usr/lib/jvm/java-7-openjdk-amd64/jre/lib/ext/dnsns.jar
7f30e57e7000-7f30e57e9000 r--s 00012000 08:05 12322364                   /usr/lib/jvm/java-7-openjdk-amd64/jre/lib/ext/zipfs.jar
7f30e57e9000-7f30e57f1000 rw-s 00000000 08:05 7340078                    /tmp/hsperfdata_luis/3752
7f30e57f1000-7f30e57f2000 rw-p 00000000 00:00 0 
7f30e57f2000-7f30e57f3000 r--p 00000000 00:00 0 
7f30e57f3000-7f30e57f5000 rw-p 00000000 00:00 0 
7f30e57f5000-7f30e57f6000 r--p 00022000 08:05 9834249                    /lib/x86_64-linux-gnu/ld-2.17.so
7f30e57f6000-7f30e57f8000 rw-p 00023000 08:05 9834249                    /lib/x86_64-linux-gnu/ld-2.17.so
7fff7b550000-7fff7b571000 rw-p 00000000 00:00 0                          [stack]
7fff7b5fe000-7fff7b600000 r-xp 00000000 00:00 0                          [vdso]
ffffffffff600000-ffffffffff601000 r-xp 00000000 00:00 0                  [vsyscall]

VM Arguments:
jvm_args: -Djdk.home= -Djruby.home=/home/luis/.rbenv/versions/jruby-1.7.10 -Djruby.script=jruby -Djruby.shell=/bin/sh -Djffi.boot.library.path=/home/luis/.rbenv/versions/jruby-1.7.10/lib/jni:/home/luis/.rbenv/versions/jruby-1.7.10/lib/jni/arm-Linux:/home/luis/.rbenv/versions/jruby-1.7.10/lib/jni/x86_64-Linux:/home/luis/.rbenv/versions/jruby-1.7.10/lib/jni/i386-Linux -Xmx500m -Xss2048k -Xbootclasspath/a:/home/luis/.rbenv/versions/jruby-1.7.10/lib/jruby.jar 
java_command: org/jruby/Main Makefile.rb clean compile test
Launcher Type: SUN_STANDARD

Environment Variables:
PATH=/home/luis/.rbenv/versions/jruby-1.7.10/bin:/home/luis/.rbenv/libexec:/home/luis/.rbenv/plugins/ruby-build/bin:/home/luis/.rbenv/shims:~/.rbenv/bin:~/.rbenv/bin:/usr/local/sbin:/usr/local/bin:/usr/sbin:/usr/bin:/sbin:/bin:/usr/games:/usr/local/games
USERNAME=luis
SHELL=/bin/bash
DISPLAY=:0

Signal Handlers:
SIGSEGV: [libjvm.so+0x916ea0], sa_mask[0]=0x7ffbfeff, sa_flags=0x10000004
SIGBUS: [libjvm.so+0x916ea0], sa_mask[0]=0x7ffbfeff, sa_flags=0x10000004
SIGFPE: [libjvm.so+0x794800], sa_mask[0]=0x7ffbfeff, sa_flags=0x10000004
SIGPIPE: [libjvm.so+0x794800], sa_mask[0]=0x7ffbfeff, sa_flags=0x10000004
SIGXFSZ: [libjvm.so+0x794800], sa_mask[0]=0x7ffbfeff, sa_flags=0x10000004
SIGILL: [libjvm.so+0x794800], sa_mask[0]=0x7ffbfeff, sa_flags=0x10000004
SIGUSR1: SIG_DFL, sa_mask[0]=0x00000000, sa_flags=0x00000000
SIGUSR2: [libjvm.so+0x7946a0], sa_mask[0]=0x00000000, sa_flags=0x10000004
SIGHUP: [libjvm.so+0x794880], sa_mask[0]=0x7ffbfeff, sa_flags=0x10000004
SIGINT: [libjvm.so+0x794880], sa_mask[0]=0x7ffbfeff, sa_flags=0x10000004
SIGTERM: [libjvm.so+0x794880], sa_mask[0]=0x7ffbfeff, sa_flags=0x10000004
SIGQUIT: [libjvm.so+0x794880], sa_mask[0]=0x7ffbfeff, sa_flags=0x10000004


---------------  S Y S T E M  ---------------

OS:LinuxMint 16 (petra)
uname:Linux 3.11.0-12-generic #19-Ubuntu SMP Wed Oct 9 16:20:46 UTC 2013 x86_64
libc:glibc 2.17 NPTL 2.17 
rlimit: STACK 8192k, CORE 0k, NPROC 29806, NOFILE 4096, AS infinity
load average:0,17 0,15 0,14

/proc/meminfo:
MemTotal:        3844532 kB
MemFree:         2725152 kB
Buffers:           53488 kB
Cached:           510916 kB
SwapCached:            0 kB
Active:           612952 kB
Inactive:         400660 kB
Active(anon):     450116 kB
Inactive(anon):   109852 kB
Active(file):     162836 kB
Inactive(file):   290808 kB
Unevictable:           0 kB
Mlocked:               0 kB
SwapTotal:       3987452 kB
SwapFree:        3987452 kB
Dirty:               108 kB
Writeback:             0 kB
AnonPages:        449636 kB
Mapped:            85664 kB
Shmem:            110764 kB
Slab:              47048 kB
SReclaimable:      27172 kB
SUnreclaim:        19876 kB
KernelStack:        2696 kB
PageTables:        14808 kB
NFS_Unstable:          0 kB
Bounce:                0 kB
WritebackTmp:          0 kB
CommitLimit:     5909716 kB
Committed_AS:    1595252 kB
VmallocTotal:   34359738367 kB
VmallocUsed:      348004 kB
VmallocChunk:   34359386120 kB
HardwareCorrupted:     0 kB
AnonHugePages:         0 kB
HugePages_Total:       0
HugePages_Free:        0
HugePages_Rsvd:        0
HugePages_Surp:        0
Hugepagesize:       2048 kB
DirectMap4k:       58612 kB
DirectMap2M:     3930112 kB


CPU:total 4 (2 cores per cpu, 2 threads per core) family 6 model 37 stepping 5, cmov, cx8, fxsr, mmx, sse, sse2, sse3, ssse3, sse4.1, sse4.2, popcnt, ht, tsc, tscinvbit

/proc/cpuinfo:
processor	: 0
vendor_id	: GenuineIntel
cpu family	: 6
model		: 37
model name	: Intel(R) Core(TM) i5 CPU       M 460  @ 2.53GHz
stepping	: 5
microcode	: 0x2
cpu MHz		: 2534.000
cache size	: 3072 KB
physical id	: 0
siblings	: 4
core id		: 0
cpu cores	: 2
apicid		: 0
initial apicid	: 0
fpu		: yes
fpu_exception	: yes
cpuid level	: 11
wp		: yes
flags		: fpu vme de pse tsc msr pae mce cx8 apic sep mtrr pge mca cmov pat pse36 clflush dts acpi mmx fxsr sse sse2 ss ht tm pbe syscall nx rdtscp lm constant_tsc arch_perfmon pebs bts rep_good nopl xtopology nonstop_tsc aperfmperf pni dtes64 monitor ds_cpl vmx est tm2 ssse3 cx16 xtpr pdcm pcid sse4_1 sse4_2 popcnt lahf_lm ida arat dtherm tpr_shadow vnmi flexpriority ept vpid
bogomips	: 5066.78
clflush size	: 64
cache_alignment	: 64
address sizes	: 36 bits physical, 48 bits virtual
power management:

processor	: 1
vendor_id	: GenuineIntel
cpu family	: 6
model		: 37
model name	: Intel(R) Core(TM) i5 CPU       M 460  @ 2.53GHz
stepping	: 5
microcode	: 0x2
cpu MHz		: 2534.000
cache size	: 3072 KB
physical id	: 0
siblings	: 4
core id		: 0
cpu cores	: 2
apicid		: 1
initial apicid	: 1
fpu		: yes
fpu_exception	: yes
cpuid level	: 11
wp		: yes
flags		: fpu vme de pse tsc msr pae mce cx8 apic sep mtrr pge mca cmov pat pse36 clflush dts acpi mmx fxsr sse sse2 ss ht tm pbe syscall nx rdtscp lm constant_tsc arch_perfmon pebs bts rep_good nopl xtopology nonstop_tsc aperfmperf pni dtes64 monitor ds_cpl vmx est tm2 ssse3 cx16 xtpr pdcm pcid sse4_1 sse4_2 popcnt lahf_lm ida arat dtherm tpr_shadow vnmi flexpriority ept vpid
bogomips	: 5066.78
clflush size	: 64
cache_alignment	: 64
address sizes	: 36 bits physical, 48 bits virtual
power management:

processor	: 2
vendor_id	: GenuineIntel
cpu family	: 6
model		: 37
model name	: Intel(R) Core(TM) i5 CPU       M 460  @ 2.53GHz
stepping	: 5
microcode	: 0x2
cpu MHz		: 1199.000
cache size	: 3072 KB
physical id	: 0
siblings	: 4
core id		: 2
cpu cores	: 2
apicid		: 4
initial apicid	: 4
fpu		: yes
fpu_exception	: yes
cpuid level	: 11
wp		: yes
flags		: fpu vme de pse tsc msr pae mce cx8 apic sep mtrr pge mca cmov pat pse36 clflush dts acpi mmx fxsr sse sse2 ss ht tm pbe syscall nx rdtscp lm constant_tsc arch_perfmon pebs bts rep_good nopl xtopology nonstop_tsc aperfmperf pni dtes64 monitor ds_cpl vmx est tm2 ssse3 cx16 xtpr pdcm pcid sse4_1 sse4_2 popcnt lahf_lm ida arat dtherm tpr_shadow vnmi flexpriority ept vpid
bogomips	: 5066.78
clflush size	: 64
cache_alignment	: 64
address sizes	: 36 bits physical, 48 bits virtual
power management:

processor	: 3
vendor_id	: GenuineIntel
cpu family	: 6
model		: 37
model name	: Intel(R) Core(TM) i5 CPU       M 460  @ 2.53GHz
stepping	: 5
microcode	: 0x2
cpu MHz		: 1199.000
cache size	: 3072 KB
physical id	: 0
siblings	: 4
core id		: 2
cpu cores	: 2
apicid		: 5
initial apicid	: 5
fpu		: yes
fpu_exception	: yes
cpuid level	: 11
wp		: yes
flags		: fpu vme de pse tsc msr pae mce cx8 apic sep mtrr pge mca cmov pat pse36 clflush dts acpi mmx fxsr sse sse2 ss ht tm pbe syscall nx rdtscp lm constant_tsc arch_perfmon pebs bts rep_good nopl xtopology nonstop_tsc aperfmperf pni dtes64 monitor ds_cpl vmx est tm2 ssse3 cx16 xtpr pdcm pcid sse4_1 sse4_2 popcnt lahf_lm ida arat dtherm tpr_shadow vnmi flexpriority ept vpid
bogomips	: 5066.78
clflush size	: 64
cache_alignment	: 64
address sizes	: 36 bits physical, 48 bits virtual
power management:



Memory: 4k page, physical 3844532k(2725152k free), swap 3987452k(3987452k free)

vm_info: OpenJDK 64-Bit Server VM (24.45-b08) for linux-amd64 JRE (1.7.0_51-b00), built on Jan 15 2014 22:02:57 by "buildd" with gcc 4.8.1

time: Mon Apr  7 10:42:08 2014
elapsed time: 5 seconds

