#
# A fatal error has been detected by the Java Runtime Environment:
#
#  SIGSEGV (0xb) at pc=0x00007f2cccb7ddf4, pid=8368, tid=139830702040832
#
# JRE version: OpenJDK Runtime Environment (7.0_51) (build 1.7.0_51-b00)
# Java VM: OpenJDK 64-Bit Server VM (24.45-b08 mixed mode linux-amd64 compressed oops)
# Problematic frame:
# C  [libconvex_hull.so+0xdf4]  puente_superior+0xdd
#
# Failed to write core dump. Core dumps have been disabled. To enable core dumping, try "ulimit -c unlimited" before starting Java again
#
# If you would like to submit a bug report, please include
# instructions on how to reproduce the bug and visit:
#   http://icedtea.classpath.org/bugzilla
# The crash happened outside the Java Virtual Machine in native code.
# See problematic frame for where to report the bug.
#

---------------  T H R E A D  ---------------

Current thread (0x00007f2cd800a800):  JavaThread "main" [_thread_in_native, id=8393, stack(0x00007f2cdf32e000,0x00007f2cdf52f000)]

siginfo:si_signo=SIGSEGV: si_errno=0, si_code=1 (SEGV_MAPERR), si_addr=0x0000000000000000

Registers:
RAX=0x0000000000000000, RBX=0x00000000d79ca860, RCX=0x0000000000000bf2, RDX=0x00000000ffed9fba
RSP=0x00007f2cdf52bd70, RBP=0x00007f2cdf52bdb0, RSI=0x0000000000000fc5, RDI=0x00007f2cd84f5a40
R8 =0x00007f2cd84f58d0, R9 =0x0000000000000018, R10=0x0000000000000002, R11=0x00007f2cd8000078
R12=0x0000000000000000, R13=0x00000000d79ca860, R14=0x00007f2cdf52c008, R15=0x00007f2cd800a800
RIP=0x00007f2cccb7ddf4, EFLAGS=0x0000000000010297, CSGSFS=0x0000000000000033, ERR=0x0000000000000004
  TRAPNO=0x000000000000000e

Top of Stack: (sp=0x00007f2cdf52bd70)
0x00007f2cdf52bd70:   00007f2cd84f5a40 00007f2cd84f5800
0x00007f2cdf52bd80:   0000000500000004 0000000000000001
0x00007f2cdf52bd90:   00007f2cd84f58c0 00007f2cd84f5820
0x00007f2cdf52bda0:   00007f2cd84f5ac0 00007f2cd84f5820
0x00007f2cdf52bdb0:   00007f2cdf52bea0 00007f2cccb7e024
0x00007f2cdf52bdc0:   00007f2cd84f5a40 00007f2cd84f5800
0x00007f2cdf52bdd0:   0000000000000000 0000000400000000
0x00007f2cdf52bde0:   0000000000000001 0000000100000001
0x00007f2cdf52bdf0:   0000000200000077 00007f2cd84f5aa0
0x00007f2cdf52be00:   00007f2cd84f58c0 00007f2cd84f58c0
0x00007f2cdf52be10:   00007f2cd84f5a00 0000000000000000
0x00007f2cdf52be20:   00007f2cd84f5ac0 00007f2cd8000020
0x00007f2cdf52be30:   0000000000000008 0000000000000000
0x00007f2cdf52be40:   00000000d79ca860 00007f2cdf52c008
0x00007f2cdf52be50:   00007f2cd800a800 00007f2ce11ca4d0
0x00007f2cdf52be60:   00007f2cd84f59e0 00000000d79ca860
0x00007f2cdf52be70:   00007f2cdf52bea0 00007f2cccf83900
0x00007f2cdf52be80:   00007f2cd84f5900 fffff93900000edc
0x00007f2cdf52be90:   00007f2cd84f5a40 00007f2cd84f5a40
0x00007f2cdf52bea0:   00007f2cdf52bf20 00007f2cccb7e883
0x00007f2cdf52beb0:   00007f2cd5182914 00007f2cd84f77a0
0x00007f2cdf52bec0:   00000000f65ccca8 00000011f61910c8
0x00007f2cdf52bed0:   00007f2cd84f9050 00007f2cd84f5800
0x00007f2cdf52bee0:   00007f2cd84f57c0 00007f2cd84f5820
0x00007f2cdf52bef0:   00007f2cd84f81b0 00007f2cd84f5840
0x00007f2cdf52bf00:   00007f2cd84eeb40 00007f2cd84f5860
0x00007f2cdf52bf10:   00007f2cd84f9030 00007f2cd84f5a40
0x00007f2cdf52bf20:   00007f2cd84b01e0 00007f2ccd990cd9
0x00007f2cdf52bf30:   0000000000000000 00000000d79ca860
0x00007f2cdf52bf40:   00007f2cdf52bfc0 00007f2cd5012738
0x00007f2cdf52bf50:   00007f2cdf52bfe0 00007f2cd5006233
0x00007f2cdf52bf60:   00000000f64688e8 00007f2cd5006233 

Instructions: (pc=0x00007f2cccb7ddf4)
0x00007f2cccb7ddd4:   45 e0 48 8b 00 48 89 45 e8 48 8b 45 e0 48 8b 40
0x00007f2cccb7dde4:   08 48 8b 00 48 89 45 f0 48 8b 45 e0 48 8b 40 10
0x00007f2cccb7ddf4:   48 8b 00 48 89 45 f8 48 8b 55 f0 48 8b 4d e8 48
0x00007f2cccb7de04:   8b 45 c0 48 89 ce 48 89 c7 e8 1e fc ff ff 89 45 

Register to memory mapping:

RAX=0x0000000000000000 is an unknown value
RBX=0x00000000d79ca860 is an oop
{method} 
 - klass: {other class}
RCX=0x0000000000000bf2 is an unknown value
RDX=0x00000000ffed9fba is an unallocated location in the heap
RSP=0x00007f2cdf52bd70 is pointing into the stack for thread: 0x00007f2cd800a800
RBP=0x00007f2cdf52bdb0 is pointing into the stack for thread: 0x00007f2cd800a800
RSI=0x0000000000000fc5 is an unknown value
RDI=0x00007f2cd84f5a40 is an unknown value
R8 =0x00007f2cd84f58d0 is an unknown value
R9 =0x0000000000000018 is an unknown value
R10=0x0000000000000002 is an unknown value
R11=0x00007f2cd8000078 is an unknown value
R12=0x0000000000000000 is an unknown value
R13=0x00000000d79ca860 is an oop
{method} 
 - klass: {other class}
R14=0x00007f2cdf52c008 is pointing into the stack for thread: 0x00007f2cd800a800
R15=0x00007f2cd800a800 is a thread


Stack: [0x00007f2cdf32e000,0x00007f2cdf52f000],  sp=0x00007f2cdf52bd70,  free space=2039k
Native frames: (J=compiled Java code, j=interpreted, Vv=VM code, C=native code)
C  [libconvex_hull.so+0xdf4]  puente_superior+0xdd
C  [libconvex_hull.so+0x1024]  insertion+0x5e
C  [libconvex_hull.so+0x1883]  convex_hull+0x180

Java frames: (J=compiled Java code, j=interpreted, Vv=VM code)
j  com.kenai.jffi.Foreign.invokeL1(JJJ)J+0
j  com.kenai.jffi.Invoker.invokeL1(Lcom/kenai/jffi/CallContext;JJ)J+7
j  org.jruby.ext.ffi.jffi.NativeInvoker$ffi$2.call(Lorg/jruby/runtime/ThreadContext;Lorg/jruby/runtime/builtin/IRubyObject;Lorg/jruby/RubyModule;Ljava/lang/String;Lorg/jruby/runtime/builtin/IRubyObject;)Lorg/jruby/runtime/builtin/IRubyObject;+76
j  org.jruby.runtime.callsite.CachingCallSite.cacheAndCall(Lorg/jruby/runtime/builtin/IRubyObject;Lorg/jruby/RubyClass;Lorg/jruby/runtime/ThreadContext;Lorg/jruby/runtime/builtin/IRubyObject;Lorg/jruby/runtime/builtin/IRubyObject;)Lorg/jruby/runtime/builtin/IRubyObject;+57
J  org.jruby.runtime.callsite.CachingCallSite.call(Lorg/jruby/runtime/ThreadContext;Lorg/jruby/runtime/builtin/IRubyObject;Lorg/jruby/runtime/builtin/IRubyObject;Lorg/jruby/runtime/builtin/IRubyObject;)Lorg/jruby/runtime/builtin/IRubyObject;
J  org.jruby.ast.CallOneArgNode.interpret(Lorg/jruby/Ruby;Lorg/jruby/runtime/ThreadContext;Lorg/jruby/runtime/builtin/IRubyObject;Lorg/jruby/runtime/Block;)Lorg/jruby/runtime/builtin/IRubyObject;
j  org.jruby.ast.LocalAsgnNode.interpret(Lorg/jruby/Ruby;Lorg/jruby/runtime/ThreadContext;Lorg/jruby/runtime/builtin/IRubyObject;Lorg/jruby/runtime/Block;)Lorg/jruby/runtime/builtin/IRubyObject;+30
J  org.jruby.ast.BlockNode.interpret(Lorg/jruby/Ruby;Lorg/jruby/runtime/ThreadContext;Lorg/jruby/runtime/builtin/IRubyObject;Lorg/jruby/runtime/Block;)Lorg/jruby/runtime/builtin/IRubyObject;
j  org.jruby.evaluator.ASTInterpreter.INTERPRET_METHOD(Lorg/jruby/Ruby;Lorg/jruby/runtime/ThreadContext;Ljava/lang/String;ILorg/jruby/RubyModule;Lorg/jruby/ast/Node;Ljava/lang/String;Lorg/jruby/runtime/builtin/IRubyObject;Lorg/jruby/runtime/Block;Z)Lorg/jruby/runtime/builtin/IRubyObject;+30
j  org.jruby.internal.runtime.methods.InterpretedMethod.call(Lorg/jruby/runtime/ThreadContext;Lorg/jruby/runtime/builtin/IRubyObject;Lorg/jruby/RubyModule;Ljava/lang/String;)Lorg/jruby/runtime/builtin/IRubyObject;+80
j  org.jruby.internal.runtime.methods.DefaultMethod.call(Lorg/jruby/runtime/ThreadContext;Lorg/jruby/runtime/builtin/IRubyObject;Lorg/jruby/RubyModule;Ljava/lang/String;)Lorg/jruby/runtime/builtin/IRubyObject;+20
j  org.jruby.runtime.callsite.CachingCallSite.cacheAndCall(Lorg/jruby/runtime/builtin/IRubyObject;Lorg/jruby/RubyClass;Lorg/jruby/runtime/ThreadContext;Lorg/jruby/runtime/builtin/IRubyObject;)Lorg/jruby/runtime/builtin/IRubyObject;+53
j  org.jruby.runtime.callsite.CachingCallSite.call(Lorg/jruby/runtime/ThreadContext;Lorg/jruby/runtime/builtin/IRubyObject;Lorg/jruby/runtime/builtin/IRubyObject;)Lorg/jruby/runtime/builtin/IRubyObject;+46
j  org.jruby.ast.CallNoArgNode.interpret(Lorg/jruby/Ruby;Lorg/jruby/runtime/ThreadContext;Lorg/jruby/runtime/builtin/IRubyObject;Lorg/jruby/runtime/Block;)Lorg/jruby/runtime/builtin/IRubyObject;+18
j  org.jruby.ast.FCallTwoArgNode.interpret(Lorg/jruby/Ruby;Lorg/jruby/runtime/ThreadContext;Lorg/jruby/runtime/builtin/IRubyObject;Lorg/jruby/runtime/Block;)Lorg/jruby/runtime/builtin/IRubyObject;+28
J  org.jruby.ast.NewlineNode.interpret(Lorg/jruby/Ruby;Lorg/jruby/runtime/ThreadContext;Lorg/jruby/runtime/builtin/IRubyObject;Lorg/jruby/runtime/Block;)Lorg/jruby/runtime/builtin/IRubyObject;
j  org.jruby.ast.BlockNode.interpret(Lorg/jruby/Ruby;Lorg/jruby/runtime/ThreadContext;Lorg/jruby/runtime/builtin/IRubyObject;Lorg/jruby/runtime/Block;)Lorg/jruby/runtime/builtin/IRubyObject;+33
j  org.jruby.evaluator.ASTInterpreter.INTERPRET_METHOD(Lorg/jruby/Ruby;Lorg/jruby/runtime/ThreadContext;Ljava/lang/String;ILorg/jruby/RubyModule;Lorg/jruby/ast/Node;Ljava/lang/String;Lorg/jruby/runtime/builtin/IRubyObject;Lorg/jruby/runtime/Block;Z)Lorg/jruby/runtime/builtin/IRubyObject;+30
j  org.jruby.internal.runtime.methods.InterpretedMethod.call(Lorg/jruby/runtime/ThreadContext;Lorg/jruby/runtime/builtin/IRubyObject;Lorg/jruby/RubyModule;Ljava/lang/String;)Lorg/jruby/runtime/builtin/IRubyObject;+80
j  org.jruby.internal.runtime.methods.DefaultMethod.call(Lorg/jruby/runtime/ThreadContext;Lorg/jruby/runtime/builtin/IRubyObject;Lorg/jruby/RubyModule;Ljava/lang/String;)Lorg/jruby/runtime/builtin/IRubyObject;+20
j  org.jruby.runtime.callsite.CachingCallSite.cacheAndCall(Lorg/jruby/runtime/builtin/IRubyObject;Lorg/jruby/RubyClass;Lorg/jruby/runtime/ThreadContext;Lorg/jruby/runtime/builtin/IRubyObject;)Lorg/jruby/runtime/builtin/IRubyObject;+53
j  org.jruby.runtime.callsite.CachingCallSite.call(Lorg/jruby/runtime/ThreadContext;Lorg/jruby/runtime/builtin/IRubyObject;Lorg/jruby/runtime/builtin/IRubyObject;)Lorg/jruby/runtime/builtin/IRubyObject;+46
j  Makefile.method__2$RUBY$test(LMakefile;Lorg/jruby/runtime/ThreadContext;Lorg/jruby/runtime/builtin/IRubyObject;Lorg/jruby/runtime/Block;)Lorg/jruby/runtime/builtin/IRubyObject;+130
j  Makefile$method__2$RUBY$test.call(Lorg/jruby/runtime/ThreadContext;Lorg/jruby/runtime/builtin/IRubyObject;Lorg/jruby/RubyModule;Ljava/lang/String;Lorg/jruby/runtime/Block;)Lorg/jruby/runtime/builtin/IRubyObject;+17
j  org.jruby.RubyClass.finvoke(Lorg/jruby/runtime/ThreadContext;Lorg/jruby/runtime/builtin/IRubyObject;Ljava/lang/String;Lorg/jruby/runtime/Block;)Lorg/jruby/runtime/builtin/IRubyObject;+41
j  org.jruby.RubyBasicObject.send19(Lorg/jruby/runtime/ThreadContext;Lorg/jruby/runtime/builtin/IRubyObject;Lorg/jruby/runtime/Block;)Lorg/jruby/runtime/builtin/IRubyObject;+15
j  org.jruby.RubyKernel.send19(Lorg/jruby/runtime/ThreadContext;Lorg/jruby/runtime/builtin/IRubyObject;Lorg/jruby/runtime/builtin/IRubyObject;Lorg/jruby/runtime/Block;)Lorg/jruby/runtime/builtin/IRubyObject;+7
j  org.jruby.RubyKernel$INVOKER$s$send19.call(Lorg/jruby/runtime/ThreadContext;Lorg/jruby/runtime/builtin/IRubyObject;Lorg/jruby/RubyModule;Ljava/lang/String;Lorg/jruby/runtime/builtin/IRubyObject;Lorg/jruby/runtime/Block;)Lorg/jruby/runtime/builtin/IRubyObject;+6
j  org.jruby.internal.runtime.methods.JavaMethod$JavaMethodOneOrNBlock.call(Lorg/jruby/runtime/ThreadContext;Lorg/jruby/runtime/builtin/IRubyObject;Lorg/jruby/RubyModule;Ljava/lang/String;Lorg/jruby/runtime/builtin/IRubyObject;)Lorg/jruby/runtime/builtin/IRubyObject;+11
j  org.jruby.runtime.callsite.CachingCallSite.call(Lorg/jruby/runtime/ThreadContext;Lorg/jruby/runtime/builtin/IRubyObject;Lorg/jruby/runtime/builtin/IRubyObject;Lorg/jruby/runtime/builtin/IRubyObject;)Lorg/jruby/runtime/builtin/IRubyObject;+38
j  Makefile.block_6$RUBY$__file__(LMakefile;Lorg/jruby/runtime/ThreadContext;Lorg/jruby/runtime/builtin/IRubyObject;[Lorg/jruby/runtime/builtin/IRubyObject;Lorg/jruby/runtime/Block;)Lorg/jruby/runtime/builtin/IRubyObject;+46
j  Makefile$block_6$RUBY$__file__.call(Lorg/jruby/runtime/ThreadContext;Lorg/jruby/runtime/builtin/IRubyObject;[Lorg/jruby/runtime/builtin/IRubyObject;Lorg/jruby/runtime/Block;)Lorg/jruby/runtime/builtin/IRubyObject;+9
j  org.jruby.runtime.CompiledBlock19.yield(Lorg/jruby/runtime/ThreadContext;Lorg/jruby/runtime/builtin/IRubyObject;Lorg/jruby/runtime/Binding;Lorg/jruby/runtime/Block$Type;)Lorg/jruby/runtime/builtin/IRubyObject;+52
j  org.jruby.runtime.Block.yield(Lorg/jruby/runtime/ThreadContext;Lorg/jruby/runtime/builtin/IRubyObject;)Lorg/jruby/runtime/builtin/IRubyObject;+14
j  org.jruby.RubyArray.eachCommon(Lorg/jruby/runtime/ThreadContext;Lorg/jruby/runtime/Block;)Lorg/jruby/runtime/builtin/IRubyObject;+41
j  org.jruby.RubyArray.each(Lorg/jruby/runtime/ThreadContext;Lorg/jruby/runtime/Block;)Lorg/jruby/runtime/builtin/IRubyObject;+10
j  org.jruby.RubyArray$INVOKER$i$0$0$each.call(Lorg/jruby/runtime/ThreadContext;Lorg/jruby/runtime/builtin/IRubyObject;Lorg/jruby/RubyModule;Ljava/lang/String;Lorg/jruby/runtime/Block;)Lorg/jruby/runtime/builtin/IRubyObject;+7
j  org.jruby.runtime.callsite.CachingCallSite.cacheAndCall(Lorg/jruby/runtime/builtin/IRubyObject;Lorg/jruby/RubyClass;Lorg/jruby/runtime/Block;Lorg/jruby/runtime/ThreadContext;Lorg/jruby/runtime/builtin/IRubyObject;)Lorg/jruby/runtime/builtin/IRubyObject;+57
j  org.jruby.runtime.callsite.CachingCallSite.callBlock(Lorg/jruby/runtime/ThreadContext;Lorg/jruby/runtime/builtin/IRubyObject;Lorg/jruby/runtime/builtin/IRubyObject;Lorg/jruby/runtime/Block;)Lorg/jruby/runtime/builtin/IRubyObject;+50
j  org.jruby.runtime.callsite.CachingCallSite.callIter(Lorg/jruby/runtime/ThreadContext;Lorg/jruby/runtime/builtin/IRubyObject;Lorg/jruby/runtime/builtin/IRubyObject;Lorg/jruby/runtime/Block;)Lorg/jruby/runtime/builtin/IRubyObject;+6
j  Makefile.__file__(LMakefile;Lorg/jruby/runtime/ThreadContext;Lorg/jruby/runtime/builtin/IRubyObject;[Lorg/jruby/runtime/builtin/IRubyObject;Lorg/jruby/runtime/Block;)Lorg/jruby/runtime/builtin/IRubyObject;+859
j  Makefile.load(Lorg/jruby/runtime/ThreadContext;Lorg/jruby/runtime/builtin/IRubyObject;Z)Lorg/jruby/runtime/builtin/IRubyObject;+22
j  org.jruby.Ruby.runScript(Lorg/jruby/ast/executable/Script;Z)Lorg/jruby/runtime/builtin/IRubyObject;+12
j  org.jruby.Ruby.runScript(Lorg/jruby/ast/executable/Script;)Lorg/jruby/runtime/builtin/IRubyObject;+3
j  org.jruby.Ruby.runNormally(Lorg/jruby/ast/Node;)Lorg/jruby/runtime/builtin/IRubyObject;+73
j  org.jruby.Ruby.runFromMain(Ljava/io/InputStream;Ljava/lang/String;)V+320
j  org.jruby.Main.doRunFromMain(Lorg/jruby/Ruby;Ljava/io/InputStream;Ljava/lang/String;)Lorg/jruby/Main$Status;+12
j  org.jruby.Main.internalRun()Lorg/jruby/Main$Status;+234
j  org.jruby.Main.run([Ljava/lang/String;)Lorg/jruby/Main$Status;+9
j  org.jruby.Main.main([Ljava/lang/String;)V+35
v  ~StubRoutines::call_stub

---------------  P R O C E S S  ---------------

Java Threads: ( => current thread )
  0x00007f2cd84ca800 JavaThread "JRubyJIT-2" daemon [_thread_blocked, id=8476, stack(0x00007f2ccd587000,0x00007f2ccd788000)]
  0x00007f2cd84c9000 JavaThread "process reaper" daemon [_thread_blocked, id=8409, stack(0x00007f2cd4035000,0x00007f2cd406e000)]
  0x00007f2cd84b5800 JavaThread "JRubyJIT-1" daemon [_thread_blocked, id=8406, stack(0x00007f2ccd788000,0x00007f2ccd989000)]
  0x00007f2cd80ad000 JavaThread "Service Thread" daemon [_thread_blocked, id=8404, stack(0x00007f2ccf401000,0x00007f2ccf602000)]
  0x00007f2cd80aa800 JavaThread "C2 CompilerThread1" daemon [_thread_in_native, id=8403, stack(0x00007f2ccf602000,0x00007f2ccf703000)]
  0x00007f2cd80a7800 JavaThread "C2 CompilerThread0" daemon [_thread_in_native, id=8402, stack(0x00007f2ccf703000,0x00007f2ccf804000)]
  0x00007f2cd80a5800 JavaThread "Signal Dispatcher" daemon [_thread_blocked, id=8401, stack(0x00007f2ccf804000,0x00007f2ccfa05000)]
  0x00007f2cd8082800 JavaThread "Finalizer" daemon [_thread_blocked, id=8400, stack(0x00007f2ccfdff000,0x00007f2cd0000000)]
  0x00007f2cd8080800 JavaThread "Reference Handler" daemon [_thread_blocked, id=8399, stack(0x00007f2cd406e000,0x00007f2cd426f000)]
=>0x00007f2cd800a800 JavaThread "main" [_thread_in_native, id=8393, stack(0x00007f2cdf32e000,0x00007f2cdf52f000)]

Other Threads:
  0x00007f2cd807c800 VMThread [stack: 0x00007f2cd426f000,0x00007f2cd4370000] [id=8398]
  0x00007f2cd80bf800 WatcherThread [stack: 0x00007f2ccf300000,0x00007f2ccf401000] [id=8405]

VM state:not at safepoint (normal execution)

VM Mutex/Monitor currently owned by a thread: None

Heap
 PSYoungGen      total 33280K, used 24265K [0x00000000f5900000, 0x00000000f7c00000, 0x0000000100000000)
  eden space 30720K, 70% used [0x00000000f5900000,0x00000000f6e34f80,0x00000000f7700000)
  from space 2560K, 99% used [0x00000000f7980000,0x00000000f7bfd528,0x00000000f7c00000)
  to   space 2560K, 0% used [0x00000000f7700000,0x00000000f7700000,0x00000000f7980000)
 ParOldGen       total 39936K, used 5232K [0x00000000e0c00000, 0x00000000e3300000, 0x00000000f5900000)
  object space 39936K, 13% used [0x00000000e0c00000,0x00000000e111c3a0,0x00000000e3300000)
 PSPermGen       total 25600K, used 25471K [0x00000000d6600000, 0x00000000d7f00000, 0x00000000e0c00000)
  object space 25600K, 99% used [0x00000000d6600000,0x00000000d7edffa8,0x00000000d7f00000)

Card table byte_map: [0x00007f2cde154000,0x00007f2cde2a2000] byte_map_base: 0x00007f2cddaa1000

Polling page: 0x00007f2ce193c000

Code Cache  [0x00007f2cd5000000, 0x00007f2cd5270000, 0x00007f2cd8000000)
 total_blobs=933 nmethods=454 adapters=433 free_code_cache=47438Kb largest_free_block=48547840

Compilation events (10 events):
Event: 3,378 Thread 0x00007f2cd80a7800 nmethod 457 0x00007f2cd51acf90 code [0x00007f2cd51ad0c0, 0x00007f2cd51ad118]
Event: 3,378 Thread 0x00007f2cd80a7800  458             org.jruby.runtime.Arity::checkArity (106 bytes)
Event: 3,379 Thread 0x00007f2cd80a7800 nmethod 458 0x00007f2cd51accd0 code [0x00007f2cd51ace20, 0x00007f2cd51acec8]
Event: 3,379 Thread 0x00007f2cd80a7800  459             org.jruby.runtime.callsite.EqCallSite::call (67 bytes)
Event: 3,389 Thread 0x00007f2cd80a7800 nmethod 459 0x00007f2cd51afd50 code [0x00007f2cd51aff20, 0x00007f2cd51b0428]
Event: 3,389 Thread 0x00007f2cd80a7800  460             org.jruby.RubyBasicObject::op_equal_19 (23 bytes)
Event: 3,390 Thread 0x00007f2cd80a7800 nmethod 460 0x00007f2cd51afa90 code [0x00007f2cd51afbe0, 0x00007f2cd51afc78]
Event: 3,390 Thread 0x00007f2cd80a7800  461             org.jruby.RubyBasicObject$INVOKER$i$1$0$op_equal_19::call (11 bytes)
Event: 3,391 Thread 0x00007f2cd80a7800 nmethod 461 0x00007f2cd51ac790 code [0x00007f2cd51ac900, 0x00007f2cd51aca78]
Event: 3,391 Thread 0x00007f2cd80a7800  462             org.jruby.runtime.callsite.EqCallSite::call (66 bytes)

GC Heap History (4 events):
Event: 1,302 GC heap before
{Heap before GC invocations=1 (full 0):
 PSYoungGen      total 17920K, used 15360K [0x00000000f5900000, 0x00000000f6d00000, 0x0000000100000000)
  eden space 15360K, 100% used [0x00000000f5900000,0x00000000f6800000,0x00000000f6800000)
  from space 2560K, 0% used [0x00000000f6a80000,0x00000000f6a80000,0x00000000f6d00000)
  to   space 2560K, 0% used [0x00000000f6800000,0x00000000f6800000,0x00000000f6a80000)
 ParOldGen       total 39936K, used 0K [0x00000000e0c00000, 0x00000000e3300000, 0x00000000f5900000)
  object space 39936K, 0% used [0x00000000e0c00000,0x00000000e0c00000,0x00000000e3300000)
 PSPermGen       total 21504K, used 19066K [0x00000000d6600000, 0x00000000d7b00000, 0x00000000e0c00000)
  object space 21504K, 88% used [0x00000000d6600000,0x00000000d789eba0,0x00000000d7b00000)
Event: 1,317 GC heap after
Heap after GC invocations=1 (full 0):
 PSYoungGen      total 17920K, used 2549K [0x00000000f5900000, 0x00000000f7c00000, 0x0000000100000000)
  eden space 15360K, 0% used [0x00000000f5900000,0x00000000f5900000,0x00000000f6800000)
  from space 2560K, 99% used [0x00000000f6800000,0x00000000f6a7d4d8,0x00000000f6a80000)
  to   space 2560K, 0% used [0x00000000f7980000,0x00000000f7980000,0x00000000f7c00000)
 ParOldGen       total 39936K, used 3264K [0x00000000e0c00000, 0x00000000e3300000, 0x00000000f5900000)
  object space 39936K, 8% used [0x00000000e0c00000,0x00000000e0f30018,0x00000000e3300000)
 PSPermGen       total 21504K, used 19066K [0x00000000d6600000, 0x00000000d7b00000, 0x00000000e0c00000)
  object space 21504K, 88% used [0x00000000d6600000,0x00000000d789eba0,0x00000000d7b00000)
}
Event: 2,400 GC heap before
{Heap before GC invocations=2 (full 0):
 PSYoungGen      total 17920K, used 17909K [0x00000000f5900000, 0x00000000f7c00000, 0x0000000100000000)
  eden space 15360K, 100% used [0x00000000f5900000,0x00000000f6800000,0x00000000f6800000)
  from space 2560K, 99% used [0x00000000f6800000,0x00000000f6a7d4d8,0x00000000f6a80000)
  to   space 2560K, 0% used [0x00000000f7980000,0x00000000f7980000,0x00000000f7c00000)
 ParOldGen       total 39936K, used 3264K [0x00000000e0c00000, 0x00000000e3300000, 0x00000000f5900000)
  object space 39936K, 8% used [0x00000000e0c00000,0x00000000e0f30018,0x00000000e3300000)
 PSPermGen       total 23552K, used 23550K [0x00000000d6600000, 0x00000000d7d00000, 0x00000000e0c00000)
  object space 23552K, 99% used [0x00000000d6600000,0x00000000d7cffbb0,0x00000000d7d00000)
Event: 2,414 GC heap after
Heap after GC invocations=2 (full 0):
 PSYoungGen      total 33280K, used 2549K [0x00000000f5900000, 0x00000000f7c00000, 0x0000000100000000)
  eden space 30720K, 0% used [0x00000000f5900000,0x00000000f5900000,0x00000000f7700000)
  from space 2560K, 99% used [0x00000000f7980000,0x00000000f7bfd528,0x00000000f7c00000)
  to   space 2560K, 0% used [0x00000000f7700000,0x00000000f7700000,0x00000000f7980000)
 ParOldGen       total 39936K, used 5232K [0x00000000e0c00000, 0x00000000e3300000, 0x00000000f5900000)
  object space 39936K, 13% used [0x00000000e0c00000,0x00000000e111c3a0,0x00000000e3300000)
 PSPermGen       total 23552K, used 23550K [0x00000000d6600000, 0x00000000d7d00000, 0x00000000e0c00000)
  object space 23552K, 99% used [0x00000000d6600000,0x00000000d7cffbb0,0x00000000d7d00000)
}

Deoptimization events (10 events):
Event: 3,008 Thread 0x00007f2cd800a800 Uncommon trap: reason=class_check action=maybe_recompile pc=0x00007f2cd5174184 method=org.joni.Matcher.searchInterruptible(III)I @ 810
Event: 3,074 Thread 0x00007f2cd800a800 Uncommon trap: reason=bimorphic action=maybe_recompile pc=0x00007f2cd5178a48 method=org.jruby.runtime.scope.OneVarDynamicScope.getValue(II)Lorg/jruby/runtime/builtin/IRubyObject; @ 12
Event: 3,074 Thread 0x00007f2cd800a800 Uncommon trap: reason=bimorphic action=maybe_recompile pc=0x00007f2cd5178a48 method=org.jruby.runtime.scope.OneVarDynamicScope.getValue(II)Lorg/jruby/runtime/builtin/IRubyObject; @ 12
Event: 3,074 Thread 0x00007f2cd800a800 Uncommon trap: reason=bimorphic action=maybe_recompile pc=0x00007f2cd5178a48 method=org.jruby.runtime.scope.OneVarDynamicScope.getValue(II)Lorg/jruby/runtime/builtin/IRubyObject; @ 12
Event: 3,075 Thread 0x00007f2cd800a800 Uncommon trap: reason=bimorphic action=maybe_recompile pc=0x00007f2cd5178a48 method=org.jruby.runtime.scope.OneVarDynamicScope.getValue(II)Lorg/jruby/runtime/builtin/IRubyObject; @ 12
Event: 3,114 Thread 0x00007f2cd800a800 Uncommon trap: reason=class_check action=maybe_recompile pc=0x00007f2cd51676b8 method=org.jruby.RubyArray.compare(Lorg/jruby/runtime/ThreadContext;Lorg/jruby/runtime/invokedynamic/MethodNames;Lorg/jruby/runtime/builtin/IRubyObject;)Lorg/jruby/RubyBoolean;
Event: 3,114 Thread 0x00007f2cd800a800 Uncommon trap: reason=class_check action=maybe_recompile pc=0x00007f2cd51676b8 method=org.jruby.RubyArray.compare(Lorg/jruby/runtime/ThreadContext;Lorg/jruby/runtime/invokedynamic/MethodNames;Lorg/jruby/runtime/builtin/IRubyObject;)Lorg/jruby/RubyBoolean;
Event: 3,114 Thread 0x00007f2cd800a800 Uncommon trap: reason=class_check action=maybe_recompile pc=0x00007f2cd51676b8 method=org.jruby.RubyArray.compare(Lorg/jruby/runtime/ThreadContext;Lorg/jruby/runtime/invokedynamic/MethodNames;Lorg/jruby/runtime/builtin/IRubyObject;)Lorg/jruby/RubyBoolean;
Event: 3,114 Thread 0x00007f2cd800a800 Uncommon trap: reason=class_check action=maybe_recompile pc=0x00007f2cd51676b8 method=org.jruby.RubyArray.compare(Lorg/jruby/runtime/ThreadContext;Lorg/jruby/runtime/invokedynamic/MethodNames;Lorg/jruby/runtime/builtin/IRubyObject;)Lorg/jruby/RubyBoolean;
Event: 3,388 Thread 0x00007f2cd800a800 Uncommon trap: reason=unreached action=reinterpret pc=0x00007f2cd519d450 method=java.util.HashSet.add(Ljava/lang/Object;)Z @ 11

Internal exceptions (10 events):
Event: 2,964 Thread 0x00007f2cd84ca800 Threw 0x00000000f628dc40 at /build/buildd/openjdk-7-7u51-2.4.4/build/openjdk/hotspot/src/share/vm/prims/jvm.cpp:1244
Event: 2,964 Thread 0x00007f2cd84ca800 Threw 0x00000000f628ece0 at /build/buildd/openjdk-7-7u51-2.4.4/build/openjdk/hotspot/src/share/vm/prims/jvm.cpp:1244
Event: 3,001 Thread 0x00007f2cd84b5800 Threw 0x00000000f62f54f8 at /build/buildd/openjdk-7-7u51-2.4.4/build/openjdk/hotspot/src/share/vm/prims/jvm.cpp:1244
Event: 3,001 Thread 0x00007f2cd84b5800 Threw 0x00000000f62f65f8 at /build/buildd/openjdk-7-7u51-2.4.4/build/openjdk/hotspot/src/share/vm/prims/jvm.cpp:1244
Event: 3,001 Thread 0x00007f2cd84ca800 Threw 0x00000000f64c7af0 at /build/buildd/openjdk-7-7u51-2.4.4/build/openjdk/hotspot/src/share/vm/prims/jvm.cpp:1244
Event: 3,001 Thread 0x00007f2cd84ca800 Threw 0x00000000f64c8bf0 at /build/buildd/openjdk-7-7u51-2.4.4/build/openjdk/hotspot/src/share/vm/prims/jvm.cpp:1244
Event: 3,005 Thread 0x00007f2cd84b5800 Threw 0x00000000f64c26e0 at /build/buildd/openjdk-7-7u51-2.4.4/build/openjdk/hotspot/src/share/vm/prims/jvm.cpp:1244
Event: 3,005 Thread 0x00007f2cd84b5800 Threw 0x00000000f64c3888 at /build/buildd/openjdk-7-7u51-2.4.4/build/openjdk/hotspot/src/share/vm/prims/jvm.cpp:1244
Event: 3,120 Thread 0x00007f2cd84ca800 Threw 0x00000000f64f4b10 at /build/buildd/openjdk-7-7u51-2.4.4/build/openjdk/hotspot/src/share/vm/prims/jvm.cpp:1244
Event: 3,120 Thread 0x00007f2cd84ca800 Threw 0x00000000f64f5db0 at /build/buildd/openjdk-7-7u51-2.4.4/build/openjdk/hotspot/src/share/vm/prims/jvm.cpp:1244

Events (10 events):
Event: 3,114 Thread 0x00007f2cd800a800 DEOPT PACKING pc=0x00007f2cd51676b8 sp=0x00007f2cdf52b9c0
Event: 3,114 Thread 0x00007f2cd800a800 DEOPT UNPACKING pc=0x00007f2cd5039045 sp=0x00007f2cdf52b998 mode 2
Event: 3,114 Thread 0x00007f2cd800a800 Uncommon trap: trap_request=0xffffffde fr.pc=0x00007f2cd51676b8
Event: 3,114 Thread 0x00007f2cd800a800 DEOPT PACKING pc=0x00007f2cd51676b8 sp=0x00007f2cdf52be70
Event: 3,114 Thread 0x00007f2cd800a800 DEOPT UNPACKING pc=0x00007f2cd5039045 sp=0x00007f2cdf52be48 mode 2
Event: 3,120 loading class 0x00007f2c8c0015c0
Event: 3,120 loading class 0x00007f2c8c0015c0 done
Event: 3,388 Thread 0x00007f2cd800a800 Uncommon trap: trap_request=0xffffffad fr.pc=0x00007f2cd519d450
Event: 3,388 Thread 0x00007f2cd800a800 DEOPT PACKING pc=0x00007f2cd519d450 sp=0x00007f2cdf52ab60
Event: 3,388 Thread 0x00007f2cd800a800 DEOPT UNPACKING pc=0x00007f2cd5039045 sp=0x00007f2cdf52ab18 mode 2


Dynamic libraries:
00400000-00401000 r-xp 00000000 08:05 12322450                           /usr/lib/jvm/java-7-openjdk-amd64/jre/bin/java
00600000-00601000 r--p 00000000 08:05 12322450                           /usr/lib/jvm/java-7-openjdk-amd64/jre/bin/java
00601000-00602000 rw-p 00001000 08:05 12322450                           /usr/lib/jvm/java-7-openjdk-amd64/jre/bin/java
023b3000-023d4000 rw-p 00000000 00:00 0                                  [heap]
d6600000-d7f00000 rw-p 00000000 00:00 0 
d7f00000-e0c00000 rw-p 00000000 00:00 0 
e0c00000-e3300000 rw-p 00000000 00:00 0 
e3300000-f5900000 rw-p 00000000 00:00 0 
f5900000-f7c00000 rw-p 00000000 00:00 0 
f7c00000-100000000 rw-p 00000000 00:00 0 
7f2c88000000-7f2c88021000 rw-p 00000000 00:00 0 
7f2c88021000-7f2c8c000000 ---p 00000000 00:00 0 
7f2c8c000000-7f2c8c021000 rw-p 00000000 00:00 0 
7f2c8c021000-7f2c90000000 ---p 00000000 00:00 0 
7f2c90000000-7f2c90021000 rw-p 00000000 00:00 0 
7f2c90021000-7f2c94000000 ---p 00000000 00:00 0 
7f2c94000000-7f2c94021000 rw-p 00000000 00:00 0 
7f2c94021000-7f2c98000000 ---p 00000000 00:00 0 
7f2c98000000-7f2c98021000 rw-p 00000000 00:00 0 
7f2c98021000-7f2c9c000000 ---p 00000000 00:00 0 
7f2c9c000000-7f2c9c027000 rw-p 00000000 00:00 0 
7f2c9c027000-7f2ca0000000 ---p 00000000 00:00 0 
7f2ca0000000-7f2ca0b2f000 rw-p 00000000 00:00 0 
7f2ca0b2f000-7f2ca4000000 ---p 00000000 00:00 0 
7f2ca4000000-7f2ca4021000 rw-p 00000000 00:00 0 
7f2ca4021000-7f2ca8000000 ---p 00000000 00:00 0 
7f2ca8000000-7f2ca8021000 rw-p 00000000 00:00 0 
7f2ca8021000-7f2cac000000 ---p 00000000 00:00 0 
7f2cac000000-7f2cacd61000 rw-p 00000000 00:00 0 
7f2cacd61000-7f2cb0000000 ---p 00000000 00:00 0 
7f2cb0000000-7f2cb0021000 rw-p 00000000 00:00 0 
7f2cb0021000-7f2cb4000000 ---p 00000000 00:00 0 
7f2cb4000000-7f2cb4021000 rw-p 00000000 00:00 0 
7f2cb4021000-7f2cb8000000 ---p 00000000 00:00 0 
7f2cb8000000-7f2cb8021000 rw-p 00000000 00:00 0 
7f2cb8021000-7f2cbc000000 ---p 00000000 00:00 0 
7f2cbc000000-7f2cbc021000 rw-p 00000000 00:00 0 
7f2cbc021000-7f2cc0000000 ---p 00000000 00:00 0 
7f2cc0000000-7f2cc0021000 rw-p 00000000 00:00 0 
7f2cc0021000-7f2cc4000000 ---p 00000000 00:00 0 
7f2cc8000000-7f2cc8021000 rw-p 00000000 00:00 0 
7f2cc8021000-7f2ccc000000 ---p 00000000 00:00 0 
7f2cccb7d000-7f2cccb7f000 r-xp 00000000 08:05 16778162                   /home/luis/practica01/src/lib/libconvex_hull.so
7f2cccb7f000-7f2cccd7e000 ---p 00002000 08:05 16778162                   /home/luis/practica01/src/lib/libconvex_hull.so
7f2cccd7e000-7f2cccd7f000 r--p 00001000 08:05 16778162                   /home/luis/practica01/src/lib/libconvex_hull.so
7f2cccd7f000-7f2cccd80000 rw-p 00002000 08:05 16778162                   /home/luis/practica01/src/lib/libconvex_hull.so
7f2cccd80000-7f2cccd82000 r-xp 00000000 08:05 16777925                   /home/luis/practica01/src/lib/libdouble_linked_list.so
7f2cccd82000-7f2cccf81000 ---p 00002000 08:05 16777925                   /home/luis/practica01/src/lib/libdouble_linked_list.so
7f2cccf81000-7f2cccf82000 r--p 00001000 08:05 16777925                   /home/luis/practica01/src/lib/libdouble_linked_list.so
7f2cccf82000-7f2cccf83000 rw-p 00002000 08:05 16777925                   /home/luis/practica01/src/lib/libdouble_linked_list.so
7f2cccf83000-7f2cccf84000 r-xp 00000000 08:05 16777919                   /home/luis/practica01/src/lib/lib2d_points.so
7f2cccf84000-7f2ccd183000 ---p 00001000 08:05 16777919                   /home/luis/practica01/src/lib/lib2d_points.so
7f2ccd183000-7f2ccd184000 r--p 00000000 08:05 16777919                   /home/luis/practica01/src/lib/lib2d_points.so
7f2ccd184000-7f2ccd185000 rw-p 00001000 08:05 16777919                   /home/luis/practica01/src/lib/lib2d_points.so
7f2ccd185000-7f2ccd188000 ---p 00000000 00:00 0 
7f2ccd188000-7f2ccd386000 rw-p 00000000 00:00 0 
7f2ccd386000-7f2ccd389000 ---p 00000000 00:00 0 
7f2ccd389000-7f2ccd587000 rw-p 00000000 00:00 0 
7f2ccd587000-7f2ccd58a000 ---p 00000000 00:00 0 
7f2ccd58a000-7f2ccd788000 rw-p 00000000 00:00 0                          [stack:8476]
7f2ccd788000-7f2ccd78b000 ---p 00000000 00:00 0 
7f2ccd78b000-7f2ccd989000 rw-p 00000000 00:00 0                          [stack:8406]
7f2ccd989000-7f2ccd99b000 r-xp 00000000 08:05 16253453                   /home/luis/.rbenv/versions/jruby-1.7.10/lib/jni/x86_64-Linux/libjffi-1.2.so
7f2ccd99b000-7f2ccdb9a000 ---p 00012000 08:05 16253453                   /home/luis/.rbenv/versions/jruby-1.7.10/lib/jni/x86_64-Linux/libjffi-1.2.so
7f2ccdb9a000-7f2ccdb9b000 rw-p 00011000 08:05 16253453                   /home/luis/.rbenv/versions/jruby-1.7.10/lib/jni/x86_64-Linux/libjffi-1.2.so
7f2ccdb9b000-7f2ccdbab000 r-xp 00000000 08:05 12322344                   /usr/lib/jvm/java-7-openjdk-amd64/jre/lib/amd64/libnio.so
7f2ccdbab000-7f2ccddab000 ---p 00010000 08:05 12322344                   /usr/lib/jvm/java-7-openjdk-amd64/jre/lib/amd64/libnio.so
7f2ccddab000-7f2ccddac000 r--p 00010000 08:05 12322344                   /usr/lib/jvm/java-7-openjdk-amd64/jre/lib/amd64/libnio.so
7f2ccddac000-7f2ccddad000 rw-p 00011000 08:05 12322344                   /usr/lib/jvm/java-7-openjdk-amd64/jre/lib/amd64/libnio.so
7f2ccddad000-7f2ccddea000 r-xp 00000000 08:05 9834371                    /lib/x86_64-linux-gnu/libpcre.so.3.13.1
7f2ccddea000-7f2ccdfea000 ---p 0003d000 08:05 9834371                    /lib/x86_64-linux-gnu/libpcre.so.3.13.1
7f2ccdfea000-7f2ccdfeb000 r--p 0003d000 08:05 9834371                    /lib/x86_64-linux-gnu/libpcre.so.3.13.1
7f2ccdfeb000-7f2ccdfec000 rw-p 0003e000 08:05 9834371                    /lib/x86_64-linux-gnu/libpcre.so.3.13.1
7f2ccdfec000-7f2ccdff3000 r-xp 00000000 08:05 12196946                   /usr/lib/x86_64-linux-gnu/libffi.so.6.0.1
7f2ccdff3000-7f2cce1f2000 ---p 00007000 08:05 12196946                   /usr/lib/x86_64-linux-gnu/libffi.so.6.0.1
7f2cce1f2000-7f2cce1f3000 r--p 00006000 08:05 12196946                   /usr/lib/x86_64-linux-gnu/libffi.so.6.0.1
7f2cce1f3000-7f2cce1f4000 rw-p 00007000 08:05 12196946                   /usr/lib/x86_64-linux-gnu/libffi.so.6.0.1
7f2cce1f4000-7f2cce20a000 r-xp 00000000 08:05 9834394                    /lib/x86_64-linux-gnu/libresolv-2.17.so
7f2cce20a000-7f2cce40a000 ---p 00016000 08:05 9834394                    /lib/x86_64-linux-gnu/libresolv-2.17.so
7f2cce40a000-7f2cce40b000 r--p 00016000 08:05 9834394                    /lib/x86_64-linux-gnu/libresolv-2.17.so
7f2cce40b000-7f2cce40c000 rw-p 00017000 08:05 9834394                    /lib/x86_64-linux-gnu/libresolv-2.17.so
7f2cce40c000-7f2cce40e000 rw-p 00000000 00:00 0 
7f2cce40e000-7f2cce42d000 r-xp 00000000 08:05 9834398                    /lib/x86_64-linux-gnu/libselinux.so.1
7f2cce42d000-7f2cce62d000 ---p 0001f000 08:05 9834398                    /lib/x86_64-linux-gnu/libselinux.so.1
7f2cce62d000-7f2cce62e000 r--p 0001f000 08:05 9834398                    /lib/x86_64-linux-gnu/libselinux.so.1
7f2cce62e000-7f2cce62f000 rw-p 00020000 08:05 9834398                    /lib/x86_64-linux-gnu/libselinux.so.1
7f2cce62f000-7f2cce630000 rw-p 00000000 00:00 0 
7f2cce630000-7f2cce633000 r-xp 00000000 08:05 12190134                   /usr/lib/x86_64-linux-gnu/libgmodule-2.0.so.0.3800.1
7f2cce633000-7f2cce832000 ---p 00003000 08:05 12190134                   /usr/lib/x86_64-linux-gnu/libgmodule-2.0.so.0.3800.1
7f2cce832000-7f2cce833000 r--p 00002000 08:05 12190134                   /usr/lib/x86_64-linux-gnu/libgmodule-2.0.so.0.3800.1
7f2cce833000-7f2cce834000 rw-p 00003000 08:05 12190134                   /usr/lib/x86_64-linux-gnu/libgmodule-2.0.so.0.3800.1
7f2cce834000-7f2cce932000 r-xp 00000000 08:05 9834386                    /lib/x86_64-linux-gnu/libglib-2.0.so.0.3800.1
7f2cce932000-7f2cceb32000 ---p 000fe000 08:05 9834386                    /lib/x86_64-linux-gnu/libglib-2.0.so.0.3800.1
7f2cceb32000-7f2cceb33000 r--p 000fe000 08:05 9834386                    /lib/x86_64-linux-gnu/libglib-2.0.so.0.3800.1
7f2cceb33000-7f2cceb34000 rw-p 000ff000 08:05 9834386                    /lib/x86_64-linux-gnu/libglib-2.0.so.0.3800.1
7f2cceb34000-7f2cceb35000 rw-p 00000000 00:00 0 
7f2cceb35000-7f2cceb84000 r-xp 00000000 08:05 12190125                   /usr/lib/x86_64-linux-gnu/libgobject-2.0.so.0.3800.1
7f2cceb84000-7f2cced84000 ---p 0004f000 08:05 12190125                   /usr/lib/x86_64-linux-gnu/libgobject-2.0.so.0.3800.1
7f2cced84000-7f2cced85000 r--p 0004f000 08:05 12190125                   /usr/lib/x86_64-linux-gnu/libgobject-2.0.so.0.3800.1
7f2cced85000-7f2cced86000 rw-p 00050000 08:05 12190125                   /usr/lib/x86_64-linux-gnu/libgobject-2.0.so.0.3800.1
7f2cced86000-7f2cceee2000 r-xp 00000000 08:05 12190099                   /usr/lib/x86_64-linux-gnu/libgio-2.0.so.0.3800.1
7f2cceee2000-7f2ccf0e1000 ---p 0015c000 08:05 12190099                   /usr/lib/x86_64-linux-gnu/libgio-2.0.so.0.3800.1
7f2ccf0e1000-7f2ccf0e5000 r--p 0015b000 08:05 12190099                   /usr/lib/x86_64-linux-gnu/libgio-2.0.so.0.3800.1
7f2ccf0e5000-7f2ccf0e7000 rw-p 0015f000 08:05 12190099                   /usr/lib/x86_64-linux-gnu/libgio-2.0.so.0.3800.1
7f2ccf0e7000-7f2ccf0e9000 rw-p 00000000 00:00 0 
7f2ccf0e9000-7f2ccf0ff000 r-xp 00000000 08:05 12322132                   /usr/lib/jvm/java-7-openjdk-amd64/jre/lib/amd64/libnet.so
7f2ccf0ff000-7f2ccf2fe000 ---p 00016000 08:05 12322132                   /usr/lib/jvm/java-7-openjdk-amd64/jre/lib/amd64/libnet.so
7f2ccf2fe000-7f2ccf2ff000 r--p 00015000 08:05 12322132                   /usr/lib/jvm/java-7-openjdk-amd64/jre/lib/amd64/libnet.so
7f2ccf2ff000-7f2ccf300000 rw-p 00016000 08:05 12322132                   /usr/lib/jvm/java-7-openjdk-amd64/jre/lib/amd64/libnet.so
7f2ccf300000-7f2ccf301000 ---p 00000000 00:00 0 
7f2ccf301000-7f2ccf401000 rw-p 00000000 00:00 0                          [stack:8405]
7f2ccf401000-7f2ccf404000 ---p 00000000 00:00 0 
7f2ccf404000-7f2ccf602000 rw-p 00000000 00:00 0                          [stack:8404]
7f2ccf602000-7f2ccf605000 ---p 00000000 00:00 0 
7f2ccf605000-7f2ccf703000 rw-p 00000000 00:00 0                          [stack:8403]
7f2ccf703000-7f2ccf706000 ---p 00000000 00:00 0 
7f2ccf706000-7f2ccf804000 rw-p 00000000 00:00 0                          [stack:8402]
7f2ccf804000-7f2ccf807000 ---p 00000000 00:00 0 
7f2ccf807000-7f2ccfa05000 rw-p 00000000 00:00 0                          [stack:8401]
7f2ccfa05000-7f2ccfdff000 r--p 00000000 08:05 12195384                   /usr/lib/locale/locale-archive
7f2ccfdff000-7f2ccfe02000 ---p 00000000 00:00 0 
7f2ccfe02000-7f2cd0000000 rw-p 00000000 00:00 0                          [stack:8400]
7f2cd0000000-7f2cd0021000 rw-p 00000000 00:00 0 
7f2cd0021000-7f2cd4000000 ---p 00000000 00:00 0 
7f2cd4035000-7f2cd4038000 ---p 00000000 00:00 0 
7f2cd4038000-7f2cd406e000 rw-p 00000000 00:00 0                          [stack:8409]
7f2cd406e000-7f2cd4071000 ---p 00000000 00:00 0 
7f2cd4071000-7f2cd426f000 rw-p 00000000 00:00 0                          [stack:8399]
7f2cd426f000-7f2cd4270000 ---p 00000000 00:00 0 
7f2cd4270000-7f2cd5000000 rw-p 00000000 00:00 0                          [stack:8398]
7f2cd5000000-7f2cd5270000 rwxp 00000000 00:00 0 
7f2cd5270000-7f2cd8502000 rw-p 00000000 00:00 0 
7f2cd8502000-7f2cdc000000 ---p 00000000 00:00 0 
7f2cdc00e000-7f2cdc35b000 rw-p 00000000 00:00 0 
7f2cdc35b000-7f2cdc444000 r--s 00bb9000 08:05 16253440                   /home/luis/.rbenv/versions/jruby-1.7.10/lib/jruby.jar
7f2cdc444000-7f2cdc48c000 rw-p 00000000 00:00 0 
7f2cdc48c000-7f2cdc63a000 r--s 01cf4000 08:05 12322430                   /usr/lib/jvm/java-7-openjdk-amd64/jre/lib/rt.jar
7f2cdc63a000-7f2cddd50000 rw-p 00000000 00:00 0 
7f2cddd50000-7f2cddd51000 ---p 00000000 00:00 0 
7f2cddd51000-7f2cdde51000 rw-p 00000000 00:00 0                          [stack:8397]
7f2cdde51000-7f2cdde52000 ---p 00000000 00:00 0 
7f2cdde52000-7f2cddf52000 rw-p 00000000 00:00 0                          [stack:8396]
7f2cddf52000-7f2cddf53000 ---p 00000000 00:00 0 
7f2cddf53000-7f2cde053000 rw-p 00000000 00:00 0                          [stack:8395]
7f2cde053000-7f2cde054000 ---p 00000000 00:00 0 
7f2cde054000-7f2cde161000 rw-p 00000000 00:00 0                          [stack:8394]
7f2cde161000-7f2cde1a7000 rw-p 00000000 00:00 0 
7f2cde1a7000-7f2cde1bb000 rw-p 00000000 00:00 0 
7f2cde1bb000-7f2cde24d000 rw-p 00000000 00:00 0 
7f2cde24d000-7f2cde25f000 rw-p 00000000 00:00 0 
7f2cde25f000-7f2cde2a1000 rw-p 00000000 00:00 0 
7f2cde2a1000-7f2cde2a2000 rw-p 00000000 00:00 0 
7f2cde2a2000-7f2cde2aa000 r-xp 00000000 08:05 12322081                   /usr/lib/jvm/java-7-openjdk-amd64/jre/lib/amd64/libzip.so
7f2cde2aa000-7f2cde4a9000 ---p 00008000 08:05 12322081                   /usr/lib/jvm/java-7-openjdk-amd64/jre/lib/amd64/libzip.so
7f2cde4a9000-7f2cde4aa000 r--p 00007000 08:05 12322081                   /usr/lib/jvm/java-7-openjdk-amd64/jre/lib/amd64/libzip.so
7f2cde4aa000-7f2cde4ab000 rw-p 00008000 08:05 12322081                   /usr/lib/jvm/java-7-openjdk-amd64/jre/lib/amd64/libzip.so
7f2cde4ab000-7f2cde4b7000 r-xp 00000000 08:05 9834349                    /lib/x86_64-linux-gnu/libnss_files-2.17.so
7f2cde4b7000-7f2cde6b6000 ---p 0000c000 08:05 9834349                    /lib/x86_64-linux-gnu/libnss_files-2.17.so
7f2cde6b6000-7f2cde6b7000 r--p 0000b000 08:05 9834349                    /lib/x86_64-linux-gnu/libnss_files-2.17.so
7f2cde6b7000-7f2cde6b8000 rw-p 0000c000 08:05 9834349                    /lib/x86_64-linux-gnu/libnss_files-2.17.so
7f2cde6b8000-7f2cde6c3000 r-xp 00000000 08:05 9834353                    /lib/x86_64-linux-gnu/libnss_nis-2.17.so
7f2cde6c3000-7f2cde8c2000 ---p 0000b000 08:05 9834353                    /lib/x86_64-linux-gnu/libnss_nis-2.17.so
7f2cde8c2000-7f2cde8c3000 r--p 0000a000 08:05 9834353                    /lib/x86_64-linux-gnu/libnss_nis-2.17.so
7f2cde8c3000-7f2cde8c4000 rw-p 0000b000 08:05 9834353                    /lib/x86_64-linux-gnu/libnss_nis-2.17.so
7f2cde8c4000-7f2cde8db000 r-xp 00000000 08:05 9834343                    /lib/x86_64-linux-gnu/libnsl-2.17.so
7f2cde8db000-7f2cdeada000 ---p 00017000 08:05 9834343                    /lib/x86_64-linux-gnu/libnsl-2.17.so
7f2cdeada000-7f2cdeadb000 r--p 00016000 08:05 9834343                    /lib/x86_64-linux-gnu/libnsl-2.17.so
7f2cdeadb000-7f2cdeadc000 rw-p 00017000 08:05 9834343                    /lib/x86_64-linux-gnu/libnsl-2.17.so
7f2cdeadc000-7f2cdeade000 rw-p 00000000 00:00 0 
7f2cdeade000-7f2cdeae6000 r-xp 00000000 08:05 9834345                    /lib/x86_64-linux-gnu/libnss_compat-2.17.so
7f2cdeae6000-7f2cdece5000 ---p 00008000 08:05 9834345                    /lib/x86_64-linux-gnu/libnss_compat-2.17.so
7f2cdece5000-7f2cdece6000 r--p 00007000 08:05 9834345                    /lib/x86_64-linux-gnu/libnss_compat-2.17.so
7f2cdece6000-7f2cdece7000 rw-p 00008000 08:05 9834345                    /lib/x86_64-linux-gnu/libnss_compat-2.17.so
7f2cdece7000-7f2cded12000 r-xp 00000000 08:05 12322007                   /usr/lib/jvm/java-7-openjdk-amd64/jre/lib/amd64/libjava.so
7f2cded12000-7f2cdef11000 ---p 0002b000 08:05 12322007                   /usr/lib/jvm/java-7-openjdk-amd64/jre/lib/amd64/libjava.so
7f2cdef11000-7f2cdef12000 r--p 0002a000 08:05 12322007                   /usr/lib/jvm/java-7-openjdk-amd64/jre/lib/amd64/libjava.so
7f2cdef12000-7f2cdef14000 rw-p 0002b000 08:05 12322007                   /usr/lib/jvm/java-7-openjdk-amd64/jre/lib/amd64/libjava.so
7f2cdef14000-7f2cdef24000 r-xp 00000000 08:05 12322321                   /usr/lib/jvm/java-7-openjdk-amd64/jre/lib/amd64/libverify.so
7f2cdef24000-7f2cdf123000 ---p 00010000 08:05 12322321                   /usr/lib/jvm/java-7-openjdk-amd64/jre/lib/amd64/libverify.so
7f2cdf123000-7f2cdf125000 r--p 0000f000 08:05 12322321                   /usr/lib/jvm/java-7-openjdk-amd64/jre/lib/amd64/libverify.so
7f2cdf125000-7f2cdf126000 rw-p 00011000 08:05 12322321                   /usr/lib/jvm/java-7-openjdk-amd64/jre/lib/amd64/libverify.so
7f2cdf126000-7f2cdf12d000 r-xp 00000000 08:05 9834396                    /lib/x86_64-linux-gnu/librt-2.17.so
7f2cdf12d000-7f2cdf32c000 ---p 00007000 08:05 9834396                    /lib/x86_64-linux-gnu/librt-2.17.so
7f2cdf32c000-7f2cdf32d000 r--p 00006000 08:05 9834396                    /lib/x86_64-linux-gnu/librt-2.17.so
7f2cdf32d000-7f2cdf32e000 rw-p 00007000 08:05 9834396                    /lib/x86_64-linux-gnu/librt-2.17.so
7f2cdf32e000-7f2cdf331000 ---p 00000000 00:00 0 
7f2cdf331000-7f2cdf52f000 rw-p 00000000 00:00 0                          [stack:8393]
7f2cdf52f000-7f2cdf544000 r-xp 00000000 08:05 9830413                    /lib/x86_64-linux-gnu/libgcc_s.so.1
7f2cdf544000-7f2cdf743000 ---p 00015000 08:05 9830413                    /lib/x86_64-linux-gnu/libgcc_s.so.1
7f2cdf743000-7f2cdf744000 r--p 00014000 08:05 9830413                    /lib/x86_64-linux-gnu/libgcc_s.so.1
7f2cdf744000-7f2cdf745000 rw-p 00015000 08:05 9830413                    /lib/x86_64-linux-gnu/libgcc_s.so.1
7f2cdf745000-7f2cdf848000 r-xp 00000000 08:05 9834324                    /lib/x86_64-linux-gnu/libm-2.17.so
7f2cdf848000-7f2cdfa47000 ---p 00103000 08:05 9834324                    /lib/x86_64-linux-gnu/libm-2.17.so
7f2cdfa47000-7f2cdfa48000 r--p 00102000 08:05 9834324                    /lib/x86_64-linux-gnu/libm-2.17.so
7f2cdfa48000-7f2cdfa49000 rw-p 00103000 08:05 9834324                    /lib/x86_64-linux-gnu/libm-2.17.so
7f2cdfa49000-7f2cdfb2f000 r-xp 00000000 08:05 12190887                   /usr/lib/x86_64-linux-gnu/libstdc++.so.6.0.18
7f2cdfb2f000-7f2cdfd2e000 ---p 000e6000 08:05 12190887                   /usr/lib/x86_64-linux-gnu/libstdc++.so.6.0.18
7f2cdfd2e000-7f2cdfd36000 r--p 000e5000 08:05 12190887                   /usr/lib/x86_64-linux-gnu/libstdc++.so.6.0.18
7f2cdfd36000-7f2cdfd38000 rw-p 000ed000 08:05 12190887                   /usr/lib/x86_64-linux-gnu/libstdc++.so.6.0.18
7f2cdfd38000-7f2cdfd4d000 rw-p 00000000 00:00 0 
7f2cdfd4d000-7f2ce082c000 r-xp 00000000 08:05 12322340                   /usr/lib/jvm/java-7-openjdk-amd64/jre/lib/amd64/server/libjvm.so
7f2ce082c000-7f2ce0a2b000 ---p 00adf000 08:05 12322340                   /usr/lib/jvm/java-7-openjdk-amd64/jre/lib/amd64/server/libjvm.so
7f2ce0a2b000-7f2ce0abd000 r--p 00ade000 08:05 12322340                   /usr/lib/jvm/java-7-openjdk-amd64/jre/lib/amd64/server/libjvm.so
7f2ce0abd000-7f2ce0ae0000 rw-p 00b70000 08:05 12322340                   /usr/lib/jvm/java-7-openjdk-amd64/jre/lib/amd64/server/libjvm.so
7f2ce0ae0000-7f2ce0b0d000 rw-p 00000000 00:00 0 
7f2ce0b0d000-7f2ce0b25000 r-xp 00000000 08:05 9834431                    /lib/x86_64-linux-gnu/libz.so.1.2.8
7f2ce0b25000-7f2ce0d24000 ---p 00018000 08:05 9834431                    /lib/x86_64-linux-gnu/libz.so.1.2.8
7f2ce0d24000-7f2ce0d25000 r--p 00017000 08:05 9834431                    /lib/x86_64-linux-gnu/libz.so.1.2.8
7f2ce0d25000-7f2ce0d26000 rw-p 00018000 08:05 9834431                    /lib/x86_64-linux-gnu/libz.so.1.2.8
7f2ce0d26000-7f2ce0d3d000 r-xp 00000000 08:05 9834388                    /lib/x86_64-linux-gnu/libpthread-2.17.so
7f2ce0d3d000-7f2ce0f3d000 ---p 00017000 08:05 9834388                    /lib/x86_64-linux-gnu/libpthread-2.17.so
7f2ce0f3d000-7f2ce0f3e000 r--p 00017000 08:05 9834388                    /lib/x86_64-linux-gnu/libpthread-2.17.so
7f2ce0f3e000-7f2ce0f3f000 rw-p 00018000 08:05 9834388                    /lib/x86_64-linux-gnu/libpthread-2.17.so
7f2ce0f3f000-7f2ce0f43000 rw-p 00000000 00:00 0 
7f2ce0f43000-7f2ce0f46000 r-xp 00000000 08:05 9834288                    /lib/x86_64-linux-gnu/libdl-2.17.so
7f2ce0f46000-7f2ce1145000 ---p 00003000 08:05 9834288                    /lib/x86_64-linux-gnu/libdl-2.17.so
7f2ce1145000-7f2ce1146000 r--p 00002000 08:05 9834288                    /lib/x86_64-linux-gnu/libdl-2.17.so
7f2ce1146000-7f2ce1147000 rw-p 00003000 08:05 9834288                    /lib/x86_64-linux-gnu/libdl-2.17.so
7f2ce1147000-7f2ce1304000 r-xp 00000000 08:05 9834273                    /lib/x86_64-linux-gnu/libc-2.17.so
7f2ce1304000-7f2ce1504000 ---p 001bd000 08:05 9834273                    /lib/x86_64-linux-gnu/libc-2.17.so
7f2ce1504000-7f2ce1508000 r--p 001bd000 08:05 9834273                    /lib/x86_64-linux-gnu/libc-2.17.so
7f2ce1508000-7f2ce150a000 rw-p 001c1000 08:05 9834273                    /lib/x86_64-linux-gnu/libc-2.17.so
7f2ce150a000-7f2ce150f000 rw-p 00000000 00:00 0 
7f2ce150f000-7f2ce151c000 r-xp 00000000 08:05 12322347                   /usr/lib/jvm/java-7-openjdk-amd64/jre/lib/amd64/jli/libjli.so
7f2ce151c000-7f2ce171b000 ---p 0000d000 08:05 12322347                   /usr/lib/jvm/java-7-openjdk-amd64/jre/lib/amd64/jli/libjli.so
7f2ce171b000-7f2ce171c000 r--p 0000c000 08:05 12322347                   /usr/lib/jvm/java-7-openjdk-amd64/jre/lib/amd64/jli/libjli.so
7f2ce171c000-7f2ce171d000 rw-p 0000d000 08:05 12322347                   /usr/lib/jvm/java-7-openjdk-amd64/jre/lib/amd64/jli/libjli.so
7f2ce171d000-7f2ce1740000 r-xp 00000000 08:05 9834249                    /lib/x86_64-linux-gnu/ld-2.17.so
7f2ce1745000-7f2ce1746000 rw-p 00000000 00:00 0 
7f2ce1746000-7f2ce1747000 r-xp 00000000 00:00 0 
7f2ce1747000-7f2ce174e000 r--s 00000000 08:05 12588976                   /usr/lib/x86_64-linux-gnu/gconv/gconv-modules.cache
7f2ce174e000-7f2ce1753000 r--s 0004c000 08:05 12322352                   /usr/lib/jvm/java-7-openjdk-amd64/jre/lib/jsse.jar
7f2ce1753000-7f2ce1756000 r--s 00032000 08:05 12322366                   /usr/lib/jvm/java-7-openjdk-amd64/jre/lib/ext/sunjce_provider.jar
7f2ce1756000-7f2ce1759000 r--s 0000f000 08:05 12322362                   /usr/lib/jvm/java-7-openjdk-amd64/jre/lib/ext/pulse-java.jar
7f2ce1759000-7f2ce1774000 rw-p 00000000 00:00 0 
7f2ce1774000-7f2ce17ba000 rw-p 00000000 00:00 0 
7f2ce17ba000-7f2ce17ce000 rw-p 00000000 00:00 0 
7f2ce17ce000-7f2ce1861000 rw-p 00000000 00:00 0 
7f2ce1861000-7f2ce186b000 rw-p 00000000 00:00 0 
7f2ce186b000-7f2ce1921000 rw-p 00000000 00:00 0 
7f2ce1921000-7f2ce1926000 rw-p 00000000 00:00 0 
7f2ce1926000-7f2ce1928000 r--s 00006000 08:05 12717881                   /usr/share/java/java-atk-wrapper.jar
7f2ce1928000-7f2ce192c000 r--s 00085000 08:05 12322360                   /usr/lib/jvm/java-7-openjdk-amd64/jre/lib/ext/localedata.jar
7f2ce192c000-7f2ce1930000 r--s 0003b000 08:05 12322372                   /usr/lib/jvm/java-7-openjdk-amd64/jre/lib/ext/sunpkcs11.jar
7f2ce1930000-7f2ce1931000 r--s 00002000 08:05 12322370                   /usr/lib/jvm/java-7-openjdk-amd64/jre/lib/ext/dnsns.jar
7f2ce1931000-7f2ce1933000 r--s 00012000 08:05 12322364                   /usr/lib/jvm/java-7-openjdk-amd64/jre/lib/ext/zipfs.jar
7f2ce1933000-7f2ce193b000 rw-s 00000000 08:05 7340078                    /tmp/hsperfdata_luis/8368
7f2ce193b000-7f2ce193c000 rw-p 00000000 00:00 0 
7f2ce193c000-7f2ce193d000 r--p 00000000 00:00 0 
7f2ce193d000-7f2ce193f000 rw-p 00000000 00:00 0 
7f2ce193f000-7f2ce1940000 r--p 00022000 08:05 9834249                    /lib/x86_64-linux-gnu/ld-2.17.so
7f2ce1940000-7f2ce1942000 rw-p 00023000 08:05 9834249                    /lib/x86_64-linux-gnu/ld-2.17.so
7fff33747000-7fff33768000 rw-p 00000000 00:00 0                          [stack]
7fff337aa000-7fff337ac000 r-xp 00000000 00:00 0                          [vdso]
ffffffffff600000-ffffffffff601000 r-xp 00000000 00:00 0                  [vsyscall]

VM Arguments:
jvm_args: -Djdk.home= -Djruby.home=/home/luis/.rbenv/versions/jruby-1.7.10 -Djruby.script=jruby -Djruby.shell=/bin/sh -Djffi.boot.library.path=/home/luis/.rbenv/versions/jruby-1.7.10/lib/jni:/home/luis/.rbenv/versions/jruby-1.7.10/lib/jni/arm-Linux:/home/luis/.rbenv/versions/jruby-1.7.10/lib/jni/x86_64-Linux:/home/luis/.rbenv/versions/jruby-1.7.10/lib/jni/i386-Linux -Xmx500m -Xss2048k -Xbootclasspath/a:/home/luis/.rbenv/versions/jruby-1.7.10/lib/jruby.jar 
java_command: org/jruby/Main Makefile.rb clean compile test
Launcher Type: SUN_STANDARD

Environment Variables:
PATH=/home/luis/.rbenv/versions/jruby-1.7.10/bin:/home/luis/.rbenv/libexec:/home/luis/.rbenv/plugins/ruby-build/bin:/home/luis/.rbenv/shims:~/.rbenv/bin:~/.rbenv/bin:/usr/local/sbin:/usr/local/bin:/usr/sbin:/usr/bin:/sbin:/bin:/usr/games:/usr/local/games
USERNAME=luis
SHELL=/bin/bash
DISPLAY=:0

Signal Handlers:
SIGSEGV: [libjvm.so+0x916ea0], sa_mask[0]=0x7ffbfeff, sa_flags=0x10000004
SIGBUS: [libjvm.so+0x916ea0], sa_mask[0]=0x7ffbfeff, sa_flags=0x10000004
SIGFPE: [libjvm.so+0x794800], sa_mask[0]=0x7ffbfeff, sa_flags=0x10000004
SIGPIPE: [libjvm.so+0x794800], sa_mask[0]=0x7ffbfeff, sa_flags=0x10000004
SIGXFSZ: [libjvm.so+0x794800], sa_mask[0]=0x7ffbfeff, sa_flags=0x10000004
SIGILL: [libjvm.so+0x794800], sa_mask[0]=0x7ffbfeff, sa_flags=0x10000004
SIGUSR1: SIG_DFL, sa_mask[0]=0x00000000, sa_flags=0x00000000
SIGUSR2: [libjvm.so+0x7946a0], sa_mask[0]=0x00000000, sa_flags=0x10000004
SIGHUP: [libjvm.so+0x794880], sa_mask[0]=0x7ffbfeff, sa_flags=0x10000004
SIGINT: [libjvm.so+0x794880], sa_mask[0]=0x7ffbfeff, sa_flags=0x10000004
SIGTERM: [libjvm.so+0x794880], sa_mask[0]=0x7ffbfeff, sa_flags=0x10000004
SIGQUIT: [libjvm.so+0x794880], sa_mask[0]=0x7ffbfeff, sa_flags=0x10000004


---------------  S Y S T E M  ---------------

OS:LinuxMint 16 (petra)
uname:Linux 3.11.0-12-generic #19-Ubuntu SMP Wed Oct 9 16:20:46 UTC 2013 x86_64
libc:glibc 2.17 NPTL 2.17 
rlimit: STACK 8192k, CORE 0k, NPROC 29806, NOFILE 4096, AS infinity
load average:0,33 0,18 0,15

/proc/meminfo:
MemTotal:        3844532 kB
MemFree:         2845324 kB
Buffers:           55436 kB
Cached:           526740 kB
SwapCached:            0 kB
Active:           476920 kB
Inactive:         413212 kB
Active(anon):     308892 kB
Inactive(anon):   122800 kB
Active(file):     168028 kB
Inactive(file):   290412 kB
Unevictable:           0 kB
Mlocked:               0 kB
SwapTotal:       3987452 kB
SwapFree:        3987452 kB
Dirty:               136 kB
Writeback:             0 kB
AnonPages:        307956 kB
Mapped:            92360 kB
Shmem:            123740 kB
Slab:              48000 kB
SReclaimable:      27580 kB
SUnreclaim:        20420 kB
KernelStack:        2800 kB
PageTables:        14644 kB
NFS_Unstable:          0 kB
Bounce:                0 kB
WritebackTmp:          0 kB
CommitLimit:     5909716 kB
Committed_AS:    1532204 kB
VmallocTotal:   34359738367 kB
VmallocUsed:      348004 kB
VmallocChunk:   34359386120 kB
HardwareCorrupted:     0 kB
AnonHugePages:         0 kB
HugePages_Total:       0
HugePages_Free:        0
HugePages_Rsvd:        0
HugePages_Surp:        0
Hugepagesize:       2048 kB
DirectMap4k:       58612 kB
DirectMap2M:     3930112 kB


CPU:total 4 (2 cores per cpu, 2 threads per core) family 6 model 37 stepping 5, cmov, cx8, fxsr, mmx, sse, sse2, sse3, ssse3, sse4.1, sse4.2, popcnt, ht, tsc, tscinvbit

/proc/cpuinfo:
processor	: 0
vendor_id	: GenuineIntel
cpu family	: 6
model		: 37
model name	: Intel(R) Core(TM) i5 CPU       M 460  @ 2.53GHz
stepping	: 5
microcode	: 0x2
cpu MHz		: 2534.000
cache size	: 3072 KB
physical id	: 0
siblings	: 4
core id		: 0
cpu cores	: 2
apicid		: 0
initial apicid	: 0
fpu		: yes
fpu_exception	: yes
cpuid level	: 11
wp		: yes
flags		: fpu vme de pse tsc msr pae mce cx8 apic sep mtrr pge mca cmov pat pse36 clflush dts acpi mmx fxsr sse sse2 ss ht tm pbe syscall nx rdtscp lm constant_tsc arch_perfmon pebs bts rep_good nopl xtopology nonstop_tsc aperfmperf pni dtes64 monitor ds_cpl vmx est tm2 ssse3 cx16 xtpr pdcm pcid sse4_1 sse4_2 popcnt lahf_lm ida arat dtherm tpr_shadow vnmi flexpriority ept vpid
bogomips	: 5066.78
clflush size	: 64
cache_alignment	: 64
address sizes	: 36 bits physical, 48 bits virtual
power management:

processor	: 1
vendor_id	: GenuineIntel
cpu family	: 6
model		: 37
model name	: Intel(R) Core(TM) i5 CPU       M 460  @ 2.53GHz
stepping	: 5
microcode	: 0x2
cpu MHz		: 2534.000
cache size	: 3072 KB
physical id	: 0
siblings	: 4
core id		: 0
cpu cores	: 2
apicid		: 1
initial apicid	: 1
fpu		: yes
fpu_exception	: yes
cpuid level	: 11
wp		: yes
flags		: fpu vme de pse tsc msr pae mce cx8 apic sep mtrr pge mca cmov pat pse36 clflush dts acpi mmx fxsr sse sse2 ss ht tm pbe syscall nx rdtscp lm constant_tsc arch_perfmon pebs bts rep_good nopl xtopology nonstop_tsc aperfmperf pni dtes64 monitor ds_cpl vmx est tm2 ssse3 cx16 xtpr pdcm pcid sse4_1 sse4_2 popcnt lahf_lm ida arat dtherm tpr_shadow vnmi flexpriority ept vpid
bogomips	: 5066.78
clflush size	: 64
cache_alignment	: 64
address sizes	: 36 bits physical, 48 bits virtual
power management:

processor	: 2
vendor_id	: GenuineIntel
cpu family	: 6
model		: 37
model name	: Intel(R) Core(TM) i5 CPU       M 460  @ 2.53GHz
stepping	: 5
microcode	: 0x2
cpu MHz		: 2534.000
cache size	: 3072 KB
physical id	: 0
siblings	: 4
core id		: 2
cpu cores	: 2
apicid		: 4
initial apicid	: 4
fpu		: yes
fpu_exception	: yes
cpuid level	: 11
wp		: yes
flags		: fpu vme de pse tsc msr pae mce cx8 apic sep mtrr pge mca cmov pat pse36 clflush dts acpi mmx fxsr sse sse2 ss ht tm pbe syscall nx rdtscp lm constant_tsc arch_perfmon pebs bts rep_good nopl xtopology nonstop_tsc aperfmperf pni dtes64 monitor ds_cpl vmx est tm2 ssse3 cx16 xtpr pdcm pcid sse4_1 sse4_2 popcnt lahf_lm ida arat dtherm tpr_shadow vnmi flexpriority ept vpid
bogomips	: 5066.78
clflush size	: 64
cache_alignment	: 64
address sizes	: 36 bits physical, 48 bits virtual
power management:

processor	: 3
vendor_id	: GenuineIntel
cpu family	: 6
model		: 37
model name	: Intel(R) Core(TM) i5 CPU       M 460  @ 2.53GHz
stepping	: 5
microcode	: 0x2
cpu MHz		: 2534.000
cache size	: 3072 KB
physical id	: 0
siblings	: 4
core id		: 2
cpu cores	: 2
apicid		: 5
initial apicid	: 5
fpu		: yes
fpu_exception	: yes
cpuid level	: 11
wp		: yes
flags		: fpu vme de pse tsc msr pae mce cx8 apic sep mtrr pge mca cmov pat pse36 clflush dts acpi mmx fxsr sse sse2 ss ht tm pbe syscall nx rdtscp lm constant_tsc arch_perfmon pebs bts rep_good nopl xtopology nonstop_tsc aperfmperf pni dtes64 monitor ds_cpl vmx est tm2 ssse3 cx16 xtpr pdcm pcid sse4_1 sse4_2 popcnt lahf_lm ida arat dtherm tpr_shadow vnmi flexpriority ept vpid
bogomips	: 5066.78
clflush size	: 64
cache_alignment	: 64
address sizes	: 36 bits physical, 48 bits virtual
power management:



Memory: 4k page, physical 3844532k(2845324k free), swap 3987452k(3987452k free)

vm_info: OpenJDK 64-Bit Server VM (24.45-b08) for linux-amd64 JRE (1.7.0_51-b00), built on Jan 15 2014 22:02:57 by "buildd" with gcc 4.8.1

time: Mon Apr  7 11:36:26 2014
elapsed time: 3 seconds

