#
# A fatal error has been detected by the Java Runtime Environment:
#
#  SIGSEGV (0xb) at pc=0x00007f05bf3f5a67, pid=3396, tid=139663712634624
#
# JRE version: OpenJDK Runtime Environment (7.0_51) (build 1.7.0_51-b00)
# Java VM: OpenJDK 64-Bit Server VM (24.45-b08 mixed mode linux-amd64 compressed oops)
# Problematic frame:
# C  [libconvex_hull.so+0xa67]  adentro+0xd2
#
# Failed to write core dump. Core dumps have been disabled. To enable core dumping, try "ulimit -c unlimited" before starting Java again
#
# If you would like to submit a bug report, please include
# instructions on how to reproduce the bug and visit:
#   http://icedtea.classpath.org/bugzilla
# The crash happened outside the Java Virtual Machine in native code.
# See problematic frame for where to report the bug.
#

---------------  T H R E A D  ---------------

Current thread (0x00007f05f800a800):  JavaThread "main" [_thread_in_native, id=3421, stack(0x00007f05fddac000,0x00007f05fdfad000)]

siginfo:si_signo=SIGSEGV: si_errno=0, si_code=1 (SEGV_MAPERR), si_addr=0x0000000000000000

Registers:
RAX=0x0000000000000000, RBX=0x00000000d79ca680, RCX=0x0000000000000007, RDX=0x0000000000000005
RSP=0x00007f05fdfa9b90, RBP=0x00007f05fdfa9be0, RSI=0x00000000fffffffd, RDI=0x00007f05f8552a30
R8 =0x0000000000000000, R9 =0x0000000000000018, R10=0x00007f05fdfa9930, R11=0x00007f05bf7fb98c
R12=0x0000000000000000, R13=0x00000000d79ca680, R14=0x00007f05fdfa9d30, R15=0x00007f05f800a800
RIP=0x00007f05bf3f5a67, EFLAGS=0x0000000000010213, CSGSFS=0x0000000000000033, ERR=0x0000000000000004
  TRAPNO=0x000000000000000e

Top of Stack: (sp=0x00007f05fdfa9b90)
0x00007f05fdfa9b90:   00007f05f855ab60 00007f05f855b3d0
0x00007f05fdfa9ba0:   00007f05f855b3d0 0000000100000003
0x00007f05fdfa9bb0:   00007f05f855abd0 00007f05f855ab40
0x00007f05fdfa9bc0:   00007f05f855ab40 0000000000000000
0x00007f05fdfa9bd0:   00007f05f8555900 00007f05f8552a30
0x00007f05fdfa9be0:   00007f05fdfa9c40 00007f05bf3f60d2
0x00007f05fdfa9bf0:   00007f05fdfa9c78 00007f05f85528d0
0x00007f05fdfa9c00:   00000000f7a5e0b8 00000000f65de968
0x00007f05fdfa9c10:   00007f05f855b3d0 00007f05f852e5c0
0x00007f05fdfa9c20:   00007f05f8552a10 00007f05f8552a30
0x00007f05fdfa9c30:   00007f05f855ab40 00007f05f855ab60
0x00007f05fdfa9c40:   00007f05f8510ab0 00007f05e43c0cd9
0x00007f05fdfa9c50:   00000000d6be4180 00000000d79ca680
0x00007f05fdfa9c60:   00007f05fdfa9ce8 00007f05f5012738
0x00007f05fdfa9c70:   00007f05fdfa9c98 00007f05fdfa9d08
0x00007f05fdfa9c80:   00007f05f5006233 00000000f648a478
0x00007f05fdfa9c90:   00000000f61e89a8 00000000f7a5e0b8
0x00007f05fdfa9ca0:   00000000f65de968 00007f05fdfa9ca8
0x00007f05fdfa9cb0:   0000000000000000 00007f05fdfa9d30
0x00007f05fdfa9cc0:   00000000d79d2ba8 0000000000000000
0x00007f05fdfa9cd0:   00000000d79ca680 0000000000000000
0x00007f05fdfa9ce0:   00007f05fdfa9d08 00007f05fdfa9d78
0x00007f05fdfa9cf0:   00007f05f5006175 00000000e10adcf8
0x00007f05fdfa9d00:   00007f05f500ecd7 00007f05f85528d0
0x00007f05fdfa9d10:   00000000d7d614c0 00007f05bf3f5fff
0x00007f05fdfa9d20:   00007f05fdfa9d38 00007f05f8510ab0
0x00007f05fdfa9d30:   00007f05f5006233 00007f05fdfa9d38
0x00007f05fdfa9d40:   00000000d7ac74e7 00007f05fdfa9db0
0x00007f05fdfa9d50:   00000000d7ad3740 0000000000000000
0x00007f05fdfa9d60:   00000000d7ac7528 00007f05fdfa9d08
0x00007f05fdfa9d70:   00007f05fdfa9d88 00007f05fdfa9e00
0x00007f05fdfa9d80:   00007f05f5006175 00007f05f85528d0 

Instructions: (pc=0x00007f05bf3f5a67)
0x00007f05bf3f5a47:   10 48 89 45 d0 48 8b 45 d0 48 8b 40 10 48 89 45
0x00007f05bf3f5a57:   e8 48 8b 45 d0 48 8b 00 48 89 45 d8 48 8b 45 e8
0x00007f05bf3f5a67:   48 8b 00 48 89 45 e0 83 45 c8 01 48 8b 45 b8 8b
0x00007f05bf3f5a77:   40 10 3b 45 c8 7f 98 48 8b 45 b8 48 8b 40 08 48 

Register to memory mapping:

RAX=0x0000000000000000 is an unknown value
RBX=0x00000000d79ca680 is an oop
{method} 
 - klass: {other class}
RCX=0x0000000000000007 is an unknown value
RDX=0x0000000000000005 is an unknown value
RSP=0x00007f05fdfa9b90 is pointing into the stack for thread: 0x00007f05f800a800
RBP=0x00007f05fdfa9be0 is pointing into the stack for thread: 0x00007f05f800a800
RSI=0x00000000fffffffd is an unallocated location in the heap
RDI=0x00007f05f8552a30 is an unknown value
R8 =0x0000000000000000 is an unknown value
R9 =0x0000000000000018 is an unknown value
R10=0x00007f05fdfa9930 is pointing into the stack for thread: 0x00007f05f800a800
R11=0x00007f05bf7fb98c: curve_orientation+0 in lib/lib2d_points.so at 0x00007f05bf7fb000
R12=0x0000000000000000 is an unknown value
R13=0x00000000d79ca680 is an oop
{method} 
 - klass: {other class}
R14=0x00007f05fdfa9d30 is pointing into the stack for thread: 0x00007f05f800a800
R15=0x00007f05f800a800 is a thread


Stack: [0x00007f05fddac000,0x00007f05fdfad000],  sp=0x00007f05fdfa9b90,  free space=2038k
Native frames: (J=compiled Java code, j=interpreted, Vv=VM code, C=native code)
C  [libconvex_hull.so+0xa67]  adentro+0xd2
C  [libconvex_hull.so+0x10d2]  convex_hull+0xd3

Java frames: (J=compiled Java code, j=interpreted, Vv=VM code)
j  com.kenai.jffi.Foreign.invokeL1(JJJ)J+0
j  com.kenai.jffi.Invoker.invokeL1(Lcom/kenai/jffi/CallContext;JJ)J+7
j  org.jruby.ext.ffi.jffi.NativeInvoker$ffi$1.call(Lorg/jruby/runtime/ThreadContext;Lorg/jruby/runtime/builtin/IRubyObject;Lorg/jruby/RubyModule;Ljava/lang/String;Lorg/jruby/runtime/builtin/IRubyObject;)Lorg/jruby/runtime/builtin/IRubyObject;+76
j  org.jruby.ext.ffi.jffi.JITNativeInvoker.call(Lorg/jruby/runtime/ThreadContext;Lorg/jruby/runtime/builtin/IRubyObject;Lorg/jruby/RubyModule;Ljava/lang/String;[Lorg/jruby/runtime/builtin/IRubyObject;)Lorg/jruby/runtime/builtin/IRubyObject;+92
j  org.jruby.ext.ffi.jffi.NativeInvoker.call(Lorg/jruby/runtime/ThreadContext;Lorg/jruby/runtime/builtin/IRubyObject;Lorg/jruby/RubyModule;Ljava/lang/String;[Lorg/jruby/runtime/builtin/IRubyObject;Lorg/jruby/runtime/Block;)Lorg/jruby/runtime/builtin/IRubyObject;+36
j  org.jruby.ext.ffi.jffi.DefaultMethod.call(Lorg/jruby/runtime/ThreadContext;Lorg/jruby/runtime/builtin/IRubyObject;Lorg/jruby/RubyModule;Ljava/lang/String;[Lorg/jruby/runtime/builtin/IRubyObject;Lorg/jruby/runtime/Block;)Lorg/jruby/runtime/builtin/IRubyObject;+13
j  org.jruby.internal.runtime.methods.DynamicMethod.call(Lorg/jruby/runtime/ThreadContext;Lorg/jruby/runtime/builtin/IRubyObject;Lorg/jruby/RubyModule;Ljava/lang/String;Lorg/jruby/runtime/builtin/IRubyObject;Lorg/jruby/runtime/Block;)Lorg/jruby/runtime/builtin/IRubyObject;+17
j  org.jruby.internal.runtime.methods.DynamicMethod.call(Lorg/jruby/runtime/ThreadContext;Lorg/jruby/runtime/builtin/IRubyObject;Lorg/jruby/RubyModule;Ljava/lang/String;Lorg/jruby/runtime/builtin/IRubyObject;)Lorg/jruby/runtime/builtin/IRubyObject;+11
j  org.jruby.runtime.callsite.CachingCallSite.cacheAndCall(Lorg/jruby/runtime/builtin/IRubyObject;Lorg/jruby/RubyClass;Lorg/jruby/runtime/ThreadContext;Lorg/jruby/runtime/builtin/IRubyObject;Lorg/jruby/runtime/builtin/IRubyObject;)Lorg/jruby/runtime/builtin/IRubyObject;+57
J  org.jruby.runtime.callsite.CachingCallSite.call(Lorg/jruby/runtime/ThreadContext;Lorg/jruby/runtime/builtin/IRubyObject;Lorg/jruby/runtime/builtin/IRubyObject;Lorg/jruby/runtime/builtin/IRubyObject;)Lorg/jruby/runtime/builtin/IRubyObject;
j  org.jruby.ast.CallOneArgNode.interpret(Lorg/jruby/Ruby;Lorg/jruby/runtime/ThreadContext;Lorg/jruby/runtime/builtin/IRubyObject;Lorg/jruby/runtime/Block;)Lorg/jruby/runtime/builtin/IRubyObject;+30
j  org.jruby.ast.LocalAsgnNode.interpret(Lorg/jruby/Ruby;Lorg/jruby/runtime/ThreadContext;Lorg/jruby/runtime/builtin/IRubyObject;Lorg/jruby/runtime/Block;)Lorg/jruby/runtime/builtin/IRubyObject;+30
J  org.jruby.ast.BlockNode.interpret(Lorg/jruby/Ruby;Lorg/jruby/runtime/ThreadContext;Lorg/jruby/runtime/builtin/IRubyObject;Lorg/jruby/runtime/Block;)Lorg/jruby/runtime/builtin/IRubyObject;
j  org.jruby.evaluator.ASTInterpreter.INTERPRET_METHOD(Lorg/jruby/Ruby;Lorg/jruby/runtime/ThreadContext;Ljava/lang/String;ILorg/jruby/RubyModule;Lorg/jruby/ast/Node;Ljava/lang/String;Lorg/jruby/runtime/builtin/IRubyObject;Lorg/jruby/runtime/Block;Z)Lorg/jruby/runtime/builtin/IRubyObject;+30
j  org.jruby.internal.runtime.methods.InterpretedMethod.call(Lorg/jruby/runtime/ThreadContext;Lorg/jruby/runtime/builtin/IRubyObject;Lorg/jruby/RubyModule;Ljava/lang/String;)Lorg/jruby/runtime/builtin/IRubyObject;+80
j  org.jruby.internal.runtime.methods.DefaultMethod.call(Lorg/jruby/runtime/ThreadContext;Lorg/jruby/runtime/builtin/IRubyObject;Lorg/jruby/RubyModule;Ljava/lang/String;)Lorg/jruby/runtime/builtin/IRubyObject;+20
j  org.jruby.runtime.callsite.CachingCallSite.cacheAndCall(Lorg/jruby/runtime/builtin/IRubyObject;Lorg/jruby/RubyClass;Lorg/jruby/runtime/ThreadContext;Lorg/jruby/runtime/builtin/IRubyObject;)Lorg/jruby/runtime/builtin/IRubyObject;+53
j  org.jruby.runtime.callsite.CachingCallSite.call(Lorg/jruby/runtime/ThreadContext;Lorg/jruby/runtime/builtin/IRubyObject;Lorg/jruby/runtime/builtin/IRubyObject;)Lorg/jruby/runtime/builtin/IRubyObject;+46
j  org.jruby.ast.CallNoArgNode.interpret(Lorg/jruby/Ruby;Lorg/jruby/runtime/ThreadContext;Lorg/jruby/runtime/builtin/IRubyObject;Lorg/jruby/runtime/Block;)Lorg/jruby/runtime/builtin/IRubyObject;+18
j  org.jruby.ast.FCallTwoArgNode.interpret(Lorg/jruby/Ruby;Lorg/jruby/runtime/ThreadContext;Lorg/jruby/runtime/builtin/IRubyObject;Lorg/jruby/runtime/Block;)Lorg/jruby/runtime/builtin/IRubyObject;+28
J  org.jruby.ast.NewlineNode.interpret(Lorg/jruby/Ruby;Lorg/jruby/runtime/ThreadContext;Lorg/jruby/runtime/builtin/IRubyObject;Lorg/jruby/runtime/Block;)Lorg/jruby/runtime/builtin/IRubyObject;
j  org.jruby.ast.BlockNode.interpret(Lorg/jruby/Ruby;Lorg/jruby/runtime/ThreadContext;Lorg/jruby/runtime/builtin/IRubyObject;Lorg/jruby/runtime/Block;)Lorg/jruby/runtime/builtin/IRubyObject;+33
j  org.jruby.evaluator.ASTInterpreter.INTERPRET_METHOD(Lorg/jruby/Ruby;Lorg/jruby/runtime/ThreadContext;Ljava/lang/String;ILorg/jruby/RubyModule;Lorg/jruby/ast/Node;Ljava/lang/String;Lorg/jruby/runtime/builtin/IRubyObject;Lorg/jruby/runtime/Block;Z)Lorg/jruby/runtime/builtin/IRubyObject;+30
j  org.jruby.internal.runtime.methods.InterpretedMethod.call(Lorg/jruby/runtime/ThreadContext;Lorg/jruby/runtime/builtin/IRubyObject;Lorg/jruby/RubyModule;Ljava/lang/String;)Lorg/jruby/runtime/builtin/IRubyObject;+80
j  org.jruby.internal.runtime.methods.DefaultMethod.call(Lorg/jruby/runtime/ThreadContext;Lorg/jruby/runtime/builtin/IRubyObject;Lorg/jruby/RubyModule;Ljava/lang/String;)Lorg/jruby/runtime/builtin/IRubyObject;+20
j  org.jruby.runtime.callsite.CachingCallSite.cacheAndCall(Lorg/jruby/runtime/builtin/IRubyObject;Lorg/jruby/RubyClass;Lorg/jruby/runtime/ThreadContext;Lorg/jruby/runtime/builtin/IRubyObject;)Lorg/jruby/runtime/builtin/IRubyObject;+53
j  org.jruby.runtime.callsite.CachingCallSite.call(Lorg/jruby/runtime/ThreadContext;Lorg/jruby/runtime/builtin/IRubyObject;Lorg/jruby/runtime/builtin/IRubyObject;)Lorg/jruby/runtime/builtin/IRubyObject;+46
j  Makefile.method__2$RUBY$test(LMakefile;Lorg/jruby/runtime/ThreadContext;Lorg/jruby/runtime/builtin/IRubyObject;Lorg/jruby/runtime/Block;)Lorg/jruby/runtime/builtin/IRubyObject;+130
j  Makefile$method__2$RUBY$test.call(Lorg/jruby/runtime/ThreadContext;Lorg/jruby/runtime/builtin/IRubyObject;Lorg/jruby/RubyModule;Ljava/lang/String;Lorg/jruby/runtime/Block;)Lorg/jruby/runtime/builtin/IRubyObject;+17
j  org.jruby.RubyClass.finvoke(Lorg/jruby/runtime/ThreadContext;Lorg/jruby/runtime/builtin/IRubyObject;Ljava/lang/String;Lorg/jruby/runtime/Block;)Lorg/jruby/runtime/builtin/IRubyObject;+41
j  org.jruby.RubyBasicObject.send19(Lorg/jruby/runtime/ThreadContext;Lorg/jruby/runtime/builtin/IRubyObject;Lorg/jruby/runtime/Block;)Lorg/jruby/runtime/builtin/IRubyObject;+15
j  org.jruby.RubyKernel.send19(Lorg/jruby/runtime/ThreadContext;Lorg/jruby/runtime/builtin/IRubyObject;Lorg/jruby/runtime/builtin/IRubyObject;Lorg/jruby/runtime/Block;)Lorg/jruby/runtime/builtin/IRubyObject;+7
j  org.jruby.RubyKernel$INVOKER$s$send19.call(Lorg/jruby/runtime/ThreadContext;Lorg/jruby/runtime/builtin/IRubyObject;Lorg/jruby/RubyModule;Ljava/lang/String;Lorg/jruby/runtime/builtin/IRubyObject;Lorg/jruby/runtime/Block;)Lorg/jruby/runtime/builtin/IRubyObject;+6
j  org.jruby.internal.runtime.methods.JavaMethod$JavaMethodOneOrNBlock.call(Lorg/jruby/runtime/ThreadContext;Lorg/jruby/runtime/builtin/IRubyObject;Lorg/jruby/RubyModule;Ljava/lang/String;Lorg/jruby/runtime/builtin/IRubyObject;)Lorg/jruby/runtime/builtin/IRubyObject;+11
j  org.jruby.runtime.callsite.CachingCallSite.call(Lorg/jruby/runtime/ThreadContext;Lorg/jruby/runtime/builtin/IRubyObject;Lorg/jruby/runtime/builtin/IRubyObject;Lorg/jruby/runtime/builtin/IRubyObject;)Lorg/jruby/runtime/builtin/IRubyObject;+38
j  Makefile.block_6$RUBY$__file__(LMakefile;Lorg/jruby/runtime/ThreadContext;Lorg/jruby/runtime/builtin/IRubyObject;[Lorg/jruby/runtime/builtin/IRubyObject;Lorg/jruby/runtime/Block;)Lorg/jruby/runtime/builtin/IRubyObject;+46
j  Makefile$block_6$RUBY$__file__.call(Lorg/jruby/runtime/ThreadContext;Lorg/jruby/runtime/builtin/IRubyObject;[Lorg/jruby/runtime/builtin/IRubyObject;Lorg/jruby/runtime/Block;)Lorg/jruby/runtime/builtin/IRubyObject;+9
j  org.jruby.runtime.CompiledBlock19.yield(Lorg/jruby/runtime/ThreadContext;Lorg/jruby/runtime/builtin/IRubyObject;Lorg/jruby/runtime/Binding;Lorg/jruby/runtime/Block$Type;)Lorg/jruby/runtime/builtin/IRubyObject;+52
j  org.jruby.runtime.Block.yield(Lorg/jruby/runtime/ThreadContext;Lorg/jruby/runtime/builtin/IRubyObject;)Lorg/jruby/runtime/builtin/IRubyObject;+14
j  org.jruby.RubyArray.eachCommon(Lorg/jruby/runtime/ThreadContext;Lorg/jruby/runtime/Block;)Lorg/jruby/runtime/builtin/IRubyObject;+41
j  org.jruby.RubyArray.each(Lorg/jruby/runtime/ThreadContext;Lorg/jruby/runtime/Block;)Lorg/jruby/runtime/builtin/IRubyObject;+10
j  org.jruby.RubyArray$INVOKER$i$0$0$each.call(Lorg/jruby/runtime/ThreadContext;Lorg/jruby/runtime/builtin/IRubyObject;Lorg/jruby/RubyModule;Ljava/lang/String;Lorg/jruby/runtime/Block;)Lorg/jruby/runtime/builtin/IRubyObject;+7
j  org.jruby.runtime.callsite.CachingCallSite.cacheAndCall(Lorg/jruby/runtime/builtin/IRubyObject;Lorg/jruby/RubyClass;Lorg/jruby/runtime/Block;Lorg/jruby/runtime/ThreadContext;Lorg/jruby/runtime/builtin/IRubyObject;)Lorg/jruby/runtime/builtin/IRubyObject;+57
j  org.jruby.runtime.callsite.CachingCallSite.callBlock(Lorg/jruby/runtime/ThreadContext;Lorg/jruby/runtime/builtin/IRubyObject;Lorg/jruby/runtime/builtin/IRubyObject;Lorg/jruby/runtime/Block;)Lorg/jruby/runtime/builtin/IRubyObject;+50
j  org.jruby.runtime.callsite.CachingCallSite.callIter(Lorg/jruby/runtime/ThreadContext;Lorg/jruby/runtime/builtin/IRubyObject;Lorg/jruby/runtime/builtin/IRubyObject;Lorg/jruby/runtime/Block;)Lorg/jruby/runtime/builtin/IRubyObject;+6
j  Makefile.__file__(LMakefile;Lorg/jruby/runtime/ThreadContext;Lorg/jruby/runtime/builtin/IRubyObject;[Lorg/jruby/runtime/builtin/IRubyObject;Lorg/jruby/runtime/Block;)Lorg/jruby/runtime/builtin/IRubyObject;+859
j  Makefile.load(Lorg/jruby/runtime/ThreadContext;Lorg/jruby/runtime/builtin/IRubyObject;Z)Lorg/jruby/runtime/builtin/IRubyObject;+22
j  org.jruby.Ruby.runScript(Lorg/jruby/ast/executable/Script;Z)Lorg/jruby/runtime/builtin/IRubyObject;+12
j  org.jruby.Ruby.runScript(Lorg/jruby/ast/executable/Script;)Lorg/jruby/runtime/builtin/IRubyObject;+3
j  org.jruby.Ruby.runNormally(Lorg/jruby/ast/Node;)Lorg/jruby/runtime/builtin/IRubyObject;+73
j  org.jruby.Ruby.runFromMain(Ljava/io/InputStream;Ljava/lang/String;)V+320
j  org.jruby.Main.doRunFromMain(Lorg/jruby/Ruby;Ljava/io/InputStream;Ljava/lang/String;)Lorg/jruby/Main$Status;+12
j  org.jruby.Main.internalRun()Lorg/jruby/Main$Status;+234
j  org.jruby.Main.run([Ljava/lang/String;)Lorg/jruby/Main$Status;+9
j  org.jruby.Main.main([Ljava/lang/String;)V+35
v  ~StubRoutines::call_stub

---------------  P R O C E S S  ---------------

Java Threads: ( => current thread )
  0x00007f05f852d000 JavaThread "JRubyJIT-2" daemon [_thread_blocked, id=3504, stack(0x00007f05bfdff000,0x00007f05c0000000)]
  0x00007f05f852b000 JavaThread "process reaper" daemon [_thread_blocked, id=3437, stack(0x00007f05f4076000,0x00007f05f40af000)]
  0x00007f05f8515800 JavaThread "JRubyJIT-1" daemon [_thread_blocked, id=3434, stack(0x00007f05e41b8000,0x00007f05e43b9000)]
  0x00007f05f80ad000 JavaThread "Service Thread" daemon [_thread_blocked, id=3432, stack(0x00007f05e5e31000,0x00007f05e6032000)]
  0x00007f05f80aa800 JavaThread "C2 CompilerThread1" daemon [_thread_blocked, id=3431, stack(0x00007f05e6032000,0x00007f05e6133000)]
  0x00007f05f80a7800 JavaThread "C2 CompilerThread0" daemon [_thread_blocked, id=3430, stack(0x00007f05f40af000,0x00007f05f41b0000)]
  0x00007f05f80a5800 JavaThread "Signal Dispatcher" daemon [_thread_blocked, id=3429, stack(0x00007f05e6133000,0x00007f05e6334000)]
  0x00007f05f8082800 JavaThread "Finalizer" daemon [_thread_blocked, id=3428, stack(0x00007f05e672e000,0x00007f05e692f000)]
  0x00007f05f8080800 JavaThread "Reference Handler" daemon [_thread_blocked, id=3427, stack(0x00007f05e692f000,0x00007f05e6b30000)]
=>0x00007f05f800a800 JavaThread "main" [_thread_in_native, id=3421, stack(0x00007f05fddac000,0x00007f05fdfad000)]

Other Threads:
  0x00007f05f807c800 VMThread [stack: 0x00007f05f41b0000,0x00007f05f42b1000] [id=3426]
  0x00007f05f80b7800 WatcherThread [stack: 0x00007f05e5d30000,0x00007f05e5e31000] [id=3433]

VM state:not at safepoint (normal execution)

VM Mutex/Monitor currently owned by a thread: None

Heap
 PSYoungGen      total 33280K, used 16128K [0x00000000f5900000, 0x00000000f7c00000, 0x0000000100000000)
  eden space 30720K, 44% used [0x00000000f5900000,0x00000000f6646e20,0x00000000f7700000)
  from space 2560K, 98% used [0x00000000f7980000,0x00000000f7bf9538,0x00000000f7c00000)
  to   space 2560K, 0% used [0x00000000f7700000,0x00000000f7700000,0x00000000f7980000)
 ParOldGen       total 39936K, used 5162K [0x00000000e0c00000, 0x00000000e3300000, 0x00000000f5900000)
  object space 39936K, 12% used [0x00000000e0c00000,0x00000000e110aa50,0x00000000e3300000)
 PSPermGen       total 25600K, used 25426K [0x00000000d6600000, 0x00000000d7f00000, 0x00000000e0c00000)
  object space 25600K, 99% used [0x00000000d6600000,0x00000000d7ed4940,0x00000000d7f00000)

Card table byte_map: [0x00007f05fcbd2000,0x00007f05fcd20000] byte_map_base: 0x00007f05fc51f000

Polling page: 0x00007f06003ba000

Code Cache  [0x00007f05f5000000, 0x00007f05f5270000, 0x00007f05f8000000)
 total_blobs=818 nmethods=339 adapters=433 free_code_cache=47590Kb largest_free_block=48705984

Compilation events (10 events):
Event: 3,320 Thread 0x00007f05f80aa800  342             org.jruby.ast.LocalVarNode::getIndex (8 bytes)
Event: 3,320 Thread 0x00007f05f80a7800  343             org.jruby.ast.LocalVarNode::getDepth (8 bytes)
Event: 3,320 Thread 0x00007f05f80aa800 nmethod 342 0x00007f05f517fa10 code [0x00007f05f517fb40, 0x00007f05f517fb98]
Event: 3,320 Thread 0x00007f05f80a7800 nmethod 343 0x00007f05f517f810 code [0x00007f05f517f940, 0x00007f05f517f998]
Event: 3,321 Thread 0x00007f05f80aa800  344             org.jruby.ast.LocalVarNode::interpret (32 bytes)
Event: 3,322 Thread 0x00007f05f80aa800 nmethod 344 0x00007f05f517f450 code [0x00007f05f517f5a0, 0x00007f05f517f698]
Event: 3,334 Thread 0x00007f05f80a7800  345             org.jruby.runtime.callsite.CachingCallSite::call (58 bytes)
Event: 3,341 Thread 0x00007f05f80a7800 nmethod 345 0x00007f05f518ab90 code [0x00007f05f518ad00, 0x00007f05f518afc8]
Event: 3,364 Thread 0x00007f05f80aa800  346             org.jruby.runtime.scope.ManyVarsDynamicScope::getValue (29 bytes)
Event: 3,366 Thread 0x00007f05f80aa800 nmethod 346 0x00007f05f518a790 code [0x00007f05f518a8e0, 0x00007f05f518aa18]

GC Heap History (4 events):
Event: 1,347 GC heap before
{Heap before GC invocations=1 (full 0):
 PSYoungGen      total 17920K, used 15360K [0x00000000f5900000, 0x00000000f6d00000, 0x0000000100000000)
  eden space 15360K, 100% used [0x00000000f5900000,0x00000000f6800000,0x00000000f6800000)
  from space 2560K, 0% used [0x00000000f6a80000,0x00000000f6a80000,0x00000000f6d00000)
  to   space 2560K, 0% used [0x00000000f6800000,0x00000000f6800000,0x00000000f6a80000)
 ParOldGen       total 39936K, used 0K [0x00000000e0c00000, 0x00000000e3300000, 0x00000000f5900000)
  object space 39936K, 0% used [0x00000000e0c00000,0x00000000e0c00000,0x00000000e3300000)
 PSPermGen       total 21504K, used 19066K [0x00000000d6600000, 0x00000000d7b00000, 0x00000000e0c00000)
  object space 21504K, 88% used [0x00000000d6600000,0x00000000d789ebe0,0x00000000d7b00000)
Event: 1,364 GC heap after
Heap after GC invocations=1 (full 0):
 PSYoungGen      total 17920K, used 2547K [0x00000000f5900000, 0x00000000f7c00000, 0x0000000100000000)
  eden space 15360K, 0% used [0x00000000f5900000,0x00000000f5900000,0x00000000f6800000)
  from space 2560K, 99% used [0x00000000f6800000,0x00000000f6a7cde8,0x00000000f6a80000)
  to   space 2560K, 0% used [0x00000000f7980000,0x00000000f7980000,0x00000000f7c00000)
 ParOldGen       total 39936K, used 3281K [0x00000000e0c00000, 0x00000000e3300000, 0x00000000f5900000)
  object space 39936K, 8% used [0x00000000e0c00000,0x00000000e0f346f8,0x00000000e3300000)
 PSPermGen       total 21504K, used 19066K [0x00000000d6600000, 0x00000000d7b00000, 0x00000000e0c00000)
  object space 21504K, 88% used [0x00000000d6600000,0x00000000d789ebe0,0x00000000d7b00000)
}
Event: 2,511 GC heap before
{Heap before GC invocations=2 (full 0):
 PSYoungGen      total 17920K, used 17907K [0x00000000f5900000, 0x00000000f7c00000, 0x0000000100000000)
  eden space 15360K, 100% used [0x00000000f5900000,0x00000000f6800000,0x00000000f6800000)
  from space 2560K, 99% used [0x00000000f6800000,0x00000000f6a7cde8,0x00000000f6a80000)
  to   space 2560K, 0% used [0x00000000f7980000,0x00000000f7980000,0x00000000f7c00000)
 ParOldGen       total 39936K, used 3281K [0x00000000e0c00000, 0x00000000e3300000, 0x00000000f5900000)
  object space 39936K, 8% used [0x00000000e0c00000,0x00000000e0f346f8,0x00000000e3300000)
 PSPermGen       total 23552K, used 23549K [0x00000000d6600000, 0x00000000d7d00000, 0x00000000e0c00000)
  object space 23552K, 99% used [0x00000000d6600000,0x00000000d7cff6d0,0x00000000d7d00000)
Event: 2,527 GC heap after
Heap after GC invocations=2 (full 0):
 PSYoungGen      total 33280K, used 2533K [0x00000000f5900000, 0x00000000f7c00000, 0x0000000100000000)
  eden space 30720K, 0% used [0x00000000f5900000,0x00000000f5900000,0x00000000f7700000)
  from space 2560K, 98% used [0x00000000f7980000,0x00000000f7bf9538,0x00000000f7c00000)
  to   space 2560K, 0% used [0x00000000f7700000,0x00000000f7700000,0x00000000f7980000)
 ParOldGen       total 39936K, used 5162K [0x00000000e0c00000, 0x00000000e3300000, 0x00000000f5900000)
  object space 39936K, 12% used [0x00000000e0c00000,0x00000000e110aa50,0x00000000e3300000)
 PSPermGen       total 23552K, used 23549K [0x00000000d6600000, 0x00000000d7d00000, 0x00000000e0c00000)
  object space 23552K, 99% used [0x00000000d6600000,0x00000000d7cff6d0,0x00000000d7d00000)
}

Deoptimization events (10 events):
Event: 2,952 Thread 0x00007f05f8515800 Uncommon trap: reason=unreached action=reinterpret pc=0x00007f05f513c90c method=java.util.concurrent.locks.AbstractQueuedSynchronizer.release(I)Z @ 14
Event: 2,976 Thread 0x00007f05f800a800 Uncommon trap: reason=unreached action=reinterpret pc=0x00007f05f51214e8 method=org.jruby.parser.ParserSupport.checkExpression(Lorg/jruby/ast/Node;)Z @ 3
Event: 3,347 Thread 0x00007f05f800a800 Uncommon trap: reason=class_check action=maybe_recompile pc=0x00007f05f518ae98 method=org.jruby.runtime.callsite.CachingCallSite.call(Lorg/jruby/runtime/ThreadContext;Lorg/jruby/runtime/builtin/IRubyObject;Lorg/jruby/runtime/builtin/IRubyObject;Lorg/jruby
Event: 3,348 Thread 0x00007f05f800a800 Uncommon trap: reason=bimorphic action=maybe_recompile pc=0x00007f05f517ff08 method=org.jruby.runtime.scope.OneVarDynamicScope.getValue(II)Lorg/jruby/runtime/builtin/IRubyObject; @ 12
Event: 3,348 Thread 0x00007f05f800a800 Uncommon trap: reason=bimorphic action=maybe_recompile pc=0x00007f05f517ff08 method=org.jruby.runtime.scope.OneVarDynamicScope.getValue(II)Lorg/jruby/runtime/builtin/IRubyObject; @ 12
Event: 3,348 Thread 0x00007f05f800a800 Uncommon trap: reason=bimorphic action=maybe_recompile pc=0x00007f05f517ff08 method=org.jruby.runtime.scope.OneVarDynamicScope.getValue(II)Lorg/jruby/runtime/builtin/IRubyObject; @ 12
Event: 3,348 Thread 0x00007f05f800a800 Uncommon trap: reason=bimorphic action=maybe_recompile pc=0x00007f05f517ff08 method=org.jruby.runtime.scope.OneVarDynamicScope.getValue(II)Lorg/jruby/runtime/builtin/IRubyObject; @ 12
Event: 3,349 Thread 0x00007f05f800a800 Uncommon trap: reason=class_check action=maybe_recompile pc=0x00007f05f518ae98 method=org.jruby.runtime.callsite.CachingCallSite.call(Lorg/jruby/runtime/ThreadContext;Lorg/jruby/runtime/builtin/IRubyObject;Lorg/jruby/runtime/builtin/IRubyObject;Lorg/jruby
Event: 3,350 Thread 0x00007f05f800a800 Uncommon trap: reason=class_check action=maybe_recompile pc=0x00007f05f518ae98 method=org.jruby.runtime.callsite.CachingCallSite.call(Lorg/jruby/runtime/ThreadContext;Lorg/jruby/runtime/builtin/IRubyObject;Lorg/jruby/runtime/builtin/IRubyObject;Lorg/jruby
Event: 3,366 Thread 0x00007f05f800a800 Uncommon trap: reason=class_check action=maybe_recompile pc=0x00007f05f518ae98 method=org.jruby.runtime.callsite.CachingCallSite.call(Lorg/jruby/runtime/ThreadContext;Lorg/jruby/runtime/builtin/IRubyObject;Lorg/jruby/runtime/builtin/IRubyObject;Lorg/jruby

Internal exceptions (10 events):
Event: 2,953 Thread 0x00007f05f8515800 Threw 0x00000000f62af9b8 at /build/buildd/openjdk-7-7u51-2.4.4/build/openjdk/hotspot/src/share/vm/prims/jvm.cpp:1244
Event: 2,954 Thread 0x00007f05f8515800 Threw 0x00000000f62b0a28 at /build/buildd/openjdk-7-7u51-2.4.4/build/openjdk/hotspot/src/share/vm/prims/jvm.cpp:1244
Event: 3,154 Thread 0x00007f05f852d000 Threw 0x00000000f62887d8 at /build/buildd/openjdk-7-7u51-2.4.4/build/openjdk/hotspot/src/share/vm/prims/jvm.cpp:1244
Event: 3,154 Thread 0x00007f05f852d000 Threw 0x00000000f6289878 at /build/buildd/openjdk-7-7u51-2.4.4/build/openjdk/hotspot/src/share/vm/prims/jvm.cpp:1244
Event: 3,210 Thread 0x00007f05f852d000 Threw 0x00000000f6497368 at /build/buildd/openjdk-7-7u51-2.4.4/build/openjdk/hotspot/src/share/vm/prims/jvm.cpp:1244
Event: 3,210 Thread 0x00007f05f852d000 Threw 0x00000000f6498468 at /build/buildd/openjdk-7-7u51-2.4.4/build/openjdk/hotspot/src/share/vm/prims/jvm.cpp:1244
Event: 3,210 Thread 0x00007f05f8515800 Threw 0x00000000f62f0090 at /build/buildd/openjdk-7-7u51-2.4.4/build/openjdk/hotspot/src/share/vm/prims/jvm.cpp:1244
Event: 3,212 Thread 0x00007f05f8515800 Threw 0x00000000f62f1190 at /build/buildd/openjdk-7-7u51-2.4.4/build/openjdk/hotspot/src/share/vm/prims/jvm.cpp:1244
Event: 3,219 Thread 0x00007f05f8515800 Threw 0x00000000f6506fe8 at /build/buildd/openjdk-7-7u51-2.4.4/build/openjdk/hotspot/src/share/vm/prims/jvm.cpp:1244
Event: 3,219 Thread 0x00007f05f8515800 Threw 0x00000000f6508190 at /build/buildd/openjdk-7-7u51-2.4.4/build/openjdk/hotspot/src/share/vm/prims/jvm.cpp:1244

Events (10 events):
Event: 3,348 Thread 0x00007f05f800a800 DEOPT UNPACKING pc=0x00007f05f5039045 sp=0x00007f05fdfa96f0 mode 2
Event: 3,349 Thread 0x00007f05f800a800 Uncommon trap: trap_request=0xffffffde fr.pc=0x00007f05f518ae98
Event: 3,349 Thread 0x00007f05f800a800 DEOPT PACKING pc=0x00007f05f518ae98 sp=0x00007f05fdfaa6b0
Event: 3,349 Thread 0x00007f05f800a800 DEOPT UNPACKING pc=0x00007f05f5039045 sp=0x00007f05fdfaa678 mode 2
Event: 3,350 Thread 0x00007f05f800a800 Uncommon trap: trap_request=0xffffffde fr.pc=0x00007f05f518ae98
Event: 3,350 Thread 0x00007f05f800a800 DEOPT PACKING pc=0x00007f05f518ae98 sp=0x00007f05fdfaa6b0
Event: 3,350 Thread 0x00007f05f800a800 DEOPT UNPACKING pc=0x00007f05f5039045 sp=0x00007f05fdfaa678 mode 2
Event: 3,366 Thread 0x00007f05f800a800 Uncommon trap: trap_request=0xffffffde fr.pc=0x00007f05f518ae98
Event: 3,366 Thread 0x00007f05f800a800 DEOPT PACKING pc=0x00007f05f518ae98 sp=0x00007f05fdfaa6b0
Event: 3,366 Thread 0x00007f05f800a800 DEOPT UNPACKING pc=0x00007f05f5039045 sp=0x00007f05fdfaa678 mode 2


Dynamic libraries:
00400000-00401000 r-xp 00000000 08:05 12322450                           /usr/lib/jvm/java-7-openjdk-amd64/jre/bin/java
00600000-00601000 r--p 00000000 08:05 12322450                           /usr/lib/jvm/java-7-openjdk-amd64/jre/bin/java
00601000-00602000 rw-p 00001000 08:05 12322450                           /usr/lib/jvm/java-7-openjdk-amd64/jre/bin/java
01e93000-01eb4000 rw-p 00000000 00:00 0                                  [heap]
d6600000-d7f00000 rw-p 00000000 00:00 0 
d7f00000-e0c00000 rw-p 00000000 00:00 0 
e0c00000-e3300000 rw-p 00000000 00:00 0 
e3300000-f5900000 rw-p 00000000 00:00 0 
f5900000-f7c00000 rw-p 00000000 00:00 0 
f7c00000-100000000 rw-p 00000000 00:00 0 
7f05a4000000-7f05a4021000 rw-p 00000000 00:00 0 
7f05a4021000-7f05a8000000 ---p 00000000 00:00 0 
7f05ac000000-7f05ac021000 rw-p 00000000 00:00 0 
7f05ac021000-7f05b0000000 ---p 00000000 00:00 0 
7f05b0000000-7f05b0021000 rw-p 00000000 00:00 0 
7f05b0021000-7f05b4000000 ---p 00000000 00:00 0 
7f05b4000000-7f05b4021000 rw-p 00000000 00:00 0 
7f05b4021000-7f05b8000000 ---p 00000000 00:00 0 
7f05b8000000-7f05b8027000 rw-p 00000000 00:00 0 
7f05b8027000-7f05bc000000 ---p 00000000 00:00 0 
7f05bf3f5000-7f05bf3f7000 r-xp 00000000 08:05 16777850                   /home/luis/practica01/src/lib/libconvex_hull.so
7f05bf3f7000-7f05bf5f6000 ---p 00002000 08:05 16777850                   /home/luis/practica01/src/lib/libconvex_hull.so
7f05bf5f6000-7f05bf5f7000 r--p 00001000 08:05 16777850                   /home/luis/practica01/src/lib/libconvex_hull.so
7f05bf5f7000-7f05bf5f8000 rw-p 00002000 08:05 16777850                   /home/luis/practica01/src/lib/libconvex_hull.so
7f05bf5f8000-7f05bf5fa000 r-xp 00000000 08:05 16777738                   /home/luis/practica01/src/lib/libdouble_linked_list.so
7f05bf5fa000-7f05bf7f9000 ---p 00002000 08:05 16777738                   /home/luis/practica01/src/lib/libdouble_linked_list.so
7f05bf7f9000-7f05bf7fa000 r--p 00001000 08:05 16777738                   /home/luis/practica01/src/lib/libdouble_linked_list.so
7f05bf7fa000-7f05bf7fb000 rw-p 00002000 08:05 16777738                   /home/luis/practica01/src/lib/libdouble_linked_list.so
7f05bf7fb000-7f05bf7fc000 r-xp 00000000 08:05 16777737                   /home/luis/practica01/src/lib/lib2d_points.so
7f05bf7fc000-7f05bf9fb000 ---p 00001000 08:05 16777737                   /home/luis/practica01/src/lib/lib2d_points.so
7f05bf9fb000-7f05bf9fc000 r--p 00000000 08:05 16777737                   /home/luis/practica01/src/lib/lib2d_points.so
7f05bf9fc000-7f05bf9fd000 rw-p 00001000 08:05 16777737                   /home/luis/practica01/src/lib/lib2d_points.so
7f05bf9fd000-7f05bfa00000 ---p 00000000 00:00 0 
7f05bfa00000-7f05bfbfe000 rw-p 00000000 00:00 0 
7f05bfbfe000-7f05bfc01000 ---p 00000000 00:00 0 
7f05bfc01000-7f05bfdff000 rw-p 00000000 00:00 0 
7f05bfdff000-7f05bfe02000 ---p 00000000 00:00 0 
7f05bfe02000-7f05c0000000 rw-p 00000000 00:00 0                          [stack:3504]
7f05c0000000-7f05c0021000 rw-p 00000000 00:00 0 
7f05c0021000-7f05c4000000 ---p 00000000 00:00 0 
7f05c4000000-7f05c4021000 rw-p 00000000 00:00 0 
7f05c4021000-7f05c8000000 ---p 00000000 00:00 0 
7f05c8000000-7f05c8d79000 rw-p 00000000 00:00 0 
7f05c8d79000-7f05cc000000 ---p 00000000 00:00 0 
7f05cc000000-7f05ccbd0000 rw-p 00000000 00:00 0 
7f05ccbd0000-7f05d0000000 ---p 00000000 00:00 0 
7f05d0000000-7f05d0021000 rw-p 00000000 00:00 0 
7f05d0021000-7f05d4000000 ---p 00000000 00:00 0 
7f05d4000000-7f05d4021000 rw-p 00000000 00:00 0 
7f05d4021000-7f05d8000000 ---p 00000000 00:00 0 
7f05d8000000-7f05d8021000 rw-p 00000000 00:00 0 
7f05d8021000-7f05dc000000 ---p 00000000 00:00 0 
7f05dc000000-7f05dc021000 rw-p 00000000 00:00 0 
7f05dc021000-7f05e0000000 ---p 00000000 00:00 0 
7f05e0000000-7f05e0021000 rw-p 00000000 00:00 0 
7f05e0021000-7f05e4000000 ---p 00000000 00:00 0 
7f05e41b8000-7f05e41bb000 ---p 00000000 00:00 0 
7f05e41bb000-7f05e43b9000 rw-p 00000000 00:00 0                          [stack:3434]
7f05e43b9000-7f05e43cb000 r-xp 00000000 08:05 16253453                   /home/luis/.rbenv/versions/jruby-1.7.10/lib/jni/x86_64-Linux/libjffi-1.2.so
7f05e43cb000-7f05e45ca000 ---p 00012000 08:05 16253453                   /home/luis/.rbenv/versions/jruby-1.7.10/lib/jni/x86_64-Linux/libjffi-1.2.so
7f05e45ca000-7f05e45cb000 rw-p 00011000 08:05 16253453                   /home/luis/.rbenv/versions/jruby-1.7.10/lib/jni/x86_64-Linux/libjffi-1.2.so
7f05e45cb000-7f05e45db000 r-xp 00000000 08:05 12322344                   /usr/lib/jvm/java-7-openjdk-amd64/jre/lib/amd64/libnio.so
7f05e45db000-7f05e47db000 ---p 00010000 08:05 12322344                   /usr/lib/jvm/java-7-openjdk-amd64/jre/lib/amd64/libnio.so
7f05e47db000-7f05e47dc000 r--p 00010000 08:05 12322344                   /usr/lib/jvm/java-7-openjdk-amd64/jre/lib/amd64/libnio.so
7f05e47dc000-7f05e47dd000 rw-p 00011000 08:05 12322344                   /usr/lib/jvm/java-7-openjdk-amd64/jre/lib/amd64/libnio.so
7f05e47dd000-7f05e481a000 r-xp 00000000 08:05 9834371                    /lib/x86_64-linux-gnu/libpcre.so.3.13.1
7f05e481a000-7f05e4a1a000 ---p 0003d000 08:05 9834371                    /lib/x86_64-linux-gnu/libpcre.so.3.13.1
7f05e4a1a000-7f05e4a1b000 r--p 0003d000 08:05 9834371                    /lib/x86_64-linux-gnu/libpcre.so.3.13.1
7f05e4a1b000-7f05e4a1c000 rw-p 0003e000 08:05 9834371                    /lib/x86_64-linux-gnu/libpcre.so.3.13.1
7f05e4a1c000-7f05e4a23000 r-xp 00000000 08:05 12196946                   /usr/lib/x86_64-linux-gnu/libffi.so.6.0.1
7f05e4a23000-7f05e4c22000 ---p 00007000 08:05 12196946                   /usr/lib/x86_64-linux-gnu/libffi.so.6.0.1
7f05e4c22000-7f05e4c23000 r--p 00006000 08:05 12196946                   /usr/lib/x86_64-linux-gnu/libffi.so.6.0.1
7f05e4c23000-7f05e4c24000 rw-p 00007000 08:05 12196946                   /usr/lib/x86_64-linux-gnu/libffi.so.6.0.1
7f05e4c24000-7f05e4c3a000 r-xp 00000000 08:05 9834394                    /lib/x86_64-linux-gnu/libresolv-2.17.so
7f05e4c3a000-7f05e4e3a000 ---p 00016000 08:05 9834394                    /lib/x86_64-linux-gnu/libresolv-2.17.so
7f05e4e3a000-7f05e4e3b000 r--p 00016000 08:05 9834394                    /lib/x86_64-linux-gnu/libresolv-2.17.so
7f05e4e3b000-7f05e4e3c000 rw-p 00017000 08:05 9834394                    /lib/x86_64-linux-gnu/libresolv-2.17.so
7f05e4e3c000-7f05e4e3e000 rw-p 00000000 00:00 0 
7f05e4e3e000-7f05e4e5d000 r-xp 00000000 08:05 9834398                    /lib/x86_64-linux-gnu/libselinux.so.1
7f05e4e5d000-7f05e505d000 ---p 0001f000 08:05 9834398                    /lib/x86_64-linux-gnu/libselinux.so.1
7f05e505d000-7f05e505e000 r--p 0001f000 08:05 9834398                    /lib/x86_64-linux-gnu/libselinux.so.1
7f05e505e000-7f05e505f000 rw-p 00020000 08:05 9834398                    /lib/x86_64-linux-gnu/libselinux.so.1
7f05e505f000-7f05e5060000 rw-p 00000000 00:00 0 
7f05e5060000-7f05e5063000 r-xp 00000000 08:05 12190134                   /usr/lib/x86_64-linux-gnu/libgmodule-2.0.so.0.3800.1
7f05e5063000-7f05e5262000 ---p 00003000 08:05 12190134                   /usr/lib/x86_64-linux-gnu/libgmodule-2.0.so.0.3800.1
7f05e5262000-7f05e5263000 r--p 00002000 08:05 12190134                   /usr/lib/x86_64-linux-gnu/libgmodule-2.0.so.0.3800.1
7f05e5263000-7f05e5264000 rw-p 00003000 08:05 12190134                   /usr/lib/x86_64-linux-gnu/libgmodule-2.0.so.0.3800.1
7f05e5264000-7f05e5362000 r-xp 00000000 08:05 9834386                    /lib/x86_64-linux-gnu/libglib-2.0.so.0.3800.1
7f05e5362000-7f05e5562000 ---p 000fe000 08:05 9834386                    /lib/x86_64-linux-gnu/libglib-2.0.so.0.3800.1
7f05e5562000-7f05e5563000 r--p 000fe000 08:05 9834386                    /lib/x86_64-linux-gnu/libglib-2.0.so.0.3800.1
7f05e5563000-7f05e5564000 rw-p 000ff000 08:05 9834386                    /lib/x86_64-linux-gnu/libglib-2.0.so.0.3800.1
7f05e5564000-7f05e5565000 rw-p 00000000 00:00 0 
7f05e5565000-7f05e55b4000 r-xp 00000000 08:05 12190125                   /usr/lib/x86_64-linux-gnu/libgobject-2.0.so.0.3800.1
7f05e55b4000-7f05e57b4000 ---p 0004f000 08:05 12190125                   /usr/lib/x86_64-linux-gnu/libgobject-2.0.so.0.3800.1
7f05e57b4000-7f05e57b5000 r--p 0004f000 08:05 12190125                   /usr/lib/x86_64-linux-gnu/libgobject-2.0.so.0.3800.1
7f05e57b5000-7f05e57b6000 rw-p 00050000 08:05 12190125                   /usr/lib/x86_64-linux-gnu/libgobject-2.0.so.0.3800.1
7f05e57b6000-7f05e5912000 r-xp 00000000 08:05 12190099                   /usr/lib/x86_64-linux-gnu/libgio-2.0.so.0.3800.1
7f05e5912000-7f05e5b11000 ---p 0015c000 08:05 12190099                   /usr/lib/x86_64-linux-gnu/libgio-2.0.so.0.3800.1
7f05e5b11000-7f05e5b15000 r--p 0015b000 08:05 12190099                   /usr/lib/x86_64-linux-gnu/libgio-2.0.so.0.3800.1
7f05e5b15000-7f05e5b17000 rw-p 0015f000 08:05 12190099                   /usr/lib/x86_64-linux-gnu/libgio-2.0.so.0.3800.1
7f05e5b17000-7f05e5b19000 rw-p 00000000 00:00 0 
7f05e5b19000-7f05e5b2f000 r-xp 00000000 08:05 12322132                   /usr/lib/jvm/java-7-openjdk-amd64/jre/lib/amd64/libnet.so
7f05e5b2f000-7f05e5d2e000 ---p 00016000 08:05 12322132                   /usr/lib/jvm/java-7-openjdk-amd64/jre/lib/amd64/libnet.so
7f05e5d2e000-7f05e5d2f000 r--p 00015000 08:05 12322132                   /usr/lib/jvm/java-7-openjdk-amd64/jre/lib/amd64/libnet.so
7f05e5d2f000-7f05e5d30000 rw-p 00016000 08:05 12322132                   /usr/lib/jvm/java-7-openjdk-amd64/jre/lib/amd64/libnet.so
7f05e5d30000-7f05e5d31000 ---p 00000000 00:00 0 
7f05e5d31000-7f05e5e31000 rw-p 00000000 00:00 0                          [stack:3433]
7f05e5e31000-7f05e5e34000 ---p 00000000 00:00 0 
7f05e5e34000-7f05e6032000 rw-p 00000000 00:00 0                          [stack:3432]
7f05e6032000-7f05e6035000 ---p 00000000 00:00 0 
7f05e6035000-7f05e6133000 rw-p 00000000 00:00 0                          [stack:3431]
7f05e6133000-7f05e6136000 ---p 00000000 00:00 0 
7f05e6136000-7f05e6334000 rw-p 00000000 00:00 0                          [stack:3429]
7f05e6334000-7f05e672e000 r--p 00000000 08:05 12195384                   /usr/lib/locale/locale-archive
7f05e672e000-7f05e6731000 ---p 00000000 00:00 0 
7f05e6731000-7f05e692f000 rw-p 00000000 00:00 0                          [stack:3428]
7f05e692f000-7f05e6932000 ---p 00000000 00:00 0 
7f05e6932000-7f05e8000000 rw-p 00000000 00:00 0                          [stack:3427]
7f05e8000000-7f05e8021000 rw-p 00000000 00:00 0 
7f05e8021000-7f05ec000000 ---p 00000000 00:00 0 
7f05ec000000-7f05ec021000 rw-p 00000000 00:00 0 
7f05ec021000-7f05f0000000 ---p 00000000 00:00 0 
7f05f0000000-7f05f0021000 rw-p 00000000 00:00 0 
7f05f0021000-7f05f4000000 ---p 00000000 00:00 0 
7f05f4076000-7f05f4079000 ---p 00000000 00:00 0 
7f05f4079000-7f05f40af000 rw-p 00000000 00:00 0                          [stack:3437]
7f05f40af000-7f05f40b2000 ---p 00000000 00:00 0 
7f05f40b2000-7f05f41b0000 rw-p 00000000 00:00 0                          [stack:3430]
7f05f41b0000-7f05f41b1000 ---p 00000000 00:00 0 
7f05f41b1000-7f05f5000000 rw-p 00000000 00:00 0                          [stack:3426]
7f05f5000000-7f05f5270000 rwxp 00000000 00:00 0 
7f05f5270000-7f05f8564000 rw-p 00000000 00:00 0 
7f05f8564000-7f05fc000000 ---p 00000000 00:00 0 
7f05fc01b000-7f05fc2a9000 rw-p 00000000 00:00 0 
7f05fc2a9000-7f05fc392000 r--s 00bb9000 08:05 16253440                   /home/luis/.rbenv/versions/jruby-1.7.10/lib/jruby.jar
7f05fc392000-7f05fc3da000 rw-p 00000000 00:00 0 
7f05fc3da000-7f05fc588000 r--s 01cf4000 08:05 12322430                   /usr/lib/jvm/java-7-openjdk-amd64/jre/lib/rt.jar
7f05fc588000-7f05fc7ce000 rw-p 00000000 00:00 0 
7f05fc7ce000-7f05fc7cf000 ---p 00000000 00:00 0 
7f05fc7cf000-7f05fc8cf000 rw-p 00000000 00:00 0                          [stack:3425]
7f05fc8cf000-7f05fc8d0000 ---p 00000000 00:00 0 
7f05fc8d0000-7f05fc9d0000 rw-p 00000000 00:00 0                          [stack:3424]
7f05fc9d0000-7f05fc9d1000 ---p 00000000 00:00 0 
7f05fc9d1000-7f05fcad1000 rw-p 00000000 00:00 0                          [stack:3423]
7f05fcad1000-7f05fcad2000 ---p 00000000 00:00 0 
7f05fcad2000-7f05fcbdf000 rw-p 00000000 00:00 0                          [stack:3422]
7f05fcbdf000-7f05fcc25000 rw-p 00000000 00:00 0 
7f05fcc25000-7f05fcc39000 rw-p 00000000 00:00 0 
7f05fcc39000-7f05fcccb000 rw-p 00000000 00:00 0 
7f05fcccb000-7f05fccdd000 rw-p 00000000 00:00 0 
7f05fccdd000-7f05fcd1f000 rw-p 00000000 00:00 0 
7f05fcd1f000-7f05fcd20000 rw-p 00000000 00:00 0 
7f05fcd20000-7f05fcd28000 r-xp 00000000 08:05 12322081                   /usr/lib/jvm/java-7-openjdk-amd64/jre/lib/amd64/libzip.so
7f05fcd28000-7f05fcf27000 ---p 00008000 08:05 12322081                   /usr/lib/jvm/java-7-openjdk-amd64/jre/lib/amd64/libzip.so
7f05fcf27000-7f05fcf28000 r--p 00007000 08:05 12322081                   /usr/lib/jvm/java-7-openjdk-amd64/jre/lib/amd64/libzip.so
7f05fcf28000-7f05fcf29000 rw-p 00008000 08:05 12322081                   /usr/lib/jvm/java-7-openjdk-amd64/jre/lib/amd64/libzip.so
7f05fcf29000-7f05fcf35000 r-xp 00000000 08:05 9834349                    /lib/x86_64-linux-gnu/libnss_files-2.17.so
7f05fcf35000-7f05fd134000 ---p 0000c000 08:05 9834349                    /lib/x86_64-linux-gnu/libnss_files-2.17.so
7f05fd134000-7f05fd135000 r--p 0000b000 08:05 9834349                    /lib/x86_64-linux-gnu/libnss_files-2.17.so
7f05fd135000-7f05fd136000 rw-p 0000c000 08:05 9834349                    /lib/x86_64-linux-gnu/libnss_files-2.17.so
7f05fd136000-7f05fd141000 r-xp 00000000 08:05 9834353                    /lib/x86_64-linux-gnu/libnss_nis-2.17.so
7f05fd141000-7f05fd340000 ---p 0000b000 08:05 9834353                    /lib/x86_64-linux-gnu/libnss_nis-2.17.so
7f05fd340000-7f05fd341000 r--p 0000a000 08:05 9834353                    /lib/x86_64-linux-gnu/libnss_nis-2.17.so
7f05fd341000-7f05fd342000 rw-p 0000b000 08:05 9834353                    /lib/x86_64-linux-gnu/libnss_nis-2.17.so
7f05fd342000-7f05fd359000 r-xp 00000000 08:05 9834343                    /lib/x86_64-linux-gnu/libnsl-2.17.so
7f05fd359000-7f05fd558000 ---p 00017000 08:05 9834343                    /lib/x86_64-linux-gnu/libnsl-2.17.so
7f05fd558000-7f05fd559000 r--p 00016000 08:05 9834343                    /lib/x86_64-linux-gnu/libnsl-2.17.so
7f05fd559000-7f05fd55a000 rw-p 00017000 08:05 9834343                    /lib/x86_64-linux-gnu/libnsl-2.17.so
7f05fd55a000-7f05fd55c000 rw-p 00000000 00:00 0 
7f05fd55c000-7f05fd564000 r-xp 00000000 08:05 9834345                    /lib/x86_64-linux-gnu/libnss_compat-2.17.so
7f05fd564000-7f05fd763000 ---p 00008000 08:05 9834345                    /lib/x86_64-linux-gnu/libnss_compat-2.17.so
7f05fd763000-7f05fd764000 r--p 00007000 08:05 9834345                    /lib/x86_64-linux-gnu/libnss_compat-2.17.so
7f05fd764000-7f05fd765000 rw-p 00008000 08:05 9834345                    /lib/x86_64-linux-gnu/libnss_compat-2.17.so
7f05fd765000-7f05fd790000 r-xp 00000000 08:05 12322007                   /usr/lib/jvm/java-7-openjdk-amd64/jre/lib/amd64/libjava.so
7f05fd790000-7f05fd98f000 ---p 0002b000 08:05 12322007                   /usr/lib/jvm/java-7-openjdk-amd64/jre/lib/amd64/libjava.so
7f05fd98f000-7f05fd990000 r--p 0002a000 08:05 12322007                   /usr/lib/jvm/java-7-openjdk-amd64/jre/lib/amd64/libjava.so
7f05fd990000-7f05fd992000 rw-p 0002b000 08:05 12322007                   /usr/lib/jvm/java-7-openjdk-amd64/jre/lib/amd64/libjava.so
7f05fd992000-7f05fd9a2000 r-xp 00000000 08:05 12322321                   /usr/lib/jvm/java-7-openjdk-amd64/jre/lib/amd64/libverify.so
7f05fd9a2000-7f05fdba1000 ---p 00010000 08:05 12322321                   /usr/lib/jvm/java-7-openjdk-amd64/jre/lib/amd64/libverify.so
7f05fdba1000-7f05fdba3000 r--p 0000f000 08:05 12322321                   /usr/lib/jvm/java-7-openjdk-amd64/jre/lib/amd64/libverify.so
7f05fdba3000-7f05fdba4000 rw-p 00011000 08:05 12322321                   /usr/lib/jvm/java-7-openjdk-amd64/jre/lib/amd64/libverify.so
7f05fdba4000-7f05fdbab000 r-xp 00000000 08:05 9834396                    /lib/x86_64-linux-gnu/librt-2.17.so
7f05fdbab000-7f05fddaa000 ---p 00007000 08:05 9834396                    /lib/x86_64-linux-gnu/librt-2.17.so
7f05fddaa000-7f05fddab000 r--p 00006000 08:05 9834396                    /lib/x86_64-linux-gnu/librt-2.17.so
7f05fddab000-7f05fddac000 rw-p 00007000 08:05 9834396                    /lib/x86_64-linux-gnu/librt-2.17.so
7f05fddac000-7f05fddaf000 ---p 00000000 00:00 0 
7f05fddaf000-7f05fdfad000 rw-p 00000000 00:00 0                          [stack:3421]
7f05fdfad000-7f05fdfc2000 r-xp 00000000 08:05 9830413                    /lib/x86_64-linux-gnu/libgcc_s.so.1
7f05fdfc2000-7f05fe1c1000 ---p 00015000 08:05 9830413                    /lib/x86_64-linux-gnu/libgcc_s.so.1
7f05fe1c1000-7f05fe1c2000 r--p 00014000 08:05 9830413                    /lib/x86_64-linux-gnu/libgcc_s.so.1
7f05fe1c2000-7f05fe1c3000 rw-p 00015000 08:05 9830413                    /lib/x86_64-linux-gnu/libgcc_s.so.1
7f05fe1c3000-7f05fe2c6000 r-xp 00000000 08:05 9834324                    /lib/x86_64-linux-gnu/libm-2.17.so
7f05fe2c6000-7f05fe4c5000 ---p 00103000 08:05 9834324                    /lib/x86_64-linux-gnu/libm-2.17.so
7f05fe4c5000-7f05fe4c6000 r--p 00102000 08:05 9834324                    /lib/x86_64-linux-gnu/libm-2.17.so
7f05fe4c6000-7f05fe4c7000 rw-p 00103000 08:05 9834324                    /lib/x86_64-linux-gnu/libm-2.17.so
7f05fe4c7000-7f05fe5ad000 r-xp 00000000 08:05 12190887                   /usr/lib/x86_64-linux-gnu/libstdc++.so.6.0.18
7f05fe5ad000-7f05fe7ac000 ---p 000e6000 08:05 12190887                   /usr/lib/x86_64-linux-gnu/libstdc++.so.6.0.18
7f05fe7ac000-7f05fe7b4000 r--p 000e5000 08:05 12190887                   /usr/lib/x86_64-linux-gnu/libstdc++.so.6.0.18
7f05fe7b4000-7f05fe7b6000 rw-p 000ed000 08:05 12190887                   /usr/lib/x86_64-linux-gnu/libstdc++.so.6.0.18
7f05fe7b6000-7f05fe7cb000 rw-p 00000000 00:00 0 
7f05fe7cb000-7f05ff2aa000 r-xp 00000000 08:05 12322340                   /usr/lib/jvm/java-7-openjdk-amd64/jre/lib/amd64/server/libjvm.so
7f05ff2aa000-7f05ff4a9000 ---p 00adf000 08:05 12322340                   /usr/lib/jvm/java-7-openjdk-amd64/jre/lib/amd64/server/libjvm.so
7f05ff4a9000-7f05ff53b000 r--p 00ade000 08:05 12322340                   /usr/lib/jvm/java-7-openjdk-amd64/jre/lib/amd64/server/libjvm.so
7f05ff53b000-7f05ff55e000 rw-p 00b70000 08:05 12322340                   /usr/lib/jvm/java-7-openjdk-amd64/jre/lib/amd64/server/libjvm.so
7f05ff55e000-7f05ff58b000 rw-p 00000000 00:00 0 
7f05ff58b000-7f05ff5a3000 r-xp 00000000 08:05 9834431                    /lib/x86_64-linux-gnu/libz.so.1.2.8
7f05ff5a3000-7f05ff7a2000 ---p 00018000 08:05 9834431                    /lib/x86_64-linux-gnu/libz.so.1.2.8
7f05ff7a2000-7f05ff7a3000 r--p 00017000 08:05 9834431                    /lib/x86_64-linux-gnu/libz.so.1.2.8
7f05ff7a3000-7f05ff7a4000 rw-p 00018000 08:05 9834431                    /lib/x86_64-linux-gnu/libz.so.1.2.8
7f05ff7a4000-7f05ff7bb000 r-xp 00000000 08:05 9834388                    /lib/x86_64-linux-gnu/libpthread-2.17.so
7f05ff7bb000-7f05ff9bb000 ---p 00017000 08:05 9834388                    /lib/x86_64-linux-gnu/libpthread-2.17.so
7f05ff9bb000-7f05ff9bc000 r--p 00017000 08:05 9834388                    /lib/x86_64-linux-gnu/libpthread-2.17.so
7f05ff9bc000-7f05ff9bd000 rw-p 00018000 08:05 9834388                    /lib/x86_64-linux-gnu/libpthread-2.17.so
7f05ff9bd000-7f05ff9c1000 rw-p 00000000 00:00 0 
7f05ff9c1000-7f05ff9c4000 r-xp 00000000 08:05 9834288                    /lib/x86_64-linux-gnu/libdl-2.17.so
7f05ff9c4000-7f05ffbc3000 ---p 00003000 08:05 9834288                    /lib/x86_64-linux-gnu/libdl-2.17.so
7f05ffbc3000-7f05ffbc4000 r--p 00002000 08:05 9834288                    /lib/x86_64-linux-gnu/libdl-2.17.so
7f05ffbc4000-7f05ffbc5000 rw-p 00003000 08:05 9834288                    /lib/x86_64-linux-gnu/libdl-2.17.so
7f05ffbc5000-7f05ffd82000 r-xp 00000000 08:05 9834273                    /lib/x86_64-linux-gnu/libc-2.17.so
7f05ffd82000-7f05fff82000 ---p 001bd000 08:05 9834273                    /lib/x86_64-linux-gnu/libc-2.17.so
7f05fff82000-7f05fff86000 r--p 001bd000 08:05 9834273                    /lib/x86_64-linux-gnu/libc-2.17.so
7f05fff86000-7f05fff88000 rw-p 001c1000 08:05 9834273                    /lib/x86_64-linux-gnu/libc-2.17.so
7f05fff88000-7f05fff8d000 rw-p 00000000 00:00 0 
7f05fff8d000-7f05fff9a000 r-xp 00000000 08:05 12322347                   /usr/lib/jvm/java-7-openjdk-amd64/jre/lib/amd64/jli/libjli.so
7f05fff9a000-7f0600199000 ---p 0000d000 08:05 12322347                   /usr/lib/jvm/java-7-openjdk-amd64/jre/lib/amd64/jli/libjli.so
7f0600199000-7f060019a000 r--p 0000c000 08:05 12322347                   /usr/lib/jvm/java-7-openjdk-amd64/jre/lib/amd64/jli/libjli.so
7f060019a000-7f060019b000 rw-p 0000d000 08:05 12322347                   /usr/lib/jvm/java-7-openjdk-amd64/jre/lib/amd64/jli/libjli.so
7f060019b000-7f06001be000 r-xp 00000000 08:05 9834249                    /lib/x86_64-linux-gnu/ld-2.17.so
7f06001c4000-7f06001c5000 r-xp 00000000 00:00 0 
7f06001c5000-7f06001cc000 r--s 00000000 08:05 12588976                   /usr/lib/x86_64-linux-gnu/gconv/gconv-modules.cache
7f06001cc000-7f06001d1000 r--s 0004c000 08:05 12322352                   /usr/lib/jvm/java-7-openjdk-amd64/jre/lib/jsse.jar
7f06001d1000-7f06001d4000 r--s 00032000 08:05 12322366                   /usr/lib/jvm/java-7-openjdk-amd64/jre/lib/ext/sunjce_provider.jar
7f06001d4000-7f06001d7000 r--s 0000f000 08:05 12322362                   /usr/lib/jvm/java-7-openjdk-amd64/jre/lib/ext/pulse-java.jar
7f06001d7000-7f06001f2000 rw-p 00000000 00:00 0 
7f06001f2000-7f0600238000 rw-p 00000000 00:00 0 
7f0600238000-7f060024c000 rw-p 00000000 00:00 0 
7f060024c000-7f06002df000 rw-p 00000000 00:00 0 
7f06002df000-7f06002e9000 rw-p 00000000 00:00 0 
7f06002e9000-7f060039f000 rw-p 00000000 00:00 0 
7f060039f000-7f06003a4000 rw-p 00000000 00:00 0 
7f06003a4000-7f06003a6000 r--s 00006000 08:05 12717881                   /usr/share/java/java-atk-wrapper.jar
7f06003a6000-7f06003aa000 r--s 00085000 08:05 12322360                   /usr/lib/jvm/java-7-openjdk-amd64/jre/lib/ext/localedata.jar
7f06003aa000-7f06003ae000 r--s 0003b000 08:05 12322372                   /usr/lib/jvm/java-7-openjdk-amd64/jre/lib/ext/sunpkcs11.jar
7f06003ae000-7f06003af000 r--s 00002000 08:05 12322370                   /usr/lib/jvm/java-7-openjdk-amd64/jre/lib/ext/dnsns.jar
7f06003af000-7f06003b1000 r--s 00012000 08:05 12322364                   /usr/lib/jvm/java-7-openjdk-amd64/jre/lib/ext/zipfs.jar
7f06003b1000-7f06003b9000 rw-s 00000000 08:05 7340076                    /tmp/hsperfdata_luis/3396
7f06003b9000-7f06003ba000 rw-p 00000000 00:00 0 
7f06003ba000-7f06003bb000 r--p 00000000 00:00 0 
7f06003bb000-7f06003bd000 rw-p 00000000 00:00 0 
7f06003bd000-7f06003be000 r--p 00022000 08:05 9834249                    /lib/x86_64-linux-gnu/ld-2.17.so
7f06003be000-7f06003c0000 rw-p 00023000 08:05 9834249                    /lib/x86_64-linux-gnu/ld-2.17.so
7fff21904000-7fff21925000 rw-p 00000000 00:00 0                          [stack]
7fff219fe000-7fff21a00000 r-xp 00000000 00:00 0                          [vdso]
ffffffffff600000-ffffffffff601000 r-xp 00000000 00:00 0                  [vsyscall]

VM Arguments:
jvm_args: -Djdk.home= -Djruby.home=/home/luis/.rbenv/versions/jruby-1.7.10 -Djruby.script=jruby -Djruby.shell=/bin/sh -Djffi.boot.library.path=/home/luis/.rbenv/versions/jruby-1.7.10/lib/jni:/home/luis/.rbenv/versions/jruby-1.7.10/lib/jni/arm-Linux:/home/luis/.rbenv/versions/jruby-1.7.10/lib/jni/x86_64-Linux:/home/luis/.rbenv/versions/jruby-1.7.10/lib/jni/i386-Linux -Xmx500m -Xss2048k -Xbootclasspath/a:/home/luis/.rbenv/versions/jruby-1.7.10/lib/jruby.jar 
java_command: org/jruby/Main Makefile.rb clean compile test
Launcher Type: SUN_STANDARD

Environment Variables:
PATH=/home/luis/.rbenv/versions/jruby-1.7.10/bin:/home/luis/.rbenv/libexec:/home/luis/.rbenv/plugins/ruby-build/bin:/home/luis/.rbenv/shims:~/.rbenv/bin:~/.rbenv/bin:/usr/local/sbin:/usr/local/bin:/usr/sbin:/usr/bin:/sbin:/bin:/usr/games:/usr/local/games
USERNAME=luis
SHELL=/bin/bash
DISPLAY=:0

Signal Handlers:
SIGSEGV: [libjvm.so+0x916ea0], sa_mask[0]=0x7ffbfeff, sa_flags=0x10000004
SIGBUS: [libjvm.so+0x916ea0], sa_mask[0]=0x7ffbfeff, sa_flags=0x10000004
SIGFPE: [libjvm.so+0x794800], sa_mask[0]=0x7ffbfeff, sa_flags=0x10000004
SIGPIPE: [libjvm.so+0x794800], sa_mask[0]=0x7ffbfeff, sa_flags=0x10000004
SIGXFSZ: [libjvm.so+0x794800], sa_mask[0]=0x7ffbfeff, sa_flags=0x10000004
SIGILL: [libjvm.so+0x794800], sa_mask[0]=0x7ffbfeff, sa_flags=0x10000004
SIGUSR1: SIG_DFL, sa_mask[0]=0x00000000, sa_flags=0x00000000
SIGUSR2: [libjvm.so+0x7946a0], sa_mask[0]=0x00000000, sa_flags=0x10000004
SIGHUP: [libjvm.so+0x794880], sa_mask[0]=0x7ffbfeff, sa_flags=0x10000004
SIGINT: [libjvm.so+0x794880], sa_mask[0]=0x7ffbfeff, sa_flags=0x10000004
SIGTERM: [libjvm.so+0x794880], sa_mask[0]=0x7ffbfeff, sa_flags=0x10000004
SIGQUIT: [libjvm.so+0x794880], sa_mask[0]=0x7ffbfeff, sa_flags=0x10000004


---------------  S Y S T E M  ---------------

OS:LinuxMint 16 (petra)
uname:Linux 3.11.0-12-generic #19-Ubuntu SMP Wed Oct 9 16:20:46 UTC 2013 x86_64
libc:glibc 2.17 NPTL 2.17 
rlimit: STACK 8192k, CORE 0k, NPROC 29806, NOFILE 4096, AS infinity
load average:0,94 0,51 0,47

/proc/meminfo:
MemTotal:        3844532 kB
MemFree:         1819080 kB
Buffers:          136816 kB
Cached:          1043624 kB
SwapCached:            0 kB
Active:           967192 kB
Inactive:         900552 kB
Active(anon):     688312 kB
Inactive(anon):   137924 kB
Active(file):     278880 kB
Inactive(file):   762628 kB
Unevictable:           0 kB
Mlocked:               0 kB
SwapTotal:       3987452 kB
SwapFree:        3987452 kB
Dirty:              3028 kB
Writeback:             0 kB
AnonPages:        687396 kB
Mapped:           143244 kB
Shmem:            138936 kB
Slab:              92376 kB
SReclaimable:      70108 kB
SUnreclaim:        22268 kB
KernelStack:        3136 kB
PageTables:        19104 kB
NFS_Unstable:          0 kB
Bounce:                0 kB
WritebackTmp:          0 kB
CommitLimit:     5909716 kB
Committed_AS:    2838104 kB
VmallocTotal:   34359738367 kB
VmallocUsed:      348004 kB
VmallocChunk:   34359386120 kB
HardwareCorrupted:     0 kB
AnonHugePages:         0 kB
HugePages_Total:       0
HugePages_Free:        0
HugePages_Rsvd:        0
HugePages_Surp:        0
Hugepagesize:       2048 kB
DirectMap4k:       50420 kB
DirectMap2M:     3938304 kB


CPU:total 4 (2 cores per cpu, 2 threads per core) family 6 model 37 stepping 5, cmov, cx8, fxsr, mmx, sse, sse2, sse3, ssse3, sse4.1, sse4.2, popcnt, ht, tsc, tscinvbit

/proc/cpuinfo:
processor	: 0
vendor_id	: GenuineIntel
cpu family	: 6
model		: 37
model name	: Intel(R) Core(TM) i5 CPU       M 460  @ 2.53GHz
stepping	: 5
microcode	: 0x2
cpu MHz		: 2534.000
cache size	: 3072 KB
physical id	: 0
siblings	: 4
core id		: 0
cpu cores	: 2
apicid		: 0
initial apicid	: 0
fpu		: yes
fpu_exception	: yes
cpuid level	: 11
wp		: yes
flags		: fpu vme de pse tsc msr pae mce cx8 apic sep mtrr pge mca cmov pat pse36 clflush dts acpi mmx fxsr sse sse2 ss ht tm pbe syscall nx rdtscp lm constant_tsc arch_perfmon pebs bts rep_good nopl xtopology nonstop_tsc aperfmperf pni dtes64 monitor ds_cpl vmx est tm2 ssse3 cx16 xtpr pdcm pcid sse4_1 sse4_2 popcnt lahf_lm ida arat dtherm tpr_shadow vnmi flexpriority ept vpid
bogomips	: 5066.80
clflush size	: 64
cache_alignment	: 64
address sizes	: 36 bits physical, 48 bits virtual
power management:

processor	: 1
vendor_id	: GenuineIntel
cpu family	: 6
model		: 37
model name	: Intel(R) Core(TM) i5 CPU       M 460  @ 2.53GHz
stepping	: 5
microcode	: 0x2
cpu MHz		: 1199.000
cache size	: 3072 KB
physical id	: 0
siblings	: 4
core id		: 0
cpu cores	: 2
apicid		: 1
initial apicid	: 1
fpu		: yes
fpu_exception	: yes
cpuid level	: 11
wp		: yes
flags		: fpu vme de pse tsc msr pae mce cx8 apic sep mtrr pge mca cmov pat pse36 clflush dts acpi mmx fxsr sse sse2 ss ht tm pbe syscall nx rdtscp lm constant_tsc arch_perfmon pebs bts rep_good nopl xtopology nonstop_tsc aperfmperf pni dtes64 monitor ds_cpl vmx est tm2 ssse3 cx16 xtpr pdcm pcid sse4_1 sse4_2 popcnt lahf_lm ida arat dtherm tpr_shadow vnmi flexpriority ept vpid
bogomips	: 5066.80
clflush size	: 64
cache_alignment	: 64
address sizes	: 36 bits physical, 48 bits virtual
power management:

processor	: 2
vendor_id	: GenuineIntel
cpu family	: 6
model		: 37
model name	: Intel(R) Core(TM) i5 CPU       M 460  @ 2.53GHz
stepping	: 5
microcode	: 0x2
cpu MHz		: 1199.000
cache size	: 3072 KB
physical id	: 0
siblings	: 4
core id		: 2
cpu cores	: 2
apicid		: 4
initial apicid	: 4
fpu		: yes
fpu_exception	: yes
cpuid level	: 11
wp		: yes
flags		: fpu vme de pse tsc msr pae mce cx8 apic sep mtrr pge mca cmov pat pse36 clflush dts acpi mmx fxsr sse sse2 ss ht tm pbe syscall nx rdtscp lm constant_tsc arch_perfmon pebs bts rep_good nopl xtopology nonstop_tsc aperfmperf pni dtes64 monitor ds_cpl vmx est tm2 ssse3 cx16 xtpr pdcm pcid sse4_1 sse4_2 popcnt lahf_lm ida arat dtherm tpr_shadow vnmi flexpriority ept vpid
bogomips	: 5066.80
clflush size	: 64
cache_alignment	: 64
address sizes	: 36 bits physical, 48 bits virtual
power management:

processor	: 3
vendor_id	: GenuineIntel
cpu family	: 6
model		: 37
model name	: Intel(R) Core(TM) i5 CPU       M 460  @ 2.53GHz
stepping	: 5
microcode	: 0x2
cpu MHz		: 2534.000
cache size	: 3072 KB
physical id	: 0
siblings	: 4
core id		: 2
cpu cores	: 2
apicid		: 5
initial apicid	: 5
fpu		: yes
fpu_exception	: yes
cpuid level	: 11
wp		: yes
flags		: fpu vme de pse tsc msr pae mce cx8 apic sep mtrr pge mca cmov pat pse36 clflush dts acpi mmx fxsr sse sse2 ss ht tm pbe syscall nx rdtscp lm constant_tsc arch_perfmon pebs bts rep_good nopl xtopology nonstop_tsc aperfmperf pni dtes64 monitor ds_cpl vmx est tm2 ssse3 cx16 xtpr pdcm pcid sse4_1 sse4_2 popcnt lahf_lm ida arat dtherm tpr_shadow vnmi flexpriority ept vpid
bogomips	: 5066.80
clflush size	: 64
cache_alignment	: 64
address sizes	: 36 bits physical, 48 bits virtual
power management:



Memory: 4k page, physical 3844532k(1819080k free), swap 3987452k(3987452k free)

vm_info: OpenJDK 64-Bit Server VM (24.45-b08) for linux-amd64 JRE (1.7.0_51-b00), built on Jan 15 2014 22:02:57 by "buildd" with gcc 4.8.1

time: Sat Apr  5 20:57:51 2014
elapsed time: 3 seconds

