#
# A fatal error has been detected by the Java Runtime Environment:
#
#  SIGSEGV (0xb) at pc=0x00007f2db9df84dc, pid=7752, tid=139834681308928
#
# JRE version: OpenJDK Runtime Environment (7.0_51) (build 1.7.0_51-b00)
# Java VM: OpenJDK 64-Bit Server VM (24.45-b08 mixed mode linux-amd64 compressed oops)
# Problematic frame:
# C  [libconvex_hull.so+0x14dc]  imprime_lista+0x2e
#
# Failed to write core dump. Core dumps have been disabled. To enable core dumping, try "ulimit -c unlimited" before starting Java again
#
# If you would like to submit a bug report, please include
# instructions on how to reproduce the bug and visit:
#   http://icedtea.classpath.org/bugzilla
# The crash happened outside the Java Virtual Machine in native code.
# See problematic frame for where to report the bug.
#

---------------  T H R E A D  ---------------

Current thread (0x00007f2dc800a800):  JavaThread "main" [_thread_in_native, id=7777, stack(0x00007f2dcc61b000,0x00007f2dcc81c000)]

siginfo:si_signo=SIGSEGV: si_errno=0, si_code=1 (SEGV_MAPERR), si_addr=0x0000000000000000

Registers:
RAX=0x0000000000000000, RBX=0x00000000d79ca7a0, RCX=0x000000000000001e, RDX=0x0000000000000000
RSP=0x00007f2dcc818bb0, RBP=0x00007f2dcc818be0, RSI=0x0000000000000000, RDI=0x00007f2dcc818680
R8 =0x00007f2dce7f46a0, R9 =0x00007f2dce482134, R10=0x0000000000000000, R11=0x0000000000000000
R12=0x0000000000000000, R13=0x00000000d79ca7a0, R14=0x00007f2dcc818d30, R15=0x00007f2dc800a800
RIP=0x00007f2db9df84dc, EFLAGS=0x0000000000010297, CSGSFS=0x0000000000000033, ERR=0x0000000000000004
  TRAPNO=0x000000000000000e

Top of Stack: (sp=0x00007f2dcc818bb0)
0x00007f2dcc818bb0:   00007f2dc8441170 00007f2dc8440fc0
0x00007f2dcc818bc0:   00007f2dc8440fc0 0000000600000005
0x00007f2dcc818bd0:   0000000b0000000f 0000000000000000
0x00007f2dcc818be0:   00007f2dcc818c40 00007f2db9df8677
0x00007f2dcc818bf0:   00007f2dcc818c78 00007f2dc8438eb0
0x00007f2dcc818c00:   00000000f7a07c30 00007f2dc8440fc0
0x00007f2dcc818c10:   00007f2dc8440fe0 00007f2dc8441000
0x00007f2dcc818c20:   00007f2dc8441020 00007f2dc8441040
0x00007f2dcc818c30:   00007f2dc8441060 00007f2dc8441080
0x00007f2dcc818c40:   00007f2dc83f1c10 00007f2dbac0acd9
0x00007f2dcc818c50:   00000000d6be4180 00000000d79ca7a0
0x00007f2dcc818c60:   00007f2dcc818ce8 00007f2dc43a0738
0x00007f2dcc818c70:   00007f2dcc818c98 00007f2dcc818d08
0x00007f2dcc818c80:   00007f2dc4394233 00000000f64a82b8
0x00007f2dcc818c90:   00000000f62068f8 00000000f7a07c30
0x00007f2dcc818ca0:   00000000f65eb4a0 00007f2dcc818ca8
0x00007f2dcc818cb0:   0000000000000000 00007f2dcc818d30
0x00007f2dcc818cc0:   00000000d79d2cc8 0000000000000000
0x00007f2dcc818cd0:   00000000d79ca7a0 0000000000000000
0x00007f2dcc818ce0:   00007f2dcc818d08 00007f2dcc818d78
0x00007f2dcc818cf0:   00007f2dc4394175 00000000e10be540
0x00007f2dcc818d00:   00007f2dc439ccd7 00007f2dc8438eb0
0x00007f2dcc818d10:   00000000d7d619c0 00007f2db9df8572
0x00007f2dcc818d20:   00007f2dcc818d38 00007f2dc83f1c10
0x00007f2dcc818d30:   00007f2dc4394233 00007f2dcc818d38
0x00007f2dcc818d40:   00000000d7ac7607 00007f2dcc818db0
0x00007f2dcc818d50:   00000000d7ad3860 0000000000000000
0x00007f2dcc818d60:   00000000d7ac7648 00007f2dcc818d08
0x00007f2dcc818d70:   00007f2dcc818d88 00007f2dcc818e00
0x00007f2dcc818d80:   00007f2dc4394175 00007f2dc8438eb0
0x00007f2dcc818d90:   00000000f65eb480 00007f2db9df8572
0x00007f2dcc818da0:   00007f2dcc818da0 00000000e0f3d438 

Instructions: (pc=0x00007f2db9df84dc)
0x00007f2db9df84bc:   45 d8 48 8b 00 48 89 45 f8 48 8b 45 d8 8b 40 10
0x00007f2db9df84cc:   89 45 ec c7 45 e8 00 00 00 00 eb 4b 48 8b 45 f8
0x00007f2db9df84dc:   48 8b 00 8b 00 89 45 f0 48 8b 45 f8 48 8b 00 8b
0x00007f2db9df84ec:   40 04 89 45 f4 8b 75 f4 8b 4d f0 8b 55 e8 8b 45 

Register to memory mapping:

RAX=0x0000000000000000 is an unknown value
RBX=0x00000000d79ca7a0 is an oop
{method} 
 - klass: {other class}
RCX=0x000000000000001e is an unknown value
RDX=0x0000000000000000 is an unknown value
RSP=0x00007f2dcc818bb0 is pointing into the stack for thread: 0x00007f2dc800a800
RBP=0x00007f2dcc818be0 is pointing into the stack for thread: 0x00007f2dc800a800
RSI=0x0000000000000000 is an unknown value
RDI=0x00007f2dcc818680 is pointing into the stack for thread: 0x00007f2dc800a800
R8 =0x00007f2dce7f46a0: _IO_file_jumps+0 in /lib/x86_64-linux-gnu/libc.so.6 at 0x00007f2dce434000
R9 =0x00007f2dce482134: _IO_vfprintf+0x49b4 in /lib/x86_64-linux-gnu/libc.so.6 at 0x00007f2dce434000
R10=0x0000000000000000 is an unknown value
R11=0x0000000000000000 is an unknown value
R12=0x0000000000000000 is an unknown value
R13=0x00000000d79ca7a0 is an oop
{method} 
 - klass: {other class}
R14=0x00007f2dcc818d30 is pointing into the stack for thread: 0x00007f2dc800a800
R15=0x00007f2dc800a800 is a thread


Stack: [0x00007f2dcc61b000,0x00007f2dcc81c000],  sp=0x00007f2dcc818bb0,  free space=2038k
Native frames: (J=compiled Java code, j=interpreted, Vv=VM code, C=native code)
C  [libconvex_hull.so+0x14dc]  imprime_lista+0x2e
C  [libconvex_hull.so+0x1677]  convex_hull+0x105

Java frames: (J=compiled Java code, j=interpreted, Vv=VM code)
j  com.kenai.jffi.Foreign.invokeL1(JJJ)J+0
j  com.kenai.jffi.Invoker.invokeL1(Lcom/kenai/jffi/CallContext;JJ)J+7
j  org.jruby.ext.ffi.jffi.NativeInvoker$ffi$1.call(Lorg/jruby/runtime/ThreadContext;Lorg/jruby/runtime/builtin/IRubyObject;Lorg/jruby/RubyModule;Ljava/lang/String;Lorg/jruby/runtime/builtin/IRubyObject;)Lorg/jruby/runtime/builtin/IRubyObject;+76
j  org.jruby.ext.ffi.jffi.JITNativeInvoker.call(Lorg/jruby/runtime/ThreadContext;Lorg/jruby/runtime/builtin/IRubyObject;Lorg/jruby/RubyModule;Ljava/lang/String;[Lorg/jruby/runtime/builtin/IRubyObject;)Lorg/jruby/runtime/builtin/IRubyObject;+92
j  org.jruby.ext.ffi.jffi.NativeInvoker.call(Lorg/jruby/runtime/ThreadContext;Lorg/jruby/runtime/builtin/IRubyObject;Lorg/jruby/RubyModule;Ljava/lang/String;[Lorg/jruby/runtime/builtin/IRubyObject;Lorg/jruby/runtime/Block;)Lorg/jruby/runtime/builtin/IRubyObject;+36
j  org.jruby.ext.ffi.jffi.DefaultMethod.call(Lorg/jruby/runtime/ThreadContext;Lorg/jruby/runtime/builtin/IRubyObject;Lorg/jruby/RubyModule;Ljava/lang/String;[Lorg/jruby/runtime/builtin/IRubyObject;Lorg/jruby/runtime/Block;)Lorg/jruby/runtime/builtin/IRubyObject;+13
j  org.jruby.internal.runtime.methods.DynamicMethod.call(Lorg/jruby/runtime/ThreadContext;Lorg/jruby/runtime/builtin/IRubyObject;Lorg/jruby/RubyModule;Ljava/lang/String;Lorg/jruby/runtime/builtin/IRubyObject;Lorg/jruby/runtime/Block;)Lorg/jruby/runtime/builtin/IRubyObject;+17
j  org.jruby.internal.runtime.methods.DynamicMethod.call(Lorg/jruby/runtime/ThreadContext;Lorg/jruby/runtime/builtin/IRubyObject;Lorg/jruby/RubyModule;Ljava/lang/String;Lorg/jruby/runtime/builtin/IRubyObject;)Lorg/jruby/runtime/builtin/IRubyObject;+11
j  org.jruby.runtime.callsite.CachingCallSite.cacheAndCall(Lorg/jruby/runtime/builtin/IRubyObject;Lorg/jruby/RubyClass;Lorg/jruby/runtime/ThreadContext;Lorg/jruby/runtime/builtin/IRubyObject;Lorg/jruby/runtime/builtin/IRubyObject;)Lorg/jruby/runtime/builtin/IRubyObject;+57
J  org.jruby.runtime.callsite.CachingCallSite.call(Lorg/jruby/runtime/ThreadContext;Lorg/jruby/runtime/builtin/IRubyObject;Lorg/jruby/runtime/builtin/IRubyObject;Lorg/jruby/runtime/builtin/IRubyObject;)Lorg/jruby/runtime/builtin/IRubyObject;
j  org.jruby.ast.CallOneArgNode.interpret(Lorg/jruby/Ruby;Lorg/jruby/runtime/ThreadContext;Lorg/jruby/runtime/builtin/IRubyObject;Lorg/jruby/runtime/Block;)Lorg/jruby/runtime/builtin/IRubyObject;+30
j  org.jruby.ast.LocalAsgnNode.interpret(Lorg/jruby/Ruby;Lorg/jruby/runtime/ThreadContext;Lorg/jruby/runtime/builtin/IRubyObject;Lorg/jruby/runtime/Block;)Lorg/jruby/runtime/builtin/IRubyObject;+30
J  org.jruby.ast.BlockNode.interpret(Lorg/jruby/Ruby;Lorg/jruby/runtime/ThreadContext;Lorg/jruby/runtime/builtin/IRubyObject;Lorg/jruby/runtime/Block;)Lorg/jruby/runtime/builtin/IRubyObject;
j  org.jruby.evaluator.ASTInterpreter.INTERPRET_METHOD(Lorg/jruby/Ruby;Lorg/jruby/runtime/ThreadContext;Ljava/lang/String;ILorg/jruby/RubyModule;Lorg/jruby/ast/Node;Ljava/lang/String;Lorg/jruby/runtime/builtin/IRubyObject;Lorg/jruby/runtime/Block;Z)Lorg/jruby/runtime/builtin/IRubyObject;+30
j  org.jruby.internal.runtime.methods.InterpretedMethod.call(Lorg/jruby/runtime/ThreadContext;Lorg/jruby/runtime/builtin/IRubyObject;Lorg/jruby/RubyModule;Ljava/lang/String;)Lorg/jruby/runtime/builtin/IRubyObject;+80
j  org.jruby.internal.runtime.methods.DefaultMethod.call(Lorg/jruby/runtime/ThreadContext;Lorg/jruby/runtime/builtin/IRubyObject;Lorg/jruby/RubyModule;Ljava/lang/String;)Lorg/jruby/runtime/builtin/IRubyObject;+20
j  org.jruby.runtime.callsite.CachingCallSite.cacheAndCall(Lorg/jruby/runtime/builtin/IRubyObject;Lorg/jruby/RubyClass;Lorg/jruby/runtime/ThreadContext;Lorg/jruby/runtime/builtin/IRubyObject;)Lorg/jruby/runtime/builtin/IRubyObject;+53
j  org.jruby.runtime.callsite.CachingCallSite.call(Lorg/jruby/runtime/ThreadContext;Lorg/jruby/runtime/builtin/IRubyObject;Lorg/jruby/runtime/builtin/IRubyObject;)Lorg/jruby/runtime/builtin/IRubyObject;+46
j  org.jruby.ast.CallNoArgNode.interpret(Lorg/jruby/Ruby;Lorg/jruby/runtime/ThreadContext;Lorg/jruby/runtime/builtin/IRubyObject;Lorg/jruby/runtime/Block;)Lorg/jruby/runtime/builtin/IRubyObject;+18
j  org.jruby.ast.FCallTwoArgNode.interpret(Lorg/jruby/Ruby;Lorg/jruby/runtime/ThreadContext;Lorg/jruby/runtime/builtin/IRubyObject;Lorg/jruby/runtime/Block;)Lorg/jruby/runtime/builtin/IRubyObject;+28
J  org.jruby.ast.NewlineNode.interpret(Lorg/jruby/Ruby;Lorg/jruby/runtime/ThreadContext;Lorg/jruby/runtime/builtin/IRubyObject;Lorg/jruby/runtime/Block;)Lorg/jruby/runtime/builtin/IRubyObject;
j  org.jruby.ast.BlockNode.interpret(Lorg/jruby/Ruby;Lorg/jruby/runtime/ThreadContext;Lorg/jruby/runtime/builtin/IRubyObject;Lorg/jruby/runtime/Block;)Lorg/jruby/runtime/builtin/IRubyObject;+33
j  org.jruby.evaluator.ASTInterpreter.INTERPRET_METHOD(Lorg/jruby/Ruby;Lorg/jruby/runtime/ThreadContext;Ljava/lang/String;ILorg/jruby/RubyModule;Lorg/jruby/ast/Node;Ljava/lang/String;Lorg/jruby/runtime/builtin/IRubyObject;Lorg/jruby/runtime/Block;Z)Lorg/jruby/runtime/builtin/IRubyObject;+30
j  org.jruby.internal.runtime.methods.InterpretedMethod.call(Lorg/jruby/runtime/ThreadContext;Lorg/jruby/runtime/builtin/IRubyObject;Lorg/jruby/RubyModule;Ljava/lang/String;)Lorg/jruby/runtime/builtin/IRubyObject;+80
j  org.jruby.internal.runtime.methods.DefaultMethod.call(Lorg/jruby/runtime/ThreadContext;Lorg/jruby/runtime/builtin/IRubyObject;Lorg/jruby/RubyModule;Ljava/lang/String;)Lorg/jruby/runtime/builtin/IRubyObject;+20
j  org.jruby.runtime.callsite.CachingCallSite.cacheAndCall(Lorg/jruby/runtime/builtin/IRubyObject;Lorg/jruby/RubyClass;Lorg/jruby/runtime/ThreadContext;Lorg/jruby/runtime/builtin/IRubyObject;)Lorg/jruby/runtime/builtin/IRubyObject;+53
j  org.jruby.runtime.callsite.CachingCallSite.call(Lorg/jruby/runtime/ThreadContext;Lorg/jruby/runtime/builtin/IRubyObject;Lorg/jruby/runtime/builtin/IRubyObject;)Lorg/jruby/runtime/builtin/IRubyObject;+46
j  Makefile.method__2$RUBY$test(LMakefile;Lorg/jruby/runtime/ThreadContext;Lorg/jruby/runtime/builtin/IRubyObject;Lorg/jruby/runtime/Block;)Lorg/jruby/runtime/builtin/IRubyObject;+130
j  Makefile$method__2$RUBY$test.call(Lorg/jruby/runtime/ThreadContext;Lorg/jruby/runtime/builtin/IRubyObject;Lorg/jruby/RubyModule;Ljava/lang/String;Lorg/jruby/runtime/Block;)Lorg/jruby/runtime/builtin/IRubyObject;+17
j  org.jruby.RubyClass.finvoke(Lorg/jruby/runtime/ThreadContext;Lorg/jruby/runtime/builtin/IRubyObject;Ljava/lang/String;Lorg/jruby/runtime/Block;)Lorg/jruby/runtime/builtin/IRubyObject;+41
j  org.jruby.RubyBasicObject.send19(Lorg/jruby/runtime/ThreadContext;Lorg/jruby/runtime/builtin/IRubyObject;Lorg/jruby/runtime/Block;)Lorg/jruby/runtime/builtin/IRubyObject;+15
j  org.jruby.RubyKernel.send19(Lorg/jruby/runtime/ThreadContext;Lorg/jruby/runtime/builtin/IRubyObject;Lorg/jruby/runtime/builtin/IRubyObject;Lorg/jruby/runtime/Block;)Lorg/jruby/runtime/builtin/IRubyObject;+7
j  org.jruby.RubyKernel$INVOKER$s$send19.call(Lorg/jruby/runtime/ThreadContext;Lorg/jruby/runtime/builtin/IRubyObject;Lorg/jruby/RubyModule;Ljava/lang/String;Lorg/jruby/runtime/builtin/IRubyObject;Lorg/jruby/runtime/Block;)Lorg/jruby/runtime/builtin/IRubyObject;+6
j  org.jruby.internal.runtime.methods.JavaMethod$JavaMethodOneOrNBlock.call(Lorg/jruby/runtime/ThreadContext;Lorg/jruby/runtime/builtin/IRubyObject;Lorg/jruby/RubyModule;Ljava/lang/String;Lorg/jruby/runtime/builtin/IRubyObject;)Lorg/jruby/runtime/builtin/IRubyObject;+11
j  org.jruby.runtime.callsite.CachingCallSite.call(Lorg/jruby/runtime/ThreadContext;Lorg/jruby/runtime/builtin/IRubyObject;Lorg/jruby/runtime/builtin/IRubyObject;Lorg/jruby/runtime/builtin/IRubyObject;)Lorg/jruby/runtime/builtin/IRubyObject;+38
j  Makefile.block_6$RUBY$__file__(LMakefile;Lorg/jruby/runtime/ThreadContext;Lorg/jruby/runtime/builtin/IRubyObject;[Lorg/jruby/runtime/builtin/IRubyObject;Lorg/jruby/runtime/Block;)Lorg/jruby/runtime/builtin/IRubyObject;+46
j  Makefile$block_6$RUBY$__file__.call(Lorg/jruby/runtime/ThreadContext;Lorg/jruby/runtime/builtin/IRubyObject;[Lorg/jruby/runtime/builtin/IRubyObject;Lorg/jruby/runtime/Block;)Lorg/jruby/runtime/builtin/IRubyObject;+9
j  org.jruby.runtime.CompiledBlock19.yield(Lorg/jruby/runtime/ThreadContext;Lorg/jruby/runtime/builtin/IRubyObject;Lorg/jruby/runtime/Binding;Lorg/jruby/runtime/Block$Type;)Lorg/jruby/runtime/builtin/IRubyObject;+52
j  org.jruby.runtime.Block.yield(Lorg/jruby/runtime/ThreadContext;Lorg/jruby/runtime/builtin/IRubyObject;)Lorg/jruby/runtime/builtin/IRubyObject;+14
j  org.jruby.RubyArray.eachCommon(Lorg/jruby/runtime/ThreadContext;Lorg/jruby/runtime/Block;)Lorg/jruby/runtime/builtin/IRubyObject;+41
j  org.jruby.RubyArray.each(Lorg/jruby/runtime/ThreadContext;Lorg/jruby/runtime/Block;)Lorg/jruby/runtime/builtin/IRubyObject;+10
j  org.jruby.RubyArray$INVOKER$i$0$0$each.call(Lorg/jruby/runtime/ThreadContext;Lorg/jruby/runtime/builtin/IRubyObject;Lorg/jruby/RubyModule;Ljava/lang/String;Lorg/jruby/runtime/Block;)Lorg/jruby/runtime/builtin/IRubyObject;+7
j  org.jruby.runtime.callsite.CachingCallSite.cacheAndCall(Lorg/jruby/runtime/builtin/IRubyObject;Lorg/jruby/RubyClass;Lorg/jruby/runtime/Block;Lorg/jruby/runtime/ThreadContext;Lorg/jruby/runtime/builtin/IRubyObject;)Lorg/jruby/runtime/builtin/IRubyObject;+57
j  org.jruby.runtime.callsite.CachingCallSite.callBlock(Lorg/jruby/runtime/ThreadContext;Lorg/jruby/runtime/builtin/IRubyObject;Lorg/jruby/runtime/builtin/IRubyObject;Lorg/jruby/runtime/Block;)Lorg/jruby/runtime/builtin/IRubyObject;+50
j  org.jruby.runtime.callsite.CachingCallSite.callIter(Lorg/jruby/runtime/ThreadContext;Lorg/jruby/runtime/builtin/IRubyObject;Lorg/jruby/runtime/builtin/IRubyObject;Lorg/jruby/runtime/Block;)Lorg/jruby/runtime/builtin/IRubyObject;+6
j  Makefile.__file__(LMakefile;Lorg/jruby/runtime/ThreadContext;Lorg/jruby/runtime/builtin/IRubyObject;[Lorg/jruby/runtime/builtin/IRubyObject;Lorg/jruby/runtime/Block;)Lorg/jruby/runtime/builtin/IRubyObject;+859
j  Makefile.load(Lorg/jruby/runtime/ThreadContext;Lorg/jruby/runtime/builtin/IRubyObject;Z)Lorg/jruby/runtime/builtin/IRubyObject;+22
j  org.jruby.Ruby.runScript(Lorg/jruby/ast/executable/Script;Z)Lorg/jruby/runtime/builtin/IRubyObject;+12
j  org.jruby.Ruby.runScript(Lorg/jruby/ast/executable/Script;)Lorg/jruby/runtime/builtin/IRubyObject;+3
j  org.jruby.Ruby.runNormally(Lorg/jruby/ast/Node;)Lorg/jruby/runtime/builtin/IRubyObject;+73
j  org.jruby.Ruby.runFromMain(Ljava/io/InputStream;Ljava/lang/String;)V+320
j  org.jruby.Main.doRunFromMain(Lorg/jruby/Ruby;Ljava/io/InputStream;Ljava/lang/String;)Lorg/jruby/Main$Status;+12
j  org.jruby.Main.internalRun()Lorg/jruby/Main$Status;+234
j  org.jruby.Main.run([Ljava/lang/String;)Lorg/jruby/Main$Status;+9
j  org.jruby.Main.main([Ljava/lang/String;)V+35
v  ~StubRoutines::call_stub

---------------  P R O C E S S  ---------------

Java Threads: ( => current thread )
  0x00007f2dc8416800 JavaThread "JRubyJIT-2" daemon [_thread_blocked, id=7860, stack(0x00007f2dba600000,0x00007f2dba801000)]
  0x00007f2dc8410800 JavaThread "process reaper" daemon [_thread_blocked, id=7793, stack(0x00007f2dc0098000,0x00007f2dc00d1000)]
  0x00007f2dc8400800 JavaThread "JRubyJIT-1" daemon [_thread_blocked, id=7790, stack(0x00007f2dbaa02000,0x00007f2dbac03000)]
  0x00007f2dc80ad000 JavaThread "Service Thread" daemon [_thread_blocked, id=7788, stack(0x00007f2dc0763000,0x00007f2dc0964000)]
  0x00007f2dc80aa800 JavaThread "C2 CompilerThread1" daemon [_thread_blocked, id=7787, stack(0x00007f2dc0964000,0x00007f2dc0a65000)]
  0x00007f2dc80a7800 JavaThread "C2 CompilerThread0" daemon [_thread_blocked, id=7786, stack(0x00007f2dc0a65000,0x00007f2dc0b66000)]
  0x00007f2dc80a5800 JavaThread "Signal Dispatcher" daemon [_thread_blocked, id=7785, stack(0x00007f2dc0b66000,0x00007f2dc0d67000)]
  0x00007f2dc8082800 JavaThread "Finalizer" daemon [_thread_blocked, id=7784, stack(0x00007f2dc1161000,0x00007f2dc1362000)]
  0x00007f2dc8080800 JavaThread "Reference Handler" daemon [_thread_blocked, id=7783, stack(0x00007f2dc1362000,0x00007f2dc1563000)]
=>0x00007f2dc800a800 JavaThread "main" [_thread_in_native, id=7777, stack(0x00007f2dcc61b000,0x00007f2dcc81c000)]

Other Threads:
  0x00007f2dc807c800 VMThread [stack: 0x00007f2dc1563000,0x00007f2dc1664000] [id=7782]
  0x00007f2dc80b7800 WatcherThread [stack: 0x00007f2dc0662000,0x00007f2dc0763000] [id=7789]

VM state:not at safepoint (normal execution)

VM Mutex/Monitor currently owned by a thread: None

Heap
 PSYoungGen      total 33280K, used 16101K [0x00000000f5900000, 0x00000000f7c00000, 0x0000000100000000)
  eden space 30720K, 44% used [0x00000000f5900000,0x00000000f6640110,0x00000000f7700000)
  from space 2560K, 98% used [0x00000000f7980000,0x00000000f7bf9518,0x00000000f7c00000)
  to   space 2560K, 0% used [0x00000000f7700000,0x00000000f7700000,0x00000000f7980000)
 ParOldGen       total 39936K, used 5236K [0x00000000e0c00000, 0x00000000e3300000, 0x00000000f5900000)
  object space 39936K, 13% used [0x00000000e0c00000,0x00000000e111d308,0x00000000e3300000)
 PSPermGen       total 25600K, used 25423K [0x00000000d6600000, 0x00000000d7f00000, 0x00000000e0c00000)
  object space 25600K, 99% used [0x00000000d6600000,0x00000000d7ed3c00,0x00000000d7f00000)

Card table byte_map: [0x00007f2dcc0b3000,0x00007f2dcc201000] byte_map_base: 0x00007f2dcba00000

Polling page: 0x00007f2dcec29000

Code Cache  [0x00007f2dc438e000, 0x00007f2dc45fe000, 0x00007f2dc738e000)
 total_blobs=820 nmethods=341 adapters=433 free_code_cache=47592Kb largest_free_block=48699392

Compilation events (10 events):
Event: 3,260 Thread 0x00007f2dc80a7800 nmethod 343 0x00007f2dc450d650 code [0x00007f2dc450d780, 0x00007f2dc450d7f8]
Event: 3,260 Thread 0x00007f2dc80a7800  345             org.jruby.runtime.Frame::setVisibility (6 bytes)
Event: 3,260 Thread 0x00007f2dc80a7800 nmethod 345 0x00007f2dc451ae90 code [0x00007f2dc451afc0, 0x00007f2dc451b038]
Event: 3,260 Thread 0x00007f2dc80a7800  346             org.jruby.ast.LocalVarNode::getIndex (8 bytes)
Event: 3,260 Thread 0x00007f2dc80a7800 nmethod 346 0x00007f2dc450d450 code [0x00007f2dc450d580, 0x00007f2dc450d5d8]
Event: 3,260 Thread 0x00007f2dc80a7800  347             org.jruby.ast.LocalVarNode::getDepth (8 bytes)
Event: 3,260 Thread 0x00007f2dc80a7800 nmethod 347 0x00007f2dc450d250 code [0x00007f2dc450d380, 0x00007f2dc450d3d8]
Event: 3,261 Thread 0x00007f2dc80a7800  348             org.jruby.ast.LocalVarNode::interpret (32 bytes)
Event: 3,262 Thread 0x00007f2dc80a7800 nmethod 348 0x00007f2dc451c450 code [0x00007f2dc451c5a0, 0x00007f2dc451c698]
Event: 3,262 Thread 0x00007f2dc80aa800 nmethod 344 0x00007f2dc451bf10 code [0x00007f2dc451c080, 0x00007f2dc451c218]

GC Heap History (4 events):
Event: 1,342 GC heap before
{Heap before GC invocations=1 (full 0):
 PSYoungGen      total 17920K, used 15360K [0x00000000f5900000, 0x00000000f6d00000, 0x0000000100000000)
  eden space 15360K, 100% used [0x00000000f5900000,0x00000000f6800000,0x00000000f6800000)
  from space 2560K, 0% used [0x00000000f6a80000,0x00000000f6a80000,0x00000000f6d00000)
  to   space 2560K, 0% used [0x00000000f6800000,0x00000000f6800000,0x00000000f6a80000)
 ParOldGen       total 39936K, used 0K [0x00000000e0c00000, 0x00000000e3300000, 0x00000000f5900000)
  object space 39936K, 0% used [0x00000000e0c00000,0x00000000e0c00000,0x00000000e3300000)
 PSPermGen       total 21504K, used 19066K [0x00000000d6600000, 0x00000000d7b00000, 0x00000000e0c00000)
  object space 21504K, 88% used [0x00000000d6600000,0x00000000d789eba0,0x00000000d7b00000)
Event: 1,356 GC heap after
Heap after GC invocations=1 (full 0):
 PSYoungGen      total 17920K, used 2549K [0x00000000f5900000, 0x00000000f7c00000, 0x0000000100000000)
  eden space 15360K, 0% used [0x00000000f5900000,0x00000000f5900000,0x00000000f6800000)
  from space 2560K, 99% used [0x00000000f6800000,0x00000000f6a7d4d8,0x00000000f6a80000)
  to   space 2560K, 0% used [0x00000000f7980000,0x00000000f7980000,0x00000000f7c00000)
 ParOldGen       total 39936K, used 3259K [0x00000000e0c00000, 0x00000000e3300000, 0x00000000f5900000)
  object space 39936K, 8% used [0x00000000e0c00000,0x00000000e0f2efe0,0x00000000e3300000)
 PSPermGen       total 21504K, used 19066K [0x00000000d6600000, 0x00000000d7b00000, 0x00000000e0c00000)
  object space 21504K, 88% used [0x00000000d6600000,0x00000000d789eba0,0x00000000d7b00000)
}
Event: 2,492 GC heap before
{Heap before GC invocations=2 (full 0):
 PSYoungGen      total 17920K, used 17909K [0x00000000f5900000, 0x00000000f7c00000, 0x0000000100000000)
  eden space 15360K, 100% used [0x00000000f5900000,0x00000000f6800000,0x00000000f6800000)
  from space 2560K, 99% used [0x00000000f6800000,0x00000000f6a7d4d8,0x00000000f6a80000)
  to   space 2560K, 0% used [0x00000000f7980000,0x00000000f7980000,0x00000000f7c00000)
 ParOldGen       total 39936K, used 3259K [0x00000000e0c00000, 0x00000000e3300000, 0x00000000f5900000)
  object space 39936K, 8% used [0x00000000e0c00000,0x00000000e0f2efe0,0x00000000e3300000)
 PSPermGen       total 23552K, used 23551K [0x00000000d6600000, 0x00000000d7d00000, 0x00000000e0c00000)
  object space 23552K, 99% used [0x00000000d6600000,0x00000000d7cffeb0,0x00000000d7d00000)
Event: 2,511 GC heap after
Heap after GC invocations=2 (full 0):
 PSYoungGen      total 33280K, used 2533K [0x00000000f5900000, 0x00000000f7c00000, 0x0000000100000000)
  eden space 30720K, 0% used [0x00000000f5900000,0x00000000f5900000,0x00000000f7700000)
  from space 2560K, 98% used [0x00000000f7980000,0x00000000f7bf9518,0x00000000f7c00000)
  to   space 2560K, 0% used [0x00000000f7700000,0x00000000f7700000,0x00000000f7980000)
 ParOldGen       total 39936K, used 5236K [0x00000000e0c00000, 0x00000000e3300000, 0x00000000f5900000)
  object space 39936K, 13% used [0x00000000e0c00000,0x00000000e111d308,0x00000000e3300000)
 PSPermGen       total 23552K, used 23551K [0x00000000d6600000, 0x00000000d7d00000, 0x00000000e0c00000)
  object space 23552K, 99% used [0x00000000d6600000,0x00000000d7cffeb0,0x00000000d7d00000)
}

Deoptimization events (10 events):
Event: 2,217 Thread 0x00007f2dc800a800 Uncommon trap: reason=class_check action=maybe_recompile pc=0x00007f2dc4404878 method=java.util.Arrays.fill([Ljava/lang/Object;Ljava/lang/Object;)V @ 13
Event: 2,217 Thread 0x00007f2dc800a800 Uncommon trap: reason=class_check action=maybe_recompile pc=0x00007f2dc4404878 method=java.util.Arrays.fill([Ljava/lang/Object;Ljava/lang/Object;)V @ 13
Event: 2,221 Thread 0x00007f2dc800a800 Uncommon trap: reason=class_check action=maybe_recompile pc=0x00007f2dc4404878 method=java.util.Arrays.fill([Ljava/lang/Object;Ljava/lang/Object;)V @ 13
Event: 2,232 Thread 0x00007f2dc800a800 Uncommon trap: reason=class_check action=maybe_recompile pc=0x00007f2dc4404878 method=java.util.Arrays.fill([Ljava/lang/Object;Ljava/lang/Object;)V @ 13
Event: 2,290 Thread 0x00007f2dc800a800 Uncommon trap: reason=class_check action=maybe_recompile pc=0x00007f2dc4424ef4 method=java.util.concurrent.ConcurrentHashMap$Segment.put(Ljava/lang/Object;ILjava/lang/Object;Z)Ljava/lang/Object; @ 77
Event: 2,303 Thread 0x00007f2dc800a800 Uncommon trap: reason=class_check action=maybe_recompile pc=0x00007f2dc4424ef4 method=java.util.concurrent.ConcurrentHashMap$Segment.put(Ljava/lang/Object;ILjava/lang/Object;Z)Ljava/lang/Object; @ 77
Event: 2,322 Thread 0x00007f2dc8412800 Uncommon trap: reason=null_check action=make_not_entrant pc=0x00007f2dc44b562c method=org.jruby.internal.runtime.ThreadService.getCurrentContext()Lorg/jruby/runtime/ThreadContext; @ 15
Event: 2,912 Thread 0x00007f2dc800a800 Uncommon trap: reason=unreached action=reinterpret pc=0x00007f2dc44227b4 method=java.util.concurrent.locks.AbstractQueuedSynchronizer.release(I)Z @ 14
Event: 2,912 Thread 0x00007f2dc8400800 Uncommon trap: reason=unreached action=reinterpret pc=0x00007f2dc44b2dcc method=java.util.concurrent.locks.AbstractQueuedSynchronizer.release(I)Z @ 14
Event: 2,936 Thread 0x00007f2dc800a800 Uncommon trap: reason=unreached action=reinterpret pc=0x00007f2dc44adea8 method=org.jruby.parser.ParserSupport.checkExpression(Lorg/jruby/ast/Node;)Z @ 3

Internal exceptions (10 events):
Event: 2,913 Thread 0x00007f2dc8400800 Threw 0x00000000f6308b08 at /build/buildd/openjdk-7-7u51-2.4.4/build/openjdk/hotspot/src/share/vm/prims/jvm.cpp:1244
Event: 2,913 Thread 0x00007f2dc8400800 Threw 0x00000000f6309b78 at /build/buildd/openjdk-7-7u51-2.4.4/build/openjdk/hotspot/src/share/vm/prims/jvm.cpp:1244
Event: 3,091 Thread 0x00007f2dc8416800 Threw 0x00000000f62e1928 at /build/buildd/openjdk-7-7u51-2.4.4/build/openjdk/hotspot/src/share/vm/prims/jvm.cpp:1244
Event: 3,091 Thread 0x00007f2dc8416800 Threw 0x00000000f62e29c8 at /build/buildd/openjdk-7-7u51-2.4.4/build/openjdk/hotspot/src/share/vm/prims/jvm.cpp:1244
Event: 3,148 Thread 0x00007f2dc8416800 Threw 0x00000000f64f3598 at /build/buildd/openjdk-7-7u51-2.4.4/build/openjdk/hotspot/src/share/vm/prims/jvm.cpp:1244
Event: 3,148 Thread 0x00007f2dc8400800 Threw 0x00000000f63491e0 at /build/buildd/openjdk-7-7u51-2.4.4/build/openjdk/hotspot/src/share/vm/prims/jvm.cpp:1244
Event: 3,148 Thread 0x00007f2dc8400800 Threw 0x00000000f634a2e0 at /build/buildd/openjdk-7-7u51-2.4.4/build/openjdk/hotspot/src/share/vm/prims/jvm.cpp:1244
Event: 3,148 Thread 0x00007f2dc8416800 Threw 0x00000000f64f4698 at /build/buildd/openjdk-7-7u51-2.4.4/build/openjdk/hotspot/src/share/vm/prims/jvm.cpp:1244
Event: 3,151 Thread 0x00007f2dc8416800 Threw 0x00000000f651c008 at /build/buildd/openjdk-7-7u51-2.4.4/build/openjdk/hotspot/src/share/vm/prims/jvm.cpp:1244
Event: 3,151 Thread 0x00007f2dc8416800 Threw 0x00000000f651d1b0 at /build/buildd/openjdk-7-7u51-2.4.4/build/openjdk/hotspot/src/share/vm/prims/jvm.cpp:1244

Events (10 events):
Event: 3,177 loading class 0x00007f2d984adb90
Event: 3,177 loading class 0x00007f2d984adb90 done
Event: 3,177 loading class 0x00007f2d9872bc40
Event: 3,177 loading class 0x00007f2d9872bc40 done
Event: 3,178 loading class 0x00007f2d9872bad0
Event: 3,178 loading class 0x00007f2d9872bad0 done
Event: 3,179 loading class 0x00007f2d9872c480
Event: 3,179 loading class 0x00007f2d9872c480 done
Event: 3,180 loading class 0x00007f2d9872c6a0
Event: 3,180 loading class 0x00007f2d9872c6a0 done


Dynamic libraries:
00400000-00401000 r-xp 00000000 08:05 12322450                           /usr/lib/jvm/java-7-openjdk-amd64/jre/bin/java
00600000-00601000 r--p 00000000 08:05 12322450                           /usr/lib/jvm/java-7-openjdk-amd64/jre/bin/java
00601000-00602000 rw-p 00001000 08:05 12322450                           /usr/lib/jvm/java-7-openjdk-amd64/jre/bin/java
00fc9000-00fea000 rw-p 00000000 00:00 0                                  [heap]
d6600000-d7f00000 rw-p 00000000 00:00 0 
d7f00000-e0c00000 rw-p 00000000 00:00 0 
e0c00000-e3300000 rw-p 00000000 00:00 0 
e3300000-f5900000 rw-p 00000000 00:00 0 
f5900000-f7c00000 rw-p 00000000 00:00 0 
f7c00000-100000000 rw-p 00000000 00:00 0 
7f2d74000000-7f2d74021000 rw-p 00000000 00:00 0 
7f2d74021000-7f2d78000000 ---p 00000000 00:00 0 
7f2d78000000-7f2d78021000 rw-p 00000000 00:00 0 
7f2d78021000-7f2d7c000000 ---p 00000000 00:00 0 
7f2d7c000000-7f2d7c021000 rw-p 00000000 00:00 0 
7f2d7c021000-7f2d80000000 ---p 00000000 00:00 0 
7f2d80000000-7f2d80021000 rw-p 00000000 00:00 0 
7f2d80021000-7f2d84000000 ---p 00000000 00:00 0 
7f2d84000000-7f2d84021000 rw-p 00000000 00:00 0 
7f2d84021000-7f2d88000000 ---p 00000000 00:00 0 
7f2d88000000-7f2d88027000 rw-p 00000000 00:00 0 
7f2d88027000-7f2d8c000000 ---p 00000000 00:00 0 
7f2d8c000000-7f2d8caba000 rw-p 00000000 00:00 0 
7f2d8caba000-7f2d90000000 ---p 00000000 00:00 0 
7f2d90000000-7f2d90021000 rw-p 00000000 00:00 0 
7f2d90021000-7f2d94000000 ---p 00000000 00:00 0 
7f2d94000000-7f2d94021000 rw-p 00000000 00:00 0 
7f2d94021000-7f2d98000000 ---p 00000000 00:00 0 
7f2d98000000-7f2d98f6c000 rw-p 00000000 00:00 0 
7f2d98f6c000-7f2d9c000000 ---p 00000000 00:00 0 
7f2d9c000000-7f2d9c021000 rw-p 00000000 00:00 0 
7f2d9c021000-7f2da0000000 ---p 00000000 00:00 0 
7f2da0000000-7f2da0021000 rw-p 00000000 00:00 0 
7f2da0021000-7f2da4000000 ---p 00000000 00:00 0 
7f2da4000000-7f2da4021000 rw-p 00000000 00:00 0 
7f2da4021000-7f2da8000000 ---p 00000000 00:00 0 
7f2da8000000-7f2da8021000 rw-p 00000000 00:00 0 
7f2da8021000-7f2dac000000 ---p 00000000 00:00 0 
7f2dac000000-7f2dac021000 rw-p 00000000 00:00 0 
7f2dac021000-7f2db0000000 ---p 00000000 00:00 0 
7f2db4000000-7f2db4021000 rw-p 00000000 00:00 0 
7f2db4021000-7f2db8000000 ---p 00000000 00:00 0 
7f2db9df7000-7f2db9df9000 r-xp 00000000 08:05 16777779                   /home/luis/practica01/src/lib/libconvex_hull.so
7f2db9df9000-7f2db9ff8000 ---p 00002000 08:05 16777779                   /home/luis/practica01/src/lib/libconvex_hull.so
7f2db9ff8000-7f2db9ff9000 r--p 00001000 08:05 16777779                   /home/luis/practica01/src/lib/libconvex_hull.so
7f2db9ff9000-7f2db9ffa000 rw-p 00002000 08:05 16777779                   /home/luis/practica01/src/lib/libconvex_hull.so
7f2db9ffa000-7f2db9ffc000 r-xp 00000000 08:05 16777774                   /home/luis/practica01/src/lib/libdouble_linked_list.so
7f2db9ffc000-7f2dba1fb000 ---p 00002000 08:05 16777774                   /home/luis/practica01/src/lib/libdouble_linked_list.so
7f2dba1fb000-7f2dba1fc000 r--p 00001000 08:05 16777774                   /home/luis/practica01/src/lib/libdouble_linked_list.so
7f2dba1fc000-7f2dba1fd000 rw-p 00002000 08:05 16777774                   /home/luis/practica01/src/lib/libdouble_linked_list.so
7f2dba1fd000-7f2dba1fe000 r-xp 00000000 08:05 16777738                   /home/luis/practica01/src/lib/lib2d_points.so
7f2dba1fe000-7f2dba3fd000 ---p 00001000 08:05 16777738                   /home/luis/practica01/src/lib/lib2d_points.so
7f2dba3fd000-7f2dba3fe000 r--p 00000000 08:05 16777738                   /home/luis/practica01/src/lib/lib2d_points.so
7f2dba3fe000-7f2dba3ff000 rw-p 00001000 08:05 16777738                   /home/luis/practica01/src/lib/lib2d_points.so
7f2dba3ff000-7f2dba402000 ---p 00000000 00:00 0 
7f2dba402000-7f2dba600000 rw-p 00000000 00:00 0 
7f2dba600000-7f2dba603000 ---p 00000000 00:00 0 
7f2dba603000-7f2dba801000 rw-p 00000000 00:00 0                          [stack:7860]
7f2dba801000-7f2dba804000 ---p 00000000 00:00 0 
7f2dba804000-7f2dbaa02000 rw-p 00000000 00:00 0 
7f2dbaa02000-7f2dbaa05000 ---p 00000000 00:00 0 
7f2dbaa05000-7f2dbac03000 rw-p 00000000 00:00 0                          [stack:7790]
7f2dbac03000-7f2dbac15000 r-xp 00000000 08:05 16253453                   /home/luis/.rbenv/versions/jruby-1.7.10/lib/jni/x86_64-Linux/libjffi-1.2.so
7f2dbac15000-7f2dbae14000 ---p 00012000 08:05 16253453                   /home/luis/.rbenv/versions/jruby-1.7.10/lib/jni/x86_64-Linux/libjffi-1.2.so
7f2dbae14000-7f2dbae15000 rw-p 00011000 08:05 16253453                   /home/luis/.rbenv/versions/jruby-1.7.10/lib/jni/x86_64-Linux/libjffi-1.2.so
7f2dbae15000-7f2dbae25000 r-xp 00000000 08:05 12322344                   /usr/lib/jvm/java-7-openjdk-amd64/jre/lib/amd64/libnio.so
7f2dbae25000-7f2dbb025000 ---p 00010000 08:05 12322344                   /usr/lib/jvm/java-7-openjdk-amd64/jre/lib/amd64/libnio.so
7f2dbb025000-7f2dbb026000 r--p 00010000 08:05 12322344                   /usr/lib/jvm/java-7-openjdk-amd64/jre/lib/amd64/libnio.so
7f2dbb026000-7f2dbb027000 rw-p 00011000 08:05 12322344                   /usr/lib/jvm/java-7-openjdk-amd64/jre/lib/amd64/libnio.so
7f2dbb027000-7f2dbb064000 r-xp 00000000 08:05 9834371                    /lib/x86_64-linux-gnu/libpcre.so.3.13.1
7f2dbb064000-7f2dbb264000 ---p 0003d000 08:05 9834371                    /lib/x86_64-linux-gnu/libpcre.so.3.13.1
7f2dbb264000-7f2dbb265000 r--p 0003d000 08:05 9834371                    /lib/x86_64-linux-gnu/libpcre.so.3.13.1
7f2dbb265000-7f2dbb266000 rw-p 0003e000 08:05 9834371                    /lib/x86_64-linux-gnu/libpcre.so.3.13.1
7f2dbb266000-7f2dbb26d000 r-xp 00000000 08:05 12196946                   /usr/lib/x86_64-linux-gnu/libffi.so.6.0.1
7f2dbb26d000-7f2dbb46c000 ---p 00007000 08:05 12196946                   /usr/lib/x86_64-linux-gnu/libffi.so.6.0.1
7f2dbb46c000-7f2dbb46d000 r--p 00006000 08:05 12196946                   /usr/lib/x86_64-linux-gnu/libffi.so.6.0.1
7f2dbb46d000-7f2dbb46e000 rw-p 00007000 08:05 12196946                   /usr/lib/x86_64-linux-gnu/libffi.so.6.0.1
7f2dbb46e000-7f2dbb484000 r-xp 00000000 08:05 9834394                    /lib/x86_64-linux-gnu/libresolv-2.17.so
7f2dbb484000-7f2dbb684000 ---p 00016000 08:05 9834394                    /lib/x86_64-linux-gnu/libresolv-2.17.so
7f2dbb684000-7f2dbb685000 r--p 00016000 08:05 9834394                    /lib/x86_64-linux-gnu/libresolv-2.17.so
7f2dbb685000-7f2dbb686000 rw-p 00017000 08:05 9834394                    /lib/x86_64-linux-gnu/libresolv-2.17.so
7f2dbb686000-7f2dbb688000 rw-p 00000000 00:00 0 
7f2dbb688000-7f2dbb6a7000 r-xp 00000000 08:05 9834398                    /lib/x86_64-linux-gnu/libselinux.so.1
7f2dbb6a7000-7f2dbb8a7000 ---p 0001f000 08:05 9834398                    /lib/x86_64-linux-gnu/libselinux.so.1
7f2dbb8a7000-7f2dbb8a8000 r--p 0001f000 08:05 9834398                    /lib/x86_64-linux-gnu/libselinux.so.1
7f2dbb8a8000-7f2dbb8a9000 rw-p 00020000 08:05 9834398                    /lib/x86_64-linux-gnu/libselinux.so.1
7f2dbb8a9000-7f2dbb8aa000 rw-p 00000000 00:00 0 
7f2dbb8aa000-7f2dbb8ad000 r-xp 00000000 08:05 12190134                   /usr/lib/x86_64-linux-gnu/libgmodule-2.0.so.0.3800.1
7f2dbb8ad000-7f2dbbaac000 ---p 00003000 08:05 12190134                   /usr/lib/x86_64-linux-gnu/libgmodule-2.0.so.0.3800.1
7f2dbbaac000-7f2dbbaad000 r--p 00002000 08:05 12190134                   /usr/lib/x86_64-linux-gnu/libgmodule-2.0.so.0.3800.1
7f2dbbaad000-7f2dbbaae000 rw-p 00003000 08:05 12190134                   /usr/lib/x86_64-linux-gnu/libgmodule-2.0.so.0.3800.1
7f2dbbaae000-7f2dbbbac000 r-xp 00000000 08:05 9834386                    /lib/x86_64-linux-gnu/libglib-2.0.so.0.3800.1
7f2dbbbac000-7f2dbbdac000 ---p 000fe000 08:05 9834386                    /lib/x86_64-linux-gnu/libglib-2.0.so.0.3800.1
7f2dbbdac000-7f2dbbdad000 r--p 000fe000 08:05 9834386                    /lib/x86_64-linux-gnu/libglib-2.0.so.0.3800.1
7f2dbbdad000-7f2dbbdae000 rw-p 000ff000 08:05 9834386                    /lib/x86_64-linux-gnu/libglib-2.0.so.0.3800.1
7f2dbbdae000-7f2dbbdaf000 rw-p 00000000 00:00 0 
7f2dbbdaf000-7f2dbbdfe000 r-xp 00000000 08:05 12190125                   /usr/lib/x86_64-linux-gnu/libgobject-2.0.so.0.3800.1
7f2dbbdfe000-7f2dbbffe000 ---p 0004f000 08:05 12190125                   /usr/lib/x86_64-linux-gnu/libgobject-2.0.so.0.3800.1
7f2dbbffe000-7f2dbbfff000 r--p 0004f000 08:05 12190125                   /usr/lib/x86_64-linux-gnu/libgobject-2.0.so.0.3800.1
7f2dbbfff000-7f2dbc000000 rw-p 00050000 08:05 12190125                   /usr/lib/x86_64-linux-gnu/libgobject-2.0.so.0.3800.1
7f2dbc000000-7f2dbc021000 rw-p 00000000 00:00 0 
7f2dbc021000-7f2dc0000000 ---p 00000000 00:00 0 
7f2dc0098000-7f2dc009b000 ---p 00000000 00:00 0 
7f2dc009b000-7f2dc00d1000 rw-p 00000000 00:00 0                          [stack:7793]
7f2dc00d1000-7f2dc022d000 r-xp 00000000 08:05 12190099                   /usr/lib/x86_64-linux-gnu/libgio-2.0.so.0.3800.1
7f2dc022d000-7f2dc042c000 ---p 0015c000 08:05 12190099                   /usr/lib/x86_64-linux-gnu/libgio-2.0.so.0.3800.1
7f2dc042c000-7f2dc0430000 r--p 0015b000 08:05 12190099                   /usr/lib/x86_64-linux-gnu/libgio-2.0.so.0.3800.1
7f2dc0430000-7f2dc0432000 rw-p 0015f000 08:05 12190099                   /usr/lib/x86_64-linux-gnu/libgio-2.0.so.0.3800.1
7f2dc0432000-7f2dc0434000 rw-p 00000000 00:00 0 
7f2dc044b000-7f2dc0461000 r-xp 00000000 08:05 12322132                   /usr/lib/jvm/java-7-openjdk-amd64/jre/lib/amd64/libnet.so
7f2dc0461000-7f2dc0660000 ---p 00016000 08:05 12322132                   /usr/lib/jvm/java-7-openjdk-amd64/jre/lib/amd64/libnet.so
7f2dc0660000-7f2dc0661000 r--p 00015000 08:05 12322132                   /usr/lib/jvm/java-7-openjdk-amd64/jre/lib/amd64/libnet.so
7f2dc0661000-7f2dc0662000 rw-p 00016000 08:05 12322132                   /usr/lib/jvm/java-7-openjdk-amd64/jre/lib/amd64/libnet.so
7f2dc0662000-7f2dc0663000 ---p 00000000 00:00 0 
7f2dc0663000-7f2dc0763000 rw-p 00000000 00:00 0                          [stack:7789]
7f2dc0763000-7f2dc0766000 ---p 00000000 00:00 0 
7f2dc0766000-7f2dc0964000 rw-p 00000000 00:00 0                          [stack:7788]
7f2dc0964000-7f2dc0967000 ---p 00000000 00:00 0 
7f2dc0967000-7f2dc0a65000 rw-p 00000000 00:00 0                          [stack:7787]
7f2dc0a65000-7f2dc0a68000 ---p 00000000 00:00 0 
7f2dc0a68000-7f2dc0b66000 rw-p 00000000 00:00 0                          [stack:7786]
7f2dc0b66000-7f2dc0b69000 ---p 00000000 00:00 0 
7f2dc0b69000-7f2dc0d67000 rw-p 00000000 00:00 0                          [stack:7785]
7f2dc0d67000-7f2dc1161000 r--p 00000000 08:05 12195384                   /usr/lib/locale/locale-archive
7f2dc1161000-7f2dc1164000 ---p 00000000 00:00 0 
7f2dc1164000-7f2dc1362000 rw-p 00000000 00:00 0                          [stack:7784]
7f2dc1362000-7f2dc1365000 ---p 00000000 00:00 0 
7f2dc1365000-7f2dc1563000 rw-p 00000000 00:00 0                          [stack:7783]
7f2dc1563000-7f2dc1564000 ---p 00000000 00:00 0 
7f2dc1564000-7f2dc2618000 rw-p 00000000 00:00 0                          [stack:7782]
7f2dc2618000-7f2dc2701000 r--s 00bb9000 08:05 16253440                   /home/luis/.rbenv/versions/jruby-1.7.10/lib/jruby.jar
7f2dc2701000-7f2dc2749000 rw-p 00000000 00:00 0 
7f2dc2749000-7f2dc28f7000 r--s 01cf4000 08:05 12322430                   /usr/lib/jvm/java-7-openjdk-amd64/jre/lib/rt.jar
7f2dc28f7000-7f2dc3f8a000 rw-p 00000000 00:00 0 
7f2dc3f8a000-7f2dc3f8b000 ---p 00000000 00:00 0 
7f2dc3f8b000-7f2dc408b000 rw-p 00000000 00:00 0                          [stack:7781]
7f2dc408b000-7f2dc408c000 ---p 00000000 00:00 0 
7f2dc408c000-7f2dc418c000 rw-p 00000000 00:00 0                          [stack:7780]
7f2dc418c000-7f2dc418d000 ---p 00000000 00:00 0 
7f2dc418d000-7f2dc428d000 rw-p 00000000 00:00 0                          [stack:7779]
7f2dc428d000-7f2dc428e000 ---p 00000000 00:00 0 
7f2dc428e000-7f2dc438e000 rw-p 00000000 00:00 0                          [stack:7778]
7f2dc438e000-7f2dc45fe000 rwxp 00000000 00:00 0 
7f2dc45fe000-7f2dc738e000 rw-p 00000000 00:00 0 
7f2dc738e000-7f2dc7396000 r-xp 00000000 08:05 12322081                   /usr/lib/jvm/java-7-openjdk-amd64/jre/lib/amd64/libzip.so
7f2dc7396000-7f2dc7595000 ---p 00008000 08:05 12322081                   /usr/lib/jvm/java-7-openjdk-amd64/jre/lib/amd64/libzip.so
7f2dc7595000-7f2dc7596000 r--p 00007000 08:05 12322081                   /usr/lib/jvm/java-7-openjdk-amd64/jre/lib/amd64/libzip.so
7f2dc7596000-7f2dc7597000 rw-p 00008000 08:05 12322081                   /usr/lib/jvm/java-7-openjdk-amd64/jre/lib/amd64/libzip.so
7f2dc7597000-7f2dc75a3000 r-xp 00000000 08:05 9834349                    /lib/x86_64-linux-gnu/libnss_files-2.17.so
7f2dc75a3000-7f2dc77a2000 ---p 0000c000 08:05 9834349                    /lib/x86_64-linux-gnu/libnss_files-2.17.so
7f2dc77a2000-7f2dc77a3000 r--p 0000b000 08:05 9834349                    /lib/x86_64-linux-gnu/libnss_files-2.17.so
7f2dc77a3000-7f2dc77a4000 rw-p 0000c000 08:05 9834349                    /lib/x86_64-linux-gnu/libnss_files-2.17.so
7f2dc77a4000-7f2dc77af000 r-xp 00000000 08:05 9834353                    /lib/x86_64-linux-gnu/libnss_nis-2.17.so
7f2dc77af000-7f2dc79ae000 ---p 0000b000 08:05 9834353                    /lib/x86_64-linux-gnu/libnss_nis-2.17.so
7f2dc79ae000-7f2dc79af000 r--p 0000a000 08:05 9834353                    /lib/x86_64-linux-gnu/libnss_nis-2.17.so
7f2dc79af000-7f2dc79b0000 rw-p 0000b000 08:05 9834353                    /lib/x86_64-linux-gnu/libnss_nis-2.17.so
7f2dc79b0000-7f2dc79c7000 r-xp 00000000 08:05 9834343                    /lib/x86_64-linux-gnu/libnsl-2.17.so
7f2dc79c7000-7f2dc7bc6000 ---p 00017000 08:05 9834343                    /lib/x86_64-linux-gnu/libnsl-2.17.so
7f2dc7bc6000-7f2dc7bc7000 r--p 00016000 08:05 9834343                    /lib/x86_64-linux-gnu/libnsl-2.17.so
7f2dc7bc7000-7f2dc7bc8000 rw-p 00017000 08:05 9834343                    /lib/x86_64-linux-gnu/libnsl-2.17.so
7f2dc7bc8000-7f2dc7bca000 rw-p 00000000 00:00 0 
7f2dc7bca000-7f2dc7bd2000 r-xp 00000000 08:05 9834345                    /lib/x86_64-linux-gnu/libnss_compat-2.17.so
7f2dc7bd2000-7f2dc7dd1000 ---p 00008000 08:05 9834345                    /lib/x86_64-linux-gnu/libnss_compat-2.17.so
7f2dc7dd1000-7f2dc7dd2000 r--p 00007000 08:05 9834345                    /lib/x86_64-linux-gnu/libnss_compat-2.17.so
7f2dc7dd2000-7f2dc7dd3000 rw-p 00008000 08:05 9834345                    /lib/x86_64-linux-gnu/libnss_compat-2.17.so
7f2dc7dd3000-7f2dc7dfe000 r-xp 00000000 08:05 12322007                   /usr/lib/jvm/java-7-openjdk-amd64/jre/lib/amd64/libjava.so
7f2dc7dfe000-7f2dc7ffd000 ---p 0002b000 08:05 12322007                   /usr/lib/jvm/java-7-openjdk-amd64/jre/lib/amd64/libjava.so
7f2dc7ffd000-7f2dc7ffe000 r--p 0002a000 08:05 12322007                   /usr/lib/jvm/java-7-openjdk-amd64/jre/lib/amd64/libjava.so
7f2dc7ffe000-7f2dc8000000 rw-p 0002b000 08:05 12322007                   /usr/lib/jvm/java-7-openjdk-amd64/jre/lib/amd64/libjava.so
7f2dc8000000-7f2dc844a000 rw-p 00000000 00:00 0 
7f2dc844a000-7f2dcc000000 ---p 00000000 00:00 0 
7f2dcc007000-7f2dcc0c0000 rw-p 00000000 00:00 0 
7f2dcc0c0000-7f2dcc106000 rw-p 00000000 00:00 0 
7f2dcc106000-7f2dcc11a000 rw-p 00000000 00:00 0 
7f2dcc11a000-7f2dcc1ac000 rw-p 00000000 00:00 0 
7f2dcc1ac000-7f2dcc1be000 rw-p 00000000 00:00 0 
7f2dcc1be000-7f2dcc200000 rw-p 00000000 00:00 0 
7f2dcc200000-7f2dcc201000 rw-p 00000000 00:00 0 
7f2dcc201000-7f2dcc211000 r-xp 00000000 08:05 12322321                   /usr/lib/jvm/java-7-openjdk-amd64/jre/lib/amd64/libverify.so
7f2dcc211000-7f2dcc410000 ---p 00010000 08:05 12322321                   /usr/lib/jvm/java-7-openjdk-amd64/jre/lib/amd64/libverify.so
7f2dcc410000-7f2dcc412000 r--p 0000f000 08:05 12322321                   /usr/lib/jvm/java-7-openjdk-amd64/jre/lib/amd64/libverify.so
7f2dcc412000-7f2dcc413000 rw-p 00011000 08:05 12322321                   /usr/lib/jvm/java-7-openjdk-amd64/jre/lib/amd64/libverify.so
7f2dcc413000-7f2dcc41a000 r-xp 00000000 08:05 9834396                    /lib/x86_64-linux-gnu/librt-2.17.so
7f2dcc41a000-7f2dcc619000 ---p 00007000 08:05 9834396                    /lib/x86_64-linux-gnu/librt-2.17.so
7f2dcc619000-7f2dcc61a000 r--p 00006000 08:05 9834396                    /lib/x86_64-linux-gnu/librt-2.17.so
7f2dcc61a000-7f2dcc61b000 rw-p 00007000 08:05 9834396                    /lib/x86_64-linux-gnu/librt-2.17.so
7f2dcc61b000-7f2dcc61e000 ---p 00000000 00:00 0 
7f2dcc61e000-7f2dcc81c000 rw-p 00000000 00:00 0                          [stack:7777]
7f2dcc81c000-7f2dcc831000 r-xp 00000000 08:05 9830413                    /lib/x86_64-linux-gnu/libgcc_s.so.1
7f2dcc831000-7f2dcca30000 ---p 00015000 08:05 9830413                    /lib/x86_64-linux-gnu/libgcc_s.so.1
7f2dcca30000-7f2dcca31000 r--p 00014000 08:05 9830413                    /lib/x86_64-linux-gnu/libgcc_s.so.1
7f2dcca31000-7f2dcca32000 rw-p 00015000 08:05 9830413                    /lib/x86_64-linux-gnu/libgcc_s.so.1
7f2dcca32000-7f2dccb35000 r-xp 00000000 08:05 9834324                    /lib/x86_64-linux-gnu/libm-2.17.so
7f2dccb35000-7f2dccd34000 ---p 00103000 08:05 9834324                    /lib/x86_64-linux-gnu/libm-2.17.so
7f2dccd34000-7f2dccd35000 r--p 00102000 08:05 9834324                    /lib/x86_64-linux-gnu/libm-2.17.so
7f2dccd35000-7f2dccd36000 rw-p 00103000 08:05 9834324                    /lib/x86_64-linux-gnu/libm-2.17.so
7f2dccd36000-7f2dcce1c000 r-xp 00000000 08:05 12190887                   /usr/lib/x86_64-linux-gnu/libstdc++.so.6.0.18
7f2dcce1c000-7f2dcd01b000 ---p 000e6000 08:05 12190887                   /usr/lib/x86_64-linux-gnu/libstdc++.so.6.0.18
7f2dcd01b000-7f2dcd023000 r--p 000e5000 08:05 12190887                   /usr/lib/x86_64-linux-gnu/libstdc++.so.6.0.18
7f2dcd023000-7f2dcd025000 rw-p 000ed000 08:05 12190887                   /usr/lib/x86_64-linux-gnu/libstdc++.so.6.0.18
7f2dcd025000-7f2dcd03a000 rw-p 00000000 00:00 0 
7f2dcd03a000-7f2dcdb19000 r-xp 00000000 08:05 12322340                   /usr/lib/jvm/java-7-openjdk-amd64/jre/lib/amd64/server/libjvm.so
7f2dcdb19000-7f2dcdd18000 ---p 00adf000 08:05 12322340                   /usr/lib/jvm/java-7-openjdk-amd64/jre/lib/amd64/server/libjvm.so
7f2dcdd18000-7f2dcddaa000 r--p 00ade000 08:05 12322340                   /usr/lib/jvm/java-7-openjdk-amd64/jre/lib/amd64/server/libjvm.so
7f2dcddaa000-7f2dcddcd000 rw-p 00b70000 08:05 12322340                   /usr/lib/jvm/java-7-openjdk-amd64/jre/lib/amd64/server/libjvm.so
7f2dcddcd000-7f2dcddfa000 rw-p 00000000 00:00 0 
7f2dcddfa000-7f2dcde12000 r-xp 00000000 08:05 9834431                    /lib/x86_64-linux-gnu/libz.so.1.2.8
7f2dcde12000-7f2dce011000 ---p 00018000 08:05 9834431                    /lib/x86_64-linux-gnu/libz.so.1.2.8
7f2dce011000-7f2dce012000 r--p 00017000 08:05 9834431                    /lib/x86_64-linux-gnu/libz.so.1.2.8
7f2dce012000-7f2dce013000 rw-p 00018000 08:05 9834431                    /lib/x86_64-linux-gnu/libz.so.1.2.8
7f2dce013000-7f2dce02a000 r-xp 00000000 08:05 9834388                    /lib/x86_64-linux-gnu/libpthread-2.17.so
7f2dce02a000-7f2dce22a000 ---p 00017000 08:05 9834388                    /lib/x86_64-linux-gnu/libpthread-2.17.so
7f2dce22a000-7f2dce22b000 r--p 00017000 08:05 9834388                    /lib/x86_64-linux-gnu/libpthread-2.17.so
7f2dce22b000-7f2dce22c000 rw-p 00018000 08:05 9834388                    /lib/x86_64-linux-gnu/libpthread-2.17.so
7f2dce22c000-7f2dce230000 rw-p 00000000 00:00 0 
7f2dce230000-7f2dce233000 r-xp 00000000 08:05 9834288                    /lib/x86_64-linux-gnu/libdl-2.17.so
7f2dce233000-7f2dce432000 ---p 00003000 08:05 9834288                    /lib/x86_64-linux-gnu/libdl-2.17.so
7f2dce432000-7f2dce433000 r--p 00002000 08:05 9834288                    /lib/x86_64-linux-gnu/libdl-2.17.so
7f2dce433000-7f2dce434000 rw-p 00003000 08:05 9834288                    /lib/x86_64-linux-gnu/libdl-2.17.so
7f2dce434000-7f2dce5f1000 r-xp 00000000 08:05 9834273                    /lib/x86_64-linux-gnu/libc-2.17.so
7f2dce5f1000-7f2dce7f1000 ---p 001bd000 08:05 9834273                    /lib/x86_64-linux-gnu/libc-2.17.so
7f2dce7f1000-7f2dce7f5000 r--p 001bd000 08:05 9834273                    /lib/x86_64-linux-gnu/libc-2.17.so
7f2dce7f5000-7f2dce7f7000 rw-p 001c1000 08:05 9834273                    /lib/x86_64-linux-gnu/libc-2.17.so
7f2dce7f7000-7f2dce7fc000 rw-p 00000000 00:00 0 
7f2dce7fc000-7f2dce809000 r-xp 00000000 08:05 12322347                   /usr/lib/jvm/java-7-openjdk-amd64/jre/lib/amd64/jli/libjli.so
7f2dce809000-7f2dcea08000 ---p 0000d000 08:05 12322347                   /usr/lib/jvm/java-7-openjdk-amd64/jre/lib/amd64/jli/libjli.so
7f2dcea08000-7f2dcea09000 r--p 0000c000 08:05 12322347                   /usr/lib/jvm/java-7-openjdk-amd64/jre/lib/amd64/jli/libjli.so
7f2dcea09000-7f2dcea0a000 rw-p 0000d000 08:05 12322347                   /usr/lib/jvm/java-7-openjdk-amd64/jre/lib/amd64/jli/libjli.so
7f2dcea0a000-7f2dcea2d000 r-xp 00000000 08:05 9834249                    /lib/x86_64-linux-gnu/ld-2.17.so
7f2dcea32000-7f2dcea33000 rw-p 00000000 00:00 0 
7f2dcea33000-7f2dcea34000 r-xp 00000000 00:00 0 
7f2dcea34000-7f2dcea3b000 r--s 00000000 08:05 12588976                   /usr/lib/x86_64-linux-gnu/gconv/gconv-modules.cache
7f2dcea3b000-7f2dcea40000 r--s 0004c000 08:05 12322352                   /usr/lib/jvm/java-7-openjdk-amd64/jre/lib/jsse.jar
7f2dcea40000-7f2dcea43000 r--s 00032000 08:05 12322366                   /usr/lib/jvm/java-7-openjdk-amd64/jre/lib/ext/sunjce_provider.jar
7f2dcea43000-7f2dcea46000 r--s 0000f000 08:05 12322362                   /usr/lib/jvm/java-7-openjdk-amd64/jre/lib/ext/pulse-java.jar
7f2dcea46000-7f2dcea61000 rw-p 00000000 00:00 0 
7f2dcea61000-7f2dceaa7000 rw-p 00000000 00:00 0 
7f2dceaa7000-7f2dceabb000 rw-p 00000000 00:00 0 
7f2dceabb000-7f2dceb4e000 rw-p 00000000 00:00 0 
7f2dceb4e000-7f2dceb58000 rw-p 00000000 00:00 0 
7f2dceb58000-7f2dcec0e000 rw-p 00000000 00:00 0 
7f2dcec0e000-7f2dcec13000 rw-p 00000000 00:00 0 
7f2dcec13000-7f2dcec15000 r--s 00006000 08:05 12717881                   /usr/share/java/java-atk-wrapper.jar
7f2dcec15000-7f2dcec19000 r--s 00085000 08:05 12322360                   /usr/lib/jvm/java-7-openjdk-amd64/jre/lib/ext/localedata.jar
7f2dcec19000-7f2dcec1d000 r--s 0003b000 08:05 12322372                   /usr/lib/jvm/java-7-openjdk-amd64/jre/lib/ext/sunpkcs11.jar
7f2dcec1d000-7f2dcec1e000 r--s 00002000 08:05 12322370                   /usr/lib/jvm/java-7-openjdk-amd64/jre/lib/ext/dnsns.jar
7f2dcec1e000-7f2dcec20000 r--s 00012000 08:05 12322364                   /usr/lib/jvm/java-7-openjdk-amd64/jre/lib/ext/zipfs.jar
7f2dcec20000-7f2dcec28000 rw-s 00000000 08:05 7340084                    /tmp/hsperfdata_luis/7752
7f2dcec28000-7f2dcec29000 rw-p 00000000 00:00 0 
7f2dcec29000-7f2dcec2a000 r--p 00000000 00:00 0 
7f2dcec2a000-7f2dcec2c000 rw-p 00000000 00:00 0 
7f2dcec2c000-7f2dcec2d000 r--p 00022000 08:05 9834249                    /lib/x86_64-linux-gnu/ld-2.17.so
7f2dcec2d000-7f2dcec2f000 rw-p 00023000 08:05 9834249                    /lib/x86_64-linux-gnu/ld-2.17.so
7fffba325000-7fffba346000 rw-p 00000000 00:00 0                          [stack]
7fffba3fe000-7fffba400000 r-xp 00000000 00:00 0                          [vdso]
ffffffffff600000-ffffffffff601000 r-xp 00000000 00:00 0                  [vsyscall]

VM Arguments:
jvm_args: -Djdk.home= -Djruby.home=/home/luis/.rbenv/versions/jruby-1.7.10 -Djruby.script=jruby -Djruby.shell=/bin/sh -Djffi.boot.library.path=/home/luis/.rbenv/versions/jruby-1.7.10/lib/jni:/home/luis/.rbenv/versions/jruby-1.7.10/lib/jni/arm-Linux:/home/luis/.rbenv/versions/jruby-1.7.10/lib/jni/x86_64-Linux:/home/luis/.rbenv/versions/jruby-1.7.10/lib/jni/i386-Linux -Xmx500m -Xss2048k -Xbootclasspath/a:/home/luis/.rbenv/versions/jruby-1.7.10/lib/jruby.jar 
java_command: org/jruby/Main Makefile.rb clean compile test
Launcher Type: SUN_STANDARD

Environment Variables:
PATH=/home/luis/.rbenv/versions/jruby-1.7.10/bin:/home/luis/.rbenv/libexec:/home/luis/.rbenv/plugins/ruby-build/bin:/home/luis/.rbenv/shims:~/.rbenv/bin:~/.rbenv/bin:/usr/local/sbin:/usr/local/bin:/usr/sbin:/usr/bin:/sbin:/bin:/usr/games:/usr/local/games
USERNAME=luis
SHELL=/bin/bash
DISPLAY=:0

Signal Handlers:
SIGSEGV: [libjvm.so+0x916ea0], sa_mask[0]=0x7ffbfeff, sa_flags=0x10000004
SIGBUS: [libjvm.so+0x916ea0], sa_mask[0]=0x7ffbfeff, sa_flags=0x10000004
SIGFPE: [libjvm.so+0x794800], sa_mask[0]=0x7ffbfeff, sa_flags=0x10000004
SIGPIPE: [libjvm.so+0x794800], sa_mask[0]=0x7ffbfeff, sa_flags=0x10000004
SIGXFSZ: [libjvm.so+0x794800], sa_mask[0]=0x7ffbfeff, sa_flags=0x10000004
SIGILL: [libjvm.so+0x794800], sa_mask[0]=0x7ffbfeff, sa_flags=0x10000004
SIGUSR1: SIG_DFL, sa_mask[0]=0x00000000, sa_flags=0x00000000
SIGUSR2: [libjvm.so+0x7946a0], sa_mask[0]=0x00000000, sa_flags=0x10000004
SIGHUP: [libjvm.so+0x794880], sa_mask[0]=0x7ffbfeff, sa_flags=0x10000004
SIGINT: [libjvm.so+0x794880], sa_mask[0]=0x7ffbfeff, sa_flags=0x10000004
SIGTERM: [libjvm.so+0x794880], sa_mask[0]=0x7ffbfeff, sa_flags=0x10000004
SIGQUIT: [libjvm.so+0x794880], sa_mask[0]=0x7ffbfeff, sa_flags=0x10000004


---------------  S Y S T E M  ---------------

OS:LinuxMint 16 (petra)
uname:Linux 3.11.0-12-generic #19-Ubuntu SMP Wed Oct 9 16:20:46 UTC 2013 x86_64
libc:glibc 2.17 NPTL 2.17 
rlimit: STACK 8192k, CORE 0k, NPROC 29806, NOFILE 4096, AS infinity
load average:0,88 0,64 0,64

/proc/meminfo:
MemTotal:        3844532 kB
MemFree:         1908820 kB
Buffers:           88020 kB
Cached:          1038972 kB
SwapCached:            0 kB
Active:           904444 kB
Inactive:         897600 kB
Active(anon):     676012 kB
Inactive(anon):   151320 kB
Active(file):     228432 kB
Inactive(file):   746280 kB
Unevictable:           0 kB
Mlocked:               0 kB
SwapTotal:       3987452 kB
SwapFree:        3987452 kB
Dirty:              2724 kB
Writeback:             0 kB
AnonPages:        675108 kB
Mapped:           149048 kB
Shmem:            152284 kB
Slab:              70136 kB
SReclaimable:      47504 kB
SUnreclaim:        22632 kB
KernelStack:        3184 kB
PageTables:        18692 kB
NFS_Unstable:          0 kB
Bounce:                0 kB
WritebackTmp:          0 kB
CommitLimit:     5909716 kB
Committed_AS:    2540880 kB
VmallocTotal:   34359738367 kB
VmallocUsed:      348004 kB
VmallocChunk:   34359386120 kB
HardwareCorrupted:     0 kB
AnonHugePages:         0 kB
HugePages_Total:       0
HugePages_Free:        0
HugePages_Rsvd:        0
HugePages_Surp:        0
Hugepagesize:       2048 kB
DirectMap4k:       64756 kB
DirectMap2M:     3923968 kB


CPU:total 4 (2 cores per cpu, 2 threads per core) family 6 model 37 stepping 5, cmov, cx8, fxsr, mmx, sse, sse2, sse3, ssse3, sse4.1, sse4.2, popcnt, ht, tsc, tscinvbit

/proc/cpuinfo:
processor	: 0
vendor_id	: GenuineIntel
cpu family	: 6
model		: 37
model name	: Intel(R) Core(TM) i5 CPU       M 460  @ 2.53GHz
stepping	: 5
microcode	: 0x2
cpu MHz		: 1733.000
cache size	: 3072 KB
physical id	: 0
siblings	: 4
core id		: 0
cpu cores	: 2
apicid		: 0
initial apicid	: 0
fpu		: yes
fpu_exception	: yes
cpuid level	: 11
wp		: yes
flags		: fpu vme de pse tsc msr pae mce cx8 apic sep mtrr pge mca cmov pat pse36 clflush dts acpi mmx fxsr sse sse2 ss ht tm pbe syscall nx rdtscp lm constant_tsc arch_perfmon pebs bts rep_good nopl xtopology nonstop_tsc aperfmperf pni dtes64 monitor ds_cpl vmx est tm2 ssse3 cx16 xtpr pdcm pcid sse4_1 sse4_2 popcnt lahf_lm ida arat dtherm tpr_shadow vnmi flexpriority ept vpid
bogomips	: 5067.10
clflush size	: 64
cache_alignment	: 64
address sizes	: 36 bits physical, 48 bits virtual
power management:

processor	: 1
vendor_id	: GenuineIntel
cpu family	: 6
model		: 37
model name	: Intel(R) Core(TM) i5 CPU       M 460  @ 2.53GHz
stepping	: 5
microcode	: 0x2
cpu MHz		: 2534.000
cache size	: 3072 KB
physical id	: 0
siblings	: 4
core id		: 0
cpu cores	: 2
apicid		: 1
initial apicid	: 1
fpu		: yes
fpu_exception	: yes
cpuid level	: 11
wp		: yes
flags		: fpu vme de pse tsc msr pae mce cx8 apic sep mtrr pge mca cmov pat pse36 clflush dts acpi mmx fxsr sse sse2 ss ht tm pbe syscall nx rdtscp lm constant_tsc arch_perfmon pebs bts rep_good nopl xtopology nonstop_tsc aperfmperf pni dtes64 monitor ds_cpl vmx est tm2 ssse3 cx16 xtpr pdcm pcid sse4_1 sse4_2 popcnt lahf_lm ida arat dtherm tpr_shadow vnmi flexpriority ept vpid
bogomips	: 5067.10
clflush size	: 64
cache_alignment	: 64
address sizes	: 36 bits physical, 48 bits virtual
power management:

processor	: 2
vendor_id	: GenuineIntel
cpu family	: 6
model		: 37
model name	: Intel(R) Core(TM) i5 CPU       M 460  @ 2.53GHz
stepping	: 5
microcode	: 0x2
cpu MHz		: 2534.000
cache size	: 3072 KB
physical id	: 0
siblings	: 4
core id		: 2
cpu cores	: 2
apicid		: 4
initial apicid	: 4
fpu		: yes
fpu_exception	: yes
cpuid level	: 11
wp		: yes
flags		: fpu vme de pse tsc msr pae mce cx8 apic sep mtrr pge mca cmov pat pse36 clflush dts acpi mmx fxsr sse sse2 ss ht tm pbe syscall nx rdtscp lm constant_tsc arch_perfmon pebs bts rep_good nopl xtopology nonstop_tsc aperfmperf pni dtes64 monitor ds_cpl vmx est tm2 ssse3 cx16 xtpr pdcm pcid sse4_1 sse4_2 popcnt lahf_lm ida arat dtherm tpr_shadow vnmi flexpriority ept vpid
bogomips	: 5067.10
clflush size	: 64
cache_alignment	: 64
address sizes	: 36 bits physical, 48 bits virtual
power management:

processor	: 3
vendor_id	: GenuineIntel
cpu family	: 6
model		: 37
model name	: Intel(R) Core(TM) i5 CPU       M 460  @ 2.53GHz
stepping	: 5
microcode	: 0x2
cpu MHz		: 2534.000
cache size	: 3072 KB
physical id	: 0
siblings	: 4
core id		: 2
cpu cores	: 2
apicid		: 5
initial apicid	: 5
fpu		: yes
fpu_exception	: yes
cpuid level	: 11
wp		: yes
flags		: fpu vme de pse tsc msr pae mce cx8 apic sep mtrr pge mca cmov pat pse36 clflush dts acpi mmx fxsr sse sse2 ss ht tm pbe syscall nx rdtscp lm constant_tsc arch_perfmon pebs bts rep_good nopl xtopology nonstop_tsc aperfmperf pni dtes64 monitor ds_cpl vmx est tm2 ssse3 cx16 xtpr pdcm pcid sse4_1 sse4_2 popcnt lahf_lm ida arat dtherm tpr_shadow vnmi flexpriority ept vpid
bogomips	: 5067.10
clflush size	: 64
cache_alignment	: 64
address sizes	: 36 bits physical, 48 bits virtual
power management:



Memory: 4k page, physical 3844532k(1908820k free), swap 3987452k(3987452k free)

vm_info: OpenJDK 64-Bit Server VM (24.45-b08) for linux-amd64 JRE (1.7.0_51-b00), built on Jan 15 2014 22:02:57 by "buildd" with gcc 4.8.1

time: Sun Apr  6 23:37:43 2014
elapsed time: 3 seconds

